<?xml version="1.0" encoding="UTF-8"?>
<testsuites name="PnG Merchandising With Channel Wise Data Verification" time="93" tests="3" failures="0" errors="0">
   <testsuite name="PnG Merchandising With Channel Wise Data Verification" tests="3" failures="0" errors="0" time="93" timestamp="2019-05-10 15:00:37" hostname="Fahad Shah - DESKTOP-L12UUAD" id="Test Suites/PnG Merchandising With Channel Wise Data Verification">
      <properties>
         <property name="deviceName" value="samsung SM-J110H (Android 4.4.4)"/>
         <property name="devicePlatform" value=""/>
         <property name="logFolder" value="F:\\Git Projects\\PnG_Merchandising\\PnG_Merchandising\\Reports\\PnG Merchandising With Channel Wise Data Verification\\20190510_150033"/>
         <property name="logFiles" value="F:\\Git Projects\\PnG_Merchandising\\PnG_Merchandising\\Reports\\PnG Merchandising With Channel Wise Data Verification\\20190510_150033\\appium.log, F:\\Git Projects\\PnG_Merchandising\\PnG_Merchandising\\Reports\\PnG Merchandising With Channel Wise Data Verification\\20190510_150033\\execution0.log"/>
         <property name="attachments" value=""/>
         <property name="hostName" value="Fahad Shah - DESKTOP-L12UUAD"/>
         <property name="os" value="Windows 10 64bit"/>
         <property name="katalonVersion" value="5.10.0.1"/>
         <property name="deviceOS" value="Android"/>
         <property name="appiumVersion" value="1.8.1"/>
         <property name="deviceModel" value="SM-J110H"/>
         <property name="hostAddress" value="192.168.3.217"/>
         <property name="deviceManufacturer" value="samsung"/>
         <property name="deviceId" value="11015a1136d0b24a"/>
         <property name="deviceName" value="samsung SM-J110H (Android 4.4.4)"/>
         <property name="deviceOSVersion" value="4.4.4"/>
      </properties>
      <testcase name="Test Cases/LaunchingApp/LaunchApp" classname="Test Cases/LaunchingApp/LaunchApp" status="PASSED">
         <system-out><![CDATA[2019-05-10 15:00:37 - [TEST_CASE][PASSED] - Test Cases/LaunchingApp/LaunchApp: Test Cases/LaunchingApp/LaunchApp

2019-05-10 15:00:38 - [TEST_STEP][PASSED] - startApplication("F:\QA_Automation\Builds\png_070818_live_v152.apk", false): Started app at: 'F:\QA_Automation\Builds\png_070818_live_v152.apk'

2019-05-10 15:00:39 - [MESSAGE][INFO] - User set preference: ['deviceId', '']

2019-05-10 15:00:44 - [MESSAGE][INFO] - Appium server started on port 52,595

2019-05-10 15:01:00 - [MESSAGE][PASSED] - Started app at: 'F:\QA_Automation\Builds\png_070818_live_v152.apk'

2019-05-10 15:01:00 - [TEST_STEP][PASSED] - delay(5): Delayed 5 second(s)

2019-05-10 15:01:05 - [MESSAGE][PASSED] - Delayed 5 second(s)]]></system-out>
         <system-err><![CDATA[]]></system-err>
      </testcase>
      <testcase name="Test Cases/Attendence/VisitAttendance" classname="Test Cases/Attendence/VisitAttendance" status="PASSED">
         <system-out><![CDATA[2019-05-10 15:01:05 - [TEST_CASE][PASSED] - Test Cases/Attendence/VisitAttendance: Test Cases/Attendence/VisitAttendance

2019-05-10 15:01:05 - [TEST_STEP][PASSED] - verifyElementText(findTestObject("DashboardScreenElements/Validate_DashboardScreen", ["package":PACKAGENAME]), "Dashboard"): Actual text and expected text of test object 'Object Repository/DashboardScreenElements/Validate_DashboardScreen' are matched.

2019-05-10 15:01:11 - [MESSAGE][PASSED] - Actual text and expected text of test object 'Object Repository/DashboardScreenElements/Validate_DashboardScreen' are matched.

2019-05-10 15:01:11 - [TEST_STEP][PASSED] - com.ct.qa.keywords.CommonKeywords.selectday(): com.ct.qa.keywords.CommonKeywords.selectday is PASSED

2019-05-10 15:01:11 - [MESSAGE][WARNING] - Timeout '0' is invalid. Using default page load timeout: '5'

2019-05-10 15:01:12 - [MESSAGE][PASSED] - Tapped on element 'Object Repository/DashboardScreenElements/DaysDropdownMenu'

2019-05-10 15:01:12 - [MESSAGE][WARNING] - Timeout '0' is invalid. Using default page load timeout: '5'

2019-05-10 15:01:13 - [MESSAGE][PASSED] - Element 'Object Repository/DashboardScreenElements/Validate_DaysListScreen' is exist

2019-05-10 15:01:14 - [MESSAGE][PASSED] - com.ct.qa.keywords.CommonKeywords.selectday is PASSED

2019-05-10 15:01:14 - [TEST_STEP][PASSED] - tap(findTestObject("DashboardScreenElements/StartYourDay", ["package":PACKAGENAME]), 0): Tapped on element 'Object Repository/DashboardScreenElements/StartYourDay'

2019-05-10 15:01:14 - [MESSAGE][WARNING] - Timeout '0' is invalid. Using default page load timeout: '5'

2019-05-10 15:01:15 - [MESSAGE][PASSED] - Tapped on element 'Object Repository/DashboardScreenElements/StartYourDay'

2019-05-10 15:01:15 - [TEST_STEP][PASSED] - verifyElementText(findTestObject("Attendence/Validate_AttendenceScreen", ["package":PACKAGENAME]), "Attendance"): Actual text and expected text of test object 'Object Repository/Attendence/Validate_AttendenceScreen' are matched.

2019-05-10 15:01:16 - [MESSAGE][PASSED] - Actual text and expected text of test object 'Object Repository/Attendence/Validate_AttendenceScreen' are matched.

2019-05-10 15:01:16 - [TEST_STEP][PASSED] - tap(findTestObject("Attendence/TakeSelfie_ImageViewButton", ["package":PACKAGENAME]), 0): Tapped on element 'Object Repository/Attendence/TakeSelfie_ImageViewButton'

2019-05-10 15:01:16 - [MESSAGE][WARNING] - Timeout '0' is invalid. Using default page load timeout: '5'

2019-05-10 15:01:18 - [MESSAGE][PASSED] - Tapped on element 'Object Repository/Attendence/TakeSelfie_ImageViewButton'

2019-05-10 15:01:18 - [TEST_STEP][PASSED] - com.ct.qa.keywords.CommonKeywords.takePicture(): com.ct.qa.keywords.CommonKeywords.takePicture is PASSED

2019-05-10 15:01:18 - [MESSAGE][WARNING] - Timeout '0' is invalid. Using default page load timeout: '5'

2019-05-10 15:01:19 - [MESSAGE][PASSED] - Element 'Object Repository/CommonScreenElements/Validate_CameraScreen' is exist

2019-05-10 15:01:19 - [MESSAGE][WARNING] - Timeout '0' is invalid. Using default page load timeout: '5'

2019-05-10 15:01:22 - [MESSAGE][PASSED] - Tapped on element 'Object Repository/CommonScreenElements/Camera_flashButton'

2019-05-10 15:01:22 - [MESSAGE][WARNING] - Timeout '0' is invalid. Using default page load timeout: '5'

2019-05-10 15:01:23 - [MESSAGE][PASSED] - Tapped on element 'Object Repository/CommonScreenElements/TakePictureButton'

2019-05-10 15:01:28 - [MESSAGE][PASSED] - Delayed 5 second(s)

2019-05-10 15:01:28 - [MESSAGE][WARNING] - Timeout '0' is invalid. Using default page load timeout: '5'

2019-05-10 15:01:31 - [MESSAGE][PASSED] - Tapped on element 'Object Repository/CommonScreenElements/DoneButton'

2019-05-10 15:01:31 - [MESSAGE][PASSED] - com.ct.qa.keywords.CommonKeywords.takePicture is PASSED

2019-05-10 15:01:31 - [TEST_STEP][PASSED] - com.ct.qa.keywords.Attendence.visitAttendenceRemark(): com.ct.qa.keywords.Attendence.visitAttendenceRemark is PASSED

2019-05-10 15:01:32 - [MESSAGE][PASSED] - com.ct.qa.keywords.Attendence.visitAttendenceRemark is PASSED

2019-05-10 15:01:32 - [TEST_STEP][PASSED] - tap(findTestObject("Attendence/Attendence_SubmitButton", ["package":PACKAGENAME]), 0): Tapped on element 'Object Repository/Attendence/Attendence_SubmitButton'

2019-05-10 15:01:32 - [MESSAGE][WARNING] - Timeout '0' is invalid. Using default page load timeout: '5'

2019-05-10 15:01:34 - [MESSAGE][PASSED] - Tapped on element 'Object Repository/Attendence/Attendence_SubmitButton'

2019-05-10 15:01:34 - [TEST_STEP][PASSED] - delay(15, STOP_ON_FAILURE): Delayed 15 second(s)

2019-05-10 15:01:49 - [MESSAGE][PASSED] - Delayed 15 second(s)

2019-05-10 15:01:49 - [TEST_STEP][PASSED] - verifyElementExist(findTestObject("CommonScreenElements/Validate_MapScreen", ["package":PACKAGENAME]), 0): Element 'Object Repository/CommonScreenElements/Validate_MapScreen' is exist

2019-05-10 15:01:49 - [MESSAGE][WARNING] - Timeout '0' is invalid. Using default page load timeout: '5'

2019-05-10 15:01:49 - [MESSAGE][PASSED] - Element 'Object Repository/CommonScreenElements/Validate_MapScreen' is exist

2019-05-10 15:01:49 - [TEST_STEP][PASSED] - tap(findTestObject("CommonScreenElements/Location_CheckIn", ["package":PACKAGENAME]), 0): Tapped on element 'Object Repository/CommonScreenElements/Location_CheckIn'

2019-05-10 15:01:49 - [MESSAGE][WARNING] - Timeout '0' is invalid. Using default page load timeout: '5'

2019-05-10 15:01:50 - [MESSAGE][PASSED] - Tapped on element 'Object Repository/CommonScreenElements/Location_CheckIn'

2019-05-10 15:01:50 - [TEST_STEP][PASSED] - verifyElementExist(findTestObject("CommonScreenElements/Validate_InfoPopUP", ["package":PACKAGENAME]), 0): Element 'Object Repository/CommonScreenElements/Validate_InfoPopUP' is exist

2019-05-10 15:01:50 - [MESSAGE][WARNING] - Timeout '0' is invalid. Using default page load timeout: '5'

2019-05-10 15:01:51 - [MESSAGE][PASSED] - Element 'Object Repository/CommonScreenElements/Validate_InfoPopUP' is exist

2019-05-10 15:01:51 - [TEST_STEP][PASSED] - tap(findTestObject("CommonScreenElements/InfoPopUp_YesButton", ["package":PACKAGENAME]), 0): Tapped on element 'Object Repository/CommonScreenElements/InfoPopUp_YesButton'

2019-05-10 15:01:51 - [MESSAGE][WARNING] - Timeout '0' is invalid. Using default page load timeout: '5'

2019-05-10 15:01:52 - [MESSAGE][PASSED] - Tapped on element 'Object Repository/CommonScreenElements/InfoPopUp_YesButton']]></system-out>
         <system-err><![CDATA[]]></system-err>
      </testcase>
      <testcase name="Test Cases/DistributionPoint/VisitDistributionPoint" classname="Test Cases/DistributionPoint/VisitDistributionPoint" status="PASSED">
         <system-out><![CDATA[2019-05-10 15:01:52 - [TEST_CASE][PASSED] - Test Cases/DistributionPoint/VisitDistributionPoint: Test Cases/DistributionPoint/VisitDistributionPoint

2019-05-10 15:01:52 - [TEST_STEP][PASSED] - verifyElementText(findTestObject("DistributionPoint/Validate_RouteInfoScreen", ["package":PACKAGENAME]), "Route Info"): Actual text and expected text of test object 'Object Repository/DistributionPoint/Validate_RouteInfoScreen' are matched.

2019-05-10 15:01:53 - [MESSAGE][PASSED] - Actual text and expected text of test object 'Object Repository/DistributionPoint/Validate_RouteInfoScreen' are matched.

2019-05-10 15:01:53 - [TEST_STEP][PASSED] - tap(findTestObject("DistributionPoint/RouteInfoNextButton", ["package":PACKAGENAME]), 0): Tapped on element 'Object Repository/DistributionPoint/RouteInfoNextButton'

2019-05-10 15:01:53 - [MESSAGE][WARNING] - Timeout '0' is invalid. Using default page load timeout: '5'

2019-05-10 15:01:53 - [MESSAGE][PASSED] - Tapped on element 'Object Repository/DistributionPoint/RouteInfoNextButton'

2019-05-10 15:01:53 - [TEST_STEP][PASSED] - verifyElementText(findTestObject("DistributionPoint/Validate_DistributionPointScreen", ["package":PACKAGENAME]), "Brand Message:"): Actual text and expected text of test object 'Object Repository/DistributionPoint/Validate_DistributionPointScreen' are matched.

2019-05-10 15:01:54 - [MESSAGE][PASSED] - Actual text and expected text of test object 'Object Repository/DistributionPoint/Validate_DistributionPointScreen' are matched.

2019-05-10 15:01:54 - [TEST_STEP][PASSED] - com.ct.qa.keywords.DistributionPointKeywords.visitdistributionPoint(): com.ct.qa.keywords.DistributionPointKeywords.visitdistributionPoint is PASSED

2019-05-10 15:02:01 - [MESSAGE][PASSED] - Keyboard is hidden

2019-05-10 15:02:04 - [MESSAGE][PASSED] - Keyboard is hidden

2019-05-10 15:02:07 - [MESSAGE][PASSED] - Keyboard is hidden

2019-05-10 15:02:09 - [MESSAGE][PASSED] - Keyboard is hidden

2019-05-10 15:02:09 - [MESSAGE][PASSED] - com.ct.qa.keywords.DistributionPointKeywords.visitdistributionPoint is PASSED

2019-05-10 15:02:09 - [TEST_STEP][PASSED] - tap(findTestObject("DistributionPoint/DistributionPoint_SubmitButton", ["package":PACKAGENAME]), 0): Tapped on element 'Object Repository/DistributionPoint/DistributionPoint_SubmitButton'

2019-05-10 15:02:09 - [MESSAGE][WARNING] - Timeout '0' is invalid. Using default page load timeout: '5'

2019-05-10 15:02:10 - [MESSAGE][PASSED] - Tapped on element 'Object Repository/DistributionPoint/DistributionPoint_SubmitButton']]></system-out>
         <system-err><![CDATA[]]></system-err>
      </testcase>
      <system-out><![CDATA[2019-05-10 15:00:37 - [TEST_SUITE][PASSED] - PnG Merchandising With Channel Wise Data Verification: Test Cases/DistributionPoint/VisitDistributionPoint]]></system-out>
      <system-err><![CDATA[]]></system-err>
   </testsuite>
</testsuites>
