<?xml version="1.0" encoding="UTF-8"?>
<testsuites name="PnG Merchandising Scripts With Overwrite Scenarios" time="1592" tests="20" failures="0" errors="0">
   <testsuite name="PnG Merchandising Scripts With Overwrite Scenarios" tests="20" failures="0" errors="0" time="1592" timestamp="2018-05-18 11:42:55" hostname="Fahad Shah - Dell-E6420" id="Test Suites/PnG Merchandising Scripts With Overwrite Scenarios">
      <properties>
         <property name="deviceName" value="samsung SM-J110H (Android 4.4.4)"/>
         <property name="devicePlatform" value=""/>
         <property name="logFolder" value="D:\\(Katalon studio) GitProject\\PnG_Merchandising\\PnG_Merchandising\\Reports\\PnG Merchandising Scripts With Overwrite Scenarios\\20180518_114249"/>
         <property name="logFiles" value="D:\\(Katalon studio) GitProject\\PnG_Merchandising\\PnG_Merchandising\\Reports\\PnG Merchandising Scripts With Overwrite Scenarios\\20180518_114249\\appium.log, D:\\(Katalon studio) GitProject\\PnG_Merchandising\\PnG_Merchandising\\Reports\\PnG Merchandising Scripts With Overwrite Scenarios\\20180518_114249\\execution0.log"/>
         <property name="attachments" value=""/>
         <property name="hostName" value="Fahad Shah - Dell-E6420"/>
         <property name="os" value="Windows 8 64bit"/>
         <property name="katalonVersion" value="5.4.1.1"/>
         <property name="deviceOS" value="Android"/>
         <property name="appiumVersion" value="1.8.0"/>
         <property name="deviceModel" value="SM-J110H"/>
         <property name="hostAddress" value="192.168.3.79"/>
         <property name="deviceManufacturer" value="samsung"/>
         <property name="deviceId" value="11015a1136d0b24a"/>
         <property name="deviceName" value="samsung SM-J110H (Android 4.4.4)"/>
         <property name="deviceOSVersion" value="4.4.4"/>
      </properties>
      <testcase name="Test Cases/LaunchingApp/LaunchApp" classname="Test Cases/LaunchingApp/LaunchApp" status="PASSED">
         <system-out><![CDATA[2018-05-18 11:42:56 - [TEST_CASE][PASSED] - Test Cases/LaunchingApp/LaunchApp: Test Cases/LaunchingApp/LaunchApp

2018-05-18 11:42:57 - [TEST_STEP][PASSED] - startApplication: Started app at: 'D:\QAAutomation\Builds\png_local_300418.apk'

2018-05-18 11:43:28 - [MESSAGE][PASSED] - Started app at: 'D:\QAAutomation\Builds\png_local_300418.apk'

2018-05-18 11:43:28 - [TEST_STEP][PASSED] - delay: Delayed 5 second(s)

2018-05-18 11:43:33 - [MESSAGE][PASSED] - Delayed 5 second(s)]]></system-out>
         <system-err><![CDATA[]]></system-err>
      </testcase>
      <testcase name="Test Cases/DistributionRegion/VisitDistributionRegion" classname="Test Cases/DistributionRegion/VisitDistributionRegion" status="PASSED">
         <system-out><![CDATA[2018-05-18 11:43:33 - [TEST_CASE][PASSED] - Test Cases/DistributionRegion/VisitDistributionRegion: Test Cases/DistributionRegion/VisitDistributionRegion

2018-05-18 11:43:34 - [TEST_STEP][PASSED] - verifyElementExist: Element 'Object Repository/DashboardScreenElements/StartYourDayButton' is exist

2018-05-18 11:43:34 - [MESSAGE][WARNING] - Timeout '0' is invalid. Using default page load timeout: '30'

2018-05-18 11:43:35 - [MESSAGE][PASSED] - Element 'Object Repository/DashboardScreenElements/StartYourDayButton' is exist

2018-05-18 11:43:35 - [TEST_STEP][PASSED] - delay: Delayed 1 second(s)

2018-05-18 11:43:36 - [MESSAGE][PASSED] - Delayed 1 second(s)

2018-05-18 11:43:36 - [TEST_STEP][PASSED] - customKeywordsCollection.CustomKeywords.selectCurrentDay: customKeywordsCollection.CustomKeywords.selectCurrentDay is PASSED

2018-05-18 11:43:40 - [MESSAGE][WARNING] - Timeout '0' is invalid. Using default page load timeout: '30'

2018-05-18 11:43:41 - [MESSAGE][PASSED] - Tapped on element 'Object Repository/DashboardScreenElements/DaysDropDownMenu'

2018-05-18 11:43:42 - [MESSAGE][PASSED] - Delayed 1 second(s)

2018-05-18 11:43:44 - [MESSAGE][PASSED] - Delayed 1 second(s)

2018-05-18 11:43:44 - [MESSAGE][PASSED] - customKeywordsCollection.CustomKeywords.selectCurrentDay is PASSED

2018-05-18 11:43:44 - [TEST_STEP][PASSED] - delay: Delayed 1 second(s)

2018-05-18 11:43:45 - [MESSAGE][PASSED] - Delayed 1 second(s)

2018-05-18 11:43:45 - [TEST_STEP][PASSED] - tap: Tapped on element 'Object Repository/DashboardScreenElements/StartYourDayButton'

2018-05-18 11:43:45 - [MESSAGE][WARNING] - Timeout '0' is invalid. Using default page load timeout: '30'

2018-05-18 11:43:46 - [MESSAGE][PASSED] - Tapped on element 'Object Repository/DashboardScreenElements/StartYourDayButton'

2018-05-18 11:43:46 - [TEST_STEP][PASSED] - delay: Delayed 18 second(s)

2018-05-18 11:44:04 - [MESSAGE][PASSED] - Delayed 18 second(s)

2018-05-18 11:44:04 - [TEST_STEP][PASSED] - verifyElementExist: Element 'Object Repository/CommonScreenElements/Validate_MapScreen' is exist

2018-05-18 11:44:04 - [MESSAGE][WARNING] - Timeout '0' is invalid. Using default page load timeout: '30'

2018-05-18 11:44:04 - [MESSAGE][PASSED] - Element 'Object Repository/CommonScreenElements/Validate_MapScreen' is exist

2018-05-18 11:44:04 - [TEST_STEP][PASSED] - delay: Delayed 1 second(s)

2018-05-18 11:44:05 - [MESSAGE][PASSED] - Delayed 1 second(s)

2018-05-18 11:44:05 - [TEST_STEP][PASSED] - tap: Tapped on element 'Object Repository/CommonScreenElements/CheckInButton'

2018-05-18 11:44:05 - [MESSAGE][WARNING] - Timeout '0' is invalid. Using default page load timeout: '30'

2018-05-18 11:44:06 - [MESSAGE][PASSED] - Tapped on element 'Object Repository/CommonScreenElements/CheckInButton'

2018-05-18 11:44:06 - [TEST_STEP][PASSED] - delay: Delayed 1 second(s)

2018-05-18 11:44:07 - [MESSAGE][PASSED] - Delayed 1 second(s)

2018-05-18 11:44:07 - [TEST_STEP][PASSED] - verifyElementExist: Element 'Object Repository/CommonScreenElements/Validate_InfoPopUpDialog' is exist

2018-05-18 11:44:07 - [MESSAGE][WARNING] - Timeout '0' is invalid. Using default page load timeout: '30'

2018-05-18 11:44:07 - [MESSAGE][PASSED] - Element 'Object Repository/CommonScreenElements/Validate_InfoPopUpDialog' is exist

2018-05-18 11:44:07 - [TEST_STEP][PASSED] - delay: Delayed 1 second(s)

2018-05-18 11:44:08 - [MESSAGE][PASSED] - Delayed 1 second(s)

2018-05-18 11:44:08 - [TEST_STEP][PASSED] - tap: Tapped on element 'Object Repository/CommonScreenElements/InfoPopUp_YesButton'

2018-05-18 11:44:08 - [MESSAGE][WARNING] - Timeout '0' is invalid. Using default page load timeout: '30'

2018-05-18 11:44:09 - [MESSAGE][PASSED] - Tapped on element 'Object Repository/CommonScreenElements/InfoPopUp_YesButton'

2018-05-18 11:44:09 - [TEST_STEP][PASSED] - delay: Delayed 1 second(s)

2018-05-18 11:44:10 - [MESSAGE][PASSED] - Delayed 1 second(s)

2018-05-18 11:44:10 - [TEST_STEP][PASSED] - verifyElementText: Actual text and expected text of test object 'Object Repository/DistributionRegionScreenElements/Validate_RouteScreen' are matched.

2018-05-18 11:44:10 - [MESSAGE][PASSED] - Actual text and expected text of test object 'Object Repository/DistributionRegionScreenElements/Validate_RouteScreen' are matched.

2018-05-18 11:44:10 - [TEST_STEP][PASSED] - delay: Delayed 1 second(s)

2018-05-18 11:44:11 - [MESSAGE][PASSED] - Delayed 1 second(s)

2018-05-18 11:44:11 - [TEST_STEP][PASSED] - tap: Tapped on element 'Object Repository/DistributionRegionScreenElements/Route_NextButton'

2018-05-18 11:44:12 - [MESSAGE][WARNING] - Timeout '0' is invalid. Using default page load timeout: '30'

2018-05-18 11:44:13 - [MESSAGE][PASSED] - Tapped on element 'Object Repository/DistributionRegionScreenElements/Route_NextButton'

2018-05-18 11:44:13 - [TEST_STEP][PASSED] - delay: Delayed 1 second(s)

2018-05-18 11:44:14 - [MESSAGE][PASSED] - Delayed 1 second(s)

2018-05-18 11:44:14 - [TEST_STEP][PASSED] - verifyElementExist: Element 'Object Repository/DistributionRegionScreenElements/Validate_FieldsScreen' is exist

2018-05-18 11:44:14 - [MESSAGE][WARNING] - Timeout '0' is invalid. Using default page load timeout: '30'

2018-05-18 11:44:14 - [MESSAGE][PASSED] - Element 'Object Repository/DistributionRegionScreenElements/Validate_FieldsScreen' is exist

2018-05-18 11:44:14 - [TEST_STEP][PASSED] - delay: Delayed 1 second(s)

2018-05-18 11:44:15 - [MESSAGE][PASSED] - Delayed 1 second(s)

2018-05-18 11:44:15 - [TEST_STEP][PASSED] - setText: Text '101' has been set to element 'Object Repository/DistributionRegionScreenElements/BrandMessage_TextField'

2018-05-18 11:44:16 - [MESSAGE][WARNING] - Timeout '0' is invalid. Using default page load timeout: '30'

2018-05-18 11:44:27 - [MESSAGE][PASSED] - Text '101' has been set to element 'Object Repository/DistributionRegionScreenElements/BrandMessage_TextField'

2018-05-18 11:44:27 - [TEST_STEP][PASSED] - setText: Text '102' has been set to element 'Object Repository/DistributionRegionScreenElements/CorporationMessage_TextField'

2018-05-18 11:44:27 - [MESSAGE][WARNING] - Timeout '0' is invalid. Using default page load timeout: '30'

2018-05-18 11:44:38 - [MESSAGE][PASSED] - Text '102' has been set to element 'Object Repository/DistributionRegionScreenElements/CorporationMessage_TextField'

2018-05-18 11:44:38 - [TEST_STEP][PASSED] - setText: Text '103' has been set to element 'Object Repository/DistributionRegionScreenElements/ValueMessage_TextField'

2018-05-18 11:44:38 - [MESSAGE][WARNING] - Timeout '0' is invalid. Using default page load timeout: '30'

2018-05-18 11:44:49 - [MESSAGE][PASSED] - Text '103' has been set to element 'Object Repository/DistributionRegionScreenElements/ValueMessage_TextField'

2018-05-18 11:44:49 - [TEST_STEP][PASSED] - setText: Text '100' has been set to element 'Object Repository/DistributionRegionScreenElements/Poster_TextField'

2018-05-18 11:44:49 - [MESSAGE][WARNING] - Timeout '0' is invalid. Using default page load timeout: '30'

2018-05-18 11:44:59 - [MESSAGE][PASSED] - Text '100' has been set to element 'Object Repository/DistributionRegionScreenElements/Poster_TextField'

2018-05-18 11:44:59 - [TEST_STEP][PASSED] - hideKeyboard: Keyboard is hidden

2018-05-18 11:45:01 - [MESSAGE][PASSED] - Keyboard is hidden

2018-05-18 11:45:01 - [TEST_STEP][PASSED] - tap: Tapped on element 'Object Repository/DistributionRegionScreenElements/Fields_SubmitButton'

2018-05-18 11:45:01 - [MESSAGE][WARNING] - Timeout '0' is invalid. Using default page load timeout: '30'

2018-05-18 11:45:02 - [MESSAGE][PASSED] - Tapped on element 'Object Repository/DistributionRegionScreenElements/Fields_SubmitButton'

2018-05-18 11:45:02 - [TEST_STEP][PASSED] - delay: Delayed 1 second(s)

2018-05-18 11:45:03 - [MESSAGE][PASSED] - Delayed 1 second(s)]]></system-out>
         <system-err><![CDATA[]]></system-err>
      </testcase>
      <testcase name="Test Cases/ChooseHFSShop/SelectAndStartYourDay" classname="Test Cases/ChooseHFSShop/SelectAndStartYourDay" status="PASSED">
         <system-out><![CDATA[2018-05-18 11:45:03 - [TEST_CASE][PASSED] - Test Cases/ChooseHFSShop/SelectAndStartYourDay: Test Cases/ChooseHFSShop/SelectAndStartYourDay

2018-05-18 11:45:04 - [TEST_STEP][PASSED] - verifyElementExist: Element 'Object Repository/DashboardScreenElements/StartYourDayButton' is exist

2018-05-18 11:45:04 - [MESSAGE][WARNING] - Timeout '0' is invalid. Using default page load timeout: '30'

2018-05-18 11:45:04 - [MESSAGE][PASSED] - Element 'Object Repository/DashboardScreenElements/StartYourDayButton' is exist

2018-05-18 11:45:04 - [TEST_STEP][PASSED] - customKeywordsCollection.CustomKeywords.selectCurrentDay: customKeywordsCollection.CustomKeywords.selectCurrentDay is PASSED

2018-05-18 11:45:05 - [MESSAGE][PASSED] - customKeywordsCollection.CustomKeywords.selectCurrentDay is PASSED

2018-05-18 11:45:05 - [TEST_STEP][PASSED] - tap: Tapped on element 'Object Repository/DashboardScreenElements/StartYourDayButton'

2018-05-18 11:45:05 - [MESSAGE][WARNING] - Timeout '0' is invalid. Using default page load timeout: '30'

2018-05-18 11:45:06 - [MESSAGE][PASSED] - Tapped on element 'Object Repository/DashboardScreenElements/StartYourDayButton'

2018-05-18 11:45:06 - [TEST_STEP][PASSED] - delay: Delayed 1 second(s)

2018-05-18 11:45:07 - [MESSAGE][PASSED] - Delayed 1 second(s)

2018-05-18 11:45:07 - [TEST_STEP][PASSED] - delay: Delayed 1 second(s)

2018-05-18 11:45:08 - [MESSAGE][PASSED] - Delayed 1 second(s)]]></system-out>
         <system-err><![CDATA[]]></system-err>
      </testcase>
      <testcase name="Test Cases/ChooseHFSShop/ChooseShopForShopClosed" classname="Test Cases/ChooseHFSShop/ChooseShopForShopClosed" status="PASSED">
         <system-out><![CDATA[2018-05-18 11:45:08 - [TEST_CASE][PASSED] - Test Cases/ChooseHFSShop/ChooseShopForShopClosed: Test Cases/ChooseHFSShop/ChooseShopForShopClosed

2018-05-18 11:45:09 - [TEST_STEP][PASSED] - verifyElementText: Actual text and expected text of test object 'Object Repository/ShopActionsScreenElements/Validate_ShopsListScreen' are matched.

2018-05-18 11:45:09 - [MESSAGE][PASSED] - Actual text and expected text of test object 'Object Repository/ShopActionsScreenElements/Validate_ShopsListScreen' are matched.

2018-05-18 11:45:09 - [TEST_STEP][PASSED] - delay: Delayed 1 second(s)

2018-05-18 11:45:10 - [MESSAGE][PASSED] - Delayed 1 second(s)

2018-05-18 11:45:10 - [TEST_STEP][PASSED] - customKeywordsCollection.CustomKeywords.selectHFSShop: customKeywordsCollection.CustomKeywords.selectHFSShop is PASSED

2018-05-18 11:45:14 - [MESSAGE][PASSED] - Delayed 1 second(s)

2018-05-18 11:45:14 - [MESSAGE][PASSED] - customKeywordsCollection.CustomKeywords.selectHFSShop is PASSED]]></system-out>
         <system-err><![CDATA[]]></system-err>
      </testcase>
      <testcase name="Test Cases/ChooseHFSShop/ShopClosed/VisitShopClosed" classname="Test Cases/ChooseHFSShop/ShopClosed/VisitShopClosed" status="PASSED">
         <system-out><![CDATA[2018-05-18 11:45:14 - [TEST_CASE][PASSED] - Test Cases/ChooseHFSShop/ShopClosed/VisitShopClosed: Test Cases/ChooseHFSShop/ShopClosed/VisitShopClosed

2018-05-18 11:45:15 - [TEST_STEP][PASSED] - verifyElementText: Actual text and expected text of test object 'Object Repository/ShopActionsScreenElements/Validate_ShopOptionsScreen' are matched.

2018-05-18 11:45:15 - [MESSAGE][PASSED] - Actual text and expected text of test object 'Object Repository/ShopActionsScreenElements/Validate_ShopOptionsScreen' are matched.

2018-05-18 11:45:15 - [TEST_STEP][PASSED] - delay: Delayed 1 second(s)

2018-05-18 11:45:16 - [MESSAGE][PASSED] - Delayed 1 second(s)

2018-05-18 11:45:16 - [TEST_STEP][PASSED] - tap: Tapped on element 'Object Repository/ShopActionsScreenElements/StartWorking'

2018-05-18 11:45:16 - [MESSAGE][WARNING] - Timeout '0' is invalid. Using default page load timeout: '30'

2018-05-18 11:45:17 - [MESSAGE][PASSED] - Tapped on element 'Object Repository/ShopActionsScreenElements/StartWorking'

2018-05-18 11:45:17 - [TEST_STEP][PASSED] - delay: Delayed 18 second(s)

2018-05-18 11:45:35 - [MESSAGE][PASSED] - Delayed 18 second(s)

2018-05-18 11:45:35 - [TEST_STEP][PASSED] - verifyElementExist: Element 'Object Repository/CommonScreenElements/Validate_MapScreen' is exist

2018-05-18 11:45:35 - [MESSAGE][WARNING] - Timeout '0' is invalid. Using default page load timeout: '30'

2018-05-18 11:45:35 - [MESSAGE][PASSED] - Element 'Object Repository/CommonScreenElements/Validate_MapScreen' is exist

2018-05-18 11:45:35 - [TEST_STEP][PASSED] - delay: Delayed 1 second(s)

2018-05-18 11:45:36 - [MESSAGE][PASSED] - Delayed 1 second(s)

2018-05-18 11:45:36 - [TEST_STEP][PASSED] - tap: Tapped on element 'Object Repository/CommonScreenElements/CheckInButton'

2018-05-18 11:45:36 - [MESSAGE][WARNING] - Timeout '0' is invalid. Using default page load timeout: '30'

2018-05-18 11:45:37 - [MESSAGE][PASSED] - Tapped on element 'Object Repository/CommonScreenElements/CheckInButton'

2018-05-18 11:45:37 - [TEST_STEP][PASSED] - delay: Delayed 1 second(s)

2018-05-18 11:45:38 - [MESSAGE][PASSED] - Delayed 1 second(s)

2018-05-18 11:45:38 - [TEST_STEP][PASSED] - verifyElementExist: Element 'Object Repository/CommonScreenElements/Validate_InfoPopUpDialog' is exist

2018-05-18 11:45:38 - [MESSAGE][WARNING] - Timeout '0' is invalid. Using default page load timeout: '30'

2018-05-18 11:45:38 - [MESSAGE][PASSED] - Element 'Object Repository/CommonScreenElements/Validate_InfoPopUpDialog' is exist

2018-05-18 11:45:38 - [TEST_STEP][PASSED] - delay: Delayed 1 second(s)

2018-05-18 11:45:39 - [MESSAGE][PASSED] - Delayed 1 second(s)

2018-05-18 11:45:39 - [TEST_STEP][PASSED] - tap: Tapped on element 'Object Repository/CommonScreenElements/InfoPopUp_YesButton'

2018-05-18 11:45:39 - [MESSAGE][WARNING] - Timeout '0' is invalid. Using default page load timeout: '30'

2018-05-18 11:45:40 - [MESSAGE][PASSED] - Tapped on element 'Object Repository/CommonScreenElements/InfoPopUp_YesButton'

2018-05-18 11:45:40 - [TEST_STEP][PASSED] - delay: Delayed 1 second(s)

2018-05-18 11:45:41 - [MESSAGE][PASSED] - Delayed 1 second(s)

2018-05-18 11:45:41 - [TEST_STEP][PASSED] - verifyElementExist: Element 'Object Repository/ShopActionsScreenElements/ShopClosed' is exist

2018-05-18 11:45:41 - [MESSAGE][WARNING] - Timeout '0' is invalid. Using default page load timeout: '30'

2018-05-18 11:45:41 - [MESSAGE][PASSED] - Element 'Object Repository/ShopActionsScreenElements/ShopClosed' is exist

2018-05-18 11:45:41 - [TEST_STEP][PASSED] - delay: Delayed 1 second(s)

2018-05-18 11:45:42 - [MESSAGE][PASSED] - Delayed 1 second(s)

2018-05-18 11:45:42 - [TEST_STEP][PASSED] - tap: Tapped on element 'Object Repository/ShopActionsScreenElements/ShopClosed'

2018-05-18 11:45:42 - [MESSAGE][WARNING] - Timeout '0' is invalid. Using default page load timeout: '30'

2018-05-18 11:45:45 - [MESSAGE][PASSED] - Tapped on element 'Object Repository/ShopActionsScreenElements/ShopClosed'

2018-05-18 11:45:45 - [TEST_STEP][PASSED] - delay: Delayed 1 second(s)

2018-05-18 11:45:46 - [MESSAGE][PASSED] - Delayed 1 second(s)

2018-05-18 11:45:46 - [TEST_STEP][PASSED] - verifyElementExist: Element 'Object Repository/CommonScreenElements/Validate_CameraScreen' is exist

2018-05-18 11:45:46 - [MESSAGE][WARNING] - Timeout '0' is invalid. Using default page load timeout: '30'

2018-05-18 11:45:46 - [MESSAGE][PASSED] - Element 'Object Repository/CommonScreenElements/Validate_CameraScreen' is exist

2018-05-18 11:45:46 - [TEST_STEP][PASSED] - delay: Delayed 1 second(s)

2018-05-18 11:45:47 - [MESSAGE][PASSED] - Delayed 1 second(s)

2018-05-18 11:45:47 - [TEST_STEP][PASSED] - tap: Tapped on element 'Object Repository/CommonScreenElements/TakePictureButton'

2018-05-18 11:45:47 - [MESSAGE][WARNING] - Timeout '0' is invalid. Using default page load timeout: '30'

2018-05-18 11:45:51 - [MESSAGE][PASSED] - Tapped on element 'Object Repository/CommonScreenElements/TakePictureButton'

2018-05-18 11:45:51 - [TEST_STEP][PASSED] - delay: Delayed 5 second(s)

2018-05-18 11:45:56 - [MESSAGE][PASSED] - Delayed 5 second(s)

2018-05-18 11:45:56 - [TEST_STEP][PASSED] - tap: Tapped on element 'Object Repository/CommonScreenElements/DoneButton'

2018-05-18 11:45:56 - [MESSAGE][WARNING] - Timeout '0' is invalid. Using default page load timeout: '30'

2018-05-18 11:45:56 - [MESSAGE][PASSED] - Tapped on element 'Object Repository/CommonScreenElements/DoneButton'

2018-05-18 11:45:56 - [TEST_STEP][PASSED] - delay: Delayed 1 second(s)

2018-05-18 11:45:57 - [MESSAGE][PASSED] - Delayed 1 second(s)]]></system-out>
         <system-err><![CDATA[]]></system-err>
      </testcase>
      <testcase name="Test Cases/ChooseHFSShop/ChooseShopForShopPermanentlyClosed" classname="Test Cases/ChooseHFSShop/ChooseShopForShopPermanentlyClosed" status="PASSED">
         <system-out><![CDATA[2018-05-18 11:45:57 - [TEST_CASE][PASSED] - Test Cases/ChooseHFSShop/ChooseShopForShopPermanentlyClosed: Test Cases/ChooseHFSShop/ChooseShopForShopPermanentlyClosed

2018-05-18 11:45:58 - [TEST_STEP][PASSED] - verifyElementText: Actual text and expected text of test object 'Object Repository/ShopActionsScreenElements/Validate_ShopsListScreen' are matched.

2018-05-18 11:45:59 - [MESSAGE][PASSED] - Actual text and expected text of test object 'Object Repository/ShopActionsScreenElements/Validate_ShopsListScreen' are matched.

2018-05-18 11:45:59 - [TEST_STEP][PASSED] - delay: Delayed 1 second(s)

2018-05-18 11:46:00 - [MESSAGE][PASSED] - Delayed 1 second(s)

2018-05-18 11:46:00 - [TEST_STEP][PASSED] - customKeywordsCollection.CustomKeywords.selectHFSShop: customKeywordsCollection.CustomKeywords.selectHFSShop is PASSED

2018-05-18 11:46:03 - [MESSAGE][PASSED] - Delayed 1 second(s)

2018-05-18 11:46:03 - [MESSAGE][PASSED] - customKeywordsCollection.CustomKeywords.selectHFSShop is PASSED]]></system-out>
         <system-err><![CDATA[]]></system-err>
      </testcase>
      <testcase name="Test Cases/ChooseHFSShop/ShopPermanentlyClosed/VisitShopPermanentlyClosed" classname="Test Cases/ChooseHFSShop/ShopPermanentlyClosed/VisitShopPermanentlyClosed" status="PASSED">
         <system-out><![CDATA[2018-05-18 11:46:03 - [TEST_CASE][PASSED] - Test Cases/ChooseHFSShop/ShopPermanentlyClosed/VisitShopPermanentlyClosed: Test Cases/ChooseHFSShop/ShopPermanentlyClosed/VisitShopPermanentlyClosed

2018-05-18 11:46:03 - [TEST_STEP][PASSED] - verifyElementText: Actual text and expected text of test object 'Object Repository/ShopActionsScreenElements/Validate_ShopOptionsScreen' are matched.

2018-05-18 11:46:04 - [MESSAGE][PASSED] - Actual text and expected text of test object 'Object Repository/ShopActionsScreenElements/Validate_ShopOptionsScreen' are matched.

2018-05-18 11:46:04 - [TEST_STEP][PASSED] - delay: Delayed 1 second(s)

2018-05-18 11:46:05 - [MESSAGE][PASSED] - Delayed 1 second(s)

2018-05-18 11:46:05 - [TEST_STEP][PASSED] - tap: Tapped on element 'Object Repository/ShopActionsScreenElements/StartWorking'

2018-05-18 11:46:05 - [MESSAGE][WARNING] - Timeout '0' is invalid. Using default page load timeout: '30'

2018-05-18 11:46:06 - [MESSAGE][PASSED] - Tapped on element 'Object Repository/ShopActionsScreenElements/StartWorking'

2018-05-18 11:46:06 - [TEST_STEP][PASSED] - delay: Delayed 1 second(s)

2018-05-18 11:46:07 - [MESSAGE][PASSED] - Delayed 1 second(s)

2018-05-18 11:46:07 - [TEST_STEP][PASSED] - verifyElementExist: Element 'Object Repository/CommonScreenElements/Validate_InfoPopUpDialog' is exist

2018-05-18 11:46:07 - [MESSAGE][WARNING] - Timeout '0' is invalid. Using default page load timeout: '30'

2018-05-18 11:46:07 - [MESSAGE][PASSED] - Element 'Object Repository/CommonScreenElements/Validate_InfoPopUpDialog' is exist

2018-05-18 11:46:07 - [TEST_STEP][PASSED] - delay: Delayed 1 second(s)

2018-05-18 11:46:08 - [MESSAGE][PASSED] - Delayed 1 second(s)

2018-05-18 11:46:08 - [TEST_STEP][PASSED] - tap: Tapped on element 'Object Repository/CommonScreenElements/InfoPopUp_YesButton'

2018-05-18 11:46:08 - [MESSAGE][WARNING] - Timeout '0' is invalid. Using default page load timeout: '30'

2018-05-18 11:46:09 - [MESSAGE][PASSED] - Tapped on element 'Object Repository/CommonScreenElements/InfoPopUp_YesButton'

2018-05-18 11:46:09 - [TEST_STEP][PASSED] - delay: Delayed 18 second(s)

2018-05-18 11:46:27 - [MESSAGE][PASSED] - Delayed 18 second(s)

2018-05-18 11:46:27 - [TEST_STEP][PASSED] - verifyElementExist: Element 'Object Repository/CommonScreenElements/Validate_MapScreen' is exist

2018-05-18 11:46:27 - [MESSAGE][WARNING] - Timeout '0' is invalid. Using default page load timeout: '30'

2018-05-18 11:46:27 - [MESSAGE][PASSED] - Element 'Object Repository/CommonScreenElements/Validate_MapScreen' is exist

2018-05-18 11:46:27 - [TEST_STEP][PASSED] - delay: Delayed 1 second(s)

2018-05-18 11:46:28 - [MESSAGE][PASSED] - Delayed 1 second(s)

2018-05-18 11:46:28 - [TEST_STEP][PASSED] - tap: Tapped on element 'Object Repository/CommonScreenElements/CheckInButton'

2018-05-18 11:46:28 - [MESSAGE][WARNING] - Timeout '0' is invalid. Using default page load timeout: '30'

2018-05-18 11:46:29 - [MESSAGE][PASSED] - Tapped on element 'Object Repository/CommonScreenElements/CheckInButton'

2018-05-18 11:46:29 - [TEST_STEP][PASSED] - delay: Delayed 1 second(s)

2018-05-18 11:46:30 - [MESSAGE][PASSED] - Delayed 1 second(s)

2018-05-18 11:46:30 - [TEST_STEP][PASSED] - verifyElementExist: Element 'Object Repository/CommonScreenElements/Validate_InfoPopUpDialog' is exist

2018-05-18 11:46:30 - [MESSAGE][WARNING] - Timeout '0' is invalid. Using default page load timeout: '30'

2018-05-18 11:46:30 - [MESSAGE][PASSED] - Element 'Object Repository/CommonScreenElements/Validate_InfoPopUpDialog' is exist

2018-05-18 11:46:30 - [TEST_STEP][PASSED] - delay: Delayed 1 second(s)

2018-05-18 11:46:31 - [MESSAGE][PASSED] - Delayed 1 second(s)

2018-05-18 11:46:31 - [TEST_STEP][PASSED] - tap: Tapped on element 'Object Repository/CommonScreenElements/InfoPopUp_YesButton'

2018-05-18 11:46:31 - [MESSAGE][WARNING] - Timeout '0' is invalid. Using default page load timeout: '30'

2018-05-18 11:46:32 - [MESSAGE][PASSED] - Tapped on element 'Object Repository/CommonScreenElements/InfoPopUp_YesButton'

2018-05-18 11:46:32 - [TEST_STEP][PASSED] - delay: Delayed 1 second(s)

2018-05-18 11:46:33 - [MESSAGE][PASSED] - Delayed 1 second(s)

2018-05-18 11:46:33 - [TEST_STEP][PASSED] - verifyElementExist: Element 'Object Repository/ShopActionsScreenElements/ShopPermanentlyClosed' is exist

2018-05-18 11:46:33 - [MESSAGE][WARNING] - Timeout '0' is invalid. Using default page load timeout: '30'

2018-05-18 11:46:33 - [MESSAGE][PASSED] - Element 'Object Repository/ShopActionsScreenElements/ShopPermanentlyClosed' is exist

2018-05-18 11:46:33 - [TEST_STEP][PASSED] - delay: Delayed 1 second(s)

2018-05-18 11:46:34 - [MESSAGE][PASSED] - Delayed 1 second(s)

2018-05-18 11:46:34 - [TEST_STEP][PASSED] - tap: Tapped on element 'Object Repository/ShopActionsScreenElements/ShopPermanentlyClosed'

2018-05-18 11:46:34 - [MESSAGE][WARNING] - Timeout '0' is invalid. Using default page load timeout: '30'

2018-05-18 11:46:35 - [MESSAGE][PASSED] - Tapped on element 'Object Repository/ShopActionsScreenElements/ShopPermanentlyClosed'

2018-05-18 11:46:35 - [TEST_STEP][PASSED] - delay: Delayed 1 second(s)

2018-05-18 11:46:36 - [MESSAGE][PASSED] - Delayed 1 second(s)

2018-05-18 11:46:37 - [TEST_STEP][PASSED] - verifyElementExist: Element 'Object Repository/CommonScreenElements/Validate_CameraScreen' is exist

2018-05-18 11:46:37 - [MESSAGE][WARNING] - Timeout '0' is invalid. Using default page load timeout: '30'

2018-05-18 11:46:37 - [MESSAGE][PASSED] - Element 'Object Repository/CommonScreenElements/Validate_CameraScreen' is exist

2018-05-18 11:46:37 - [TEST_STEP][PASSED] - delay: Delayed 1 second(s)

2018-05-18 11:46:38 - [MESSAGE][PASSED] - Delayed 1 second(s)

2018-05-18 11:46:38 - [TEST_STEP][PASSED] - tap: Tapped on element 'Object Repository/CommonScreenElements/TakePictureButton'

2018-05-18 11:46:38 - [MESSAGE][WARNING] - Timeout '0' is invalid. Using default page load timeout: '30'

2018-05-18 11:46:41 - [MESSAGE][PASSED] - Tapped on element 'Object Repository/CommonScreenElements/TakePictureButton'

2018-05-18 11:46:41 - [TEST_STEP][PASSED] - delay: Delayed 5 second(s)

2018-05-18 11:46:46 - [MESSAGE][PASSED] - Delayed 5 second(s)

2018-05-18 11:46:46 - [TEST_STEP][PASSED] - tap: Tapped on element 'Object Repository/CommonScreenElements/DoneButton'

2018-05-18 11:46:46 - [MESSAGE][WARNING] - Timeout '0' is invalid. Using default page load timeout: '30'

2018-05-18 11:46:47 - [MESSAGE][PASSED] - Tapped on element 'Object Repository/CommonScreenElements/DoneButton'

2018-05-18 11:46:47 - [TEST_STEP][PASSED] - delay: Delayed 1 second(s)

2018-05-18 11:46:48 - [MESSAGE][PASSED] - Delayed 1 second(s)]]></system-out>
         <system-err><![CDATA[]]></system-err>
      </testcase>
      <testcase name="Test Cases/ChooseHFSShop/ChooseShopForShopNotFound" classname="Test Cases/ChooseHFSShop/ChooseShopForShopNotFound" status="PASSED">
         <system-out><![CDATA[2018-05-18 11:46:48 - [TEST_CASE][PASSED] - Test Cases/ChooseHFSShop/ChooseShopForShopNotFound: Test Cases/ChooseHFSShop/ChooseShopForShopNotFound

2018-05-18 11:46:49 - [TEST_STEP][PASSED] - verifyElementText: Actual text and expected text of test object 'Object Repository/ShopActionsScreenElements/Validate_ShopsListScreen' are matched.

2018-05-18 11:46:50 - [MESSAGE][PASSED] - Actual text and expected text of test object 'Object Repository/ShopActionsScreenElements/Validate_ShopsListScreen' are matched.

2018-05-18 11:46:50 - [TEST_STEP][PASSED] - delay: Delayed 1 second(s)

2018-05-18 11:46:51 - [MESSAGE][PASSED] - Delayed 1 second(s)

2018-05-18 11:46:51 - [TEST_STEP][PASSED] - customKeywordsCollection.CustomKeywords.selectHFSShop: customKeywordsCollection.CustomKeywords.selectHFSShop is PASSED

2018-05-18 11:46:54 - [MESSAGE][PASSED] - Delayed 1 second(s)

2018-05-18 11:46:54 - [MESSAGE][PASSED] - customKeywordsCollection.CustomKeywords.selectHFSShop is PASSED]]></system-out>
         <system-err><![CDATA[]]></system-err>
      </testcase>
      <testcase name="Test Cases/ChooseHFSShop/ShopNotFound/VisitShopNotFound" classname="Test Cases/ChooseHFSShop/ShopNotFound/VisitShopNotFound" status="PASSED">
         <system-out><![CDATA[2018-05-18 11:46:54 - [TEST_CASE][PASSED] - Test Cases/ChooseHFSShop/ShopNotFound/VisitShopNotFound: Test Cases/ChooseHFSShop/ShopNotFound/VisitShopNotFound

2018-05-18 11:46:55 - [TEST_STEP][PASSED] - verifyElementText: Actual text and expected text of test object 'Object Repository/ShopActionsScreenElements/Validate_ShopOptionsScreen' are matched.

2018-05-18 11:46:55 - [MESSAGE][PASSED] - Actual text and expected text of test object 'Object Repository/ShopActionsScreenElements/Validate_ShopOptionsScreen' are matched.

2018-05-18 11:46:55 - [TEST_STEP][PASSED] - delay: Delayed 1 second(s)

2018-05-18 11:46:56 - [MESSAGE][PASSED] - Delayed 1 second(s)

2018-05-18 11:46:56 - [TEST_STEP][PASSED] - tap: Tapped on element 'Object Repository/ShopActionsScreenElements/StartWorking'

2018-05-18 11:46:56 - [MESSAGE][WARNING] - Timeout '0' is invalid. Using default page load timeout: '30'

2018-05-18 11:46:57 - [MESSAGE][PASSED] - Tapped on element 'Object Repository/ShopActionsScreenElements/StartWorking'

2018-05-18 11:46:57 - [TEST_STEP][PASSED] - delay: Delayed 1 second(s)

2018-05-18 11:46:58 - [MESSAGE][PASSED] - Delayed 1 second(s)

2018-05-18 11:46:58 - [TEST_STEP][PASSED] - verifyElementExist: Element 'Object Repository/CommonScreenElements/Validate_InfoPopUpDialog' is exist

2018-05-18 11:46:58 - [MESSAGE][WARNING] - Timeout '0' is invalid. Using default page load timeout: '30'

2018-05-18 11:46:58 - [MESSAGE][PASSED] - Element 'Object Repository/CommonScreenElements/Validate_InfoPopUpDialog' is exist

2018-05-18 11:46:58 - [TEST_STEP][PASSED] - delay: Delayed 1 second(s)

2018-05-18 11:46:59 - [MESSAGE][PASSED] - Delayed 1 second(s)

2018-05-18 11:46:59 - [TEST_STEP][PASSED] - tap: Tapped on element 'Object Repository/CommonScreenElements/InfoPopUp_YesButton'

2018-05-18 11:46:59 - [MESSAGE][WARNING] - Timeout '0' is invalid. Using default page load timeout: '30'

2018-05-18 11:47:00 - [MESSAGE][PASSED] - Tapped on element 'Object Repository/CommonScreenElements/InfoPopUp_YesButton'

2018-05-18 11:47:00 - [TEST_STEP][PASSED] - delay: Delayed 18 second(s)

2018-05-18 11:47:18 - [MESSAGE][PASSED] - Delayed 18 second(s)

2018-05-18 11:47:18 - [TEST_STEP][PASSED] - verifyElementExist: Element 'Object Repository/CommonScreenElements/Validate_MapScreen' is exist

2018-05-18 11:47:18 - [MESSAGE][WARNING] - Timeout '0' is invalid. Using default page load timeout: '30'

2018-05-18 11:47:18 - [MESSAGE][PASSED] - Element 'Object Repository/CommonScreenElements/Validate_MapScreen' is exist

2018-05-18 11:47:18 - [TEST_STEP][PASSED] - delay: Delayed 1 second(s)

2018-05-18 11:47:19 - [MESSAGE][PASSED] - Delayed 1 second(s)

2018-05-18 11:47:19 - [TEST_STEP][PASSED] - tap: Tapped on element 'Object Repository/CommonScreenElements/CheckInButton'

2018-05-18 11:47:19 - [MESSAGE][WARNING] - Timeout '0' is invalid. Using default page load timeout: '30'

2018-05-18 11:47:20 - [MESSAGE][PASSED] - Tapped on element 'Object Repository/CommonScreenElements/CheckInButton'

2018-05-18 11:47:20 - [TEST_STEP][PASSED] - delay: Delayed 1 second(s)

2018-05-18 11:47:21 - [MESSAGE][PASSED] - Delayed 1 second(s)

2018-05-18 11:47:21 - [TEST_STEP][PASSED] - verifyElementExist: Element 'Object Repository/CommonScreenElements/Validate_InfoPopUpDialog' is exist

2018-05-18 11:47:21 - [MESSAGE][WARNING] - Timeout '0' is invalid. Using default page load timeout: '30'

2018-05-18 11:47:21 - [MESSAGE][PASSED] - Element 'Object Repository/CommonScreenElements/Validate_InfoPopUpDialog' is exist

2018-05-18 11:47:21 - [TEST_STEP][PASSED] - delay: Delayed 1 second(s)

2018-05-18 11:47:22 - [MESSAGE][PASSED] - Delayed 1 second(s)

2018-05-18 11:47:22 - [TEST_STEP][PASSED] - tap: Tapped on element 'Object Repository/CommonScreenElements/InfoPopUp_YesButton'

2018-05-18 11:47:22 - [MESSAGE][WARNING] - Timeout '0' is invalid. Using default page load timeout: '30'

2018-05-18 11:47:23 - [MESSAGE][PASSED] - Tapped on element 'Object Repository/CommonScreenElements/InfoPopUp_YesButton'

2018-05-18 11:47:23 - [TEST_STEP][PASSED] - delay: Delayed 1 second(s)

2018-05-18 11:47:24 - [MESSAGE][PASSED] - Delayed 1 second(s)

2018-05-18 11:47:24 - [TEST_STEP][PASSED] - verifyElementExist: Element 'Object Repository/ShopActionsScreenElements/ShopNotFound' is exist

2018-05-18 11:47:24 - [MESSAGE][WARNING] - Timeout '0' is invalid. Using default page load timeout: '30'

2018-05-18 11:47:24 - [MESSAGE][PASSED] - Element 'Object Repository/ShopActionsScreenElements/ShopNotFound' is exist

2018-05-18 11:47:24 - [TEST_STEP][PASSED] - delay: Delayed 1 second(s)

2018-05-18 11:47:25 - [MESSAGE][PASSED] - Delayed 1 second(s)

2018-05-18 11:47:25 - [TEST_STEP][PASSED] - tap: Tapped on element 'Object Repository/ShopActionsScreenElements/ShopNotFound'

2018-05-18 11:47:25 - [MESSAGE][WARNING] - Timeout '0' is invalid. Using default page load timeout: '30'

2018-05-18 11:47:26 - [MESSAGE][PASSED] - Tapped on element 'Object Repository/ShopActionsScreenElements/ShopNotFound'

2018-05-18 11:47:26 - [TEST_STEP][PASSED] - delay: Delayed 1 second(s)

2018-05-18 11:47:27 - [MESSAGE][PASSED] - Delayed 1 second(s)

2018-05-18 11:47:27 - [TEST_STEP][PASSED] - verifyElementExist: Element 'Object Repository/CommonScreenElements/Validate_InfoPopUpDialog' is exist

2018-05-18 11:47:27 - [MESSAGE][WARNING] - Timeout '0' is invalid. Using default page load timeout: '30'

2018-05-18 11:47:27 - [MESSAGE][PASSED] - Element 'Object Repository/CommonScreenElements/Validate_InfoPopUpDialog' is exist

2018-05-18 11:47:27 - [TEST_STEP][PASSED] - delay: Delayed 1 second(s)

2018-05-18 11:47:28 - [MESSAGE][PASSED] - Delayed 1 second(s)

2018-05-18 11:47:28 - [TEST_STEP][PASSED] - tap: Tapped on element 'Object Repository/CommonScreenElements/InfoPopUp_YesButton'

2018-05-18 11:47:28 - [MESSAGE][WARNING] - Timeout '0' is invalid. Using default page load timeout: '30'

2018-05-18 11:47:29 - [MESSAGE][PASSED] - Tapped on element 'Object Repository/CommonScreenElements/InfoPopUp_YesButton'

2018-05-18 11:47:29 - [TEST_STEP][PASSED] - delay: Delayed 1 second(s)

2018-05-18 11:47:30 - [MESSAGE][PASSED] - Delayed 1 second(s)]]></system-out>
         <system-err><![CDATA[]]></system-err>
      </testcase>
      <testcase name="Test Cases/ChooseHFSShop/ChooseShopForShopToBeRemoved" classname="Test Cases/ChooseHFSShop/ChooseShopForShopToBeRemoved" status="PASSED">
         <system-out><![CDATA[2018-05-18 11:47:30 - [TEST_CASE][PASSED] - Test Cases/ChooseHFSShop/ChooseShopForShopToBeRemoved: Test Cases/ChooseHFSShop/ChooseShopForShopToBeRemoved

2018-05-18 11:47:30 - [TEST_STEP][PASSED] - verifyElementText: Actual text and expected text of test object 'Object Repository/ShopActionsScreenElements/Validate_ShopsListScreen' are matched.

2018-05-18 11:47:31 - [MESSAGE][PASSED] - Actual text and expected text of test object 'Object Repository/ShopActionsScreenElements/Validate_ShopsListScreen' are matched.

2018-05-18 11:47:31 - [TEST_STEP][PASSED] - delay: Delayed 1 second(s)

2018-05-18 11:47:32 - [MESSAGE][PASSED] - Delayed 1 second(s)

2018-05-18 11:47:32 - [TEST_STEP][PASSED] - customKeywordsCollection.CustomKeywords.selectHFSShop: customKeywordsCollection.CustomKeywords.selectHFSShop is PASSED

2018-05-18 11:47:35 - [MESSAGE][PASSED] - Delayed 1 second(s)

2018-05-18 11:47:35 - [MESSAGE][PASSED] - customKeywordsCollection.CustomKeywords.selectHFSShop is PASSED]]></system-out>
         <system-err><![CDATA[]]></system-err>
      </testcase>
      <testcase name="Test Cases/ChooseHFSShop/ShopToBeRemoved/VisitShopToBeRemoved" classname="Test Cases/ChooseHFSShop/ShopToBeRemoved/VisitShopToBeRemoved" status="PASSED">
         <system-out><![CDATA[2018-05-18 11:47:35 - [TEST_CASE][PASSED] - Test Cases/ChooseHFSShop/ShopToBeRemoved/VisitShopToBeRemoved: Test Cases/ChooseHFSShop/ShopToBeRemoved/VisitShopToBeRemoved

2018-05-18 11:47:36 - [TEST_STEP][PASSED] - verifyElementText: Actual text and expected text of test object 'Object Repository/ShopActionsScreenElements/Validate_ShopOptionsScreen' are matched.

2018-05-18 11:47:36 - [MESSAGE][PASSED] - Actual text and expected text of test object 'Object Repository/ShopActionsScreenElements/Validate_ShopOptionsScreen' are matched.

2018-05-18 11:47:36 - [TEST_STEP][PASSED] - delay: Delayed 1 second(s)

2018-05-18 11:47:37 - [MESSAGE][PASSED] - Delayed 1 second(s)

2018-05-18 11:47:37 - [TEST_STEP][PASSED] - tap: Tapped on element 'Object Repository/ShopActionsScreenElements/StartWorking'

2018-05-18 11:47:37 - [MESSAGE][WARNING] - Timeout '0' is invalid. Using default page load timeout: '30'

2018-05-18 11:47:38 - [MESSAGE][PASSED] - Tapped on element 'Object Repository/ShopActionsScreenElements/StartWorking'

2018-05-18 11:47:38 - [TEST_STEP][PASSED] - delay: Delayed 1 second(s)

2018-05-18 11:47:39 - [MESSAGE][PASSED] - Delayed 1 second(s)

2018-05-18 11:47:39 - [TEST_STEP][PASSED] - verifyElementExist: Element 'Object Repository/CommonScreenElements/Validate_InfoPopUpDialog' is exist

2018-05-18 11:47:39 - [MESSAGE][WARNING] - Timeout '0' is invalid. Using default page load timeout: '30'

2018-05-18 11:47:39 - [MESSAGE][PASSED] - Element 'Object Repository/CommonScreenElements/Validate_InfoPopUpDialog' is exist

2018-05-18 11:47:39 - [TEST_STEP][PASSED] - delay: Delayed 1 second(s)

2018-05-18 11:47:40 - [MESSAGE][PASSED] - Delayed 1 second(s)

2018-05-18 11:47:40 - [TEST_STEP][PASSED] - tap: Tapped on element 'Object Repository/CommonScreenElements/InfoPopUp_YesButton'

2018-05-18 11:47:40 - [MESSAGE][WARNING] - Timeout '0' is invalid. Using default page load timeout: '30'

2018-05-18 11:47:41 - [MESSAGE][PASSED] - Tapped on element 'Object Repository/CommonScreenElements/InfoPopUp_YesButton'

2018-05-18 11:47:41 - [TEST_STEP][PASSED] - delay: Delayed 18 second(s)

2018-05-18 11:47:59 - [MESSAGE][PASSED] - Delayed 18 second(s)

2018-05-18 11:47:59 - [TEST_STEP][PASSED] - verifyElementExist: Element 'Object Repository/CommonScreenElements/Validate_MapScreen' is exist

2018-05-18 11:47:59 - [MESSAGE][WARNING] - Timeout '0' is invalid. Using default page load timeout: '30'

2018-05-18 11:47:59 - [MESSAGE][PASSED] - Element 'Object Repository/CommonScreenElements/Validate_MapScreen' is exist

2018-05-18 11:47:59 - [TEST_STEP][PASSED] - delay: Delayed 1 second(s)

2018-05-18 11:48:00 - [MESSAGE][PASSED] - Delayed 1 second(s)

2018-05-18 11:48:00 - [TEST_STEP][PASSED] - tap: Tapped on element 'Object Repository/CommonScreenElements/CheckInButton'

2018-05-18 11:48:00 - [MESSAGE][WARNING] - Timeout '0' is invalid. Using default page load timeout: '30'

2018-05-18 11:48:01 - [MESSAGE][PASSED] - Tapped on element 'Object Repository/CommonScreenElements/CheckInButton'

2018-05-18 11:48:01 - [TEST_STEP][PASSED] - delay: Delayed 1 second(s)

2018-05-18 11:48:02 - [MESSAGE][PASSED] - Delayed 1 second(s)

2018-05-18 11:48:02 - [TEST_STEP][PASSED] - verifyElementExist: Element 'Object Repository/CommonScreenElements/Validate_InfoPopUpDialog' is exist

2018-05-18 11:48:02 - [MESSAGE][WARNING] - Timeout '0' is invalid. Using default page load timeout: '30'

2018-05-18 11:48:02 - [MESSAGE][PASSED] - Element 'Object Repository/CommonScreenElements/Validate_InfoPopUpDialog' is exist

2018-05-18 11:48:02 - [TEST_STEP][PASSED] - delay: Delayed 1 second(s)

2018-05-18 11:48:03 - [MESSAGE][PASSED] - Delayed 1 second(s)

2018-05-18 11:48:03 - [TEST_STEP][PASSED] - tap: Tapped on element 'Object Repository/CommonScreenElements/InfoPopUp_YesButton'

2018-05-18 11:48:03 - [MESSAGE][WARNING] - Timeout '0' is invalid. Using default page load timeout: '30'

2018-05-18 11:48:04 - [MESSAGE][PASSED] - Tapped on element 'Object Repository/CommonScreenElements/InfoPopUp_YesButton'

2018-05-18 11:48:04 - [TEST_STEP][PASSED] - delay: Delayed 1 second(s)

2018-05-18 11:48:05 - [MESSAGE][PASSED] - Delayed 1 second(s)

2018-05-18 11:48:05 - [TEST_STEP][PASSED] - verifyElementExist: Element 'Object Repository/ShopActionsScreenElements/ShopToBeRemoved' is exist

2018-05-18 11:48:05 - [MESSAGE][WARNING] - Timeout '0' is invalid. Using default page load timeout: '30'

2018-05-18 11:48:05 - [MESSAGE][PASSED] - Element 'Object Repository/ShopActionsScreenElements/ShopToBeRemoved' is exist

2018-05-18 11:48:05 - [TEST_STEP][PASSED] - delay: Delayed 1 second(s)

2018-05-18 11:48:06 - [MESSAGE][PASSED] - Delayed 1 second(s)

2018-05-18 11:48:06 - [TEST_STEP][PASSED] - tap: Tapped on element 'Object Repository/ShopActionsScreenElements/ShopToBeRemoved'

2018-05-18 11:48:06 - [MESSAGE][WARNING] - Timeout '0' is invalid. Using default page load timeout: '30'

2018-05-18 11:48:07 - [MESSAGE][PASSED] - Tapped on element 'Object Repository/ShopActionsScreenElements/ShopToBeRemoved'

2018-05-18 11:48:07 - [TEST_STEP][PASSED] - delay: Delayed 1 second(s)

2018-05-18 11:48:08 - [MESSAGE][PASSED] - Delayed 1 second(s)

2018-05-18 11:48:08 - [TEST_STEP][PASSED] - verifyElementExist: Element 'Object Repository/CommonScreenElements/Validate_InfoPopUpDialog' is exist

2018-05-18 11:48:08 - [MESSAGE][WARNING] - Timeout '0' is invalid. Using default page load timeout: '30'

2018-05-18 11:48:08 - [MESSAGE][PASSED] - Element 'Object Repository/CommonScreenElements/Validate_InfoPopUpDialog' is exist

2018-05-18 11:48:08 - [TEST_STEP][PASSED] - delay: Delayed 1 second(s)

2018-05-18 11:48:09 - [MESSAGE][PASSED] - Delayed 1 second(s)

2018-05-18 11:48:09 - [TEST_STEP][PASSED] - tap: Tapped on element 'Object Repository/CommonScreenElements/InfoPopUp_YesButton'

2018-05-18 11:48:09 - [MESSAGE][WARNING] - Timeout '0' is invalid. Using default page load timeout: '30'

2018-05-18 11:48:10 - [MESSAGE][PASSED] - Tapped on element 'Object Repository/CommonScreenElements/InfoPopUp_YesButton'

2018-05-18 11:48:10 - [TEST_STEP][PASSED] - delay: Delayed 1 second(s)

2018-05-18 11:48:11 - [MESSAGE][PASSED] - Delayed 1 second(s)]]></system-out>
         <system-err><![CDATA[]]></system-err>
      </testcase>
      <testcase name="Test Cases/ChooseHFSShop/ChooseShopForAreaClosed" classname="Test Cases/ChooseHFSShop/ChooseShopForAreaClosed" status="PASSED">
         <system-out><![CDATA[2018-05-18 11:48:11 - [TEST_CASE][PASSED] - Test Cases/ChooseHFSShop/ChooseShopForAreaClosed: Test Cases/ChooseHFSShop/ChooseShopForAreaClosed

2018-05-18 11:48:11 - [TEST_STEP][PASSED] - verifyElementText: Actual text and expected text of test object 'Object Repository/ShopActionsScreenElements/Validate_ShopsListScreen' are matched.

2018-05-18 11:48:12 - [MESSAGE][PASSED] - Actual text and expected text of test object 'Object Repository/ShopActionsScreenElements/Validate_ShopsListScreen' are matched.

2018-05-18 11:48:12 - [TEST_STEP][PASSED] - delay: Delayed 1 second(s)

2018-05-18 11:48:13 - [MESSAGE][PASSED] - Delayed 1 second(s)

2018-05-18 11:48:13 - [TEST_STEP][PASSED] - customKeywordsCollection.CustomKeywords.selectHFSShop: customKeywordsCollection.CustomKeywords.selectHFSShop is PASSED

2018-05-18 11:48:16 - [MESSAGE][PASSED] - Delayed 1 second(s)

2018-05-18 11:48:16 - [MESSAGE][PASSED] - customKeywordsCollection.CustomKeywords.selectHFSShop is PASSED]]></system-out>
         <system-err><![CDATA[]]></system-err>
      </testcase>
      <testcase name="Test Cases/ChooseHFSShop/AreaClosed/VisitAreaClosed" classname="Test Cases/ChooseHFSShop/AreaClosed/VisitAreaClosed" status="PASSED">
         <system-out><![CDATA[2018-05-18 11:48:16 - [TEST_CASE][PASSED] - Test Cases/ChooseHFSShop/AreaClosed/VisitAreaClosed: Test Cases/ChooseHFSShop/AreaClosed/VisitAreaClosed

2018-05-18 11:48:17 - [TEST_STEP][PASSED] - verifyElementText: Actual text and expected text of test object 'Object Repository/ShopActionsScreenElements/Validate_ShopOptionsScreen' are matched.

2018-05-18 11:48:17 - [MESSAGE][PASSED] - Actual text and expected text of test object 'Object Repository/ShopActionsScreenElements/Validate_ShopOptionsScreen' are matched.

2018-05-18 11:48:17 - [TEST_STEP][PASSED] - delay: Delayed 1 second(s)

2018-05-18 11:48:18 - [MESSAGE][PASSED] - Delayed 1 second(s)

2018-05-18 11:48:18 - [TEST_STEP][PASSED] - tap: Tapped on element 'Object Repository/ShopActionsScreenElements/StartWorking'

2018-05-18 11:48:18 - [MESSAGE][WARNING] - Timeout '0' is invalid. Using default page load timeout: '30'

2018-05-18 11:48:19 - [MESSAGE][PASSED] - Tapped on element 'Object Repository/ShopActionsScreenElements/StartWorking'

2018-05-18 11:48:19 - [TEST_STEP][PASSED] - delay: Delayed 1 second(s)

2018-05-18 11:48:20 - [MESSAGE][PASSED] - Delayed 1 second(s)

2018-05-18 11:48:20 - [TEST_STEP][PASSED] - verifyElementExist: Element 'Object Repository/CommonScreenElements/Validate_InfoPopUpDialog' is exist

2018-05-18 11:48:20 - [MESSAGE][WARNING] - Timeout '0' is invalid. Using default page load timeout: '30'

2018-05-18 11:48:20 - [MESSAGE][PASSED] - Element 'Object Repository/CommonScreenElements/Validate_InfoPopUpDialog' is exist

2018-05-18 11:48:20 - [TEST_STEP][PASSED] - delay: Delayed 1 second(s)

2018-05-18 11:48:21 - [MESSAGE][PASSED] - Delayed 1 second(s)

2018-05-18 11:48:21 - [TEST_STEP][PASSED] - tap: Tapped on element 'Object Repository/CommonScreenElements/InfoPopUp_YesButton'

2018-05-18 11:48:21 - [MESSAGE][WARNING] - Timeout '0' is invalid. Using default page load timeout: '30'

2018-05-18 11:48:22 - [MESSAGE][PASSED] - Tapped on element 'Object Repository/CommonScreenElements/InfoPopUp_YesButton'

2018-05-18 11:48:22 - [TEST_STEP][PASSED] - delay: Delayed 18 second(s)

2018-05-18 11:48:40 - [MESSAGE][PASSED] - Delayed 18 second(s)

2018-05-18 11:48:40 - [TEST_STEP][PASSED] - verifyElementExist: Element 'Object Repository/CommonScreenElements/Validate_MapScreen' is exist

2018-05-18 11:48:40 - [MESSAGE][WARNING] - Timeout '0' is invalid. Using default page load timeout: '30'

2018-05-18 11:48:40 - [MESSAGE][PASSED] - Element 'Object Repository/CommonScreenElements/Validate_MapScreen' is exist

2018-05-18 11:48:40 - [TEST_STEP][PASSED] - delay: Delayed 1 second(s)

2018-05-18 11:48:41 - [MESSAGE][PASSED] - Delayed 1 second(s)

2018-05-18 11:48:41 - [TEST_STEP][PASSED] - tap: Tapped on element 'Object Repository/CommonScreenElements/CheckInButton'

2018-05-18 11:48:41 - [MESSAGE][WARNING] - Timeout '0' is invalid. Using default page load timeout: '30'

2018-05-18 11:48:42 - [MESSAGE][PASSED] - Tapped on element 'Object Repository/CommonScreenElements/CheckInButton'

2018-05-18 11:48:42 - [TEST_STEP][PASSED] - delay: Delayed 1 second(s)

2018-05-18 11:48:43 - [MESSAGE][PASSED] - Delayed 1 second(s)

2018-05-18 11:48:43 - [TEST_STEP][PASSED] - verifyElementExist: Element 'Object Repository/CommonScreenElements/Validate_InfoPopUpDialog' is exist

2018-05-18 11:48:43 - [MESSAGE][WARNING] - Timeout '0' is invalid. Using default page load timeout: '30'

2018-05-18 11:48:43 - [MESSAGE][PASSED] - Element 'Object Repository/CommonScreenElements/Validate_InfoPopUpDialog' is exist

2018-05-18 11:48:43 - [TEST_STEP][PASSED] - delay: Delayed 1 second(s)

2018-05-18 11:48:44 - [MESSAGE][PASSED] - Delayed 1 second(s)

2018-05-18 11:48:44 - [TEST_STEP][PASSED] - tap: Tapped on element 'Object Repository/CommonScreenElements/InfoPopUp_YesButton'

2018-05-18 11:48:44 - [MESSAGE][WARNING] - Timeout '0' is invalid. Using default page load timeout: '30'

2018-05-18 11:48:45 - [MESSAGE][PASSED] - Tapped on element 'Object Repository/CommonScreenElements/InfoPopUp_YesButton'

2018-05-18 11:48:45 - [TEST_STEP][PASSED] - delay: Delayed 1 second(s)

2018-05-18 11:48:46 - [MESSAGE][PASSED] - Delayed 1 second(s)

2018-05-18 11:48:46 - [TEST_STEP][PASSED] - verifyElementExist: Element 'Object Repository/ShopActionsScreenElements/AreaClosed' is exist

2018-05-18 11:48:46 - [MESSAGE][WARNING] - Timeout '0' is invalid. Using default page load timeout: '30'

2018-05-18 11:48:46 - [MESSAGE][PASSED] - Element 'Object Repository/ShopActionsScreenElements/AreaClosed' is exist

2018-05-18 11:48:46 - [TEST_STEP][PASSED] - delay: Delayed 1 second(s)

2018-05-18 11:48:47 - [MESSAGE][PASSED] - Delayed 1 second(s)

2018-05-18 11:48:47 - [TEST_STEP][PASSED] - tap: Tapped on element 'Object Repository/ShopActionsScreenElements/AreaClosed'

2018-05-18 11:48:47 - [MESSAGE][WARNING] - Timeout '0' is invalid. Using default page load timeout: '30'

2018-05-18 11:48:49 - [MESSAGE][PASSED] - Tapped on element 'Object Repository/ShopActionsScreenElements/AreaClosed'

2018-05-18 11:48:49 - [TEST_STEP][PASSED] - delay: Delayed 1 second(s)

2018-05-18 11:48:50 - [MESSAGE][PASSED] - Delayed 1 second(s)

2018-05-18 11:48:50 - [TEST_STEP][PASSED] - verifyElementExist: Element 'Object Repository/CommonScreenElements/Validate_CameraScreen' is exist

2018-05-18 11:48:50 - [MESSAGE][WARNING] - Timeout '0' is invalid. Using default page load timeout: '30'

2018-05-18 11:48:50 - [MESSAGE][PASSED] - Element 'Object Repository/CommonScreenElements/Validate_CameraScreen' is exist

2018-05-18 11:48:50 - [TEST_STEP][PASSED] - delay: Delayed 1 second(s)

2018-05-18 11:48:51 - [MESSAGE][PASSED] - Delayed 1 second(s)

2018-05-18 11:48:51 - [TEST_STEP][PASSED] - tap: Tapped on element 'Object Repository/CommonScreenElements/TakePictureButton'

2018-05-18 11:48:51 - [MESSAGE][WARNING] - Timeout '0' is invalid. Using default page load timeout: '30'

2018-05-18 11:48:54 - [MESSAGE][PASSED] - Tapped on element 'Object Repository/CommonScreenElements/TakePictureButton'

2018-05-18 11:48:54 - [TEST_STEP][PASSED] - delay: Delayed 5 second(s)

2018-05-18 11:48:59 - [MESSAGE][PASSED] - Delayed 5 second(s)

2018-05-18 11:48:59 - [TEST_STEP][PASSED] - tap: Tapped on element 'Object Repository/CommonScreenElements/DoneButton'

2018-05-18 11:48:59 - [MESSAGE][WARNING] - Timeout '0' is invalid. Using default page load timeout: '30'

2018-05-18 11:49:00 - [MESSAGE][PASSED] - Tapped on element 'Object Repository/CommonScreenElements/DoneButton'

2018-05-18 11:49:00 - [TEST_STEP][PASSED] - delay: Delayed 1 second(s)

2018-05-18 11:49:01 - [MESSAGE][PASSED] - Delayed 1 second(s)]]></system-out>
         <system-err><![CDATA[]]></system-err>
      </testcase>
      <testcase name="Test Cases/ChooseHFSShop/ChooseShopForRetailerDidNotAllow" classname="Test Cases/ChooseHFSShop/ChooseShopForRetailerDidNotAllow" status="PASSED">
         <system-out><![CDATA[2018-05-18 11:49:01 - [TEST_CASE][PASSED] - Test Cases/ChooseHFSShop/ChooseShopForRetailerDidNotAllow: Test Cases/ChooseHFSShop/ChooseShopForRetailerDidNotAllow

2018-05-18 11:49:01 - [TEST_STEP][PASSED] - verifyElementText: Actual text and expected text of test object 'Object Repository/ShopActionsScreenElements/Validate_ShopsListScreen' are matched.

2018-05-18 11:49:02 - [MESSAGE][PASSED] - Actual text and expected text of test object 'Object Repository/ShopActionsScreenElements/Validate_ShopsListScreen' are matched.

2018-05-18 11:49:02 - [TEST_STEP][PASSED] - delay: Delayed 1 second(s)

2018-05-18 11:49:03 - [MESSAGE][PASSED] - Delayed 1 second(s)

2018-05-18 11:49:03 - [TEST_STEP][PASSED] - customKeywordsCollection.CustomKeywords.selectHFSShop: customKeywordsCollection.CustomKeywords.selectHFSShop is PASSED

2018-05-18 11:49:06 - [MESSAGE][PASSED] - Delayed 1 second(s)

2018-05-18 11:49:06 - [MESSAGE][PASSED] - customKeywordsCollection.CustomKeywords.selectHFSShop is PASSED]]></system-out>
         <system-err><![CDATA[]]></system-err>
      </testcase>
      <testcase name="Test Cases/ChooseHFSShop/RetailerDidNotAllow/VisitRetailerDidNotAllow" classname="Test Cases/ChooseHFSShop/RetailerDidNotAllow/VisitRetailerDidNotAllow" status="PASSED">
         <system-out><![CDATA[2018-05-18 11:49:06 - [TEST_CASE][PASSED] - Test Cases/ChooseHFSShop/RetailerDidNotAllow/VisitRetailerDidNotAllow: Test Cases/ChooseHFSShop/RetailerDidNotAllow/VisitRetailerDidNotAllow

2018-05-18 11:49:07 - [TEST_STEP][PASSED] - verifyElementText: Actual text and expected text of test object 'Object Repository/ShopActionsScreenElements/Validate_ShopOptionsScreen' are matched.

2018-05-18 11:49:07 - [MESSAGE][PASSED] - Actual text and expected text of test object 'Object Repository/ShopActionsScreenElements/Validate_ShopOptionsScreen' are matched.

2018-05-18 11:49:07 - [TEST_STEP][PASSED] - delay: Delayed 1 second(s)

2018-05-18 11:49:08 - [MESSAGE][PASSED] - Delayed 1 second(s)

2018-05-18 11:49:08 - [TEST_STEP][PASSED] - tap: Tapped on element 'Object Repository/ShopActionsScreenElements/StartWorking'

2018-05-18 11:49:08 - [MESSAGE][WARNING] - Timeout '0' is invalid. Using default page load timeout: '30'

2018-05-18 11:49:09 - [MESSAGE][PASSED] - Tapped on element 'Object Repository/ShopActionsScreenElements/StartWorking'

2018-05-18 11:49:09 - [TEST_STEP][PASSED] - delay: Delayed 1 second(s)

2018-05-18 11:49:10 - [MESSAGE][PASSED] - Delayed 1 second(s)

2018-05-18 11:49:10 - [TEST_STEP][PASSED] - verifyElementExist: Element 'Object Repository/CommonScreenElements/Validate_InfoPopUpDialog' is exist

2018-05-18 11:49:10 - [MESSAGE][WARNING] - Timeout '0' is invalid. Using default page load timeout: '30'

2018-05-18 11:49:10 - [MESSAGE][PASSED] - Element 'Object Repository/CommonScreenElements/Validate_InfoPopUpDialog' is exist

2018-05-18 11:49:10 - [TEST_STEP][PASSED] - delay: Delayed 1 second(s)

2018-05-18 11:49:11 - [MESSAGE][PASSED] - Delayed 1 second(s)

2018-05-18 11:49:11 - [TEST_STEP][PASSED] - tap: Tapped on element 'Object Repository/CommonScreenElements/InfoPopUp_YesButton'

2018-05-18 11:49:11 - [MESSAGE][WARNING] - Timeout '0' is invalid. Using default page load timeout: '30'

2018-05-18 11:49:12 - [MESSAGE][PASSED] - Tapped on element 'Object Repository/CommonScreenElements/InfoPopUp_YesButton'

2018-05-18 11:49:12 - [TEST_STEP][PASSED] - delay: Delayed 18 second(s)

2018-05-18 11:49:30 - [MESSAGE][PASSED] - Delayed 18 second(s)

2018-05-18 11:49:30 - [TEST_STEP][PASSED] - verifyElementExist: Element 'Object Repository/CommonScreenElements/Validate_MapScreen' is exist

2018-05-18 11:49:30 - [MESSAGE][WARNING] - Timeout '0' is invalid. Using default page load timeout: '30'

2018-05-18 11:49:30 - [MESSAGE][PASSED] - Element 'Object Repository/CommonScreenElements/Validate_MapScreen' is exist

2018-05-18 11:49:30 - [TEST_STEP][PASSED] - delay: Delayed 1 second(s)

2018-05-18 11:49:31 - [MESSAGE][PASSED] - Delayed 1 second(s)

2018-05-18 11:49:31 - [TEST_STEP][PASSED] - tap: Tapped on element 'Object Repository/CommonScreenElements/CheckInButton'

2018-05-18 11:49:31 - [MESSAGE][WARNING] - Timeout '0' is invalid. Using default page load timeout: '30'

2018-05-18 11:49:31 - [MESSAGE][PASSED] - Tapped on element 'Object Repository/CommonScreenElements/CheckInButton'

2018-05-18 11:49:31 - [TEST_STEP][PASSED] - delay: Delayed 1 second(s)

2018-05-18 11:49:32 - [MESSAGE][PASSED] - Delayed 1 second(s)

2018-05-18 11:49:32 - [TEST_STEP][PASSED] - verifyElementExist: Element 'Object Repository/CommonScreenElements/Validate_InfoPopUpDialog' is exist

2018-05-18 11:49:32 - [MESSAGE][WARNING] - Timeout '0' is invalid. Using default page load timeout: '30'

2018-05-18 11:49:33 - [MESSAGE][PASSED] - Element 'Object Repository/CommonScreenElements/Validate_InfoPopUpDialog' is exist

2018-05-18 11:49:33 - [TEST_STEP][PASSED] - delay: Delayed 1 second(s)

2018-05-18 11:49:34 - [MESSAGE][PASSED] - Delayed 1 second(s)

2018-05-18 11:49:34 - [TEST_STEP][PASSED] - tap: Tapped on element 'Object Repository/CommonScreenElements/InfoPopUp_YesButton'

2018-05-18 11:49:34 - [MESSAGE][WARNING] - Timeout '0' is invalid. Using default page load timeout: '30'

2018-05-18 11:49:34 - [MESSAGE][PASSED] - Tapped on element 'Object Repository/CommonScreenElements/InfoPopUp_YesButton'

2018-05-18 11:49:34 - [TEST_STEP][PASSED] - delay: Delayed 1 second(s)

2018-05-18 11:49:35 - [MESSAGE][PASSED] - Delayed 1 second(s)

2018-05-18 11:49:35 - [TEST_STEP][PASSED] - verifyElementExist: Element 'Object Repository/ShopActionsScreenElements/RetailerDidNotAllow' is exist

2018-05-18 11:49:35 - [MESSAGE][WARNING] - Timeout '0' is invalid. Using default page load timeout: '30'

2018-05-18 11:49:36 - [MESSAGE][PASSED] - Element 'Object Repository/ShopActionsScreenElements/RetailerDidNotAllow' is exist

2018-05-18 11:49:36 - [TEST_STEP][PASSED] - delay: Delayed 1 second(s)

2018-05-18 11:49:37 - [MESSAGE][PASSED] - Delayed 1 second(s)

2018-05-18 11:49:37 - [TEST_STEP][PASSED] - tap: Tapped on element 'Object Repository/ShopActionsScreenElements/RetailerDidNotAllow'

2018-05-18 11:49:37 - [MESSAGE][WARNING] - Timeout '0' is invalid. Using default page load timeout: '30'

2018-05-18 11:49:38 - [MESSAGE][PASSED] - Tapped on element 'Object Repository/ShopActionsScreenElements/RetailerDidNotAllow'

2018-05-18 11:49:38 - [TEST_STEP][PASSED] - delay: Delayed 1 second(s)

2018-05-18 11:49:39 - [MESSAGE][PASSED] - Delayed 1 second(s)

2018-05-18 11:49:39 - [TEST_STEP][PASSED] - verifyElementExist: Element 'Object Repository/CommonScreenElements/Validate_CameraScreen' is exist

2018-05-18 11:49:39 - [MESSAGE][WARNING] - Timeout '0' is invalid. Using default page load timeout: '30'

2018-05-18 11:49:40 - [MESSAGE][PASSED] - Element 'Object Repository/CommonScreenElements/Validate_CameraScreen' is exist

2018-05-18 11:49:40 - [TEST_STEP][PASSED] - delay: Delayed 1 second(s)

2018-05-18 11:49:41 - [MESSAGE][PASSED] - Delayed 1 second(s)

2018-05-18 11:49:41 - [TEST_STEP][PASSED] - tap: Tapped on element 'Object Repository/CommonScreenElements/TakePictureButton'

2018-05-18 11:49:41 - [MESSAGE][WARNING] - Timeout '0' is invalid. Using default page load timeout: '30'

2018-05-18 11:49:44 - [MESSAGE][PASSED] - Tapped on element 'Object Repository/CommonScreenElements/TakePictureButton'

2018-05-18 11:49:44 - [TEST_STEP][PASSED] - delay: Delayed 5 second(s)

2018-05-18 11:49:49 - [MESSAGE][PASSED] - Delayed 5 second(s)

2018-05-18 11:49:49 - [TEST_STEP][PASSED] - tap: Tapped on element 'Object Repository/CommonScreenElements/DoneButton'

2018-05-18 11:49:49 - [MESSAGE][WARNING] - Timeout '0' is invalid. Using default page load timeout: '30'

2018-05-18 11:49:50 - [MESSAGE][PASSED] - Tapped on element 'Object Repository/CommonScreenElements/DoneButton'

2018-05-18 11:49:50 - [TEST_STEP][PASSED] - delay: Delayed 1 second(s)

2018-05-18 11:49:51 - [MESSAGE][PASSED] - Delayed 1 second(s)

2018-05-18 11:49:51 - [TEST_STEP][PASSED] - verifyElementText: Actual text and expected text of test object 'Object Repository/ShopActionsScreenElements/Validate_ShopRemarksScreen' are matched.

2018-05-18 11:49:51 - [MESSAGE][PASSED] - Actual text and expected text of test object 'Object Repository/ShopActionsScreenElements/Validate_ShopRemarksScreen' are matched.

2018-05-18 11:49:51 - [TEST_STEP][PASSED] - delay: Delayed 1 second(s)

2018-05-18 11:49:52 - [MESSAGE][PASSED] - Delayed 1 second(s)

2018-05-18 11:49:52 - [TEST_STEP][PASSED] - tap: Tapped on element 'Object Repository/ShopActionsScreenElements/ShopRemarks_Others'

2018-05-18 11:49:52 - [MESSAGE][WARNING] - Timeout '0' is invalid. Using default page load timeout: '30'

2018-05-18 11:49:53 - [MESSAGE][PASSED] - Tapped on element 'Object Repository/ShopActionsScreenElements/ShopRemarks_Others'

2018-05-18 11:49:53 - [TEST_STEP][PASSED] - delay: Delayed 1 second(s)

2018-05-18 11:49:54 - [MESSAGE][PASSED] - Delayed 1 second(s)

2018-05-18 11:49:54 - [TEST_STEP][PASSED] - tap: Tapped on element 'Object Repository/ShopActionsScreenElements/ShopRemarks_BackButton'

2018-05-18 11:49:54 - [MESSAGE][WARNING] - Timeout '0' is invalid. Using default page load timeout: '30'

2018-05-18 11:49:55 - [MESSAGE][PASSED] - Tapped on element 'Object Repository/ShopActionsScreenElements/ShopRemarks_BackButton'

2018-05-18 11:49:55 - [TEST_STEP][PASSED] - delay: Delayed 1 second(s)

2018-05-18 11:49:56 - [MESSAGE][PASSED] - Delayed 1 second(s)]]></system-out>
         <system-err><![CDATA[]]></system-err>
      </testcase>
      <testcase name="Test Cases/ChooseHFSShop/ChooseShopForShopOpen" classname="Test Cases/ChooseHFSShop/ChooseShopForShopOpen" status="PASSED">
         <system-out><![CDATA[2018-05-18 11:49:56 - [TEST_CASE][PASSED] - Test Cases/ChooseHFSShop/ChooseShopForShopOpen: Test Cases/ChooseHFSShop/ChooseShopForShopOpen

2018-05-18 11:49:57 - [TEST_STEP][PASSED] - verifyElementText: Actual text and expected text of test object 'Object Repository/ShopActionsScreenElements/Validate_ShopsListScreen' are matched.

2018-05-18 11:49:58 - [MESSAGE][PASSED] - Actual text and expected text of test object 'Object Repository/ShopActionsScreenElements/Validate_ShopsListScreen' are matched.

2018-05-18 11:49:58 - [TEST_STEP][PASSED] - delay: Delayed 1 second(s)

2018-05-18 11:49:59 - [MESSAGE][PASSED] - Delayed 1 second(s)

2018-05-18 11:49:59 - [TEST_STEP][PASSED] - customKeywordsCollection.CustomKeywords.selectHFSShop: customKeywordsCollection.CustomKeywords.selectHFSShop is PASSED

2018-05-18 11:50:02 - [MESSAGE][PASSED] - Delayed 1 second(s)

2018-05-18 11:50:02 - [MESSAGE][PASSED] - customKeywordsCollection.CustomKeywords.selectHFSShop is PASSED]]></system-out>
         <system-err><![CDATA[]]></system-err>
      </testcase>
      <testcase name="Test Cases/ChooseHFSShop/ShopOpen/VisitShopOpen" classname="Test Cases/ChooseHFSShop/ShopOpen/VisitShopOpen" status="PASSED">
         <system-out><![CDATA[2018-05-18 11:50:02 - [TEST_CASE][PASSED] - Test Cases/ChooseHFSShop/ShopOpen/VisitShopOpen: Test Cases/ChooseHFSShop/ShopOpen/VisitShopOpen

2018-05-18 11:50:03 - [TEST_STEP][PASSED] - verifyElementText: Actual text and expected text of test object 'Object Repository/ShopActionsScreenElements/Validate_ShopOptionsScreen' are matched.

2018-05-18 11:50:03 - [MESSAGE][PASSED] - Actual text and expected text of test object 'Object Repository/ShopActionsScreenElements/Validate_ShopOptionsScreen' are matched.

2018-05-18 11:50:03 - [TEST_STEP][PASSED] - delay: Delayed 1 second(s)

2018-05-18 11:50:04 - [MESSAGE][PASSED] - Delayed 1 second(s)

2018-05-18 11:50:04 - [TEST_STEP][PASSED] - tap: Tapped on element 'Object Repository/ShopActionsScreenElements/StartWorking'

2018-05-18 11:50:04 - [MESSAGE][WARNING] - Timeout '0' is invalid. Using default page load timeout: '30'

2018-05-18 11:50:05 - [MESSAGE][PASSED] - Tapped on element 'Object Repository/ShopActionsScreenElements/StartWorking'

2018-05-18 11:50:05 - [TEST_STEP][PASSED] - delay: Delayed 1 second(s)

2018-05-18 11:50:06 - [MESSAGE][PASSED] - Delayed 1 second(s)

2018-05-18 11:50:06 - [TEST_STEP][PASSED] - verifyElementExist: Element 'Object Repository/CommonScreenElements/Validate_InfoPopUpDialog' is exist

2018-05-18 11:50:06 - [MESSAGE][WARNING] - Timeout '0' is invalid. Using default page load timeout: '30'

2018-05-18 11:50:06 - [MESSAGE][PASSED] - Element 'Object Repository/CommonScreenElements/Validate_InfoPopUpDialog' is exist

2018-05-18 11:50:06 - [TEST_STEP][PASSED] - delay: Delayed 1 second(s)

2018-05-18 11:50:07 - [MESSAGE][PASSED] - Delayed 1 second(s)

2018-05-18 11:50:07 - [TEST_STEP][PASSED] - tap: Tapped on element 'Object Repository/CommonScreenElements/InfoPopUp_YesButton'

2018-05-18 11:50:07 - [MESSAGE][WARNING] - Timeout '0' is invalid. Using default page load timeout: '30'

2018-05-18 11:50:08 - [MESSAGE][PASSED] - Tapped on element 'Object Repository/CommonScreenElements/InfoPopUp_YesButton'

2018-05-18 11:50:08 - [TEST_STEP][PASSED] - delay: Delayed 18 second(s)

2018-05-18 11:50:26 - [MESSAGE][PASSED] - Delayed 18 second(s)

2018-05-18 11:50:26 - [TEST_STEP][PASSED] - verifyElementExist: Element 'Object Repository/CommonScreenElements/Validate_MapScreen' is exist

2018-05-18 11:50:26 - [MESSAGE][WARNING] - Timeout '0' is invalid. Using default page load timeout: '30'

2018-05-18 11:50:26 - [MESSAGE][PASSED] - Element 'Object Repository/CommonScreenElements/Validate_MapScreen' is exist

2018-05-18 11:50:26 - [TEST_STEP][PASSED] - delay: Delayed 1 second(s)

2018-05-18 11:50:27 - [MESSAGE][PASSED] - Delayed 1 second(s)

2018-05-18 11:50:27 - [TEST_STEP][PASSED] - tap: Tapped on element 'Object Repository/CommonScreenElements/CheckInButton'

2018-05-18 11:50:27 - [MESSAGE][WARNING] - Timeout '0' is invalid. Using default page load timeout: '30'

2018-05-18 11:50:27 - [MESSAGE][PASSED] - Tapped on element 'Object Repository/CommonScreenElements/CheckInButton'

2018-05-18 11:50:27 - [TEST_STEP][PASSED] - delay: Delayed 1 second(s)

2018-05-18 11:50:28 - [MESSAGE][PASSED] - Delayed 1 second(s)

2018-05-18 11:50:28 - [TEST_STEP][PASSED] - verifyElementExist: Element 'Object Repository/CommonScreenElements/Validate_InfoPopUpDialog' is exist

2018-05-18 11:50:28 - [MESSAGE][WARNING] - Timeout '0' is invalid. Using default page load timeout: '30'

2018-05-18 11:50:29 - [MESSAGE][PASSED] - Element 'Object Repository/CommonScreenElements/Validate_InfoPopUpDialog' is exist

2018-05-18 11:50:29 - [TEST_STEP][PASSED] - delay: Delayed 1 second(s)

2018-05-18 11:50:30 - [MESSAGE][PASSED] - Delayed 1 second(s)

2018-05-18 11:50:30 - [TEST_STEP][PASSED] - tap: Tapped on element 'Object Repository/CommonScreenElements/InfoPopUp_YesButton'

2018-05-18 11:50:30 - [MESSAGE][WARNING] - Timeout '0' is invalid. Using default page load timeout: '30'

2018-05-18 11:50:30 - [MESSAGE][PASSED] - Tapped on element 'Object Repository/CommonScreenElements/InfoPopUp_YesButton'

2018-05-18 11:50:30 - [TEST_STEP][PASSED] - delay: Delayed 1 second(s)

2018-05-18 11:50:31 - [MESSAGE][PASSED] - Delayed 1 second(s)

2018-05-18 11:50:31 - [TEST_STEP][PASSED] - verifyElementExist: Element 'Object Repository/ShopActionsScreenElements/ShopOpen' is exist

2018-05-18 11:50:31 - [MESSAGE][WARNING] - Timeout '0' is invalid. Using default page load timeout: '30'

2018-05-18 11:50:32 - [MESSAGE][PASSED] - Element 'Object Repository/ShopActionsScreenElements/ShopOpen' is exist

2018-05-18 11:50:32 - [TEST_STEP][PASSED] - delay: Delayed 1 second(s)

2018-05-18 11:50:33 - [MESSAGE][PASSED] - Delayed 1 second(s)

2018-05-18 11:50:33 - [TEST_STEP][PASSED] - tap: Tapped on element 'Object Repository/ShopActionsScreenElements/ShopOpen'

2018-05-18 11:50:33 - [MESSAGE][WARNING] - Timeout '0' is invalid. Using default page load timeout: '30'

2018-05-18 11:50:35 - [MESSAGE][PASSED] - Tapped on element 'Object Repository/ShopActionsScreenElements/ShopOpen'

2018-05-18 11:50:35 - [TEST_STEP][PASSED] - delay: Delayed 1 second(s)

2018-05-18 11:50:36 - [MESSAGE][PASSED] - Delayed 1 second(s)

2018-05-18 11:50:36 - [TEST_STEP][PASSED] - verifyElementExist: Element 'Object Repository/CommonScreenElements/Validate_CameraScreen' is exist

2018-05-18 11:50:36 - [MESSAGE][WARNING] - Timeout '0' is invalid. Using default page load timeout: '30'

2018-05-18 11:50:36 - [MESSAGE][PASSED] - Element 'Object Repository/CommonScreenElements/Validate_CameraScreen' is exist

2018-05-18 11:50:36 - [TEST_STEP][PASSED] - delay: Delayed 1 second(s)

2018-05-18 11:50:37 - [MESSAGE][PASSED] - Delayed 1 second(s)

2018-05-18 11:50:37 - [TEST_STEP][PASSED] - tap: Tapped on element 'Object Repository/CommonScreenElements/TakePictureButton'

2018-05-18 11:50:37 - [MESSAGE][WARNING] - Timeout '0' is invalid. Using default page load timeout: '30'

2018-05-18 11:50:40 - [MESSAGE][PASSED] - Tapped on element 'Object Repository/CommonScreenElements/TakePictureButton'

2018-05-18 11:50:40 - [TEST_STEP][PASSED] - delay: Delayed 5 second(s)

2018-05-18 11:50:45 - [MESSAGE][PASSED] - Delayed 5 second(s)

2018-05-18 11:50:45 - [TEST_STEP][PASSED] - tap: Tapped on element 'Object Repository/CommonScreenElements/DoneButton'

2018-05-18 11:50:45 - [MESSAGE][WARNING] - Timeout '0' is invalid. Using default page load timeout: '30'

2018-05-18 11:50:46 - [MESSAGE][PASSED] - Tapped on element 'Object Repository/CommonScreenElements/DoneButton'

2018-05-18 11:50:46 - [TEST_STEP][PASSED] - delay: Delayed 1 second(s)

2018-05-18 11:50:47 - [MESSAGE][PASSED] - Delayed 1 second(s)]]></system-out>
         <system-err><![CDATA[]]></system-err>
      </testcase>
      <testcase name="Test Cases/ChooseHFSShop/ShopOpen/ShopProducts/VisitShopProducts" classname="Test Cases/ChooseHFSShop/ShopOpen/ShopProducts/VisitShopProducts" status="PASSED">
         <system-out><![CDATA[2018-05-18 11:50:47 - [TEST_CASE][PASSED] - Test Cases/ChooseHFSShop/ShopOpen/ShopProducts/VisitShopProducts: Test Cases/ChooseHFSShop/ShopOpen/ShopProducts/VisitShopProducts

2018-05-18 11:50:48 - [TEST_STEP][PASSED] - verifyElementExist: Element 'Object Repository/ShopProductsScreenElements/Validate_ShopProductsScreen' is exist

2018-05-18 11:50:48 - [MESSAGE][WARNING] - Timeout '0' is invalid. Using default page load timeout: '30'

2018-05-18 11:50:49 - [MESSAGE][PASSED] - Element 'Object Repository/ShopProductsScreenElements/Validate_ShopProductsScreen' is exist

2018-05-18 11:50:49 - [TEST_STEP][PASSED] - delay: Delayed 1 second(s)

2018-05-18 11:50:50 - [MESSAGE][PASSED] - Delayed 1 second(s)

2018-05-18 11:50:50 - [TEST_STEP][PASSED] - customKeywordsCollection.CustomKeywords.visitShopProducts: customKeywordsCollection.CustomKeywords.visitShopProducts is PASSED

2018-05-18 11:50:53 - [MESSAGE][PASSED] - Delayed 1 second(s)

2018-05-18 11:50:53 - [TEST_CASE][PASSED] - Test Cases/ChooseHFSShop/ShopOpen/ShopProducts/HotSpot/VisitHotSpot: Test Cases/ChooseHFSShop/ShopOpen/ShopProducts/HotSpot/VisitHotSpot

2018-05-18 11:50:54 - [TEST_STEP][PASSED] - Statement - dataforhotspot = com.kms.katalon.core.testdata.TestDataFactory.findTestData(Data Files/Hotspot/VisitHotspot): Reading excel file with source file 'D:\(Katalon studio) GitProject\PnG_Merchandising\PnG_Merchandising\PnGMerchandising.xlsx' and sheet name 'Visit HotSpot'

2018-05-18 11:50:54 - [TEST_STEP][PASSED] - verifyElementText: Actual text and expected text of test object 'Object Repository/ShopProductsScreenElements/HotSpot/Validate_HotSpotScreen' are matched.

2018-05-18 11:50:55 - [MESSAGE][PASSED] - Actual text and expected text of test object 'Object Repository/ShopProductsScreenElements/HotSpot/Validate_HotSpotScreen' are matched.

2018-05-18 11:50:55 - [TEST_STEP][PASSED] - delay: Delayed 1 second(s)

2018-05-18 11:50:56 - [MESSAGE][PASSED] - Delayed 1 second(s)

2018-05-18 11:50:56 - [TEST_STEP][PASSED] - tap: Tapped on element 'Object Repository/ShopProductsScreenElements/HotSpot/VisitShopKeeperDidNotAllow/ShopKeeperDidNotAllow'

2018-05-18 11:50:56 - [MESSAGE][WARNING] - Timeout '0' is invalid. Using default page load timeout: '30'

2018-05-18 11:50:56 - [MESSAGE][PASSED] - Tapped on element 'Object Repository/ShopProductsScreenElements/HotSpot/VisitShopKeeperDidNotAllow/ShopKeeperDidNotAllow'

2018-05-18 11:50:56 - [TEST_STEP][PASSED] - delay: Delayed 1 second(s)

2018-05-18 11:50:57 - [MESSAGE][PASSED] - Delayed 1 second(s)

2018-05-18 11:50:57 - [TEST_STEP][PASSED] - verifyElementText: Actual text and expected text of test object 'Object Repository/ShopProductsScreenElements/HotSpot/VisitShopKeeperDidNotAllow/Validate_ShopKeeperDidnotAllowScreen' are matched.

2018-05-18 11:50:58 - [MESSAGE][PASSED] - Actual text and expected text of test object 'Object Repository/ShopProductsScreenElements/HotSpot/VisitShopKeeperDidNotAllow/Validate_ShopKeeperDidnotAllowScreen' are matched.

2018-05-18 11:50:58 - [TEST_STEP][PASSED] - delay: Delayed 1 second(s)

2018-05-18 11:50:59 - [MESSAGE][PASSED] - Delayed 1 second(s)

2018-05-18 11:50:59 - [TEST_STEP][PASSED] - tap: Tapped on element 'Object Repository/ShopProductsScreenElements/HotSpot/VisitShopKeeperDidNotAllow/CategoryRemarks_OthersOption'

2018-05-18 11:50:59 - [MESSAGE][WARNING] - Timeout '0' is invalid. Using default page load timeout: '30'

2018-05-18 11:51:01 - [MESSAGE][PASSED] - Tapped on element 'Object Repository/ShopProductsScreenElements/HotSpot/VisitShopKeeperDidNotAllow/CategoryRemarks_OthersOption'

2018-05-18 11:51:01 - [TEST_STEP][PASSED] - delay: Delayed 1 second(s)

2018-05-18 11:51:02 - [MESSAGE][PASSED] - Delayed 1 second(s)

2018-05-18 11:51:02 - [TEST_STEP][PASSED] - tap: Tapped on element 'Object Repository/ShopProductsScreenElements/HotSpot/VisitShopKeeperDidNotAllow/CategoryRemarks_BackButton'

2018-05-18 11:51:02 - [MESSAGE][WARNING] - Timeout '0' is invalid. Using default page load timeout: '30'

2018-05-18 11:51:03 - [MESSAGE][PASSED] - Tapped on element 'Object Repository/ShopProductsScreenElements/HotSpot/VisitShopKeeperDidNotAllow/CategoryRemarks_BackButton'

2018-05-18 11:51:03 - [TEST_STEP][PASSED] - delay: Delayed 1 second(s)

2018-05-18 11:51:04 - [MESSAGE][PASSED] - Delayed 1 second(s)

2018-05-18 11:51:04 - [TEST_STEP][PASSED] - customKeywordsCollection.CustomKeywords.findProductFromProductsList: customKeywordsCollection.CustomKeywords.findProductFromProductsList is PASSED

2018-05-18 11:51:07 - [MESSAGE][PASSED] - Delayed 1 second(s)

2018-05-18 11:51:12 - [MESSAGE][PASSED] - Swiped from 0,193 to 0,100

2018-05-18 11:51:14 - [MESSAGE][PASSED] - Delayed 2 second(s)

2018-05-18 11:51:14 - [MESSAGE][PASSED] - customKeywordsCollection.CustomKeywords.findProductFromProductsList is PASSED

2018-05-18 11:51:14 - [TEST_STEP][PASSED] - verifyElementText: Actual text and expected text of test object 'Object Repository/ShopProductsScreenElements/HotSpot/Validate_HotSpotScreen' are matched.

2018-05-18 11:51:15 - [MESSAGE][PASSED] - Actual text and expected text of test object 'Object Repository/ShopProductsScreenElements/HotSpot/Validate_HotSpotScreen' are matched.

2018-05-18 11:51:15 - [TEST_STEP][PASSED] - delay: Delayed 1 second(s)

2018-05-18 11:51:16 - [MESSAGE][PASSED] - Delayed 1 second(s)

2018-05-18 11:51:16 - [TEST_STEP][PASSED] - tap: Tapped on element 'Object Repository/ShopProductsScreenElements/HotSpot/VisitHotSpotNotAvailable/HotspotNotAvailable'

2018-05-18 11:51:16 - [MESSAGE][WARNING] - Timeout '0' is invalid. Using default page load timeout: '30'

2018-05-18 11:51:18 - [MESSAGE][PASSED] - Tapped on element 'Object Repository/ShopProductsScreenElements/HotSpot/VisitHotSpotNotAvailable/HotspotNotAvailable'

2018-05-18 11:51:18 - [TEST_STEP][PASSED] - delay: Delayed 1 second(s)

2018-05-18 11:51:19 - [MESSAGE][PASSED] - Delayed 1 second(s)

2018-05-18 11:51:19 - [TEST_STEP][PASSED] - verifyElementExist: Element 'Object Repository/CommonScreenElements/Validate_CameraScreen' is exist

2018-05-18 11:51:19 - [MESSAGE][WARNING] - Timeout '0' is invalid. Using default page load timeout: '30'

2018-05-18 11:51:19 - [MESSAGE][PASSED] - Element 'Object Repository/CommonScreenElements/Validate_CameraScreen' is exist

2018-05-18 11:51:19 - [TEST_STEP][PASSED] - delay: Delayed 1 second(s)

2018-05-18 11:51:20 - [MESSAGE][PASSED] - Delayed 1 second(s)

2018-05-18 11:51:20 - [TEST_STEP][PASSED] - tap: Tapped on element 'Object Repository/CommonScreenElements/TakePictureButton'

2018-05-18 11:51:20 - [MESSAGE][WARNING] - Timeout '0' is invalid. Using default page load timeout: '30'

2018-05-18 11:51:23 - [MESSAGE][PASSED] - Tapped on element 'Object Repository/CommonScreenElements/TakePictureButton'

2018-05-18 11:51:23 - [TEST_STEP][PASSED] - delay: Delayed 5 second(s)

2018-05-18 11:51:28 - [MESSAGE][PASSED] - Delayed 5 second(s)

2018-05-18 11:51:28 - [TEST_STEP][PASSED] - tap: Tapped on element 'Object Repository/CommonScreenElements/DoneButton'

2018-05-18 11:51:28 - [MESSAGE][WARNING] - Timeout '0' is invalid. Using default page load timeout: '30'

2018-05-18 11:51:29 - [MESSAGE][PASSED] - Tapped on element 'Object Repository/CommonScreenElements/DoneButton'

2018-05-18 11:51:29 - [TEST_STEP][PASSED] - delay: Delayed 1 second(s)

2018-05-18 11:51:30 - [MESSAGE][PASSED] - Delayed 1 second(s)

2018-05-18 11:51:30 - [TEST_STEP][PASSED] - verifyElementText: Actual text and expected text of test object 'Object Repository/ShopProductsScreenElements/HotSpot/Validate_HotSpotScreen' are matched.

2018-05-18 11:51:31 - [MESSAGE][PASSED] - Actual text and expected text of test object 'Object Repository/ShopProductsScreenElements/HotSpot/Validate_HotSpotScreen' are matched.

2018-05-18 11:51:31 - [TEST_STEP][PASSED] - delay: Delayed 1 second(s)

2018-05-18 11:51:32 - [MESSAGE][PASSED] - Delayed 1 second(s)

2018-05-18 11:51:32 - [TEST_STEP][PASSED] - tap: Tapped on element 'Object Repository/ShopProductsScreenElements/HotSpot/HotSpot_BackButton'

2018-05-18 11:51:32 - [MESSAGE][WARNING] - Timeout '0' is invalid. Using default page load timeout: '30'

2018-05-18 11:51:33 - [MESSAGE][PASSED] - Tapped on element 'Object Repository/ShopProductsScreenElements/HotSpot/HotSpot_BackButton'

2018-05-18 11:51:33 - [TEST_STEP][PASSED] - delay: Delayed 1 second(s)

2018-05-18 11:51:34 - [MESSAGE][PASSED] - Delayed 1 second(s)

2018-05-18 11:51:34 - [TEST_STEP][PASSED] - verifyElementExist: Element 'Object Repository/ShopProductsScreenElements/Validate_ShopProductsScreen' is exist

2018-05-18 11:51:34 - [MESSAGE][WARNING] - Timeout '0' is invalid. Using default page load timeout: '30'

2018-05-18 11:51:34 - [MESSAGE][PASSED] - Element 'Object Repository/ShopProductsScreenElements/Validate_ShopProductsScreen' is exist

2018-05-18 11:51:34 - [TEST_STEP][PASSED] - delay: Delayed 1 second(s)

2018-05-18 11:51:35 - [MESSAGE][PASSED] - Delayed 1 second(s)

2018-05-18 11:51:36 - [TEST_STEP][PASSED] - customKeywordsCollection.CustomKeywords.findProductFromProductsList: customKeywordsCollection.CustomKeywords.findProductFromProductsList is PASSED

2018-05-18 11:51:39 - [MESSAGE][PASSED] - Delayed 1 second(s)

2018-05-18 11:51:43 - [MESSAGE][PASSED] - Swiped from 0,193 to 0,100

2018-05-18 11:51:45 - [MESSAGE][PASSED] - Delayed 2 second(s)

2018-05-18 11:51:46 - [MESSAGE][PASSED] - customKeywordsCollection.CustomKeywords.findProductFromProductsList is PASSED

2018-05-18 11:51:46 - [TEST_STEP][PASSED] - verifyElementText: Actual text and expected text of test object 'Object Repository/ShopProductsScreenElements/HotSpot/Validate_HotSpotScreen' are matched.

2018-05-18 11:51:46 - [MESSAGE][PASSED] - Actual text and expected text of test object 'Object Repository/ShopProductsScreenElements/HotSpot/Validate_HotSpotScreen' are matched.

2018-05-18 11:51:46 - [TEST_STEP][PASSED] - delay: Delayed 1 second(s)

2018-05-18 11:51:47 - [MESSAGE][PASSED] - Delayed 1 second(s)

2018-05-18 11:51:47 - [TEST_STEP][PASSED] - tap: Tapped on element 'Object Repository/ShopProductsScreenElements/HotSpot/VisitHotSpotAvailable/HotSpotAvailable'

2018-05-18 11:51:47 - [MESSAGE][WARNING] - Timeout '0' is invalid. Using default page load timeout: '30'

2018-05-18 11:51:48 - [MESSAGE][PASSED] - Tapped on element 'Object Repository/ShopProductsScreenElements/HotSpot/VisitHotSpotAvailable/HotSpotAvailable'

2018-05-18 11:51:48 - [TEST_STEP][PASSED] - delay: Delayed 1 second(s)

2018-05-18 11:51:49 - [MESSAGE][PASSED] - Delayed 1 second(s)

2018-05-18 11:51:49 - [TEST_STEP][PASSED] - verifyElementText: Actual text and expected text of test object 'Object Repository/ShopProductsScreenElements/HotSpot/VisitHotSpotAvailable/Validate_SelectAppropriateTypeScreen' are matched.

2018-05-18 11:51:50 - [MESSAGE][PASSED] - Actual text and expected text of test object 'Object Repository/ShopProductsScreenElements/HotSpot/VisitHotSpotAvailable/Validate_SelectAppropriateTypeScreen' are matched.

2018-05-18 11:51:50 - [TEST_STEP][PASSED] - delay: Delayed 1 second(s)

2018-05-18 11:51:51 - [MESSAGE][PASSED] - Delayed 1 second(s)

2018-05-18 11:51:51 - [TEST_STEP][PASSED] - customKeywordsCollection.CustomKeywords.selectHotSpotAppropriateType: customKeywordsCollection.CustomKeywords.selectHotSpotAppropriateType is PASSED

2018-05-18 11:51:55 - [MESSAGE][PASSED] - Delayed 1 second(s)

2018-05-18 11:51:55 - [MESSAGE][PASSED] - customKeywordsCollection.CustomKeywords.selectHotSpotAppropriateType is PASSED

2018-05-18 11:51:55 - [TEST_STEP][PASSED] - verifyElementExist: Element 'Object Repository/CommonScreenElements/Validate_CameraScreen' is exist

2018-05-18 11:51:55 - [MESSAGE][WARNING] - Timeout '0' is invalid. Using default page load timeout: '30'

2018-05-18 11:51:56 - [MESSAGE][PASSED] - Element 'Object Repository/CommonScreenElements/Validate_CameraScreen' is exist

2018-05-18 11:51:56 - [TEST_STEP][PASSED] - delay: Delayed 1 second(s)

2018-05-18 11:51:57 - [MESSAGE][PASSED] - Delayed 1 second(s)

2018-05-18 11:51:57 - [TEST_STEP][PASSED] - tap: Tapped on element 'Object Repository/CommonScreenElements/TakePictureButton'

2018-05-18 11:51:57 - [MESSAGE][WARNING] - Timeout '0' is invalid. Using default page load timeout: '30'

2018-05-18 11:52:00 - [MESSAGE][PASSED] - Tapped on element 'Object Repository/CommonScreenElements/TakePictureButton'

2018-05-18 11:52:00 - [TEST_STEP][PASSED] - delay: Delayed 5 second(s)

2018-05-18 11:52:05 - [MESSAGE][PASSED] - Delayed 5 second(s)

2018-05-18 11:52:05 - [TEST_STEP][PASSED] - tap: Tapped on element 'Object Repository/CommonScreenElements/DoneButton'

2018-05-18 11:52:05 - [MESSAGE][WARNING] - Timeout '0' is invalid. Using default page load timeout: '30'

2018-05-18 11:52:06 - [MESSAGE][PASSED] - Tapped on element 'Object Repository/CommonScreenElements/DoneButton'

2018-05-18 11:52:06 - [TEST_STEP][PASSED] - delay: Delayed 1 second(s)

2018-05-18 11:52:07 - [MESSAGE][PASSED] - Delayed 1 second(s)

2018-05-18 11:52:07 - [TEST_STEP][PASSED] - verifyElementText: Actual text and expected text of test object 'Object Repository/ShopProductsScreenElements/HotSpot/VisitHotSpotAvailable/Validate_HotSpotAvailableScreen' are matched.

2018-05-18 11:52:08 - [MESSAGE][PASSED] - Actual text and expected text of test object 'Object Repository/ShopProductsScreenElements/HotSpot/VisitHotSpotAvailable/Validate_HotSpotAvailableScreen' are matched.

2018-05-18 11:52:08 - [TEST_STEP][PASSED] - delay: Delayed 1 second(s)

2018-05-18 11:52:09 - [MESSAGE][PASSED] - Delayed 1 second(s)

2018-05-18 11:52:09 - [TEST_STEP][PASSED] - tap: Tapped on element 'Object Repository/ShopProductsScreenElements/HotSpot/VisitHotSpotAvailable/Facing'

2018-05-18 11:52:09 - [MESSAGE][WARNING] - Timeout '0' is invalid. Using default page load timeout: '30'

2018-05-18 11:52:10 - [MESSAGE][PASSED] - Tapped on element 'Object Repository/ShopProductsScreenElements/HotSpot/VisitHotSpotAvailable/Facing'

2018-05-18 11:52:10 - [TEST_STEP][PASSED] - delay: Delayed 1 second(s)

2018-05-18 11:52:11 - [MESSAGE][PASSED] - Delayed 1 second(s)

2018-05-18 11:52:11 - [TEST_STEP][PASSED] - verifyElementText: Actual text and expected text of test object 'Object Repository/ShopProductsScreenElements/HotSpot/VisitHotSpotAvailable/Validate_FacingScreen' are matched.

2018-05-18 11:52:11 - [MESSAGE][PASSED] - Actual text and expected text of test object 'Object Repository/ShopProductsScreenElements/HotSpot/VisitHotSpotAvailable/Validate_FacingScreen' are matched.

2018-05-18 11:52:11 - [TEST_STEP][PASSED] - delay: Delayed 1 second(s)

2018-05-18 11:52:12 - [MESSAGE][PASSED] - Delayed 1 second(s)

2018-05-18 11:52:13 - [TEST_STEP][PASSED] - setText: Text '5' has been set to element 'Object Repository/ShopProductsScreenElements/HotSpot/VisitHotSpotAvailable/AlwaysMaxiThicksExtraLong_TextField'

2018-05-18 11:52:13 - [MESSAGE][WARNING] - Timeout '0' is invalid. Using default page load timeout: '30'

2018-05-18 11:52:21 - [MESSAGE][PASSED] - Text '5' has been set to element 'Object Repository/ShopProductsScreenElements/HotSpot/VisitHotSpotAvailable/AlwaysMaxiThicksExtraLong_TextField'

2018-05-18 11:52:21 - [TEST_STEP][PASSED] - hideKeyboard: Keyboard is hidden

2018-05-18 11:52:22 - [MESSAGE][PASSED] - Keyboard is hidden

2018-05-18 11:52:22 - [TEST_STEP][PASSED] - tap: Tapped on element 'Object Repository/ShopProductsScreenElements/HotSpot/VisitHotSpotAvailable/SubmitButton'

2018-05-18 11:52:22 - [MESSAGE][WARNING] - Timeout '0' is invalid. Using default page load timeout: '30'

2018-05-18 11:52:23 - [MESSAGE][PASSED] - Tapped on element 'Object Repository/ShopProductsScreenElements/HotSpot/VisitHotSpotAvailable/SubmitButton'

2018-05-18 11:52:23 - [TEST_STEP][PASSED] - delay: Delayed 1 second(s)

2018-05-18 11:52:24 - [MESSAGE][PASSED] - Delayed 1 second(s)

2018-05-18 11:52:24 - [TEST_STEP][PASSED] - verifyElementExist: Element 'Object Repository/CommonScreenElements/Validate_InfoPopUpDialog' is exist

2018-05-18 11:52:24 - [MESSAGE][WARNING] - Timeout '0' is invalid. Using default page load timeout: '30'

2018-05-18 11:52:24 - [MESSAGE][PASSED] - Element 'Object Repository/CommonScreenElements/Validate_InfoPopUpDialog' is exist

2018-05-18 11:52:24 - [TEST_STEP][PASSED] - delay: Delayed 1 second(s)

2018-05-18 11:52:25 - [MESSAGE][PASSED] - Delayed 1 second(s)

2018-05-18 11:52:25 - [TEST_STEP][PASSED] - tap: Tapped on element 'Object Repository/CommonScreenElements/InfoPopUp_OKButton'

2018-05-18 11:52:25 - [MESSAGE][WARNING] - Timeout '0' is invalid. Using default page load timeout: '30'

2018-05-18 11:52:26 - [MESSAGE][PASSED] - Tapped on element 'Object Repository/CommonScreenElements/InfoPopUp_OKButton'

2018-05-18 11:52:26 - [TEST_STEP][PASSED] - delay: Delayed 1 second(s)

2018-05-18 11:52:27 - [MESSAGE][PASSED] - Delayed 1 second(s)

2018-05-18 11:52:27 - [TEST_STEP][PASSED] - verifyElementText: Actual text and expected text of test object 'Object Repository/ShopProductsScreenElements/HotSpot/VisitHotSpotAvailable/Validate_HotSpotAvailableScreen' are matched.

2018-05-18 11:52:28 - [MESSAGE][PASSED] - Actual text and expected text of test object 'Object Repository/ShopProductsScreenElements/HotSpot/VisitHotSpotAvailable/Validate_HotSpotAvailableScreen' are matched.

2018-05-18 11:52:28 - [TEST_STEP][PASSED] - delay: Delayed 1 second(s)

2018-05-18 11:52:29 - [MESSAGE][PASSED] - Delayed 1 second(s)

2018-05-18 11:52:29 - [TEST_STEP][PASSED] - tap: Tapped on element 'Object Repository/ShopProductsScreenElements/HotSpot/VisitHotSpotAvailable/POSMImageView'

2018-05-18 11:52:29 - [MESSAGE][WARNING] - Timeout '0' is invalid. Using default page load timeout: '30'

2018-05-18 11:52:30 - [MESSAGE][PASSED] - Tapped on element 'Object Repository/ShopProductsScreenElements/HotSpot/VisitHotSpotAvailable/POSMImageView'

2018-05-18 11:52:30 - [TEST_STEP][PASSED] - delay: Delayed 1 second(s)

2018-05-18 11:52:31 - [MESSAGE][PASSED] - Delayed 1 second(s)

2018-05-18 11:52:31 - [TEST_STEP][PASSED] - customKeywordsCollection.CustomKeywords.selectPOSM: customKeywordsCollection.CustomKeywords.selectPOSM is PASSED

2018-05-18 11:52:33 - [MESSAGE][PASSED] - Delayed 1 second(s)

2018-05-18 11:52:33 - [MESSAGE][PASSED] - customKeywordsCollection.CustomKeywords.selectPOSM is PASSED

2018-05-18 11:52:33 - [TEST_STEP][PASSED] - verifyElementText: Actual text and expected text of test object 'Object Repository/ShopProductsScreenElements/HotSpot/VisitHotSpotAvailable/Validate_POSMRemarksScreen' are matched.

2018-05-18 11:52:33 - [MESSAGE][PASSED] - Actual text and expected text of test object 'Object Repository/ShopProductsScreenElements/HotSpot/VisitHotSpotAvailable/Validate_POSMRemarksScreen' are matched.

2018-05-18 11:52:33 - [TEST_STEP][PASSED] - delay: Delayed 1 second(s)

2018-05-18 11:52:34 - [MESSAGE][PASSED] - Delayed 1 second(s)

2018-05-18 11:52:34 - [TEST_STEP][PASSED] - tap: Tapped on element 'Object Repository/ShopProductsScreenElements/HotSpot/VisitHotSpotAvailable/POSMRemarks_FreshDeployment'

2018-05-18 11:52:34 - [MESSAGE][WARNING] - Timeout '0' is invalid. Using default page load timeout: '30'

2018-05-18 11:52:35 - [MESSAGE][PASSED] - Tapped on element 'Object Repository/ShopProductsScreenElements/HotSpot/VisitHotSpotAvailable/POSMRemarks_FreshDeployment'

2018-05-18 11:52:35 - [TEST_STEP][PASSED] - delay: Delayed 1 second(s)

2018-05-18 11:52:36 - [MESSAGE][PASSED] - Delayed 1 second(s)

2018-05-18 11:52:36 - [TEST_STEP][PASSED] - pressBack: Press back button successfully

2018-05-18 11:52:37 - [MESSAGE][PASSED] - Press back button successfully

2018-05-18 11:52:37 - [TEST_STEP][PASSED] - delay: Delayed 1 second(s)

2018-05-18 11:52:38 - [MESSAGE][PASSED] - Delayed 1 second(s)

2018-05-18 11:52:38 - [TEST_STEP][PASSED] - verifyElementText: Actual text and expected text of test object 'Object Repository/ShopProductsScreenElements/HotSpot/VisitHotSpotAvailable/Validate_HotSpotAvailableScreen' are matched.

2018-05-18 11:52:38 - [MESSAGE][PASSED] - Actual text and expected text of test object 'Object Repository/ShopProductsScreenElements/HotSpot/VisitHotSpotAvailable/Validate_HotSpotAvailableScreen' are matched.

2018-05-18 11:52:38 - [TEST_STEP][PASSED] - delay: Delayed 1 second(s)

2018-05-18 11:52:39 - [MESSAGE][PASSED] - Delayed 1 second(s)

2018-05-18 11:52:39 - [TEST_STEP][PASSED] - tap: Tapped on element 'Object Repository/ShopProductsScreenElements/HotSpot/VisitHotSpotAvailable/PlanogramImageView'

2018-05-18 11:52:39 - [MESSAGE][WARNING] - Timeout '0' is invalid. Using default page load timeout: '30'

2018-05-18 11:52:40 - [MESSAGE][PASSED] - Tapped on element 'Object Repository/ShopProductsScreenElements/HotSpot/VisitHotSpotAvailable/PlanogramImageView'

2018-05-18 11:52:40 - [TEST_STEP][PASSED] - delay: Delayed 1 second(s)

2018-05-18 11:52:41 - [MESSAGE][PASSED] - Delayed 1 second(s)

2018-05-18 11:52:41 - [TEST_STEP][PASSED] - verifyElementExist: Element 'Object Repository/ShopProductsScreenElements/HotSpot/VisitHotSpotAvailable/Planogram_CloseButton' is exist

2018-05-18 11:52:41 - [MESSAGE][WARNING] - Timeout '0' is invalid. Using default page load timeout: '30'

2018-05-18 11:52:41 - [MESSAGE][PASSED] - Element 'Object Repository/ShopProductsScreenElements/HotSpot/VisitHotSpotAvailable/Planogram_CloseButton' is exist

2018-05-18 11:52:41 - [TEST_STEP][PASSED] - delay: Delayed 1 second(s)

2018-05-18 11:52:42 - [MESSAGE][PASSED] - Delayed 1 second(s)

2018-05-18 11:52:42 - [TEST_STEP][PASSED] - tap: Tapped on element 'Object Repository/ShopProductsScreenElements/HotSpot/VisitHotSpotAvailable/Planogram_CloseButton'

2018-05-18 11:52:42 - [MESSAGE][WARNING] - Timeout '0' is invalid. Using default page load timeout: '30'

2018-05-18 11:52:43 - [MESSAGE][PASSED] - Tapped on element 'Object Repository/ShopProductsScreenElements/HotSpot/VisitHotSpotAvailable/Planogram_CloseButton'

2018-05-18 11:52:43 - [TEST_STEP][PASSED] - delay: Delayed 1 second(s)

2018-05-18 11:52:44 - [MESSAGE][PASSED] - Delayed 1 second(s)

2018-05-18 11:52:44 - [TEST_STEP][PASSED] - verifyElementText: Actual text and expected text of test object 'Object Repository/ShopProductsScreenElements/HotSpot/VisitHotSpotAvailable/Validate_HotSpotAvailableScreen' are matched.

2018-05-18 11:52:45 - [MESSAGE][PASSED] - Actual text and expected text of test object 'Object Repository/ShopProductsScreenElements/HotSpot/VisitHotSpotAvailable/Validate_HotSpotAvailableScreen' are matched.

2018-05-18 11:52:45 - [TEST_STEP][PASSED] - delay: Delayed 1 second(s)

2018-05-18 11:52:46 - [MESSAGE][PASSED] - Delayed 1 second(s)

2018-05-18 11:52:46 - [TEST_STEP][PASSED] - tap: Tapped on element 'Object Repository/ShopProductsScreenElements/HotSpot/VisitHotSpotAvailable/PictureImageView'

2018-05-18 11:52:46 - [MESSAGE][WARNING] - Timeout '0' is invalid. Using default page load timeout: '30'

2018-05-18 11:52:48 - [MESSAGE][PASSED] - Tapped on element 'Object Repository/ShopProductsScreenElements/HotSpot/VisitHotSpotAvailable/PictureImageView'

2018-05-18 11:52:48 - [TEST_STEP][PASSED] - delay: Delayed 1 second(s)

2018-05-18 11:52:49 - [MESSAGE][PASSED] - Delayed 1 second(s)

2018-05-18 11:52:49 - [TEST_STEP][PASSED] - verifyElementExist: Element 'Object Repository/CommonScreenElements/Validate_CameraScreen' is exist

2018-05-18 11:52:49 - [MESSAGE][WARNING] - Timeout '0' is invalid. Using default page load timeout: '30'

2018-05-18 11:52:49 - [MESSAGE][PASSED] - Element 'Object Repository/CommonScreenElements/Validate_CameraScreen' is exist

2018-05-18 11:52:49 - [TEST_STEP][PASSED] - delay: Delayed 1 second(s)

2018-05-18 11:52:50 - [MESSAGE][PASSED] - Delayed 1 second(s)

2018-05-18 11:52:50 - [TEST_STEP][PASSED] - tap: Tapped on element 'Object Repository/CommonScreenElements/TakePictureButton'

2018-05-18 11:52:50 - [MESSAGE][WARNING] - Timeout '0' is invalid. Using default page load timeout: '30'

2018-05-18 11:52:54 - [MESSAGE][PASSED] - Tapped on element 'Object Repository/CommonScreenElements/TakePictureButton'

2018-05-18 11:52:54 - [TEST_STEP][PASSED] - delay: Delayed 5 second(s)

2018-05-18 11:52:59 - [MESSAGE][PASSED] - Delayed 5 second(s)

2018-05-18 11:52:59 - [TEST_STEP][PASSED] - tap: Tapped on element 'Object Repository/CommonScreenElements/DoneButton'

2018-05-18 11:52:59 - [MESSAGE][WARNING] - Timeout '0' is invalid. Using default page load timeout: '30'

2018-05-18 11:53:00 - [MESSAGE][PASSED] - Tapped on element 'Object Repository/CommonScreenElements/DoneButton'

2018-05-18 11:53:00 - [TEST_STEP][PASSED] - delay: Delayed 1 second(s)

2018-05-18 11:53:01 - [MESSAGE][PASSED] - Delayed 1 second(s)

2018-05-18 11:53:01 - [TEST_STEP][PASSED] - verifyElementText: Actual text and expected text of test object 'Object Repository/ShopProductsScreenElements/HotSpot/VisitHotSpotAvailable/Validate_HotSpotAvailableScreen' are matched.

2018-05-18 11:53:02 - [MESSAGE][PASSED] - Actual text and expected text of test object 'Object Repository/ShopProductsScreenElements/HotSpot/VisitHotSpotAvailable/Validate_HotSpotAvailableScreen' are matched.

2018-05-18 11:53:02 - [TEST_STEP][PASSED] - delay: Delayed 1 second(s)

2018-05-18 11:53:03 - [MESSAGE][PASSED] - Delayed 1 second(s)

2018-05-18 11:53:03 - [TEST_STEP][PASSED] - tap: Tapped on element 'Object Repository/ShopProductsScreenElements/HotSpot/VisitHotSpotAvailable/HotSpotAvailable_BackButton'

2018-05-18 11:53:03 - [MESSAGE][WARNING] - Timeout '0' is invalid. Using default page load timeout: '30'

2018-05-18 11:53:04 - [MESSAGE][PASSED] - Tapped on element 'Object Repository/ShopProductsScreenElements/HotSpot/VisitHotSpotAvailable/HotSpotAvailable_BackButton'

2018-05-18 11:53:04 - [TEST_STEP][PASSED] - delay: Delayed 1 second(s)

2018-05-18 11:53:05 - [MESSAGE][PASSED] - Delayed 1 second(s)

2018-05-18 11:53:05 - [TEST_STEP][PASSED] - verifyElementText: Actual text and expected text of test object 'Object Repository/ShopProductsScreenElements/HotSpot/VisitHotSpotAvailable/Validate_HotSpotUtilizationScreen' are matched.

2018-05-18 11:53:05 - [MESSAGE][PASSED] - Actual text and expected text of test object 'Object Repository/ShopProductsScreenElements/HotSpot/VisitHotSpotAvailable/Validate_HotSpotUtilizationScreen' are matched.

2018-05-18 11:53:05 - [TEST_STEP][PASSED] - delay: Delayed 1 second(s)

2018-05-18 11:53:06 - [MESSAGE][PASSED] - Delayed 1 second(s)

2018-05-18 11:53:06 - [TEST_STEP][PASSED] - tap: Tapped on element 'Object Repository/ShopProductsScreenElements/HotSpot/VisitHotSpotAvailable/HotSpotUtilization_YesRadioButton'

2018-05-18 11:53:06 - [MESSAGE][WARNING] - Timeout '0' is invalid. Using default page load timeout: '30'

2018-05-18 11:53:06 - [MESSAGE][PASSED] - Tapped on element 'Object Repository/ShopProductsScreenElements/HotSpot/VisitHotSpotAvailable/HotSpotUtilization_YesRadioButton'

2018-05-18 11:53:07 - [TEST_STEP][PASSED] - delay: Delayed 1 second(s)

2018-05-18 11:53:08 - [MESSAGE][PASSED] - Delayed 1 second(s)

2018-05-18 11:53:08 - [TEST_STEP][PASSED] - setText: Text '50' has been set to element 'Object Repository/ShopProductsScreenElements/HotSpot/VisitHotSpotAvailable/HotSpotUtilization_TextField'

2018-05-18 11:53:08 - [MESSAGE][WARNING] - Timeout '0' is invalid. Using default page load timeout: '30'

2018-05-18 11:53:17 - [MESSAGE][PASSED] - Text '50' has been set to element 'Object Repository/ShopProductsScreenElements/HotSpot/VisitHotSpotAvailable/HotSpotUtilization_TextField'

2018-05-18 11:53:17 - [TEST_STEP][PASSED] - hideKeyboard: Keyboard is hidden

2018-05-18 11:53:19 - [MESSAGE][PASSED] - Keyboard is hidden

2018-05-18 11:53:19 - [TEST_STEP][PASSED] - tap: Tapped on element 'Object Repository/ShopProductsScreenElements/HotSpot/VisitHotSpotAvailable/HotSpotUtilization_SubmitButton'

2018-05-18 11:53:19 - [MESSAGE][WARNING] - Timeout '0' is invalid. Using default page load timeout: '30'

2018-05-18 11:53:20 - [MESSAGE][PASSED] - Tapped on element 'Object Repository/ShopProductsScreenElements/HotSpot/VisitHotSpotAvailable/HotSpotUtilization_SubmitButton'

2018-05-18 11:53:20 - [TEST_STEP][PASSED] - delay: Delayed 1 second(s)

2018-05-18 11:53:21 - [MESSAGE][PASSED] - Delayed 1 second(s)

2018-05-18 11:53:21 - [TEST_STEP][PASSED] - verifyElementText: Actual text and expected text of test object 'Object Repository/ShopProductsScreenElements/HotSpot/Validate_HotSpotScreen' are matched.

2018-05-18 11:53:22 - [MESSAGE][PASSED] - Actual text and expected text of test object 'Object Repository/ShopProductsScreenElements/HotSpot/Validate_HotSpotScreen' are matched.

2018-05-18 11:53:22 - [TEST_STEP][PASSED] - delay: Delayed 1 second(s)

2018-05-18 11:53:23 - [MESSAGE][PASSED] - Delayed 1 second(s)

2018-05-18 11:53:23 - [TEST_STEP][PASSED] - tap: Tapped on element 'Object Repository/ShopProductsScreenElements/HotSpot/HotSpot_BackButton'

2018-05-18 11:53:23 - [MESSAGE][WARNING] - Timeout '0' is invalid. Using default page load timeout: '30'

2018-05-18 11:53:24 - [MESSAGE][PASSED] - Tapped on element 'Object Repository/ShopProductsScreenElements/HotSpot/HotSpot_BackButton'

2018-05-18 11:53:24 - [TEST_STEP][PASSED] - delay: Delayed 1 second(s)

2018-05-18 11:53:25 - [MESSAGE][PASSED] - Delayed 1 second(s)

2018-05-18 11:53:25 - [TEST_STEP][PASSED] - verifyElementExist: Element 'Object Repository/ShopProductsScreenElements/Validate_ShopProductsScreen' is exist

2018-05-18 11:53:25 - [MESSAGE][WARNING] - Timeout '0' is invalid. Using default page load timeout: '30'

2018-05-18 11:53:25 - [MESSAGE][PASSED] - Element 'Object Repository/ShopProductsScreenElements/Validate_ShopProductsScreen' is exist

2018-05-18 11:53:25 - [TEST_STEP][PASSED] - delay: Delayed 1 second(s)

2018-05-18 11:53:26 - [MESSAGE][PASSED] - Delayed 1 second(s)

2018-05-18 11:53:26 - [MESSAGE][PASSED] - Call Test Case 'Test Cases/ChooseHFSShop/ShopOpen/ShopProducts/HotSpot/VisitHotSpot' successfully

2018-05-18 11:53:30 - [MESSAGE][PASSED] - Delayed 1 second(s)

2018-05-18 11:53:30 - [TEST_CASE][PASSED] - Test Cases/ChooseHFSShop/ShopOpen/ShopProducts/Diapers/VisitDiaper: Test Cases/ChooseHFSShop/ShopOpen/ShopProducts/Diapers/VisitDiaper

2018-05-18 11:53:32 - [TEST_STEP][PASSED] - Statement - dataforvisitdiapers = com.kms.katalon.core.testdata.TestDataFactory.findTestData(Data Files/Diapers/VisitDiapers): Reading excel file with source file 'D:\(Katalon studio) GitProject\PnG_Merchandising\PnG_Merchandising\PnGMerchandising.xlsx' and sheet name 'Visit Diapers'

2018-05-18 11:53:32 - [TEST_STEP][PASSED] - verifyElementText: Actual text and expected text of test object 'Object Repository/ShopProductsScreenElements/Diapers/Validate_DiapersScreen' are matched.

2018-05-18 11:53:33 - [MESSAGE][PASSED] - Actual text and expected text of test object 'Object Repository/ShopProductsScreenElements/Diapers/Validate_DiapersScreen' are matched.

2018-05-18 11:53:33 - [TEST_STEP][PASSED] - delay: Delayed 1 second(s)

2018-05-18 11:53:34 - [MESSAGE][PASSED] - Delayed 1 second(s)

2018-05-18 11:53:34 - [TEST_STEP][PASSED] - tap: Tapped on element 'Object Repository/ShopProductsScreenElements/Diapers/VisitAvailability/Availability'

2018-05-18 11:53:34 - [MESSAGE][WARNING] - Timeout '0' is invalid. Using default page load timeout: '30'

2018-05-18 11:53:35 - [MESSAGE][PASSED] - Tapped on element 'Object Repository/ShopProductsScreenElements/Diapers/VisitAvailability/Availability'

2018-05-18 11:53:35 - [TEST_STEP][PASSED] - delay: Delayed 1 second(s)

2018-05-18 11:53:36 - [MESSAGE][PASSED] - Delayed 1 second(s)

2018-05-18 11:53:36 - [TEST_STEP][PASSED] - verifyElementText: Actual text and expected text of test object 'Object Repository/ShopProductsScreenElements/Diapers/VisitAvailability/Validate_AvailabilityScreen' are matched.

2018-05-18 11:53:37 - [MESSAGE][PASSED] - Actual text and expected text of test object 'Object Repository/ShopProductsScreenElements/Diapers/VisitAvailability/Validate_AvailabilityScreen' are matched.

2018-05-18 11:53:37 - [TEST_STEP][PASSED] - delay: Delayed 1 second(s)

2018-05-18 11:53:38 - [MESSAGE][PASSED] - Delayed 1 second(s)

2018-05-18 11:53:39 - [TEST_STEP][PASSED] - tap: Tapped on element 'Object Repository/ShopProductsScreenElements/Diapers/VisitAvailability/Pampers'

2018-05-18 11:53:39 - [MESSAGE][WARNING] - Timeout '0' is invalid. Using default page load timeout: '30'

2018-05-18 11:53:40 - [MESSAGE][PASSED] - Tapped on element 'Object Repository/ShopProductsScreenElements/Diapers/VisitAvailability/Pampers'

2018-05-18 11:53:40 - [TEST_STEP][PASSED] - delay: Delayed 1 second(s)

2018-05-18 11:53:41 - [MESSAGE][PASSED] - Delayed 1 second(s)

2018-05-18 11:53:41 - [TEST_STEP][PASSED] - verifyElementExist: Element 'Object Repository/ShopProductsScreenElements/Diapers/VisitAvailability/PampersAvailability' is exist

2018-05-18 11:53:41 - [MESSAGE][WARNING] - Timeout '0' is invalid. Using default page load timeout: '30'

2018-05-18 11:53:41 - [MESSAGE][PASSED] - Element 'Object Repository/ShopProductsScreenElements/Diapers/VisitAvailability/PampersAvailability' is exist

2018-05-18 11:53:41 - [TEST_STEP][PASSED] - delay: Delayed 1 second(s)

2018-05-18 11:53:42 - [MESSAGE][PASSED] - Delayed 1 second(s)

2018-05-18 11:53:42 - [TEST_STEP][PASSED] - tap: Tapped on element 'Object Repository/ShopProductsScreenElements/Diapers/VisitAvailability/PampersAvailability'

2018-05-18 11:53:42 - [MESSAGE][WARNING] - Timeout '0' is invalid. Using default page load timeout: '30'

2018-05-18 11:53:43 - [MESSAGE][PASSED] - Tapped on element 'Object Repository/ShopProductsScreenElements/Diapers/VisitAvailability/PampersAvailability'

2018-05-18 11:53:43 - [TEST_STEP][PASSED] - delay: Delayed 1 second(s)

2018-05-18 11:53:44 - [MESSAGE][PASSED] - Delayed 1 second(s)

2018-05-18 11:53:44 - [TEST_STEP][PASSED] - verifyElementText: Actual text and expected text of test object 'Object Repository/ShopProductsScreenElements/Diapers/VisitAvailability/Validate_PampersAvailabilityScreen' are matched.

2018-05-18 11:53:46 - [MESSAGE][PASSED] - Actual text and expected text of test object 'Object Repository/ShopProductsScreenElements/Diapers/VisitAvailability/Validate_PampersAvailabilityScreen' are matched.

2018-05-18 11:53:46 - [TEST_STEP][PASSED] - delay: Delayed 1 second(s)

2018-05-18 11:53:47 - [MESSAGE][PASSED] - Delayed 1 second(s)

2018-05-18 11:53:47 - [TEST_STEP][PASSED] - customKeywordsCollection.CustomKeywords.visitPampersAvailability: customKeywordsCollection.CustomKeywords.visitPampersAvailability is PASSED

2018-05-18 11:53:52 - [MESSAGE][PASSED] - Delayed 1 second(s)

2018-05-18 11:53:56 - [MESSAGE][PASSED] - Delayed 1 second(s)

2018-05-18 11:54:00 - [MESSAGE][PASSED] - Delayed 1 second(s)

2018-05-18 11:54:04 - [MESSAGE][PASSED] - Delayed 1 second(s)

2018-05-18 11:54:08 - [MESSAGE][PASSED] - Delayed 1 second(s)

2018-05-18 11:54:12 - [MESSAGE][PASSED] - Delayed 1 second(s)

2018-05-18 11:54:16 - [MESSAGE][PASSED] - Delayed 1 second(s)

2018-05-18 11:54:20 - [MESSAGE][PASSED] - Delayed 1 second(s)

2018-05-18 11:54:24 - [MESSAGE][PASSED] - Delayed 1 second(s)

2018-05-18 11:54:27 - [MESSAGE][PASSED] - Swiped from 0,274 to 0,200

2018-05-18 11:54:29 - [MESSAGE][PASSED] - Delayed 2 second(s)

2018-05-18 11:54:32 - [MESSAGE][PASSED] - Delayed 1 second(s)

2018-05-18 11:54:33 - [MESSAGE][PASSED] - Swiped from 0,274 to 0,200

2018-05-18 11:54:35 - [MESSAGE][PASSED] - Delayed 2 second(s)

2018-05-18 11:54:38 - [MESSAGE][PASSED] - Delayed 1 second(s)

2018-05-18 11:54:39 - [MESSAGE][PASSED] - Swiped from 0,274 to 0,200

2018-05-18 11:54:41 - [MESSAGE][PASSED] - Delayed 2 second(s)

2018-05-18 11:54:43 - [MESSAGE][PASSED] - Delayed 1 second(s)

2018-05-18 11:54:44 - [MESSAGE][PASSED] - Swiped from 0,274 to 0,200

2018-05-18 11:54:46 - [MESSAGE][PASSED] - Delayed 2 second(s)

2018-05-18 11:54:49 - [MESSAGE][PASSED] - Delayed 1 second(s)

2018-05-18 11:54:50 - [MESSAGE][PASSED] - Swiped from 0,274 to 0,200

2018-05-18 11:54:52 - [MESSAGE][PASSED] - Delayed 2 second(s)

2018-05-18 11:54:54 - [MESSAGE][PASSED] - Delayed 1 second(s)

2018-05-18 11:54:55 - [MESSAGE][PASSED] - Swiped from 0,274 to 0,200

2018-05-18 11:54:57 - [MESSAGE][PASSED] - Delayed 2 second(s)

2018-05-18 11:55:00 - [MESSAGE][PASSED] - Delayed 1 second(s)

2018-05-18 11:55:01 - [MESSAGE][PASSED] - Swiped from 0,274 to 0,200

2018-05-18 11:55:03 - [MESSAGE][PASSED] - Delayed 2 second(s)

2018-05-18 11:55:06 - [MESSAGE][PASSED] - Delayed 1 second(s)

2018-05-18 11:55:07 - [MESSAGE][PASSED] - Swiped from 0,274 to 0,200

2018-05-18 11:55:09 - [MESSAGE][PASSED] - Delayed 2 second(s)

2018-05-18 11:55:11 - [MESSAGE][PASSED] - Delayed 1 second(s)

2018-05-18 11:55:13 - [MESSAGE][PASSED] - Swiped from 0,274 to 0,200

2018-05-18 11:55:15 - [MESSAGE][PASSED] - Delayed 2 second(s)

2018-05-18 11:55:15 - [MESSAGE][PASSED] - customKeywordsCollection.CustomKeywords.visitPampersAvailability is PASSED

2018-05-18 11:55:15 - [TEST_STEP][PASSED] - tap: Tapped on element 'Object Repository/ShopProductsScreenElements/Diapers/VisitAvailability/PampersAvailability_SubmitButton'

2018-05-18 11:55:15 - [MESSAGE][WARNING] - Timeout '0' is invalid. Using default page load timeout: '30'

2018-05-18 11:55:16 - [MESSAGE][PASSED] - Tapped on element 'Object Repository/ShopProductsScreenElements/Diapers/VisitAvailability/PampersAvailability_SubmitButton'

2018-05-18 11:55:16 - [TEST_STEP][PASSED] - delay: Delayed 1 second(s)

2018-05-18 11:55:17 - [MESSAGE][PASSED] - Delayed 1 second(s)

2018-05-18 11:55:17 - [TEST_STEP][PASSED] - verifyElementExist: Element 'Object Repository/ShopProductsScreenElements/Diapers/VisitAvailability/PampersAvailability' is exist

2018-05-18 11:55:17 - [MESSAGE][WARNING] - Timeout '0' is invalid. Using default page load timeout: '30'

2018-05-18 11:55:17 - [MESSAGE][PASSED] - Element 'Object Repository/ShopProductsScreenElements/Diapers/VisitAvailability/PampersAvailability' is exist

2018-05-18 11:55:17 - [TEST_STEP][PASSED] - delay: Delayed 1 second(s)

2018-05-18 11:55:18 - [MESSAGE][PASSED] - Delayed 1 second(s)

2018-05-18 11:55:18 - [TEST_STEP][PASSED] - pressBack: Press back button successfully

2018-05-18 11:55:19 - [MESSAGE][PASSED] - Press back button successfully

2018-05-18 11:55:19 - [TEST_STEP][PASSED] - delay: Delayed 1 second(s)

2018-05-18 11:55:20 - [MESSAGE][PASSED] - Delayed 1 second(s)

2018-05-18 11:55:20 - [TEST_STEP][PASSED] - verifyElementText: Actual text and expected text of test object 'Object Repository/ShopProductsScreenElements/Diapers/VisitAvailability/Validate_AvailabilityScreen' are matched.

2018-05-18 11:55:21 - [MESSAGE][PASSED] - Actual text and expected text of test object 'Object Repository/ShopProductsScreenElements/Diapers/VisitAvailability/Validate_AvailabilityScreen' are matched.

2018-05-18 11:55:21 - [TEST_STEP][PASSED] - delay: Delayed 1 second(s)

2018-05-18 11:55:22 - [MESSAGE][PASSED] - Delayed 1 second(s)

2018-05-18 11:55:22 - [TEST_STEP][PASSED] - pressBack: Press back button successfully

2018-05-18 11:55:23 - [MESSAGE][PASSED] - Press back button successfully

2018-05-18 11:55:23 - [TEST_STEP][PASSED] - delay: Delayed 1 second(s)

2018-05-18 11:55:24 - [MESSAGE][PASSED] - Delayed 1 second(s)

2018-05-18 11:55:24 - [TEST_STEP][PASSED] - verifyElementText: Actual text and expected text of test object 'Object Repository/ShopProductsScreenElements/Diapers/Validate_DiapersScreen' are matched.

2018-05-18 11:55:25 - [MESSAGE][PASSED] - Actual text and expected text of test object 'Object Repository/ShopProductsScreenElements/Diapers/Validate_DiapersScreen' are matched.

2018-05-18 11:55:25 - [TEST_STEP][PASSED] - delay: Delayed 1 second(s)

2018-05-18 11:55:26 - [MESSAGE][PASSED] - Delayed 1 second(s)

2018-05-18 11:55:26 - [TEST_STEP][PASSED] - tap: Tapped on element 'Object Repository/ShopProductsScreenElements/Diapers/VisitPrimaryDisplay/PrimaryDisplay'

2018-05-18 11:55:26 - [MESSAGE][WARNING] - Timeout '0' is invalid. Using default page load timeout: '30'

2018-05-18 11:55:26 - [MESSAGE][PASSED] - Tapped on element 'Object Repository/ShopProductsScreenElements/Diapers/VisitPrimaryDisplay/PrimaryDisplay'

2018-05-18 11:55:26 - [TEST_STEP][PASSED] - delay: Delayed 1 second(s)

2018-05-18 11:55:27 - [MESSAGE][PASSED] - Delayed 1 second(s)

2018-05-18 11:55:27 - [TEST_STEP][PASSED] - verifyElementText: Actual text and expected text of test object 'Object Repository/ShopProductsScreenElements/Diapers/VisitPrimaryDisplay/Validate_PrimaryDisplayScreen' are matched.

2018-05-18 11:55:29 - [MESSAGE][PASSED] - Actual text and expected text of test object 'Object Repository/ShopProductsScreenElements/Diapers/VisitPrimaryDisplay/Validate_PrimaryDisplayScreen' are matched.

2018-05-18 11:55:29 - [TEST_STEP][PASSED] - delay: Delayed 1 second(s)

2018-05-18 11:55:30 - [MESSAGE][PASSED] - Delayed 1 second(s)

2018-05-18 11:55:30 - [TEST_STEP][PASSED] - tap: Tapped on element 'Object Repository/ShopProductsScreenElements/Diapers/VisitPrimaryDisplay/NotRecommendedForThisChannel'

2018-05-18 11:55:30 - [MESSAGE][WARNING] - Timeout '0' is invalid. Using default page load timeout: '30'

2018-05-18 11:55:30 - [MESSAGE][PASSED] - Tapped on element 'Object Repository/ShopProductsScreenElements/Diapers/VisitPrimaryDisplay/NotRecommendedForThisChannel'

2018-05-18 11:55:30 - [TEST_STEP][PASSED] - delay: Delayed 1 second(s)

2018-05-18 11:55:31 - [MESSAGE][PASSED] - Delayed 1 second(s)

2018-05-18 11:55:31 - [TEST_STEP][PASSED] - tap: Tapped on element 'Object Repository/ShopProductsScreenElements/Diapers/VisitPrimaryDisplay/ShopKeeperDidNotAllow'

2018-05-18 11:55:31 - [MESSAGE][WARNING] - Timeout '0' is invalid. Using default page load timeout: '30'

2018-05-18 11:55:32 - [MESSAGE][PASSED] - Tapped on element 'Object Repository/ShopProductsScreenElements/Diapers/VisitPrimaryDisplay/ShopKeeperDidNotAllow'

2018-05-18 11:55:32 - [TEST_STEP][PASSED] - delay: Delayed 1 second(s)

2018-05-18 11:55:33 - [MESSAGE][PASSED] - Delayed 1 second(s)

2018-05-18 11:55:33 - [TEST_STEP][PASSED] - verifyElementText: Actual text and expected text of test object 'Object Repository/ShopProductsScreenElements/Diapers/VisitPrimaryDisplay/Validate_CategoryRemarksScreen' are matched.

2018-05-18 11:55:34 - [MESSAGE][PASSED] - Actual text and expected text of test object 'Object Repository/ShopProductsScreenElements/Diapers/VisitPrimaryDisplay/Validate_CategoryRemarksScreen' are matched.

2018-05-18 11:55:34 - [TEST_STEP][PASSED] - delay: Delayed 1 second(s)

2018-05-18 11:55:35 - [MESSAGE][PASSED] - Delayed 1 second(s)

2018-05-18 11:55:35 - [TEST_STEP][PASSED] - tap: Tapped on element 'Object Repository/ShopProductsScreenElements/Diapers/VisitPrimaryDisplay/CategoryRemarks_Others'

2018-05-18 11:55:35 - [MESSAGE][WARNING] - Timeout '0' is invalid. Using default page load timeout: '30'

2018-05-18 11:55:36 - [MESSAGE][PASSED] - Tapped on element 'Object Repository/ShopProductsScreenElements/Diapers/VisitPrimaryDisplay/CategoryRemarks_Others'

2018-05-18 11:55:36 - [TEST_STEP][PASSED] - delay: Delayed 1 second(s)

2018-05-18 11:55:37 - [MESSAGE][PASSED] - Delayed 1 second(s)

2018-05-18 11:55:37 - [TEST_STEP][PASSED] - tap: Tapped on element 'Object Repository/ShopProductsScreenElements/Diapers/VisitPrimaryDisplay/CategoryRemarks_BackButton'

2018-05-18 11:55:37 - [MESSAGE][WARNING] - Timeout '0' is invalid. Using default page load timeout: '30'

2018-05-18 11:55:38 - [MESSAGE][PASSED] - Tapped on element 'Object Repository/ShopProductsScreenElements/Diapers/VisitPrimaryDisplay/CategoryRemarks_BackButton'

2018-05-18 11:55:38 - [TEST_STEP][PASSED] - delay: Delayed 1 second(s)

2018-05-18 11:55:39 - [MESSAGE][PASSED] - Delayed 1 second(s)

2018-05-18 11:55:39 - [TEST_STEP][PASSED] - verifyElementText: Actual text and expected text of test object 'Object Repository/ShopProductsScreenElements/Diapers/VisitPrimaryDisplay/Validate_PrimaryDisplayScreen' are matched.

2018-05-18 11:55:40 - [MESSAGE][PASSED] - Actual text and expected text of test object 'Object Repository/ShopProductsScreenElements/Diapers/VisitPrimaryDisplay/Validate_PrimaryDisplayScreen' are matched.

2018-05-18 11:55:40 - [TEST_STEP][PASSED] - delay: Delayed 1 second(s)

2018-05-18 11:55:41 - [MESSAGE][PASSED] - Delayed 1 second(s)

2018-05-18 11:55:41 - [TEST_STEP][PASSED] - tap: Tapped on element 'Object Repository/ShopProductsScreenElements/Diapers/VisitPrimaryDisplay/NoSpaceForDisplay'

2018-05-18 11:55:41 - [MESSAGE][WARNING] - Timeout '0' is invalid. Using default page load timeout: '30'

2018-05-18 11:55:41 - [MESSAGE][PASSED] - Tapped on element 'Object Repository/ShopProductsScreenElements/Diapers/VisitPrimaryDisplay/NoSpaceForDisplay'

2018-05-18 11:55:41 - [TEST_STEP][PASSED] - delay: Delayed 1 second(s)

2018-05-18 11:55:42 - [MESSAGE][PASSED] - Delayed 1 second(s)

2018-05-18 11:55:42 - [TEST_STEP][PASSED] - verifyElementExist: Element 'Object Repository/CommonScreenElements/Validate_CameraScreen' is exist

2018-05-18 11:55:42 - [MESSAGE][WARNING] - Timeout '0' is invalid. Using default page load timeout: '30'

2018-05-18 11:55:43 - [MESSAGE][PASSED] - Element 'Object Repository/CommonScreenElements/Validate_CameraScreen' is exist

2018-05-18 11:55:43 - [TEST_STEP][PASSED] - delay: Delayed 1 second(s)

2018-05-18 11:55:44 - [MESSAGE][PASSED] - Delayed 1 second(s)

2018-05-18 11:55:44 - [TEST_STEP][PASSED] - tap: Tapped on element 'Object Repository/CommonScreenElements/TakePictureButton'

2018-05-18 11:55:44 - [MESSAGE][WARNING] - Timeout '0' is invalid. Using default page load timeout: '30'

2018-05-18 11:55:48 - [MESSAGE][PASSED] - Tapped on element 'Object Repository/CommonScreenElements/TakePictureButton'

2018-05-18 11:55:48 - [TEST_STEP][PASSED] - delay: Delayed 5 second(s)

2018-05-18 11:55:53 - [MESSAGE][PASSED] - Delayed 5 second(s)

2018-05-18 11:55:53 - [TEST_STEP][PASSED] - tap: Tapped on element 'Object Repository/CommonScreenElements/DoneButton'

2018-05-18 11:55:53 - [MESSAGE][WARNING] - Timeout '0' is invalid. Using default page load timeout: '30'

2018-05-18 11:55:54 - [MESSAGE][PASSED] - Tapped on element 'Object Repository/CommonScreenElements/DoneButton'

2018-05-18 11:55:54 - [TEST_STEP][PASSED] - delay: Delayed 1 second(s)

2018-05-18 11:55:55 - [MESSAGE][PASSED] - Delayed 1 second(s)

2018-05-18 11:55:55 - [TEST_STEP][PASSED] - verifyElementText: Actual text and expected text of test object 'Object Repository/ShopProductsScreenElements/Diapers/Validate_DiapersScreen' are matched.

2018-05-18 11:55:56 - [MESSAGE][PASSED] - Actual text and expected text of test object 'Object Repository/ShopProductsScreenElements/Diapers/Validate_DiapersScreen' are matched.

2018-05-18 11:55:56 - [TEST_STEP][PASSED] - delay: Delayed 1 second(s)

2018-05-18 11:55:57 - [MESSAGE][PASSED] - Delayed 1 second(s)

2018-05-18 11:55:57 - [TEST_STEP][PASSED] - tap: Tapped on element 'Object Repository/ShopProductsScreenElements/Diapers/VisitPrimaryDisplay/PrimaryDisplay'

2018-05-18 11:55:57 - [MESSAGE][WARNING] - Timeout '0' is invalid. Using default page load timeout: '30'

2018-05-18 11:55:58 - [MESSAGE][PASSED] - Tapped on element 'Object Repository/ShopProductsScreenElements/Diapers/VisitPrimaryDisplay/PrimaryDisplay'

2018-05-18 11:55:58 - [TEST_STEP][PASSED] - delay: Delayed 1 second(s)

2018-05-18 11:55:59 - [MESSAGE][PASSED] - Delayed 1 second(s)

2018-05-18 11:55:59 - [TEST_STEP][PASSED] - verifyElementText: Actual text and expected text of test object 'Object Repository/ShopProductsScreenElements/Diapers/VisitPrimaryDisplay/Validate_PrimaryDisplayScreen' are matched.

2018-05-18 11:55:59 - [MESSAGE][PASSED] - Actual text and expected text of test object 'Object Repository/ShopProductsScreenElements/Diapers/VisitPrimaryDisplay/Validate_PrimaryDisplayScreen' are matched.

2018-05-18 11:55:59 - [TEST_STEP][PASSED] - delay: Delayed 1 second(s)

2018-05-18 11:56:00 - [MESSAGE][PASSED] - Delayed 1 second(s)

2018-05-18 11:56:00 - [TEST_STEP][PASSED] - tap: Tapped on element 'Object Repository/ShopProductsScreenElements/Diapers/VisitPrimaryDisplay/DisplaySpaceAvailable'

2018-05-18 11:56:00 - [MESSAGE][WARNING] - Timeout '0' is invalid. Using default page load timeout: '30'

2018-05-18 11:56:01 - [MESSAGE][PASSED] - Tapped on element 'Object Repository/ShopProductsScreenElements/Diapers/VisitPrimaryDisplay/DisplaySpaceAvailable'

2018-05-18 11:56:01 - [TEST_STEP][PASSED] - delay: Delayed 1 second(s)

2018-05-18 11:56:02 - [MESSAGE][PASSED] - Delayed 1 second(s)

2018-05-18 11:56:02 - [TEST_STEP][PASSED] - verifyElementExist: Element 'Object Repository/CommonScreenElements/Validate_CameraScreen' is exist

2018-05-18 11:56:02 - [MESSAGE][WARNING] - Timeout '0' is invalid. Using default page load timeout: '30'

2018-05-18 11:56:04 - [MESSAGE][PASSED] - Element 'Object Repository/CommonScreenElements/Validate_CameraScreen' is exist

2018-05-18 11:56:04 - [TEST_STEP][PASSED] - delay: Delayed 1 second(s)

2018-05-18 11:56:05 - [MESSAGE][PASSED] - Delayed 1 second(s)

2018-05-18 11:56:05 - [TEST_STEP][PASSED] - tap: Tapped on element 'Object Repository/CommonScreenElements/TakePictureButton'

2018-05-18 11:56:05 - [MESSAGE][WARNING] - Timeout '0' is invalid. Using default page load timeout: '30'

2018-05-18 11:56:08 - [MESSAGE][PASSED] - Tapped on element 'Object Repository/CommonScreenElements/TakePictureButton'

2018-05-18 11:56:08 - [TEST_STEP][PASSED] - delay: Delayed 5 second(s)

2018-05-18 11:56:13 - [MESSAGE][PASSED] - Delayed 5 second(s)

2018-05-18 11:56:13 - [TEST_STEP][PASSED] - tap: Tapped on element 'Object Repository/CommonScreenElements/DoneButton'

2018-05-18 11:56:13 - [MESSAGE][WARNING] - Timeout '0' is invalid. Using default page load timeout: '30'

2018-05-18 11:56:14 - [MESSAGE][PASSED] - Tapped on element 'Object Repository/CommonScreenElements/DoneButton'

2018-05-18 11:56:14 - [TEST_STEP][PASSED] - delay: Delayed 1 second(s)

2018-05-18 11:56:15 - [MESSAGE][PASSED] - Delayed 1 second(s)

2018-05-18 11:56:15 - [TEST_STEP][PASSED] - verifyElementText: Actual text and expected text of test object 'Object Repository/ShopProductsScreenElements/Diapers/VisitPrimaryDisplay/Validate_DisplaySpaceAvailableScreen' are matched.

2018-05-18 11:56:16 - [MESSAGE][PASSED] - Actual text and expected text of test object 'Object Repository/ShopProductsScreenElements/Diapers/VisitPrimaryDisplay/Validate_DisplaySpaceAvailableScreen' are matched.

2018-05-18 11:56:16 - [TEST_STEP][PASSED] - delay: Delayed 1 second(s)

2018-05-18 11:56:17 - [MESSAGE][PASSED] - Delayed 1 second(s)

2018-05-18 11:56:17 - [TEST_STEP][PASSED] - tap: Tapped on element 'Object Repository/ShopProductsScreenElements/Diapers/VisitPrimaryDisplay/Pampers'

2018-05-18 11:56:17 - [MESSAGE][WARNING] - Timeout '0' is invalid. Using default page load timeout: '30'

2018-05-18 11:56:18 - [MESSAGE][PASSED] - Tapped on element 'Object Repository/ShopProductsScreenElements/Diapers/VisitPrimaryDisplay/Pampers'

2018-05-18 11:56:18 - [TEST_STEP][PASSED] - delay: Delayed 1 second(s)

2018-05-18 11:56:19 - [MESSAGE][PASSED] - Delayed 1 second(s)

2018-05-18 11:56:19 - [TEST_STEP][PASSED] - verifyElementText: Actual text and expected text of test object 'Object Repository/ShopProductsScreenElements/Diapers/VisitPrimaryDisplay/Validate_DisplaySpaceAvailableForPampersScreen' are matched.

2018-05-18 11:56:20 - [MESSAGE][PASSED] - Actual text and expected text of test object 'Object Repository/ShopProductsScreenElements/Diapers/VisitPrimaryDisplay/Validate_DisplaySpaceAvailableForPampersScreen' are matched.

2018-05-18 11:56:20 - [TEST_STEP][PASSED] - delay: Delayed 1 second(s)

2018-05-18 11:56:21 - [MESSAGE][PASSED] - Delayed 1 second(s)

2018-05-18 11:56:21 - [TEST_STEP][PASSED] - tap: Tapped on element 'Object Repository/ShopProductsScreenElements/Diapers/VisitPrimaryDisplay/ShareOfShelf'

2018-05-18 11:56:21 - [MESSAGE][WARNING] - Timeout '0' is invalid. Using default page load timeout: '30'

2018-05-18 11:56:21 - [MESSAGE][PASSED] - Tapped on element 'Object Repository/ShopProductsScreenElements/Diapers/VisitPrimaryDisplay/ShareOfShelf'

2018-05-18 11:56:21 - [TEST_STEP][PASSED] - delay: Delayed 1 second(s)

2018-05-18 11:56:22 - [MESSAGE][PASSED] - Delayed 1 second(s)

2018-05-18 11:56:22 - [TEST_STEP][PASSED] - verifyElementText: Actual text and expected text of test object 'Object Repository/ShopProductsScreenElements/Diapers/VisitPrimaryDisplay/Validate_ShareOfShelfScreen' are matched.

2018-05-18 11:56:23 - [MESSAGE][PASSED] - Actual text and expected text of test object 'Object Repository/ShopProductsScreenElements/Diapers/VisitPrimaryDisplay/Validate_ShareOfShelfScreen' are matched.

2018-05-18 11:56:23 - [TEST_STEP][PASSED] - delay: Delayed 1 second(s)

2018-05-18 11:56:24 - [MESSAGE][PASSED] - Delayed 1 second(s)

2018-05-18 11:56:24 - [TEST_STEP][PASSED] - customKeywordsCollection.CustomKeywords.visitShareOfShelfFields: customKeywordsCollection.CustomKeywords.visitShareOfShelfFields is PASSED

2018-05-18 11:56:30 - [MESSAGE][PASSED] - Keyboard is hidden

2018-05-18 11:56:35 - [MESSAGE][PASSED] - Keyboard is hidden

2018-05-18 11:56:40 - [MESSAGE][PASSED] - Keyboard is hidden

2018-05-18 11:56:45 - [MESSAGE][PASSED] - Keyboard is hidden

2018-05-18 11:56:50 - [MESSAGE][PASSED] - Keyboard is hidden

2018-05-18 11:56:55 - [MESSAGE][PASSED] - Keyboard is hidden

2018-05-18 11:56:58 - [MESSAGE][PASSED] - Swiped from 0,330 to 0,220

2018-05-18 11:56:59 - [MESSAGE][PASSED] - Delayed 1 second(s)

2018-05-18 11:57:02 - [MESSAGE][PASSED] - Keyboard is hidden

2018-05-18 11:57:03 - [MESSAGE][PASSED] - Swiped from 0,330 to 0,220

2018-05-18 11:57:04 - [MESSAGE][PASSED] - Delayed 1 second(s)

2018-05-18 11:57:08 - [MESSAGE][PASSED] - Keyboard is hidden

2018-05-18 11:57:09 - [MESSAGE][PASSED] - Swiped from 0,330 to 0,220

2018-05-18 11:57:10 - [MESSAGE][PASSED] - Delayed 1 second(s)

2018-05-18 11:57:13 - [MESSAGE][PASSED] - Keyboard is hidden

2018-05-18 11:57:14 - [MESSAGE][PASSED] - Swiped from 0,330 to 0,220

2018-05-18 11:57:15 - [MESSAGE][PASSED] - Delayed 1 second(s)

2018-05-18 11:57:19 - [MESSAGE][PASSED] - Keyboard is hidden

2018-05-18 11:57:20 - [MESSAGE][PASSED] - Swiped from 0,330 to 0,220

2018-05-18 11:57:21 - [MESSAGE][PASSED] - Delayed 1 second(s)

2018-05-18 11:57:24 - [MESSAGE][PASSED] - Keyboard is hidden

2018-05-18 11:57:25 - [MESSAGE][PASSED] - Swiped from 0,330 to 0,220

2018-05-18 11:57:26 - [MESSAGE][PASSED] - Delayed 1 second(s)

2018-05-18 11:57:29 - [MESSAGE][PASSED] - Keyboard is hidden

2018-05-18 11:57:30 - [MESSAGE][PASSED] - Swiped from 0,330 to 0,220

2018-05-18 11:57:31 - [MESSAGE][PASSED] - Delayed 1 second(s)

2018-05-18 11:57:34 - [MESSAGE][PASSED] - Keyboard is hidden

2018-05-18 11:57:35 - [MESSAGE][PASSED] - Swiped from 0,330 to 0,220

2018-05-18 11:57:36 - [MESSAGE][PASSED] - Delayed 1 second(s)

2018-05-18 11:57:39 - [MESSAGE][PASSED] - Keyboard is hidden

2018-05-18 11:57:40 - [MESSAGE][PASSED] - Swiped from 0,330 to 0,220

2018-05-18 11:57:41 - [MESSAGE][PASSED] - Delayed 1 second(s)

2018-05-18 11:57:44 - [MESSAGE][PASSED] - Keyboard is hidden

2018-05-18 11:57:45 - [MESSAGE][PASSED] - Swiped from 0,330 to 0,220

2018-05-18 11:57:46 - [MESSAGE][PASSED] - Delayed 1 second(s)

2018-05-18 11:57:49 - [MESSAGE][PASSED] - Keyboard is hidden

2018-05-18 11:57:50 - [MESSAGE][PASSED] - Swiped from 0,330 to 0,220

2018-05-18 11:57:51 - [MESSAGE][PASSED] - Delayed 1 second(s)

2018-05-18 11:57:54 - [MESSAGE][PASSED] - Keyboard is hidden

2018-05-18 11:57:55 - [MESSAGE][PASSED] - Swiped from 0,330 to 0,220

2018-05-18 11:57:56 - [MESSAGE][PASSED] - Delayed 1 second(s)

2018-05-18 11:57:57 - [MESSAGE][PASSED] - customKeywordsCollection.CustomKeywords.visitShareOfShelfFields is PASSED

2018-05-18 11:57:57 - [TEST_STEP][PASSED] - tap: Tapped on element 'Object Repository/ShopProductsScreenElements/Diapers/VisitPrimaryDisplay/ShareOfShelf_SubmitButton'

2018-05-18 11:57:57 - [MESSAGE][WARNING] - Timeout '0' is invalid. Using default page load timeout: '30'

2018-05-18 11:57:58 - [MESSAGE][PASSED] - Tapped on element 'Object Repository/ShopProductsScreenElements/Diapers/VisitPrimaryDisplay/ShareOfShelf_SubmitButton'

2018-05-18 11:57:58 - [TEST_STEP][PASSED] - delay: Delayed 1 second(s)

2018-05-18 11:57:59 - [MESSAGE][PASSED] - Delayed 1 second(s)

2018-05-18 11:57:59 - [TEST_STEP][PASSED] - verifyElementExist: Element 'Object Repository/CommonScreenElements/Alert_PopUpDialog' is exist

2018-05-18 11:57:59 - [MESSAGE][WARNING] - Timeout '0' is invalid. Using default page load timeout: '30'

2018-05-18 11:57:59 - [MESSAGE][PASSED] - Element 'Object Repository/CommonScreenElements/Alert_PopUpDialog' is exist

2018-05-18 11:57:59 - [TEST_STEP][PASSED] - delay: Delayed 1 second(s)

2018-05-18 11:58:00 - [MESSAGE][PASSED] - Delayed 1 second(s)

2018-05-18 11:58:00 - [TEST_STEP][PASSED] - tap: Tapped on element 'Object Repository/CommonScreenElements/AlertPopup_SaveButton'

2018-05-18 11:58:00 - [MESSAGE][WARNING] - Timeout '0' is invalid. Using default page load timeout: '30'

2018-05-18 11:58:01 - [MESSAGE][PASSED] - Tapped on element 'Object Repository/CommonScreenElements/AlertPopup_SaveButton'

2018-05-18 11:58:01 - [TEST_STEP][PASSED] - delay: Delayed 1 second(s)

2018-05-18 11:58:02 - [MESSAGE][PASSED] - Delayed 1 second(s)

2018-05-18 11:58:02 - [TEST_STEP][PASSED] - verifyElementText: Actual text and expected text of test object 'Object Repository/ShopProductsScreenElements/Diapers/VisitPrimaryDisplay/Validate_DisplaySpaceAvailableForPampersScreen' are matched.

2018-05-18 11:58:02 - [MESSAGE][PASSED] - Actual text and expected text of test object 'Object Repository/ShopProductsScreenElements/Diapers/VisitPrimaryDisplay/Validate_DisplaySpaceAvailableForPampersScreen' are matched.

2018-05-18 11:58:02 - [TEST_STEP][PASSED] - delay: Delayed 1 second(s)

2018-05-18 11:58:03 - [MESSAGE][PASSED] - Delayed 1 second(s)

2018-05-18 11:58:03 - [TEST_STEP][PASSED] - tap: Tapped on element 'Object Repository/ShopProductsScreenElements/Diapers/VisitPrimaryDisplay/DisplaySpaceAvailableForPampers_BackButton'

2018-05-18 11:58:04 - [MESSAGE][WARNING] - Timeout '0' is invalid. Using default page load timeout: '30'

2018-05-18 11:58:04 - [MESSAGE][PASSED] - Tapped on element 'Object Repository/ShopProductsScreenElements/Diapers/VisitPrimaryDisplay/DisplaySpaceAvailableForPampers_BackButton'

2018-05-18 11:58:04 - [TEST_STEP][PASSED] - delay: Delayed 1 second(s)

2018-05-18 11:58:05 - [MESSAGE][PASSED] - Delayed 1 second(s)

2018-05-18 11:58:05 - [TEST_STEP][PASSED] - verifyElementText: Actual text and expected text of test object 'Object Repository/ShopProductsScreenElements/Diapers/VisitPrimaryDisplay/Validate_DisplaySpaceAvailableScreen' are matched.

2018-05-18 11:58:06 - [MESSAGE][PASSED] - Actual text and expected text of test object 'Object Repository/ShopProductsScreenElements/Diapers/VisitPrimaryDisplay/Validate_DisplaySpaceAvailableScreen' are matched.

2018-05-18 11:58:06 - [TEST_STEP][PASSED] - delay: Delayed 1 second(s)

2018-05-18 11:58:07 - [MESSAGE][PASSED] - Delayed 1 second(s)

2018-05-18 11:58:07 - [TEST_STEP][PASSED] - tap: Tapped on element 'Object Repository/ShopProductsScreenElements/Diapers/VisitPrimaryDisplay/Planogram_ImageView'

2018-05-18 11:58:07 - [MESSAGE][WARNING] - Timeout '0' is invalid. Using default page load timeout: '30'

2018-05-18 11:58:08 - [MESSAGE][PASSED] - Tapped on element 'Object Repository/ShopProductsScreenElements/Diapers/VisitPrimaryDisplay/Planogram_ImageView'

2018-05-18 11:58:08 - [TEST_STEP][PASSED] - delay: Delayed 1 second(s)

2018-05-18 11:58:09 - [MESSAGE][PASSED] - Delayed 1 second(s)

2018-05-18 11:58:09 - [TEST_STEP][PASSED] - verifyElementExist: Element 'Object Repository/ShopProductsScreenElements/Diapers/VisitPrimaryDisplay/Planogram_CloseButton' is exist

2018-05-18 11:58:09 - [MESSAGE][WARNING] - Timeout '0' is invalid. Using default page load timeout: '30'

2018-05-18 11:58:09 - [MESSAGE][PASSED] - Element 'Object Repository/ShopProductsScreenElements/Diapers/VisitPrimaryDisplay/Planogram_CloseButton' is exist

2018-05-18 11:58:09 - [TEST_STEP][PASSED] - delay: Delayed 1 second(s)

2018-05-18 11:58:10 - [MESSAGE][PASSED] - Delayed 1 second(s)

2018-05-18 11:58:10 - [TEST_STEP][PASSED] - tap: Tapped on element 'Object Repository/ShopProductsScreenElements/Diapers/VisitPrimaryDisplay/Planogram_CloseButton'

2018-05-18 11:58:10 - [MESSAGE][WARNING] - Timeout '0' is invalid. Using default page load timeout: '30'

2018-05-18 11:58:11 - [MESSAGE][PASSED] - Tapped on element 'Object Repository/ShopProductsScreenElements/Diapers/VisitPrimaryDisplay/Planogram_CloseButton'

2018-05-18 11:58:11 - [TEST_STEP][PASSED] - delay: Delayed 1 second(s)

2018-05-18 11:58:12 - [MESSAGE][PASSED] - Delayed 1 second(s)

2018-05-18 11:58:12 - [TEST_STEP][PASSED] - verifyElementText: Actual text and expected text of test object 'Object Repository/ShopProductsScreenElements/Diapers/VisitPrimaryDisplay/Validate_DisplaySpaceAvailableScreen' are matched.

2018-05-18 11:58:13 - [MESSAGE][PASSED] - Actual text and expected text of test object 'Object Repository/ShopProductsScreenElements/Diapers/VisitPrimaryDisplay/Validate_DisplaySpaceAvailableScreen' are matched.

2018-05-18 11:58:13 - [TEST_STEP][PASSED] - delay: Delayed 1 second(s)

2018-05-18 11:58:14 - [MESSAGE][PASSED] - Delayed 1 second(s)

2018-05-18 11:58:14 - [TEST_STEP][PASSED] - tap: Tapped on element 'Object Repository/ShopProductsScreenElements/Diapers/VisitPrimaryDisplay/Picture_ImageView'

2018-05-18 11:58:14 - [MESSAGE][WARNING] - Timeout '0' is invalid. Using default page load timeout: '30'

2018-05-18 11:58:15 - [MESSAGE][PASSED] - Tapped on element 'Object Repository/ShopProductsScreenElements/Diapers/VisitPrimaryDisplay/Picture_ImageView'

2018-05-18 11:58:15 - [TEST_STEP][PASSED] - delay: Delayed 1 second(s)

2018-05-18 11:58:16 - [MESSAGE][PASSED] - Delayed 1 second(s)

2018-05-18 11:58:16 - [TEST_STEP][PASSED] - verifyElementExist: Element 'Object Repository/CommonScreenElements/Validate_CameraScreen' is exist

2018-05-18 11:58:16 - [MESSAGE][WARNING] - Timeout '0' is invalid. Using default page load timeout: '30'

2018-05-18 11:58:17 - [MESSAGE][PASSED] - Element 'Object Repository/CommonScreenElements/Validate_CameraScreen' is exist

2018-05-18 11:58:17 - [TEST_STEP][PASSED] - delay: Delayed 1 second(s)

2018-05-18 11:58:18 - [MESSAGE][PASSED] - Delayed 1 second(s)

2018-05-18 11:58:18 - [TEST_STEP][PASSED] - tap: Tapped on element 'Object Repository/CommonScreenElements/TakePictureButton'

2018-05-18 11:58:18 - [MESSAGE][WARNING] - Timeout '0' is invalid. Using default page load timeout: '30'

2018-05-18 11:58:21 - [MESSAGE][PASSED] - Tapped on element 'Object Repository/CommonScreenElements/TakePictureButton'

2018-05-18 11:58:21 - [TEST_STEP][PASSED] - delay: Delayed 5 second(s)

2018-05-18 11:58:26 - [MESSAGE][PASSED] - Delayed 5 second(s)

2018-05-18 11:58:26 - [TEST_STEP][PASSED] - tap: Tapped on element 'Object Repository/CommonScreenElements/DoneButton'

2018-05-18 11:58:26 - [MESSAGE][WARNING] - Timeout '0' is invalid. Using default page load timeout: '30'

2018-05-18 11:58:27 - [MESSAGE][PASSED] - Tapped on element 'Object Repository/CommonScreenElements/DoneButton'

2018-05-18 11:58:27 - [TEST_STEP][PASSED] - delay: Delayed 1 second(s)

2018-05-18 11:58:28 - [MESSAGE][PASSED] - Delayed 1 second(s)

2018-05-18 11:58:28 - [TEST_STEP][PASSED] - verifyElementText: Actual text and expected text of test object 'Object Repository/ShopProductsScreenElements/Diapers/VisitPrimaryDisplay/Validate_DisplaySpaceAvailableScreen' are matched.

2018-05-18 11:58:29 - [MESSAGE][PASSED] - Actual text and expected text of test object 'Object Repository/ShopProductsScreenElements/Diapers/VisitPrimaryDisplay/Validate_DisplaySpaceAvailableScreen' are matched.

2018-05-18 11:58:29 - [TEST_STEP][PASSED] - delay: Delayed 1 second(s)

2018-05-18 11:58:30 - [MESSAGE][PASSED] - Delayed 1 second(s)

2018-05-18 11:58:30 - [TEST_STEP][PASSED] - tap: Tapped on element 'Object Repository/ShopProductsScreenElements/Diapers/VisitPrimaryDisplay/DisplaySpaceAvailable_BackButton'

2018-05-18 11:58:30 - [MESSAGE][WARNING] - Timeout '0' is invalid. Using default page load timeout: '30'

2018-05-18 11:58:31 - [MESSAGE][PASSED] - Tapped on element 'Object Repository/ShopProductsScreenElements/Diapers/VisitPrimaryDisplay/DisplaySpaceAvailable_BackButton'

2018-05-18 11:58:31 - [TEST_STEP][PASSED] - delay: Delayed 1 second(s)

2018-05-18 11:58:32 - [MESSAGE][PASSED] - Delayed 1 second(s)

2018-05-18 11:58:32 - [TEST_STEP][PASSED] - verifyElementText: Actual text and expected text of test object 'Object Repository/ShopProductsScreenElements/Diapers/Validate_DiapersScreen' are matched.

2018-05-18 11:58:33 - [MESSAGE][PASSED] - Actual text and expected text of test object 'Object Repository/ShopProductsScreenElements/Diapers/Validate_DiapersScreen' are matched.

2018-05-18 11:58:33 - [TEST_STEP][PASSED] - delay: Delayed 1 second(s)

2018-05-18 11:58:34 - [MESSAGE][PASSED] - Delayed 1 second(s)

2018-05-18 11:58:34 - [TEST_STEP][PASSED] - tap: Tapped on element 'Object Repository/ShopProductsScreenElements/Diapers/VisitSecondaryDisplay/SecondaryDisplay'

2018-05-18 11:58:34 - [MESSAGE][WARNING] - Timeout '0' is invalid. Using default page load timeout: '30'

2018-05-18 11:58:35 - [MESSAGE][PASSED] - Tapped on element 'Object Repository/ShopProductsScreenElements/Diapers/VisitSecondaryDisplay/SecondaryDisplay'

2018-05-18 11:58:35 - [TEST_STEP][PASSED] - delay: Delayed 1 second(s)

2018-05-18 11:58:36 - [MESSAGE][PASSED] - Delayed 1 second(s)

2018-05-18 11:58:36 - [TEST_STEP][PASSED] - verifyElementText: Actual text and expected text of test object 'Object Repository/ShopProductsScreenElements/Diapers/VisitSecondaryDisplay/Validate_SecondaryDisplayScreen' are matched.

2018-05-18 11:58:37 - [MESSAGE][PASSED] - Actual text and expected text of test object 'Object Repository/ShopProductsScreenElements/Diapers/VisitSecondaryDisplay/Validate_SecondaryDisplayScreen' are matched.

2018-05-18 11:58:37 - [TEST_STEP][PASSED] - delay: Delayed 1 second(s)

2018-05-18 11:58:38 - [MESSAGE][PASSED] - Delayed 1 second(s)

2018-05-18 11:58:38 - [TEST_STEP][PASSED] - tap: Tapped on element 'Object Repository/ShopProductsScreenElements/Diapers/VisitSecondaryDisplay/NotRecommendedForThisChannel'

2018-05-18 11:58:38 - [MESSAGE][WARNING] - Timeout '0' is invalid. Using default page load timeout: '30'

2018-05-18 11:58:39 - [MESSAGE][PASSED] - Tapped on element 'Object Repository/ShopProductsScreenElements/Diapers/VisitSecondaryDisplay/NotRecommendedForThisChannel'

2018-05-18 11:58:39 - [TEST_STEP][PASSED] - delay: Delayed 1 second(s)

2018-05-18 11:58:40 - [MESSAGE][PASSED] - Delayed 1 second(s)

2018-05-18 11:58:40 - [TEST_STEP][PASSED] - tap: Tapped on element 'Object Repository/ShopProductsScreenElements/Diapers/VisitSecondaryDisplay/NotAvailable'

2018-05-18 11:58:40 - [MESSAGE][WARNING] - Timeout '0' is invalid. Using default page load timeout: '30'

2018-05-18 11:58:41 - [MESSAGE][PASSED] - Tapped on element 'Object Repository/ShopProductsScreenElements/Diapers/VisitSecondaryDisplay/NotAvailable'

2018-05-18 11:58:41 - [TEST_STEP][PASSED] - delay: Delayed 1 second(s)

2018-05-18 11:58:42 - [MESSAGE][PASSED] - Delayed 1 second(s)

2018-05-18 11:58:42 - [TEST_STEP][PASSED] - tap: Tapped on element 'Object Repository/ShopProductsScreenElements/Diapers/VisitSecondaryDisplay/Available'

2018-05-18 11:58:42 - [MESSAGE][WARNING] - Timeout '0' is invalid. Using default page load timeout: '30'

2018-05-18 11:58:43 - [MESSAGE][PASSED] - Tapped on element 'Object Repository/ShopProductsScreenElements/Diapers/VisitSecondaryDisplay/Available'

2018-05-18 11:58:43 - [TEST_STEP][PASSED] - delay: Delayed 1 second(s)

2018-05-18 11:58:44 - [MESSAGE][PASSED] - Delayed 1 second(s)

2018-05-18 11:58:44 - [TEST_STEP][PASSED] - verifyElementText: Actual text and expected text of test object 'Object Repository/ShopProductsScreenElements/Diapers/VisitSecondaryDisplay/Validate_SecondaryDisplayAvailableScreen' are matched.

2018-05-18 11:58:44 - [MESSAGE][PASSED] - Actual text and expected text of test object 'Object Repository/ShopProductsScreenElements/Diapers/VisitSecondaryDisplay/Validate_SecondaryDisplayAvailableScreen' are matched.

2018-05-18 11:58:44 - [TEST_STEP][PASSED] - delay: Delayed 1 second(s)

2018-05-18 11:58:45 - [MESSAGE][PASSED] - Delayed 1 second(s)

2018-05-18 11:58:45 - [TEST_STEP][PASSED] - setText: Text '1' has been set to element 'Object Repository/ShopProductsScreenElements/Diapers/VisitSecondaryDisplay/UnitsForPG(Diapers)'

2018-05-18 11:58:45 - [MESSAGE][WARNING] - Timeout '0' is invalid. Using default page load timeout: '30'

2018-05-18 11:58:55 - [MESSAGE][PASSED] - Text '1' has been set to element 'Object Repository/ShopProductsScreenElements/Diapers/VisitSecondaryDisplay/UnitsForPG(Diapers)'

2018-05-18 11:58:55 - [TEST_STEP][PASSED] - setText: Text '1' has been set to element 'Object Repository/ShopProductsScreenElements/Diapers/VisitSecondaryDisplay/UnitsForCompetition(Diapers)'

2018-05-18 11:58:55 - [MESSAGE][WARNING] - Timeout '0' is invalid. Using default page load timeout: '30'

2018-05-18 11:59:05 - [MESSAGE][PASSED] - Text '1' has been set to element 'Object Repository/ShopProductsScreenElements/Diapers/VisitSecondaryDisplay/UnitsForCompetition(Diapers)'

2018-05-18 11:59:05 - [TEST_STEP][PASSED] - tap: Tapped on element 'Object Repository/ShopProductsScreenElements/Diapers/VisitSecondaryDisplay/SecondaryDisplayavailable_SubmitButton'

2018-05-18 11:59:05 - [MESSAGE][WARNING] - Timeout '0' is invalid. Using default page load timeout: '30'

2018-05-18 11:59:07 - [MESSAGE][PASSED] - Tapped on element 'Object Repository/ShopProductsScreenElements/Diapers/VisitSecondaryDisplay/SecondaryDisplayavailable_SubmitButton'

2018-05-18 11:59:07 - [TEST_STEP][PASSED] - delay: Delayed 1 second(s)

2018-05-18 11:59:08 - [MESSAGE][PASSED] - Delayed 1 second(s)

2018-05-18 11:59:08 - [TEST_STEP][PASSED] - verifyElementText: Actual text and expected text of test object 'Object Repository/ShopProductsScreenElements/Diapers/VisitSecondaryDisplay/Validate_UnitScreen' are matched.

2018-05-18 11:59:09 - [MESSAGE][PASSED] - Actual text and expected text of test object 'Object Repository/ShopProductsScreenElements/Diapers/VisitSecondaryDisplay/Validate_UnitScreen' are matched.

2018-05-18 11:59:09 - [TEST_STEP][PASSED] - delay: Delayed 1 second(s)

2018-05-18 11:59:10 - [MESSAGE][PASSED] - Delayed 1 second(s)

2018-05-18 11:59:10 - [TEST_STEP][PASSED] - tap: Tapped on element 'Object Repository/ShopProductsScreenElements/Diapers/VisitSecondaryDisplay/Unit1'

2018-05-18 11:59:10 - [MESSAGE][WARNING] - Timeout '0' is invalid. Using default page load timeout: '30'

2018-05-18 11:59:13 - [MESSAGE][PASSED] - Tapped on element 'Object Repository/ShopProductsScreenElements/Diapers/VisitSecondaryDisplay/Unit1'

2018-05-18 11:59:13 - [TEST_STEP][PASSED] - delay: Delayed 1 second(s)

2018-05-18 11:59:14 - [MESSAGE][PASSED] - Delayed 1 second(s)

2018-05-18 11:59:14 - [TEST_STEP][PASSED] - verifyElementExist: Element 'Object Repository/CommonScreenElements/Validate_CameraScreen' is exist

2018-05-18 11:59:14 - [MESSAGE][WARNING] - Timeout '0' is invalid. Using default page load timeout: '30'

2018-05-18 11:59:14 - [MESSAGE][PASSED] - Element 'Object Repository/CommonScreenElements/Validate_CameraScreen' is exist

2018-05-18 11:59:14 - [TEST_STEP][PASSED] - delay: Delayed 1 second(s)

2018-05-18 11:59:15 - [MESSAGE][PASSED] - Delayed 1 second(s)

2018-05-18 11:59:15 - [TEST_STEP][PASSED] - tap: Tapped on element 'Object Repository/CommonScreenElements/TakePictureButton'

2018-05-18 11:59:15 - [MESSAGE][WARNING] - Timeout '0' is invalid. Using default page load timeout: '30'

2018-05-18 11:59:18 - [MESSAGE][PASSED] - Tapped on element 'Object Repository/CommonScreenElements/TakePictureButton'

2018-05-18 11:59:18 - [TEST_STEP][PASSED] - delay: Delayed 5 second(s)

2018-05-18 11:59:23 - [MESSAGE][PASSED] - Delayed 5 second(s)

2018-05-18 11:59:23 - [TEST_STEP][PASSED] - tap: Tapped on element 'Object Repository/CommonScreenElements/DoneButton'

2018-05-18 11:59:23 - [MESSAGE][WARNING] - Timeout '0' is invalid. Using default page load timeout: '30'

2018-05-18 11:59:24 - [MESSAGE][PASSED] - Tapped on element 'Object Repository/CommonScreenElements/DoneButton'

2018-05-18 11:59:24 - [TEST_STEP][PASSED] - delay: Delayed 1 second(s)

2018-05-18 11:59:25 - [MESSAGE][PASSED] - Delayed 1 second(s)

2018-05-18 11:59:25 - [TEST_STEP][PASSED] - verifyElementText: Actual text and expected text of test object 'Object Repository/ShopProductsScreenElements/Diapers/VisitSecondaryDisplay/Validate_UnitsDetailScreen' are matched.

2018-05-18 11:59:27 - [MESSAGE][PASSED] - Actual text and expected text of test object 'Object Repository/ShopProductsScreenElements/Diapers/VisitSecondaryDisplay/Validate_UnitsDetailScreen' are matched.

2018-05-18 11:59:27 - [TEST_STEP][PASSED] - delay: Delayed 1 second(s)

2018-05-18 11:59:28 - [MESSAGE][PASSED] - Delayed 1 second(s)

2018-05-18 11:59:28 - [TEST_STEP][PASSED] - tap: Tapped on element 'Object Repository/ShopProductsScreenElements/Diapers/VisitSecondaryDisplay/ShopKeeperDidNotAllow'

2018-05-18 11:59:28 - [MESSAGE][WARNING] - Timeout '0' is invalid. Using default page load timeout: '30'

2018-05-18 11:59:29 - [MESSAGE][PASSED] - Tapped on element 'Object Repository/ShopProductsScreenElements/Diapers/VisitSecondaryDisplay/ShopKeeperDidNotAllow'

2018-05-18 11:59:29 - [TEST_STEP][PASSED] - delay: Delayed 1 second(s)

2018-05-18 11:59:30 - [MESSAGE][PASSED] - Delayed 1 second(s)

2018-05-18 11:59:30 - [TEST_STEP][PASSED] - verifyElementText: Actual text and expected text of test object 'Object Repository/ShopProductsScreenElements/Diapers/VisitSecondaryDisplay/Validate_CategoryRemarksScreenForShopKeeper' are matched.

2018-05-18 11:59:31 - [MESSAGE][PASSED] - Actual text and expected text of test object 'Object Repository/ShopProductsScreenElements/Diapers/VisitSecondaryDisplay/Validate_CategoryRemarksScreenForShopKeeper' are matched.

2018-05-18 11:59:31 - [TEST_STEP][PASSED] - delay: Delayed 1 second(s)

2018-05-18 11:59:32 - [MESSAGE][PASSED] - Delayed 1 second(s)

2018-05-18 11:59:32 - [TEST_STEP][PASSED] - tap: Tapped on element 'Object Repository/ShopProductsScreenElements/Diapers/VisitSecondaryDisplay/CategoryRemarksForShopKeeper_Others'

2018-05-18 11:59:32 - [MESSAGE][WARNING] - Timeout '0' is invalid. Using default page load timeout: '30'

2018-05-18 11:59:32 - [MESSAGE][PASSED] - Tapped on element 'Object Repository/ShopProductsScreenElements/Diapers/VisitSecondaryDisplay/CategoryRemarksForShopKeeper_Others'

2018-05-18 11:59:32 - [TEST_STEP][PASSED] - delay: Delayed 1 second(s)

2018-05-18 11:59:33 - [MESSAGE][PASSED] - Delayed 1 second(s)

2018-05-18 11:59:33 - [TEST_STEP][PASSED] - tap: Tapped on element 'Object Repository/ShopProductsScreenElements/Diapers/VisitSecondaryDisplay/CategoryRemarksForShopKeeper_BackButton'

2018-05-18 11:59:33 - [MESSAGE][WARNING] - Timeout '0' is invalid. Using default page load timeout: '30'

2018-05-18 11:59:34 - [MESSAGE][PASSED] - Tapped on element 'Object Repository/ShopProductsScreenElements/Diapers/VisitSecondaryDisplay/CategoryRemarksForShopKeeper_BackButton'

2018-05-18 11:59:34 - [TEST_STEP][PASSED] - delay: Delayed 1 second(s)

2018-05-18 11:59:35 - [MESSAGE][PASSED] - Delayed 1 second(s)

2018-05-18 11:59:35 - [TEST_STEP][PASSED] - verifyElementText: Actual text and expected text of test object 'Object Repository/ShopProductsScreenElements/Diapers/VisitSecondaryDisplay/Validate_UnitsDetailScreen' are matched.

2018-05-18 11:59:36 - [MESSAGE][PASSED] - Actual text and expected text of test object 'Object Repository/ShopProductsScreenElements/Diapers/VisitSecondaryDisplay/Validate_UnitsDetailScreen' are matched.

2018-05-18 11:59:36 - [TEST_STEP][PASSED] - delay: Delayed 1 second(s)

2018-05-18 11:59:37 - [MESSAGE][PASSED] - Delayed 1 second(s)

2018-05-18 11:59:37 - [TEST_STEP][PASSED] - tap: Tapped on element 'Object Repository/ShopProductsScreenElements/Diapers/VisitSecondaryDisplay/DisplayUnitNeedMaintenance'

2018-05-18 11:59:37 - [MESSAGE][WARNING] - Timeout '0' is invalid. Using default page load timeout: '30'

2018-05-18 11:59:38 - [MESSAGE][PASSED] - Tapped on element 'Object Repository/ShopProductsScreenElements/Diapers/VisitSecondaryDisplay/DisplayUnitNeedMaintenance'

2018-05-18 11:59:38 - [TEST_STEP][PASSED] - delay: Delayed 1 second(s)

2018-05-18 11:59:39 - [MESSAGE][PASSED] - Delayed 1 second(s)

2018-05-18 11:59:39 - [TEST_STEP][PASSED] - verifyElementText: Actual text and expected text of test object 'Object Repository/ShopProductsScreenElements/Diapers/VisitSecondaryDisplay/Validate_CategoryRemarksScreenForDisplayUnit' are matched.

2018-05-18 11:59:40 - [MESSAGE][PASSED] - Actual text and expected text of test object 'Object Repository/ShopProductsScreenElements/Diapers/VisitSecondaryDisplay/Validate_CategoryRemarksScreenForDisplayUnit' are matched.

2018-05-18 11:59:40 - [TEST_STEP][PASSED] - delay: Delayed 1 second(s)

2018-05-18 11:59:41 - [MESSAGE][PASSED] - Delayed 1 second(s)

2018-05-18 11:59:41 - [TEST_STEP][PASSED] - tap: Tapped on element 'Object Repository/ShopProductsScreenElements/Diapers/VisitSecondaryDisplay/CategoryRemarksForDisplayUnit_OldBrand'

2018-05-18 11:59:41 - [MESSAGE][WARNING] - Timeout '0' is invalid. Using default page load timeout: '30'

2018-05-18 11:59:41 - [MESSAGE][PASSED] - Tapped on element 'Object Repository/ShopProductsScreenElements/Diapers/VisitSecondaryDisplay/CategoryRemarksForDisplayUnit_OldBrand'

2018-05-18 11:59:41 - [TEST_STEP][PASSED] - delay: Delayed 1 second(s)

2018-05-18 11:59:42 - [MESSAGE][PASSED] - Delayed 1 second(s)

2018-05-18 11:59:42 - [TEST_STEP][PASSED] - tap: Tapped on element 'Object Repository/ShopProductsScreenElements/Diapers/VisitSecondaryDisplay/CategoryRemarksForDisplayUnit_BackButton'

2018-05-18 11:59:42 - [MESSAGE][WARNING] - Timeout '0' is invalid. Using default page load timeout: '30'

2018-05-18 11:59:43 - [MESSAGE][PASSED] - Tapped on element 'Object Repository/ShopProductsScreenElements/Diapers/VisitSecondaryDisplay/CategoryRemarksForDisplayUnit_BackButton'

2018-05-18 11:59:43 - [TEST_STEP][PASSED] - delay: Delayed 1 second(s)

2018-05-18 11:59:44 - [MESSAGE][PASSED] - Delayed 1 second(s)

2018-05-18 11:59:44 - [TEST_STEP][PASSED] - verifyElementText: Actual text and expected text of test object 'Object Repository/ShopProductsScreenElements/Diapers/VisitSecondaryDisplay/Validate_UnitsDetailScreen' are matched.

2018-05-18 11:59:45 - [MESSAGE][PASSED] - Actual text and expected text of test object 'Object Repository/ShopProductsScreenElements/Diapers/VisitSecondaryDisplay/Validate_UnitsDetailScreen' are matched.

2018-05-18 11:59:45 - [TEST_STEP][PASSED] - delay: Delayed 1 second(s)

2018-05-18 11:59:46 - [MESSAGE][PASSED] - Delayed 1 second(s)

2018-05-18 11:59:46 - [TEST_STEP][PASSED] - tap: Tapped on element 'Object Repository/ShopProductsScreenElements/Diapers/VisitSecondaryDisplay/DisplayUnitIsInPerfectCondition'

2018-05-18 11:59:46 - [MESSAGE][WARNING] - Timeout '0' is invalid. Using default page load timeout: '30'

2018-05-18 11:59:47 - [MESSAGE][PASSED] - Tapped on element 'Object Repository/ShopProductsScreenElements/Diapers/VisitSecondaryDisplay/DisplayUnitIsInPerfectCondition'

2018-05-18 11:59:47 - [TEST_STEP][PASSED] - delay: Delayed 1 second(s)

2018-05-18 11:59:48 - [MESSAGE][PASSED] - Delayed 1 second(s)

2018-05-18 11:59:48 - [TEST_STEP][PASSED] - verifyElementText: Actual text and expected text of test object 'Object Repository/ShopProductsScreenElements/Diapers/VisitSecondaryDisplay/Validate_DisplayUnitUtilizationScreen' are matched.

2018-05-18 11:59:48 - [MESSAGE][PASSED] - Actual text and expected text of test object 'Object Repository/ShopProductsScreenElements/Diapers/VisitSecondaryDisplay/Validate_DisplayUnitUtilizationScreen' are matched.

2018-05-18 11:59:48 - [TEST_STEP][PASSED] - delay: Delayed 1 second(s)

2018-05-18 11:59:49 - [MESSAGE][PASSED] - Delayed 1 second(s)

2018-05-18 11:59:49 - [TEST_STEP][PASSED] - setText: Text '50' has been set to element 'Object Repository/ShopProductsScreenElements/Diapers/VisitSecondaryDisplay/DisplayUnitUtilization_TextField'

2018-05-18 11:59:49 - [MESSAGE][WARNING] - Timeout '0' is invalid. Using default page load timeout: '30'

2018-05-18 12:00:03 - [MESSAGE][PASSED] - Text '50' has been set to element 'Object Repository/ShopProductsScreenElements/Diapers/VisitSecondaryDisplay/DisplayUnitUtilization_TextField'

2018-05-18 12:00:03 - [TEST_STEP][PASSED] - delay: Delayed 1 second(s)

2018-05-18 12:00:04 - [MESSAGE][PASSED] - Delayed 1 second(s)

2018-05-18 12:00:04 - [TEST_STEP][PASSED] - tap: Tapped on element 'Object Repository/ShopProductsScreenElements/Diapers/VisitSecondaryDisplay/DisplayUnitUtilization_SubmitButton'

2018-05-18 12:00:04 - [MESSAGE][WARNING] - Timeout '0' is invalid. Using default page load timeout: '30'

2018-05-18 12:00:06 - [MESSAGE][PASSED] - Tapped on element 'Object Repository/ShopProductsScreenElements/Diapers/VisitSecondaryDisplay/DisplayUnitUtilization_SubmitButton'

2018-05-18 12:00:06 - [TEST_STEP][PASSED] - delay: Delayed 1 second(s)

2018-05-18 12:00:07 - [MESSAGE][PASSED] - Delayed 1 second(s)

2018-05-18 12:00:07 - [TEST_STEP][PASSED] - verifyElementText: Actual text and expected text of test object 'Object Repository/ShopProductsScreenElements/Diapers/VisitSecondaryDisplay/Validate_UnitScreen' are matched.

2018-05-18 12:00:08 - [MESSAGE][PASSED] - Actual text and expected text of test object 'Object Repository/ShopProductsScreenElements/Diapers/VisitSecondaryDisplay/Validate_UnitScreen' are matched.

2018-05-18 12:00:08 - [TEST_STEP][PASSED] - delay: Delayed 1 second(s)

2018-05-18 12:00:09 - [MESSAGE][PASSED] - Delayed 1 second(s)

2018-05-18 12:00:09 - [TEST_STEP][PASSED] - tap: Tapped on element 'Object Repository/ShopProductsScreenElements/Diapers/VisitSecondaryDisplay/Unit_BackButton'

2018-05-18 12:00:09 - [MESSAGE][WARNING] - Timeout '0' is invalid. Using default page load timeout: '30'

2018-05-18 12:00:10 - [MESSAGE][PASSED] - Tapped on element 'Object Repository/ShopProductsScreenElements/Diapers/VisitSecondaryDisplay/Unit_BackButton'

2018-05-18 12:00:10 - [TEST_STEP][PASSED] - delay: Delayed 1 second(s)

2018-05-18 12:00:11 - [MESSAGE][PASSED] - Delayed 1 second(s)

2018-05-18 12:00:11 - [TEST_STEP][PASSED] - verifyElementText: Actual text and expected text of test object 'Object Repository/ShopProductsScreenElements/Diapers/VisitSecondaryDisplay/Validate_SecondaryDisplayScreen' are matched.

2018-05-18 12:00:12 - [MESSAGE][PASSED] - Actual text and expected text of test object 'Object Repository/ShopProductsScreenElements/Diapers/VisitSecondaryDisplay/Validate_SecondaryDisplayScreen' are matched.

2018-05-18 12:00:12 - [TEST_STEP][PASSED] - delay: Delayed 1 second(s)

2018-05-18 12:00:13 - [MESSAGE][PASSED] - Delayed 1 second(s)

2018-05-18 12:00:13 - [TEST_STEP][PASSED] - tap: Tapped on element 'Object Repository/ShopProductsScreenElements/Diapers/VisitSecondaryDisplay/SecondaryDisplay_BackButton'

2018-05-18 12:00:13 - [MESSAGE][WARNING] - Timeout '0' is invalid. Using default page load timeout: '30'

2018-05-18 12:00:13 - [MESSAGE][PASSED] - Tapped on element 'Object Repository/ShopProductsScreenElements/Diapers/VisitSecondaryDisplay/SecondaryDisplay_BackButton'

2018-05-18 12:00:13 - [TEST_STEP][PASSED] - delay: Delayed 1 second(s)

2018-05-18 12:00:14 - [MESSAGE][PASSED] - Delayed 1 second(s)

2018-05-18 12:00:14 - [TEST_STEP][PASSED] - verifyElementExist: Element 'Object Repository/ShopProductsScreenElements/Validate_ShopProductsScreen' is exist

2018-05-18 12:00:14 - [MESSAGE][WARNING] - Timeout '0' is invalid. Using default page load timeout: '30'

2018-05-18 12:00:15 - [MESSAGE][PASSED] - Element 'Object Repository/ShopProductsScreenElements/Validate_ShopProductsScreen' is exist

2018-05-18 12:00:15 - [TEST_STEP][PASSED] - delay: Delayed 1 second(s)

2018-05-18 12:00:16 - [MESSAGE][PASSED] - Delayed 1 second(s)

2018-05-18 12:00:16 - [MESSAGE][PASSED] - Call Test Case 'Test Cases/ChooseHFSShop/ShopOpen/ShopProducts/Diapers/VisitDiaper' successfully

2018-05-18 12:00:27 - [MESSAGE][PASSED] - Swiped from 0,293 to 0,200

2018-05-18 12:00:29 - [MESSAGE][PASSED] - Delayed 2 second(s)

2018-05-18 12:00:30 - [MESSAGE][PASSED] - customKeywordsCollection.CustomKeywords.visitShopProducts is PASSED]]></system-out>
         <system-err><![CDATA[]]></system-err>
      </testcase>
      <testcase name="Test Cases/ChooseHFSShop/ShopOpen/ShopProducts/OverwriteShopProducts" classname="Test Cases/ChooseHFSShop/ShopOpen/ShopProducts/OverwriteShopProducts" status="PASSED">
         <system-out><![CDATA[2018-05-18 12:00:30 - [TEST_CASE][PASSED] - Test Cases/ChooseHFSShop/ShopOpen/ShopProducts/OverwriteShopProducts: Test Cases/ChooseHFSShop/ShopOpen/ShopProducts/OverwriteShopProducts

2018-05-18 12:00:30 - [TEST_STEP][PASSED] - swipe: Swiped from 0,200 to 0,600

2018-05-18 12:00:31 - [MESSAGE][PASSED] - Swiped from 0,200 to 0,600

2018-05-18 12:00:31 - [TEST_STEP][PASSED] - delay: Delayed 2 second(s)

2018-05-18 12:00:33 - [MESSAGE][PASSED] - Delayed 2 second(s)

2018-05-18 12:00:33 - [TEST_STEP][PASSED] - verifyElementExist: Element 'Object Repository/ShopProductsScreenElements/Validate_ShopProductsScreen' is exist

2018-05-18 12:00:33 - [MESSAGE][WARNING] - Timeout '0' is invalid. Using default page load timeout: '30'

2018-05-18 12:00:34 - [MESSAGE][PASSED] - Element 'Object Repository/ShopProductsScreenElements/Validate_ShopProductsScreen' is exist

2018-05-18 12:00:34 - [TEST_STEP][PASSED] - delay: Delayed 1 second(s)

2018-05-18 12:00:35 - [MESSAGE][PASSED] - Delayed 1 second(s)

2018-05-18 12:00:35 - [TEST_STEP][PASSED] - customKeywordsCollection.CustomKeywords.overwriteShopProducts: customKeywordsCollection.CustomKeywords.overwriteShopProducts is PASSED

2018-05-18 12:00:38 - [MESSAGE][PASSED] - Delayed 1 second(s)

2018-05-18 12:00:38 - [TEST_CASE][PASSED] - Test Cases/ChooseHFSShop/ShopOpen/ShopProducts/HotSpot/OverwriteHotSpot: Test Cases/ChooseHFSShop/ShopOpen/ShopProducts/HotSpot/OverwriteHotSpot

2018-05-18 12:00:39 - [TEST_STEP][PASSED] - Statement - dataforhotspot = com.kms.katalon.core.testdata.TestDataFactory.findTestData(Data Files/Hotspot/OverwriteHotspot): Reading excel file with source file 'D:\(Katalon studio) GitProject\PnG_Merchandising\PnG_Merchandising\PnGMerchandising.xlsx' and sheet name 'Overwrite Hotspot'

2018-05-18 12:00:39 - [TEST_STEP][PASSED] - verifyElementText: Actual text and expected text of test object 'Object Repository/ShopProductsScreenElements/HotSpot/Validate_HotSpotScreen' are matched.

2018-05-18 12:00:40 - [MESSAGE][PASSED] - Actual text and expected text of test object 'Object Repository/ShopProductsScreenElements/HotSpot/Validate_HotSpotScreen' are matched.

2018-05-18 12:00:40 - [TEST_STEP][PASSED] - delay: Delayed 1 second(s)

2018-05-18 12:00:41 - [MESSAGE][PASSED] - Delayed 1 second(s)

2018-05-18 12:00:41 - [TEST_STEP][PASSED] - tap: Tapped on element 'Object Repository/ShopProductsScreenElements/HotSpot/VisitHotSpotAvailable/HotSpotAvailable'

2018-05-18 12:00:41 - [MESSAGE][WARNING] - Timeout '0' is invalid. Using default page load timeout: '30'

2018-05-18 12:00:42 - [MESSAGE][PASSED] - Tapped on element 'Object Repository/ShopProductsScreenElements/HotSpot/VisitHotSpotAvailable/HotSpotAvailable'

2018-05-18 12:00:42 - [TEST_STEP][PASSED] - delay: Delayed 1 second(s)

2018-05-18 12:00:43 - [MESSAGE][PASSED] - Delayed 1 second(s)

2018-05-18 12:00:43 - [TEST_STEP][PASSED] - verifyElementText: Actual text and expected text of test object 'Object Repository/ShopProductsScreenElements/HotSpot/VisitHotSpotAvailable/Validate_SelectAppropriateTypeScreen' are matched.

2018-05-18 12:00:43 - [MESSAGE][PASSED] - Actual text and expected text of test object 'Object Repository/ShopProductsScreenElements/HotSpot/VisitHotSpotAvailable/Validate_SelectAppropriateTypeScreen' are matched.

2018-05-18 12:00:43 - [TEST_STEP][PASSED] - delay: Delayed 1 second(s)

2018-05-18 12:00:44 - [MESSAGE][PASSED] - Delayed 1 second(s)

2018-05-18 12:00:44 - [TEST_STEP][PASSED] - customKeywordsCollection.CustomKeywords.selectHotSpotAppropriateType: customKeywordsCollection.CustomKeywords.selectHotSpotAppropriateType is PASSED

2018-05-18 12:00:50 - [MESSAGE][PASSED] - Delayed 1 second(s)

2018-05-18 12:00:50 - [MESSAGE][PASSED] - customKeywordsCollection.CustomKeywords.selectHotSpotAppropriateType is PASSED

2018-05-18 12:00:50 - [TEST_STEP][PASSED] - verifyElementExist: Element 'Object Repository/CommonScreenElements/Validate_CameraScreen' is exist

2018-05-18 12:00:50 - [MESSAGE][WARNING] - Timeout '0' is invalid. Using default page load timeout: '30'

2018-05-18 12:00:50 - [MESSAGE][PASSED] - Element 'Object Repository/CommonScreenElements/Validate_CameraScreen' is exist

2018-05-18 12:00:50 - [TEST_STEP][PASSED] - delay: Delayed 1 second(s)

2018-05-18 12:00:51 - [MESSAGE][PASSED] - Delayed 1 second(s)

2018-05-18 12:00:51 - [TEST_STEP][PASSED] - tap: Tapped on element 'Object Repository/CommonScreenElements/TakePictureButton'

2018-05-18 12:00:51 - [MESSAGE][WARNING] - Timeout '0' is invalid. Using default page load timeout: '30'

2018-05-18 12:00:54 - [MESSAGE][PASSED] - Tapped on element 'Object Repository/CommonScreenElements/TakePictureButton'

2018-05-18 12:00:54 - [TEST_STEP][PASSED] - delay: Delayed 5 second(s)

2018-05-18 12:00:59 - [MESSAGE][PASSED] - Delayed 5 second(s)

2018-05-18 12:00:59 - [TEST_STEP][PASSED] - tap: Tapped on element 'Object Repository/CommonScreenElements/DoneButton'

2018-05-18 12:00:59 - [MESSAGE][WARNING] - Timeout '0' is invalid. Using default page load timeout: '30'

2018-05-18 12:01:01 - [MESSAGE][PASSED] - Tapped on element 'Object Repository/CommonScreenElements/DoneButton'

2018-05-18 12:01:01 - [TEST_STEP][PASSED] - delay: Delayed 1 second(s)

2018-05-18 12:01:02 - [MESSAGE][PASSED] - Delayed 1 second(s)

2018-05-18 12:01:02 - [TEST_STEP][PASSED] - verifyElementText: Actual text and expected text of test object 'Object Repository/ShopProductsScreenElements/HotSpot/VisitHotSpotAvailable/Validate_HotSpotAvailableScreen' are matched.

2018-05-18 12:01:03 - [MESSAGE][PASSED] - Actual text and expected text of test object 'Object Repository/ShopProductsScreenElements/HotSpot/VisitHotSpotAvailable/Validate_HotSpotAvailableScreen' are matched.

2018-05-18 12:01:03 - [TEST_STEP][PASSED] - delay: Delayed 1 second(s)

2018-05-18 12:01:04 - [MESSAGE][PASSED] - Delayed 1 second(s)

2018-05-18 12:01:04 - [TEST_STEP][PASSED] - tap: Tapped on element 'Object Repository/ShopProductsScreenElements/HotSpot/VisitHotSpotAvailable/Facing'

2018-05-18 12:01:04 - [MESSAGE][WARNING] - Timeout '0' is invalid. Using default page load timeout: '30'

2018-05-18 12:01:05 - [MESSAGE][PASSED] - Tapped on element 'Object Repository/ShopProductsScreenElements/HotSpot/VisitHotSpotAvailable/Facing'

2018-05-18 12:01:05 - [TEST_STEP][PASSED] - delay: Delayed 1 second(s)

2018-05-18 12:01:06 - [MESSAGE][PASSED] - Delayed 1 second(s)

2018-05-18 12:01:06 - [TEST_STEP][PASSED] - verifyElementText: Actual text and expected text of test object 'Object Repository/ShopProductsScreenElements/HotSpot/VisitHotSpotAvailable/Validate_FacingScreen' are matched.

2018-05-18 12:01:07 - [MESSAGE][PASSED] - Actual text and expected text of test object 'Object Repository/ShopProductsScreenElements/HotSpot/VisitHotSpotAvailable/Validate_FacingScreen' are matched.

2018-05-18 12:01:07 - [TEST_STEP][PASSED] - delay: Delayed 1 second(s)

2018-05-18 12:01:08 - [MESSAGE][PASSED] - Delayed 1 second(s)

2018-05-18 12:01:08 - [TEST_STEP][PASSED] - setText: Text '10' has been set to element 'Object Repository/ShopProductsScreenElements/HotSpot/VisitHotSpotAvailable/AlwaysMaxiThicksExtraLong_TextField'

2018-05-18 12:01:08 - [MESSAGE][WARNING] - Timeout '0' is invalid. Using default page load timeout: '30'

2018-05-18 12:01:14 - [MESSAGE][PASSED] - Text '10' has been set to element 'Object Repository/ShopProductsScreenElements/HotSpot/VisitHotSpotAvailable/AlwaysMaxiThicksExtraLong_TextField'

2018-05-18 12:01:14 - [TEST_STEP][PASSED] - hideKeyboard: Keyboard is hidden

2018-05-18 12:01:15 - [MESSAGE][PASSED] - Keyboard is hidden

2018-05-18 12:01:15 - [TEST_STEP][PASSED] - tap: Tapped on element 'Object Repository/ShopProductsScreenElements/HotSpot/VisitHotSpotAvailable/SubmitButton'

2018-05-18 12:01:15 - [MESSAGE][WARNING] - Timeout '0' is invalid. Using default page load timeout: '30'

2018-05-18 12:01:16 - [MESSAGE][PASSED] - Tapped on element 'Object Repository/ShopProductsScreenElements/HotSpot/VisitHotSpotAvailable/SubmitButton'

2018-05-18 12:01:16 - [TEST_STEP][PASSED] - delay: Delayed 1 second(s)

2018-05-18 12:01:17 - [MESSAGE][PASSED] - Delayed 1 second(s)

2018-05-18 12:01:17 - [TEST_STEP][PASSED] - verifyElementExist: Element 'Object Repository/CommonScreenElements/Validate_InfoPopUpDialog' is exist

2018-05-18 12:01:17 - [MESSAGE][WARNING] - Timeout '0' is invalid. Using default page load timeout: '30'

2018-05-18 12:01:17 - [MESSAGE][PASSED] - Element 'Object Repository/CommonScreenElements/Validate_InfoPopUpDialog' is exist

2018-05-18 12:01:17 - [TEST_STEP][PASSED] - delay: Delayed 1 second(s)

2018-05-18 12:01:18 - [MESSAGE][PASSED] - Delayed 1 second(s)

2018-05-18 12:01:18 - [TEST_STEP][PASSED] - tap: Tapped on element 'Object Repository/CommonScreenElements/InfoPopUp_OKButton'

2018-05-18 12:01:18 - [MESSAGE][WARNING] - Timeout '0' is invalid. Using default page load timeout: '30'

2018-05-18 12:01:19 - [MESSAGE][PASSED] - Tapped on element 'Object Repository/CommonScreenElements/InfoPopUp_OKButton'

2018-05-18 12:01:19 - [TEST_STEP][PASSED] - delay: Delayed 1 second(s)

2018-05-18 12:01:20 - [MESSAGE][PASSED] - Delayed 1 second(s)

2018-05-18 12:01:20 - [TEST_STEP][PASSED] - verifyElementText: Actual text and expected text of test object 'Object Repository/ShopProductsScreenElements/HotSpot/VisitHotSpotAvailable/Validate_HotSpotAvailableScreen' are matched.

2018-05-18 12:01:21 - [MESSAGE][PASSED] - Actual text and expected text of test object 'Object Repository/ShopProductsScreenElements/HotSpot/VisitHotSpotAvailable/Validate_HotSpotAvailableScreen' are matched.

2018-05-18 12:01:21 - [TEST_STEP][PASSED] - delay: Delayed 1 second(s)

2018-05-18 12:01:22 - [MESSAGE][PASSED] - Delayed 1 second(s)

2018-05-18 12:01:22 - [TEST_STEP][PASSED] - tap: Tapped on element 'Object Repository/ShopProductsScreenElements/HotSpot/VisitHotSpotAvailable/POSMImageView'

2018-05-18 12:01:22 - [MESSAGE][WARNING] - Timeout '0' is invalid. Using default page load timeout: '30'

2018-05-18 12:01:23 - [MESSAGE][PASSED] - Tapped on element 'Object Repository/ShopProductsScreenElements/HotSpot/VisitHotSpotAvailable/POSMImageView'

2018-05-18 12:01:23 - [TEST_STEP][PASSED] - delay: Delayed 1 second(s)

2018-05-18 12:01:24 - [MESSAGE][PASSED] - Delayed 1 second(s)

2018-05-18 12:01:24 - [TEST_STEP][PASSED] - customKeywordsCollection.CustomKeywords.selectPOSM: customKeywordsCollection.CustomKeywords.selectPOSM is PASSED

2018-05-18 12:01:26 - [MESSAGE][PASSED] - Delayed 1 second(s)

2018-05-18 12:01:26 - [MESSAGE][PASSED] - customKeywordsCollection.CustomKeywords.selectPOSM is PASSED

2018-05-18 12:01:26 - [TEST_STEP][PASSED] - verifyElementText: Actual text and expected text of test object 'Object Repository/ShopProductsScreenElements/HotSpot/VisitHotSpotAvailable/Validate_POSMRemarksScreen' are matched.

2018-05-18 12:01:26 - [MESSAGE][PASSED] - Actual text and expected text of test object 'Object Repository/ShopProductsScreenElements/HotSpot/VisitHotSpotAvailable/Validate_POSMRemarksScreen' are matched.

2018-05-18 12:01:26 - [TEST_STEP][PASSED] - delay: Delayed 1 second(s)

2018-05-18 12:01:27 - [MESSAGE][PASSED] - Delayed 1 second(s)

2018-05-18 12:01:27 - [TEST_STEP][PASSED] - tap: Tapped on element 'Object Repository/ShopProductsScreenElements/HotSpot/VisitHotSpotAvailable/POSMRemarks_AlreadyDeployed'

2018-05-18 12:01:27 - [MESSAGE][WARNING] - Timeout '0' is invalid. Using default page load timeout: '30'

2018-05-18 12:01:28 - [MESSAGE][PASSED] - Tapped on element 'Object Repository/ShopProductsScreenElements/HotSpot/VisitHotSpotAvailable/POSMRemarks_AlreadyDeployed'

2018-05-18 12:01:28 - [TEST_STEP][PASSED] - delay: Delayed 1 second(s)

2018-05-18 12:01:29 - [MESSAGE][PASSED] - Delayed 1 second(s)

2018-05-18 12:01:29 - [TEST_STEP][PASSED] - pressBack: Press back button successfully

2018-05-18 12:01:30 - [MESSAGE][PASSED] - Press back button successfully

2018-05-18 12:01:30 - [TEST_STEP][PASSED] - delay: Delayed 1 second(s)

2018-05-18 12:01:31 - [MESSAGE][PASSED] - Delayed 1 second(s)

2018-05-18 12:01:31 - [TEST_STEP][PASSED] - verifyElementText: Actual text and expected text of test object 'Object Repository/ShopProductsScreenElements/HotSpot/VisitHotSpotAvailable/Validate_HotSpotAvailableScreen' are matched.

2018-05-18 12:01:32 - [MESSAGE][PASSED] - Actual text and expected text of test object 'Object Repository/ShopProductsScreenElements/HotSpot/VisitHotSpotAvailable/Validate_HotSpotAvailableScreen' are matched.

2018-05-18 12:01:32 - [TEST_STEP][PASSED] - delay: Delayed 1 second(s)

2018-05-18 12:01:33 - [MESSAGE][PASSED] - Delayed 1 second(s)

2018-05-18 12:01:33 - [TEST_STEP][PASSED] - tap: Tapped on element 'Object Repository/ShopProductsScreenElements/HotSpot/VisitHotSpotAvailable/PlanogramImageView'

2018-05-18 12:01:33 - [MESSAGE][WARNING] - Timeout '0' is invalid. Using default page load timeout: '30'

2018-05-18 12:01:34 - [MESSAGE][PASSED] - Tapped on element 'Object Repository/ShopProductsScreenElements/HotSpot/VisitHotSpotAvailable/PlanogramImageView'

2018-05-18 12:01:34 - [TEST_STEP][PASSED] - delay: Delayed 1 second(s)

2018-05-18 12:01:35 - [MESSAGE][PASSED] - Delayed 1 second(s)

2018-05-18 12:01:35 - [TEST_STEP][PASSED] - verifyElementExist: Element 'Object Repository/ShopProductsScreenElements/HotSpot/VisitHotSpotAvailable/Planogram_CloseButton' is exist

2018-05-18 12:01:35 - [MESSAGE][WARNING] - Timeout '0' is invalid. Using default page load timeout: '30'

2018-05-18 12:01:35 - [MESSAGE][PASSED] - Element 'Object Repository/ShopProductsScreenElements/HotSpot/VisitHotSpotAvailable/Planogram_CloseButton' is exist

2018-05-18 12:01:35 - [TEST_STEP][PASSED] - delay: Delayed 1 second(s)

2018-05-18 12:01:36 - [MESSAGE][PASSED] - Delayed 1 second(s)

2018-05-18 12:01:36 - [TEST_STEP][PASSED] - tap: Tapped on element 'Object Repository/ShopProductsScreenElements/HotSpot/VisitHotSpotAvailable/Planogram_CloseButton'

2018-05-18 12:01:36 - [MESSAGE][WARNING] - Timeout '0' is invalid. Using default page load timeout: '30'

2018-05-18 12:01:37 - [MESSAGE][PASSED] - Tapped on element 'Object Repository/ShopProductsScreenElements/HotSpot/VisitHotSpotAvailable/Planogram_CloseButton'

2018-05-18 12:01:37 - [TEST_STEP][PASSED] - delay: Delayed 1 second(s)

2018-05-18 12:01:38 - [MESSAGE][PASSED] - Delayed 1 second(s)

2018-05-18 12:01:38 - [TEST_STEP][PASSED] - verifyElementText: Actual text and expected text of test object 'Object Repository/ShopProductsScreenElements/HotSpot/VisitHotSpotAvailable/Validate_HotSpotAvailableScreen' are matched.

2018-05-18 12:01:39 - [MESSAGE][PASSED] - Actual text and expected text of test object 'Object Repository/ShopProductsScreenElements/HotSpot/VisitHotSpotAvailable/Validate_HotSpotAvailableScreen' are matched.

2018-05-18 12:01:39 - [TEST_STEP][PASSED] - delay: Delayed 1 second(s)

2018-05-18 12:01:40 - [MESSAGE][PASSED] - Delayed 1 second(s)

2018-05-18 12:01:40 - [TEST_STEP][PASSED] - tap: Tapped on element 'Object Repository/ShopProductsScreenElements/HotSpot/VisitHotSpotAvailable/PictureImageView'

2018-05-18 12:01:40 - [MESSAGE][WARNING] - Timeout '0' is invalid. Using default page load timeout: '30'

2018-05-18 12:01:42 - [MESSAGE][PASSED] - Tapped on element 'Object Repository/ShopProductsScreenElements/HotSpot/VisitHotSpotAvailable/PictureImageView'

2018-05-18 12:01:42 - [TEST_STEP][PASSED] - delay: Delayed 1 second(s)

2018-05-18 12:01:43 - [MESSAGE][PASSED] - Delayed 1 second(s)

2018-05-18 12:01:43 - [TEST_STEP][PASSED] - verifyElementExist: Element 'Object Repository/CommonScreenElements/Validate_CameraScreen' is exist

2018-05-18 12:01:43 - [MESSAGE][WARNING] - Timeout '0' is invalid. Using default page load timeout: '30'

2018-05-18 12:01:43 - [MESSAGE][PASSED] - Element 'Object Repository/CommonScreenElements/Validate_CameraScreen' is exist

2018-05-18 12:01:43 - [TEST_STEP][PASSED] - delay: Delayed 1 second(s)

2018-05-18 12:01:44 - [MESSAGE][PASSED] - Delayed 1 second(s)

2018-05-18 12:01:44 - [TEST_STEP][PASSED] - tap: Tapped on element 'Object Repository/CommonScreenElements/TakePictureButton'

2018-05-18 12:01:44 - [MESSAGE][WARNING] - Timeout '0' is invalid. Using default page load timeout: '30'

2018-05-18 12:01:47 - [MESSAGE][PASSED] - Tapped on element 'Object Repository/CommonScreenElements/TakePictureButton'

2018-05-18 12:01:47 - [TEST_STEP][PASSED] - delay: Delayed 5 second(s)

2018-05-18 12:01:52 - [MESSAGE][PASSED] - Delayed 5 second(s)

2018-05-18 12:01:52 - [TEST_STEP][PASSED] - tap: Tapped on element 'Object Repository/CommonScreenElements/DoneButton'

2018-05-18 12:01:52 - [MESSAGE][WARNING] - Timeout '0' is invalid. Using default page load timeout: '30'

2018-05-18 12:01:53 - [MESSAGE][PASSED] - Tapped on element 'Object Repository/CommonScreenElements/DoneButton'

2018-05-18 12:01:53 - [TEST_STEP][PASSED] - delay: Delayed 1 second(s)

2018-05-18 12:01:54 - [MESSAGE][PASSED] - Delayed 1 second(s)

2018-05-18 12:01:54 - [TEST_STEP][PASSED] - verifyElementText: Actual text and expected text of test object 'Object Repository/ShopProductsScreenElements/HotSpot/VisitHotSpotAvailable/Validate_HotSpotAvailableScreen' are matched.

2018-05-18 12:01:55 - [MESSAGE][PASSED] - Actual text and expected text of test object 'Object Repository/ShopProductsScreenElements/HotSpot/VisitHotSpotAvailable/Validate_HotSpotAvailableScreen' are matched.

2018-05-18 12:01:55 - [TEST_STEP][PASSED] - delay: Delayed 1 second(s)

2018-05-18 12:01:56 - [MESSAGE][PASSED] - Delayed 1 second(s)

2018-05-18 12:01:56 - [TEST_STEP][PASSED] - tap: Tapped on element 'Object Repository/ShopProductsScreenElements/HotSpot/VisitHotSpotAvailable/HotSpotAvailable_BackButton'

2018-05-18 12:01:56 - [MESSAGE][WARNING] - Timeout '0' is invalid. Using default page load timeout: '30'

2018-05-18 12:01:56 - [MESSAGE][PASSED] - Tapped on element 'Object Repository/ShopProductsScreenElements/HotSpot/VisitHotSpotAvailable/HotSpotAvailable_BackButton'

2018-05-18 12:01:56 - [TEST_STEP][PASSED] - delay: Delayed 1 second(s)

2018-05-18 12:01:57 - [MESSAGE][PASSED] - Delayed 1 second(s)

2018-05-18 12:01:57 - [TEST_STEP][PASSED] - verifyElementText: Actual text and expected text of test object 'Object Repository/ShopProductsScreenElements/HotSpot/VisitHotSpotAvailable/Validate_HotSpotUtilizationScreen' are matched.

2018-05-18 12:01:58 - [MESSAGE][PASSED] - Actual text and expected text of test object 'Object Repository/ShopProductsScreenElements/HotSpot/VisitHotSpotAvailable/Validate_HotSpotUtilizationScreen' are matched.

2018-05-18 12:01:58 - [TEST_STEP][PASSED] - delay: Delayed 1 second(s)

2018-05-18 12:01:59 - [MESSAGE][PASSED] - Delayed 1 second(s)

2018-05-18 12:01:59 - [TEST_STEP][PASSED] - tap: Tapped on element 'Object Repository/ShopProductsScreenElements/HotSpot/VisitHotSpotAvailable/HotSpotUtilization_NoRadioButton'

2018-05-18 12:01:59 - [MESSAGE][WARNING] - Timeout '0' is invalid. Using default page load timeout: '30'

2018-05-18 12:01:59 - [MESSAGE][PASSED] - Tapped on element 'Object Repository/ShopProductsScreenElements/HotSpot/VisitHotSpotAvailable/HotSpotUtilization_NoRadioButton'

2018-05-18 12:01:59 - [TEST_STEP][PASSED] - delay: Delayed 1 second(s)

2018-05-18 12:02:00 - [MESSAGE][PASSED] - Delayed 1 second(s)

2018-05-18 12:02:00 - [TEST_STEP][PASSED] - setText: Text '100' has been set to element 'Object Repository/ShopProductsScreenElements/HotSpot/VisitHotSpotAvailable/HotSpotUtilization_TextField'

2018-05-18 12:02:00 - [MESSAGE][WARNING] - Timeout '0' is invalid. Using default page load timeout: '30'

2018-05-18 12:02:10 - [MESSAGE][PASSED] - Text '100' has been set to element 'Object Repository/ShopProductsScreenElements/HotSpot/VisitHotSpotAvailable/HotSpotUtilization_TextField'

2018-05-18 12:02:10 - [TEST_STEP][PASSED] - hideKeyboard: Keyboard is hidden

2018-05-18 12:02:12 - [MESSAGE][PASSED] - Keyboard is hidden

2018-05-18 12:02:12 - [TEST_STEP][PASSED] - tap: Tapped on element 'Object Repository/ShopProductsScreenElements/HotSpot/VisitHotSpotAvailable/HotSpotUtilization_SubmitButton'

2018-05-18 12:02:12 - [MESSAGE][WARNING] - Timeout '0' is invalid. Using default page load timeout: '30'

2018-05-18 12:02:12 - [MESSAGE][PASSED] - Tapped on element 'Object Repository/ShopProductsScreenElements/HotSpot/VisitHotSpotAvailable/HotSpotUtilization_SubmitButton'

2018-05-18 12:02:12 - [TEST_STEP][PASSED] - delay: Delayed 1 second(s)

2018-05-18 12:02:13 - [MESSAGE][PASSED] - Delayed 1 second(s)

2018-05-18 12:02:13 - [TEST_STEP][PASSED] - verifyElementText: Actual text and expected text of test object 'Object Repository/ShopProductsScreenElements/HotSpot/Validate_HotSpotScreen' are matched.

2018-05-18 12:02:14 - [MESSAGE][PASSED] - Actual text and expected text of test object 'Object Repository/ShopProductsScreenElements/HotSpot/Validate_HotSpotScreen' are matched.

2018-05-18 12:02:14 - [TEST_STEP][PASSED] - delay: Delayed 1 second(s)

2018-05-18 12:02:15 - [MESSAGE][PASSED] - Delayed 1 second(s)

2018-05-18 12:02:15 - [TEST_STEP][PASSED] - tap: Tapped on element 'Object Repository/ShopProductsScreenElements/HotSpot/HotSpot_BackButton'

2018-05-18 12:02:15 - [MESSAGE][WARNING] - Timeout '0' is invalid. Using default page load timeout: '30'

2018-05-18 12:02:16 - [MESSAGE][PASSED] - Tapped on element 'Object Repository/ShopProductsScreenElements/HotSpot/HotSpot_BackButton'

2018-05-18 12:02:16 - [TEST_STEP][PASSED] - delay: Delayed 1 second(s)

2018-05-18 12:02:17 - [MESSAGE][PASSED] - Delayed 1 second(s)

2018-05-18 12:02:17 - [TEST_STEP][PASSED] - verifyElementExist: Element 'Object Repository/ShopProductsScreenElements/Validate_ShopProductsScreen' is exist

2018-05-18 12:02:17 - [MESSAGE][WARNING] - Timeout '0' is invalid. Using default page load timeout: '30'

2018-05-18 12:02:18 - [MESSAGE][PASSED] - Element 'Object Repository/ShopProductsScreenElements/Validate_ShopProductsScreen' is exist

2018-05-18 12:02:18 - [TEST_STEP][PASSED] - delay: Delayed 1 second(s)

2018-05-18 12:02:19 - [MESSAGE][PASSED] - Delayed 1 second(s)

2018-05-18 12:02:19 - [MESSAGE][PASSED] - Call Test Case 'Test Cases/ChooseHFSShop/ShopOpen/ShopProducts/HotSpot/OverwriteHotSpot' successfully

2018-05-18 12:02:22 - [MESSAGE][PASSED] - Delayed 1 second(s)

2018-05-18 12:02:22 - [TEST_CASE][PASSED] - Test Cases/ChooseHFSShop/ShopOpen/ShopProducts/Diapers/OverwriteDiaper: Test Cases/ChooseHFSShop/ShopOpen/ShopProducts/Diapers/OverwriteDiaper

2018-05-18 12:02:23 - [TEST_STEP][PASSED] - Statement - dataforoverwritediapers = com.kms.katalon.core.testdata.TestDataFactory.findTestData(Data Files/Diapers/OverwriteDiapers): Reading excel file with source file 'D:\(Katalon studio) GitProject\PnG_Merchandising\PnG_Merchandising\PnGMerchandising.xlsx' and sheet name 'Overwrite Diapers'

2018-05-18 12:02:23 - [TEST_STEP][PASSED] - verifyElementExist: Element 'Object Repository/CommonScreenElements/Validate_InfoPopUpDialog' is exist

2018-05-18 12:02:23 - [MESSAGE][WARNING] - Timeout '0' is invalid. Using default page load timeout: '30'

2018-05-18 12:02:23 - [MESSAGE][PASSED] - Element 'Object Repository/CommonScreenElements/Validate_InfoPopUpDialog' is exist

2018-05-18 12:02:23 - [TEST_STEP][PASSED] - delay: Delayed 1 second(s)

2018-05-18 12:02:24 - [MESSAGE][PASSED] - Delayed 1 second(s)

2018-05-18 12:02:24 - [TEST_STEP][PASSED] - tap: Tapped on element 'Object Repository/CommonScreenElements/InfoPopUp_YesButton'

2018-05-18 12:02:24 - [MESSAGE][WARNING] - Timeout '0' is invalid. Using default page load timeout: '30'

2018-05-18 12:02:25 - [MESSAGE][PASSED] - Tapped on element 'Object Repository/CommonScreenElements/InfoPopUp_YesButton'

2018-05-18 12:02:25 - [TEST_STEP][PASSED] - delay: Delayed 1 second(s)

2018-05-18 12:02:26 - [MESSAGE][PASSED] - Delayed 1 second(s)

2018-05-18 12:02:26 - [TEST_STEP][PASSED] - verifyElementText: Actual text and expected text of test object 'Object Repository/ShopProductsScreenElements/Diapers/Validate_DiapersScreen' are matched.

2018-05-18 12:02:27 - [MESSAGE][PASSED] - Actual text and expected text of test object 'Object Repository/ShopProductsScreenElements/Diapers/Validate_DiapersScreen' are matched.

2018-05-18 12:02:27 - [TEST_STEP][PASSED] - delay: Delayed 1 second(s)

2018-05-18 12:02:28 - [MESSAGE][PASSED] - Delayed 1 second(s)

2018-05-18 12:02:28 - [TEST_STEP][PASSED] - tap: Tapped on element 'Object Repository/ShopProductsScreenElements/Diapers/VisitAvailability/Availability'

2018-05-18 12:02:28 - [MESSAGE][WARNING] - Timeout '0' is invalid. Using default page load timeout: '30'

2018-05-18 12:02:29 - [MESSAGE][PASSED] - Tapped on element 'Object Repository/ShopProductsScreenElements/Diapers/VisitAvailability/Availability'

2018-05-18 12:02:29 - [TEST_STEP][PASSED] - delay: Delayed 1 second(s)

2018-05-18 12:02:30 - [MESSAGE][PASSED] - Delayed 1 second(s)

2018-05-18 12:02:30 - [TEST_STEP][PASSED] - verifyElementText: Actual text and expected text of test object 'Object Repository/ShopProductsScreenElements/Diapers/VisitAvailability/Validate_AvailabilityScreen' are matched.

2018-05-18 12:02:31 - [MESSAGE][PASSED] - Actual text and expected text of test object 'Object Repository/ShopProductsScreenElements/Diapers/VisitAvailability/Validate_AvailabilityScreen' are matched.

2018-05-18 12:02:31 - [TEST_STEP][PASSED] - delay: Delayed 1 second(s)

2018-05-18 12:02:32 - [MESSAGE][PASSED] - Delayed 1 second(s)

2018-05-18 12:02:32 - [TEST_STEP][PASSED] - tap: Tapped on element 'Object Repository/ShopProductsScreenElements/Diapers/VisitAvailability/Pampers'

2018-05-18 12:02:32 - [MESSAGE][WARNING] - Timeout '0' is invalid. Using default page load timeout: '30'

2018-05-18 12:02:32 - [MESSAGE][PASSED] - Tapped on element 'Object Repository/ShopProductsScreenElements/Diapers/VisitAvailability/Pampers'

2018-05-18 12:02:32 - [TEST_STEP][PASSED] - delay: Delayed 1 second(s)

2018-05-18 12:02:33 - [MESSAGE][PASSED] - Delayed 1 second(s)

2018-05-18 12:02:33 - [TEST_STEP][PASSED] - verifyElementExist: Element 'Object Repository/ShopProductsScreenElements/Diapers/VisitAvailability/PampersAvailability' is exist

2018-05-18 12:02:33 - [MESSAGE][WARNING] - Timeout '0' is invalid. Using default page load timeout: '30'

2018-05-18 12:02:34 - [MESSAGE][PASSED] - Element 'Object Repository/ShopProductsScreenElements/Diapers/VisitAvailability/PampersAvailability' is exist

2018-05-18 12:02:34 - [TEST_STEP][PASSED] - delay: Delayed 1 second(s)

2018-05-18 12:02:35 - [MESSAGE][PASSED] - Delayed 1 second(s)

2018-05-18 12:02:35 - [TEST_STEP][PASSED] - tap: Tapped on element 'Object Repository/ShopProductsScreenElements/Diapers/VisitAvailability/PampersAvailability'

2018-05-18 12:02:35 - [MESSAGE][WARNING] - Timeout '0' is invalid. Using default page load timeout: '30'

2018-05-18 12:02:35 - [MESSAGE][PASSED] - Tapped on element 'Object Repository/ShopProductsScreenElements/Diapers/VisitAvailability/PampersAvailability'

2018-05-18 12:02:35 - [TEST_STEP][PASSED] - delay: Delayed 1 second(s)

2018-05-18 12:02:36 - [MESSAGE][PASSED] - Delayed 1 second(s)

2018-05-18 12:02:36 - [TEST_STEP][PASSED] - verifyElementText: Actual text and expected text of test object 'Object Repository/ShopProductsScreenElements/Diapers/VisitAvailability/Validate_PampersAvailabilityScreen' are matched.

2018-05-18 12:02:38 - [MESSAGE][PASSED] - Actual text and expected text of test object 'Object Repository/ShopProductsScreenElements/Diapers/VisitAvailability/Validate_PampersAvailabilityScreen' are matched.

2018-05-18 12:02:38 - [TEST_STEP][PASSED] - delay: Delayed 1 second(s)

2018-05-18 12:02:39 - [MESSAGE][PASSED] - Delayed 1 second(s)

2018-05-18 12:02:39 - [TEST_STEP][PASSED] - customKeywordsCollection.CustomKeywords.overwritePampersAvailability: customKeywordsCollection.CustomKeywords.overwritePampersAvailability is PASSED

2018-05-18 12:02:43 - [MESSAGE][PASSED] - Delayed 1 second(s)

2018-05-18 12:02:48 - [MESSAGE][PASSED] - Delayed 1 second(s)

2018-05-18 12:02:53 - [MESSAGE][PASSED] - Delayed 1 second(s)

2018-05-18 12:02:58 - [MESSAGE][PASSED] - Delayed 1 second(s)

2018-05-18 12:03:02 - [MESSAGE][PASSED] - Delayed 1 second(s)

2018-05-18 12:03:06 - [MESSAGE][PASSED] - Delayed 1 second(s)

2018-05-18 12:03:10 - [MESSAGE][PASSED] - Delayed 1 second(s)

2018-05-18 12:03:14 - [MESSAGE][PASSED] - Delayed 1 second(s)

2018-05-18 12:03:18 - [MESSAGE][PASSED] - Delayed 1 second(s)

2018-05-18 12:03:22 - [MESSAGE][PASSED] - Swiped from 0,274 to 0,200

2018-05-18 12:03:24 - [MESSAGE][PASSED] - Delayed 2 second(s)

2018-05-18 12:03:27 - [MESSAGE][PASSED] - Delayed 1 second(s)

2018-05-18 12:03:28 - [MESSAGE][PASSED] - Swiped from 0,274 to 0,200

2018-05-18 12:03:30 - [MESSAGE][PASSED] - Delayed 2 second(s)

2018-05-18 12:03:32 - [MESSAGE][PASSED] - Delayed 1 second(s)

2018-05-18 12:03:33 - [MESSAGE][PASSED] - Swiped from 0,274 to 0,200

2018-05-18 12:03:35 - [MESSAGE][PASSED] - Delayed 2 second(s)

2018-05-18 12:03:38 - [MESSAGE][PASSED] - Delayed 1 second(s)

2018-05-18 12:03:39 - [MESSAGE][PASSED] - Swiped from 0,274 to 0,200

2018-05-18 12:03:41 - [MESSAGE][PASSED] - Delayed 2 second(s)

2018-05-18 12:03:44 - [MESSAGE][PASSED] - Delayed 1 second(s)

2018-05-18 12:03:45 - [MESSAGE][PASSED] - Swiped from 0,274 to 0,200

2018-05-18 12:03:47 - [MESSAGE][PASSED] - Delayed 2 second(s)

2018-05-18 12:03:50 - [MESSAGE][PASSED] - Delayed 1 second(s)

2018-05-18 12:03:51 - [MESSAGE][PASSED] - Swiped from 0,274 to 0,200

2018-05-18 12:03:53 - [MESSAGE][PASSED] - Delayed 2 second(s)

2018-05-18 12:03:55 - [MESSAGE][PASSED] - Delayed 1 second(s)

2018-05-18 12:03:56 - [MESSAGE][PASSED] - Swiped from 0,274 to 0,200

2018-05-18 12:03:58 - [MESSAGE][PASSED] - Delayed 2 second(s)

2018-05-18 12:04:01 - [MESSAGE][PASSED] - Delayed 1 second(s)

2018-05-18 12:04:02 - [MESSAGE][PASSED] - Swiped from 0,274 to 0,200

2018-05-18 12:04:04 - [MESSAGE][PASSED] - Delayed 2 second(s)

2018-05-18 12:04:06 - [MESSAGE][PASSED] - Delayed 1 second(s)

2018-05-18 12:04:07 - [MESSAGE][PASSED] - Swiped from 0,274 to 0,200

2018-05-18 12:04:09 - [MESSAGE][PASSED] - Delayed 2 second(s)

2018-05-18 12:04:10 - [MESSAGE][PASSED] - customKeywordsCollection.CustomKeywords.overwritePampersAvailability is PASSED

2018-05-18 12:04:10 - [TEST_STEP][PASSED] - tap: Tapped on element 'Object Repository/ShopProductsScreenElements/Diapers/VisitAvailability/PampersAvailability_SubmitButton'

2018-05-18 12:04:10 - [MESSAGE][WARNING] - Timeout '0' is invalid. Using default page load timeout: '30'

2018-05-18 12:04:11 - [MESSAGE][PASSED] - Tapped on element 'Object Repository/ShopProductsScreenElements/Diapers/VisitAvailability/PampersAvailability_SubmitButton'

2018-05-18 12:04:11 - [TEST_STEP][PASSED] - delay: Delayed 1 second(s)

2018-05-18 12:04:12 - [MESSAGE][PASSED] - Delayed 1 second(s)

2018-05-18 12:04:12 - [TEST_STEP][PASSED] - verifyElementExist: Element 'Object Repository/ShopProductsScreenElements/Diapers/VisitAvailability/PampersAvailability' is exist

2018-05-18 12:04:12 - [MESSAGE][WARNING] - Timeout '0' is invalid. Using default page load timeout: '30'

2018-05-18 12:04:12 - [MESSAGE][PASSED] - Element 'Object Repository/ShopProductsScreenElements/Diapers/VisitAvailability/PampersAvailability' is exist

2018-05-18 12:04:12 - [TEST_STEP][PASSED] - delay: Delayed 1 second(s)

2018-05-18 12:04:13 - [MESSAGE][PASSED] - Delayed 1 second(s)

2018-05-18 12:04:13 - [TEST_STEP][PASSED] - pressBack: Press back button successfully

2018-05-18 12:04:14 - [MESSAGE][PASSED] - Press back button successfully

2018-05-18 12:04:14 - [TEST_STEP][PASSED] - delay: Delayed 1 second(s)

2018-05-18 12:04:15 - [MESSAGE][PASSED] - Delayed 1 second(s)

2018-05-18 12:04:15 - [TEST_STEP][PASSED] - verifyElementText: Actual text and expected text of test object 'Object Repository/ShopProductsScreenElements/Diapers/VisitAvailability/Validate_AvailabilityScreen' are matched.

2018-05-18 12:04:16 - [MESSAGE][PASSED] - Actual text and expected text of test object 'Object Repository/ShopProductsScreenElements/Diapers/VisitAvailability/Validate_AvailabilityScreen' are matched.

2018-05-18 12:04:16 - [TEST_STEP][PASSED] - delay: Delayed 1 second(s)

2018-05-18 12:04:17 - [MESSAGE][PASSED] - Delayed 1 second(s)

2018-05-18 12:04:17 - [TEST_STEP][PASSED] - pressBack: Press back button successfully

2018-05-18 12:04:18 - [MESSAGE][PASSED] - Press back button successfully

2018-05-18 12:04:18 - [TEST_STEP][PASSED] - delay: Delayed 1 second(s)

2018-05-18 12:04:19 - [MESSAGE][PASSED] - Delayed 1 second(s)

2018-05-18 12:04:19 - [TEST_STEP][PASSED] - verifyElementText: Actual text and expected text of test object 'Object Repository/ShopProductsScreenElements/Diapers/Validate_DiapersScreen' are matched.

2018-05-18 12:04:19 - [MESSAGE][PASSED] - Actual text and expected text of test object 'Object Repository/ShopProductsScreenElements/Diapers/Validate_DiapersScreen' are matched.

2018-05-18 12:04:19 - [TEST_STEP][PASSED] - delay: Delayed 1 second(s)

2018-05-18 12:04:20 - [MESSAGE][PASSED] - Delayed 1 second(s)

2018-05-18 12:04:20 - [TEST_STEP][PASSED] - tap: Tapped on element 'Object Repository/ShopProductsScreenElements/Diapers/VisitPrimaryDisplay/PrimaryDisplay'

2018-05-18 12:04:20 - [MESSAGE][WARNING] - Timeout '0' is invalid. Using default page load timeout: '30'

2018-05-18 12:04:21 - [MESSAGE][PASSED] - Tapped on element 'Object Repository/ShopProductsScreenElements/Diapers/VisitPrimaryDisplay/PrimaryDisplay'

2018-05-18 12:04:21 - [TEST_STEP][PASSED] - delay: Delayed 1 second(s)

2018-05-18 12:04:22 - [MESSAGE][PASSED] - Delayed 1 second(s)

2018-05-18 12:04:22 - [TEST_STEP][PASSED] - verifyElementText: Actual text and expected text of test object 'Object Repository/ShopProductsScreenElements/Diapers/VisitPrimaryDisplay/Validate_PrimaryDisplayScreen' are matched.

2018-05-18 12:04:23 - [MESSAGE][PASSED] - Actual text and expected text of test object 'Object Repository/ShopProductsScreenElements/Diapers/VisitPrimaryDisplay/Validate_PrimaryDisplayScreen' are matched.

2018-05-18 12:04:23 - [TEST_STEP][PASSED] - delay: Delayed 1 second(s)

2018-05-18 12:04:24 - [MESSAGE][PASSED] - Delayed 1 second(s)

2018-05-18 12:04:24 - [TEST_STEP][PASSED] - tap: Tapped on element 'Object Repository/ShopProductsScreenElements/Diapers/VisitPrimaryDisplay/NotRecommendedForThisChannel'

2018-05-18 12:04:24 - [MESSAGE][WARNING] - Timeout '0' is invalid. Using default page load timeout: '30'

2018-05-18 12:04:25 - [MESSAGE][PASSED] - Tapped on element 'Object Repository/ShopProductsScreenElements/Diapers/VisitPrimaryDisplay/NotRecommendedForThisChannel'

2018-05-18 12:04:25 - [TEST_STEP][PASSED] - delay: Delayed 1 second(s)

2018-05-18 12:04:26 - [MESSAGE][PASSED] - Delayed 1 second(s)

2018-05-18 12:04:26 - [TEST_STEP][PASSED] - tap: Tapped on element 'Object Repository/ShopProductsScreenElements/Diapers/VisitPrimaryDisplay/ShopKeeperDidNotAllow'

2018-05-18 12:04:26 - [MESSAGE][WARNING] - Timeout '0' is invalid. Using default page load timeout: '30'

2018-05-18 12:04:27 - [MESSAGE][PASSED] - Tapped on element 'Object Repository/ShopProductsScreenElements/Diapers/VisitPrimaryDisplay/ShopKeeperDidNotAllow'

2018-05-18 12:04:27 - [TEST_STEP][PASSED] - delay: Delayed 1 second(s)

2018-05-18 12:04:28 - [MESSAGE][PASSED] - Delayed 1 second(s)

2018-05-18 12:04:28 - [TEST_STEP][PASSED] - verifyElementText: Actual text and expected text of test object 'Object Repository/ShopProductsScreenElements/Diapers/VisitPrimaryDisplay/Validate_CategoryRemarksScreen' are matched.

2018-05-18 12:04:29 - [MESSAGE][PASSED] - Actual text and expected text of test object 'Object Repository/ShopProductsScreenElements/Diapers/VisitPrimaryDisplay/Validate_CategoryRemarksScreen' are matched.

2018-05-18 12:04:29 - [TEST_STEP][PASSED] - delay: Delayed 1 second(s)

2018-05-18 12:04:30 - [MESSAGE][PASSED] - Delayed 1 second(s)

2018-05-18 12:04:30 - [TEST_STEP][PASSED] - tap: Tapped on element 'Object Repository/ShopProductsScreenElements/Diapers/VisitPrimaryDisplay/CategoryRemarks_Return'

2018-05-18 12:04:30 - [MESSAGE][WARNING] - Timeout '0' is invalid. Using default page load timeout: '30'

2018-05-18 12:04:30 - [MESSAGE][PASSED] - Tapped on element 'Object Repository/ShopProductsScreenElements/Diapers/VisitPrimaryDisplay/CategoryRemarks_Return'

2018-05-18 12:04:30 - [TEST_STEP][PASSED] - delay: Delayed 1 second(s)

2018-05-18 12:04:31 - [MESSAGE][PASSED] - Delayed 1 second(s)

2018-05-18 12:04:31 - [TEST_STEP][PASSED] - tap: Tapped on element 'Object Repository/ShopProductsScreenElements/Diapers/VisitPrimaryDisplay/CategoryRemarks_BackButton'

2018-05-18 12:04:31 - [MESSAGE][WARNING] - Timeout '0' is invalid. Using default page load timeout: '30'

2018-05-18 12:04:32 - [MESSAGE][PASSED] - Tapped on element 'Object Repository/ShopProductsScreenElements/Diapers/VisitPrimaryDisplay/CategoryRemarks_BackButton'

2018-05-18 12:04:32 - [TEST_STEP][PASSED] - delay: Delayed 1 second(s)

2018-05-18 12:04:33 - [MESSAGE][PASSED] - Delayed 1 second(s)

2018-05-18 12:04:33 - [TEST_STEP][PASSED] - verifyElementText: Actual text and expected text of test object 'Object Repository/ShopProductsScreenElements/Diapers/VisitPrimaryDisplay/Validate_PrimaryDisplayScreen' are matched.

2018-05-18 12:04:34 - [MESSAGE][PASSED] - Actual text and expected text of test object 'Object Repository/ShopProductsScreenElements/Diapers/VisitPrimaryDisplay/Validate_PrimaryDisplayScreen' are matched.

2018-05-18 12:04:34 - [TEST_STEP][PASSED] - delay: Delayed 1 second(s)

2018-05-18 12:04:35 - [MESSAGE][PASSED] - Delayed 1 second(s)

2018-05-18 12:04:35 - [TEST_STEP][PASSED] - tap: Tapped on element 'Object Repository/ShopProductsScreenElements/Diapers/VisitPrimaryDisplay/NoSpaceForDisplay'

2018-05-18 12:04:35 - [MESSAGE][WARNING] - Timeout '0' is invalid. Using default page load timeout: '30'

2018-05-18 12:04:36 - [MESSAGE][PASSED] - Tapped on element 'Object Repository/ShopProductsScreenElements/Diapers/VisitPrimaryDisplay/NoSpaceForDisplay'

2018-05-18 12:04:36 - [TEST_STEP][PASSED] - delay: Delayed 1 second(s)

2018-05-18 12:04:37 - [MESSAGE][PASSED] - Delayed 1 second(s)

2018-05-18 12:04:37 - [TEST_STEP][PASSED] - verifyElementExist: Element 'Object Repository/CommonScreenElements/Validate_CameraScreen' is exist

2018-05-18 12:04:37 - [MESSAGE][WARNING] - Timeout '0' is invalid. Using default page load timeout: '30'

2018-05-18 12:04:38 - [MESSAGE][PASSED] - Element 'Object Repository/CommonScreenElements/Validate_CameraScreen' is exist

2018-05-18 12:04:38 - [TEST_STEP][PASSED] - delay: Delayed 1 second(s)

2018-05-18 12:04:39 - [MESSAGE][PASSED] - Delayed 1 second(s)

2018-05-18 12:04:39 - [TEST_STEP][PASSED] - tap: Tapped on element 'Object Repository/CommonScreenElements/TakePictureButton'

2018-05-18 12:04:39 - [MESSAGE][WARNING] - Timeout '0' is invalid. Using default page load timeout: '30'

2018-05-18 12:04:42 - [MESSAGE][PASSED] - Tapped on element 'Object Repository/CommonScreenElements/TakePictureButton'

2018-05-18 12:04:42 - [TEST_STEP][PASSED] - delay: Delayed 5 second(s)

2018-05-18 12:04:47 - [MESSAGE][PASSED] - Delayed 5 second(s)

2018-05-18 12:04:47 - [TEST_STEP][PASSED] - tap: Tapped on element 'Object Repository/CommonScreenElements/DoneButton'

2018-05-18 12:04:47 - [MESSAGE][WARNING] - Timeout '0' is invalid. Using default page load timeout: '30'

2018-05-18 12:04:48 - [MESSAGE][PASSED] - Tapped on element 'Object Repository/CommonScreenElements/DoneButton'

2018-05-18 12:04:48 - [TEST_STEP][PASSED] - delay: Delayed 1 second(s)

2018-05-18 12:04:49 - [MESSAGE][PASSED] - Delayed 1 second(s)

2018-05-18 12:04:49 - [TEST_STEP][PASSED] - verifyElementText: Actual text and expected text of test object 'Object Repository/ShopProductsScreenElements/Diapers/Validate_DiapersScreen' are matched.

2018-05-18 12:04:50 - [MESSAGE][PASSED] - Actual text and expected text of test object 'Object Repository/ShopProductsScreenElements/Diapers/Validate_DiapersScreen' are matched.

2018-05-18 12:04:50 - [TEST_STEP][PASSED] - delay: Delayed 1 second(s)

2018-05-18 12:04:51 - [MESSAGE][PASSED] - Delayed 1 second(s)

2018-05-18 12:04:51 - [TEST_STEP][PASSED] - tap: Tapped on element 'Object Repository/ShopProductsScreenElements/Diapers/VisitPrimaryDisplay/PrimaryDisplay'

2018-05-18 12:04:51 - [MESSAGE][WARNING] - Timeout '0' is invalid. Using default page load timeout: '30'

2018-05-18 12:04:51 - [MESSAGE][PASSED] - Tapped on element 'Object Repository/ShopProductsScreenElements/Diapers/VisitPrimaryDisplay/PrimaryDisplay'

2018-05-18 12:04:51 - [TEST_STEP][PASSED] - delay: Delayed 1 second(s)

2018-05-18 12:04:52 - [MESSAGE][PASSED] - Delayed 1 second(s)

2018-05-18 12:04:52 - [TEST_STEP][PASSED] - verifyElementText: Actual text and expected text of test object 'Object Repository/ShopProductsScreenElements/Diapers/VisitPrimaryDisplay/Validate_PrimaryDisplayScreen' are matched.

2018-05-18 12:04:53 - [MESSAGE][PASSED] - Actual text and expected text of test object 'Object Repository/ShopProductsScreenElements/Diapers/VisitPrimaryDisplay/Validate_PrimaryDisplayScreen' are matched.

2018-05-18 12:04:53 - [TEST_STEP][PASSED] - delay: Delayed 1 second(s)

2018-05-18 12:04:54 - [MESSAGE][PASSED] - Delayed 1 second(s)

2018-05-18 12:04:54 - [TEST_STEP][PASSED] - tap: Tapped on element 'Object Repository/ShopProductsScreenElements/Diapers/VisitPrimaryDisplay/DisplaySpaceAvailable'

2018-05-18 12:04:54 - [MESSAGE][WARNING] - Timeout '0' is invalid. Using default page load timeout: '30'

2018-05-18 12:04:55 - [MESSAGE][PASSED] - Tapped on element 'Object Repository/ShopProductsScreenElements/Diapers/VisitPrimaryDisplay/DisplaySpaceAvailable'

2018-05-18 12:04:55 - [TEST_STEP][PASSED] - delay: Delayed 1 second(s)

2018-05-18 12:04:56 - [MESSAGE][PASSED] - Delayed 1 second(s)

2018-05-18 12:04:56 - [TEST_STEP][PASSED] - verifyElementExist: Element 'Object Repository/CommonScreenElements/Validate_CameraScreen' is exist

2018-05-18 12:04:56 - [MESSAGE][WARNING] - Timeout '0' is invalid. Using default page load timeout: '30'

2018-05-18 12:04:58 - [MESSAGE][PASSED] - Element 'Object Repository/CommonScreenElements/Validate_CameraScreen' is exist

2018-05-18 12:04:58 - [TEST_STEP][PASSED] - delay: Delayed 1 second(s)

2018-05-18 12:04:59 - [MESSAGE][PASSED] - Delayed 1 second(s)

2018-05-18 12:04:59 - [TEST_STEP][PASSED] - tap: Tapped on element 'Object Repository/CommonScreenElements/TakePictureButton'

2018-05-18 12:04:59 - [MESSAGE][WARNING] - Timeout '0' is invalid. Using default page load timeout: '30'

2018-05-18 12:05:02 - [MESSAGE][PASSED] - Tapped on element 'Object Repository/CommonScreenElements/TakePictureButton'

2018-05-18 12:05:02 - [TEST_STEP][PASSED] - delay: Delayed 5 second(s)

2018-05-18 12:05:07 - [MESSAGE][PASSED] - Delayed 5 second(s)

2018-05-18 12:05:07 - [TEST_STEP][PASSED] - tap: Tapped on element 'Object Repository/CommonScreenElements/DoneButton'

2018-05-18 12:05:07 - [MESSAGE][WARNING] - Timeout '0' is invalid. Using default page load timeout: '30'

2018-05-18 12:05:09 - [MESSAGE][PASSED] - Tapped on element 'Object Repository/CommonScreenElements/DoneButton'

2018-05-18 12:05:09 - [TEST_STEP][PASSED] - delay: Delayed 1 second(s)

2018-05-18 12:05:10 - [MESSAGE][PASSED] - Delayed 1 second(s)

2018-05-18 12:05:10 - [TEST_STEP][PASSED] - verifyElementText: Actual text and expected text of test object 'Object Repository/ShopProductsScreenElements/Diapers/VisitPrimaryDisplay/Validate_DisplaySpaceAvailableScreen' are matched.

2018-05-18 12:05:11 - [MESSAGE][PASSED] - Actual text and expected text of test object 'Object Repository/ShopProductsScreenElements/Diapers/VisitPrimaryDisplay/Validate_DisplaySpaceAvailableScreen' are matched.

2018-05-18 12:05:11 - [TEST_STEP][PASSED] - delay: Delayed 1 second(s)

2018-05-18 12:05:12 - [MESSAGE][PASSED] - Delayed 1 second(s)

2018-05-18 12:05:12 - [TEST_STEP][PASSED] - tap: Tapped on element 'Object Repository/ShopProductsScreenElements/Diapers/VisitPrimaryDisplay/Pampers'

2018-05-18 12:05:12 - [MESSAGE][WARNING] - Timeout '0' is invalid. Using default page load timeout: '30'

2018-05-18 12:05:12 - [MESSAGE][PASSED] - Tapped on element 'Object Repository/ShopProductsScreenElements/Diapers/VisitPrimaryDisplay/Pampers'

2018-05-18 12:05:12 - [TEST_STEP][PASSED] - delay: Delayed 1 second(s)

2018-05-18 12:05:13 - [MESSAGE][PASSED] - Delayed 1 second(s)

2018-05-18 12:05:13 - [TEST_STEP][PASSED] - verifyElementText: Actual text and expected text of test object 'Object Repository/ShopProductsScreenElements/Diapers/VisitPrimaryDisplay/Validate_DisplaySpaceAvailableForPampersScreen' are matched.

2018-05-18 12:05:14 - [MESSAGE][PASSED] - Actual text and expected text of test object 'Object Repository/ShopProductsScreenElements/Diapers/VisitPrimaryDisplay/Validate_DisplaySpaceAvailableForPampersScreen' are matched.

2018-05-18 12:05:14 - [TEST_STEP][PASSED] - delay: Delayed 1 second(s)

2018-05-18 12:05:15 - [MESSAGE][PASSED] - Delayed 1 second(s)

2018-05-18 12:05:15 - [TEST_STEP][PASSED] - tap: Tapped on element 'Object Repository/ShopProductsScreenElements/Diapers/VisitPrimaryDisplay/ShareOfShelf'

2018-05-18 12:05:15 - [MESSAGE][WARNING] - Timeout '0' is invalid. Using default page load timeout: '30'

2018-05-18 12:05:16 - [MESSAGE][PASSED] - Tapped on element 'Object Repository/ShopProductsScreenElements/Diapers/VisitPrimaryDisplay/ShareOfShelf'

2018-05-18 12:05:16 - [TEST_STEP][PASSED] - delay: Delayed 1 second(s)

2018-05-18 12:05:17 - [MESSAGE][PASSED] - Delayed 1 second(s)

2018-05-18 12:05:17 - [TEST_STEP][PASSED] - verifyElementText: Actual text and expected text of test object 'Object Repository/ShopProductsScreenElements/Diapers/VisitPrimaryDisplay/Validate_ShareOfShelfScreen' are matched.

2018-05-18 12:05:18 - [MESSAGE][PASSED] - Actual text and expected text of test object 'Object Repository/ShopProductsScreenElements/Diapers/VisitPrimaryDisplay/Validate_ShareOfShelfScreen' are matched.

2018-05-18 12:05:18 - [TEST_STEP][PASSED] - delay: Delayed 1 second(s)

2018-05-18 12:05:19 - [MESSAGE][PASSED] - Delayed 1 second(s)

2018-05-18 12:05:19 - [TEST_STEP][PASSED] - customKeywordsCollection.CustomKeywords.overwriteShareOfShelfFields: customKeywordsCollection.CustomKeywords.overwriteShareOfShelfFields is PASSED

2018-05-18 12:05:24 - [MESSAGE][PASSED] - Keyboard is hidden

2018-05-18 12:05:29 - [MESSAGE][PASSED] - Keyboard is hidden

2018-05-18 12:05:34 - [MESSAGE][PASSED] - Keyboard is hidden

2018-05-18 12:05:39 - [MESSAGE][PASSED] - Keyboard is hidden

2018-05-18 12:05:44 - [MESSAGE][PASSED] - Keyboard is hidden

2018-05-18 12:05:49 - [MESSAGE][PASSED] - Keyboard is hidden

2018-05-18 12:05:52 - [MESSAGE][PASSED] - Swiped from 0,330 to 0,220

2018-05-18 12:05:53 - [MESSAGE][PASSED] - Delayed 1 second(s)

2018-05-18 12:05:56 - [MESSAGE][PASSED] - Keyboard is hidden

2018-05-18 12:05:57 - [MESSAGE][PASSED] - Swiped from 0,330 to 0,220

2018-05-18 12:05:58 - [MESSAGE][PASSED] - Delayed 1 second(s)

2018-05-18 12:06:01 - [MESSAGE][PASSED] - Keyboard is hidden

2018-05-18 12:06:02 - [MESSAGE][PASSED] - Swiped from 0,330 to 0,220

2018-05-18 12:06:03 - [MESSAGE][PASSED] - Delayed 1 second(s)

2018-05-18 12:06:06 - [MESSAGE][PASSED] - Keyboard is hidden

2018-05-18 12:06:07 - [MESSAGE][PASSED] - Swiped from 0,330 to 0,220

2018-05-18 12:06:08 - [MESSAGE][PASSED] - Delayed 1 second(s)

2018-05-18 12:06:11 - [MESSAGE][PASSED] - Keyboard is hidden

2018-05-18 12:06:12 - [MESSAGE][PASSED] - Swiped from 0,330 to 0,220

2018-05-18 12:06:13 - [MESSAGE][PASSED] - Delayed 1 second(s)

2018-05-18 12:06:16 - [MESSAGE][PASSED] - Keyboard is hidden

2018-05-18 12:06:17 - [MESSAGE][PASSED] - Swiped from 0,330 to 0,220

2018-05-18 12:06:18 - [MESSAGE][PASSED] - Delayed 1 second(s)

2018-05-18 12:06:21 - [MESSAGE][PASSED] - Keyboard is hidden

2018-05-18 12:06:22 - [MESSAGE][PASSED] - Swiped from 0,330 to 0,220

2018-05-18 12:06:23 - [MESSAGE][PASSED] - Delayed 1 second(s)

2018-05-18 12:06:26 - [MESSAGE][PASSED] - Keyboard is hidden

2018-05-18 12:06:27 - [MESSAGE][PASSED] - Swiped from 0,330 to 0,220

2018-05-18 12:06:28 - [MESSAGE][PASSED] - Delayed 1 second(s)

2018-05-18 12:06:32 - [MESSAGE][PASSED] - Keyboard is hidden

2018-05-18 12:06:33 - [MESSAGE][PASSED] - Swiped from 0,330 to 0,220

2018-05-18 12:06:34 - [MESSAGE][PASSED] - Delayed 1 second(s)

2018-05-18 12:06:37 - [MESSAGE][PASSED] - Keyboard is hidden

2018-05-18 12:06:38 - [MESSAGE][PASSED] - Swiped from 0,330 to 0,220

2018-05-18 12:06:39 - [MESSAGE][PASSED] - Delayed 1 second(s)

2018-05-18 12:06:42 - [MESSAGE][PASSED] - Keyboard is hidden

2018-05-18 12:06:43 - [MESSAGE][PASSED] - Swiped from 0,330 to 0,220

2018-05-18 12:06:44 - [MESSAGE][PASSED] - Delayed 1 second(s)

2018-05-18 12:06:47 - [MESSAGE][PASSED] - Keyboard is hidden

2018-05-18 12:06:48 - [MESSAGE][PASSED] - Swiped from 0,330 to 0,220

2018-05-18 12:06:49 - [MESSAGE][PASSED] - Delayed 1 second(s)

2018-05-18 12:06:50 - [MESSAGE][PASSED] - customKeywordsCollection.CustomKeywords.overwriteShareOfShelfFields is PASSED

2018-05-18 12:06:50 - [TEST_STEP][PASSED] - tap: Tapped on element 'Object Repository/ShopProductsScreenElements/Diapers/VisitPrimaryDisplay/ShareOfShelf_SubmitButton'

2018-05-18 12:06:50 - [MESSAGE][WARNING] - Timeout '0' is invalid. Using default page load timeout: '30'

2018-05-18 12:06:50 - [MESSAGE][PASSED] - Tapped on element 'Object Repository/ShopProductsScreenElements/Diapers/VisitPrimaryDisplay/ShareOfShelf_SubmitButton'

2018-05-18 12:06:50 - [TEST_STEP][PASSED] - delay: Delayed 1 second(s)

2018-05-18 12:06:51 - [MESSAGE][PASSED] - Delayed 1 second(s)

2018-05-18 12:06:51 - [TEST_STEP][PASSED] - verifyElementExist: Element 'Object Repository/CommonScreenElements/Alert_PopUpDialog' is exist

2018-05-18 12:06:51 - [MESSAGE][WARNING] - Timeout '0' is invalid. Using default page load timeout: '30'

2018-05-18 12:06:51 - [MESSAGE][PASSED] - Element 'Object Repository/CommonScreenElements/Alert_PopUpDialog' is exist

2018-05-18 12:06:51 - [TEST_STEP][PASSED] - delay: Delayed 1 second(s)

2018-05-18 12:06:52 - [MESSAGE][PASSED] - Delayed 1 second(s)

2018-05-18 12:06:52 - [TEST_STEP][PASSED] - tap: Tapped on element 'Object Repository/CommonScreenElements/AlertPopup_SaveButton'

2018-05-18 12:06:52 - [MESSAGE][WARNING] - Timeout '0' is invalid. Using default page load timeout: '30'

2018-05-18 12:06:54 - [MESSAGE][PASSED] - Tapped on element 'Object Repository/CommonScreenElements/AlertPopup_SaveButton'

2018-05-18 12:06:54 - [TEST_STEP][PASSED] - delay: Delayed 1 second(s)

2018-05-18 12:06:55 - [MESSAGE][PASSED] - Delayed 1 second(s)

2018-05-18 12:06:55 - [TEST_STEP][PASSED] - verifyElementText: Actual text and expected text of test object 'Object Repository/ShopProductsScreenElements/Diapers/VisitPrimaryDisplay/Validate_DisplaySpaceAvailableForPampersScreen' are matched.

2018-05-18 12:06:55 - [MESSAGE][PASSED] - Actual text and expected text of test object 'Object Repository/ShopProductsScreenElements/Diapers/VisitPrimaryDisplay/Validate_DisplaySpaceAvailableForPampersScreen' are matched.

2018-05-18 12:06:55 - [TEST_STEP][PASSED] - delay: Delayed 1 second(s)

2018-05-18 12:06:56 - [MESSAGE][PASSED] - Delayed 1 second(s)

2018-05-18 12:06:56 - [TEST_STEP][PASSED] - tap: Tapped on element 'Object Repository/ShopProductsScreenElements/Diapers/VisitPrimaryDisplay/DisplaySpaceAvailableForPampers_BackButton'

2018-05-18 12:06:56 - [MESSAGE][WARNING] - Timeout '0' is invalid. Using default page load timeout: '30'

2018-05-18 12:06:57 - [MESSAGE][PASSED] - Tapped on element 'Object Repository/ShopProductsScreenElements/Diapers/VisitPrimaryDisplay/DisplaySpaceAvailableForPampers_BackButton'

2018-05-18 12:06:57 - [TEST_STEP][PASSED] - delay: Delayed 1 second(s)

2018-05-18 12:06:58 - [MESSAGE][PASSED] - Delayed 1 second(s)

2018-05-18 12:06:58 - [TEST_STEP][PASSED] - verifyElementText: Actual text and expected text of test object 'Object Repository/ShopProductsScreenElements/Diapers/VisitPrimaryDisplay/Validate_DisplaySpaceAvailableScreen' are matched.

2018-05-18 12:06:59 - [MESSAGE][PASSED] - Actual text and expected text of test object 'Object Repository/ShopProductsScreenElements/Diapers/VisitPrimaryDisplay/Validate_DisplaySpaceAvailableScreen' are matched.

2018-05-18 12:06:59 - [TEST_STEP][PASSED] - delay: Delayed 1 second(s)

2018-05-18 12:07:00 - [MESSAGE][PASSED] - Delayed 1 second(s)

2018-05-18 12:07:00 - [TEST_STEP][PASSED] - tap: Tapped on element 'Object Repository/ShopProductsScreenElements/Diapers/VisitPrimaryDisplay/Planogram_ImageView'

2018-05-18 12:07:00 - [MESSAGE][WARNING] - Timeout '0' is invalid. Using default page load timeout: '30'

2018-05-18 12:07:01 - [MESSAGE][PASSED] - Tapped on element 'Object Repository/ShopProductsScreenElements/Diapers/VisitPrimaryDisplay/Planogram_ImageView'

2018-05-18 12:07:01 - [TEST_STEP][PASSED] - delay: Delayed 1 second(s)

2018-05-18 12:07:02 - [MESSAGE][PASSED] - Delayed 1 second(s)

2018-05-18 12:07:02 - [TEST_STEP][PASSED] - verifyElementExist: Element 'Object Repository/ShopProductsScreenElements/Diapers/VisitPrimaryDisplay/Planogram_CloseButton' is exist

2018-05-18 12:07:02 - [MESSAGE][WARNING] - Timeout '0' is invalid. Using default page load timeout: '30'

2018-05-18 12:07:02 - [MESSAGE][PASSED] - Element 'Object Repository/ShopProductsScreenElements/Diapers/VisitPrimaryDisplay/Planogram_CloseButton' is exist

2018-05-18 12:07:02 - [TEST_STEP][PASSED] - delay: Delayed 1 second(s)

2018-05-18 12:07:03 - [MESSAGE][PASSED] - Delayed 1 second(s)

2018-05-18 12:07:03 - [TEST_STEP][PASSED] - tap: Tapped on element 'Object Repository/ShopProductsScreenElements/Diapers/VisitPrimaryDisplay/Planogram_CloseButton'

2018-05-18 12:07:03 - [MESSAGE][WARNING] - Timeout '0' is invalid. Using default page load timeout: '30'

2018-05-18 12:07:04 - [MESSAGE][PASSED] - Tapped on element 'Object Repository/ShopProductsScreenElements/Diapers/VisitPrimaryDisplay/Planogram_CloseButton'

2018-05-18 12:07:04 - [TEST_STEP][PASSED] - delay: Delayed 1 second(s)

2018-05-18 12:07:05 - [MESSAGE][PASSED] - Delayed 1 second(s)

2018-05-18 12:07:05 - [TEST_STEP][PASSED] - verifyElementText: Actual text and expected text of test object 'Object Repository/ShopProductsScreenElements/Diapers/VisitPrimaryDisplay/Validate_DisplaySpaceAvailableScreen' are matched.

2018-05-18 12:07:06 - [MESSAGE][PASSED] - Actual text and expected text of test object 'Object Repository/ShopProductsScreenElements/Diapers/VisitPrimaryDisplay/Validate_DisplaySpaceAvailableScreen' are matched.

2018-05-18 12:07:06 - [TEST_STEP][PASSED] - delay: Delayed 1 second(s)

2018-05-18 12:07:07 - [MESSAGE][PASSED] - Delayed 1 second(s)

2018-05-18 12:07:07 - [TEST_STEP][PASSED] - tap: Tapped on element 'Object Repository/ShopProductsScreenElements/Diapers/VisitPrimaryDisplay/Picture_ImageView'

2018-05-18 12:07:07 - [MESSAGE][WARNING] - Timeout '0' is invalid. Using default page load timeout: '30'

2018-05-18 12:07:07 - [MESSAGE][PASSED] - Tapped on element 'Object Repository/ShopProductsScreenElements/Diapers/VisitPrimaryDisplay/Picture_ImageView'

2018-05-18 12:07:07 - [TEST_STEP][PASSED] - delay: Delayed 1 second(s)

2018-05-18 12:07:08 - [MESSAGE][PASSED] - Delayed 1 second(s)

2018-05-18 12:07:08 - [TEST_STEP][PASSED] - verifyElementExist: Element 'Object Repository/CommonScreenElements/Validate_CameraScreen' is exist

2018-05-18 12:07:08 - [MESSAGE][WARNING] - Timeout '0' is invalid. Using default page load timeout: '30'

2018-05-18 12:07:09 - [MESSAGE][PASSED] - Element 'Object Repository/CommonScreenElements/Validate_CameraScreen' is exist

2018-05-18 12:07:09 - [TEST_STEP][PASSED] - delay: Delayed 1 second(s)

2018-05-18 12:07:10 - [MESSAGE][PASSED] - Delayed 1 second(s)

2018-05-18 12:07:10 - [TEST_STEP][PASSED] - tap: Tapped on element 'Object Repository/CommonScreenElements/TakePictureButton'

2018-05-18 12:07:10 - [MESSAGE][WARNING] - Timeout '0' is invalid. Using default page load timeout: '30'

2018-05-18 12:07:13 - [MESSAGE][PASSED] - Tapped on element 'Object Repository/CommonScreenElements/TakePictureButton'

2018-05-18 12:07:13 - [TEST_STEP][PASSED] - delay: Delayed 5 second(s)

2018-05-18 12:07:18 - [MESSAGE][PASSED] - Delayed 5 second(s)

2018-05-18 12:07:18 - [TEST_STEP][PASSED] - tap: Tapped on element 'Object Repository/CommonScreenElements/DoneButton'

2018-05-18 12:07:18 - [MESSAGE][WARNING] - Timeout '0' is invalid. Using default page load timeout: '30'

2018-05-18 12:07:19 - [MESSAGE][PASSED] - Tapped on element 'Object Repository/CommonScreenElements/DoneButton'

2018-05-18 12:07:19 - [TEST_STEP][PASSED] - delay: Delayed 1 second(s)

2018-05-18 12:07:20 - [MESSAGE][PASSED] - Delayed 1 second(s)

2018-05-18 12:07:20 - [TEST_STEP][PASSED] - verifyElementText: Actual text and expected text of test object 'Object Repository/ShopProductsScreenElements/Diapers/VisitPrimaryDisplay/Validate_DisplaySpaceAvailableScreen' are matched.

2018-05-18 12:07:21 - [MESSAGE][PASSED] - Actual text and expected text of test object 'Object Repository/ShopProductsScreenElements/Diapers/VisitPrimaryDisplay/Validate_DisplaySpaceAvailableScreen' are matched.

2018-05-18 12:07:21 - [TEST_STEP][PASSED] - delay: Delayed 1 second(s)

2018-05-18 12:07:22 - [MESSAGE][PASSED] - Delayed 1 second(s)

2018-05-18 12:07:22 - [TEST_STEP][PASSED] - tap: Tapped on element 'Object Repository/ShopProductsScreenElements/Diapers/VisitPrimaryDisplay/DisplaySpaceAvailable_BackButton'

2018-05-18 12:07:22 - [MESSAGE][WARNING] - Timeout '0' is invalid. Using default page load timeout: '30'

2018-05-18 12:07:24 - [MESSAGE][PASSED] - Tapped on element 'Object Repository/ShopProductsScreenElements/Diapers/VisitPrimaryDisplay/DisplaySpaceAvailable_BackButton'

2018-05-18 12:07:24 - [TEST_STEP][PASSED] - delay: Delayed 1 second(s)

2018-05-18 12:07:25 - [MESSAGE][PASSED] - Delayed 1 second(s)

2018-05-18 12:07:25 - [TEST_STEP][PASSED] - verifyElementText: Actual text and expected text of test object 'Object Repository/ShopProductsScreenElements/Diapers/Validate_DiapersScreen' are matched.

2018-05-18 12:07:27 - [MESSAGE][PASSED] - Actual text and expected text of test object 'Object Repository/ShopProductsScreenElements/Diapers/Validate_DiapersScreen' are matched.

2018-05-18 12:07:27 - [TEST_STEP][PASSED] - delay: Delayed 1 second(s)

2018-05-18 12:07:28 - [MESSAGE][PASSED] - Delayed 1 second(s)

2018-05-18 12:07:28 - [TEST_STEP][PASSED] - tap: Tapped on element 'Object Repository/ShopProductsScreenElements/Diapers/VisitSecondaryDisplay/SecondaryDisplay'

2018-05-18 12:07:28 - [MESSAGE][WARNING] - Timeout '0' is invalid. Using default page load timeout: '30'

2018-05-18 12:07:29 - [MESSAGE][PASSED] - Tapped on element 'Object Repository/ShopProductsScreenElements/Diapers/VisitSecondaryDisplay/SecondaryDisplay'

2018-05-18 12:07:29 - [TEST_STEP][PASSED] - delay: Delayed 1 second(s)

2018-05-18 12:07:30 - [MESSAGE][PASSED] - Delayed 1 second(s)

2018-05-18 12:07:30 - [TEST_STEP][PASSED] - verifyElementText: Actual text and expected text of test object 'Object Repository/ShopProductsScreenElements/Diapers/VisitSecondaryDisplay/Validate_SecondaryDisplayScreen' are matched.

2018-05-18 12:07:31 - [MESSAGE][PASSED] - Actual text and expected text of test object 'Object Repository/ShopProductsScreenElements/Diapers/VisitSecondaryDisplay/Validate_SecondaryDisplayScreen' are matched.

2018-05-18 12:07:31 - [TEST_STEP][PASSED] - delay: Delayed 1 second(s)

2018-05-18 12:07:32 - [MESSAGE][PASSED] - Delayed 1 second(s)

2018-05-18 12:07:32 - [TEST_STEP][PASSED] - tap: Tapped on element 'Object Repository/ShopProductsScreenElements/Diapers/VisitSecondaryDisplay/NotRecommendedForThisChannel'

2018-05-18 12:07:32 - [MESSAGE][WARNING] - Timeout '0' is invalid. Using default page load timeout: '30'

2018-05-18 12:07:32 - [MESSAGE][PASSED] - Tapped on element 'Object Repository/ShopProductsScreenElements/Diapers/VisitSecondaryDisplay/NotRecommendedForThisChannel'

2018-05-18 12:07:32 - [TEST_STEP][PASSED] - delay: Delayed 1 second(s)

2018-05-18 12:07:33 - [MESSAGE][PASSED] - Delayed 1 second(s)

2018-05-18 12:07:33 - [TEST_STEP][PASSED] - tap: Tapped on element 'Object Repository/ShopProductsScreenElements/Diapers/VisitSecondaryDisplay/NotAvailable'

2018-05-18 12:07:33 - [MESSAGE][WARNING] - Timeout '0' is invalid. Using default page load timeout: '30'

2018-05-18 12:07:34 - [MESSAGE][PASSED] - Tapped on element 'Object Repository/ShopProductsScreenElements/Diapers/VisitSecondaryDisplay/NotAvailable'

2018-05-18 12:07:34 - [TEST_STEP][PASSED] - delay: Delayed 1 second(s)

2018-05-18 12:07:35 - [MESSAGE][PASSED] - Delayed 1 second(s)

2018-05-18 12:07:35 - [TEST_STEP][PASSED] - tap: Tapped on element 'Object Repository/ShopProductsScreenElements/Diapers/VisitSecondaryDisplay/Available'

2018-05-18 12:07:35 - [MESSAGE][WARNING] - Timeout '0' is invalid. Using default page load timeout: '30'

2018-05-18 12:07:36 - [MESSAGE][PASSED] - Tapped on element 'Object Repository/ShopProductsScreenElements/Diapers/VisitSecondaryDisplay/Available'

2018-05-18 12:07:36 - [TEST_STEP][PASSED] - delay: Delayed 1 second(s)

2018-05-18 12:07:37 - [MESSAGE][PASSED] - Delayed 1 second(s)

2018-05-18 12:07:37 - [TEST_STEP][PASSED] - verifyElementText: Actual text and expected text of test object 'Object Repository/ShopProductsScreenElements/Diapers/VisitSecondaryDisplay/Validate_SecondaryDisplayAvailableScreen' are matched.

2018-05-18 12:07:38 - [MESSAGE][PASSED] - Actual text and expected text of test object 'Object Repository/ShopProductsScreenElements/Diapers/VisitSecondaryDisplay/Validate_SecondaryDisplayAvailableScreen' are matched.

2018-05-18 12:07:38 - [TEST_STEP][PASSED] - delay: Delayed 1 second(s)

2018-05-18 12:07:39 - [MESSAGE][PASSED] - Delayed 1 second(s)

2018-05-18 12:07:39 - [TEST_STEP][PASSED] - setText: Text '1' has been set to element 'Object Repository/ShopProductsScreenElements/Diapers/VisitSecondaryDisplay/UnitsForPG(Diapers)'

2018-05-18 12:07:39 - [MESSAGE][WARNING] - Timeout '0' is invalid. Using default page load timeout: '30'

2018-05-18 12:07:48 - [MESSAGE][PASSED] - Text '1' has been set to element 'Object Repository/ShopProductsScreenElements/Diapers/VisitSecondaryDisplay/UnitsForPG(Diapers)'

2018-05-18 12:07:48 - [TEST_STEP][PASSED] - setText: Text '1' has been set to element 'Object Repository/ShopProductsScreenElements/Diapers/VisitSecondaryDisplay/UnitsForCompetition(Diapers)'

2018-05-18 12:07:48 - [MESSAGE][WARNING] - Timeout '0' is invalid. Using default page load timeout: '30'

2018-05-18 12:07:58 - [MESSAGE][PASSED] - Text '1' has been set to element 'Object Repository/ShopProductsScreenElements/Diapers/VisitSecondaryDisplay/UnitsForCompetition(Diapers)'

2018-05-18 12:07:58 - [TEST_STEP][PASSED] - tap: Tapped on element 'Object Repository/ShopProductsScreenElements/Diapers/VisitSecondaryDisplay/SecondaryDisplayavailable_SubmitButton'

2018-05-18 12:07:58 - [MESSAGE][WARNING] - Timeout '0' is invalid. Using default page load timeout: '30'

2018-05-18 12:07:59 - [MESSAGE][PASSED] - Tapped on element 'Object Repository/ShopProductsScreenElements/Diapers/VisitSecondaryDisplay/SecondaryDisplayavailable_SubmitButton'

2018-05-18 12:07:59 - [TEST_STEP][PASSED] - delay: Delayed 1 second(s)

2018-05-18 12:08:00 - [MESSAGE][PASSED] - Delayed 1 second(s)

2018-05-18 12:08:00 - [TEST_STEP][PASSED] - verifyElementText: Actual text and expected text of test object 'Object Repository/ShopProductsScreenElements/Diapers/VisitSecondaryDisplay/Validate_UnitScreen' are matched.

2018-05-18 12:08:02 - [MESSAGE][PASSED] - Actual text and expected text of test object 'Object Repository/ShopProductsScreenElements/Diapers/VisitSecondaryDisplay/Validate_UnitScreen' are matched.

2018-05-18 12:08:02 - [TEST_STEP][PASSED] - delay: Delayed 1 second(s)

2018-05-18 12:08:03 - [MESSAGE][PASSED] - Delayed 1 second(s)

2018-05-18 12:08:03 - [TEST_STEP][PASSED] - tap: Tapped on element 'Object Repository/ShopProductsScreenElements/Diapers/VisitSecondaryDisplay/Unit1'

2018-05-18 12:08:03 - [MESSAGE][WARNING] - Timeout '0' is invalid. Using default page load timeout: '30'

2018-05-18 12:08:03 - [MESSAGE][PASSED] - Tapped on element 'Object Repository/ShopProductsScreenElements/Diapers/VisitSecondaryDisplay/Unit1'

2018-05-18 12:08:03 - [TEST_STEP][PASSED] - delay: Delayed 1 second(s)

2018-05-18 12:08:04 - [MESSAGE][PASSED] - Delayed 1 second(s)

2018-05-18 12:08:04 - [TEST_STEP][PASSED] - verifyElementExist: Element 'Object Repository/CommonScreenElements/Validate_CameraScreen' is exist

2018-05-18 12:08:04 - [MESSAGE][WARNING] - Timeout '0' is invalid. Using default page load timeout: '30'

2018-05-18 12:08:05 - [MESSAGE][PASSED] - Element 'Object Repository/CommonScreenElements/Validate_CameraScreen' is exist

2018-05-18 12:08:05 - [TEST_STEP][PASSED] - delay: Delayed 1 second(s)

2018-05-18 12:08:06 - [MESSAGE][PASSED] - Delayed 1 second(s)

2018-05-18 12:08:06 - [TEST_STEP][PASSED] - tap: Tapped on element 'Object Repository/CommonScreenElements/TakePictureButton'

2018-05-18 12:08:06 - [MESSAGE][WARNING] - Timeout '0' is invalid. Using default page load timeout: '30'

2018-05-18 12:08:09 - [MESSAGE][PASSED] - Tapped on element 'Object Repository/CommonScreenElements/TakePictureButton'

2018-05-18 12:08:09 - [TEST_STEP][PASSED] - delay: Delayed 5 second(s)

2018-05-18 12:08:14 - [MESSAGE][PASSED] - Delayed 5 second(s)

2018-05-18 12:08:14 - [TEST_STEP][PASSED] - tap: Tapped on element 'Object Repository/CommonScreenElements/DoneButton'

2018-05-18 12:08:14 - [MESSAGE][WARNING] - Timeout '0' is invalid. Using default page load timeout: '30'

2018-05-18 12:08:15 - [MESSAGE][PASSED] - Tapped on element 'Object Repository/CommonScreenElements/DoneButton'

2018-05-18 12:08:15 - [TEST_STEP][PASSED] - delay: Delayed 1 second(s)

2018-05-18 12:08:16 - [MESSAGE][PASSED] - Delayed 1 second(s)

2018-05-18 12:08:16 - [TEST_STEP][PASSED] - verifyElementText: Actual text and expected text of test object 'Object Repository/ShopProductsScreenElements/Diapers/VisitSecondaryDisplay/Validate_UnitsDetailScreen' are matched.

2018-05-18 12:08:18 - [MESSAGE][PASSED] - Actual text and expected text of test object 'Object Repository/ShopProductsScreenElements/Diapers/VisitSecondaryDisplay/Validate_UnitsDetailScreen' are matched.

2018-05-18 12:08:18 - [TEST_STEP][PASSED] - delay: Delayed 1 second(s)

2018-05-18 12:08:19 - [MESSAGE][PASSED] - Delayed 1 second(s)

2018-05-18 12:08:19 - [TEST_STEP][PASSED] - tap: Tapped on element 'Object Repository/ShopProductsScreenElements/Diapers/VisitSecondaryDisplay/ShopKeeperDidNotAllow'

2018-05-18 12:08:19 - [MESSAGE][WARNING] - Timeout '0' is invalid. Using default page load timeout: '30'

2018-05-18 12:08:19 - [MESSAGE][PASSED] - Tapped on element 'Object Repository/ShopProductsScreenElements/Diapers/VisitSecondaryDisplay/ShopKeeperDidNotAllow'

2018-05-18 12:08:19 - [TEST_STEP][PASSED] - delay: Delayed 1 second(s)

2018-05-18 12:08:20 - [MESSAGE][PASSED] - Delayed 1 second(s)

2018-05-18 12:08:20 - [TEST_STEP][PASSED] - verifyElementText: Actual text and expected text of test object 'Object Repository/ShopProductsScreenElements/Diapers/VisitSecondaryDisplay/Validate_CategoryRemarksScreenForShopKeeper' are matched.

2018-05-18 12:08:22 - [MESSAGE][PASSED] - Actual text and expected text of test object 'Object Repository/ShopProductsScreenElements/Diapers/VisitSecondaryDisplay/Validate_CategoryRemarksScreenForShopKeeper' are matched.

2018-05-18 12:08:22 - [TEST_STEP][PASSED] - delay: Delayed 1 second(s)

2018-05-18 12:08:23 - [MESSAGE][PASSED] - Delayed 1 second(s)

2018-05-18 12:08:23 - [TEST_STEP][PASSED] - tap: Tapped on element 'Object Repository/ShopProductsScreenElements/Diapers/VisitSecondaryDisplay/CategoryRemarksForShopKeeper_Return'

2018-05-18 12:08:23 - [MESSAGE][WARNING] - Timeout '0' is invalid. Using default page load timeout: '30'

2018-05-18 12:08:23 - [MESSAGE][PASSED] - Tapped on element 'Object Repository/ShopProductsScreenElements/Diapers/VisitSecondaryDisplay/CategoryRemarksForShopKeeper_Return'

2018-05-18 12:08:23 - [TEST_STEP][PASSED] - delay: Delayed 1 second(s)

2018-05-18 12:08:24 - [MESSAGE][PASSED] - Delayed 1 second(s)

2018-05-18 12:08:24 - [TEST_STEP][PASSED] - tap: Tapped on element 'Object Repository/ShopProductsScreenElements/Diapers/VisitSecondaryDisplay/CategoryRemarksForShopKeeper_BackButton'

2018-05-18 12:08:24 - [MESSAGE][WARNING] - Timeout '0' is invalid. Using default page load timeout: '30'

2018-05-18 12:08:25 - [MESSAGE][PASSED] - Tapped on element 'Object Repository/ShopProductsScreenElements/Diapers/VisitSecondaryDisplay/CategoryRemarksForShopKeeper_BackButton'

2018-05-18 12:08:25 - [TEST_STEP][PASSED] - delay: Delayed 1 second(s)

2018-05-18 12:08:26 - [MESSAGE][PASSED] - Delayed 1 second(s)

2018-05-18 12:08:26 - [TEST_STEP][PASSED] - verifyElementText: Actual text and expected text of test object 'Object Repository/ShopProductsScreenElements/Diapers/VisitSecondaryDisplay/Validate_UnitsDetailScreen' are matched.

2018-05-18 12:08:27 - [MESSAGE][PASSED] - Actual text and expected text of test object 'Object Repository/ShopProductsScreenElements/Diapers/VisitSecondaryDisplay/Validate_UnitsDetailScreen' are matched.

2018-05-18 12:08:27 - [TEST_STEP][PASSED] - delay: Delayed 1 second(s)

2018-05-18 12:08:28 - [MESSAGE][PASSED] - Delayed 1 second(s)

2018-05-18 12:08:28 - [TEST_STEP][PASSED] - tap: Tapped on element 'Object Repository/ShopProductsScreenElements/Diapers/VisitSecondaryDisplay/DisplayUnitNeedMaintenance'

2018-05-18 12:08:28 - [MESSAGE][WARNING] - Timeout '0' is invalid. Using default page load timeout: '30'

2018-05-18 12:08:29 - [MESSAGE][PASSED] - Tapped on element 'Object Repository/ShopProductsScreenElements/Diapers/VisitSecondaryDisplay/DisplayUnitNeedMaintenance'

2018-05-18 12:08:29 - [TEST_STEP][PASSED] - delay: Delayed 1 second(s)

2018-05-18 12:08:30 - [MESSAGE][PASSED] - Delayed 1 second(s)

2018-05-18 12:08:30 - [TEST_STEP][PASSED] - verifyElementText: Actual text and expected text of test object 'Object Repository/ShopProductsScreenElements/Diapers/VisitSecondaryDisplay/Validate_CategoryRemarksScreenForDisplayUnit' are matched.

2018-05-18 12:08:31 - [MESSAGE][PASSED] - Actual text and expected text of test object 'Object Repository/ShopProductsScreenElements/Diapers/VisitSecondaryDisplay/Validate_CategoryRemarksScreenForDisplayUnit' are matched.

2018-05-18 12:08:31 - [TEST_STEP][PASSED] - delay: Delayed 1 second(s)

2018-05-18 12:08:32 - [MESSAGE][PASSED] - Delayed 1 second(s)

2018-05-18 12:08:32 - [TEST_STEP][PASSED] - tap: Tapped on element 'Object Repository/ShopProductsScreenElements/Diapers/VisitSecondaryDisplay/CategoryRemarksForDisplayUnit_BrokenHeader'

2018-05-18 12:08:32 - [MESSAGE][WARNING] - Timeout '0' is invalid. Using default page load timeout: '30'

2018-05-18 12:08:32 - [MESSAGE][PASSED] - Tapped on element 'Object Repository/ShopProductsScreenElements/Diapers/VisitSecondaryDisplay/CategoryRemarksForDisplayUnit_BrokenHeader'

2018-05-18 12:08:32 - [TEST_STEP][PASSED] - delay: Delayed 1 second(s)

2018-05-18 12:08:33 - [MESSAGE][PASSED] - Delayed 1 second(s)

2018-05-18 12:08:33 - [TEST_STEP][PASSED] - tap: Tapped on element 'Object Repository/ShopProductsScreenElements/Diapers/VisitSecondaryDisplay/CategoryRemarksForDisplayUnit_BackButton'

2018-05-18 12:08:33 - [MESSAGE][WARNING] - Timeout '0' is invalid. Using default page load timeout: '30'

2018-05-18 12:08:34 - [MESSAGE][PASSED] - Tapped on element 'Object Repository/ShopProductsScreenElements/Diapers/VisitSecondaryDisplay/CategoryRemarksForDisplayUnit_BackButton'

2018-05-18 12:08:34 - [TEST_STEP][PASSED] - delay: Delayed 1 second(s)

2018-05-18 12:08:35 - [MESSAGE][PASSED] - Delayed 1 second(s)

2018-05-18 12:08:35 - [TEST_STEP][PASSED] - verifyElementText: Actual text and expected text of test object 'Object Repository/ShopProductsScreenElements/Diapers/VisitSecondaryDisplay/Validate_UnitsDetailScreen' are matched.

2018-05-18 12:08:36 - [MESSAGE][PASSED] - Actual text and expected text of test object 'Object Repository/ShopProductsScreenElements/Diapers/VisitSecondaryDisplay/Validate_UnitsDetailScreen' are matched.

2018-05-18 12:08:36 - [TEST_STEP][PASSED] - delay: Delayed 1 second(s)

2018-05-18 12:08:37 - [MESSAGE][PASSED] - Delayed 1 second(s)

2018-05-18 12:08:37 - [TEST_STEP][PASSED] - tap: Tapped on element 'Object Repository/ShopProductsScreenElements/Diapers/VisitSecondaryDisplay/DisplayUnitIsInPerfectCondition'

2018-05-18 12:08:37 - [MESSAGE][WARNING] - Timeout '0' is invalid. Using default page load timeout: '30'

2018-05-18 12:08:37 - [MESSAGE][PASSED] - Tapped on element 'Object Repository/ShopProductsScreenElements/Diapers/VisitSecondaryDisplay/DisplayUnitIsInPerfectCondition'

2018-05-18 12:08:37 - [TEST_STEP][PASSED] - delay: Delayed 1 second(s)

2018-05-18 12:08:38 - [MESSAGE][PASSED] - Delayed 1 second(s)

2018-05-18 12:08:38 - [TEST_STEP][PASSED] - verifyElementText: Actual text and expected text of test object 'Object Repository/ShopProductsScreenElements/Diapers/VisitSecondaryDisplay/Validate_DisplayUnitUtilizationScreen' are matched.

2018-05-18 12:08:38 - [MESSAGE][PASSED] - Actual text and expected text of test object 'Object Repository/ShopProductsScreenElements/Diapers/VisitSecondaryDisplay/Validate_DisplayUnitUtilizationScreen' are matched.

2018-05-18 12:08:38 - [TEST_STEP][PASSED] - delay: Delayed 1 second(s)

2018-05-18 12:08:39 - [MESSAGE][PASSED] - Delayed 1 second(s)

2018-05-18 12:08:39 - [TEST_STEP][PASSED] - setText: Text '100' has been set to element 'Object Repository/ShopProductsScreenElements/Diapers/VisitSecondaryDisplay/DisplayUnitUtilization_TextField'

2018-05-18 12:08:39 - [MESSAGE][WARNING] - Timeout '0' is invalid. Using default page load timeout: '30'

2018-05-18 12:08:53 - [MESSAGE][PASSED] - Text '100' has been set to element 'Object Repository/ShopProductsScreenElements/Diapers/VisitSecondaryDisplay/DisplayUnitUtilization_TextField'

2018-05-18 12:08:53 - [TEST_STEP][PASSED] - delay: Delayed 1 second(s)

2018-05-18 12:08:54 - [MESSAGE][PASSED] - Delayed 1 second(s)

2018-05-18 12:08:54 - [TEST_STEP][PASSED] - tap: Tapped on element 'Object Repository/ShopProductsScreenElements/Diapers/VisitSecondaryDisplay/DisplayUnitUtilization_SubmitButton'

2018-05-18 12:08:54 - [MESSAGE][WARNING] - Timeout '0' is invalid. Using default page load timeout: '30'

2018-05-18 12:08:55 - [MESSAGE][PASSED] - Tapped on element 'Object Repository/ShopProductsScreenElements/Diapers/VisitSecondaryDisplay/DisplayUnitUtilization_SubmitButton'

2018-05-18 12:08:55 - [TEST_STEP][PASSED] - delay: Delayed 1 second(s)

2018-05-18 12:08:56 - [MESSAGE][PASSED] - Delayed 1 second(s)

2018-05-18 12:08:56 - [TEST_STEP][PASSED] - verifyElementText: Actual text and expected text of test object 'Object Repository/ShopProductsScreenElements/Diapers/VisitSecondaryDisplay/Validate_UnitScreen' are matched.

2018-05-18 12:08:57 - [MESSAGE][PASSED] - Actual text and expected text of test object 'Object Repository/ShopProductsScreenElements/Diapers/VisitSecondaryDisplay/Validate_UnitScreen' are matched.

2018-05-18 12:08:57 - [TEST_STEP][PASSED] - delay: Delayed 1 second(s)

2018-05-18 12:08:58 - [MESSAGE][PASSED] - Delayed 1 second(s)

2018-05-18 12:08:58 - [TEST_STEP][PASSED] - tap: Tapped on element 'Object Repository/ShopProductsScreenElements/Diapers/VisitSecondaryDisplay/Unit_BackButton'

2018-05-18 12:08:58 - [MESSAGE][WARNING] - Timeout '0' is invalid. Using default page load timeout: '30'

2018-05-18 12:08:59 - [MESSAGE][PASSED] - Tapped on element 'Object Repository/ShopProductsScreenElements/Diapers/VisitSecondaryDisplay/Unit_BackButton'

2018-05-18 12:08:59 - [TEST_STEP][PASSED] - delay: Delayed 1 second(s)

2018-05-18 12:09:00 - [MESSAGE][PASSED] - Delayed 1 second(s)

2018-05-18 12:09:00 - [TEST_STEP][PASSED] - verifyElementText: Actual text and expected text of test object 'Object Repository/ShopProductsScreenElements/Diapers/VisitSecondaryDisplay/Validate_SecondaryDisplayScreen' are matched.

2018-05-18 12:09:01 - [MESSAGE][PASSED] - Actual text and expected text of test object 'Object Repository/ShopProductsScreenElements/Diapers/VisitSecondaryDisplay/Validate_SecondaryDisplayScreen' are matched.

2018-05-18 12:09:01 - [TEST_STEP][PASSED] - delay: Delayed 1 second(s)

2018-05-18 12:09:02 - [MESSAGE][PASSED] - Delayed 1 second(s)

2018-05-18 12:09:02 - [TEST_STEP][PASSED] - tap: Tapped on element 'Object Repository/ShopProductsScreenElements/Diapers/VisitSecondaryDisplay/SecondaryDisplay_BackButton'

2018-05-18 12:09:02 - [MESSAGE][WARNING] - Timeout '0' is invalid. Using default page load timeout: '30'

2018-05-18 12:09:03 - [MESSAGE][PASSED] - Tapped on element 'Object Repository/ShopProductsScreenElements/Diapers/VisitSecondaryDisplay/SecondaryDisplay_BackButton'

2018-05-18 12:09:03 - [TEST_STEP][PASSED] - delay: Delayed 1 second(s)

2018-05-18 12:09:04 - [MESSAGE][PASSED] - Delayed 1 second(s)

2018-05-18 12:09:04 - [TEST_STEP][PASSED] - verifyElementExist: Element 'Object Repository/ShopProductsScreenElements/Validate_ShopProductsScreen' is exist

2018-05-18 12:09:04 - [MESSAGE][WARNING] - Timeout '0' is invalid. Using default page load timeout: '30'

2018-05-18 12:09:05 - [MESSAGE][PASSED] - Element 'Object Repository/ShopProductsScreenElements/Validate_ShopProductsScreen' is exist

2018-05-18 12:09:05 - [TEST_STEP][PASSED] - delay: Delayed 1 second(s)

2018-05-18 12:09:06 - [MESSAGE][PASSED] - Delayed 1 second(s)

2018-05-18 12:09:06 - [MESSAGE][PASSED] - Call Test Case 'Test Cases/ChooseHFSShop/ShopOpen/ShopProducts/Diapers/OverwriteDiaper' successfully

2018-05-18 12:09:14 - [MESSAGE][PASSED] - Swiped from 0,293 to 0,200

2018-05-18 12:09:16 - [MESSAGE][PASSED] - Delayed 2 second(s)

2018-05-18 12:09:17 - [MESSAGE][PASSED] - customKeywordsCollection.CustomKeywords.overwriteShopProducts is PASSED]]></system-out>
         <system-err><![CDATA[]]></system-err>
      </testcase>
      <testcase name="Test Cases/ChooseHFSShop/ShopOpen/SaveShop" classname="Test Cases/ChooseHFSShop/ShopOpen/SaveShop" status="PASSED">
         <system-out><![CDATA[2018-05-18 12:09:17 - [TEST_CASE][PASSED] - Test Cases/ChooseHFSShop/ShopOpen/SaveShop: Test Cases/ChooseHFSShop/ShopOpen/SaveShop

2018-05-18 12:09:17 - [TEST_STEP][PASSED] - tap: Tapped on element 'Object Repository/ShopProductsScreenElements/SaveShopOpen_Submitbutton'

2018-05-18 12:09:17 - [MESSAGE][WARNING] - Timeout '0' is invalid. Using default page load timeout: '30'

2018-05-18 12:09:18 - [MESSAGE][PASSED] - Tapped on element 'Object Repository/ShopProductsScreenElements/SaveShopOpen_Submitbutton'

2018-05-18 12:09:18 - [TEST_STEP][PASSED] - delay: Delayed 1 second(s)

2018-05-18 12:09:19 - [MESSAGE][PASSED] - Delayed 1 second(s)

2018-05-18 12:09:19 - [TEST_STEP][PASSED] - verifyElementExist: Element 'Object Repository/CommonScreenElements/Validate_InfoPopUpDialog' is exist

2018-05-18 12:09:19 - [MESSAGE][WARNING] - Timeout '0' is invalid. Using default page load timeout: '30'

2018-05-18 12:09:19 - [MESSAGE][PASSED] - Element 'Object Repository/CommonScreenElements/Validate_InfoPopUpDialog' is exist

2018-05-18 12:09:19 - [TEST_STEP][PASSED] - delay: Delayed 1 second(s)

2018-05-18 12:09:20 - [MESSAGE][PASSED] - Delayed 1 second(s)

2018-05-18 12:09:20 - [TEST_STEP][PASSED] - tap: Tapped on element 'Object Repository/CommonScreenElements/InfoPopUp_YesButton'

2018-05-18 12:09:20 - [MESSAGE][WARNING] - Timeout '0' is invalid. Using default page load timeout: '30'

2018-05-18 12:09:21 - [MESSAGE][PASSED] - Tapped on element 'Object Repository/CommonScreenElements/InfoPopUp_YesButton'

2018-05-18 12:09:21 - [TEST_STEP][PASSED] - delay: Delayed 1 second(s)

2018-05-18 12:09:22 - [MESSAGE][PASSED] - Delayed 1 second(s)

2018-05-18 12:09:22 - [TEST_STEP][PASSED] - verifyElementText: Actual text and expected text of test object 'Object Repository/ShopActionsScreenElements/Validate_ShopsListScreen' are matched.

2018-05-18 12:09:23 - [MESSAGE][PASSED] - Actual text and expected text of test object 'Object Repository/ShopActionsScreenElements/Validate_ShopsListScreen' are matched.

2018-05-18 12:09:23 - [TEST_STEP][PASSED] - delay: Delayed 1 second(s)

2018-05-18 12:09:24 - [MESSAGE][PASSED] - Delayed 1 second(s)]]></system-out>
         <system-err><![CDATA[]]></system-err>
      </testcase>
      <system-out><![CDATA[2018-05-18 11:42:55 - [TEST_SUITE][PASSED] - PnG Merchandising Scripts With Overwrite Scenarios: Test Cases/ChooseHFSShop/ShopOpen/SaveShop]]></system-out>
      <system-err><![CDATA[]]></system-err>
   </testsuite>
</testsuites>
