<?xml version="1.0" encoding="UTF-8"?>
<testsuites name="PnG Merchandising With Channel Wise Data Verification" time="5437" tests="2" failures="0" errors="0">
   <testsuite name="PnG Merchandising With Channel Wise Data Verification" tests="2" failures="0" errors="0" time="5437" timestamp="2019-01-11 16:26:54" hostname="Fahad Shah - DESKTOP-L12UUAD" id="Test Suites/PnG Merchandising With Channel Wise Data Verification">
      <properties>
         <property name="deviceName" value="samsung SM-J110H (Android 4.4.4)"/>
         <property name="devicePlatform" value=""/>
         <property name="logFolder" value="F:\\Git Projects\\PnG_Merchandising\\PnG_Merchandising\\Reports\\PnG Merchandising With Channel Wise Data Verification\\20190111_162651"/>
         <property name="logFiles" value="F:\\Git Projects\\PnG_Merchandising\\PnG_Merchandising\\Reports\\PnG Merchandising With Channel Wise Data Verification\\20190111_162651\\appium.log, F:\\Git Projects\\PnG_Merchandising\\PnG_Merchandising\\Reports\\PnG Merchandising With Channel Wise Data Verification\\20190111_162651\\execution0.log"/>
         <property name="attachments" value="F:\\Git Projects\\PnG_Merchandising\\PnG_Merchandising\\Reports\\PnG Merchandising With Channel Wise Data Verification\\20190111_162651\\1547206384853.png, F:\\Git Projects\\PnG_Merchandising\\PnG_Merchandising\\Reports\\PnG Merchandising With Channel Wise Data Verification\\20190111_162651\\1547206708726.png, F:\\Git Projects\\PnG_Merchandising\\PnG_Merchandising\\Reports\\PnG Merchandising With Channel Wise Data Verification\\20190111_162651\\1547206981934.png, F:\\Git Projects\\PnG_Merchandising\\PnG_Merchandising\\Reports\\PnG Merchandising With Channel Wise Data Verification\\20190111_162651\\1547207264743.png, F:\\Git Projects\\PnG_Merchandising\\PnG_Merchandising\\Reports\\PnG Merchandising With Channel Wise Data Verification\\20190111_162651\\1547207502696.png, F:\\Git Projects\\PnG_Merchandising\\PnG_Merchandising\\Reports\\PnG Merchandising With Channel Wise Data Verification\\20190111_162651\\1547207750822.png, F:\\Git Projects\\PnG_Merchandising\\PnG_Merchandising\\Reports\\PnG Merchandising With Channel Wise Data Verification\\20190111_162651\\1547208030657.png, F:\\Git Projects\\PnG_Merchandising\\PnG_Merchandising\\Reports\\PnG Merchandising With Channel Wise Data Verification\\20190111_162651\\1547208330758.png, F:\\Git Projects\\PnG_Merchandising\\PnG_Merchandising\\Reports\\PnG Merchandising With Channel Wise Data Verification\\20190111_162651\\1547208601814.png, F:\\Git Projects\\PnG_Merchandising\\PnG_Merchandising\\Reports\\PnG Merchandising With Channel Wise Data Verification\\20190111_162651\\1547208954839.png, F:\\Git Projects\\PnG_Merchandising\\PnG_Merchandising\\Reports\\PnG Merchandising With Channel Wise Data Verification\\20190111_162651\\1547209311791.png, F:\\Git Projects\\PnG_Merchandising\\PnG_Merchandising\\Reports\\PnG Merchandising With Channel Wise Data Verification\\20190111_162651\\1547209615849.png, F:\\Git Projects\\PnG_Merchandising\\PnG_Merchandising\\Reports\\PnG Merchandising With Channel Wise Data Verification\\20190111_162651\\1547209938905.png, F:\\Git Projects\\PnG_Merchandising\\PnG_Merchandising\\Reports\\PnG Merchandising With Channel Wise Data Verification\\20190111_162651\\1547210204832.png, F:\\Git Projects\\PnG_Merchandising\\PnG_Merchandising\\Reports\\PnG Merchandising With Channel Wise Data Verification\\20190111_162651\\1547210459855.png, F:\\Git Projects\\PnG_Merchandising\\PnG_Merchandising\\Reports\\PnG Merchandising With Channel Wise Data Verification\\20190111_162651\\1547210810740.png, F:\\Git Projects\\PnG_Merchandising\\PnG_Merchandising\\Reports\\PnG Merchandising With Channel Wise Data Verification\\20190111_162651\\1547211134845.png, F:\\Git Projects\\PnG_Merchandising\\PnG_Merchandising\\Reports\\PnG Merchandising With Channel Wise Data Verification\\20190111_162651\\1547211407721.png"/>
         <property name="hostName" value="Fahad Shah - DESKTOP-L12UUAD"/>
         <property name="os" value="Windows 10 64bit"/>
         <property name="katalonVersion" value="5.10.0.1"/>
         <property name="deviceOS" value="Android"/>
         <property name="appiumVersion" value="1.8.1"/>
         <property name="deviceModel" value="SM-J110H"/>
         <property name="hostAddress" value="192.168.3.221"/>
         <property name="deviceManufacturer" value="samsung"/>
         <property name="deviceId" value="11015a1136d0b24a"/>
         <property name="deviceName" value="samsung SM-J110H (Android 4.4.4)"/>
         <property name="deviceOSVersion" value="4.4.4"/>
      </properties>
      <testcase name="Test Cases/LaunchingApp/LaunchApp" classname="Test Cases/LaunchingApp/LaunchApp" status="PASSED">
         <system-out><![CDATA[2019-01-11 16:26:54 - [TEST_CASE][PASSED] - Test Cases/LaunchingApp/LaunchApp: Test Cases/LaunchingApp/LaunchApp

2019-01-11 16:26:55 - [TEST_STEP][PASSED] - startApplication("F:\QA_Automation\Builds\png_070818_live_v152.apk", false): Started app at: 'F:\QA_Automation\Builds\png_070818_live_v152.apk'

2019-01-11 16:26:55 - [MESSAGE][INFO] - User set preference: ['deviceId', '']

2019-01-11 16:27:00 - [MESSAGE][INFO] - Appium server started on port 62,666

2019-01-11 16:27:12 - [MESSAGE][PASSED] - Started app at: 'F:\QA_Automation\Builds\png_070818_live_v152.apk'

2019-01-11 16:27:12 - [TEST_STEP][PASSED] - delay(5): Delayed 5 second(s)

2019-01-11 16:27:17 - [MESSAGE][PASSED] - Delayed 5 second(s)]]></system-out>
         <system-err><![CDATA[]]></system-err>
      </testcase>
      <testcase name="Test Cases/VisitShopScenarios/VisitShopsWithChannelWiseDataVerification" classname="Test Cases/VisitShopScenarios/VisitShopsWithChannelWiseDataVerification" status="PASSED">
         <system-out><![CDATA[2019-01-11 16:27:17 - [TEST_CASE][PASSED] - Test Cases/VisitShopScenarios/VisitShopsWithChannelWiseDataVerification: Test Cases/VisitShopScenarios/VisitShopsWithChannelWiseDataVerification

2019-01-11 16:27:17 - [TEST_STEP][PASSED] - verifyElementText(findTestObject("DashboardScreenElements/Validate_DashboardScreen", ["package":PACKAGENAME]), "Dashboard"): Actual text and expected text of test object 'Object Repository/DashboardScreenElements/Validate_DashboardScreen' are matched.

2019-01-11 16:27:20 - [MESSAGE][PASSED] - Actual text and expected text of test object 'Object Repository/DashboardScreenElements/Validate_DashboardScreen' are matched.

2019-01-11 16:27:20 - [TEST_STEP][PASSED] - com.ct.qa.keywords.CommonKeywords.selectday(): com.ct.qa.keywords.CommonKeywords.selectday is PASSED

2019-01-11 16:27:20 - [MESSAGE][WARNING] - Timeout '0' is invalid. Using default page load timeout: '5'

2019-01-11 16:27:21 - [MESSAGE][PASSED] - Tapped on element 'Object Repository/DashboardScreenElements/DaysDropdownMenu'

2019-01-11 16:27:21 - [MESSAGE][WARNING] - Timeout '0' is invalid. Using default page load timeout: '5'

2019-01-11 16:27:23 - [MESSAGE][PASSED] - Element 'Object Repository/DashboardScreenElements/Validate_DaysListScreen' is exist

2019-01-11 16:27:23 - [MESSAGE][PASSED] - com.ct.qa.keywords.CommonKeywords.selectday is PASSED

2019-01-11 16:27:23 - [TEST_STEP][PASSED] - tap(findTestObject("DashboardScreenElements/StartYourDay", ["package":PACKAGENAME]), 0): Tapped on element 'Object Repository/DashboardScreenElements/StartYourDay'

2019-01-11 16:27:23 - [MESSAGE][WARNING] - Timeout '0' is invalid. Using default page load timeout: '5'

2019-01-11 16:27:25 - [MESSAGE][PASSED] - Tapped on element 'Object Repository/DashboardScreenElements/StartYourDay'

2019-01-11 16:27:25 - [TEST_STEP][PASSED] - verifyElementText(findTestObject("Validate_ShopListScreen", ["package":PACKAGENAME]), "Shops on Route"): Actual text and expected text of test object 'Object Repository/Validate_ShopListScreen' are matched.

2019-01-11 16:27:26 - [MESSAGE][PASSED] - Actual text and expected text of test object 'Object Repository/Validate_ShopListScreen' are matched.

2019-01-11 16:27:26 - [TEST_STEP][PASSED] - com.ct.qa.keywords.ShopVisitingScenariosKeywords.visitShopWithDataVerification(): com.ct.qa.keywords.ShopVisitingScenariosKeywords.visitShopWithDataVerification is PASSED

2019-01-11 16:27:30 - [MESSAGE][PASSED] - Actual text and expected text of test object 'Object Repository/Validate_ShopOptionsScreen' are matched.

2019-01-11 16:27:30 - [MESSAGE][WARNING] - Timeout '0' is invalid. Using default page load timeout: '5'

2019-01-11 16:27:31 - [MESSAGE][PASSED] - Tapped on element 'Object Repository/StartWorking'

2019-01-11 16:27:46 - [MESSAGE][PASSED] - Delayed 15 second(s)

2019-01-11 16:27:47 - [MESSAGE][PASSED] - Element 'Object Repository/CommonScreenElements/Validate_MapScreen' is exist

2019-01-11 16:27:47 - [MESSAGE][WARNING] - Timeout '0' is invalid. Using default page load timeout: '5'

2019-01-11 16:27:47 - [MESSAGE][PASSED] - Tapped on element 'Object Repository/CommonScreenElements/Location_CheckIn'

2019-01-11 16:27:47 - [MESSAGE][WARNING] - Timeout '0' is invalid. Using default page load timeout: '5'

2019-01-11 16:27:48 - [MESSAGE][PASSED] - Element 'Object Repository/CommonScreenElements/Validate_InfoPopUP' is exist

2019-01-11 16:27:48 - [MESSAGE][WARNING] - Timeout '0' is invalid. Using default page load timeout: '5'

2019-01-11 16:27:49 - [MESSAGE][PASSED] - Tapped on element 'Object Repository/CommonScreenElements/InfoPopUp_NoButton'

2019-01-11 16:27:49 - [TEST_CASE][PASSED] - Test Cases/ShopOpen/VisitShopOpen: Test Cases/ShopOpen/VisitShopOpen

2019-01-11 16:27:49 - [TEST_STEP][PASSED] - verifyElementExist(findTestObject("ShopActions_List", ["package":PACKAGENAME]), 0): Element 'Object Repository/ShopActions_List' is exist

2019-01-11 16:27:49 - [MESSAGE][WARNING] - Timeout '0' is invalid. Using default page load timeout: '5'

2019-01-11 16:27:50 - [MESSAGE][PASSED] - Element 'Object Repository/ShopActions_List' is exist

2019-01-11 16:27:50 - [TEST_STEP][PASSED] - tap(findTestObject("ShopOpen/ShopOpen", ["package":PACKAGENAME]), 0): Tapped on element 'Object Repository/ShopOpen/ShopOpen'

2019-01-11 16:27:50 - [MESSAGE][WARNING] - Timeout '0' is invalid. Using default page load timeout: '5'

2019-01-11 16:27:52 - [MESSAGE][PASSED] - Tapped on element 'Object Repository/ShopOpen/ShopOpen'

2019-01-11 16:27:52 - [TEST_STEP][PASSED] - verifyElementExist(findTestObject("CommonScreenElements/Validate_CameraScreen", ["package":PACKAGENAME]), 0): Element 'Object Repository/CommonScreenElements/Validate_CameraScreen' is exist

2019-01-11 16:27:52 - [MESSAGE][WARNING] - Timeout '0' is invalid. Using default page load timeout: '5'

2019-01-11 16:27:53 - [MESSAGE][PASSED] - Element 'Object Repository/CommonScreenElements/Validate_CameraScreen' is exist

2019-01-11 16:27:53 - [TEST_STEP][PASSED] - tap(findTestObject("CommonScreenElements/TakePictureButton", ["package":PACKAGENAME]), 0): Tapped on element 'Object Repository/CommonScreenElements/TakePictureButton'

2019-01-11 16:27:53 - [MESSAGE][WARNING] - Timeout '0' is invalid. Using default page load timeout: '5'

2019-01-11 16:27:56 - [MESSAGE][PASSED] - Tapped on element 'Object Repository/CommonScreenElements/TakePictureButton'

2019-01-11 16:27:56 - [TEST_STEP][PASSED] - delay(5): Delayed 5 second(s)

2019-01-11 16:28:01 - [MESSAGE][PASSED] - Delayed 5 second(s)

2019-01-11 16:28:01 - [TEST_STEP][PASSED] - tap(findTestObject("CommonScreenElements/DoneButton", ["package":PACKAGENAME]), 0): Tapped on element 'Object Repository/CommonScreenElements/DoneButton'

2019-01-11 16:28:01 - [MESSAGE][WARNING] - Timeout '0' is invalid. Using default page load timeout: '5'

2019-01-11 16:28:02 - [MESSAGE][PASSED] - Tapped on element 'Object Repository/CommonScreenElements/DoneButton'

2019-01-11 16:28:02 - [MESSAGE][PASSED] - Call Test Case 'Test Cases/ShopOpen/VisitShopOpen' successfully

2019-01-11 16:28:02 - [TEST_CASE][PASSED] - Test Cases/ShopOpen/CategoryVisitingScenarios/VisitShopCategoriesWithDataVerification: Test Cases/ShopOpen/CategoryVisitingScenarios/VisitShopCategoriesWithDataVerification

2019-01-11 16:28:02 - [TEST_STEP][PASSED] - verifyElementExist(findTestObject("ShopOpen/Validate_ShopCategoriesListScreen", ["package":PACKAGENAME]), 0): Element 'Object Repository/ShopOpen/Validate_ShopCategoriesListScreen' is exist

2019-01-11 16:28:02 - [MESSAGE][WARNING] - Timeout '0' is invalid. Using default page load timeout: '5'

2019-01-11 16:28:04 - [MESSAGE][PASSED] - Element 'Object Repository/ShopOpen/Validate_ShopCategoriesListScreen' is exist

2019-01-11 16:28:04 - [TEST_STEP][PASSED] - com.ct.qa.keywords.CategoryVisitingScenariosKeywords.visitShopCategoriesWithDataVerification(): com.ct.qa.keywords.CategoryVisitingScenariosKeywords.visitShopCategoriesWithDataVerification is PASSED

2019-01-11 16:28:10 - [MESSAGE][PASSED] - Swiped from 0,293 to 0,200

2019-01-11 16:28:14 - [MESSAGE][PASSED] - Swiped from 0,293 to 0,200

2019-01-11 16:28:18 - [MESSAGE][PASSED] - Swiped from 0,293 to 0,200

2019-01-11 16:28:22 - [MESSAGE][PASSED] - Swiped from 0,293 to 0,200

2019-01-11 16:28:26 - [MESSAGE][PASSED] - Swiped from 0,293 to 0,200

2019-01-11 16:28:30 - [MESSAGE][PASSED] - Swiped from 0,293 to 0,200

2019-01-11 16:28:32 - [MESSAGE][PASSED] - Swiped from 0,200 to 0,750

2019-01-11 16:28:33 - [MESSAGE][PASSED] - Swiped from 0,200 to 0,750

2019-01-11 16:28:34 - [TEST_CASE][PASSED] - Test Cases/ShopOpen/HotSpot/VisitHotSpotAvailableForDataVerification: Test Cases/ShopOpen/HotSpot/VisitHotSpotAvailableForDataVerification

2019-01-11 16:28:35 - [TEST_STEP][PASSED] - verifyElementExist(findTestObject("ShopOpen/HotSpot/Validate_HotSpotRemarksScreen", ["package":PACKAGENAME]), 0): Element 'Object Repository/ShopOpen/HotSpot/Validate_HotSpotRemarksScreen' is exist

2019-01-11 16:28:35 - [MESSAGE][WARNING] - Timeout '0' is invalid. Using default page load timeout: '5'

2019-01-11 16:28:36 - [MESSAGE][PASSED] - Element 'Object Repository/ShopOpen/HotSpot/Validate_HotSpotRemarksScreen' is exist

2019-01-11 16:28:36 - [TEST_STEP][PASSED] - com.ct.qa.keywords.HotSpotKeywords.selectHotSpotRemark("Hotspot Available"): com.ct.qa.keywords.HotSpotKeywords.selectHotSpotRemark is PASSED

2019-01-11 16:28:38 - [MESSAGE][PASSED] - com.ct.qa.keywords.HotSpotKeywords.selectHotSpotRemark is PASSED

2019-01-11 16:28:38 - [TEST_STEP][PASSED] - verifyElementText(findTestObject("ShopOpen/HotSpot/HotSpotAvailable/Hotspot_SelectType", ["package":PACKAGENAME]), "Select appropriate type"): Actual text and expected text of test object 'Object Repository/ShopOpen/HotSpot/HotSpotAvailable/Hotspot_SelectType' are matched.

2019-01-11 16:28:39 - [MESSAGE][PASSED] - Actual text and expected text of test object 'Object Repository/ShopOpen/HotSpot/HotSpotAvailable/Hotspot_SelectType' are matched.

2019-01-11 16:28:39 - [TEST_STEP][PASSED] - com.ct.qa.keywords.HotSpotKeywords.visitHotSpotTypeForDataVerification(): com.ct.qa.keywords.HotSpotKeywords.visitHotSpotTypeForDataVerification is PASSED

2019-01-11 16:28:41 - [MESSAGE][PASSED] - Swiped from 0,240 to 0,200

2019-01-11 16:28:43 - [MESSAGE][PASSED] - Swiped from 0,293 to 0,200

2019-01-11 16:28:46 - [MESSAGE][PASSED] - Swiped from 0,293 to 0,200

2019-01-11 16:28:48 - [MESSAGE][PASSED] - Swiped from 0,293 to 0,200

2019-01-11 16:28:51 - [MESSAGE][PASSED] - Swiped from 0,293 to 0,200

2019-01-11 16:28:53 - [MESSAGE][PASSED] - Swiped from 0,293 to 0,200

2019-01-11 16:28:55 - [MESSAGE][PASSED] - Swiped from 0,200 to 0,750

2019-01-11 16:28:56 - [MESSAGE][PASSED] - Swiped from 0,200 to 0,750

2019-01-11 16:28:58 - [MESSAGE][WARNING] - Timeout '0' is invalid. Using default page load timeout: '5'

2019-01-11 16:28:59 - [MESSAGE][PASSED] - Element 'Object Repository/CommonScreenElements/Validate_CameraScreen' is exist

2019-01-11 16:28:59 - [MESSAGE][WARNING] - Timeout '0' is invalid. Using default page load timeout: '5'

2019-01-11 16:29:02 - [MESSAGE][PASSED] - Tapped on element 'Object Repository/CommonScreenElements/TakePictureButton'

2019-01-11 16:29:07 - [MESSAGE][PASSED] - Delayed 5 second(s)

2019-01-11 16:29:07 - [MESSAGE][WARNING] - Timeout '0' is invalid. Using default page load timeout: '5'

2019-01-11 16:29:08 - [MESSAGE][PASSED] - Tapped on element 'Object Repository/CommonScreenElements/DoneButton'

2019-01-11 16:29:08 - [MESSAGE][PASSED] - com.ct.qa.keywords.HotSpotKeywords.visitHotSpotTypeForDataVerification is PASSED

2019-01-11 16:29:08 - [TEST_STEP][PASSED] - verifyElementText(findTestObject("ShopOpen/HotSpot/HotSpotAvailable/Validate_AssetsScreen", ["package":PACKAGENAME]), "Facing"): Actual text and expected text of test object 'Object Repository/ShopOpen/HotSpot/HotSpotAvailable/Validate_AssetsScreen' are matched.

2019-01-11 16:29:10 - [MESSAGE][PASSED] - Actual text and expected text of test object 'Object Repository/ShopOpen/HotSpot/HotSpotAvailable/Validate_AssetsScreen' are matched.

2019-01-11 16:29:10 - [TEST_STEP][PASSED] - tap(findTestObject("ShopOpen/HotSpot/HotSpotAvailable/Facing", ["package":PACKAGENAME]), 0): Tapped on element 'Object Repository/ShopOpen/HotSpot/HotSpotAvailable/Facing'

2019-01-11 16:29:10 - [MESSAGE][WARNING] - Timeout '0' is invalid. Using default page load timeout: '5'

2019-01-11 16:29:10 - [MESSAGE][PASSED] - Tapped on element 'Object Repository/ShopOpen/HotSpot/HotSpotAvailable/Facing'

2019-01-11 16:29:10 - [TEST_STEP][PASSED] - verifyElementText(findTestObject("ShopOpen/HotSpot/HotSpotAvailable/Validate_FacingScreen", ["package":PACKAGENAME]), "Facing"): Actual text and expected text of test object 'Object Repository/ShopOpen/HotSpot/HotSpotAvailable/Validate_FacingScreen' are matched.

2019-01-11 16:29:13 - [MESSAGE][PASSED] - Actual text and expected text of test object 'Object Repository/ShopOpen/HotSpot/HotSpotAvailable/Validate_FacingScreen' are matched.

2019-01-11 16:29:13 - [TEST_STEP][PASSED] - com.ct.qa.keywords.HotSpotKeywords.visitHotSpotAvailableFacingProducts(HOTSPOTFACING): com.ct.qa.keywords.HotSpotKeywords.visitHotSpotAvailableFacingProducts is PASSED

2019-01-11 16:29:19 - [MESSAGE][PASSED] - Keyboard is hidden

2019-01-11 16:29:22 - [MESSAGE][PASSED] - Keyboard is hidden

2019-01-11 16:29:25 - [MESSAGE][PASSED] - Keyboard is hidden

2019-01-11 16:29:28 - [MESSAGE][PASSED] - Keyboard is hidden

2019-01-11 16:29:31 - [MESSAGE][PASSED] - Keyboard is hidden

2019-01-11 16:29:34 - [MESSAGE][PASSED] - Keyboard is hidden

2019-01-11 16:29:38 - [MESSAGE][PASSED] - Swiped from 43,359 to 43,250

2019-01-11 16:29:41 - [MESSAGE][PASSED] - Keyboard is hidden

2019-01-11 16:29:43 - [MESSAGE][PASSED] - Swiped from 43,359 to 43,250

2019-01-11 16:29:46 - [MESSAGE][PASSED] - Keyboard is hidden

2019-01-11 16:29:48 - [MESSAGE][PASSED] - Swiped from 43,359 to 43,250

2019-01-11 16:29:51 - [MESSAGE][PASSED] - Keyboard is hidden

2019-01-11 16:29:53 - [MESSAGE][PASSED] - Swiped from 43,359 to 43,250

2019-01-11 16:29:56 - [MESSAGE][PASSED] - Keyboard is hidden

2019-01-11 16:29:58 - [MESSAGE][PASSED] - Swiped from 43,359 to 43,250

2019-01-11 16:30:01 - [MESSAGE][PASSED] - Keyboard is hidden

2019-01-11 16:30:03 - [MESSAGE][PASSED] - Swiped from 43,359 to 43,250

2019-01-11 16:30:06 - [MESSAGE][PASSED] - Keyboard is hidden

2019-01-11 16:30:08 - [MESSAGE][PASSED] - Swiped from 43,359 to 43,250

2019-01-11 16:30:11 - [MESSAGE][PASSED] - Keyboard is hidden

2019-01-11 16:30:13 - [MESSAGE][PASSED] - Swiped from 43,359 to 43,250

2019-01-11 16:30:16 - [MESSAGE][PASSED] - Keyboard is hidden

2019-01-11 16:30:18 - [MESSAGE][PASSED] - Swiped from 43,359 to 43,250

2019-01-11 16:30:21 - [MESSAGE][PASSED] - Keyboard is hidden

2019-01-11 16:30:23 - [MESSAGE][PASSED] - Swiped from 43,359 to 43,250

2019-01-11 16:30:26 - [MESSAGE][PASSED] - Keyboard is hidden

2019-01-11 16:30:28 - [MESSAGE][PASSED] - Swiped from 43,359 to 43,250

2019-01-11 16:30:31 - [MESSAGE][PASSED] - Keyboard is hidden

2019-01-11 16:30:33 - [MESSAGE][PASSED] - Swiped from 43,359 to 43,250

2019-01-11 16:30:36 - [MESSAGE][PASSED] - Keyboard is hidden

2019-01-11 16:30:38 - [MESSAGE][PASSED] - Swiped from 43,359 to 43,250

2019-01-11 16:30:41 - [MESSAGE][PASSED] - Keyboard is hidden

2019-01-11 16:30:43 - [MESSAGE][PASSED] - Swiped from 43,359 to 43,250

2019-01-11 16:30:46 - [MESSAGE][PASSED] - Keyboard is hidden

2019-01-11 16:30:48 - [MESSAGE][PASSED] - Swiped from 43,359 to 43,250

2019-01-11 16:30:51 - [MESSAGE][PASSED] - Keyboard is hidden

2019-01-11 16:30:53 - [MESSAGE][PASSED] - Swiped from 43,359 to 43,250

2019-01-11 16:30:56 - [MESSAGE][PASSED] - Keyboard is hidden

2019-01-11 16:30:58 - [MESSAGE][PASSED] - Swiped from 43,359 to 43,250

2019-01-11 16:31:01 - [MESSAGE][PASSED] - Keyboard is hidden

2019-01-11 16:31:03 - [MESSAGE][PASSED] - Swiped from 43,359 to 43,250

2019-01-11 16:31:07 - [MESSAGE][PASSED] - Keyboard is hidden

2019-01-11 16:31:09 - [MESSAGE][PASSED] - Swiped from 43,359 to 43,250

2019-01-11 16:31:12 - [MESSAGE][PASSED] - Keyboard is hidden

2019-01-11 16:31:14 - [MESSAGE][PASSED] - Swiped from 43,359 to 43,250

2019-01-11 16:31:17 - [MESSAGE][PASSED] - Keyboard is hidden

2019-01-11 16:31:19 - [MESSAGE][PASSED] - Swiped from 43,359 to 43,250

2019-01-11 16:31:22 - [MESSAGE][PASSED] - Keyboard is hidden

2019-01-11 16:31:24 - [MESSAGE][PASSED] - Swiped from 43,359 to 43,250

2019-01-11 16:31:27 - [MESSAGE][PASSED] - Keyboard is hidden

2019-01-11 16:31:29 - [MESSAGE][PASSED] - Swiped from 43,359 to 43,250

2019-01-11 16:31:32 - [MESSAGE][PASSED] - Keyboard is hidden

2019-01-11 16:31:34 - [MESSAGE][PASSED] - Swiped from 43,359 to 43,250

2019-01-11 16:31:37 - [MESSAGE][PASSED] - Keyboard is hidden

2019-01-11 16:31:39 - [MESSAGE][PASSED] - Swiped from 43,359 to 43,250

2019-01-11 16:31:42 - [MESSAGE][PASSED] - Keyboard is hidden

2019-01-11 16:31:44 - [MESSAGE][PASSED] - Swiped from 43,359 to 43,250

2019-01-11 16:31:47 - [MESSAGE][PASSED] - Keyboard is hidden

2019-01-11 16:31:49 - [MESSAGE][PASSED] - Swiped from 43,359 to 43,250

2019-01-11 16:31:52 - [MESSAGE][PASSED] - Keyboard is hidden

2019-01-11 16:31:54 - [MESSAGE][PASSED] - Swiped from 43,359 to 43,250

2019-01-11 16:31:57 - [MESSAGE][PASSED] - Keyboard is hidden

2019-01-11 16:31:59 - [MESSAGE][PASSED] - Swiped from 43,359 to 43,250

2019-01-11 16:32:02 - [MESSAGE][PASSED] - Keyboard is hidden

2019-01-11 16:32:04 - [MESSAGE][PASSED] - Swiped from 43,359 to 43,250

2019-01-11 16:32:07 - [MESSAGE][PASSED] - Keyboard is hidden

2019-01-11 16:32:09 - [MESSAGE][PASSED] - Swiped from 43,359 to 43,250

2019-01-11 16:32:12 - [MESSAGE][PASSED] - Keyboard is hidden

2019-01-11 16:32:14 - [MESSAGE][PASSED] - Swiped from 43,359 to 43,250

2019-01-11 16:32:17 - [MESSAGE][PASSED] - Keyboard is hidden

2019-01-11 16:32:19 - [MESSAGE][PASSED] - Swiped from 43,359 to 43,250

2019-01-11 16:32:22 - [MESSAGE][PASSED] - Keyboard is hidden

2019-01-11 16:32:24 - [MESSAGE][PASSED] - Swiped from 43,359 to 43,250

2019-01-11 16:32:27 - [MESSAGE][PASSED] - Keyboard is hidden

2019-01-11 16:32:29 - [MESSAGE][PASSED] - Swiped from 43,359 to 43,250

2019-01-11 16:32:32 - [MESSAGE][PASSED] - Keyboard is hidden

2019-01-11 16:32:34 - [MESSAGE][PASSED] - Swiped from 43,359 to 43,250

2019-01-11 16:32:37 - [MESSAGE][PASSED] - Keyboard is hidden

2019-01-11 16:32:39 - [MESSAGE][PASSED] - Swiped from 43,359 to 43,250

2019-01-11 16:32:42 - [MESSAGE][PASSED] - Keyboard is hidden

2019-01-11 16:32:44 - [MESSAGE][PASSED] - Swiped from 43,359 to 43,250

2019-01-11 16:32:47 - [MESSAGE][PASSED] - Keyboard is hidden

2019-01-11 16:32:49 - [MESSAGE][PASSED] - Swiped from 43,359 to 43,250

2019-01-11 16:32:50 - [MESSAGE][PASSED] - com.ct.qa.keywords.HotSpotKeywords.visitHotSpotAvailableFacingProducts is PASSED

2019-01-11 16:32:50 - [TEST_STEP][PASSED] - tap(findTestObject("ShopOpen/HotSpot/HotSpotAvailable/SubmitButton", ["package":PACKAGENAME]), 0): Tapped on element 'Object Repository/ShopOpen/HotSpot/HotSpotAvailable/SubmitButton'

2019-01-11 16:32:50 - [MESSAGE][WARNING] - Timeout '0' is invalid. Using default page load timeout: '5'

2019-01-11 16:32:51 - [MESSAGE][PASSED] - Tapped on element 'Object Repository/ShopOpen/HotSpot/HotSpotAvailable/SubmitButton'

2019-01-11 16:32:51 - [TEST_STEP][PASSED] - verifyElementExist(findTestObject("CommonScreenElements/Validate_InfoPopUP", ["package":PACKAGENAME]), 0): Element 'Object Repository/CommonScreenElements/Validate_InfoPopUP' is exist

2019-01-11 16:32:51 - [MESSAGE][WARNING] - Timeout '0' is invalid. Using default page load timeout: '5'

2019-01-11 16:32:52 - [MESSAGE][PASSED] - Element 'Object Repository/CommonScreenElements/Validate_InfoPopUP' is exist

2019-01-11 16:32:52 - [TEST_STEP][PASSED] - tap(findTestObject("CommonScreenElements/InfoPopUp_OKButton", ["package":PACKAGENAME]), 0): Tapped on element 'Object Repository/CommonScreenElements/InfoPopUp_OKButton'

2019-01-11 16:32:52 - [MESSAGE][WARNING] - Timeout '0' is invalid. Using default page load timeout: '5'

2019-01-11 16:32:53 - [MESSAGE][PASSED] - Tapped on element 'Object Repository/CommonScreenElements/InfoPopUp_OKButton'

2019-01-11 16:32:53 - [TEST_STEP][PASSED] - verifyElementText(findTestObject("ShopOpen/HotSpot/HotSpotAvailable/Validate_AssetsScreen", ["package":PACKAGENAME]), "Facing"): Actual text and expected text of test object 'Object Repository/ShopOpen/HotSpot/HotSpotAvailable/Validate_AssetsScreen' are matched.

2019-01-11 16:32:54 - [MESSAGE][PASSED] - Actual text and expected text of test object 'Object Repository/ShopOpen/HotSpot/HotSpotAvailable/Validate_AssetsScreen' are matched.

2019-01-11 16:32:54 - [TEST_STEP][PASSED] - tap(findTestObject("ShopOpen/HotSpot/HotSpotAvailable/POSM_ImageView", ["package":PACKAGENAME]), 0): Tapped on element 'Object Repository/ShopOpen/HotSpot/HotSpotAvailable/POSM_ImageView'

2019-01-11 16:32:54 - [MESSAGE][WARNING] - Timeout '0' is invalid. Using default page load timeout: '5'

2019-01-11 16:32:55 - [MESSAGE][PASSED] - Tapped on element 'Object Repository/ShopOpen/HotSpot/HotSpotAvailable/POSM_ImageView'

2019-01-11 16:32:55 - [TEST_STEP][PASSED] - verifyElementText(findTestObject("ShopOpen/HotSpot/HotSpotAvailable/Validate_POSMScreen", ["package":PACKAGENAME]), "POSM Deployment"): Actual text and expected text of test object 'Object Repository/ShopOpen/HotSpot/HotSpotAvailable/Validate_POSMScreen' are matched.

2019-01-11 16:32:56 - [MESSAGE][PASSED] - Actual text and expected text of test object 'Object Repository/ShopOpen/HotSpot/HotSpotAvailable/Validate_POSMScreen' are matched.

2019-01-11 16:32:56 - [TEST_STEP][PASSED] - com.ct.qa.keywords.HotSpotKeywords.findPOSMImageView(): com.ct.qa.keywords.HotSpotKeywords.findPOSMImageView is PASSED

2019-01-11 16:32:56 - [MESSAGE][PASSED] - com.ct.qa.keywords.HotSpotKeywords.findPOSMImageView is PASSED

2019-01-11 16:32:56 - [TEST_STEP][PASSED] - pressBack(): Press back button successfully

2019-01-11 16:32:56 - [MESSAGE][PASSED] - Press back button successfully

2019-01-11 16:32:56 - [TEST_STEP][PASSED] - verifyElementText(findTestObject("ShopOpen/HotSpot/HotSpotAvailable/Validate_AssetsScreen", ["package":PACKAGENAME]), "Facing"): Actual text and expected text of test object 'Object Repository/ShopOpen/HotSpot/HotSpotAvailable/Validate_AssetsScreen' are matched.

2019-01-11 16:32:57 - [MESSAGE][PASSED] - Actual text and expected text of test object 'Object Repository/ShopOpen/HotSpot/HotSpotAvailable/Validate_AssetsScreen' are matched.

2019-01-11 16:32:57 - [TEST_STEP][PASSED] - com.ct.qa.keywords.CommonKeywords.findPlanogramImageView(): com.ct.qa.keywords.CommonKeywords.findPlanogramImageView is PASSED

2019-01-11 16:32:59 - [MESSAGE][WARNING] - Timeout '0' is invalid. Using default page load timeout: '5'

2019-01-11 16:33:06 - [MESSAGE][WARNING] - Object Object Repository/CommonScreenElements/InfoPopUp_OKButton not found
[[ATTACHMENT|F:\\Git Projects\\PnG_Merchandising\\PnG_Merchandising\\Reports\\PnG Merchandising With Channel Wise Data Verification\\20190111_162651\\1547206384853.png]]

2019-01-11 16:33:06 - [MESSAGE][PASSED] - com.ct.qa.keywords.CommonKeywords.findPlanogramImageView is PASSED

2019-01-11 16:33:06 - [TEST_STEP][PASSED] - verifyElementText(findTestObject("ShopOpen/HotSpot/HotSpotAvailable/Validate_AssetsScreen", ["package":PACKAGENAME]), "Facing"): Actual text and expected text of test object 'Object Repository/ShopOpen/HotSpot/HotSpotAvailable/Validate_AssetsScreen' are matched.

2019-01-11 16:33:07 - [MESSAGE][PASSED] - Actual text and expected text of test object 'Object Repository/ShopOpen/HotSpot/HotSpotAvailable/Validate_AssetsScreen' are matched.

2019-01-11 16:33:07 - [TEST_STEP][PASSED] - com.ct.qa.keywords.CommonKeywords.findPictureImageView(): com.ct.qa.keywords.CommonKeywords.findPictureImageView is PASSED

2019-01-11 16:33:08 - [MESSAGE][WARNING] - Timeout '0' is invalid. Using default page load timeout: '5'

2019-01-11 16:33:11 - [MESSAGE][PASSED] - Element 'Object Repository/CommonScreenElements/Validate_CameraScreen' is exist

2019-01-11 16:33:11 - [MESSAGE][WARNING] - Timeout '0' is invalid. Using default page load timeout: '5'

2019-01-11 16:33:14 - [MESSAGE][PASSED] - Tapped on element 'Object Repository/CommonScreenElements/TakePictureButton'

2019-01-11 16:33:19 - [MESSAGE][PASSED] - Delayed 5 second(s)

2019-01-11 16:33:19 - [MESSAGE][WARNING] - Timeout '0' is invalid. Using default page load timeout: '5'

2019-01-11 16:33:20 - [MESSAGE][PASSED] - Tapped on element 'Object Repository/CommonScreenElements/DoneButton'

2019-01-11 16:33:20 - [MESSAGE][PASSED] - com.ct.qa.keywords.CommonKeywords.findPictureImageView is PASSED

2019-01-11 16:33:20 - [TEST_STEP][PASSED] - verifyElementText(findTestObject("ShopOpen/HotSpot/HotSpotAvailable/Validate_AssetsScreen", ["package":PACKAGENAME]), "Facing"): Actual text and expected text of test object 'Object Repository/ShopOpen/HotSpot/HotSpotAvailable/Validate_AssetsScreen' are matched.

2019-01-11 16:33:20 - [MESSAGE][PASSED] - Actual text and expected text of test object 'Object Repository/ShopOpen/HotSpot/HotSpotAvailable/Validate_AssetsScreen' are matched.

2019-01-11 16:33:20 - [TEST_STEP][PASSED] - com.ct.qa.keywords.CommonKeywords.findBackButtonImageView(): com.ct.qa.keywords.CommonKeywords.findBackButtonImageView is PASSED

2019-01-11 16:33:21 - [MESSAGE][PASSED] - com.ct.qa.keywords.CommonKeywords.findBackButtonImageView is PASSED

2019-01-11 16:33:21 - [TEST_STEP][PASSED] - verifyElementText(findTestObject("ShopOpen/HotSpot/HotSpotAvailable/ValidateUtilization_Popup", ["package":PACKAGENAME]), "Utilization"): Actual text and expected text of test object 'Object Repository/ShopOpen/HotSpot/HotSpotAvailable/ValidateUtilization_Popup' are matched.

2019-01-11 16:33:25 - [MESSAGE][PASSED] - Actual text and expected text of test object 'Object Repository/ShopOpen/HotSpot/HotSpotAvailable/ValidateUtilization_Popup' are matched.

2019-01-11 16:33:25 - [TEST_STEP][PASSED] - tap(findTestObject("ShopOpen/HotSpot/HotSpotAvailable/HotSpotIsAvailableOnTheRightLocation_Yes", ["package":PACKAGENAME]), 0): Tapped on element 'Object Repository/ShopOpen/HotSpot/HotSpotAvailable/HotSpotIsAvailableOnTheRightLocation_Yes'

2019-01-11 16:33:25 - [MESSAGE][WARNING] - Timeout '0' is invalid. Using default page load timeout: '5'

2019-01-11 16:33:26 - [MESSAGE][PASSED] - Tapped on element 'Object Repository/ShopOpen/HotSpot/HotSpotAvailable/HotSpotIsAvailableOnTheRightLocation_Yes'

2019-01-11 16:33:26 - [TEST_STEP][PASSED] - com.ct.qa.keywords.HotSpotKeywords.enterUtilization(1): com.ct.qa.keywords.HotSpotKeywords.enterUtilization is PASSED

2019-01-11 16:33:30 - [MESSAGE][PASSED] - com.ct.qa.keywords.HotSpotKeywords.enterUtilization is PASSED

2019-01-11 16:33:30 - [TEST_STEP][PASSED] - hideKeyboard(): Keyboard is hidden

2019-01-11 16:33:31 - [MESSAGE][PASSED] - Keyboard is hidden

2019-01-11 16:33:32 - [TEST_STEP][PASSED] - tap(findTestObject("ShopOpen/HotSpot/HotSpotAvailable/Utilization_popupSubmitButton", ["package":PACKAGENAME]), 0): Tapped on element 'Object Repository/ShopOpen/HotSpot/HotSpotAvailable/Utilization_popupSubmitButton'

2019-01-11 16:33:32 - [MESSAGE][WARNING] - Timeout '0' is invalid. Using default page load timeout: '5'

2019-01-11 16:33:32 - [MESSAGE][PASSED] - Tapped on element 'Object Repository/ShopOpen/HotSpot/HotSpotAvailable/Utilization_popupSubmitButton'

2019-01-11 16:33:32 - [TEST_STEP][PASSED] - verifyElementExist(findTestObject("ShopOpen/HotSpot/Validate_HotSpotRemarksScreen", ["package":PACKAGENAME]), 0): Element 'Object Repository/ShopOpen/HotSpot/Validate_HotSpotRemarksScreen' is exist

2019-01-11 16:33:32 - [MESSAGE][WARNING] - Timeout '0' is invalid. Using default page load timeout: '5'

2019-01-11 16:33:33 - [MESSAGE][PASSED] - Element 'Object Repository/ShopOpen/HotSpot/Validate_HotSpotRemarksScreen' is exist

2019-01-11 16:33:33 - [TEST_STEP][PASSED] - tap(findTestObject("ShopOpen/HotSpot/BackButton", ["package":PACKAGENAME]), 0): Tapped on element 'Object Repository/ShopOpen/HotSpot/BackButton'

2019-01-11 16:33:33 - [MESSAGE][WARNING] - Timeout '0' is invalid. Using default page load timeout: '5'

2019-01-11 16:33:34 - [MESSAGE][PASSED] - Tapped on element 'Object Repository/ShopOpen/HotSpot/BackButton'

2019-01-11 16:33:34 - [TEST_STEP][PASSED] - verifyElementExist(findTestObject("ShopOpen/Validate_ShopCategoriesListScreen", ["package":PACKAGENAME]), 0): Element 'Object Repository/ShopOpen/Validate_ShopCategoriesListScreen' is exist

2019-01-11 16:33:34 - [MESSAGE][WARNING] - Timeout '0' is invalid. Using default page load timeout: '5'

2019-01-11 16:33:35 - [MESSAGE][PASSED] - Element 'Object Repository/ShopOpen/Validate_ShopCategoriesListScreen' is exist

2019-01-11 16:33:35 - [MESSAGE][PASSED] - Call Test Case 'Test Cases/ShopOpen/HotSpot/VisitHotSpotAvailableForDataVerification' successfully

2019-01-11 16:33:35 - [TEST_CASE][PASSED] - Test Cases/ShopOpen/RemainingMainCategories/MainCategoryRemarksVisitingScenarios/VisitRemarksWith_DataVerification: Test Cases/ShopOpen/RemainingMainCategories/MainCategoryRemarksVisitingScenarios/VisitRemarksWith_DataVerification

2019-01-11 16:33:36 - [TEST_STEP][PASSED] - verifyElementExist(findTestObject("ShopOpen/RemainingMainCategories/Validate_MainCategoryDetailActionScreen", ["package":PACKAGENAME]), 0): Element 'Object Repository/ShopOpen/RemainingMainCategories/Validate_MainCategoryDetailActionScreen' is exist

2019-01-11 16:33:36 - [MESSAGE][WARNING] - Timeout '0' is invalid. Using default page load timeout: '5'

2019-01-11 16:33:37 - [MESSAGE][PASSED] - Element 'Object Repository/ShopOpen/RemainingMainCategories/Validate_MainCategoryDetailActionScreen' is exist

2019-01-11 16:33:37 - [TEST_STEP][PASSED] - com.ct.qa.keywords.RemainingMainCategoryRemarksVisitingScenariosKeywords.visitRemarksWith_DataVerification(): com.ct.qa.keywords.RemainingMainCategoryRemarksVisitingScenariosKeywords.visitRemarksWith_DataVerification is PASSED

2019-01-11 16:33:39 - [TEST_CASE][PASSED] - Test Cases/ShopOpen/RemainingMainCategories/Availability/VisitAvailability_WithYesRemark: Test Cases/ShopOpen/RemainingMainCategories/Availability/VisitAvailability_WithYesRemark

2019-01-11 16:33:40 - [TEST_STEP][PASSED] - verifyElementExist(findTestObject("ShopOpen/RemainingMainCategories/_Availability/Validate_SubCategoriesScreen", ["package":PACKAGENAME]), 0): Element 'Object Repository/ShopOpen/RemainingMainCategories/_Availability/Validate_SubCategoriesScreen' is exist

2019-01-11 16:33:40 - [MESSAGE][WARNING] - Timeout '0' is invalid. Using default page load timeout: '5'

2019-01-11 16:33:41 - [MESSAGE][PASSED] - Element 'Object Repository/ShopOpen/RemainingMainCategories/_Availability/Validate_SubCategoriesScreen' is exist

2019-01-11 16:33:41 - [TEST_STEP][PASSED] - com.ct.qa.keywords.AvailabilityKeywords.visitAvailabilitySubCategories(1): com.ct.qa.keywords.AvailabilityKeywords.visitAvailabilitySubCategories is PASSED

2019-01-11 16:33:42 - [TEST_CASE][PASSED] - Test Cases/ShopOpen/RemainingMainCategories/Availability/VisitSubCategories_WithYesRemarks: Test Cases/ShopOpen/RemainingMainCategories/Availability/VisitSubCategories_WithYesRemarks

2019-01-11 16:33:43 - [TEST_STEP][PASSED] - verifyElementText(findTestObject("ShopOpen/RemainingMainCategories/_Availability/Validate_SubCategoryDetailScreen", ["package":PACKAGENAME]), "Availability"): Actual text and expected text of test object 'Object Repository/ShopOpen/RemainingMainCategories/_Availability/Validate_SubCategoryDetailScreen' are matched.

2019-01-11 16:33:44 - [MESSAGE][PASSED] - Actual text and expected text of test object 'Object Repository/ShopOpen/RemainingMainCategories/_Availability/Validate_SubCategoryDetailScreen' are matched.

2019-01-11 16:33:44 - [TEST_STEP][PASSED] - tap(findTestObject("ShopOpen/RemainingMainCategories/_Availability/Availability", ["package":PACKAGENAME]), 0): Tapped on element 'Object Repository/ShopOpen/RemainingMainCategories/_Availability/Availability'

2019-01-11 16:33:44 - [MESSAGE][WARNING] - Timeout '0' is invalid. Using default page load timeout: '5'

2019-01-11 16:33:44 - [MESSAGE][PASSED] - Tapped on element 'Object Repository/ShopOpen/RemainingMainCategories/_Availability/Availability'

2019-01-11 16:33:44 - [TEST_STEP][PASSED] - verifyElementText(findTestObject("ShopOpen/RemainingMainCategories/_Availability/Validate_ProductAvailabilityScreen", ["package":PACKAGENAME]), "Availability"): Actual text and expected text of test object 'Object Repository/ShopOpen/RemainingMainCategories/_Availability/Validate_ProductAvailabilityScreen' are matched.

2019-01-11 16:33:47 - [MESSAGE][PASSED] - Actual text and expected text of test object 'Object Repository/ShopOpen/RemainingMainCategories/_Availability/Validate_ProductAvailabilityScreen' are matched.

2019-01-11 16:33:47 - [TEST_STEP][PASSED] - com.ct.qa.keywords.AvailabilityKeywords.visitProductsAvailabilityWithYesRemarks(): com.ct.qa.keywords.AvailabilityKeywords.visitProductsAvailabilityWithYesRemarks is PASSED

2019-01-11 16:34:00 - [MESSAGE][PASSED] - Swiped from 0,275 to 0,200

2019-01-11 16:34:04 - [MESSAGE][PASSED] - Swiped from 0,274 to 0,200

2019-01-11 16:34:08 - [MESSAGE][PASSED] - Swiped from 0,275 to 0,200

2019-01-11 16:34:12 - [MESSAGE][PASSED] - Swiped from 0,274 to 0,200

2019-01-11 16:34:16 - [MESSAGE][PASSED] - Swiped from 0,275 to 0,200

2019-01-11 16:34:20 - [MESSAGE][PASSED] - Swiped from 0,274 to 0,200

2019-01-11 16:34:24 - [MESSAGE][PASSED] - Swiped from 0,275 to 0,200

2019-01-11 16:34:28 - [MESSAGE][PASSED] - Swiped from 0,274 to 0,200

2019-01-11 16:34:31 - [MESSAGE][PASSED] - Swiped from 0,275 to 0,200

2019-01-11 16:34:34 - [MESSAGE][PASSED] - Swiped from 0,274 to 0,200

2019-01-11 16:34:38 - [MESSAGE][PASSED] - Swiped from 0,275 to 0,200

2019-01-11 16:34:41 - [MESSAGE][PASSED] - Swiped from 0,274 to 0,200

2019-01-11 16:34:45 - [MESSAGE][PASSED] - Swiped from 0,275 to 0,200

2019-01-11 16:34:48 - [MESSAGE][PASSED] - Swiped from 0,274 to 0,200

2019-01-11 16:34:52 - [MESSAGE][PASSED] - Swiped from 0,275 to 0,200

2019-01-11 16:34:55 - [MESSAGE][PASSED] - Swiped from 0,274 to 0,200

2019-01-11 16:34:59 - [MESSAGE][PASSED] - Swiped from 0,275 to 0,200

2019-01-11 16:35:02 - [MESSAGE][PASSED] - Swiped from 0,274 to 0,200

2019-01-11 16:35:05 - [MESSAGE][PASSED] - Swiped from 0,275 to 0,200

2019-01-11 16:35:09 - [MESSAGE][PASSED] - Swiped from 0,274 to 0,200

2019-01-11 16:35:12 - [MESSAGE][PASSED] - Swiped from 0,275 to 0,200

2019-01-11 16:35:15 - [MESSAGE][PASSED] - Swiped from 0,274 to 0,200

2019-01-11 16:35:18 - [MESSAGE][PASSED] - Swiped from 0,275 to 0,200

2019-01-11 16:35:19 - [MESSAGE][PASSED] - com.ct.qa.keywords.AvailabilityKeywords.visitProductsAvailabilityWithYesRemarks is PASSED

2019-01-11 16:35:19 - [TEST_STEP][PASSED] - tap(findTestObject("ShopOpen/RemainingMainCategories/_Availability/ProductAvailability_SubmitButton", ["package":PACKAGENAME]), 0): Tapped on element 'Object Repository/ShopOpen/RemainingMainCategories/_Availability/ProductAvailability_SubmitButton'

2019-01-11 16:35:19 - [MESSAGE][WARNING] - Timeout '0' is invalid. Using default page load timeout: '5'

2019-01-11 16:35:19 - [MESSAGE][PASSED] - Tapped on element 'Object Repository/ShopOpen/RemainingMainCategories/_Availability/ProductAvailability_SubmitButton'

2019-01-11 16:35:19 - [TEST_STEP][PASSED] - verifyElementText(findTestObject("ShopOpen/RemainingMainCategories/_Availability/Validate_SubCategoryDetailScreen", ["package":PACKAGENAME]), "Availability"): Actual text and expected text of test object 'Object Repository/ShopOpen/RemainingMainCategories/_Availability/Validate_SubCategoryDetailScreen' are matched.

2019-01-11 16:35:20 - [MESSAGE][PASSED] - Actual text and expected text of test object 'Object Repository/ShopOpen/RemainingMainCategories/_Availability/Validate_SubCategoryDetailScreen' are matched.

2019-01-11 16:35:20 - [TEST_STEP][PASSED] - pressBack(): Press back button successfully

2019-01-11 16:35:20 - [MESSAGE][PASSED] - Press back button successfully

2019-01-11 16:35:20 - [TEST_STEP][PASSED] - verifyElementExist(findTestObject("ShopOpen/RemainingMainCategories/_Availability/Validate_SubCategoriesScreen", ["package":PACKAGENAME]), 0): Element 'Object Repository/ShopOpen/RemainingMainCategories/_Availability/Validate_SubCategoriesScreen' is exist

2019-01-11 16:35:20 - [MESSAGE][WARNING] - Timeout '0' is invalid. Using default page load timeout: '5'

2019-01-11 16:35:21 - [MESSAGE][PASSED] - Element 'Object Repository/ShopOpen/RemainingMainCategories/_Availability/Validate_SubCategoriesScreen' is exist

2019-01-11 16:35:21 - [MESSAGE][PASSED] - Call Test Case 'Test Cases/ShopOpen/RemainingMainCategories/Availability/VisitSubCategories_WithYesRemarks' successfully

2019-01-11 16:35:21 - [MESSAGE][PASSED] - com.ct.qa.keywords.AvailabilityKeywords.visitAvailabilitySubCategories is PASSED

2019-01-11 16:35:21 - [TEST_STEP][PASSED] - pressBack(): Press back button successfully

2019-01-11 16:35:23 - [MESSAGE][PASSED] - Press back button successfully

2019-01-11 16:35:23 - [TEST_STEP][PASSED] - verifyElementExist(findTestObject("ShopOpen/RemainingMainCategories/Validate_MainCategoryDetailActionScreen", ["package":PACKAGENAME]), 0): Element 'Object Repository/ShopOpen/RemainingMainCategories/Validate_MainCategoryDetailActionScreen' is exist

2019-01-11 16:35:23 - [MESSAGE][WARNING] - Timeout '0' is invalid. Using default page load timeout: '5'

2019-01-11 16:35:24 - [MESSAGE][PASSED] - Element 'Object Repository/ShopOpen/RemainingMainCategories/Validate_MainCategoryDetailActionScreen' is exist

2019-01-11 16:35:24 - [MESSAGE][PASSED] - Call Test Case 'Test Cases/ShopOpen/RemainingMainCategories/Availability/VisitAvailability_WithYesRemark' successfully

2019-01-11 16:35:24 - [TEST_CASE][PASSED] - Test Cases/ShopOpen/RemainingMainCategories/PrimaryDisplay/VisitPrimaryDisplayWith_DataVerification: Test Cases/ShopOpen/RemainingMainCategories/PrimaryDisplay/VisitPrimaryDisplayWith_DataVerification

2019-01-11 16:35:25 - [TEST_STEP][PASSED] - verifyElementExist(findTestObject("ShopOpen/RemainingMainCategories/PrimaryDisplay/Validate_PrimaryDisplayRemarksScreen", ["package":PACKAGENAME]), 0): Element 'Object Repository/ShopOpen/RemainingMainCategories/PrimaryDisplay/Validate_PrimaryDisplayRemarksScreen' is exist

2019-01-11 16:35:25 - [MESSAGE][WARNING] - Timeout '0' is invalid. Using default page load timeout: '5'

2019-01-11 16:35:26 - [MESSAGE][PASSED] - Element 'Object Repository/ShopOpen/RemainingMainCategories/PrimaryDisplay/Validate_PrimaryDisplayRemarksScreen' is exist

2019-01-11 16:35:26 - [TEST_STEP][PASSED] - com.ct.qa.keywords.PrimaryDisplayKeywords.selectPrimaryDisplayRemark_ForDataVerfication(): com.ct.qa.keywords.PrimaryDisplayKeywords.selectPrimaryDisplayRemark_ForDataVerfication is PASSED

2019-01-11 16:35:30 - [MESSAGE][WARNING] - Timeout '0' is invalid. Using default page load timeout: '5'

2019-01-11 16:35:31 - [MESSAGE][PASSED] - Element 'Object Repository/CommonScreenElements/Validate_CameraScreen' is exist

2019-01-11 16:35:31 - [MESSAGE][WARNING] - Timeout '0' is invalid. Using default page load timeout: '5'

2019-01-11 16:35:34 - [MESSAGE][PASSED] - Tapped on element 'Object Repository/CommonScreenElements/TakePictureButton'

2019-01-11 16:35:39 - [MESSAGE][PASSED] - Delayed 5 second(s)

2019-01-11 16:35:39 - [MESSAGE][WARNING] - Timeout '0' is invalid. Using default page load timeout: '5'

2019-01-11 16:35:40 - [MESSAGE][PASSED] - Tapped on element 'Object Repository/CommonScreenElements/DoneButton'

2019-01-11 16:35:40 - [TEST_CASE][PASSED] - Test Cases/ShopOpen/RemainingMainCategories/PrimaryDisplay/DisplaySpaceAvailable/VisitDSA: Test Cases/ShopOpen/RemainingMainCategories/PrimaryDisplay/DisplaySpaceAvailable/VisitDSA

2019-01-11 16:35:41 - [TEST_STEP][PASSED] - verifyElementExist(findTestObject("ShopOpen/RemainingMainCategories/PrimaryDisplay/DisplaySpaceAvailable/Validate_SubCategoriesScreen", ["package":PACKAGENAME]), 0): Element 'Object Repository/ShopOpen/RemainingMainCategories/PrimaryDisplay/DisplaySpaceAvailable/Validate_SubCategoriesScreen' is exist

2019-01-11 16:35:41 - [MESSAGE][WARNING] - Timeout '0' is invalid. Using default page load timeout: '5'

2019-01-11 16:35:42 - [MESSAGE][PASSED] - Element 'Object Repository/ShopOpen/RemainingMainCategories/PrimaryDisplay/DisplaySpaceAvailable/Validate_SubCategoriesScreen' is exist

2019-01-11 16:35:42 - [TEST_STEP][PASSED] - com.ct.qa.keywords.PrimaryDisplayKeywords.visitPrimaryDisplay_WithDSASubCategories(1): com.ct.qa.keywords.PrimaryDisplayKeywords.visitPrimaryDisplay_WithDSASubCategories is PASSED

2019-01-11 16:35:43 - [TEST_CASE][PASSED] - Test Cases/ShopOpen/RemainingMainCategories/PrimaryDisplay/DisplaySpaceAvailable/VisitDSA_SubCategories: Test Cases/ShopOpen/RemainingMainCategories/PrimaryDisplay/DisplaySpaceAvailable/VisitDSA_SubCategories

2019-01-11 16:35:44 - [TEST_STEP][PASSED] - verifyElementText(findTestObject("ShopOpen/RemainingMainCategories/PrimaryDisplay/DisplaySpaceAvailable/Validate_ShareOfShelfScreen", ["package":PACKAGENAME]), "Share of shelf"): Actual text and expected text of test object 'Object Repository/ShopOpen/RemainingMainCategories/PrimaryDisplay/DisplaySpaceAvailable/Validate_ShareOfShelfScreen' are matched.

2019-01-11 16:35:45 - [MESSAGE][PASSED] - Actual text and expected text of test object 'Object Repository/ShopOpen/RemainingMainCategories/PrimaryDisplay/DisplaySpaceAvailable/Validate_ShareOfShelfScreen' are matched.

2019-01-11 16:35:45 - [TEST_STEP][PASSED] - tap(findTestObject("ShopOpen/RemainingMainCategories/PrimaryDisplay/DisplaySpaceAvailable/ShareOfShelf", ["package":PACKAGENAME]), 0): Tapped on element 'Object Repository/ShopOpen/RemainingMainCategories/PrimaryDisplay/DisplaySpaceAvailable/ShareOfShelf'

2019-01-11 16:35:45 - [MESSAGE][WARNING] - Timeout '0' is invalid. Using default page load timeout: '5'

2019-01-11 16:35:45 - [MESSAGE][PASSED] - Tapped on element 'Object Repository/ShopOpen/RemainingMainCategories/PrimaryDisplay/DisplaySpaceAvailable/ShareOfShelf'

2019-01-11 16:35:45 - [TEST_STEP][PASSED] - verifyElementText(findTestObject("ShopOpen/RemainingMainCategories/PrimaryDisplay/DisplaySpaceAvailable/Validate_ShareOfShelfProductsScreen", ["package":PACKAGENAME]), "Share of shelf"): Actual text and expected text of test object 'Object Repository/ShopOpen/RemainingMainCategories/PrimaryDisplay/DisplaySpaceAvailable/Validate_ShareOfShelfProductsScreen' are matched.

2019-01-11 16:35:47 - [MESSAGE][PASSED] - Actual text and expected text of test object 'Object Repository/ShopOpen/RemainingMainCategories/PrimaryDisplay/DisplaySpaceAvailable/Validate_ShareOfShelfProductsScreen' are matched.

2019-01-11 16:35:47 - [TEST_STEP][PASSED] - com.ct.qa.keywords.PrimaryDisplayKeywords.visitDSA_Products(DISPLAYSPACEAVAILABLE): com.ct.qa.keywords.PrimaryDisplayKeywords.visitDSA_Products is PASSED

2019-01-11 16:35:52 - [MESSAGE][PASSED] - Keyboard is hidden

2019-01-11 16:35:55 - [MESSAGE][PASSED] - Keyboard is hidden

2019-01-11 16:35:58 - [MESSAGE][PASSED] - Keyboard is hidden

2019-01-11 16:36:01 - [MESSAGE][PASSED] - Keyboard is hidden

2019-01-11 16:36:04 - [MESSAGE][PASSED] - Keyboard is hidden

2019-01-11 16:36:07 - [MESSAGE][PASSED] - Keyboard is hidden

2019-01-11 16:36:11 - [MESSAGE][PASSED] - Swiped from 117,359 to 117,250

2019-01-11 16:36:14 - [MESSAGE][PASSED] - Keyboard is hidden

2019-01-11 16:36:16 - [MESSAGE][PASSED] - Swiped from 117,359 to 117,250

2019-01-11 16:36:19 - [MESSAGE][PASSED] - Keyboard is hidden

2019-01-11 16:36:21 - [MESSAGE][PASSED] - Swiped from 117,359 to 117,250

2019-01-11 16:36:24 - [MESSAGE][PASSED] - Keyboard is hidden

2019-01-11 16:36:26 - [MESSAGE][PASSED] - Swiped from 117,359 to 117,250

2019-01-11 16:36:29 - [MESSAGE][PASSED] - Keyboard is hidden

2019-01-11 16:36:31 - [MESSAGE][PASSED] - Swiped from 117,359 to 117,250

2019-01-11 16:36:34 - [MESSAGE][PASSED] - Keyboard is hidden

2019-01-11 16:36:36 - [MESSAGE][PASSED] - Swiped from 117,359 to 117,250

2019-01-11 16:36:39 - [MESSAGE][PASSED] - Keyboard is hidden

2019-01-11 16:36:41 - [MESSAGE][PASSED] - Swiped from 117,359 to 117,250

2019-01-11 16:36:44 - [MESSAGE][PASSED] - Keyboard is hidden

2019-01-11 16:36:46 - [MESSAGE][PASSED] - Swiped from 117,359 to 117,250

2019-01-11 16:36:49 - [MESSAGE][PASSED] - Keyboard is hidden

2019-01-11 16:36:51 - [MESSAGE][PASSED] - Swiped from 117,359 to 117,250

2019-01-11 16:36:54 - [MESSAGE][PASSED] - Keyboard is hidden

2019-01-11 16:36:56 - [MESSAGE][PASSED] - Swiped from 117,359 to 117,250

2019-01-11 16:36:59 - [MESSAGE][PASSED] - Keyboard is hidden

2019-01-11 16:37:01 - [MESSAGE][PASSED] - Swiped from 117,359 to 117,250

2019-01-11 16:37:04 - [MESSAGE][PASSED] - Keyboard is hidden

2019-01-11 16:37:06 - [MESSAGE][PASSED] - Swiped from 117,359 to 117,250

2019-01-11 16:37:09 - [MESSAGE][PASSED] - Keyboard is hidden

2019-01-11 16:37:11 - [MESSAGE][PASSED] - Swiped from 117,359 to 117,250

2019-01-11 16:37:14 - [MESSAGE][PASSED] - Keyboard is hidden

2019-01-11 16:37:16 - [MESSAGE][PASSED] - Swiped from 117,359 to 117,250

2019-01-11 16:37:19 - [MESSAGE][PASSED] - Keyboard is hidden

2019-01-11 16:37:21 - [MESSAGE][PASSED] - Swiped from 117,359 to 117,250

2019-01-11 16:37:24 - [MESSAGE][PASSED] - Keyboard is hidden

2019-01-11 16:37:26 - [MESSAGE][PASSED] - Swiped from 117,359 to 117,250

2019-01-11 16:37:29 - [MESSAGE][PASSED] - Keyboard is hidden

2019-01-11 16:37:31 - [MESSAGE][PASSED] - Swiped from 117,359 to 117,250

2019-01-11 16:37:34 - [MESSAGE][PASSED] - Keyboard is hidden

2019-01-11 16:37:36 - [MESSAGE][PASSED] - Swiped from 117,359 to 117,250

2019-01-11 16:37:39 - [MESSAGE][PASSED] - Keyboard is hidden

2019-01-11 16:37:41 - [MESSAGE][PASSED] - Swiped from 117,359 to 117,250

2019-01-11 16:37:44 - [MESSAGE][PASSED] - Keyboard is hidden

2019-01-11 16:37:46 - [MESSAGE][PASSED] - Swiped from 117,359 to 117,250

2019-01-11 16:37:49 - [MESSAGE][PASSED] - Keyboard is hidden

2019-01-11 16:37:51 - [MESSAGE][PASSED] - Swiped from 117,359 to 117,250

2019-01-11 16:37:54 - [MESSAGE][PASSED] - Keyboard is hidden

2019-01-11 16:37:56 - [MESSAGE][PASSED] - Swiped from 117,359 to 117,250

2019-01-11 16:37:59 - [MESSAGE][PASSED] - Keyboard is hidden

2019-01-11 16:38:01 - [MESSAGE][PASSED] - Swiped from 117,359 to 117,250

2019-01-11 16:38:04 - [MESSAGE][PASSED] - Keyboard is hidden

2019-01-11 16:38:06 - [MESSAGE][PASSED] - Swiped from 117,359 to 117,250

2019-01-11 16:38:09 - [MESSAGE][PASSED] - Keyboard is hidden

2019-01-11 16:38:11 - [MESSAGE][PASSED] - Swiped from 117,359 to 117,250

2019-01-11 16:38:14 - [MESSAGE][PASSED] - Keyboard is hidden

2019-01-11 16:38:16 - [MESSAGE][PASSED] - Swiped from 117,359 to 117,250

2019-01-11 16:38:17 - [MESSAGE][PASSED] - com.ct.qa.keywords.PrimaryDisplayKeywords.visitDSA_Products is PASSED

2019-01-11 16:38:17 - [TEST_STEP][PASSED] - tap(findTestObject("ShopOpen/RemainingMainCategories/PrimaryDisplay/DisplaySpaceAvailable/SubmitButton", ["package":PACKAGENAME]), 0): Tapped on element 'Object Repository/ShopOpen/RemainingMainCategories/PrimaryDisplay/DisplaySpaceAvailable/SubmitButton'

2019-01-11 16:38:17 - [MESSAGE][WARNING] - Timeout '0' is invalid. Using default page load timeout: '5'

2019-01-11 16:38:17 - [MESSAGE][PASSED] - Tapped on element 'Object Repository/ShopOpen/RemainingMainCategories/PrimaryDisplay/DisplaySpaceAvailable/SubmitButton'

2019-01-11 16:38:17 - [TEST_STEP][PASSED] - verifyElementText(findTestObject("ShopOpen/RemainingMainCategories/PrimaryDisplay/DisplaySpaceAvailable/Validate_AlertScreen", ["package":PACKAGENAME]), "Alert"): Actual text and expected text of test object 'Object Repository/ShopOpen/RemainingMainCategories/PrimaryDisplay/DisplaySpaceAvailable/Validate_AlertScreen' are matched.

2019-01-11 16:38:19 - [MESSAGE][PASSED] - Actual text and expected text of test object 'Object Repository/ShopOpen/RemainingMainCategories/PrimaryDisplay/DisplaySpaceAvailable/Validate_AlertScreen' are matched.

2019-01-11 16:38:19 - [TEST_STEP][PASSED] - tap(findTestObject("ShopOpen/RemainingMainCategories/PrimaryDisplay/DisplaySpaceAvailable/Alert_SaveButton", ["package":PACKAGENAME]), 0): Tapped on element 'Object Repository/ShopOpen/RemainingMainCategories/PrimaryDisplay/DisplaySpaceAvailable/Alert_SaveButton'

2019-01-11 16:38:19 - [MESSAGE][WARNING] - Timeout '0' is invalid. Using default page load timeout: '5'

2019-01-11 16:38:19 - [MESSAGE][PASSED] - Tapped on element 'Object Repository/ShopOpen/RemainingMainCategories/PrimaryDisplay/DisplaySpaceAvailable/Alert_SaveButton'

2019-01-11 16:38:19 - [TEST_STEP][PASSED] - verifyElementText(findTestObject("ShopOpen/RemainingMainCategories/PrimaryDisplay/DisplaySpaceAvailable/Validate_ShareOfShelfScreen", ["package":PACKAGENAME]), "Share of shelf"): Actual text and expected text of test object 'Object Repository/ShopOpen/RemainingMainCategories/PrimaryDisplay/DisplaySpaceAvailable/Validate_ShareOfShelfScreen' are matched.

2019-01-11 16:38:20 - [MESSAGE][PASSED] - Actual text and expected text of test object 'Object Repository/ShopOpen/RemainingMainCategories/PrimaryDisplay/DisplaySpaceAvailable/Validate_ShareOfShelfScreen' are matched.

2019-01-11 16:38:20 - [TEST_STEP][PASSED] - tap(findTestObject("ShopOpen/RemainingMainCategories/PrimaryDisplay/DisplaySpaceAvailable/ShareofShelf_BackButton", ["package":PACKAGENAME]), 0): Tapped on element 'Object Repository/ShopOpen/RemainingMainCategories/PrimaryDisplay/DisplaySpaceAvailable/ShareofShelf_BackButton'

2019-01-11 16:38:20 - [MESSAGE][WARNING] - Timeout '0' is invalid. Using default page load timeout: '5'

2019-01-11 16:38:20 - [MESSAGE][PASSED] - Tapped on element 'Object Repository/ShopOpen/RemainingMainCategories/PrimaryDisplay/DisplaySpaceAvailable/ShareofShelf_BackButton'

2019-01-11 16:38:20 - [TEST_STEP][PASSED] - verifyElementExist(findTestObject("ShopOpen/RemainingMainCategories/PrimaryDisplay/DisplaySpaceAvailable/Validate_SubCategoriesScreen", ["package":PACKAGENAME]), 0): Element 'Object Repository/ShopOpen/RemainingMainCategories/PrimaryDisplay/DisplaySpaceAvailable/Validate_SubCategoriesScreen' is exist

2019-01-11 16:38:20 - [MESSAGE][WARNING] - Timeout '0' is invalid. Using default page load timeout: '5'

2019-01-11 16:38:21 - [MESSAGE][PASSED] - Element 'Object Repository/ShopOpen/RemainingMainCategories/PrimaryDisplay/DisplaySpaceAvailable/Validate_SubCategoriesScreen' is exist

2019-01-11 16:38:21 - [MESSAGE][PASSED] - Call Test Case 'Test Cases/ShopOpen/RemainingMainCategories/PrimaryDisplay/DisplaySpaceAvailable/VisitDSA_SubCategories' successfully

2019-01-11 16:38:21 - [MESSAGE][PASSED] - com.ct.qa.keywords.PrimaryDisplayKeywords.visitPrimaryDisplay_WithDSASubCategories is PASSED

2019-01-11 16:38:21 - [TEST_STEP][PASSED] - com.ct.qa.keywords.CommonKeywords.findPlanogramImageView(): com.ct.qa.keywords.CommonKeywords.findPlanogramImageView is PASSED

2019-01-11 16:38:23 - [MESSAGE][WARNING] - Timeout '0' is invalid. Using default page load timeout: '5'

2019-01-11 16:38:30 - [MESSAGE][WARNING] - Object Object Repository/CommonScreenElements/InfoPopUp_OKButton not found
[[ATTACHMENT|F:\\Git Projects\\PnG_Merchandising\\PnG_Merchandising\\Reports\\PnG Merchandising With Channel Wise Data Verification\\20190111_162651\\1547206708726.png]]

2019-01-11 16:38:30 - [MESSAGE][PASSED] - com.ct.qa.keywords.CommonKeywords.findPlanogramImageView is PASSED

2019-01-11 16:38:30 - [TEST_STEP][PASSED] - verifyElementExist(findTestObject("ShopOpen/RemainingMainCategories/PrimaryDisplay/DisplaySpaceAvailable/Validate_SubCategoriesScreen", ["package":PACKAGENAME]), 0): Element 'Object Repository/ShopOpen/RemainingMainCategories/PrimaryDisplay/DisplaySpaceAvailable/Validate_SubCategoriesScreen' is exist

2019-01-11 16:38:30 - [MESSAGE][WARNING] - Timeout '0' is invalid. Using default page load timeout: '5'

2019-01-11 16:38:31 - [MESSAGE][PASSED] - Element 'Object Repository/ShopOpen/RemainingMainCategories/PrimaryDisplay/DisplaySpaceAvailable/Validate_SubCategoriesScreen' is exist

2019-01-11 16:38:31 - [TEST_STEP][PASSED] - com.ct.qa.keywords.CommonKeywords.findPictureImageView(): com.ct.qa.keywords.CommonKeywords.findPictureImageView is PASSED

2019-01-11 16:38:34 - [MESSAGE][WARNING] - Timeout '0' is invalid. Using default page load timeout: '5'

2019-01-11 16:38:35 - [MESSAGE][PASSED] - Element 'Object Repository/CommonScreenElements/Validate_CameraScreen' is exist

2019-01-11 16:38:35 - [MESSAGE][WARNING] - Timeout '0' is invalid. Using default page load timeout: '5'

2019-01-11 16:38:38 - [MESSAGE][PASSED] - Tapped on element 'Object Repository/CommonScreenElements/TakePictureButton'

2019-01-11 16:38:43 - [MESSAGE][PASSED] - Delayed 5 second(s)

2019-01-11 16:38:43 - [MESSAGE][WARNING] - Timeout '0' is invalid. Using default page load timeout: '5'

2019-01-11 16:38:44 - [MESSAGE][PASSED] - Tapped on element 'Object Repository/CommonScreenElements/DoneButton'

2019-01-11 16:38:44 - [MESSAGE][PASSED] - com.ct.qa.keywords.CommonKeywords.findPictureImageView is PASSED

2019-01-11 16:38:44 - [TEST_STEP][PASSED] - verifyElementExist(findTestObject("ShopOpen/RemainingMainCategories/PrimaryDisplay/DisplaySpaceAvailable/Validate_SubCategoriesScreen", ["package":PACKAGENAME]), 0): Element 'Object Repository/ShopOpen/RemainingMainCategories/PrimaryDisplay/DisplaySpaceAvailable/Validate_SubCategoriesScreen' is exist

2019-01-11 16:38:44 - [MESSAGE][WARNING] - Timeout '0' is invalid. Using default page load timeout: '5'

2019-01-11 16:38:45 - [MESSAGE][PASSED] - Element 'Object Repository/ShopOpen/RemainingMainCategories/PrimaryDisplay/DisplaySpaceAvailable/Validate_SubCategoriesScreen' is exist

2019-01-11 16:38:45 - [TEST_STEP][PASSED] - com.ct.qa.keywords.CommonKeywords.findBackButtonImageView(): com.ct.qa.keywords.CommonKeywords.findBackButtonImageView is PASSED

2019-01-11 16:38:47 - [MESSAGE][PASSED] - com.ct.qa.keywords.CommonKeywords.findBackButtonImageView is PASSED

2019-01-11 16:38:47 - [TEST_STEP][PASSED] - verifyElementExist(findTestObject("ShopOpen/RemainingMainCategories/Validate_MainCategoryDetailActionScreen", ["package":PACKAGENAME]), 0): Element 'Object Repository/ShopOpen/RemainingMainCategories/Validate_MainCategoryDetailActionScreen' is exist

2019-01-11 16:38:47 - [MESSAGE][WARNING] - Timeout '0' is invalid. Using default page load timeout: '5'

2019-01-11 16:38:48 - [MESSAGE][PASSED] - Element 'Object Repository/ShopOpen/RemainingMainCategories/Validate_MainCategoryDetailActionScreen' is exist

2019-01-11 16:38:48 - [MESSAGE][PASSED] - Call Test Case 'Test Cases/ShopOpen/RemainingMainCategories/PrimaryDisplay/DisplaySpaceAvailable/VisitDSA' successfully

2019-01-11 16:38:48 - [MESSAGE][PASSED] - com.ct.qa.keywords.PrimaryDisplayKeywords.selectPrimaryDisplayRemark_ForDataVerfication is PASSED

2019-01-11 16:38:48 - [MESSAGE][PASSED] - Call Test Case 'Test Cases/ShopOpen/RemainingMainCategories/PrimaryDisplay/VisitPrimaryDisplayWith_DataVerification' successfully

2019-01-11 16:38:49 - [TEST_CASE][PASSED] - Test Cases/ShopOpen/RemainingMainCategories/SecondaryDisplay/SecondaryDisplay_VisitingScenarios/VisitSecondaryDisplayWith_DataVerification: Test Cases/ShopOpen/RemainingMainCategories/SecondaryDisplay/SecondaryDisplay_VisitingScenarios/VisitSecondaryDisplayWith_DataVerification

2019-01-11 16:38:50 - [TEST_STEP][PASSED] - verifyElementExist(findTestObject("ShopOpen/RemainingMainCategories/SecondaryDisplay/Validate_SecondaryDisplayRemarksScreen", ["package":PACKAGENAME]), 0): Element 'Object Repository/ShopOpen/RemainingMainCategories/SecondaryDisplay/Validate_SecondaryDisplayRemarksScreen' is exist

2019-01-11 16:38:50 - [MESSAGE][WARNING] - Timeout '0' is invalid. Using default page load timeout: '5'

2019-01-11 16:38:51 - [MESSAGE][PASSED] - Element 'Object Repository/ShopOpen/RemainingMainCategories/SecondaryDisplay/Validate_SecondaryDisplayRemarksScreen' is exist

2019-01-11 16:38:51 - [TEST_STEP][PASSED] - com.ct.qa.keywords.SecondaryDisplayKeywords.selectSecondaryDisplayRemark_WithDataVerification(): com.ct.qa.keywords.SecondaryDisplayKeywords.selectSecondaryDisplayRemark_WithDataVerification is PASSED

2019-01-11 16:38:52 - [TEST_CASE][PASSED] - Test Cases/ShopOpen/RemainingMainCategories/SecondaryDisplay/Available/VisitSecondaryDisplayAvailable: Test Cases/ShopOpen/RemainingMainCategories/SecondaryDisplay/Available/VisitSecondaryDisplayAvailable

2019-01-11 16:38:53 - [TEST_STEP][PASSED] - verifyElementText(findTestObject("ShopOpen/RemainingMainCategories/SecondaryDisplay/Available/Validate_UnitsScreen"), "Units"): Actual text and expected text of test object 'Object Repository/ShopOpen/RemainingMainCategories/SecondaryDisplay/Available/Validate_UnitsScreen' are matched.

2019-01-11 16:38:54 - [MESSAGE][PASSED] - Actual text and expected text of test object 'Object Repository/ShopOpen/RemainingMainCategories/SecondaryDisplay/Available/Validate_UnitsScreen' are matched.

2019-01-11 16:38:54 - [TEST_STEP][PASSED] - com.ct.qa.keywords.SecondaryDisplayKeywords.enterUnitsForSecondaryDisplay(): com.ct.qa.keywords.SecondaryDisplayKeywords.enterUnitsForSecondaryDisplay is PASSED

2019-01-11 16:38:56 - [MESSAGE][PASSED] - Keyboard is hidden

2019-01-11 16:38:58 - [MESSAGE][PASSED] - Keyboard is hidden

2019-01-11 16:38:58 - [MESSAGE][PASSED] - com.ct.qa.keywords.SecondaryDisplayKeywords.enterUnitsForSecondaryDisplay is PASSED

2019-01-11 16:38:58 - [TEST_STEP][PASSED] - tap(findTestObject("ShopOpen/RemainingMainCategories/SecondaryDisplay/Available/Units_SubmitButton", ["package":PACKAGENAME]), 0): Tapped on element 'Object Repository/ShopOpen/RemainingMainCategories/SecondaryDisplay/Available/Units_SubmitButton'

2019-01-11 16:38:58 - [MESSAGE][WARNING] - Timeout '0' is invalid. Using default page load timeout: '5'

2019-01-11 16:38:59 - [MESSAGE][PASSED] - Tapped on element 'Object Repository/ShopOpen/RemainingMainCategories/SecondaryDisplay/Available/Units_SubmitButton'

2019-01-11 16:38:59 - [TEST_STEP][PASSED] - verifyElementExist(findTestObject("ShopOpen/RemainingMainCategories/SecondaryDisplay/Available/Validate_UnitsListScreen", ["package":PACKAGENAME]), 0): Element 'Object Repository/ShopOpen/RemainingMainCategories/SecondaryDisplay/Available/Validate_UnitsListScreen' is exist

2019-01-11 16:38:59 - [MESSAGE][WARNING] - Timeout '0' is invalid. Using default page load timeout: '5'

2019-01-11 16:39:01 - [MESSAGE][PASSED] - Element 'Object Repository/ShopOpen/RemainingMainCategories/SecondaryDisplay/Available/Validate_UnitsListScreen' is exist

2019-01-11 16:39:01 - [TEST_STEP][PASSED] - com.ct.qa.keywords.SecondaryDisplayKeywords.visitSecondaryDisplayUnitsList(): com.ct.qa.keywords.SecondaryDisplayKeywords.visitSecondaryDisplayUnitsList is PASSED

2019-01-11 16:39:03 - [TEST_CASE][PASSED] - Test Cases/ShopOpen/RemainingMainCategories/SecondaryDisplay/Available/VisitAvailableWith_DisplayUnitNeedMaintenance: Test Cases/ShopOpen/RemainingMainCategories/SecondaryDisplay/Available/VisitAvailableWith_DisplayUnitNeedMaintenance

2019-01-11 16:39:03 - [TEST_STEP][PASSED] - verifyElementExist(findTestObject("CommonScreenElements/Validate_CameraScreen", ["package":PACKAGENAME]), 0): Element 'Object Repository/CommonScreenElements/Validate_CameraScreen' is exist

2019-01-11 16:39:03 - [MESSAGE][WARNING] - Timeout '0' is invalid. Using default page load timeout: '5'

2019-01-11 16:39:04 - [MESSAGE][PASSED] - Element 'Object Repository/CommonScreenElements/Validate_CameraScreen' is exist

2019-01-11 16:39:04 - [TEST_STEP][PASSED] - tap(findTestObject("CommonScreenElements/TakePictureButton", ["package":PACKAGENAME]), 0): Tapped on element 'Object Repository/CommonScreenElements/TakePictureButton'

2019-01-11 16:39:04 - [MESSAGE][WARNING] - Timeout '0' is invalid. Using default page load timeout: '5'

2019-01-11 16:39:07 - [MESSAGE][PASSED] - Tapped on element 'Object Repository/CommonScreenElements/TakePictureButton'

2019-01-11 16:39:07 - [TEST_STEP][PASSED] - delay(5, STOP_ON_FAILURE): Delayed 5 second(s)

2019-01-11 16:39:12 - [MESSAGE][PASSED] - Delayed 5 second(s)

2019-01-11 16:39:12 - [TEST_STEP][PASSED] - tap(findTestObject("CommonScreenElements/DoneButton", ["package":PACKAGENAME]), 0): Tapped on element 'Object Repository/CommonScreenElements/DoneButton'

2019-01-11 16:39:12 - [MESSAGE][WARNING] - Timeout '0' is invalid. Using default page load timeout: '5'

2019-01-11 16:39:13 - [MESSAGE][PASSED] - Tapped on element 'Object Repository/CommonScreenElements/DoneButton'

2019-01-11 16:39:13 - [TEST_STEP][PASSED] - verifyElementExist(findTestObject("ShopOpen/RemainingMainCategories/SecondaryDisplay/Available/Validate_AvailableRemarksScreen", ["package":PACKAGENAME]), 0): Element 'Object Repository/ShopOpen/RemainingMainCategories/SecondaryDisplay/Available/Validate_AvailableRemarksScreen' is exist

2019-01-11 16:39:13 - [MESSAGE][WARNING] - Timeout '0' is invalid. Using default page load timeout: '5'

2019-01-11 16:39:15 - [MESSAGE][PASSED] - Element 'Object Repository/ShopOpen/RemainingMainCategories/SecondaryDisplay/Available/Validate_AvailableRemarksScreen' is exist

2019-01-11 16:39:15 - [TEST_STEP][PASSED] - com.ct.qa.keywords.SecondaryDisplayKeywords.selectSecondaryDisplay_AvailableRemark("Display Unit Need Maintenance", 1): com.ct.qa.keywords.SecondaryDisplayKeywords.selectSecondaryDisplay_AvailableRemark is PASSED

2019-01-11 16:39:16 - [MESSAGE][WARNING] - Timeout '0' is invalid. Using default page load timeout: '5'

2019-01-11 16:39:18 - [MESSAGE][PASSED] - Element 'Object Repository/ShopOpen/RemainingMainCategories/SecondaryDisplay/Available/Validate_SecondaryDisplay_available_remarksScreen' is exist

2019-01-11 16:39:18 - [MESSAGE][PASSED] - com.ct.qa.keywords.SecondaryDisplayKeywords.selectSecondaryDisplay_AvailableRemark is PASSED

2019-01-11 16:39:18 - [TEST_STEP][PASSED] - tap(findTestObject("ShopOpen/RemainingMainCategories/SecondaryDisplay/Available/DUNM_CategoryRemarks_BackButton", ["package":PACKAGENAME]), 0): Tapped on element 'Object Repository/ShopOpen/RemainingMainCategories/SecondaryDisplay/Available/DUNM_CategoryRemarks_BackButton'

2019-01-11 16:39:18 - [MESSAGE][WARNING] - Timeout '0' is invalid. Using default page load timeout: '5'

2019-01-11 16:39:19 - [MESSAGE][PASSED] - Tapped on element 'Object Repository/ShopOpen/RemainingMainCategories/SecondaryDisplay/Available/DUNM_CategoryRemarks_BackButton'

2019-01-11 16:39:19 - [TEST_STEP][PASSED] - verifyElementExist(findTestObject("ShopOpen/RemainingMainCategories/SecondaryDisplay/Available/Validate_AvailableRemarksScreen", ["package":PACKAGENAME]), 0): Element 'Object Repository/ShopOpen/RemainingMainCategories/SecondaryDisplay/Available/Validate_AvailableRemarksScreen' is exist

2019-01-11 16:39:19 - [MESSAGE][WARNING] - Timeout '0' is invalid. Using default page load timeout: '5'

2019-01-11 16:39:20 - [MESSAGE][PASSED] - Element 'Object Repository/ShopOpen/RemainingMainCategories/SecondaryDisplay/Available/Validate_AvailableRemarksScreen' is exist

2019-01-11 16:39:20 - [TEST_STEP][PASSED] - tap(findTestObject("ShopOpen/RemainingMainCategories/SecondaryDisplay/Available/AvailableRemarks_BackButton", ["package":PACKAGENAME]), 0): Tapped on element 'Object Repository/ShopOpen/RemainingMainCategories/SecondaryDisplay/Available/AvailableRemarks_BackButton'

2019-01-11 16:39:20 - [MESSAGE][WARNING] - Timeout '0' is invalid. Using default page load timeout: '5'

2019-01-11 16:39:21 - [MESSAGE][PASSED] - Tapped on element 'Object Repository/ShopOpen/RemainingMainCategories/SecondaryDisplay/Available/AvailableRemarks_BackButton'

2019-01-11 16:39:21 - [TEST_STEP][PASSED] - verifyElementText(findTestObject("ShopOpen/RemainingMainCategories/SecondaryDisplay/Available/Validate_UtilizationPopUpScreen", ["package":PACKAGENAME]), "Utilization"): Actual text and expected text of test object 'Object Repository/ShopOpen/RemainingMainCategories/SecondaryDisplay/Available/Validate_UtilizationPopUpScreen' are matched.

2019-01-11 16:39:22 - [MESSAGE][PASSED] - Actual text and expected text of test object 'Object Repository/ShopOpen/RemainingMainCategories/SecondaryDisplay/Available/Validate_UtilizationPopUpScreen' are matched.

2019-01-11 16:39:22 - [TEST_STEP][PASSED] - com.ct.qa.keywords.SecondaryDisplayKeywords.enterUtilizationForSecondaryDisplay(1): com.ct.qa.keywords.SecondaryDisplayKeywords.enterUtilizationForSecondaryDisplay is PASSED

2019-01-11 16:39:27 - [MESSAGE][PASSED] - com.ct.qa.keywords.SecondaryDisplayKeywords.enterUtilizationForSecondaryDisplay is PASSED

2019-01-11 16:39:27 - [TEST_STEP][PASSED] - hideKeyboard(): Keyboard is hidden

2019-01-11 16:39:28 - [MESSAGE][PASSED] - Keyboard is hidden

2019-01-11 16:39:28 - [TEST_STEP][PASSED] - tap(findTestObject("ShopOpen/RemainingMainCategories/SecondaryDisplay/Available/Utilization_SubmitButton", ["package":PACKAGENAME]), 0, STOP_ON_FAILURE): Tapped on element 'Object Repository/ShopOpen/RemainingMainCategories/SecondaryDisplay/Available/Utilization_SubmitButton'

2019-01-11 16:39:28 - [MESSAGE][WARNING] - Timeout '0' is invalid. Using default page load timeout: '5'

2019-01-11 16:39:29 - [MESSAGE][PASSED] - Tapped on element 'Object Repository/ShopOpen/RemainingMainCategories/SecondaryDisplay/Available/Utilization_SubmitButton'

2019-01-11 16:39:29 - [TEST_STEP][PASSED] - verifyElementExist(findTestObject("ShopOpen/RemainingMainCategories/SecondaryDisplay/Available/Validate_UnitsListScreen", ["package":PACKAGENAME]), 0): Element 'Object Repository/ShopOpen/RemainingMainCategories/SecondaryDisplay/Available/Validate_UnitsListScreen' is exist

2019-01-11 16:39:29 - [MESSAGE][WARNING] - Timeout '0' is invalid. Using default page load timeout: '5'

2019-01-11 16:39:29 - [MESSAGE][PASSED] - Element 'Object Repository/ShopOpen/RemainingMainCategories/SecondaryDisplay/Available/Validate_UnitsListScreen' is exist

2019-01-11 16:39:29 - [MESSAGE][PASSED] - Call Test Case 'Test Cases/ShopOpen/RemainingMainCategories/SecondaryDisplay/Available/VisitAvailableWith_DisplayUnitNeedMaintenance' successfully

2019-01-11 16:39:31 - [TEST_CASE][PASSED] - Test Cases/ShopOpen/RemainingMainCategories/SecondaryDisplay/Available/VisitAvailableWith_SKDNA: Test Cases/ShopOpen/RemainingMainCategories/SecondaryDisplay/Available/VisitAvailableWith_SKDNA

2019-01-11 16:39:32 - [TEST_STEP][PASSED] - verifyElementExist(findTestObject("CommonScreenElements/Validate_CameraScreen", ["package":PACKAGENAME]), 0): Element 'Object Repository/CommonScreenElements/Validate_CameraScreen' is exist

2019-01-11 16:39:32 - [MESSAGE][WARNING] - Timeout '0' is invalid. Using default page load timeout: '5'

2019-01-11 16:39:32 - [MESSAGE][PASSED] - Element 'Object Repository/CommonScreenElements/Validate_CameraScreen' is exist

2019-01-11 16:39:32 - [TEST_STEP][PASSED] - tap(findTestObject("CommonScreenElements/TakePictureButton", ["package":PACKAGENAME]), 0): Tapped on element 'Object Repository/CommonScreenElements/TakePictureButton'

2019-01-11 16:39:32 - [MESSAGE][WARNING] - Timeout '0' is invalid. Using default page load timeout: '5'

2019-01-11 16:39:36 - [MESSAGE][PASSED] - Tapped on element 'Object Repository/CommonScreenElements/TakePictureButton'

2019-01-11 16:39:36 - [TEST_STEP][PASSED] - delay(5, STOP_ON_FAILURE): Delayed 5 second(s)

2019-01-11 16:39:41 - [MESSAGE][PASSED] - Delayed 5 second(s)

2019-01-11 16:39:41 - [TEST_STEP][PASSED] - tap(findTestObject("CommonScreenElements/DoneButton", ["package":PACKAGENAME]), 0): Tapped on element 'Object Repository/CommonScreenElements/DoneButton'

2019-01-11 16:39:41 - [MESSAGE][WARNING] - Timeout '0' is invalid. Using default page load timeout: '5'

2019-01-11 16:39:42 - [MESSAGE][PASSED] - Tapped on element 'Object Repository/CommonScreenElements/DoneButton'

2019-01-11 16:39:42 - [TEST_STEP][PASSED] - verifyElementExist(findTestObject("ShopOpen/RemainingMainCategories/SecondaryDisplay/Available/Validate_AvailableRemarksScreen", ["package":PACKAGENAME]), 0): Element 'Object Repository/ShopOpen/RemainingMainCategories/SecondaryDisplay/Available/Validate_AvailableRemarksScreen' is exist

2019-01-11 16:39:42 - [MESSAGE][WARNING] - Timeout '0' is invalid. Using default page load timeout: '5'

2019-01-11 16:39:44 - [MESSAGE][PASSED] - Element 'Object Repository/ShopOpen/RemainingMainCategories/SecondaryDisplay/Available/Validate_AvailableRemarksScreen' is exist

2019-01-11 16:39:44 - [TEST_STEP][PASSED] - com.ct.qa.keywords.SecondaryDisplayKeywords.selectSecondaryDisplay_AvailableRemark("Shopkeeper did not allow", 1): com.ct.qa.keywords.SecondaryDisplayKeywords.selectSecondaryDisplay_AvailableRemark is PASSED

2019-01-11 16:39:45 - [MESSAGE][WARNING] - Timeout '0' is invalid. Using default page load timeout: '5'

2019-01-11 16:39:47 - [MESSAGE][PASSED] - Element 'Object Repository/ShopOpen/RemainingMainCategories/SecondaryDisplay/Available/Validate_SecondaryDisplay_available_remarksScreen' is exist

2019-01-11 16:39:48 - [MESSAGE][PASSED] - com.ct.qa.keywords.SecondaryDisplayKeywords.selectSecondaryDisplay_AvailableRemark is PASSED

2019-01-11 16:39:48 - [TEST_STEP][PASSED] - tap(findTestObject("ShopOpen/RemainingMainCategories/SecondaryDisplay/Available/SKDNA_CategoryRemark_BackButton", ["package":PACKAGENAME]), 0): Tapped on element 'Object Repository/ShopOpen/RemainingMainCategories/SecondaryDisplay/Available/SKDNA_CategoryRemark_BackButton'

2019-01-11 16:39:48 - [MESSAGE][WARNING] - Timeout '0' is invalid. Using default page load timeout: '5'

2019-01-11 16:39:49 - [MESSAGE][PASSED] - Tapped on element 'Object Repository/ShopOpen/RemainingMainCategories/SecondaryDisplay/Available/SKDNA_CategoryRemark_BackButton'

2019-01-11 16:39:49 - [TEST_STEP][PASSED] - verifyElementExist(findTestObject("ShopOpen/RemainingMainCategories/SecondaryDisplay/Available/Validate_AvailableRemarksScreen", ["package":PACKAGENAME]), 0): Element 'Object Repository/ShopOpen/RemainingMainCategories/SecondaryDisplay/Available/Validate_AvailableRemarksScreen' is exist

2019-01-11 16:39:49 - [MESSAGE][WARNING] - Timeout '0' is invalid. Using default page load timeout: '5'

2019-01-11 16:39:50 - [MESSAGE][PASSED] - Element 'Object Repository/ShopOpen/RemainingMainCategories/SecondaryDisplay/Available/Validate_AvailableRemarksScreen' is exist

2019-01-11 16:39:50 - [TEST_STEP][PASSED] - tap(findTestObject("ShopOpen/RemainingMainCategories/SecondaryDisplay/Available/AvailableRemarks_BackButton", ["package":PACKAGENAME]), 0): Tapped on element 'Object Repository/ShopOpen/RemainingMainCategories/SecondaryDisplay/Available/AvailableRemarks_BackButton'

2019-01-11 16:39:50 - [MESSAGE][WARNING] - Timeout '0' is invalid. Using default page load timeout: '5'

2019-01-11 16:39:50 - [MESSAGE][PASSED] - Tapped on element 'Object Repository/ShopOpen/RemainingMainCategories/SecondaryDisplay/Available/AvailableRemarks_BackButton'

2019-01-11 16:39:50 - [TEST_STEP][PASSED] - verifyElementText(findTestObject("ShopOpen/RemainingMainCategories/SecondaryDisplay/Available/Validate_UtilizationPopUpScreen", ["package":PACKAGENAME]), "Utilization"): Actual text and expected text of test object 'Object Repository/ShopOpen/RemainingMainCategories/SecondaryDisplay/Available/Validate_UtilizationPopUpScreen' are matched.

2019-01-11 16:39:52 - [MESSAGE][PASSED] - Actual text and expected text of test object 'Object Repository/ShopOpen/RemainingMainCategories/SecondaryDisplay/Available/Validate_UtilizationPopUpScreen' are matched.

2019-01-11 16:39:52 - [TEST_STEP][PASSED] - com.ct.qa.keywords.SecondaryDisplayKeywords.enterUtilizationForSecondaryDisplay(1): com.ct.qa.keywords.SecondaryDisplayKeywords.enterUtilizationForSecondaryDisplay is PASSED

2019-01-11 16:39:56 - [MESSAGE][PASSED] - com.ct.qa.keywords.SecondaryDisplayKeywords.enterUtilizationForSecondaryDisplay is PASSED

2019-01-11 16:39:56 - [TEST_STEP][PASSED] - hideKeyboard(): Keyboard is hidden

2019-01-11 16:39:57 - [MESSAGE][PASSED] - Keyboard is hidden

2019-01-11 16:39:57 - [TEST_STEP][PASSED] - tap(findTestObject("ShopOpen/RemainingMainCategories/SecondaryDisplay/Available/Utilization_SubmitButton", ["package":PACKAGENAME]), 0, STOP_ON_FAILURE): Tapped on element 'Object Repository/ShopOpen/RemainingMainCategories/SecondaryDisplay/Available/Utilization_SubmitButton'

2019-01-11 16:39:57 - [MESSAGE][WARNING] - Timeout '0' is invalid. Using default page load timeout: '5'

2019-01-11 16:39:58 - [MESSAGE][PASSED] - Tapped on element 'Object Repository/ShopOpen/RemainingMainCategories/SecondaryDisplay/Available/Utilization_SubmitButton'

2019-01-11 16:39:58 - [TEST_STEP][PASSED] - verifyElementExist(findTestObject("ShopOpen/RemainingMainCategories/SecondaryDisplay/Available/Validate_UnitsListScreen", ["package":PACKAGENAME]), 0): Element 'Object Repository/ShopOpen/RemainingMainCategories/SecondaryDisplay/Available/Validate_UnitsListScreen' is exist

2019-01-11 16:39:58 - [MESSAGE][WARNING] - Timeout '0' is invalid. Using default page load timeout: '5'

2019-01-11 16:39:59 - [MESSAGE][PASSED] - Element 'Object Repository/ShopOpen/RemainingMainCategories/SecondaryDisplay/Available/Validate_UnitsListScreen' is exist

2019-01-11 16:39:59 - [MESSAGE][PASSED] - Call Test Case 'Test Cases/ShopOpen/RemainingMainCategories/SecondaryDisplay/Available/VisitAvailableWith_SKDNA' successfully

2019-01-11 16:40:01 - [TEST_CASE][PASSED] - Test Cases/ShopOpen/RemainingMainCategories/SecondaryDisplay/Available/VisitAvailableWith_SKDNA: Test Cases/ShopOpen/RemainingMainCategories/SecondaryDisplay/Available/VisitAvailableWith_SKDNA

2019-01-11 16:40:01 - [TEST_STEP][PASSED] - verifyElementExist(findTestObject("CommonScreenElements/Validate_CameraScreen", ["package":PACKAGENAME]), 0): Element 'Object Repository/CommonScreenElements/Validate_CameraScreen' is exist

2019-01-11 16:40:01 - [MESSAGE][WARNING] - Timeout '0' is invalid. Using default page load timeout: '5'

2019-01-11 16:40:01 - [MESSAGE][PASSED] - Element 'Object Repository/CommonScreenElements/Validate_CameraScreen' is exist

2019-01-11 16:40:01 - [TEST_STEP][PASSED] - tap(findTestObject("CommonScreenElements/TakePictureButton", ["package":PACKAGENAME]), 0): Tapped on element 'Object Repository/CommonScreenElements/TakePictureButton'

2019-01-11 16:40:01 - [MESSAGE][WARNING] - Timeout '0' is invalid. Using default page load timeout: '5'

2019-01-11 16:40:05 - [MESSAGE][PASSED] - Tapped on element 'Object Repository/CommonScreenElements/TakePictureButton'

2019-01-11 16:40:05 - [TEST_STEP][PASSED] - delay(5, STOP_ON_FAILURE): Delayed 5 second(s)

2019-01-11 16:40:10 - [MESSAGE][PASSED] - Delayed 5 second(s)

2019-01-11 16:40:10 - [TEST_STEP][PASSED] - tap(findTestObject("CommonScreenElements/DoneButton", ["package":PACKAGENAME]), 0): Tapped on element 'Object Repository/CommonScreenElements/DoneButton'

2019-01-11 16:40:10 - [MESSAGE][WARNING] - Timeout '0' is invalid. Using default page load timeout: '5'

2019-01-11 16:40:10 - [MESSAGE][PASSED] - Tapped on element 'Object Repository/CommonScreenElements/DoneButton'

2019-01-11 16:40:10 - [TEST_STEP][PASSED] - verifyElementExist(findTestObject("ShopOpen/RemainingMainCategories/SecondaryDisplay/Available/Validate_AvailableRemarksScreen", ["package":PACKAGENAME]), 0): Element 'Object Repository/ShopOpen/RemainingMainCategories/SecondaryDisplay/Available/Validate_AvailableRemarksScreen' is exist

2019-01-11 16:40:10 - [MESSAGE][WARNING] - Timeout '0' is invalid. Using default page load timeout: '5'

2019-01-11 16:40:13 - [MESSAGE][PASSED] - Element 'Object Repository/ShopOpen/RemainingMainCategories/SecondaryDisplay/Available/Validate_AvailableRemarksScreen' is exist

2019-01-11 16:40:13 - [TEST_STEP][PASSED] - com.ct.qa.keywords.SecondaryDisplayKeywords.selectSecondaryDisplay_AvailableRemark("Shopkeeper did not allow", 1): com.ct.qa.keywords.SecondaryDisplayKeywords.selectSecondaryDisplay_AvailableRemark is PASSED

2019-01-11 16:40:15 - [MESSAGE][WARNING] - Timeout '0' is invalid. Using default page load timeout: '5'

2019-01-11 16:40:17 - [MESSAGE][PASSED] - Element 'Object Repository/ShopOpen/RemainingMainCategories/SecondaryDisplay/Available/Validate_SecondaryDisplay_available_remarksScreen' is exist

2019-01-11 16:40:17 - [MESSAGE][PASSED] - com.ct.qa.keywords.SecondaryDisplayKeywords.selectSecondaryDisplay_AvailableRemark is PASSED

2019-01-11 16:40:17 - [TEST_STEP][PASSED] - tap(findTestObject("ShopOpen/RemainingMainCategories/SecondaryDisplay/Available/SKDNA_CategoryRemark_BackButton", ["package":PACKAGENAME]), 0): Tapped on element 'Object Repository/ShopOpen/RemainingMainCategories/SecondaryDisplay/Available/SKDNA_CategoryRemark_BackButton'

2019-01-11 16:40:17 - [MESSAGE][WARNING] - Timeout '0' is invalid. Using default page load timeout: '5'

2019-01-11 16:40:18 - [MESSAGE][PASSED] - Tapped on element 'Object Repository/ShopOpen/RemainingMainCategories/SecondaryDisplay/Available/SKDNA_CategoryRemark_BackButton'

2019-01-11 16:40:18 - [TEST_STEP][PASSED] - verifyElementExist(findTestObject("ShopOpen/RemainingMainCategories/SecondaryDisplay/Available/Validate_AvailableRemarksScreen", ["package":PACKAGENAME]), 0): Element 'Object Repository/ShopOpen/RemainingMainCategories/SecondaryDisplay/Available/Validate_AvailableRemarksScreen' is exist

2019-01-11 16:40:18 - [MESSAGE][WARNING] - Timeout '0' is invalid. Using default page load timeout: '5'

2019-01-11 16:40:19 - [MESSAGE][PASSED] - Element 'Object Repository/ShopOpen/RemainingMainCategories/SecondaryDisplay/Available/Validate_AvailableRemarksScreen' is exist

2019-01-11 16:40:19 - [TEST_STEP][PASSED] - tap(findTestObject("ShopOpen/RemainingMainCategories/SecondaryDisplay/Available/AvailableRemarks_BackButton", ["package":PACKAGENAME]), 0): Tapped on element 'Object Repository/ShopOpen/RemainingMainCategories/SecondaryDisplay/Available/AvailableRemarks_BackButton'

2019-01-11 16:40:19 - [MESSAGE][WARNING] - Timeout '0' is invalid. Using default page load timeout: '5'

2019-01-11 16:40:19 - [MESSAGE][PASSED] - Tapped on element 'Object Repository/ShopOpen/RemainingMainCategories/SecondaryDisplay/Available/AvailableRemarks_BackButton'

2019-01-11 16:40:19 - [TEST_STEP][PASSED] - verifyElementText(findTestObject("ShopOpen/RemainingMainCategories/SecondaryDisplay/Available/Validate_UtilizationPopUpScreen", ["package":PACKAGENAME]), "Utilization"): Actual text and expected text of test object 'Object Repository/ShopOpen/RemainingMainCategories/SecondaryDisplay/Available/Validate_UtilizationPopUpScreen' are matched.

2019-01-11 16:40:21 - [MESSAGE][PASSED] - Actual text and expected text of test object 'Object Repository/ShopOpen/RemainingMainCategories/SecondaryDisplay/Available/Validate_UtilizationPopUpScreen' are matched.

2019-01-11 16:40:21 - [TEST_STEP][PASSED] - com.ct.qa.keywords.SecondaryDisplayKeywords.enterUtilizationForSecondaryDisplay(1): com.ct.qa.keywords.SecondaryDisplayKeywords.enterUtilizationForSecondaryDisplay is PASSED

2019-01-11 16:40:25 - [MESSAGE][PASSED] - com.ct.qa.keywords.SecondaryDisplayKeywords.enterUtilizationForSecondaryDisplay is PASSED

2019-01-11 16:40:25 - [TEST_STEP][PASSED] - hideKeyboard(): Keyboard is hidden

2019-01-11 16:40:26 - [MESSAGE][PASSED] - Keyboard is hidden

2019-01-11 16:40:26 - [TEST_STEP][PASSED] - tap(findTestObject("ShopOpen/RemainingMainCategories/SecondaryDisplay/Available/Utilization_SubmitButton", ["package":PACKAGENAME]), 0, STOP_ON_FAILURE): Tapped on element 'Object Repository/ShopOpen/RemainingMainCategories/SecondaryDisplay/Available/Utilization_SubmitButton'

2019-01-11 16:40:26 - [MESSAGE][WARNING] - Timeout '0' is invalid. Using default page load timeout: '5'

2019-01-11 16:40:27 - [MESSAGE][PASSED] - Tapped on element 'Object Repository/ShopOpen/RemainingMainCategories/SecondaryDisplay/Available/Utilization_SubmitButton'

2019-01-11 16:40:27 - [TEST_STEP][PASSED] - verifyElementExist(findTestObject("ShopOpen/RemainingMainCategories/SecondaryDisplay/Available/Validate_UnitsListScreen", ["package":PACKAGENAME]), 0): Element 'Object Repository/ShopOpen/RemainingMainCategories/SecondaryDisplay/Available/Validate_UnitsListScreen' is exist

2019-01-11 16:40:27 - [MESSAGE][WARNING] - Timeout '0' is invalid. Using default page load timeout: '5'

2019-01-11 16:40:28 - [MESSAGE][PASSED] - Element 'Object Repository/ShopOpen/RemainingMainCategories/SecondaryDisplay/Available/Validate_UnitsListScreen' is exist

2019-01-11 16:40:28 - [MESSAGE][PASSED] - Call Test Case 'Test Cases/ShopOpen/RemainingMainCategories/SecondaryDisplay/Available/VisitAvailableWith_SKDNA' successfully

2019-01-11 16:40:28 - [TEST_CASE][PASSED] - Test Cases/ShopOpen/RemainingMainCategories/SecondaryDisplay/Available/VisitAvailable_WithDisplayUnitIsInPerfectCondition: Test Cases/ShopOpen/RemainingMainCategories/SecondaryDisplay/Available/VisitAvailable_WithDisplayUnitIsInPerfectCondition

2019-01-11 16:40:29 - [TEST_STEP][PASSED] - verifyElementExist(findTestObject("CommonScreenElements/Validate_CameraScreen", ["package":PACKAGENAME]), 0): Element 'Object Repository/CommonScreenElements/Validate_CameraScreen' is exist

2019-01-11 16:40:29 - [MESSAGE][WARNING] - Timeout '0' is invalid. Using default page load timeout: '5'

2019-01-11 16:40:30 - [MESSAGE][PASSED] - Element 'Object Repository/CommonScreenElements/Validate_CameraScreen' is exist

2019-01-11 16:40:30 - [TEST_STEP][PASSED] - tap(findTestObject("CommonScreenElements/TakePictureButton", ["package":PACKAGENAME]), 0): Tapped on element 'Object Repository/CommonScreenElements/TakePictureButton'

2019-01-11 16:40:30 - [MESSAGE][WARNING] - Timeout '0' is invalid. Using default page load timeout: '5'

2019-01-11 16:40:34 - [MESSAGE][PASSED] - Tapped on element 'Object Repository/CommonScreenElements/TakePictureButton'

2019-01-11 16:40:34 - [TEST_STEP][PASSED] - delay(5, STOP_ON_FAILURE): Delayed 5 second(s)

2019-01-11 16:40:39 - [MESSAGE][PASSED] - Delayed 5 second(s)

2019-01-11 16:40:39 - [TEST_STEP][PASSED] - tap(findTestObject("CommonScreenElements/DoneButton", ["package":PACKAGENAME]), 0): Tapped on element 'Object Repository/CommonScreenElements/DoneButton'

2019-01-11 16:40:39 - [MESSAGE][WARNING] - Timeout '0' is invalid. Using default page load timeout: '5'

2019-01-11 16:40:39 - [MESSAGE][PASSED] - Tapped on element 'Object Repository/CommonScreenElements/DoneButton'

2019-01-11 16:40:39 - [TEST_STEP][PASSED] - verifyElementExist(findTestObject("ShopOpen/RemainingMainCategories/SecondaryDisplay/Available/Validate_AvailableRemarksScreen", ["package":PACKAGENAME]), 0): Element 'Object Repository/ShopOpen/RemainingMainCategories/SecondaryDisplay/Available/Validate_AvailableRemarksScreen' is exist

2019-01-11 16:40:39 - [MESSAGE][WARNING] - Timeout '0' is invalid. Using default page load timeout: '5'

2019-01-11 16:40:42 - [MESSAGE][PASSED] - Element 'Object Repository/ShopOpen/RemainingMainCategories/SecondaryDisplay/Available/Validate_AvailableRemarksScreen' is exist

2019-01-11 16:40:42 - [TEST_STEP][PASSED] - com.ct.qa.keywords.SecondaryDisplayKeywords.selectSecondaryDisplay_AvailableRemark("Display Unit is in perfect condition", 0): com.ct.qa.keywords.SecondaryDisplayKeywords.selectSecondaryDisplay_AvailableRemark is PASSED

2019-01-11 16:40:43 - [MESSAGE][PASSED] - com.ct.qa.keywords.SecondaryDisplayKeywords.selectSecondaryDisplay_AvailableRemark is PASSED

2019-01-11 16:40:43 - [TEST_STEP][PASSED] - verifyElementText(findTestObject("ShopOpen/RemainingMainCategories/SecondaryDisplay/Available/Validate_UtilizationPopUpScreen", ["package":PACKAGENAME]), "Utilization"): Actual text and expected text of test object 'Object Repository/ShopOpen/RemainingMainCategories/SecondaryDisplay/Available/Validate_UtilizationPopUpScreen' are matched.

2019-01-11 16:40:44 - [MESSAGE][PASSED] - Actual text and expected text of test object 'Object Repository/ShopOpen/RemainingMainCategories/SecondaryDisplay/Available/Validate_UtilizationPopUpScreen' are matched.

2019-01-11 16:40:44 - [TEST_STEP][PASSED] - com.ct.qa.keywords.SecondaryDisplayKeywords.enterUtilizationForSecondaryDisplay(1): com.ct.qa.keywords.SecondaryDisplayKeywords.enterUtilizationForSecondaryDisplay is PASSED

2019-01-11 16:40:49 - [MESSAGE][PASSED] - com.ct.qa.keywords.SecondaryDisplayKeywords.enterUtilizationForSecondaryDisplay is PASSED

2019-01-11 16:40:49 - [TEST_STEP][PASSED] - hideKeyboard(): Keyboard is hidden

2019-01-11 16:40:50 - [MESSAGE][PASSED] - Keyboard is hidden

2019-01-11 16:40:50 - [TEST_STEP][PASSED] - tap(findTestObject("ShopOpen/RemainingMainCategories/SecondaryDisplay/Available/Utilization_SubmitButton", ["package":PACKAGENAME]), 0, STOP_ON_FAILURE): Tapped on element 'Object Repository/ShopOpen/RemainingMainCategories/SecondaryDisplay/Available/Utilization_SubmitButton'

2019-01-11 16:40:50 - [MESSAGE][WARNING] - Timeout '0' is invalid. Using default page load timeout: '5'

2019-01-11 16:40:51 - [MESSAGE][PASSED] - Tapped on element 'Object Repository/ShopOpen/RemainingMainCategories/SecondaryDisplay/Available/Utilization_SubmitButton'

2019-01-11 16:40:51 - [TEST_STEP][PASSED] - verifyElementExist(findTestObject("ShopOpen/RemainingMainCategories/SecondaryDisplay/Available/Validate_UnitsListScreen", ["package":PACKAGENAME]), 0): Element 'Object Repository/ShopOpen/RemainingMainCategories/SecondaryDisplay/Available/Validate_UnitsListScreen' is exist

2019-01-11 16:40:51 - [MESSAGE][WARNING] - Timeout '0' is invalid. Using default page load timeout: '5'

2019-01-11 16:40:51 - [MESSAGE][PASSED] - Element 'Object Repository/ShopOpen/RemainingMainCategories/SecondaryDisplay/Available/Validate_UnitsListScreen' is exist

2019-01-11 16:40:51 - [MESSAGE][PASSED] - Call Test Case 'Test Cases/ShopOpen/RemainingMainCategories/SecondaryDisplay/Available/VisitAvailable_WithDisplayUnitIsInPerfectCondition' successfully

2019-01-11 16:40:51 - [MESSAGE][PASSED] - com.ct.qa.keywords.SecondaryDisplayKeywords.visitSecondaryDisplayUnitsList is PASSED

2019-01-11 16:40:51 - [TEST_STEP][PASSED] - tap(findTestObject("ShopOpen/RemainingMainCategories/SecondaryDisplay/Available/UnitsList_BackButton"), 0): Tapped on element 'Object Repository/ShopOpen/RemainingMainCategories/SecondaryDisplay/Available/UnitsList_BackButton'

2019-01-11 16:40:51 - [MESSAGE][WARNING] - Timeout '0' is invalid. Using default page load timeout: '5'

2019-01-11 16:40:52 - [MESSAGE][PASSED] - Tapped on element 'Object Repository/ShopOpen/RemainingMainCategories/SecondaryDisplay/Available/UnitsList_BackButton'

2019-01-11 16:40:52 - [TEST_STEP][PASSED] - verifyElementExist(findTestObject("ShopOpen/RemainingMainCategories/Validate_MainCategoryDetailActionScreen", ["package":PACKAGENAME]), 0): Element 'Object Repository/ShopOpen/RemainingMainCategories/Validate_MainCategoryDetailActionScreen' is exist

2019-01-11 16:40:52 - [MESSAGE][WARNING] - Timeout '0' is invalid. Using default page load timeout: '5'

2019-01-11 16:40:53 - [MESSAGE][PASSED] - Element 'Object Repository/ShopOpen/RemainingMainCategories/Validate_MainCategoryDetailActionScreen' is exist

2019-01-11 16:40:53 - [MESSAGE][PASSED] - Call Test Case 'Test Cases/ShopOpen/RemainingMainCategories/SecondaryDisplay/Available/VisitSecondaryDisplayAvailable' successfully

2019-01-11 16:40:53 - [MESSAGE][PASSED] - com.ct.qa.keywords.SecondaryDisplayKeywords.selectSecondaryDisplayRemark_WithDataVerification is PASSED

2019-01-11 16:40:53 - [MESSAGE][PASSED] - Call Test Case 'Test Cases/ShopOpen/RemainingMainCategories/SecondaryDisplay/SecondaryDisplay_VisitingScenarios/VisitSecondaryDisplayWith_DataVerification' successfully

2019-01-11 16:40:53 - [MESSAGE][PASSED] - com.ct.qa.keywords.RemainingMainCategoryRemarksVisitingScenariosKeywords.visitRemarksWith_DataVerification is PASSED

2019-01-11 16:40:53 - [TEST_STEP][PASSED] - tap(findTestObject("ShopOpen/RemainingMainCategories/BackButton", ["package":PACKAGENAME]), 0): Tapped on element 'Object Repository/ShopOpen/RemainingMainCategories/BackButton'

2019-01-11 16:40:53 - [MESSAGE][WARNING] - Timeout '0' is invalid. Using default page load timeout: '5'

2019-01-11 16:40:53 - [MESSAGE][PASSED] - Tapped on element 'Object Repository/ShopOpen/RemainingMainCategories/BackButton'

2019-01-11 16:40:53 - [TEST_STEP][PASSED] - verifyElementExist(findTestObject("ShopOpen/Validate_ShopCategoriesListScreen", ["package":PACKAGENAME]), 0): Element 'Object Repository/ShopOpen/Validate_ShopCategoriesListScreen' is exist

2019-01-11 16:40:53 - [MESSAGE][WARNING] - Timeout '0' is invalid. Using default page load timeout: '5'

2019-01-11 16:40:56 - [MESSAGE][PASSED] - Element 'Object Repository/ShopOpen/Validate_ShopCategoriesListScreen' is exist

2019-01-11 16:40:56 - [MESSAGE][PASSED] - Call Test Case 'Test Cases/ShopOpen/RemainingMainCategories/MainCategoryRemarksVisitingScenarios/VisitRemarksWith_DataVerification' successfully

2019-01-11 16:40:56 - [TEST_CASE][PASSED] - Test Cases/ShopOpen/RemainingMainCategories/MainCategoryRemarksVisitingScenarios/VisitRemarksWith_DataVerification: Test Cases/ShopOpen/RemainingMainCategories/MainCategoryRemarksVisitingScenarios/VisitRemarksWith_DataVerification

2019-01-11 16:40:56 - [TEST_STEP][PASSED] - verifyElementExist(findTestObject("ShopOpen/RemainingMainCategories/Validate_MainCategoryDetailActionScreen", ["package":PACKAGENAME]), 0): Element 'Object Repository/ShopOpen/RemainingMainCategories/Validate_MainCategoryDetailActionScreen' is exist

2019-01-11 16:40:56 - [MESSAGE][WARNING] - Timeout '0' is invalid. Using default page load timeout: '5'

2019-01-11 16:40:58 - [MESSAGE][PASSED] - Element 'Object Repository/ShopOpen/RemainingMainCategories/Validate_MainCategoryDetailActionScreen' is exist

2019-01-11 16:40:58 - [TEST_STEP][PASSED] - com.ct.qa.keywords.RemainingMainCategoryRemarksVisitingScenariosKeywords.visitRemarksWith_DataVerification(): com.ct.qa.keywords.RemainingMainCategoryRemarksVisitingScenariosKeywords.visitRemarksWith_DataVerification is PASSED

2019-01-11 16:41:00 - [TEST_CASE][PASSED] - Test Cases/ShopOpen/RemainingMainCategories/Availability/VisitAvailability_WithYesRemark: Test Cases/ShopOpen/RemainingMainCategories/Availability/VisitAvailability_WithYesRemark

2019-01-11 16:41:00 - [TEST_STEP][PASSED] - verifyElementExist(findTestObject("ShopOpen/RemainingMainCategories/_Availability/Validate_SubCategoriesScreen", ["package":PACKAGENAME]), 0): Element 'Object Repository/ShopOpen/RemainingMainCategories/_Availability/Validate_SubCategoriesScreen' is exist

2019-01-11 16:41:00 - [MESSAGE][WARNING] - Timeout '0' is invalid. Using default page load timeout: '5'

2019-01-11 16:41:02 - [MESSAGE][PASSED] - Element 'Object Repository/ShopOpen/RemainingMainCategories/_Availability/Validate_SubCategoriesScreen' is exist

2019-01-11 16:41:02 - [TEST_STEP][PASSED] - com.ct.qa.keywords.AvailabilityKeywords.visitAvailabilitySubCategories(1): com.ct.qa.keywords.AvailabilityKeywords.visitAvailabilitySubCategories is PASSED

2019-01-11 16:41:03 - [TEST_CASE][PASSED] - Test Cases/ShopOpen/RemainingMainCategories/Availability/VisitSubCategories_WithYesRemarks: Test Cases/ShopOpen/RemainingMainCategories/Availability/VisitSubCategories_WithYesRemarks

2019-01-11 16:41:03 - [TEST_STEP][PASSED] - verifyElementText(findTestObject("ShopOpen/RemainingMainCategories/_Availability/Validate_SubCategoryDetailScreen", ["package":PACKAGENAME]), "Availability"): Actual text and expected text of test object 'Object Repository/ShopOpen/RemainingMainCategories/_Availability/Validate_SubCategoryDetailScreen' are matched.

2019-01-11 16:41:06 - [MESSAGE][PASSED] - Actual text and expected text of test object 'Object Repository/ShopOpen/RemainingMainCategories/_Availability/Validate_SubCategoryDetailScreen' are matched.

2019-01-11 16:41:06 - [TEST_STEP][PASSED] - tap(findTestObject("ShopOpen/RemainingMainCategories/_Availability/Availability", ["package":PACKAGENAME]), 0): Tapped on element 'Object Repository/ShopOpen/RemainingMainCategories/_Availability/Availability'

2019-01-11 16:41:06 - [MESSAGE][WARNING] - Timeout '0' is invalid. Using default page load timeout: '5'

2019-01-11 16:41:07 - [MESSAGE][PASSED] - Tapped on element 'Object Repository/ShopOpen/RemainingMainCategories/_Availability/Availability'

2019-01-11 16:41:07 - [TEST_STEP][PASSED] - verifyElementText(findTestObject("ShopOpen/RemainingMainCategories/_Availability/Validate_ProductAvailabilityScreen", ["package":PACKAGENAME]), "Availability"): Actual text and expected text of test object 'Object Repository/ShopOpen/RemainingMainCategories/_Availability/Validate_ProductAvailabilityScreen' are matched.

2019-01-11 16:41:08 - [MESSAGE][PASSED] - Actual text and expected text of test object 'Object Repository/ShopOpen/RemainingMainCategories/_Availability/Validate_ProductAvailabilityScreen' are matched.

2019-01-11 16:41:08 - [TEST_STEP][PASSED] - com.ct.qa.keywords.AvailabilityKeywords.visitProductsAvailabilityWithYesRemarks(): com.ct.qa.keywords.AvailabilityKeywords.visitProductsAvailabilityWithYesRemarks is PASSED

2019-01-11 16:41:21 - [MESSAGE][PASSED] - Swiped from 0,275 to 0,200

2019-01-11 16:41:25 - [MESSAGE][PASSED] - Swiped from 0,274 to 0,200

2019-01-11 16:41:29 - [MESSAGE][PASSED] - Swiped from 0,275 to 0,200

2019-01-11 16:41:32 - [MESSAGE][PASSED] - Swiped from 0,274 to 0,200

2019-01-11 16:41:32 - [MESSAGE][PASSED] - com.ct.qa.keywords.AvailabilityKeywords.visitProductsAvailabilityWithYesRemarks is PASSED

2019-01-11 16:41:32 - [TEST_STEP][PASSED] - tap(findTestObject("ShopOpen/RemainingMainCategories/_Availability/ProductAvailability_SubmitButton", ["package":PACKAGENAME]), 0): Tapped on element 'Object Repository/ShopOpen/RemainingMainCategories/_Availability/ProductAvailability_SubmitButton'

2019-01-11 16:41:32 - [MESSAGE][WARNING] - Timeout '0' is invalid. Using default page load timeout: '5'

2019-01-11 16:41:33 - [MESSAGE][PASSED] - Tapped on element 'Object Repository/ShopOpen/RemainingMainCategories/_Availability/ProductAvailability_SubmitButton'

2019-01-11 16:41:33 - [TEST_STEP][PASSED] - verifyElementText(findTestObject("ShopOpen/RemainingMainCategories/_Availability/Validate_SubCategoryDetailScreen", ["package":PACKAGENAME]), "Availability"): Actual text and expected text of test object 'Object Repository/ShopOpen/RemainingMainCategories/_Availability/Validate_SubCategoryDetailScreen' are matched.

2019-01-11 16:41:34 - [MESSAGE][PASSED] - Actual text and expected text of test object 'Object Repository/ShopOpen/RemainingMainCategories/_Availability/Validate_SubCategoryDetailScreen' are matched.

2019-01-11 16:41:34 - [TEST_STEP][PASSED] - pressBack(): Press back button successfully

2019-01-11 16:41:34 - [MESSAGE][PASSED] - Press back button successfully

2019-01-11 16:41:34 - [TEST_STEP][PASSED] - verifyElementExist(findTestObject("ShopOpen/RemainingMainCategories/_Availability/Validate_SubCategoriesScreen", ["package":PACKAGENAME]), 0): Element 'Object Repository/ShopOpen/RemainingMainCategories/_Availability/Validate_SubCategoriesScreen' is exist

2019-01-11 16:41:34 - [MESSAGE][WARNING] - Timeout '0' is invalid. Using default page load timeout: '5'

2019-01-11 16:41:35 - [MESSAGE][PASSED] - Element 'Object Repository/ShopOpen/RemainingMainCategories/_Availability/Validate_SubCategoriesScreen' is exist

2019-01-11 16:41:35 - [MESSAGE][PASSED] - Call Test Case 'Test Cases/ShopOpen/RemainingMainCategories/Availability/VisitSubCategories_WithYesRemarks' successfully

2019-01-11 16:41:35 - [MESSAGE][PASSED] - com.ct.qa.keywords.AvailabilityKeywords.visitAvailabilitySubCategories is PASSED

2019-01-11 16:41:35 - [TEST_STEP][PASSED] - pressBack(): Press back button successfully

2019-01-11 16:41:36 - [MESSAGE][PASSED] - Press back button successfully

2019-01-11 16:41:36 - [TEST_STEP][PASSED] - verifyElementExist(findTestObject("ShopOpen/RemainingMainCategories/Validate_MainCategoryDetailActionScreen", ["package":PACKAGENAME]), 0): Element 'Object Repository/ShopOpen/RemainingMainCategories/Validate_MainCategoryDetailActionScreen' is exist

2019-01-11 16:41:36 - [MESSAGE][WARNING] - Timeout '0' is invalid. Using default page load timeout: '5'

2019-01-11 16:41:37 - [MESSAGE][PASSED] - Element 'Object Repository/ShopOpen/RemainingMainCategories/Validate_MainCategoryDetailActionScreen' is exist

2019-01-11 16:41:37 - [MESSAGE][PASSED] - Call Test Case 'Test Cases/ShopOpen/RemainingMainCategories/Availability/VisitAvailability_WithYesRemark' successfully

2019-01-11 16:41:37 - [TEST_CASE][PASSED] - Test Cases/ShopOpen/RemainingMainCategories/PrimaryDisplay/VisitPrimaryDisplayWith_DataVerification: Test Cases/ShopOpen/RemainingMainCategories/PrimaryDisplay/VisitPrimaryDisplayWith_DataVerification

2019-01-11 16:41:37 - [TEST_STEP][PASSED] - verifyElementExist(findTestObject("ShopOpen/RemainingMainCategories/PrimaryDisplay/Validate_PrimaryDisplayRemarksScreen", ["package":PACKAGENAME]), 0): Element 'Object Repository/ShopOpen/RemainingMainCategories/PrimaryDisplay/Validate_PrimaryDisplayRemarksScreen' is exist

2019-01-11 16:41:37 - [MESSAGE][WARNING] - Timeout '0' is invalid. Using default page load timeout: '5'

2019-01-11 16:41:39 - [MESSAGE][PASSED] - Element 'Object Repository/ShopOpen/RemainingMainCategories/PrimaryDisplay/Validate_PrimaryDisplayRemarksScreen' is exist

2019-01-11 16:41:39 - [TEST_STEP][PASSED] - com.ct.qa.keywords.PrimaryDisplayKeywords.selectPrimaryDisplayRemark_ForDataVerfication(): com.ct.qa.keywords.PrimaryDisplayKeywords.selectPrimaryDisplayRemark_ForDataVerfication is PASSED

2019-01-11 16:41:40 - [MESSAGE][WARNING] - Timeout '0' is invalid. Using default page load timeout: '5'

2019-01-11 16:41:42 - [MESSAGE][PASSED] - Element 'Object Repository/CommonScreenElements/Validate_CameraScreen' is exist

2019-01-11 16:41:42 - [MESSAGE][WARNING] - Timeout '0' is invalid. Using default page load timeout: '5'

2019-01-11 16:41:46 - [MESSAGE][PASSED] - Tapped on element 'Object Repository/CommonScreenElements/TakePictureButton'

2019-01-11 16:41:51 - [MESSAGE][PASSED] - Delayed 5 second(s)

2019-01-11 16:41:51 - [MESSAGE][WARNING] - Timeout '0' is invalid. Using default page load timeout: '5'

2019-01-11 16:41:52 - [MESSAGE][PASSED] - Tapped on element 'Object Repository/CommonScreenElements/DoneButton'

2019-01-11 16:41:52 - [TEST_CASE][PASSED] - Test Cases/ShopOpen/RemainingMainCategories/PrimaryDisplay/DisplaySpaceAvailable/VisitDSA: Test Cases/ShopOpen/RemainingMainCategories/PrimaryDisplay/DisplaySpaceAvailable/VisitDSA

2019-01-11 16:41:52 - [TEST_STEP][PASSED] - verifyElementExist(findTestObject("ShopOpen/RemainingMainCategories/PrimaryDisplay/DisplaySpaceAvailable/Validate_SubCategoriesScreen", ["package":PACKAGENAME]), 0): Element 'Object Repository/ShopOpen/RemainingMainCategories/PrimaryDisplay/DisplaySpaceAvailable/Validate_SubCategoriesScreen' is exist

2019-01-11 16:41:52 - [MESSAGE][WARNING] - Timeout '0' is invalid. Using default page load timeout: '5'

2019-01-11 16:41:53 - [MESSAGE][PASSED] - Element 'Object Repository/ShopOpen/RemainingMainCategories/PrimaryDisplay/DisplaySpaceAvailable/Validate_SubCategoriesScreen' is exist

2019-01-11 16:41:53 - [TEST_STEP][PASSED] - com.ct.qa.keywords.PrimaryDisplayKeywords.visitPrimaryDisplay_WithDSASubCategories(1): com.ct.qa.keywords.PrimaryDisplayKeywords.visitPrimaryDisplay_WithDSASubCategories is PASSED

2019-01-11 16:41:55 - [TEST_CASE][PASSED] - Test Cases/ShopOpen/RemainingMainCategories/PrimaryDisplay/DisplaySpaceAvailable/VisitDSA_SubCategories: Test Cases/ShopOpen/RemainingMainCategories/PrimaryDisplay/DisplaySpaceAvailable/VisitDSA_SubCategories

2019-01-11 16:41:55 - [TEST_STEP][PASSED] - verifyElementText(findTestObject("ShopOpen/RemainingMainCategories/PrimaryDisplay/DisplaySpaceAvailable/Validate_ShareOfShelfScreen", ["package":PACKAGENAME]), "Share of shelf"): Actual text and expected text of test object 'Object Repository/ShopOpen/RemainingMainCategories/PrimaryDisplay/DisplaySpaceAvailable/Validate_ShareOfShelfScreen' are matched.

2019-01-11 16:41:56 - [MESSAGE][PASSED] - Actual text and expected text of test object 'Object Repository/ShopOpen/RemainingMainCategories/PrimaryDisplay/DisplaySpaceAvailable/Validate_ShareOfShelfScreen' are matched.

2019-01-11 16:41:56 - [TEST_STEP][PASSED] - tap(findTestObject("ShopOpen/RemainingMainCategories/PrimaryDisplay/DisplaySpaceAvailable/ShareOfShelf", ["package":PACKAGENAME]), 0): Tapped on element 'Object Repository/ShopOpen/RemainingMainCategories/PrimaryDisplay/DisplaySpaceAvailable/ShareOfShelf'

2019-01-11 16:41:56 - [MESSAGE][WARNING] - Timeout '0' is invalid. Using default page load timeout: '5'

2019-01-11 16:41:56 - [MESSAGE][PASSED] - Tapped on element 'Object Repository/ShopOpen/RemainingMainCategories/PrimaryDisplay/DisplaySpaceAvailable/ShareOfShelf'

2019-01-11 16:41:56 - [TEST_STEP][PASSED] - verifyElementText(findTestObject("ShopOpen/RemainingMainCategories/PrimaryDisplay/DisplaySpaceAvailable/Validate_ShareOfShelfProductsScreen", ["package":PACKAGENAME]), "Share of shelf"): Actual text and expected text of test object 'Object Repository/ShopOpen/RemainingMainCategories/PrimaryDisplay/DisplaySpaceAvailable/Validate_ShareOfShelfProductsScreen' are matched.

2019-01-11 16:41:58 - [MESSAGE][PASSED] - Actual text and expected text of test object 'Object Repository/ShopOpen/RemainingMainCategories/PrimaryDisplay/DisplaySpaceAvailable/Validate_ShareOfShelfProductsScreen' are matched.

2019-01-11 16:41:58 - [TEST_STEP][PASSED] - com.ct.qa.keywords.PrimaryDisplayKeywords.visitDSA_Products(DISPLAYSPACEAVAILABLE): com.ct.qa.keywords.PrimaryDisplayKeywords.visitDSA_Products is PASSED

2019-01-11 16:42:02 - [MESSAGE][PASSED] - Keyboard is hidden

2019-01-11 16:42:05 - [MESSAGE][PASSED] - Keyboard is hidden

2019-01-11 16:42:08 - [MESSAGE][PASSED] - Keyboard is hidden

2019-01-11 16:42:11 - [MESSAGE][PASSED] - Keyboard is hidden

2019-01-11 16:42:14 - [MESSAGE][PASSED] - Keyboard is hidden

2019-01-11 16:42:17 - [MESSAGE][PASSED] - Keyboard is hidden

2019-01-11 16:42:20 - [MESSAGE][PASSED] - Swiped from 97,359 to 97,250

2019-01-11 16:42:23 - [MESSAGE][PASSED] - Keyboard is hidden

2019-01-11 16:42:25 - [MESSAGE][PASSED] - Swiped from 97,359 to 97,250

2019-01-11 16:42:28 - [MESSAGE][PASSED] - Keyboard is hidden

2019-01-11 16:42:30 - [MESSAGE][PASSED] - Swiped from 97,359 to 97,250

2019-01-11 16:42:33 - [MESSAGE][PASSED] - Keyboard is hidden

2019-01-11 16:42:35 - [MESSAGE][PASSED] - Swiped from 97,359 to 97,250

2019-01-11 16:42:38 - [MESSAGE][PASSED] - Keyboard is hidden

2019-01-11 16:42:40 - [MESSAGE][PASSED] - Swiped from 97,359 to 97,250

2019-01-11 16:42:43 - [MESSAGE][PASSED] - Keyboard is hidden

2019-01-11 16:42:45 - [MESSAGE][PASSED] - Swiped from 97,359 to 97,250

2019-01-11 16:42:48 - [MESSAGE][PASSED] - Keyboard is hidden

2019-01-11 16:42:50 - [MESSAGE][PASSED] - Swiped from 97,359 to 97,250

2019-01-11 16:42:51 - [MESSAGE][PASSED] - com.ct.qa.keywords.PrimaryDisplayKeywords.visitDSA_Products is PASSED

2019-01-11 16:42:51 - [TEST_STEP][PASSED] - tap(findTestObject("ShopOpen/RemainingMainCategories/PrimaryDisplay/DisplaySpaceAvailable/SubmitButton", ["package":PACKAGENAME]), 0): Tapped on element 'Object Repository/ShopOpen/RemainingMainCategories/PrimaryDisplay/DisplaySpaceAvailable/SubmitButton'

2019-01-11 16:42:51 - [MESSAGE][WARNING] - Timeout '0' is invalid. Using default page load timeout: '5'

2019-01-11 16:42:51 - [MESSAGE][PASSED] - Tapped on element 'Object Repository/ShopOpen/RemainingMainCategories/PrimaryDisplay/DisplaySpaceAvailable/SubmitButton'

2019-01-11 16:42:51 - [TEST_STEP][PASSED] - verifyElementText(findTestObject("ShopOpen/RemainingMainCategories/PrimaryDisplay/DisplaySpaceAvailable/Validate_AlertScreen", ["package":PACKAGENAME]), "Alert"): Actual text and expected text of test object 'Object Repository/ShopOpen/RemainingMainCategories/PrimaryDisplay/DisplaySpaceAvailable/Validate_AlertScreen' are matched.

2019-01-11 16:42:53 - [MESSAGE][PASSED] - Actual text and expected text of test object 'Object Repository/ShopOpen/RemainingMainCategories/PrimaryDisplay/DisplaySpaceAvailable/Validate_AlertScreen' are matched.

2019-01-11 16:42:53 - [TEST_STEP][PASSED] - tap(findTestObject("ShopOpen/RemainingMainCategories/PrimaryDisplay/DisplaySpaceAvailable/Alert_SaveButton", ["package":PACKAGENAME]), 0): Tapped on element 'Object Repository/ShopOpen/RemainingMainCategories/PrimaryDisplay/DisplaySpaceAvailable/Alert_SaveButton'

2019-01-11 16:42:53 - [MESSAGE][WARNING] - Timeout '0' is invalid. Using default page load timeout: '5'

2019-01-11 16:42:53 - [MESSAGE][PASSED] - Tapped on element 'Object Repository/ShopOpen/RemainingMainCategories/PrimaryDisplay/DisplaySpaceAvailable/Alert_SaveButton'

2019-01-11 16:42:53 - [TEST_STEP][PASSED] - verifyElementText(findTestObject("ShopOpen/RemainingMainCategories/PrimaryDisplay/DisplaySpaceAvailable/Validate_ShareOfShelfScreen", ["package":PACKAGENAME]), "Share of shelf"): Actual text and expected text of test object 'Object Repository/ShopOpen/RemainingMainCategories/PrimaryDisplay/DisplaySpaceAvailable/Validate_ShareOfShelfScreen' are matched.

2019-01-11 16:42:54 - [MESSAGE][PASSED] - Actual text and expected text of test object 'Object Repository/ShopOpen/RemainingMainCategories/PrimaryDisplay/DisplaySpaceAvailable/Validate_ShareOfShelfScreen' are matched.

2019-01-11 16:42:54 - [TEST_STEP][PASSED] - tap(findTestObject("ShopOpen/RemainingMainCategories/PrimaryDisplay/DisplaySpaceAvailable/ShareofShelf_BackButton", ["package":PACKAGENAME]), 0): Tapped on element 'Object Repository/ShopOpen/RemainingMainCategories/PrimaryDisplay/DisplaySpaceAvailable/ShareofShelf_BackButton'

2019-01-11 16:42:54 - [MESSAGE][WARNING] - Timeout '0' is invalid. Using default page load timeout: '5'

2019-01-11 16:42:54 - [MESSAGE][PASSED] - Tapped on element 'Object Repository/ShopOpen/RemainingMainCategories/PrimaryDisplay/DisplaySpaceAvailable/ShareofShelf_BackButton'

2019-01-11 16:42:54 - [TEST_STEP][PASSED] - verifyElementExist(findTestObject("ShopOpen/RemainingMainCategories/PrimaryDisplay/DisplaySpaceAvailable/Validate_SubCategoriesScreen", ["package":PACKAGENAME]), 0): Element 'Object Repository/ShopOpen/RemainingMainCategories/PrimaryDisplay/DisplaySpaceAvailable/Validate_SubCategoriesScreen' is exist

2019-01-11 16:42:54 - [MESSAGE][WARNING] - Timeout '0' is invalid. Using default page load timeout: '5'

2019-01-11 16:42:55 - [MESSAGE][PASSED] - Element 'Object Repository/ShopOpen/RemainingMainCategories/PrimaryDisplay/DisplaySpaceAvailable/Validate_SubCategoriesScreen' is exist

2019-01-11 16:42:55 - [MESSAGE][PASSED] - Call Test Case 'Test Cases/ShopOpen/RemainingMainCategories/PrimaryDisplay/DisplaySpaceAvailable/VisitDSA_SubCategories' successfully

2019-01-11 16:42:55 - [MESSAGE][PASSED] - com.ct.qa.keywords.PrimaryDisplayKeywords.visitPrimaryDisplay_WithDSASubCategories is PASSED

2019-01-11 16:42:55 - [TEST_STEP][PASSED] - com.ct.qa.keywords.CommonKeywords.findPlanogramImageView(): com.ct.qa.keywords.CommonKeywords.findPlanogramImageView is PASSED

2019-01-11 16:42:56 - [MESSAGE][WARNING] - Timeout '0' is invalid. Using default page load timeout: '5'

2019-01-11 16:43:03 - [MESSAGE][WARNING] - Object Object Repository/CommonScreenElements/InfoPopUp_OKButton not found
[[ATTACHMENT|F:\\Git Projects\\PnG_Merchandising\\PnG_Merchandising\\Reports\\PnG Merchandising With Channel Wise Data Verification\\20190111_162651\\1547206981934.png]]

2019-01-11 16:43:04 - [MESSAGE][PASSED] - com.ct.qa.keywords.CommonKeywords.findPlanogramImageView is PASSED

2019-01-11 16:43:04 - [TEST_STEP][PASSED] - verifyElementExist(findTestObject("ShopOpen/RemainingMainCategories/PrimaryDisplay/DisplaySpaceAvailable/Validate_SubCategoriesScreen", ["package":PACKAGENAME]), 0): Element 'Object Repository/ShopOpen/RemainingMainCategories/PrimaryDisplay/DisplaySpaceAvailable/Validate_SubCategoriesScreen' is exist

2019-01-11 16:43:04 - [MESSAGE][WARNING] - Timeout '0' is invalid. Using default page load timeout: '5'

2019-01-11 16:43:05 - [MESSAGE][PASSED] - Element 'Object Repository/ShopOpen/RemainingMainCategories/PrimaryDisplay/DisplaySpaceAvailable/Validate_SubCategoriesScreen' is exist

2019-01-11 16:43:05 - [TEST_STEP][PASSED] - com.ct.qa.keywords.CommonKeywords.findPictureImageView(): com.ct.qa.keywords.CommonKeywords.findPictureImageView is PASSED

2019-01-11 16:43:06 - [MESSAGE][WARNING] - Timeout '0' is invalid. Using default page load timeout: '5'

2019-01-11 16:43:08 - [MESSAGE][PASSED] - Element 'Object Repository/CommonScreenElements/Validate_CameraScreen' is exist

2019-01-11 16:43:08 - [MESSAGE][WARNING] - Timeout '0' is invalid. Using default page load timeout: '5'

2019-01-11 16:43:12 - [MESSAGE][PASSED] - Tapped on element 'Object Repository/CommonScreenElements/TakePictureButton'

2019-01-11 16:43:17 - [MESSAGE][PASSED] - Delayed 5 second(s)

2019-01-11 16:43:17 - [MESSAGE][WARNING] - Timeout '0' is invalid. Using default page load timeout: '5'

2019-01-11 16:43:17 - [MESSAGE][PASSED] - Tapped on element 'Object Repository/CommonScreenElements/DoneButton'

2019-01-11 16:43:17 - [MESSAGE][PASSED] - com.ct.qa.keywords.CommonKeywords.findPictureImageView is PASSED

2019-01-11 16:43:17 - [TEST_STEP][PASSED] - verifyElementExist(findTestObject("ShopOpen/RemainingMainCategories/PrimaryDisplay/DisplaySpaceAvailable/Validate_SubCategoriesScreen", ["package":PACKAGENAME]), 0): Element 'Object Repository/ShopOpen/RemainingMainCategories/PrimaryDisplay/DisplaySpaceAvailable/Validate_SubCategoriesScreen' is exist

2019-01-11 16:43:17 - [MESSAGE][WARNING] - Timeout '0' is invalid. Using default page load timeout: '5'

2019-01-11 16:43:18 - [MESSAGE][PASSED] - Element 'Object Repository/ShopOpen/RemainingMainCategories/PrimaryDisplay/DisplaySpaceAvailable/Validate_SubCategoriesScreen' is exist

2019-01-11 16:43:18 - [TEST_STEP][PASSED] - com.ct.qa.keywords.CommonKeywords.findBackButtonImageView(): com.ct.qa.keywords.CommonKeywords.findBackButtonImageView is PASSED

2019-01-11 16:43:20 - [MESSAGE][PASSED] - com.ct.qa.keywords.CommonKeywords.findBackButtonImageView is PASSED

2019-01-11 16:43:20 - [TEST_STEP][PASSED] - verifyElementExist(findTestObject("ShopOpen/RemainingMainCategories/Validate_MainCategoryDetailActionScreen", ["package":PACKAGENAME]), 0): Element 'Object Repository/ShopOpen/RemainingMainCategories/Validate_MainCategoryDetailActionScreen' is exist

2019-01-11 16:43:20 - [MESSAGE][WARNING] - Timeout '0' is invalid. Using default page load timeout: '5'

2019-01-11 16:43:21 - [MESSAGE][PASSED] - Element 'Object Repository/ShopOpen/RemainingMainCategories/Validate_MainCategoryDetailActionScreen' is exist

2019-01-11 16:43:21 - [MESSAGE][PASSED] - Call Test Case 'Test Cases/ShopOpen/RemainingMainCategories/PrimaryDisplay/DisplaySpaceAvailable/VisitDSA' successfully

2019-01-11 16:43:21 - [MESSAGE][PASSED] - com.ct.qa.keywords.PrimaryDisplayKeywords.selectPrimaryDisplayRemark_ForDataVerfication is PASSED

2019-01-11 16:43:21 - [MESSAGE][PASSED] - Call Test Case 'Test Cases/ShopOpen/RemainingMainCategories/PrimaryDisplay/VisitPrimaryDisplayWith_DataVerification' successfully

2019-01-11 16:43:21 - [TEST_CASE][PASSED] - Test Cases/ShopOpen/RemainingMainCategories/SecondaryDisplay/SecondaryDisplay_VisitingScenarios/VisitSecondaryDisplayWith_DataVerification: Test Cases/ShopOpen/RemainingMainCategories/SecondaryDisplay/SecondaryDisplay_VisitingScenarios/VisitSecondaryDisplayWith_DataVerification

2019-01-11 16:43:21 - [TEST_STEP][PASSED] - verifyElementExist(findTestObject("ShopOpen/RemainingMainCategories/SecondaryDisplay/Validate_SecondaryDisplayRemarksScreen", ["package":PACKAGENAME]), 0): Element 'Object Repository/ShopOpen/RemainingMainCategories/SecondaryDisplay/Validate_SecondaryDisplayRemarksScreen' is exist

2019-01-11 16:43:21 - [MESSAGE][WARNING] - Timeout '0' is invalid. Using default page load timeout: '5'

2019-01-11 16:43:23 - [MESSAGE][PASSED] - Element 'Object Repository/ShopOpen/RemainingMainCategories/SecondaryDisplay/Validate_SecondaryDisplayRemarksScreen' is exist

2019-01-11 16:43:23 - [TEST_STEP][PASSED] - com.ct.qa.keywords.SecondaryDisplayKeywords.selectSecondaryDisplayRemark_WithDataVerification(): com.ct.qa.keywords.SecondaryDisplayKeywords.selectSecondaryDisplayRemark_WithDataVerification is PASSED

2019-01-11 16:43:24 - [TEST_CASE][PASSED] - Test Cases/ShopOpen/RemainingMainCategories/SecondaryDisplay/Available/VisitSecondaryDisplayAvailable: Test Cases/ShopOpen/RemainingMainCategories/SecondaryDisplay/Available/VisitSecondaryDisplayAvailable

2019-01-11 16:43:24 - [TEST_STEP][PASSED] - verifyElementText(findTestObject("ShopOpen/RemainingMainCategories/SecondaryDisplay/Available/Validate_UnitsScreen"), "Units"): Actual text and expected text of test object 'Object Repository/ShopOpen/RemainingMainCategories/SecondaryDisplay/Available/Validate_UnitsScreen' are matched.

2019-01-11 16:43:25 - [MESSAGE][PASSED] - Actual text and expected text of test object 'Object Repository/ShopOpen/RemainingMainCategories/SecondaryDisplay/Available/Validate_UnitsScreen' are matched.

2019-01-11 16:43:25 - [TEST_STEP][PASSED] - com.ct.qa.keywords.SecondaryDisplayKeywords.enterUnitsForSecondaryDisplay(): com.ct.qa.keywords.SecondaryDisplayKeywords.enterUnitsForSecondaryDisplay is PASSED

2019-01-11 16:43:28 - [MESSAGE][PASSED] - Keyboard is hidden

2019-01-11 16:43:30 - [MESSAGE][PASSED] - Keyboard is hidden

2019-01-11 16:43:30 - [MESSAGE][PASSED] - com.ct.qa.keywords.SecondaryDisplayKeywords.enterUnitsForSecondaryDisplay is PASSED

2019-01-11 16:43:30 - [TEST_STEP][PASSED] - tap(findTestObject("ShopOpen/RemainingMainCategories/SecondaryDisplay/Available/Units_SubmitButton", ["package":PACKAGENAME]), 0): Tapped on element 'Object Repository/ShopOpen/RemainingMainCategories/SecondaryDisplay/Available/Units_SubmitButton'

2019-01-11 16:43:30 - [MESSAGE][WARNING] - Timeout '0' is invalid. Using default page load timeout: '5'

2019-01-11 16:43:31 - [MESSAGE][PASSED] - Tapped on element 'Object Repository/ShopOpen/RemainingMainCategories/SecondaryDisplay/Available/Units_SubmitButton'

2019-01-11 16:43:31 - [TEST_STEP][PASSED] - verifyElementExist(findTestObject("ShopOpen/RemainingMainCategories/SecondaryDisplay/Available/Validate_UnitsListScreen", ["package":PACKAGENAME]), 0): Element 'Object Repository/ShopOpen/RemainingMainCategories/SecondaryDisplay/Available/Validate_UnitsListScreen' is exist

2019-01-11 16:43:31 - [MESSAGE][WARNING] - Timeout '0' is invalid. Using default page load timeout: '5'

2019-01-11 16:43:33 - [MESSAGE][PASSED] - Element 'Object Repository/ShopOpen/RemainingMainCategories/SecondaryDisplay/Available/Validate_UnitsListScreen' is exist

2019-01-11 16:43:33 - [TEST_STEP][PASSED] - com.ct.qa.keywords.SecondaryDisplayKeywords.visitSecondaryDisplayUnitsList(): com.ct.qa.keywords.SecondaryDisplayKeywords.visitSecondaryDisplayUnitsList is PASSED

2019-01-11 16:43:35 - [TEST_CASE][PASSED] - Test Cases/ShopOpen/RemainingMainCategories/SecondaryDisplay/Available/VisitAvailableWith_DisplayUnitNeedMaintenance: Test Cases/ShopOpen/RemainingMainCategories/SecondaryDisplay/Available/VisitAvailableWith_DisplayUnitNeedMaintenance

2019-01-11 16:43:35 - [TEST_STEP][PASSED] - verifyElementExist(findTestObject("CommonScreenElements/Validate_CameraScreen", ["package":PACKAGENAME]), 0): Element 'Object Repository/CommonScreenElements/Validate_CameraScreen' is exist

2019-01-11 16:43:35 - [MESSAGE][WARNING] - Timeout '0' is invalid. Using default page load timeout: '5'

2019-01-11 16:43:36 - [MESSAGE][PASSED] - Element 'Object Repository/CommonScreenElements/Validate_CameraScreen' is exist

2019-01-11 16:43:36 - [TEST_STEP][PASSED] - tap(findTestObject("CommonScreenElements/TakePictureButton", ["package":PACKAGENAME]), 0): Tapped on element 'Object Repository/CommonScreenElements/TakePictureButton'

2019-01-11 16:43:36 - [MESSAGE][WARNING] - Timeout '0' is invalid. Using default page load timeout: '5'

2019-01-11 16:43:39 - [MESSAGE][PASSED] - Tapped on element 'Object Repository/CommonScreenElements/TakePictureButton'

2019-01-11 16:43:39 - [TEST_STEP][PASSED] - delay(5, STOP_ON_FAILURE): Delayed 5 second(s)

2019-01-11 16:43:44 - [MESSAGE][PASSED] - Delayed 5 second(s)

2019-01-11 16:43:44 - [TEST_STEP][PASSED] - tap(findTestObject("CommonScreenElements/DoneButton", ["package":PACKAGENAME]), 0): Tapped on element 'Object Repository/CommonScreenElements/DoneButton'

2019-01-11 16:43:44 - [MESSAGE][WARNING] - Timeout '0' is invalid. Using default page load timeout: '5'

2019-01-11 16:43:45 - [MESSAGE][PASSED] - Tapped on element 'Object Repository/CommonScreenElements/DoneButton'

2019-01-11 16:43:45 - [TEST_STEP][PASSED] - verifyElementExist(findTestObject("ShopOpen/RemainingMainCategories/SecondaryDisplay/Available/Validate_AvailableRemarksScreen", ["package":PACKAGENAME]), 0): Element 'Object Repository/ShopOpen/RemainingMainCategories/SecondaryDisplay/Available/Validate_AvailableRemarksScreen' is exist

2019-01-11 16:43:45 - [MESSAGE][WARNING] - Timeout '0' is invalid. Using default page load timeout: '5'

2019-01-11 16:43:47 - [MESSAGE][PASSED] - Element 'Object Repository/ShopOpen/RemainingMainCategories/SecondaryDisplay/Available/Validate_AvailableRemarksScreen' is exist

2019-01-11 16:43:47 - [TEST_STEP][PASSED] - com.ct.qa.keywords.SecondaryDisplayKeywords.selectSecondaryDisplay_AvailableRemark("Display Unit Need Maintenance", 1): com.ct.qa.keywords.SecondaryDisplayKeywords.selectSecondaryDisplay_AvailableRemark is PASSED

2019-01-11 16:43:48 - [MESSAGE][WARNING] - Timeout '0' is invalid. Using default page load timeout: '5'

2019-01-11 16:43:50 - [MESSAGE][PASSED] - Element 'Object Repository/ShopOpen/RemainingMainCategories/SecondaryDisplay/Available/Validate_SecondaryDisplay_available_remarksScreen' is exist

2019-01-11 16:43:51 - [MESSAGE][PASSED] - com.ct.qa.keywords.SecondaryDisplayKeywords.selectSecondaryDisplay_AvailableRemark is PASSED

2019-01-11 16:43:51 - [TEST_STEP][PASSED] - tap(findTestObject("ShopOpen/RemainingMainCategories/SecondaryDisplay/Available/DUNM_CategoryRemarks_BackButton", ["package":PACKAGENAME]), 0): Tapped on element 'Object Repository/ShopOpen/RemainingMainCategories/SecondaryDisplay/Available/DUNM_CategoryRemarks_BackButton'

2019-01-11 16:43:51 - [MESSAGE][WARNING] - Timeout '0' is invalid. Using default page load timeout: '5'

2019-01-11 16:43:52 - [MESSAGE][PASSED] - Tapped on element 'Object Repository/ShopOpen/RemainingMainCategories/SecondaryDisplay/Available/DUNM_CategoryRemarks_BackButton'

2019-01-11 16:43:52 - [TEST_STEP][PASSED] - verifyElementExist(findTestObject("ShopOpen/RemainingMainCategories/SecondaryDisplay/Available/Validate_AvailableRemarksScreen", ["package":PACKAGENAME]), 0): Element 'Object Repository/ShopOpen/RemainingMainCategories/SecondaryDisplay/Available/Validate_AvailableRemarksScreen' is exist

2019-01-11 16:43:52 - [MESSAGE][WARNING] - Timeout '0' is invalid. Using default page load timeout: '5'

2019-01-11 16:43:53 - [MESSAGE][PASSED] - Element 'Object Repository/ShopOpen/RemainingMainCategories/SecondaryDisplay/Available/Validate_AvailableRemarksScreen' is exist

2019-01-11 16:43:53 - [TEST_STEP][PASSED] - tap(findTestObject("ShopOpen/RemainingMainCategories/SecondaryDisplay/Available/AvailableRemarks_BackButton", ["package":PACKAGENAME]), 0): Tapped on element 'Object Repository/ShopOpen/RemainingMainCategories/SecondaryDisplay/Available/AvailableRemarks_BackButton'

2019-01-11 16:43:53 - [MESSAGE][WARNING] - Timeout '0' is invalid. Using default page load timeout: '5'

2019-01-11 16:43:53 - [MESSAGE][PASSED] - Tapped on element 'Object Repository/ShopOpen/RemainingMainCategories/SecondaryDisplay/Available/AvailableRemarks_BackButton'

2019-01-11 16:43:53 - [TEST_STEP][PASSED] - verifyElementText(findTestObject("ShopOpen/RemainingMainCategories/SecondaryDisplay/Available/Validate_UtilizationPopUpScreen", ["package":PACKAGENAME]), "Utilization"): Actual text and expected text of test object 'Object Repository/ShopOpen/RemainingMainCategories/SecondaryDisplay/Available/Validate_UtilizationPopUpScreen' are matched.

2019-01-11 16:43:54 - [MESSAGE][PASSED] - Actual text and expected text of test object 'Object Repository/ShopOpen/RemainingMainCategories/SecondaryDisplay/Available/Validate_UtilizationPopUpScreen' are matched.

2019-01-11 16:43:55 - [TEST_STEP][PASSED] - com.ct.qa.keywords.SecondaryDisplayKeywords.enterUtilizationForSecondaryDisplay(1): com.ct.qa.keywords.SecondaryDisplayKeywords.enterUtilizationForSecondaryDisplay is PASSED

2019-01-11 16:43:59 - [MESSAGE][PASSED] - com.ct.qa.keywords.SecondaryDisplayKeywords.enterUtilizationForSecondaryDisplay is PASSED

2019-01-11 16:43:59 - [TEST_STEP][PASSED] - hideKeyboard(): Keyboard is hidden

2019-01-11 16:44:00 - [MESSAGE][PASSED] - Keyboard is hidden

2019-01-11 16:44:00 - [TEST_STEP][PASSED] - tap(findTestObject("ShopOpen/RemainingMainCategories/SecondaryDisplay/Available/Utilization_SubmitButton", ["package":PACKAGENAME]), 0, STOP_ON_FAILURE): Tapped on element 'Object Repository/ShopOpen/RemainingMainCategories/SecondaryDisplay/Available/Utilization_SubmitButton'

2019-01-11 16:44:00 - [MESSAGE][WARNING] - Timeout '0' is invalid. Using default page load timeout: '5'

2019-01-11 16:44:01 - [MESSAGE][PASSED] - Tapped on element 'Object Repository/ShopOpen/RemainingMainCategories/SecondaryDisplay/Available/Utilization_SubmitButton'

2019-01-11 16:44:01 - [TEST_STEP][PASSED] - verifyElementExist(findTestObject("ShopOpen/RemainingMainCategories/SecondaryDisplay/Available/Validate_UnitsListScreen", ["package":PACKAGENAME]), 0): Element 'Object Repository/ShopOpen/RemainingMainCategories/SecondaryDisplay/Available/Validate_UnitsListScreen' is exist

2019-01-11 16:44:01 - [MESSAGE][WARNING] - Timeout '0' is invalid. Using default page load timeout: '5'

2019-01-11 16:44:01 - [MESSAGE][PASSED] - Element 'Object Repository/ShopOpen/RemainingMainCategories/SecondaryDisplay/Available/Validate_UnitsListScreen' is exist

2019-01-11 16:44:01 - [MESSAGE][PASSED] - Call Test Case 'Test Cases/ShopOpen/RemainingMainCategories/SecondaryDisplay/Available/VisitAvailableWith_DisplayUnitNeedMaintenance' successfully

2019-01-11 16:44:04 - [TEST_CASE][PASSED] - Test Cases/ShopOpen/RemainingMainCategories/SecondaryDisplay/Available/VisitAvailableWith_SKDNA: Test Cases/ShopOpen/RemainingMainCategories/SecondaryDisplay/Available/VisitAvailableWith_SKDNA

2019-01-11 16:44:04 - [TEST_STEP][PASSED] - verifyElementExist(findTestObject("CommonScreenElements/Validate_CameraScreen", ["package":PACKAGENAME]), 0): Element 'Object Repository/CommonScreenElements/Validate_CameraScreen' is exist

2019-01-11 16:44:04 - [MESSAGE][WARNING] - Timeout '0' is invalid. Using default page load timeout: '5'

2019-01-11 16:44:05 - [MESSAGE][PASSED] - Element 'Object Repository/CommonScreenElements/Validate_CameraScreen' is exist

2019-01-11 16:44:05 - [TEST_STEP][PASSED] - tap(findTestObject("CommonScreenElements/TakePictureButton", ["package":PACKAGENAME]), 0): Tapped on element 'Object Repository/CommonScreenElements/TakePictureButton'

2019-01-11 16:44:05 - [MESSAGE][WARNING] - Timeout '0' is invalid. Using default page load timeout: '5'

2019-01-11 16:44:08 - [MESSAGE][PASSED] - Tapped on element 'Object Repository/CommonScreenElements/TakePictureButton'

2019-01-11 16:44:08 - [TEST_STEP][PASSED] - delay(5, STOP_ON_FAILURE): Delayed 5 second(s)

2019-01-11 16:44:13 - [MESSAGE][PASSED] - Delayed 5 second(s)

2019-01-11 16:44:13 - [TEST_STEP][PASSED] - tap(findTestObject("CommonScreenElements/DoneButton", ["package":PACKAGENAME]), 0): Tapped on element 'Object Repository/CommonScreenElements/DoneButton'

2019-01-11 16:44:13 - [MESSAGE][WARNING] - Timeout '0' is invalid. Using default page load timeout: '5'

2019-01-11 16:44:14 - [MESSAGE][PASSED] - Tapped on element 'Object Repository/CommonScreenElements/DoneButton'

2019-01-11 16:44:14 - [TEST_STEP][PASSED] - verifyElementExist(findTestObject("ShopOpen/RemainingMainCategories/SecondaryDisplay/Available/Validate_AvailableRemarksScreen", ["package":PACKAGENAME]), 0): Element 'Object Repository/ShopOpen/RemainingMainCategories/SecondaryDisplay/Available/Validate_AvailableRemarksScreen' is exist

2019-01-11 16:44:14 - [MESSAGE][WARNING] - Timeout '0' is invalid. Using default page load timeout: '5'

2019-01-11 16:44:16 - [MESSAGE][PASSED] - Element 'Object Repository/ShopOpen/RemainingMainCategories/SecondaryDisplay/Available/Validate_AvailableRemarksScreen' is exist

2019-01-11 16:44:16 - [TEST_STEP][PASSED] - com.ct.qa.keywords.SecondaryDisplayKeywords.selectSecondaryDisplay_AvailableRemark("Shopkeeper did not allow", 1): com.ct.qa.keywords.SecondaryDisplayKeywords.selectSecondaryDisplay_AvailableRemark is PASSED

2019-01-11 16:44:18 - [MESSAGE][WARNING] - Timeout '0' is invalid. Using default page load timeout: '5'

2019-01-11 16:44:20 - [MESSAGE][PASSED] - Element 'Object Repository/ShopOpen/RemainingMainCategories/SecondaryDisplay/Available/Validate_SecondaryDisplay_available_remarksScreen' is exist

2019-01-11 16:44:21 - [MESSAGE][PASSED] - com.ct.qa.keywords.SecondaryDisplayKeywords.selectSecondaryDisplay_AvailableRemark is PASSED

2019-01-11 16:44:21 - [TEST_STEP][PASSED] - tap(findTestObject("ShopOpen/RemainingMainCategories/SecondaryDisplay/Available/SKDNA_CategoryRemark_BackButton", ["package":PACKAGENAME]), 0): Tapped on element 'Object Repository/ShopOpen/RemainingMainCategories/SecondaryDisplay/Available/SKDNA_CategoryRemark_BackButton'

2019-01-11 16:44:21 - [MESSAGE][WARNING] - Timeout '0' is invalid. Using default page load timeout: '5'

2019-01-11 16:44:21 - [MESSAGE][PASSED] - Tapped on element 'Object Repository/ShopOpen/RemainingMainCategories/SecondaryDisplay/Available/SKDNA_CategoryRemark_BackButton'

2019-01-11 16:44:21 - [TEST_STEP][PASSED] - verifyElementExist(findTestObject("ShopOpen/RemainingMainCategories/SecondaryDisplay/Available/Validate_AvailableRemarksScreen", ["package":PACKAGENAME]), 0): Element 'Object Repository/ShopOpen/RemainingMainCategories/SecondaryDisplay/Available/Validate_AvailableRemarksScreen' is exist

2019-01-11 16:44:21 - [MESSAGE][WARNING] - Timeout '0' is invalid. Using default page load timeout: '5'

2019-01-11 16:44:22 - [MESSAGE][PASSED] - Element 'Object Repository/ShopOpen/RemainingMainCategories/SecondaryDisplay/Available/Validate_AvailableRemarksScreen' is exist

2019-01-11 16:44:22 - [TEST_STEP][PASSED] - tap(findTestObject("ShopOpen/RemainingMainCategories/SecondaryDisplay/Available/AvailableRemarks_BackButton", ["package":PACKAGENAME]), 0): Tapped on element 'Object Repository/ShopOpen/RemainingMainCategories/SecondaryDisplay/Available/AvailableRemarks_BackButton'

2019-01-11 16:44:22 - [MESSAGE][WARNING] - Timeout '0' is invalid. Using default page load timeout: '5'

2019-01-11 16:44:23 - [MESSAGE][PASSED] - Tapped on element 'Object Repository/ShopOpen/RemainingMainCategories/SecondaryDisplay/Available/AvailableRemarks_BackButton'

2019-01-11 16:44:23 - [TEST_STEP][PASSED] - verifyElementText(findTestObject("ShopOpen/RemainingMainCategories/SecondaryDisplay/Available/Validate_UtilizationPopUpScreen", ["package":PACKAGENAME]), "Utilization"): Actual text and expected text of test object 'Object Repository/ShopOpen/RemainingMainCategories/SecondaryDisplay/Available/Validate_UtilizationPopUpScreen' are matched.

2019-01-11 16:44:24 - [MESSAGE][PASSED] - Actual text and expected text of test object 'Object Repository/ShopOpen/RemainingMainCategories/SecondaryDisplay/Available/Validate_UtilizationPopUpScreen' are matched.

2019-01-11 16:44:24 - [TEST_STEP][PASSED] - com.ct.qa.keywords.SecondaryDisplayKeywords.enterUtilizationForSecondaryDisplay(1): com.ct.qa.keywords.SecondaryDisplayKeywords.enterUtilizationForSecondaryDisplay is PASSED

2019-01-11 16:44:29 - [MESSAGE][PASSED] - com.ct.qa.keywords.SecondaryDisplayKeywords.enterUtilizationForSecondaryDisplay is PASSED

2019-01-11 16:44:29 - [TEST_STEP][PASSED] - hideKeyboard(): Keyboard is hidden

2019-01-11 16:44:30 - [MESSAGE][PASSED] - Keyboard is hidden

2019-01-11 16:44:30 - [TEST_STEP][PASSED] - tap(findTestObject("ShopOpen/RemainingMainCategories/SecondaryDisplay/Available/Utilization_SubmitButton", ["package":PACKAGENAME]), 0, STOP_ON_FAILURE): Tapped on element 'Object Repository/ShopOpen/RemainingMainCategories/SecondaryDisplay/Available/Utilization_SubmitButton'

2019-01-11 16:44:30 - [MESSAGE][WARNING] - Timeout '0' is invalid. Using default page load timeout: '5'

2019-01-11 16:44:31 - [MESSAGE][PASSED] - Tapped on element 'Object Repository/ShopOpen/RemainingMainCategories/SecondaryDisplay/Available/Utilization_SubmitButton'

2019-01-11 16:44:31 - [TEST_STEP][PASSED] - verifyElementExist(findTestObject("ShopOpen/RemainingMainCategories/SecondaryDisplay/Available/Validate_UnitsListScreen", ["package":PACKAGENAME]), 0): Element 'Object Repository/ShopOpen/RemainingMainCategories/SecondaryDisplay/Available/Validate_UnitsListScreen' is exist

2019-01-11 16:44:31 - [MESSAGE][WARNING] - Timeout '0' is invalid. Using default page load timeout: '5'

2019-01-11 16:44:31 - [MESSAGE][PASSED] - Element 'Object Repository/ShopOpen/RemainingMainCategories/SecondaryDisplay/Available/Validate_UnitsListScreen' is exist

2019-01-11 16:44:31 - [MESSAGE][PASSED] - Call Test Case 'Test Cases/ShopOpen/RemainingMainCategories/SecondaryDisplay/Available/VisitAvailableWith_SKDNA' successfully

2019-01-11 16:44:34 - [TEST_CASE][PASSED] - Test Cases/ShopOpen/RemainingMainCategories/SecondaryDisplay/Available/VisitAvailableWith_SKDNA: Test Cases/ShopOpen/RemainingMainCategories/SecondaryDisplay/Available/VisitAvailableWith_SKDNA

2019-01-11 16:44:34 - [TEST_STEP][PASSED] - verifyElementExist(findTestObject("CommonScreenElements/Validate_CameraScreen", ["package":PACKAGENAME]), 0): Element 'Object Repository/CommonScreenElements/Validate_CameraScreen' is exist

2019-01-11 16:44:34 - [MESSAGE][WARNING] - Timeout '0' is invalid. Using default page load timeout: '5'

2019-01-11 16:44:34 - [MESSAGE][PASSED] - Element 'Object Repository/CommonScreenElements/Validate_CameraScreen' is exist

2019-01-11 16:44:34 - [TEST_STEP][PASSED] - tap(findTestObject("CommonScreenElements/TakePictureButton", ["package":PACKAGENAME]), 0): Tapped on element 'Object Repository/CommonScreenElements/TakePictureButton'

2019-01-11 16:44:34 - [MESSAGE][WARNING] - Timeout '0' is invalid. Using default page load timeout: '5'

2019-01-11 16:44:38 - [MESSAGE][PASSED] - Tapped on element 'Object Repository/CommonScreenElements/TakePictureButton'

2019-01-11 16:44:38 - [TEST_STEP][PASSED] - delay(5, STOP_ON_FAILURE): Delayed 5 second(s)

2019-01-11 16:44:43 - [MESSAGE][PASSED] - Delayed 5 second(s)

2019-01-11 16:44:43 - [TEST_STEP][PASSED] - tap(findTestObject("CommonScreenElements/DoneButton", ["package":PACKAGENAME]), 0): Tapped on element 'Object Repository/CommonScreenElements/DoneButton'

2019-01-11 16:44:43 - [MESSAGE][WARNING] - Timeout '0' is invalid. Using default page load timeout: '5'

2019-01-11 16:44:44 - [MESSAGE][PASSED] - Tapped on element 'Object Repository/CommonScreenElements/DoneButton'

2019-01-11 16:44:44 - [TEST_STEP][PASSED] - verifyElementExist(findTestObject("ShopOpen/RemainingMainCategories/SecondaryDisplay/Available/Validate_AvailableRemarksScreen", ["package":PACKAGENAME]), 0): Element 'Object Repository/ShopOpen/RemainingMainCategories/SecondaryDisplay/Available/Validate_AvailableRemarksScreen' is exist

2019-01-11 16:44:44 - [MESSAGE][WARNING] - Timeout '0' is invalid. Using default page load timeout: '5'

2019-01-11 16:44:46 - [MESSAGE][PASSED] - Element 'Object Repository/ShopOpen/RemainingMainCategories/SecondaryDisplay/Available/Validate_AvailableRemarksScreen' is exist

2019-01-11 16:44:46 - [TEST_STEP][PASSED] - com.ct.qa.keywords.SecondaryDisplayKeywords.selectSecondaryDisplay_AvailableRemark("Shopkeeper did not allow", 1): com.ct.qa.keywords.SecondaryDisplayKeywords.selectSecondaryDisplay_AvailableRemark is PASSED

2019-01-11 16:44:47 - [MESSAGE][WARNING] - Timeout '0' is invalid. Using default page load timeout: '5'

2019-01-11 16:44:49 - [MESSAGE][PASSED] - Element 'Object Repository/ShopOpen/RemainingMainCategories/SecondaryDisplay/Available/Validate_SecondaryDisplay_available_remarksScreen' is exist

2019-01-11 16:44:50 - [MESSAGE][PASSED] - com.ct.qa.keywords.SecondaryDisplayKeywords.selectSecondaryDisplay_AvailableRemark is PASSED

2019-01-11 16:44:50 - [TEST_STEP][PASSED] - tap(findTestObject("ShopOpen/RemainingMainCategories/SecondaryDisplay/Available/SKDNA_CategoryRemark_BackButton", ["package":PACKAGENAME]), 0): Tapped on element 'Object Repository/ShopOpen/RemainingMainCategories/SecondaryDisplay/Available/SKDNA_CategoryRemark_BackButton'

2019-01-11 16:44:50 - [MESSAGE][WARNING] - Timeout '0' is invalid. Using default page load timeout: '5'

2019-01-11 16:44:51 - [MESSAGE][PASSED] - Tapped on element 'Object Repository/ShopOpen/RemainingMainCategories/SecondaryDisplay/Available/SKDNA_CategoryRemark_BackButton'

2019-01-11 16:44:51 - [TEST_STEP][PASSED] - verifyElementExist(findTestObject("ShopOpen/RemainingMainCategories/SecondaryDisplay/Available/Validate_AvailableRemarksScreen", ["package":PACKAGENAME]), 0): Element 'Object Repository/ShopOpen/RemainingMainCategories/SecondaryDisplay/Available/Validate_AvailableRemarksScreen' is exist

2019-01-11 16:44:51 - [MESSAGE][WARNING] - Timeout '0' is invalid. Using default page load timeout: '5'

2019-01-11 16:44:52 - [MESSAGE][PASSED] - Element 'Object Repository/ShopOpen/RemainingMainCategories/SecondaryDisplay/Available/Validate_AvailableRemarksScreen' is exist

2019-01-11 16:44:52 - [TEST_STEP][PASSED] - tap(findTestObject("ShopOpen/RemainingMainCategories/SecondaryDisplay/Available/AvailableRemarks_BackButton", ["package":PACKAGENAME]), 0): Tapped on element 'Object Repository/ShopOpen/RemainingMainCategories/SecondaryDisplay/Available/AvailableRemarks_BackButton'

2019-01-11 16:44:52 - [MESSAGE][WARNING] - Timeout '0' is invalid. Using default page load timeout: '5'

2019-01-11 16:44:53 - [MESSAGE][PASSED] - Tapped on element 'Object Repository/ShopOpen/RemainingMainCategories/SecondaryDisplay/Available/AvailableRemarks_BackButton'

2019-01-11 16:44:53 - [TEST_STEP][PASSED] - verifyElementText(findTestObject("ShopOpen/RemainingMainCategories/SecondaryDisplay/Available/Validate_UtilizationPopUpScreen", ["package":PACKAGENAME]), "Utilization"): Actual text and expected text of test object 'Object Repository/ShopOpen/RemainingMainCategories/SecondaryDisplay/Available/Validate_UtilizationPopUpScreen' are matched.

2019-01-11 16:44:54 - [MESSAGE][PASSED] - Actual text and expected text of test object 'Object Repository/ShopOpen/RemainingMainCategories/SecondaryDisplay/Available/Validate_UtilizationPopUpScreen' are matched.

2019-01-11 16:44:54 - [TEST_STEP][PASSED] - com.ct.qa.keywords.SecondaryDisplayKeywords.enterUtilizationForSecondaryDisplay(1): com.ct.qa.keywords.SecondaryDisplayKeywords.enterUtilizationForSecondaryDisplay is PASSED

2019-01-11 16:44:59 - [MESSAGE][PASSED] - com.ct.qa.keywords.SecondaryDisplayKeywords.enterUtilizationForSecondaryDisplay is PASSED

2019-01-11 16:44:59 - [TEST_STEP][PASSED] - hideKeyboard(): Keyboard is hidden

2019-01-11 16:45:00 - [MESSAGE][PASSED] - Keyboard is hidden

2019-01-11 16:45:00 - [TEST_STEP][PASSED] - tap(findTestObject("ShopOpen/RemainingMainCategories/SecondaryDisplay/Available/Utilization_SubmitButton", ["package":PACKAGENAME]), 0, STOP_ON_FAILURE): Tapped on element 'Object Repository/ShopOpen/RemainingMainCategories/SecondaryDisplay/Available/Utilization_SubmitButton'

2019-01-11 16:45:00 - [MESSAGE][WARNING] - Timeout '0' is invalid. Using default page load timeout: '5'

2019-01-11 16:45:01 - [MESSAGE][PASSED] - Tapped on element 'Object Repository/ShopOpen/RemainingMainCategories/SecondaryDisplay/Available/Utilization_SubmitButton'

2019-01-11 16:45:01 - [TEST_STEP][PASSED] - verifyElementExist(findTestObject("ShopOpen/RemainingMainCategories/SecondaryDisplay/Available/Validate_UnitsListScreen", ["package":PACKAGENAME]), 0): Element 'Object Repository/ShopOpen/RemainingMainCategories/SecondaryDisplay/Available/Validate_UnitsListScreen' is exist

2019-01-11 16:45:01 - [MESSAGE][WARNING] - Timeout '0' is invalid. Using default page load timeout: '5'

2019-01-11 16:45:01 - [MESSAGE][PASSED] - Element 'Object Repository/ShopOpen/RemainingMainCategories/SecondaryDisplay/Available/Validate_UnitsListScreen' is exist

2019-01-11 16:45:01 - [MESSAGE][PASSED] - Call Test Case 'Test Cases/ShopOpen/RemainingMainCategories/SecondaryDisplay/Available/VisitAvailableWith_SKDNA' successfully

2019-01-11 16:45:04 - [TEST_CASE][PASSED] - Test Cases/ShopOpen/RemainingMainCategories/SecondaryDisplay/Available/VisitAvailable_WithDisplayUnitIsInPerfectCondition: Test Cases/ShopOpen/RemainingMainCategories/SecondaryDisplay/Available/VisitAvailable_WithDisplayUnitIsInPerfectCondition

2019-01-11 16:45:04 - [TEST_STEP][PASSED] - verifyElementExist(findTestObject("CommonScreenElements/Validate_CameraScreen", ["package":PACKAGENAME]), 0): Element 'Object Repository/CommonScreenElements/Validate_CameraScreen' is exist

2019-01-11 16:45:04 - [MESSAGE][WARNING] - Timeout '0' is invalid. Using default page load timeout: '5'

2019-01-11 16:45:05 - [MESSAGE][PASSED] - Element 'Object Repository/CommonScreenElements/Validate_CameraScreen' is exist

2019-01-11 16:45:05 - [TEST_STEP][PASSED] - tap(findTestObject("CommonScreenElements/TakePictureButton", ["package":PACKAGENAME]), 0): Tapped on element 'Object Repository/CommonScreenElements/TakePictureButton'

2019-01-11 16:45:05 - [MESSAGE][WARNING] - Timeout '0' is invalid. Using default page load timeout: '5'

2019-01-11 16:45:08 - [MESSAGE][PASSED] - Tapped on element 'Object Repository/CommonScreenElements/TakePictureButton'

2019-01-11 16:45:08 - [TEST_STEP][PASSED] - delay(5, STOP_ON_FAILURE): Delayed 5 second(s)

2019-01-11 16:45:13 - [MESSAGE][PASSED] - Delayed 5 second(s)

2019-01-11 16:45:13 - [TEST_STEP][PASSED] - tap(findTestObject("CommonScreenElements/DoneButton", ["package":PACKAGENAME]), 0): Tapped on element 'Object Repository/CommonScreenElements/DoneButton'

2019-01-11 16:45:13 - [MESSAGE][WARNING] - Timeout '0' is invalid. Using default page load timeout: '5'

2019-01-11 16:45:14 - [MESSAGE][PASSED] - Tapped on element 'Object Repository/CommonScreenElements/DoneButton'

2019-01-11 16:45:14 - [TEST_STEP][PASSED] - verifyElementExist(findTestObject("ShopOpen/RemainingMainCategories/SecondaryDisplay/Available/Validate_AvailableRemarksScreen", ["package":PACKAGENAME]), 0): Element 'Object Repository/ShopOpen/RemainingMainCategories/SecondaryDisplay/Available/Validate_AvailableRemarksScreen' is exist

2019-01-11 16:45:14 - [MESSAGE][WARNING] - Timeout '0' is invalid. Using default page load timeout: '5'

2019-01-11 16:45:16 - [MESSAGE][PASSED] - Element 'Object Repository/ShopOpen/RemainingMainCategories/SecondaryDisplay/Available/Validate_AvailableRemarksScreen' is exist

2019-01-11 16:45:16 - [TEST_STEP][PASSED] - com.ct.qa.keywords.SecondaryDisplayKeywords.selectSecondaryDisplay_AvailableRemark("Display Unit is in perfect condition", 0): com.ct.qa.keywords.SecondaryDisplayKeywords.selectSecondaryDisplay_AvailableRemark is PASSED

2019-01-11 16:45:17 - [MESSAGE][PASSED] - com.ct.qa.keywords.SecondaryDisplayKeywords.selectSecondaryDisplay_AvailableRemark is PASSED

2019-01-11 16:45:17 - [TEST_STEP][PASSED] - verifyElementText(findTestObject("ShopOpen/RemainingMainCategories/SecondaryDisplay/Available/Validate_UtilizationPopUpScreen", ["package":PACKAGENAME]), "Utilization"): Actual text and expected text of test object 'Object Repository/ShopOpen/RemainingMainCategories/SecondaryDisplay/Available/Validate_UtilizationPopUpScreen' are matched.

2019-01-11 16:45:18 - [MESSAGE][PASSED] - Actual text and expected text of test object 'Object Repository/ShopOpen/RemainingMainCategories/SecondaryDisplay/Available/Validate_UtilizationPopUpScreen' are matched.

2019-01-11 16:45:18 - [TEST_STEP][PASSED] - com.ct.qa.keywords.SecondaryDisplayKeywords.enterUtilizationForSecondaryDisplay(1): com.ct.qa.keywords.SecondaryDisplayKeywords.enterUtilizationForSecondaryDisplay is PASSED

2019-01-11 16:45:23 - [MESSAGE][PASSED] - com.ct.qa.keywords.SecondaryDisplayKeywords.enterUtilizationForSecondaryDisplay is PASSED

2019-01-11 16:45:23 - [TEST_STEP][PASSED] - hideKeyboard(): Keyboard is hidden

2019-01-11 16:45:24 - [MESSAGE][PASSED] - Keyboard is hidden

2019-01-11 16:45:24 - [TEST_STEP][PASSED] - tap(findTestObject("ShopOpen/RemainingMainCategories/SecondaryDisplay/Available/Utilization_SubmitButton", ["package":PACKAGENAME]), 0, STOP_ON_FAILURE): Tapped on element 'Object Repository/ShopOpen/RemainingMainCategories/SecondaryDisplay/Available/Utilization_SubmitButton'

2019-01-11 16:45:24 - [MESSAGE][WARNING] - Timeout '0' is invalid. Using default page load timeout: '5'

2019-01-11 16:45:25 - [MESSAGE][PASSED] - Tapped on element 'Object Repository/ShopOpen/RemainingMainCategories/SecondaryDisplay/Available/Utilization_SubmitButton'

2019-01-11 16:45:25 - [TEST_STEP][PASSED] - verifyElementExist(findTestObject("ShopOpen/RemainingMainCategories/SecondaryDisplay/Available/Validate_UnitsListScreen", ["package":PACKAGENAME]), 0): Element 'Object Repository/ShopOpen/RemainingMainCategories/SecondaryDisplay/Available/Validate_UnitsListScreen' is exist

2019-01-11 16:45:25 - [MESSAGE][WARNING] - Timeout '0' is invalid. Using default page load timeout: '5'

2019-01-11 16:45:25 - [MESSAGE][PASSED] - Element 'Object Repository/ShopOpen/RemainingMainCategories/SecondaryDisplay/Available/Validate_UnitsListScreen' is exist

2019-01-11 16:45:25 - [MESSAGE][PASSED] - Call Test Case 'Test Cases/ShopOpen/RemainingMainCategories/SecondaryDisplay/Available/VisitAvailable_WithDisplayUnitIsInPerfectCondition' successfully

2019-01-11 16:45:25 - [MESSAGE][PASSED] - com.ct.qa.keywords.SecondaryDisplayKeywords.visitSecondaryDisplayUnitsList is PASSED

2019-01-11 16:45:25 - [TEST_STEP][PASSED] - tap(findTestObject("ShopOpen/RemainingMainCategories/SecondaryDisplay/Available/UnitsList_BackButton"), 0): Tapped on element 'Object Repository/ShopOpen/RemainingMainCategories/SecondaryDisplay/Available/UnitsList_BackButton'

2019-01-11 16:45:25 - [MESSAGE][WARNING] - Timeout '0' is invalid. Using default page load timeout: '5'

2019-01-11 16:45:26 - [MESSAGE][PASSED] - Tapped on element 'Object Repository/ShopOpen/RemainingMainCategories/SecondaryDisplay/Available/UnitsList_BackButton'

2019-01-11 16:45:26 - [TEST_STEP][PASSED] - verifyElementExist(findTestObject("ShopOpen/RemainingMainCategories/Validate_MainCategoryDetailActionScreen", ["package":PACKAGENAME]), 0): Element 'Object Repository/ShopOpen/RemainingMainCategories/Validate_MainCategoryDetailActionScreen' is exist

2019-01-11 16:45:26 - [MESSAGE][WARNING] - Timeout '0' is invalid. Using default page load timeout: '5'

2019-01-11 16:45:27 - [MESSAGE][PASSED] - Element 'Object Repository/ShopOpen/RemainingMainCategories/Validate_MainCategoryDetailActionScreen' is exist

2019-01-11 16:45:27 - [MESSAGE][PASSED] - Call Test Case 'Test Cases/ShopOpen/RemainingMainCategories/SecondaryDisplay/Available/VisitSecondaryDisplayAvailable' successfully

2019-01-11 16:45:27 - [MESSAGE][PASSED] - com.ct.qa.keywords.SecondaryDisplayKeywords.selectSecondaryDisplayRemark_WithDataVerification is PASSED

2019-01-11 16:45:27 - [MESSAGE][PASSED] - Call Test Case 'Test Cases/ShopOpen/RemainingMainCategories/SecondaryDisplay/SecondaryDisplay_VisitingScenarios/VisitSecondaryDisplayWith_DataVerification' successfully

2019-01-11 16:45:27 - [MESSAGE][PASSED] - com.ct.qa.keywords.RemainingMainCategoryRemarksVisitingScenariosKeywords.visitRemarksWith_DataVerification is PASSED

2019-01-11 16:45:27 - [TEST_STEP][PASSED] - tap(findTestObject("ShopOpen/RemainingMainCategories/BackButton", ["package":PACKAGENAME]), 0): Tapped on element 'Object Repository/ShopOpen/RemainingMainCategories/BackButton'

2019-01-11 16:45:27 - [MESSAGE][WARNING] - Timeout '0' is invalid. Using default page load timeout: '5'

2019-01-11 16:45:27 - [MESSAGE][PASSED] - Tapped on element 'Object Repository/ShopOpen/RemainingMainCategories/BackButton'

2019-01-11 16:45:27 - [TEST_STEP][PASSED] - verifyElementExist(findTestObject("ShopOpen/Validate_ShopCategoriesListScreen", ["package":PACKAGENAME]), 0): Element 'Object Repository/ShopOpen/Validate_ShopCategoriesListScreen' is exist

2019-01-11 16:45:27 - [MESSAGE][WARNING] - Timeout '0' is invalid. Using default page load timeout: '5'

2019-01-11 16:45:29 - [MESSAGE][PASSED] - Element 'Object Repository/ShopOpen/Validate_ShopCategoriesListScreen' is exist

2019-01-11 16:45:29 - [MESSAGE][PASSED] - Call Test Case 'Test Cases/ShopOpen/RemainingMainCategories/MainCategoryRemarksVisitingScenarios/VisitRemarksWith_DataVerification' successfully

2019-01-11 16:45:30 - [TEST_CASE][PASSED] - Test Cases/ShopOpen/RemainingMainCategories/MainCategoryRemarksVisitingScenarios/VisitRemarksWith_DataVerification: Test Cases/ShopOpen/RemainingMainCategories/MainCategoryRemarksVisitingScenarios/VisitRemarksWith_DataVerification

2019-01-11 16:45:30 - [TEST_STEP][PASSED] - verifyElementExist(findTestObject("ShopOpen/RemainingMainCategories/Validate_MainCategoryDetailActionScreen", ["package":PACKAGENAME]), 0): Element 'Object Repository/ShopOpen/RemainingMainCategories/Validate_MainCategoryDetailActionScreen' is exist

2019-01-11 16:45:30 - [MESSAGE][WARNING] - Timeout '0' is invalid. Using default page load timeout: '5'

2019-01-11 16:45:31 - [MESSAGE][PASSED] - Element 'Object Repository/ShopOpen/RemainingMainCategories/Validate_MainCategoryDetailActionScreen' is exist

2019-01-11 16:45:31 - [TEST_STEP][PASSED] - com.ct.qa.keywords.RemainingMainCategoryRemarksVisitingScenariosKeywords.visitRemarksWith_DataVerification(): com.ct.qa.keywords.RemainingMainCategoryRemarksVisitingScenariosKeywords.visitRemarksWith_DataVerification is PASSED

2019-01-11 16:45:34 - [TEST_CASE][PASSED] - Test Cases/ShopOpen/RemainingMainCategories/Availability/VisitAvailability_WithYesRemark: Test Cases/ShopOpen/RemainingMainCategories/Availability/VisitAvailability_WithYesRemark

2019-01-11 16:45:34 - [TEST_STEP][PASSED] - verifyElementExist(findTestObject("ShopOpen/RemainingMainCategories/_Availability/Validate_SubCategoriesScreen", ["package":PACKAGENAME]), 0): Element 'Object Repository/ShopOpen/RemainingMainCategories/_Availability/Validate_SubCategoriesScreen' is exist

2019-01-11 16:45:34 - [MESSAGE][WARNING] - Timeout '0' is invalid. Using default page load timeout: '5'

2019-01-11 16:45:36 - [MESSAGE][PASSED] - Element 'Object Repository/ShopOpen/RemainingMainCategories/_Availability/Validate_SubCategoriesScreen' is exist

2019-01-11 16:45:36 - [TEST_STEP][PASSED] - com.ct.qa.keywords.AvailabilityKeywords.visitAvailabilitySubCategories(1): com.ct.qa.keywords.AvailabilityKeywords.visitAvailabilitySubCategories is PASSED

2019-01-11 16:45:37 - [TEST_CASE][PASSED] - Test Cases/ShopOpen/RemainingMainCategories/Availability/VisitSubCategories_WithYesRemarks: Test Cases/ShopOpen/RemainingMainCategories/Availability/VisitSubCategories_WithYesRemarks

2019-01-11 16:45:37 - [TEST_STEP][PASSED] - verifyElementText(findTestObject("ShopOpen/RemainingMainCategories/_Availability/Validate_SubCategoryDetailScreen", ["package":PACKAGENAME]), "Availability"): Actual text and expected text of test object 'Object Repository/ShopOpen/RemainingMainCategories/_Availability/Validate_SubCategoryDetailScreen' are matched.

2019-01-11 16:45:39 - [MESSAGE][PASSED] - Actual text and expected text of test object 'Object Repository/ShopOpen/RemainingMainCategories/_Availability/Validate_SubCategoryDetailScreen' are matched.

2019-01-11 16:45:39 - [TEST_STEP][PASSED] - tap(findTestObject("ShopOpen/RemainingMainCategories/_Availability/Availability", ["package":PACKAGENAME]), 0): Tapped on element 'Object Repository/ShopOpen/RemainingMainCategories/_Availability/Availability'

2019-01-11 16:45:39 - [MESSAGE][WARNING] - Timeout '0' is invalid. Using default page load timeout: '5'

2019-01-11 16:45:40 - [MESSAGE][PASSED] - Tapped on element 'Object Repository/ShopOpen/RemainingMainCategories/_Availability/Availability'

2019-01-11 16:45:40 - [TEST_STEP][PASSED] - verifyElementText(findTestObject("ShopOpen/RemainingMainCategories/_Availability/Validate_ProductAvailabilityScreen", ["package":PACKAGENAME]), "Availability"): Actual text and expected text of test object 'Object Repository/ShopOpen/RemainingMainCategories/_Availability/Validate_ProductAvailabilityScreen' are matched.

2019-01-11 16:45:41 - [MESSAGE][PASSED] - Actual text and expected text of test object 'Object Repository/ShopOpen/RemainingMainCategories/_Availability/Validate_ProductAvailabilityScreen' are matched.

2019-01-11 16:45:41 - [TEST_STEP][PASSED] - com.ct.qa.keywords.AvailabilityKeywords.visitProductsAvailabilityWithYesRemarks(): com.ct.qa.keywords.AvailabilityKeywords.visitProductsAvailabilityWithYesRemarks is PASSED

2019-01-11 16:45:54 - [MESSAGE][PASSED] - Swiped from 0,275 to 0,200

2019-01-11 16:45:57 - [MESSAGE][PASSED] - Swiped from 0,274 to 0,200

2019-01-11 16:46:01 - [MESSAGE][PASSED] - Swiped from 0,275 to 0,200

2019-01-11 16:46:05 - [MESSAGE][PASSED] - Swiped from 0,274 to 0,200

2019-01-11 16:46:08 - [MESSAGE][PASSED] - Swiped from 0,275 to 0,200

2019-01-11 16:46:08 - [MESSAGE][PASSED] - com.ct.qa.keywords.AvailabilityKeywords.visitProductsAvailabilityWithYesRemarks is PASSED

2019-01-11 16:46:08 - [TEST_STEP][PASSED] - tap(findTestObject("ShopOpen/RemainingMainCategories/_Availability/ProductAvailability_SubmitButton", ["package":PACKAGENAME]), 0): Tapped on element 'Object Repository/ShopOpen/RemainingMainCategories/_Availability/ProductAvailability_SubmitButton'

2019-01-11 16:46:08 - [MESSAGE][WARNING] - Timeout '0' is invalid. Using default page load timeout: '5'

2019-01-11 16:46:09 - [MESSAGE][PASSED] - Tapped on element 'Object Repository/ShopOpen/RemainingMainCategories/_Availability/ProductAvailability_SubmitButton'

2019-01-11 16:46:09 - [TEST_STEP][PASSED] - verifyElementText(findTestObject("ShopOpen/RemainingMainCategories/_Availability/Validate_SubCategoryDetailScreen", ["package":PACKAGENAME]), "Availability"): Actual text and expected text of test object 'Object Repository/ShopOpen/RemainingMainCategories/_Availability/Validate_SubCategoryDetailScreen' are matched.

2019-01-11 16:46:10 - [MESSAGE][PASSED] - Actual text and expected text of test object 'Object Repository/ShopOpen/RemainingMainCategories/_Availability/Validate_SubCategoryDetailScreen' are matched.

2019-01-11 16:46:10 - [TEST_STEP][PASSED] - pressBack(): Press back button successfully

2019-01-11 16:46:10 - [MESSAGE][PASSED] - Press back button successfully

2019-01-11 16:46:10 - [TEST_STEP][PASSED] - verifyElementExist(findTestObject("ShopOpen/RemainingMainCategories/_Availability/Validate_SubCategoriesScreen", ["package":PACKAGENAME]), 0): Element 'Object Repository/ShopOpen/RemainingMainCategories/_Availability/Validate_SubCategoriesScreen' is exist

2019-01-11 16:46:10 - [MESSAGE][WARNING] - Timeout '0' is invalid. Using default page load timeout: '5'

2019-01-11 16:46:11 - [MESSAGE][PASSED] - Element 'Object Repository/ShopOpen/RemainingMainCategories/_Availability/Validate_SubCategoriesScreen' is exist

2019-01-11 16:46:11 - [MESSAGE][PASSED] - Call Test Case 'Test Cases/ShopOpen/RemainingMainCategories/Availability/VisitSubCategories_WithYesRemarks' successfully

2019-01-11 16:46:11 - [MESSAGE][PASSED] - com.ct.qa.keywords.AvailabilityKeywords.visitAvailabilitySubCategories is PASSED

2019-01-11 16:46:11 - [TEST_STEP][PASSED] - pressBack(): Press back button successfully

2019-01-11 16:46:12 - [MESSAGE][PASSED] - Press back button successfully

2019-01-11 16:46:12 - [TEST_STEP][PASSED] - verifyElementExist(findTestObject("ShopOpen/RemainingMainCategories/Validate_MainCategoryDetailActionScreen", ["package":PACKAGENAME]), 0): Element 'Object Repository/ShopOpen/RemainingMainCategories/Validate_MainCategoryDetailActionScreen' is exist

2019-01-11 16:46:12 - [MESSAGE][WARNING] - Timeout '0' is invalid. Using default page load timeout: '5'

2019-01-11 16:46:13 - [MESSAGE][PASSED] - Element 'Object Repository/ShopOpen/RemainingMainCategories/Validate_MainCategoryDetailActionScreen' is exist

2019-01-11 16:46:13 - [MESSAGE][PASSED] - Call Test Case 'Test Cases/ShopOpen/RemainingMainCategories/Availability/VisitAvailability_WithYesRemark' successfully

2019-01-11 16:46:13 - [TEST_CASE][PASSED] - Test Cases/ShopOpen/RemainingMainCategories/PrimaryDisplay/VisitPrimaryDisplayWith_DataVerification: Test Cases/ShopOpen/RemainingMainCategories/PrimaryDisplay/VisitPrimaryDisplayWith_DataVerification

2019-01-11 16:46:13 - [TEST_STEP][PASSED] - verifyElementExist(findTestObject("ShopOpen/RemainingMainCategories/PrimaryDisplay/Validate_PrimaryDisplayRemarksScreen", ["package":PACKAGENAME]), 0): Element 'Object Repository/ShopOpen/RemainingMainCategories/PrimaryDisplay/Validate_PrimaryDisplayRemarksScreen' is exist

2019-01-11 16:46:13 - [MESSAGE][WARNING] - Timeout '0' is invalid. Using default page load timeout: '5'

2019-01-11 16:46:15 - [MESSAGE][PASSED] - Element 'Object Repository/ShopOpen/RemainingMainCategories/PrimaryDisplay/Validate_PrimaryDisplayRemarksScreen' is exist

2019-01-11 16:46:15 - [TEST_STEP][PASSED] - com.ct.qa.keywords.PrimaryDisplayKeywords.selectPrimaryDisplayRemark_ForDataVerfication(): com.ct.qa.keywords.PrimaryDisplayKeywords.selectPrimaryDisplayRemark_ForDataVerfication is PASSED

2019-01-11 16:46:16 - [MESSAGE][WARNING] - Timeout '0' is invalid. Using default page load timeout: '5'

2019-01-11 16:46:18 - [MESSAGE][PASSED] - Element 'Object Repository/CommonScreenElements/Validate_CameraScreen' is exist

2019-01-11 16:46:18 - [MESSAGE][WARNING] - Timeout '0' is invalid. Using default page load timeout: '5'

2019-01-11 16:46:22 - [MESSAGE][PASSED] - Tapped on element 'Object Repository/CommonScreenElements/TakePictureButton'

2019-01-11 16:46:27 - [MESSAGE][PASSED] - Delayed 5 second(s)

2019-01-11 16:46:27 - [MESSAGE][WARNING] - Timeout '0' is invalid. Using default page load timeout: '5'

2019-01-11 16:46:28 - [MESSAGE][PASSED] - Tapped on element 'Object Repository/CommonScreenElements/DoneButton'

2019-01-11 16:46:28 - [TEST_CASE][PASSED] - Test Cases/ShopOpen/RemainingMainCategories/PrimaryDisplay/DisplaySpaceAvailable/VisitDSA: Test Cases/ShopOpen/RemainingMainCategories/PrimaryDisplay/DisplaySpaceAvailable/VisitDSA

2019-01-11 16:46:28 - [TEST_STEP][PASSED] - verifyElementExist(findTestObject("ShopOpen/RemainingMainCategories/PrimaryDisplay/DisplaySpaceAvailable/Validate_SubCategoriesScreen", ["package":PACKAGENAME]), 0): Element 'Object Repository/ShopOpen/RemainingMainCategories/PrimaryDisplay/DisplaySpaceAvailable/Validate_SubCategoriesScreen' is exist

2019-01-11 16:46:28 - [MESSAGE][WARNING] - Timeout '0' is invalid. Using default page load timeout: '5'

2019-01-11 16:46:29 - [MESSAGE][PASSED] - Element 'Object Repository/ShopOpen/RemainingMainCategories/PrimaryDisplay/DisplaySpaceAvailable/Validate_SubCategoriesScreen' is exist

2019-01-11 16:46:29 - [TEST_STEP][PASSED] - com.ct.qa.keywords.PrimaryDisplayKeywords.visitPrimaryDisplay_WithDSASubCategories(1): com.ct.qa.keywords.PrimaryDisplayKeywords.visitPrimaryDisplay_WithDSASubCategories is PASSED

2019-01-11 16:46:31 - [TEST_CASE][PASSED] - Test Cases/ShopOpen/RemainingMainCategories/PrimaryDisplay/DisplaySpaceAvailable/VisitDSA_SubCategories: Test Cases/ShopOpen/RemainingMainCategories/PrimaryDisplay/DisplaySpaceAvailable/VisitDSA_SubCategories

2019-01-11 16:46:31 - [TEST_STEP][PASSED] - verifyElementText(findTestObject("ShopOpen/RemainingMainCategories/PrimaryDisplay/DisplaySpaceAvailable/Validate_ShareOfShelfScreen", ["package":PACKAGENAME]), "Share of shelf"): Actual text and expected text of test object 'Object Repository/ShopOpen/RemainingMainCategories/PrimaryDisplay/DisplaySpaceAvailable/Validate_ShareOfShelfScreen' are matched.

2019-01-11 16:46:32 - [MESSAGE][PASSED] - Actual text and expected text of test object 'Object Repository/ShopOpen/RemainingMainCategories/PrimaryDisplay/DisplaySpaceAvailable/Validate_ShareOfShelfScreen' are matched.

2019-01-11 16:46:32 - [TEST_STEP][PASSED] - tap(findTestObject("ShopOpen/RemainingMainCategories/PrimaryDisplay/DisplaySpaceAvailable/ShareOfShelf", ["package":PACKAGENAME]), 0): Tapped on element 'Object Repository/ShopOpen/RemainingMainCategories/PrimaryDisplay/DisplaySpaceAvailable/ShareOfShelf'

2019-01-11 16:46:32 - [MESSAGE][WARNING] - Timeout '0' is invalid. Using default page load timeout: '5'

2019-01-11 16:46:32 - [MESSAGE][PASSED] - Tapped on element 'Object Repository/ShopOpen/RemainingMainCategories/PrimaryDisplay/DisplaySpaceAvailable/ShareOfShelf'

2019-01-11 16:46:32 - [TEST_STEP][PASSED] - verifyElementText(findTestObject("ShopOpen/RemainingMainCategories/PrimaryDisplay/DisplaySpaceAvailable/Validate_ShareOfShelfProductsScreen", ["package":PACKAGENAME]), "Share of shelf"): Actual text and expected text of test object 'Object Repository/ShopOpen/RemainingMainCategories/PrimaryDisplay/DisplaySpaceAvailable/Validate_ShareOfShelfProductsScreen' are matched.

2019-01-11 16:46:34 - [MESSAGE][PASSED] - Actual text and expected text of test object 'Object Repository/ShopOpen/RemainingMainCategories/PrimaryDisplay/DisplaySpaceAvailable/Validate_ShareOfShelfProductsScreen' are matched.

2019-01-11 16:46:34 - [TEST_STEP][PASSED] - com.ct.qa.keywords.PrimaryDisplayKeywords.visitDSA_Products(DISPLAYSPACEAVAILABLE): com.ct.qa.keywords.PrimaryDisplayKeywords.visitDSA_Products is PASSED

2019-01-11 16:46:39 - [MESSAGE][PASSED] - Keyboard is hidden

2019-01-11 16:46:42 - [MESSAGE][PASSED] - Keyboard is hidden

2019-01-11 16:46:45 - [MESSAGE][PASSED] - Keyboard is hidden

2019-01-11 16:46:48 - [MESSAGE][PASSED] - Keyboard is hidden

2019-01-11 16:46:51 - [MESSAGE][PASSED] - Keyboard is hidden

2019-01-11 16:46:54 - [MESSAGE][PASSED] - Keyboard is hidden

2019-01-11 16:46:57 - [MESSAGE][PASSED] - Swiped from 88,359 to 88,250

2019-01-11 16:47:00 - [MESSAGE][PASSED] - Keyboard is hidden

2019-01-11 16:47:02 - [MESSAGE][PASSED] - Swiped from 88,359 to 88,250

2019-01-11 16:47:05 - [MESSAGE][PASSED] - Keyboard is hidden

2019-01-11 16:47:07 - [MESSAGE][PASSED] - Swiped from 88,359 to 88,250

2019-01-11 16:47:10 - [MESSAGE][PASSED] - Keyboard is hidden

2019-01-11 16:47:12 - [MESSAGE][PASSED] - Swiped from 88,359 to 88,250

2019-01-11 16:47:15 - [MESSAGE][PASSED] - Keyboard is hidden

2019-01-11 16:47:17 - [MESSAGE][PASSED] - Swiped from 88,359 to 88,250

2019-01-11 16:47:20 - [MESSAGE][PASSED] - Keyboard is hidden

2019-01-11 16:47:22 - [MESSAGE][PASSED] - Swiped from 88,359 to 88,250

2019-01-11 16:47:25 - [MESSAGE][PASSED] - Keyboard is hidden

2019-01-11 16:47:27 - [MESSAGE][PASSED] - Swiped from 88,359 to 88,250

2019-01-11 16:47:30 - [MESSAGE][PASSED] - Keyboard is hidden

2019-01-11 16:47:32 - [MESSAGE][PASSED] - Swiped from 88,359 to 88,250

2019-01-11 16:47:33 - [MESSAGE][PASSED] - com.ct.qa.keywords.PrimaryDisplayKeywords.visitDSA_Products is PASSED

2019-01-11 16:47:33 - [TEST_STEP][PASSED] - tap(findTestObject("ShopOpen/RemainingMainCategories/PrimaryDisplay/DisplaySpaceAvailable/SubmitButton", ["package":PACKAGENAME]), 0): Tapped on element 'Object Repository/ShopOpen/RemainingMainCategories/PrimaryDisplay/DisplaySpaceAvailable/SubmitButton'

2019-01-11 16:47:33 - [MESSAGE][WARNING] - Timeout '0' is invalid. Using default page load timeout: '5'

2019-01-11 16:47:34 - [MESSAGE][PASSED] - Tapped on element 'Object Repository/ShopOpen/RemainingMainCategories/PrimaryDisplay/DisplaySpaceAvailable/SubmitButton'

2019-01-11 16:47:34 - [TEST_STEP][PASSED] - verifyElementText(findTestObject("ShopOpen/RemainingMainCategories/PrimaryDisplay/DisplaySpaceAvailable/Validate_AlertScreen", ["package":PACKAGENAME]), "Alert"): Actual text and expected text of test object 'Object Repository/ShopOpen/RemainingMainCategories/PrimaryDisplay/DisplaySpaceAvailable/Validate_AlertScreen' are matched.

2019-01-11 16:47:35 - [MESSAGE][PASSED] - Actual text and expected text of test object 'Object Repository/ShopOpen/RemainingMainCategories/PrimaryDisplay/DisplaySpaceAvailable/Validate_AlertScreen' are matched.

2019-01-11 16:47:35 - [TEST_STEP][PASSED] - tap(findTestObject("ShopOpen/RemainingMainCategories/PrimaryDisplay/DisplaySpaceAvailable/Alert_SaveButton", ["package":PACKAGENAME]), 0): Tapped on element 'Object Repository/ShopOpen/RemainingMainCategories/PrimaryDisplay/DisplaySpaceAvailable/Alert_SaveButton'

2019-01-11 16:47:35 - [MESSAGE][WARNING] - Timeout '0' is invalid. Using default page load timeout: '5'

2019-01-11 16:47:35 - [MESSAGE][PASSED] - Tapped on element 'Object Repository/ShopOpen/RemainingMainCategories/PrimaryDisplay/DisplaySpaceAvailable/Alert_SaveButton'

2019-01-11 16:47:35 - [TEST_STEP][PASSED] - verifyElementText(findTestObject("ShopOpen/RemainingMainCategories/PrimaryDisplay/DisplaySpaceAvailable/Validate_ShareOfShelfScreen", ["package":PACKAGENAME]), "Share of shelf"): Actual text and expected text of test object 'Object Repository/ShopOpen/RemainingMainCategories/PrimaryDisplay/DisplaySpaceAvailable/Validate_ShareOfShelfScreen' are matched.

2019-01-11 16:47:36 - [MESSAGE][PASSED] - Actual text and expected text of test object 'Object Repository/ShopOpen/RemainingMainCategories/PrimaryDisplay/DisplaySpaceAvailable/Validate_ShareOfShelfScreen' are matched.

2019-01-11 16:47:36 - [TEST_STEP][PASSED] - tap(findTestObject("ShopOpen/RemainingMainCategories/PrimaryDisplay/DisplaySpaceAvailable/ShareofShelf_BackButton", ["package":PACKAGENAME]), 0): Tapped on element 'Object Repository/ShopOpen/RemainingMainCategories/PrimaryDisplay/DisplaySpaceAvailable/ShareofShelf_BackButton'

2019-01-11 16:47:36 - [MESSAGE][WARNING] - Timeout '0' is invalid. Using default page load timeout: '5'

2019-01-11 16:47:36 - [MESSAGE][PASSED] - Tapped on element 'Object Repository/ShopOpen/RemainingMainCategories/PrimaryDisplay/DisplaySpaceAvailable/ShareofShelf_BackButton'

2019-01-11 16:47:36 - [TEST_STEP][PASSED] - verifyElementExist(findTestObject("ShopOpen/RemainingMainCategories/PrimaryDisplay/DisplaySpaceAvailable/Validate_SubCategoriesScreen", ["package":PACKAGENAME]), 0): Element 'Object Repository/ShopOpen/RemainingMainCategories/PrimaryDisplay/DisplaySpaceAvailable/Validate_SubCategoriesScreen' is exist

2019-01-11 16:47:36 - [MESSAGE][WARNING] - Timeout '0' is invalid. Using default page load timeout: '5'

2019-01-11 16:47:37 - [MESSAGE][PASSED] - Element 'Object Repository/ShopOpen/RemainingMainCategories/PrimaryDisplay/DisplaySpaceAvailable/Validate_SubCategoriesScreen' is exist

2019-01-11 16:47:37 - [MESSAGE][PASSED] - Call Test Case 'Test Cases/ShopOpen/RemainingMainCategories/PrimaryDisplay/DisplaySpaceAvailable/VisitDSA_SubCategories' successfully

2019-01-11 16:47:37 - [MESSAGE][PASSED] - com.ct.qa.keywords.PrimaryDisplayKeywords.visitPrimaryDisplay_WithDSASubCategories is PASSED

2019-01-11 16:47:37 - [TEST_STEP][PASSED] - com.ct.qa.keywords.CommonKeywords.findPlanogramImageView(): com.ct.qa.keywords.CommonKeywords.findPlanogramImageView is PASSED

2019-01-11 16:47:39 - [MESSAGE][WARNING] - Timeout '0' is invalid. Using default page load timeout: '5'

2019-01-11 16:47:45 - [MESSAGE][WARNING] - Object Object Repository/CommonScreenElements/InfoPopUp_OKButton not found
[[ATTACHMENT|F:\\Git Projects\\PnG_Merchandising\\PnG_Merchandising\\Reports\\PnG Merchandising With Channel Wise Data Verification\\20190111_162651\\1547207264743.png]]

2019-01-11 16:47:46 - [MESSAGE][PASSED] - com.ct.qa.keywords.CommonKeywords.findPlanogramImageView is PASSED

2019-01-11 16:47:46 - [TEST_STEP][PASSED] - verifyElementExist(findTestObject("ShopOpen/RemainingMainCategories/PrimaryDisplay/DisplaySpaceAvailable/Validate_SubCategoriesScreen", ["package":PACKAGENAME]), 0): Element 'Object Repository/ShopOpen/RemainingMainCategories/PrimaryDisplay/DisplaySpaceAvailable/Validate_SubCategoriesScreen' is exist

2019-01-11 16:47:46 - [MESSAGE][WARNING] - Timeout '0' is invalid. Using default page load timeout: '5'

2019-01-11 16:47:47 - [MESSAGE][PASSED] - Element 'Object Repository/ShopOpen/RemainingMainCategories/PrimaryDisplay/DisplaySpaceAvailable/Validate_SubCategoriesScreen' is exist

2019-01-11 16:47:47 - [TEST_STEP][PASSED] - com.ct.qa.keywords.CommonKeywords.findPictureImageView(): com.ct.qa.keywords.CommonKeywords.findPictureImageView is PASSED

2019-01-11 16:47:50 - [MESSAGE][WARNING] - Timeout '0' is invalid. Using default page load timeout: '5'

2019-01-11 16:47:51 - [MESSAGE][PASSED] - Element 'Object Repository/CommonScreenElements/Validate_CameraScreen' is exist

2019-01-11 16:47:51 - [MESSAGE][WARNING] - Timeout '0' is invalid. Using default page load timeout: '5'

2019-01-11 16:47:54 - [MESSAGE][PASSED] - Tapped on element 'Object Repository/CommonScreenElements/TakePictureButton'

2019-01-11 16:47:59 - [MESSAGE][PASSED] - Delayed 5 second(s)

2019-01-11 16:47:59 - [MESSAGE][WARNING] - Timeout '0' is invalid. Using default page load timeout: '5'

2019-01-11 16:48:00 - [MESSAGE][PASSED] - Tapped on element 'Object Repository/CommonScreenElements/DoneButton'

2019-01-11 16:48:00 - [MESSAGE][PASSED] - com.ct.qa.keywords.CommonKeywords.findPictureImageView is PASSED

2019-01-11 16:48:00 - [TEST_STEP][PASSED] - verifyElementExist(findTestObject("ShopOpen/RemainingMainCategories/PrimaryDisplay/DisplaySpaceAvailable/Validate_SubCategoriesScreen", ["package":PACKAGENAME]), 0): Element 'Object Repository/ShopOpen/RemainingMainCategories/PrimaryDisplay/DisplaySpaceAvailable/Validate_SubCategoriesScreen' is exist

2019-01-11 16:48:00 - [MESSAGE][WARNING] - Timeout '0' is invalid. Using default page load timeout: '5'

2019-01-11 16:48:01 - [MESSAGE][PASSED] - Element 'Object Repository/ShopOpen/RemainingMainCategories/PrimaryDisplay/DisplaySpaceAvailable/Validate_SubCategoriesScreen' is exist

2019-01-11 16:48:01 - [TEST_STEP][PASSED] - com.ct.qa.keywords.CommonKeywords.findBackButtonImageView(): com.ct.qa.keywords.CommonKeywords.findBackButtonImageView is PASSED

2019-01-11 16:48:03 - [MESSAGE][PASSED] - com.ct.qa.keywords.CommonKeywords.findBackButtonImageView is PASSED

2019-01-11 16:48:03 - [TEST_STEP][PASSED] - verifyElementExist(findTestObject("ShopOpen/RemainingMainCategories/Validate_MainCategoryDetailActionScreen", ["package":PACKAGENAME]), 0): Element 'Object Repository/ShopOpen/RemainingMainCategories/Validate_MainCategoryDetailActionScreen' is exist

2019-01-11 16:48:03 - [MESSAGE][WARNING] - Timeout '0' is invalid. Using default page load timeout: '5'

2019-01-11 16:48:04 - [MESSAGE][PASSED] - Element 'Object Repository/ShopOpen/RemainingMainCategories/Validate_MainCategoryDetailActionScreen' is exist

2019-01-11 16:48:04 - [MESSAGE][PASSED] - Call Test Case 'Test Cases/ShopOpen/RemainingMainCategories/PrimaryDisplay/DisplaySpaceAvailable/VisitDSA' successfully

2019-01-11 16:48:04 - [MESSAGE][PASSED] - com.ct.qa.keywords.PrimaryDisplayKeywords.selectPrimaryDisplayRemark_ForDataVerfication is PASSED

2019-01-11 16:48:04 - [MESSAGE][PASSED] - Call Test Case 'Test Cases/ShopOpen/RemainingMainCategories/PrimaryDisplay/VisitPrimaryDisplayWith_DataVerification' successfully

2019-01-11 16:48:05 - [TEST_CASE][PASSED] - Test Cases/ShopOpen/RemainingMainCategories/SecondaryDisplay/SecondaryDisplay_VisitingScenarios/VisitSecondaryDisplayWith_DataVerification: Test Cases/ShopOpen/RemainingMainCategories/SecondaryDisplay/SecondaryDisplay_VisitingScenarios/VisitSecondaryDisplayWith_DataVerification

2019-01-11 16:48:05 - [TEST_STEP][PASSED] - verifyElementExist(findTestObject("ShopOpen/RemainingMainCategories/SecondaryDisplay/Validate_SecondaryDisplayRemarksScreen", ["package":PACKAGENAME]), 0): Element 'Object Repository/ShopOpen/RemainingMainCategories/SecondaryDisplay/Validate_SecondaryDisplayRemarksScreen' is exist

2019-01-11 16:48:05 - [MESSAGE][WARNING] - Timeout '0' is invalid. Using default page load timeout: '5'

2019-01-11 16:48:07 - [MESSAGE][PASSED] - Element 'Object Repository/ShopOpen/RemainingMainCategories/SecondaryDisplay/Validate_SecondaryDisplayRemarksScreen' is exist

2019-01-11 16:48:07 - [TEST_STEP][PASSED] - com.ct.qa.keywords.SecondaryDisplayKeywords.selectSecondaryDisplayRemark_WithDataVerification(): com.ct.qa.keywords.SecondaryDisplayKeywords.selectSecondaryDisplayRemark_WithDataVerification is PASSED

2019-01-11 16:48:08 - [TEST_CASE][PASSED] - Test Cases/ShopOpen/RemainingMainCategories/SecondaryDisplay/Available/VisitSecondaryDisplayAvailable: Test Cases/ShopOpen/RemainingMainCategories/SecondaryDisplay/Available/VisitSecondaryDisplayAvailable

2019-01-11 16:48:08 - [TEST_STEP][PASSED] - verifyElementText(findTestObject("ShopOpen/RemainingMainCategories/SecondaryDisplay/Available/Validate_UnitsScreen"), "Units"): Actual text and expected text of test object 'Object Repository/ShopOpen/RemainingMainCategories/SecondaryDisplay/Available/Validate_UnitsScreen' are matched.

2019-01-11 16:48:09 - [MESSAGE][PASSED] - Actual text and expected text of test object 'Object Repository/ShopOpen/RemainingMainCategories/SecondaryDisplay/Available/Validate_UnitsScreen' are matched.

2019-01-11 16:48:09 - [TEST_STEP][PASSED] - com.ct.qa.keywords.SecondaryDisplayKeywords.enterUnitsForSecondaryDisplay(): com.ct.qa.keywords.SecondaryDisplayKeywords.enterUnitsForSecondaryDisplay is PASSED

2019-01-11 16:48:12 - [MESSAGE][PASSED] - Keyboard is hidden

2019-01-11 16:48:14 - [MESSAGE][PASSED] - Keyboard is hidden

2019-01-11 16:48:14 - [MESSAGE][PASSED] - com.ct.qa.keywords.SecondaryDisplayKeywords.enterUnitsForSecondaryDisplay is PASSED

2019-01-11 16:48:14 - [TEST_STEP][PASSED] - tap(findTestObject("ShopOpen/RemainingMainCategories/SecondaryDisplay/Available/Units_SubmitButton", ["package":PACKAGENAME]), 0): Tapped on element 'Object Repository/ShopOpen/RemainingMainCategories/SecondaryDisplay/Available/Units_SubmitButton'

2019-01-11 16:48:14 - [MESSAGE][WARNING] - Timeout '0' is invalid. Using default page load timeout: '5'

2019-01-11 16:48:15 - [MESSAGE][PASSED] - Tapped on element 'Object Repository/ShopOpen/RemainingMainCategories/SecondaryDisplay/Available/Units_SubmitButton'

2019-01-11 16:48:15 - [TEST_STEP][PASSED] - verifyElementExist(findTestObject("ShopOpen/RemainingMainCategories/SecondaryDisplay/Available/Validate_UnitsListScreen", ["package":PACKAGENAME]), 0): Element 'Object Repository/ShopOpen/RemainingMainCategories/SecondaryDisplay/Available/Validate_UnitsListScreen' is exist

2019-01-11 16:48:15 - [MESSAGE][WARNING] - Timeout '0' is invalid. Using default page load timeout: '5'

2019-01-11 16:48:17 - [MESSAGE][PASSED] - Element 'Object Repository/ShopOpen/RemainingMainCategories/SecondaryDisplay/Available/Validate_UnitsListScreen' is exist

2019-01-11 16:48:17 - [TEST_STEP][PASSED] - com.ct.qa.keywords.SecondaryDisplayKeywords.visitSecondaryDisplayUnitsList(): com.ct.qa.keywords.SecondaryDisplayKeywords.visitSecondaryDisplayUnitsList is PASSED

2019-01-11 16:48:20 - [TEST_CASE][PASSED] - Test Cases/ShopOpen/RemainingMainCategories/SecondaryDisplay/Available/VisitAvailableWith_DisplayUnitNeedMaintenance: Test Cases/ShopOpen/RemainingMainCategories/SecondaryDisplay/Available/VisitAvailableWith_DisplayUnitNeedMaintenance

2019-01-11 16:48:20 - [TEST_STEP][PASSED] - verifyElementExist(findTestObject("CommonScreenElements/Validate_CameraScreen", ["package":PACKAGENAME]), 0): Element 'Object Repository/CommonScreenElements/Validate_CameraScreen' is exist

2019-01-11 16:48:20 - [MESSAGE][WARNING] - Timeout '0' is invalid. Using default page load timeout: '5'

2019-01-11 16:48:20 - [MESSAGE][PASSED] - Element 'Object Repository/CommonScreenElements/Validate_CameraScreen' is exist

2019-01-11 16:48:20 - [TEST_STEP][PASSED] - tap(findTestObject("CommonScreenElements/TakePictureButton", ["package":PACKAGENAME]), 0): Tapped on element 'Object Repository/CommonScreenElements/TakePictureButton'

2019-01-11 16:48:20 - [MESSAGE][WARNING] - Timeout '0' is invalid. Using default page load timeout: '5'

2019-01-11 16:48:24 - [MESSAGE][PASSED] - Tapped on element 'Object Repository/CommonScreenElements/TakePictureButton'

2019-01-11 16:48:24 - [TEST_STEP][PASSED] - delay(5, STOP_ON_FAILURE): Delayed 5 second(s)

2019-01-11 16:48:29 - [MESSAGE][PASSED] - Delayed 5 second(s)

2019-01-11 16:48:29 - [TEST_STEP][PASSED] - tap(findTestObject("CommonScreenElements/DoneButton", ["package":PACKAGENAME]), 0): Tapped on element 'Object Repository/CommonScreenElements/DoneButton'

2019-01-11 16:48:29 - [MESSAGE][WARNING] - Timeout '0' is invalid. Using default page load timeout: '5'

2019-01-11 16:48:29 - [MESSAGE][PASSED] - Tapped on element 'Object Repository/CommonScreenElements/DoneButton'

2019-01-11 16:48:29 - [TEST_STEP][PASSED] - verifyElementExist(findTestObject("ShopOpen/RemainingMainCategories/SecondaryDisplay/Available/Validate_AvailableRemarksScreen", ["package":PACKAGENAME]), 0): Element 'Object Repository/ShopOpen/RemainingMainCategories/SecondaryDisplay/Available/Validate_AvailableRemarksScreen' is exist

2019-01-11 16:48:29 - [MESSAGE][WARNING] - Timeout '0' is invalid. Using default page load timeout: '5'

2019-01-11 16:48:31 - [MESSAGE][PASSED] - Element 'Object Repository/ShopOpen/RemainingMainCategories/SecondaryDisplay/Available/Validate_AvailableRemarksScreen' is exist

2019-01-11 16:48:31 - [TEST_STEP][PASSED] - com.ct.qa.keywords.SecondaryDisplayKeywords.selectSecondaryDisplay_AvailableRemark("Display Unit Need Maintenance", 1): com.ct.qa.keywords.SecondaryDisplayKeywords.selectSecondaryDisplay_AvailableRemark is PASSED

2019-01-11 16:48:32 - [MESSAGE][WARNING] - Timeout '0' is invalid. Using default page load timeout: '5'

2019-01-11 16:48:34 - [MESSAGE][PASSED] - Element 'Object Repository/ShopOpen/RemainingMainCategories/SecondaryDisplay/Available/Validate_SecondaryDisplay_available_remarksScreen' is exist

2019-01-11 16:48:35 - [MESSAGE][PASSED] - com.ct.qa.keywords.SecondaryDisplayKeywords.selectSecondaryDisplay_AvailableRemark is PASSED

2019-01-11 16:48:35 - [TEST_STEP][PASSED] - tap(findTestObject("ShopOpen/RemainingMainCategories/SecondaryDisplay/Available/DUNM_CategoryRemarks_BackButton", ["package":PACKAGENAME]), 0): Tapped on element 'Object Repository/ShopOpen/RemainingMainCategories/SecondaryDisplay/Available/DUNM_CategoryRemarks_BackButton'

2019-01-11 16:48:35 - [MESSAGE][WARNING] - Timeout '0' is invalid. Using default page load timeout: '5'

2019-01-11 16:48:36 - [MESSAGE][PASSED] - Tapped on element 'Object Repository/ShopOpen/RemainingMainCategories/SecondaryDisplay/Available/DUNM_CategoryRemarks_BackButton'

2019-01-11 16:48:36 - [TEST_STEP][PASSED] - verifyElementExist(findTestObject("ShopOpen/RemainingMainCategories/SecondaryDisplay/Available/Validate_AvailableRemarksScreen", ["package":PACKAGENAME]), 0): Element 'Object Repository/ShopOpen/RemainingMainCategories/SecondaryDisplay/Available/Validate_AvailableRemarksScreen' is exist

2019-01-11 16:48:36 - [MESSAGE][WARNING] - Timeout '0' is invalid. Using default page load timeout: '5'

2019-01-11 16:48:36 - [MESSAGE][PASSED] - Element 'Object Repository/ShopOpen/RemainingMainCategories/SecondaryDisplay/Available/Validate_AvailableRemarksScreen' is exist

2019-01-11 16:48:36 - [TEST_STEP][PASSED] - tap(findTestObject("ShopOpen/RemainingMainCategories/SecondaryDisplay/Available/AvailableRemarks_BackButton", ["package":PACKAGENAME]), 0): Tapped on element 'Object Repository/ShopOpen/RemainingMainCategories/SecondaryDisplay/Available/AvailableRemarks_BackButton'

2019-01-11 16:48:36 - [MESSAGE][WARNING] - Timeout '0' is invalid. Using default page load timeout: '5'

2019-01-11 16:48:37 - [MESSAGE][PASSED] - Tapped on element 'Object Repository/ShopOpen/RemainingMainCategories/SecondaryDisplay/Available/AvailableRemarks_BackButton'

2019-01-11 16:48:37 - [TEST_STEP][PASSED] - verifyElementText(findTestObject("ShopOpen/RemainingMainCategories/SecondaryDisplay/Available/Validate_UtilizationPopUpScreen", ["package":PACKAGENAME]), "Utilization"): Actual text and expected text of test object 'Object Repository/ShopOpen/RemainingMainCategories/SecondaryDisplay/Available/Validate_UtilizationPopUpScreen' are matched.

2019-01-11 16:48:38 - [MESSAGE][PASSED] - Actual text and expected text of test object 'Object Repository/ShopOpen/RemainingMainCategories/SecondaryDisplay/Available/Validate_UtilizationPopUpScreen' are matched.

2019-01-11 16:48:38 - [TEST_STEP][PASSED] - com.ct.qa.keywords.SecondaryDisplayKeywords.enterUtilizationForSecondaryDisplay(1): com.ct.qa.keywords.SecondaryDisplayKeywords.enterUtilizationForSecondaryDisplay is PASSED

2019-01-11 16:48:43 - [MESSAGE][PASSED] - com.ct.qa.keywords.SecondaryDisplayKeywords.enterUtilizationForSecondaryDisplay is PASSED

2019-01-11 16:48:43 - [TEST_STEP][PASSED] - hideKeyboard(): Keyboard is hidden

2019-01-11 16:48:44 - [MESSAGE][PASSED] - Keyboard is hidden

2019-01-11 16:48:44 - [TEST_STEP][PASSED] - tap(findTestObject("ShopOpen/RemainingMainCategories/SecondaryDisplay/Available/Utilization_SubmitButton", ["package":PACKAGENAME]), 0, STOP_ON_FAILURE): Tapped on element 'Object Repository/ShopOpen/RemainingMainCategories/SecondaryDisplay/Available/Utilization_SubmitButton'

2019-01-11 16:48:44 - [MESSAGE][WARNING] - Timeout '0' is invalid. Using default page load timeout: '5'

2019-01-11 16:48:45 - [MESSAGE][PASSED] - Tapped on element 'Object Repository/ShopOpen/RemainingMainCategories/SecondaryDisplay/Available/Utilization_SubmitButton'

2019-01-11 16:48:45 - [TEST_STEP][PASSED] - verifyElementExist(findTestObject("ShopOpen/RemainingMainCategories/SecondaryDisplay/Available/Validate_UnitsListScreen", ["package":PACKAGENAME]), 0): Element 'Object Repository/ShopOpen/RemainingMainCategories/SecondaryDisplay/Available/Validate_UnitsListScreen' is exist

2019-01-11 16:48:45 - [MESSAGE][WARNING] - Timeout '0' is invalid. Using default page load timeout: '5'

2019-01-11 16:48:46 - [MESSAGE][PASSED] - Element 'Object Repository/ShopOpen/RemainingMainCategories/SecondaryDisplay/Available/Validate_UnitsListScreen' is exist

2019-01-11 16:48:46 - [MESSAGE][PASSED] - Call Test Case 'Test Cases/ShopOpen/RemainingMainCategories/SecondaryDisplay/Available/VisitAvailableWith_DisplayUnitNeedMaintenance' successfully

2019-01-11 16:48:48 - [TEST_CASE][PASSED] - Test Cases/ShopOpen/RemainingMainCategories/SecondaryDisplay/Available/VisitAvailableWith_SKDNA: Test Cases/ShopOpen/RemainingMainCategories/SecondaryDisplay/Available/VisitAvailableWith_SKDNA

2019-01-11 16:48:48 - [TEST_STEP][PASSED] - verifyElementExist(findTestObject("CommonScreenElements/Validate_CameraScreen", ["package":PACKAGENAME]), 0): Element 'Object Repository/CommonScreenElements/Validate_CameraScreen' is exist

2019-01-11 16:48:48 - [MESSAGE][WARNING] - Timeout '0' is invalid. Using default page load timeout: '5'

2019-01-11 16:48:49 - [MESSAGE][PASSED] - Element 'Object Repository/CommonScreenElements/Validate_CameraScreen' is exist

2019-01-11 16:48:49 - [TEST_STEP][PASSED] - tap(findTestObject("CommonScreenElements/TakePictureButton", ["package":PACKAGENAME]), 0): Tapped on element 'Object Repository/CommonScreenElements/TakePictureButton'

2019-01-11 16:48:49 - [MESSAGE][WARNING] - Timeout '0' is invalid. Using default page load timeout: '5'

2019-01-11 16:48:52 - [MESSAGE][PASSED] - Tapped on element 'Object Repository/CommonScreenElements/TakePictureButton'

2019-01-11 16:48:52 - [TEST_STEP][PASSED] - delay(5, STOP_ON_FAILURE): Delayed 5 second(s)

2019-01-11 16:48:57 - [MESSAGE][PASSED] - Delayed 5 second(s)

2019-01-11 16:48:57 - [TEST_STEP][PASSED] - tap(findTestObject("CommonScreenElements/DoneButton", ["package":PACKAGENAME]), 0): Tapped on element 'Object Repository/CommonScreenElements/DoneButton'

2019-01-11 16:48:57 - [MESSAGE][WARNING] - Timeout '0' is invalid. Using default page load timeout: '5'

2019-01-11 16:48:58 - [MESSAGE][PASSED] - Tapped on element 'Object Repository/CommonScreenElements/DoneButton'

2019-01-11 16:48:58 - [TEST_STEP][PASSED] - verifyElementExist(findTestObject("ShopOpen/RemainingMainCategories/SecondaryDisplay/Available/Validate_AvailableRemarksScreen", ["package":PACKAGENAME]), 0): Element 'Object Repository/ShopOpen/RemainingMainCategories/SecondaryDisplay/Available/Validate_AvailableRemarksScreen' is exist

2019-01-11 16:48:58 - [MESSAGE][WARNING] - Timeout '0' is invalid. Using default page load timeout: '5'

2019-01-11 16:49:00 - [MESSAGE][PASSED] - Element 'Object Repository/ShopOpen/RemainingMainCategories/SecondaryDisplay/Available/Validate_AvailableRemarksScreen' is exist

2019-01-11 16:49:00 - [TEST_STEP][PASSED] - com.ct.qa.keywords.SecondaryDisplayKeywords.selectSecondaryDisplay_AvailableRemark("Shopkeeper did not allow", 1): com.ct.qa.keywords.SecondaryDisplayKeywords.selectSecondaryDisplay_AvailableRemark is PASSED

2019-01-11 16:49:01 - [MESSAGE][WARNING] - Timeout '0' is invalid. Using default page load timeout: '5'

2019-01-11 16:49:03 - [MESSAGE][PASSED] - Element 'Object Repository/ShopOpen/RemainingMainCategories/SecondaryDisplay/Available/Validate_SecondaryDisplay_available_remarksScreen' is exist

2019-01-11 16:49:04 - [MESSAGE][PASSED] - com.ct.qa.keywords.SecondaryDisplayKeywords.selectSecondaryDisplay_AvailableRemark is PASSED

2019-01-11 16:49:04 - [TEST_STEP][PASSED] - tap(findTestObject("ShopOpen/RemainingMainCategories/SecondaryDisplay/Available/SKDNA_CategoryRemark_BackButton", ["package":PACKAGENAME]), 0): Tapped on element 'Object Repository/ShopOpen/RemainingMainCategories/SecondaryDisplay/Available/SKDNA_CategoryRemark_BackButton'

2019-01-11 16:49:04 - [MESSAGE][WARNING] - Timeout '0' is invalid. Using default page load timeout: '5'

2019-01-11 16:49:05 - [MESSAGE][PASSED] - Tapped on element 'Object Repository/ShopOpen/RemainingMainCategories/SecondaryDisplay/Available/SKDNA_CategoryRemark_BackButton'

2019-01-11 16:49:05 - [TEST_STEP][PASSED] - verifyElementExist(findTestObject("ShopOpen/RemainingMainCategories/SecondaryDisplay/Available/Validate_AvailableRemarksScreen", ["package":PACKAGENAME]), 0): Element 'Object Repository/ShopOpen/RemainingMainCategories/SecondaryDisplay/Available/Validate_AvailableRemarksScreen' is exist

2019-01-11 16:49:05 - [MESSAGE][WARNING] - Timeout '0' is invalid. Using default page load timeout: '5'

2019-01-11 16:49:06 - [MESSAGE][PASSED] - Element 'Object Repository/ShopOpen/RemainingMainCategories/SecondaryDisplay/Available/Validate_AvailableRemarksScreen' is exist

2019-01-11 16:49:06 - [TEST_STEP][PASSED] - tap(findTestObject("ShopOpen/RemainingMainCategories/SecondaryDisplay/Available/AvailableRemarks_BackButton", ["package":PACKAGENAME]), 0): Tapped on element 'Object Repository/ShopOpen/RemainingMainCategories/SecondaryDisplay/Available/AvailableRemarks_BackButton'

2019-01-11 16:49:06 - [MESSAGE][WARNING] - Timeout '0' is invalid. Using default page load timeout: '5'

2019-01-11 16:49:06 - [MESSAGE][PASSED] - Tapped on element 'Object Repository/ShopOpen/RemainingMainCategories/SecondaryDisplay/Available/AvailableRemarks_BackButton'

2019-01-11 16:49:06 - [TEST_STEP][PASSED] - verifyElementText(findTestObject("ShopOpen/RemainingMainCategories/SecondaryDisplay/Available/Validate_UtilizationPopUpScreen", ["package":PACKAGENAME]), "Utilization"): Actual text and expected text of test object 'Object Repository/ShopOpen/RemainingMainCategories/SecondaryDisplay/Available/Validate_UtilizationPopUpScreen' are matched.

2019-01-11 16:49:08 - [MESSAGE][PASSED] - Actual text and expected text of test object 'Object Repository/ShopOpen/RemainingMainCategories/SecondaryDisplay/Available/Validate_UtilizationPopUpScreen' are matched.

2019-01-11 16:49:08 - [TEST_STEP][PASSED] - com.ct.qa.keywords.SecondaryDisplayKeywords.enterUtilizationForSecondaryDisplay(1): com.ct.qa.keywords.SecondaryDisplayKeywords.enterUtilizationForSecondaryDisplay is PASSED

2019-01-11 16:49:12 - [MESSAGE][PASSED] - com.ct.qa.keywords.SecondaryDisplayKeywords.enterUtilizationForSecondaryDisplay is PASSED

2019-01-11 16:49:12 - [TEST_STEP][PASSED] - hideKeyboard(): Keyboard is hidden

2019-01-11 16:49:13 - [MESSAGE][PASSED] - Keyboard is hidden

2019-01-11 16:49:13 - [TEST_STEP][PASSED] - tap(findTestObject("ShopOpen/RemainingMainCategories/SecondaryDisplay/Available/Utilization_SubmitButton", ["package":PACKAGENAME]), 0, STOP_ON_FAILURE): Tapped on element 'Object Repository/ShopOpen/RemainingMainCategories/SecondaryDisplay/Available/Utilization_SubmitButton'

2019-01-11 16:49:13 - [MESSAGE][WARNING] - Timeout '0' is invalid. Using default page load timeout: '5'

2019-01-11 16:49:14 - [MESSAGE][PASSED] - Tapped on element 'Object Repository/ShopOpen/RemainingMainCategories/SecondaryDisplay/Available/Utilization_SubmitButton'

2019-01-11 16:49:14 - [TEST_STEP][PASSED] - verifyElementExist(findTestObject("ShopOpen/RemainingMainCategories/SecondaryDisplay/Available/Validate_UnitsListScreen", ["package":PACKAGENAME]), 0): Element 'Object Repository/ShopOpen/RemainingMainCategories/SecondaryDisplay/Available/Validate_UnitsListScreen' is exist

2019-01-11 16:49:14 - [MESSAGE][WARNING] - Timeout '0' is invalid. Using default page load timeout: '5'

2019-01-11 16:49:15 - [MESSAGE][PASSED] - Element 'Object Repository/ShopOpen/RemainingMainCategories/SecondaryDisplay/Available/Validate_UnitsListScreen' is exist

2019-01-11 16:49:15 - [MESSAGE][PASSED] - Call Test Case 'Test Cases/ShopOpen/RemainingMainCategories/SecondaryDisplay/Available/VisitAvailableWith_SKDNA' successfully

2019-01-11 16:49:16 - [TEST_CASE][PASSED] - Test Cases/ShopOpen/RemainingMainCategories/SecondaryDisplay/Available/VisitAvailableWith_SKDNA: Test Cases/ShopOpen/RemainingMainCategories/SecondaryDisplay/Available/VisitAvailableWith_SKDNA

2019-01-11 16:49:16 - [TEST_STEP][PASSED] - verifyElementExist(findTestObject("CommonScreenElements/Validate_CameraScreen", ["package":PACKAGENAME]), 0): Element 'Object Repository/CommonScreenElements/Validate_CameraScreen' is exist

2019-01-11 16:49:16 - [MESSAGE][WARNING] - Timeout '0' is invalid. Using default page load timeout: '5'

2019-01-11 16:49:17 - [MESSAGE][PASSED] - Element 'Object Repository/CommonScreenElements/Validate_CameraScreen' is exist

2019-01-11 16:49:17 - [TEST_STEP][PASSED] - tap(findTestObject("CommonScreenElements/TakePictureButton", ["package":PACKAGENAME]), 0): Tapped on element 'Object Repository/CommonScreenElements/TakePictureButton'

2019-01-11 16:49:17 - [MESSAGE][WARNING] - Timeout '0' is invalid. Using default page load timeout: '5'

2019-01-11 16:49:20 - [MESSAGE][PASSED] - Tapped on element 'Object Repository/CommonScreenElements/TakePictureButton'

2019-01-11 16:49:20 - [TEST_STEP][PASSED] - delay(5, STOP_ON_FAILURE): Delayed 5 second(s)

2019-01-11 16:49:25 - [MESSAGE][PASSED] - Delayed 5 second(s)

2019-01-11 16:49:25 - [TEST_STEP][PASSED] - tap(findTestObject("CommonScreenElements/DoneButton", ["package":PACKAGENAME]), 0): Tapped on element 'Object Repository/CommonScreenElements/DoneButton'

2019-01-11 16:49:25 - [MESSAGE][WARNING] - Timeout '0' is invalid. Using default page load timeout: '5'

2019-01-11 16:49:26 - [MESSAGE][PASSED] - Tapped on element 'Object Repository/CommonScreenElements/DoneButton'

2019-01-11 16:49:26 - [TEST_STEP][PASSED] - verifyElementExist(findTestObject("ShopOpen/RemainingMainCategories/SecondaryDisplay/Available/Validate_AvailableRemarksScreen", ["package":PACKAGENAME]), 0): Element 'Object Repository/ShopOpen/RemainingMainCategories/SecondaryDisplay/Available/Validate_AvailableRemarksScreen' is exist

2019-01-11 16:49:26 - [MESSAGE][WARNING] - Timeout '0' is invalid. Using default page load timeout: '5'

2019-01-11 16:49:28 - [MESSAGE][PASSED] - Element 'Object Repository/ShopOpen/RemainingMainCategories/SecondaryDisplay/Available/Validate_AvailableRemarksScreen' is exist

2019-01-11 16:49:28 - [TEST_STEP][PASSED] - com.ct.qa.keywords.SecondaryDisplayKeywords.selectSecondaryDisplay_AvailableRemark("Shopkeeper did not allow", 1): com.ct.qa.keywords.SecondaryDisplayKeywords.selectSecondaryDisplay_AvailableRemark is PASSED

2019-01-11 16:49:29 - [MESSAGE][WARNING] - Timeout '0' is invalid. Using default page load timeout: '5'

2019-01-11 16:49:31 - [MESSAGE][PASSED] - Element 'Object Repository/ShopOpen/RemainingMainCategories/SecondaryDisplay/Available/Validate_SecondaryDisplay_available_remarksScreen' is exist

2019-01-11 16:49:32 - [MESSAGE][PASSED] - com.ct.qa.keywords.SecondaryDisplayKeywords.selectSecondaryDisplay_AvailableRemark is PASSED

2019-01-11 16:49:32 - [TEST_STEP][PASSED] - tap(findTestObject("ShopOpen/RemainingMainCategories/SecondaryDisplay/Available/SKDNA_CategoryRemark_BackButton", ["package":PACKAGENAME]), 0): Tapped on element 'Object Repository/ShopOpen/RemainingMainCategories/SecondaryDisplay/Available/SKDNA_CategoryRemark_BackButton'

2019-01-11 16:49:32 - [MESSAGE][WARNING] - Timeout '0' is invalid. Using default page load timeout: '5'

2019-01-11 16:49:33 - [MESSAGE][PASSED] - Tapped on element 'Object Repository/ShopOpen/RemainingMainCategories/SecondaryDisplay/Available/SKDNA_CategoryRemark_BackButton'

2019-01-11 16:49:33 - [TEST_STEP][PASSED] - verifyElementExist(findTestObject("ShopOpen/RemainingMainCategories/SecondaryDisplay/Available/Validate_AvailableRemarksScreen", ["package":PACKAGENAME]), 0): Element 'Object Repository/ShopOpen/RemainingMainCategories/SecondaryDisplay/Available/Validate_AvailableRemarksScreen' is exist

2019-01-11 16:49:33 - [MESSAGE][WARNING] - Timeout '0' is invalid. Using default page load timeout: '5'

2019-01-11 16:49:34 - [MESSAGE][PASSED] - Element 'Object Repository/ShopOpen/RemainingMainCategories/SecondaryDisplay/Available/Validate_AvailableRemarksScreen' is exist

2019-01-11 16:49:34 - [TEST_STEP][PASSED] - tap(findTestObject("ShopOpen/RemainingMainCategories/SecondaryDisplay/Available/AvailableRemarks_BackButton", ["package":PACKAGENAME]), 0): Tapped on element 'Object Repository/ShopOpen/RemainingMainCategories/SecondaryDisplay/Available/AvailableRemarks_BackButton'

2019-01-11 16:49:34 - [MESSAGE][WARNING] - Timeout '0' is invalid. Using default page load timeout: '5'

2019-01-11 16:49:34 - [MESSAGE][PASSED] - Tapped on element 'Object Repository/ShopOpen/RemainingMainCategories/SecondaryDisplay/Available/AvailableRemarks_BackButton'

2019-01-11 16:49:34 - [TEST_STEP][PASSED] - verifyElementText(findTestObject("ShopOpen/RemainingMainCategories/SecondaryDisplay/Available/Validate_UtilizationPopUpScreen", ["package":PACKAGENAME]), "Utilization"): Actual text and expected text of test object 'Object Repository/ShopOpen/RemainingMainCategories/SecondaryDisplay/Available/Validate_UtilizationPopUpScreen' are matched.

2019-01-11 16:49:35 - [MESSAGE][PASSED] - Actual text and expected text of test object 'Object Repository/ShopOpen/RemainingMainCategories/SecondaryDisplay/Available/Validate_UtilizationPopUpScreen' are matched.

2019-01-11 16:49:35 - [TEST_STEP][PASSED] - com.ct.qa.keywords.SecondaryDisplayKeywords.enterUtilizationForSecondaryDisplay(1): com.ct.qa.keywords.SecondaryDisplayKeywords.enterUtilizationForSecondaryDisplay is PASSED

2019-01-11 16:49:40 - [MESSAGE][PASSED] - com.ct.qa.keywords.SecondaryDisplayKeywords.enterUtilizationForSecondaryDisplay is PASSED

2019-01-11 16:49:40 - [TEST_STEP][PASSED] - hideKeyboard(): Keyboard is hidden

2019-01-11 16:49:41 - [MESSAGE][PASSED] - Keyboard is hidden

2019-01-11 16:49:41 - [TEST_STEP][PASSED] - tap(findTestObject("ShopOpen/RemainingMainCategories/SecondaryDisplay/Available/Utilization_SubmitButton", ["package":PACKAGENAME]), 0, STOP_ON_FAILURE): Tapped on element 'Object Repository/ShopOpen/RemainingMainCategories/SecondaryDisplay/Available/Utilization_SubmitButton'

2019-01-11 16:49:41 - [MESSAGE][WARNING] - Timeout '0' is invalid. Using default page load timeout: '5'

2019-01-11 16:49:42 - [MESSAGE][PASSED] - Tapped on element 'Object Repository/ShopOpen/RemainingMainCategories/SecondaryDisplay/Available/Utilization_SubmitButton'

2019-01-11 16:49:42 - [TEST_STEP][PASSED] - verifyElementExist(findTestObject("ShopOpen/RemainingMainCategories/SecondaryDisplay/Available/Validate_UnitsListScreen", ["package":PACKAGENAME]), 0): Element 'Object Repository/ShopOpen/RemainingMainCategories/SecondaryDisplay/Available/Validate_UnitsListScreen' is exist

2019-01-11 16:49:42 - [MESSAGE][WARNING] - Timeout '0' is invalid. Using default page load timeout: '5'

2019-01-11 16:49:42 - [MESSAGE][PASSED] - Element 'Object Repository/ShopOpen/RemainingMainCategories/SecondaryDisplay/Available/Validate_UnitsListScreen' is exist

2019-01-11 16:49:42 - [MESSAGE][PASSED] - Call Test Case 'Test Cases/ShopOpen/RemainingMainCategories/SecondaryDisplay/Available/VisitAvailableWith_SKDNA' successfully

2019-01-11 16:49:45 - [TEST_CASE][PASSED] - Test Cases/ShopOpen/RemainingMainCategories/SecondaryDisplay/Available/VisitAvailable_WithDisplayUnitIsInPerfectCondition: Test Cases/ShopOpen/RemainingMainCategories/SecondaryDisplay/Available/VisitAvailable_WithDisplayUnitIsInPerfectCondition

2019-01-11 16:49:45 - [TEST_STEP][PASSED] - verifyElementExist(findTestObject("CommonScreenElements/Validate_CameraScreen", ["package":PACKAGENAME]), 0): Element 'Object Repository/CommonScreenElements/Validate_CameraScreen' is exist

2019-01-11 16:49:45 - [MESSAGE][WARNING] - Timeout '0' is invalid. Using default page load timeout: '5'

2019-01-11 16:49:46 - [MESSAGE][PASSED] - Element 'Object Repository/CommonScreenElements/Validate_CameraScreen' is exist

2019-01-11 16:49:46 - [TEST_STEP][PASSED] - tap(findTestObject("CommonScreenElements/TakePictureButton", ["package":PACKAGENAME]), 0): Tapped on element 'Object Repository/CommonScreenElements/TakePictureButton'

2019-01-11 16:49:46 - [MESSAGE][WARNING] - Timeout '0' is invalid. Using default page load timeout: '5'

2019-01-11 16:49:49 - [MESSAGE][PASSED] - Tapped on element 'Object Repository/CommonScreenElements/TakePictureButton'

2019-01-11 16:49:49 - [TEST_STEP][PASSED] - delay(5, STOP_ON_FAILURE): Delayed 5 second(s)

2019-01-11 16:49:54 - [MESSAGE][PASSED] - Delayed 5 second(s)

2019-01-11 16:49:54 - [TEST_STEP][PASSED] - tap(findTestObject("CommonScreenElements/DoneButton", ["package":PACKAGENAME]), 0): Tapped on element 'Object Repository/CommonScreenElements/DoneButton'

2019-01-11 16:49:54 - [MESSAGE][WARNING] - Timeout '0' is invalid. Using default page load timeout: '5'

2019-01-11 16:49:55 - [MESSAGE][PASSED] - Tapped on element 'Object Repository/CommonScreenElements/DoneButton'

2019-01-11 16:49:55 - [TEST_STEP][PASSED] - verifyElementExist(findTestObject("ShopOpen/RemainingMainCategories/SecondaryDisplay/Available/Validate_AvailableRemarksScreen", ["package":PACKAGENAME]), 0): Element 'Object Repository/ShopOpen/RemainingMainCategories/SecondaryDisplay/Available/Validate_AvailableRemarksScreen' is exist

2019-01-11 16:49:55 - [MESSAGE][WARNING] - Timeout '0' is invalid. Using default page load timeout: '5'

2019-01-11 16:49:57 - [MESSAGE][PASSED] - Element 'Object Repository/ShopOpen/RemainingMainCategories/SecondaryDisplay/Available/Validate_AvailableRemarksScreen' is exist

2019-01-11 16:49:57 - [TEST_STEP][PASSED] - com.ct.qa.keywords.SecondaryDisplayKeywords.selectSecondaryDisplay_AvailableRemark("Display Unit is in perfect condition", 0): com.ct.qa.keywords.SecondaryDisplayKeywords.selectSecondaryDisplay_AvailableRemark is PASSED

2019-01-11 16:49:58 - [MESSAGE][PASSED] - com.ct.qa.keywords.SecondaryDisplayKeywords.selectSecondaryDisplay_AvailableRemark is PASSED

2019-01-11 16:49:58 - [TEST_STEP][PASSED] - verifyElementText(findTestObject("ShopOpen/RemainingMainCategories/SecondaryDisplay/Available/Validate_UtilizationPopUpScreen", ["package":PACKAGENAME]), "Utilization"): Actual text and expected text of test object 'Object Repository/ShopOpen/RemainingMainCategories/SecondaryDisplay/Available/Validate_UtilizationPopUpScreen' are matched.

2019-01-11 16:49:59 - [MESSAGE][PASSED] - Actual text and expected text of test object 'Object Repository/ShopOpen/RemainingMainCategories/SecondaryDisplay/Available/Validate_UtilizationPopUpScreen' are matched.

2019-01-11 16:49:59 - [TEST_STEP][PASSED] - com.ct.qa.keywords.SecondaryDisplayKeywords.enterUtilizationForSecondaryDisplay(1): com.ct.qa.keywords.SecondaryDisplayKeywords.enterUtilizationForSecondaryDisplay is PASSED

2019-01-11 16:50:04 - [MESSAGE][PASSED] - com.ct.qa.keywords.SecondaryDisplayKeywords.enterUtilizationForSecondaryDisplay is PASSED

2019-01-11 16:50:04 - [TEST_STEP][PASSED] - hideKeyboard(): Keyboard is hidden

2019-01-11 16:50:05 - [MESSAGE][PASSED] - Keyboard is hidden

2019-01-11 16:50:05 - [TEST_STEP][PASSED] - tap(findTestObject("ShopOpen/RemainingMainCategories/SecondaryDisplay/Available/Utilization_SubmitButton", ["package":PACKAGENAME]), 0, STOP_ON_FAILURE): Tapped on element 'Object Repository/ShopOpen/RemainingMainCategories/SecondaryDisplay/Available/Utilization_SubmitButton'

2019-01-11 16:50:05 - [MESSAGE][WARNING] - Timeout '0' is invalid. Using default page load timeout: '5'

2019-01-11 16:50:06 - [MESSAGE][PASSED] - Tapped on element 'Object Repository/ShopOpen/RemainingMainCategories/SecondaryDisplay/Available/Utilization_SubmitButton'

2019-01-11 16:50:06 - [TEST_STEP][PASSED] - verifyElementExist(findTestObject("ShopOpen/RemainingMainCategories/SecondaryDisplay/Available/Validate_UnitsListScreen", ["package":PACKAGENAME]), 0): Element 'Object Repository/ShopOpen/RemainingMainCategories/SecondaryDisplay/Available/Validate_UnitsListScreen' is exist

2019-01-11 16:50:06 - [MESSAGE][WARNING] - Timeout '0' is invalid. Using default page load timeout: '5'

2019-01-11 16:50:06 - [MESSAGE][PASSED] - Element 'Object Repository/ShopOpen/RemainingMainCategories/SecondaryDisplay/Available/Validate_UnitsListScreen' is exist

2019-01-11 16:50:06 - [MESSAGE][PASSED] - Call Test Case 'Test Cases/ShopOpen/RemainingMainCategories/SecondaryDisplay/Available/VisitAvailable_WithDisplayUnitIsInPerfectCondition' successfully

2019-01-11 16:50:06 - [MESSAGE][PASSED] - com.ct.qa.keywords.SecondaryDisplayKeywords.visitSecondaryDisplayUnitsList is PASSED

2019-01-11 16:50:06 - [TEST_STEP][PASSED] - tap(findTestObject("ShopOpen/RemainingMainCategories/SecondaryDisplay/Available/UnitsList_BackButton"), 0): Tapped on element 'Object Repository/ShopOpen/RemainingMainCategories/SecondaryDisplay/Available/UnitsList_BackButton'

2019-01-11 16:50:06 - [MESSAGE][WARNING] - Timeout '0' is invalid. Using default page load timeout: '5'

2019-01-11 16:50:07 - [MESSAGE][PASSED] - Tapped on element 'Object Repository/ShopOpen/RemainingMainCategories/SecondaryDisplay/Available/UnitsList_BackButton'

2019-01-11 16:50:07 - [TEST_STEP][PASSED] - verifyElementExist(findTestObject("ShopOpen/RemainingMainCategories/Validate_MainCategoryDetailActionScreen", ["package":PACKAGENAME]), 0): Element 'Object Repository/ShopOpen/RemainingMainCategories/Validate_MainCategoryDetailActionScreen' is exist

2019-01-11 16:50:07 - [MESSAGE][WARNING] - Timeout '0' is invalid. Using default page load timeout: '5'

2019-01-11 16:50:08 - [MESSAGE][PASSED] - Element 'Object Repository/ShopOpen/RemainingMainCategories/Validate_MainCategoryDetailActionScreen' is exist

2019-01-11 16:50:08 - [MESSAGE][PASSED] - Call Test Case 'Test Cases/ShopOpen/RemainingMainCategories/SecondaryDisplay/Available/VisitSecondaryDisplayAvailable' successfully

2019-01-11 16:50:08 - [MESSAGE][PASSED] - com.ct.qa.keywords.SecondaryDisplayKeywords.selectSecondaryDisplayRemark_WithDataVerification is PASSED

2019-01-11 16:50:08 - [MESSAGE][PASSED] - Call Test Case 'Test Cases/ShopOpen/RemainingMainCategories/SecondaryDisplay/SecondaryDisplay_VisitingScenarios/VisitSecondaryDisplayWith_DataVerification' successfully

2019-01-11 16:50:08 - [MESSAGE][PASSED] - com.ct.qa.keywords.RemainingMainCategoryRemarksVisitingScenariosKeywords.visitRemarksWith_DataVerification is PASSED

2019-01-11 16:50:08 - [TEST_STEP][PASSED] - tap(findTestObject("ShopOpen/RemainingMainCategories/BackButton", ["package":PACKAGENAME]), 0): Tapped on element 'Object Repository/ShopOpen/RemainingMainCategories/BackButton'

2019-01-11 16:50:08 - [MESSAGE][WARNING] - Timeout '0' is invalid. Using default page load timeout: '5'

2019-01-11 16:50:08 - [MESSAGE][PASSED] - Tapped on element 'Object Repository/ShopOpen/RemainingMainCategories/BackButton'

2019-01-11 16:50:08 - [TEST_STEP][PASSED] - verifyElementExist(findTestObject("ShopOpen/Validate_ShopCategoriesListScreen", ["package":PACKAGENAME]), 0): Element 'Object Repository/ShopOpen/Validate_ShopCategoriesListScreen' is exist

2019-01-11 16:50:08 - [MESSAGE][WARNING] - Timeout '0' is invalid. Using default page load timeout: '5'

2019-01-11 16:50:10 - [MESSAGE][PASSED] - Element 'Object Repository/ShopOpen/Validate_ShopCategoriesListScreen' is exist

2019-01-11 16:50:10 - [MESSAGE][PASSED] - Call Test Case 'Test Cases/ShopOpen/RemainingMainCategories/MainCategoryRemarksVisitingScenarios/VisitRemarksWith_DataVerification' successfully

2019-01-11 16:50:10 - [TEST_CASE][PASSED] - Test Cases/ShopOpen/RemainingMainCategories/MainCategoryRemarksVisitingScenarios/VisitRemarksWith_DataVerification: Test Cases/ShopOpen/RemainingMainCategories/MainCategoryRemarksVisitingScenarios/VisitRemarksWith_DataVerification

2019-01-11 16:50:10 - [TEST_STEP][PASSED] - verifyElementExist(findTestObject("ShopOpen/RemainingMainCategories/Validate_MainCategoryDetailActionScreen", ["package":PACKAGENAME]), 0): Element 'Object Repository/ShopOpen/RemainingMainCategories/Validate_MainCategoryDetailActionScreen' is exist

2019-01-11 16:50:10 - [MESSAGE][WARNING] - Timeout '0' is invalid. Using default page load timeout: '5'

2019-01-11 16:50:12 - [MESSAGE][PASSED] - Element 'Object Repository/ShopOpen/RemainingMainCategories/Validate_MainCategoryDetailActionScreen' is exist

2019-01-11 16:50:12 - [TEST_STEP][PASSED] - com.ct.qa.keywords.RemainingMainCategoryRemarksVisitingScenariosKeywords.visitRemarksWith_DataVerification(): com.ct.qa.keywords.RemainingMainCategoryRemarksVisitingScenariosKeywords.visitRemarksWith_DataVerification is PASSED

2019-01-11 16:50:14 - [TEST_CASE][PASSED] - Test Cases/ShopOpen/RemainingMainCategories/Availability/VisitAvailability_WithYesRemark: Test Cases/ShopOpen/RemainingMainCategories/Availability/VisitAvailability_WithYesRemark

2019-01-11 16:50:14 - [TEST_STEP][PASSED] - verifyElementExist(findTestObject("ShopOpen/RemainingMainCategories/_Availability/Validate_SubCategoriesScreen", ["package":PACKAGENAME]), 0): Element 'Object Repository/ShopOpen/RemainingMainCategories/_Availability/Validate_SubCategoriesScreen' is exist

2019-01-11 16:50:14 - [MESSAGE][WARNING] - Timeout '0' is invalid. Using default page load timeout: '5'

2019-01-11 16:50:16 - [MESSAGE][PASSED] - Element 'Object Repository/ShopOpen/RemainingMainCategories/_Availability/Validate_SubCategoriesScreen' is exist

2019-01-11 16:50:16 - [TEST_STEP][PASSED] - com.ct.qa.keywords.AvailabilityKeywords.visitAvailabilitySubCategories(1): com.ct.qa.keywords.AvailabilityKeywords.visitAvailabilitySubCategories is PASSED

2019-01-11 16:50:17 - [TEST_CASE][PASSED] - Test Cases/ShopOpen/RemainingMainCategories/Availability/VisitSubCategories_WithYesRemarks: Test Cases/ShopOpen/RemainingMainCategories/Availability/VisitSubCategories_WithYesRemarks

2019-01-11 16:50:17 - [TEST_STEP][PASSED] - verifyElementText(findTestObject("ShopOpen/RemainingMainCategories/_Availability/Validate_SubCategoryDetailScreen", ["package":PACKAGENAME]), "Availability"): Actual text and expected text of test object 'Object Repository/ShopOpen/RemainingMainCategories/_Availability/Validate_SubCategoryDetailScreen' are matched.

2019-01-11 16:50:19 - [MESSAGE][PASSED] - Actual text and expected text of test object 'Object Repository/ShopOpen/RemainingMainCategories/_Availability/Validate_SubCategoryDetailScreen' are matched.

2019-01-11 16:50:19 - [TEST_STEP][PASSED] - tap(findTestObject("ShopOpen/RemainingMainCategories/_Availability/Availability", ["package":PACKAGENAME]), 0): Tapped on element 'Object Repository/ShopOpen/RemainingMainCategories/_Availability/Availability'

2019-01-11 16:50:19 - [MESSAGE][WARNING] - Timeout '0' is invalid. Using default page load timeout: '5'

2019-01-11 16:50:20 - [MESSAGE][PASSED] - Tapped on element 'Object Repository/ShopOpen/RemainingMainCategories/_Availability/Availability'

2019-01-11 16:50:20 - [TEST_STEP][PASSED] - verifyElementText(findTestObject("ShopOpen/RemainingMainCategories/_Availability/Validate_ProductAvailabilityScreen", ["package":PACKAGENAME]), "Availability"): Actual text and expected text of test object 'Object Repository/ShopOpen/RemainingMainCategories/_Availability/Validate_ProductAvailabilityScreen' are matched.

2019-01-11 16:50:21 - [MESSAGE][PASSED] - Actual text and expected text of test object 'Object Repository/ShopOpen/RemainingMainCategories/_Availability/Validate_ProductAvailabilityScreen' are matched.

2019-01-11 16:50:21 - [TEST_STEP][PASSED] - com.ct.qa.keywords.AvailabilityKeywords.visitProductsAvailabilityWithYesRemarks(): com.ct.qa.keywords.AvailabilityKeywords.visitProductsAvailabilityWithYesRemarks is PASSED

2019-01-11 16:50:31 - [MESSAGE][PASSED] - com.ct.qa.keywords.AvailabilityKeywords.visitProductsAvailabilityWithYesRemarks is PASSED

2019-01-11 16:50:31 - [TEST_STEP][PASSED] - tap(findTestObject("ShopOpen/RemainingMainCategories/_Availability/ProductAvailability_SubmitButton", ["package":PACKAGENAME]), 0): Tapped on element 'Object Repository/ShopOpen/RemainingMainCategories/_Availability/ProductAvailability_SubmitButton'

2019-01-11 16:50:31 - [MESSAGE][WARNING] - Timeout '0' is invalid. Using default page load timeout: '5'

2019-01-11 16:50:32 - [MESSAGE][PASSED] - Tapped on element 'Object Repository/ShopOpen/RemainingMainCategories/_Availability/ProductAvailability_SubmitButton'

2019-01-11 16:50:32 - [TEST_STEP][PASSED] - verifyElementText(findTestObject("ShopOpen/RemainingMainCategories/_Availability/Validate_SubCategoryDetailScreen", ["package":PACKAGENAME]), "Availability"): Actual text and expected text of test object 'Object Repository/ShopOpen/RemainingMainCategories/_Availability/Validate_SubCategoryDetailScreen' are matched.

2019-01-11 16:50:33 - [MESSAGE][PASSED] - Actual text and expected text of test object 'Object Repository/ShopOpen/RemainingMainCategories/_Availability/Validate_SubCategoryDetailScreen' are matched.

2019-01-11 16:50:33 - [TEST_STEP][PASSED] - pressBack(): Press back button successfully

2019-01-11 16:50:33 - [MESSAGE][PASSED] - Press back button successfully

2019-01-11 16:50:33 - [TEST_STEP][PASSED] - verifyElementExist(findTestObject("ShopOpen/RemainingMainCategories/_Availability/Validate_SubCategoriesScreen", ["package":PACKAGENAME]), 0): Element 'Object Repository/ShopOpen/RemainingMainCategories/_Availability/Validate_SubCategoriesScreen' is exist

2019-01-11 16:50:33 - [MESSAGE][WARNING] - Timeout '0' is invalid. Using default page load timeout: '5'

2019-01-11 16:50:34 - [MESSAGE][PASSED] - Element 'Object Repository/ShopOpen/RemainingMainCategories/_Availability/Validate_SubCategoriesScreen' is exist

2019-01-11 16:50:34 - [MESSAGE][PASSED] - Call Test Case 'Test Cases/ShopOpen/RemainingMainCategories/Availability/VisitSubCategories_WithYesRemarks' successfully

2019-01-11 16:50:34 - [MESSAGE][PASSED] - com.ct.qa.keywords.AvailabilityKeywords.visitAvailabilitySubCategories is PASSED

2019-01-11 16:50:34 - [TEST_STEP][PASSED] - pressBack(): Press back button successfully

2019-01-11 16:50:35 - [MESSAGE][PASSED] - Press back button successfully

2019-01-11 16:50:35 - [TEST_STEP][PASSED] - verifyElementExist(findTestObject("ShopOpen/RemainingMainCategories/Validate_MainCategoryDetailActionScreen", ["package":PACKAGENAME]), 0): Element 'Object Repository/ShopOpen/RemainingMainCategories/Validate_MainCategoryDetailActionScreen' is exist

2019-01-11 16:50:35 - [MESSAGE][WARNING] - Timeout '0' is invalid. Using default page load timeout: '5'

2019-01-11 16:50:36 - [MESSAGE][PASSED] - Element 'Object Repository/ShopOpen/RemainingMainCategories/Validate_MainCategoryDetailActionScreen' is exist

2019-01-11 16:50:36 - [MESSAGE][PASSED] - Call Test Case 'Test Cases/ShopOpen/RemainingMainCategories/Availability/VisitAvailability_WithYesRemark' successfully

2019-01-11 16:50:36 - [TEST_CASE][PASSED] - Test Cases/ShopOpen/RemainingMainCategories/PrimaryDisplay/VisitPrimaryDisplayWith_DataVerification: Test Cases/ShopOpen/RemainingMainCategories/PrimaryDisplay/VisitPrimaryDisplayWith_DataVerification

2019-01-11 16:50:36 - [TEST_STEP][PASSED] - verifyElementExist(findTestObject("ShopOpen/RemainingMainCategories/PrimaryDisplay/Validate_PrimaryDisplayRemarksScreen", ["package":PACKAGENAME]), 0): Element 'Object Repository/ShopOpen/RemainingMainCategories/PrimaryDisplay/Validate_PrimaryDisplayRemarksScreen' is exist

2019-01-11 16:50:36 - [MESSAGE][WARNING] - Timeout '0' is invalid. Using default page load timeout: '5'

2019-01-11 16:50:38 - [MESSAGE][PASSED] - Element 'Object Repository/ShopOpen/RemainingMainCategories/PrimaryDisplay/Validate_PrimaryDisplayRemarksScreen' is exist

2019-01-11 16:50:38 - [TEST_STEP][PASSED] - com.ct.qa.keywords.PrimaryDisplayKeywords.selectPrimaryDisplayRemark_ForDataVerfication(): com.ct.qa.keywords.PrimaryDisplayKeywords.selectPrimaryDisplayRemark_ForDataVerfication is PASSED

2019-01-11 16:50:39 - [MESSAGE][WARNING] - Timeout '0' is invalid. Using default page load timeout: '5'

2019-01-11 16:50:41 - [MESSAGE][PASSED] - Element 'Object Repository/CommonScreenElements/Validate_CameraScreen' is exist

2019-01-11 16:50:41 - [MESSAGE][WARNING] - Timeout '0' is invalid. Using default page load timeout: '5'

2019-01-11 16:50:45 - [MESSAGE][PASSED] - Tapped on element 'Object Repository/CommonScreenElements/TakePictureButton'

2019-01-11 16:50:50 - [MESSAGE][PASSED] - Delayed 5 second(s)

2019-01-11 16:50:50 - [MESSAGE][WARNING] - Timeout '0' is invalid. Using default page load timeout: '5'

2019-01-11 16:50:51 - [MESSAGE][PASSED] - Tapped on element 'Object Repository/CommonScreenElements/DoneButton'

2019-01-11 16:50:51 - [TEST_CASE][PASSED] - Test Cases/ShopOpen/RemainingMainCategories/PrimaryDisplay/DisplaySpaceAvailable/VisitDSA: Test Cases/ShopOpen/RemainingMainCategories/PrimaryDisplay/DisplaySpaceAvailable/VisitDSA

2019-01-11 16:50:51 - [TEST_STEP][PASSED] - verifyElementExist(findTestObject("ShopOpen/RemainingMainCategories/PrimaryDisplay/DisplaySpaceAvailable/Validate_SubCategoriesScreen", ["package":PACKAGENAME]), 0): Element 'Object Repository/ShopOpen/RemainingMainCategories/PrimaryDisplay/DisplaySpaceAvailable/Validate_SubCategoriesScreen' is exist

2019-01-11 16:50:51 - [MESSAGE][WARNING] - Timeout '0' is invalid. Using default page load timeout: '5'

2019-01-11 16:50:52 - [MESSAGE][PASSED] - Element 'Object Repository/ShopOpen/RemainingMainCategories/PrimaryDisplay/DisplaySpaceAvailable/Validate_SubCategoriesScreen' is exist

2019-01-11 16:50:52 - [TEST_STEP][PASSED] - com.ct.qa.keywords.PrimaryDisplayKeywords.visitPrimaryDisplay_WithDSASubCategories(1): com.ct.qa.keywords.PrimaryDisplayKeywords.visitPrimaryDisplay_WithDSASubCategories is PASSED

2019-01-11 16:50:53 - [TEST_CASE][PASSED] - Test Cases/ShopOpen/RemainingMainCategories/PrimaryDisplay/DisplaySpaceAvailable/VisitDSA_SubCategories: Test Cases/ShopOpen/RemainingMainCategories/PrimaryDisplay/DisplaySpaceAvailable/VisitDSA_SubCategories

2019-01-11 16:50:53 - [TEST_STEP][PASSED] - verifyElementText(findTestObject("ShopOpen/RemainingMainCategories/PrimaryDisplay/DisplaySpaceAvailable/Validate_ShareOfShelfScreen", ["package":PACKAGENAME]), "Share of shelf"): Actual text and expected text of test object 'Object Repository/ShopOpen/RemainingMainCategories/PrimaryDisplay/DisplaySpaceAvailable/Validate_ShareOfShelfScreen' are matched.

2019-01-11 16:50:55 - [MESSAGE][PASSED] - Actual text and expected text of test object 'Object Repository/ShopOpen/RemainingMainCategories/PrimaryDisplay/DisplaySpaceAvailable/Validate_ShareOfShelfScreen' are matched.

2019-01-11 16:50:55 - [TEST_STEP][PASSED] - tap(findTestObject("ShopOpen/RemainingMainCategories/PrimaryDisplay/DisplaySpaceAvailable/ShareOfShelf", ["package":PACKAGENAME]), 0): Tapped on element 'Object Repository/ShopOpen/RemainingMainCategories/PrimaryDisplay/DisplaySpaceAvailable/ShareOfShelf'

2019-01-11 16:50:55 - [MESSAGE][WARNING] - Timeout '0' is invalid. Using default page load timeout: '5'

2019-01-11 16:50:56 - [MESSAGE][PASSED] - Tapped on element 'Object Repository/ShopOpen/RemainingMainCategories/PrimaryDisplay/DisplaySpaceAvailable/ShareOfShelf'

2019-01-11 16:50:56 - [TEST_STEP][PASSED] - verifyElementText(findTestObject("ShopOpen/RemainingMainCategories/PrimaryDisplay/DisplaySpaceAvailable/Validate_ShareOfShelfProductsScreen", ["package":PACKAGENAME]), "Share of shelf"): Actual text and expected text of test object 'Object Repository/ShopOpen/RemainingMainCategories/PrimaryDisplay/DisplaySpaceAvailable/Validate_ShareOfShelfProductsScreen' are matched.

2019-01-11 16:50:57 - [MESSAGE][PASSED] - Actual text and expected text of test object 'Object Repository/ShopOpen/RemainingMainCategories/PrimaryDisplay/DisplaySpaceAvailable/Validate_ShareOfShelfProductsScreen' are matched.

2019-01-11 16:50:57 - [TEST_STEP][PASSED] - com.ct.qa.keywords.PrimaryDisplayKeywords.visitDSA_Products(DISPLAYSPACEAVAILABLE): com.ct.qa.keywords.PrimaryDisplayKeywords.visitDSA_Products is PASSED

2019-01-11 16:51:01 - [MESSAGE][PASSED] - Keyboard is hidden

2019-01-11 16:51:04 - [MESSAGE][PASSED] - Keyboard is hidden

2019-01-11 16:51:07 - [MESSAGE][PASSED] - Keyboard is hidden

2019-01-11 16:51:10 - [MESSAGE][PASSED] - Keyboard is hidden

2019-01-11 16:51:13 - [MESSAGE][PASSED] - Keyboard is hidden

2019-01-11 16:51:16 - [MESSAGE][PASSED] - Keyboard is hidden

2019-01-11 16:51:20 - [MESSAGE][PASSED] - Swiped from 117,359 to 117,250

2019-01-11 16:51:23 - [MESSAGE][PASSED] - Keyboard is hidden

2019-01-11 16:51:25 - [MESSAGE][PASSED] - Swiped from 117,359 to 117,250

2019-01-11 16:51:28 - [MESSAGE][PASSED] - Keyboard is hidden

2019-01-11 16:51:30 - [MESSAGE][PASSED] - Swiped from 117,359 to 117,250

2019-01-11 16:51:31 - [MESSAGE][PASSED] - com.ct.qa.keywords.PrimaryDisplayKeywords.visitDSA_Products is PASSED

2019-01-11 16:51:31 - [TEST_STEP][PASSED] - tap(findTestObject("ShopOpen/RemainingMainCategories/PrimaryDisplay/DisplaySpaceAvailable/SubmitButton", ["package":PACKAGENAME]), 0): Tapped on element 'Object Repository/ShopOpen/RemainingMainCategories/PrimaryDisplay/DisplaySpaceAvailable/SubmitButton'

2019-01-11 16:51:31 - [MESSAGE][WARNING] - Timeout '0' is invalid. Using default page load timeout: '5'

2019-01-11 16:51:31 - [MESSAGE][PASSED] - Tapped on element 'Object Repository/ShopOpen/RemainingMainCategories/PrimaryDisplay/DisplaySpaceAvailable/SubmitButton'

2019-01-11 16:51:31 - [TEST_STEP][PASSED] - verifyElementText(findTestObject("ShopOpen/RemainingMainCategories/PrimaryDisplay/DisplaySpaceAvailable/Validate_AlertScreen", ["package":PACKAGENAME]), "Alert"): Actual text and expected text of test object 'Object Repository/ShopOpen/RemainingMainCategories/PrimaryDisplay/DisplaySpaceAvailable/Validate_AlertScreen' are matched.

2019-01-11 16:51:33 - [MESSAGE][PASSED] - Actual text and expected text of test object 'Object Repository/ShopOpen/RemainingMainCategories/PrimaryDisplay/DisplaySpaceAvailable/Validate_AlertScreen' are matched.

2019-01-11 16:51:33 - [TEST_STEP][PASSED] - tap(findTestObject("ShopOpen/RemainingMainCategories/PrimaryDisplay/DisplaySpaceAvailable/Alert_SaveButton", ["package":PACKAGENAME]), 0): Tapped on element 'Object Repository/ShopOpen/RemainingMainCategories/PrimaryDisplay/DisplaySpaceAvailable/Alert_SaveButton'

2019-01-11 16:51:33 - [MESSAGE][WARNING] - Timeout '0' is invalid. Using default page load timeout: '5'

2019-01-11 16:51:33 - [MESSAGE][PASSED] - Tapped on element 'Object Repository/ShopOpen/RemainingMainCategories/PrimaryDisplay/DisplaySpaceAvailable/Alert_SaveButton'

2019-01-11 16:51:33 - [TEST_STEP][PASSED] - verifyElementText(findTestObject("ShopOpen/RemainingMainCategories/PrimaryDisplay/DisplaySpaceAvailable/Validate_ShareOfShelfScreen", ["package":PACKAGENAME]), "Share of shelf"): Actual text and expected text of test object 'Object Repository/ShopOpen/RemainingMainCategories/PrimaryDisplay/DisplaySpaceAvailable/Validate_ShareOfShelfScreen' are matched.

2019-01-11 16:51:34 - [MESSAGE][PASSED] - Actual text and expected text of test object 'Object Repository/ShopOpen/RemainingMainCategories/PrimaryDisplay/DisplaySpaceAvailable/Validate_ShareOfShelfScreen' are matched.

2019-01-11 16:51:34 - [TEST_STEP][PASSED] - tap(findTestObject("ShopOpen/RemainingMainCategories/PrimaryDisplay/DisplaySpaceAvailable/ShareofShelf_BackButton", ["package":PACKAGENAME]), 0): Tapped on element 'Object Repository/ShopOpen/RemainingMainCategories/PrimaryDisplay/DisplaySpaceAvailable/ShareofShelf_BackButton'

2019-01-11 16:51:34 - [MESSAGE][WARNING] - Timeout '0' is invalid. Using default page load timeout: '5'

2019-01-11 16:51:34 - [MESSAGE][PASSED] - Tapped on element 'Object Repository/ShopOpen/RemainingMainCategories/PrimaryDisplay/DisplaySpaceAvailable/ShareofShelf_BackButton'

2019-01-11 16:51:34 - [TEST_STEP][PASSED] - verifyElementExist(findTestObject("ShopOpen/RemainingMainCategories/PrimaryDisplay/DisplaySpaceAvailable/Validate_SubCategoriesScreen", ["package":PACKAGENAME]), 0): Element 'Object Repository/ShopOpen/RemainingMainCategories/PrimaryDisplay/DisplaySpaceAvailable/Validate_SubCategoriesScreen' is exist

2019-01-11 16:51:34 - [MESSAGE][WARNING] - Timeout '0' is invalid. Using default page load timeout: '5'

2019-01-11 16:51:35 - [MESSAGE][PASSED] - Element 'Object Repository/ShopOpen/RemainingMainCategories/PrimaryDisplay/DisplaySpaceAvailable/Validate_SubCategoriesScreen' is exist

2019-01-11 16:51:35 - [MESSAGE][PASSED] - Call Test Case 'Test Cases/ShopOpen/RemainingMainCategories/PrimaryDisplay/DisplaySpaceAvailable/VisitDSA_SubCategories' successfully

2019-01-11 16:51:35 - [MESSAGE][PASSED] - com.ct.qa.keywords.PrimaryDisplayKeywords.visitPrimaryDisplay_WithDSASubCategories is PASSED

2019-01-11 16:51:35 - [TEST_STEP][PASSED] - com.ct.qa.keywords.CommonKeywords.findPlanogramImageView(): com.ct.qa.keywords.CommonKeywords.findPlanogramImageView is PASSED

2019-01-11 16:51:37 - [MESSAGE][WARNING] - Timeout '0' is invalid. Using default page load timeout: '5'

2019-01-11 16:51:43 - [MESSAGE][WARNING] - Object Object Repository/CommonScreenElements/InfoPopUp_OKButton not found
[[ATTACHMENT|F:\\Git Projects\\PnG_Merchandising\\PnG_Merchandising\\Reports\\PnG Merchandising With Channel Wise Data Verification\\20190111_162651\\1547207502696.png]]

2019-01-11 16:51:44 - [MESSAGE][PASSED] - com.ct.qa.keywords.CommonKeywords.findPlanogramImageView is PASSED

2019-01-11 16:51:44 - [TEST_STEP][PASSED] - verifyElementExist(findTestObject("ShopOpen/RemainingMainCategories/PrimaryDisplay/DisplaySpaceAvailable/Validate_SubCategoriesScreen", ["package":PACKAGENAME]), 0): Element 'Object Repository/ShopOpen/RemainingMainCategories/PrimaryDisplay/DisplaySpaceAvailable/Validate_SubCategoriesScreen' is exist

2019-01-11 16:51:44 - [MESSAGE][WARNING] - Timeout '0' is invalid. Using default page load timeout: '5'

2019-01-11 16:51:45 - [MESSAGE][PASSED] - Element 'Object Repository/ShopOpen/RemainingMainCategories/PrimaryDisplay/DisplaySpaceAvailable/Validate_SubCategoriesScreen' is exist

2019-01-11 16:51:45 - [TEST_STEP][PASSED] - com.ct.qa.keywords.CommonKeywords.findPictureImageView(): com.ct.qa.keywords.CommonKeywords.findPictureImageView is PASSED

2019-01-11 16:51:47 - [MESSAGE][WARNING] - Timeout '0' is invalid. Using default page load timeout: '5'

2019-01-11 16:51:49 - [MESSAGE][PASSED] - Element 'Object Repository/CommonScreenElements/Validate_CameraScreen' is exist

2019-01-11 16:51:49 - [MESSAGE][WARNING] - Timeout '0' is invalid. Using default page load timeout: '5'

2019-01-11 16:51:52 - [MESSAGE][PASSED] - Tapped on element 'Object Repository/CommonScreenElements/TakePictureButton'

2019-01-11 16:51:57 - [MESSAGE][PASSED] - Delayed 5 second(s)

2019-01-11 16:51:57 - [MESSAGE][WARNING] - Timeout '0' is invalid. Using default page load timeout: '5'

2019-01-11 16:51:57 - [MESSAGE][PASSED] - Tapped on element 'Object Repository/CommonScreenElements/DoneButton'

2019-01-11 16:51:57 - [MESSAGE][PASSED] - com.ct.qa.keywords.CommonKeywords.findPictureImageView is PASSED

2019-01-11 16:51:57 - [TEST_STEP][PASSED] - verifyElementExist(findTestObject("ShopOpen/RemainingMainCategories/PrimaryDisplay/DisplaySpaceAvailable/Validate_SubCategoriesScreen", ["package":PACKAGENAME]), 0): Element 'Object Repository/ShopOpen/RemainingMainCategories/PrimaryDisplay/DisplaySpaceAvailable/Validate_SubCategoriesScreen' is exist

2019-01-11 16:51:57 - [MESSAGE][WARNING] - Timeout '0' is invalid. Using default page load timeout: '5'

2019-01-11 16:51:58 - [MESSAGE][PASSED] - Element 'Object Repository/ShopOpen/RemainingMainCategories/PrimaryDisplay/DisplaySpaceAvailable/Validate_SubCategoriesScreen' is exist

2019-01-11 16:51:58 - [TEST_STEP][PASSED] - com.ct.qa.keywords.CommonKeywords.findBackButtonImageView(): com.ct.qa.keywords.CommonKeywords.findBackButtonImageView is PASSED

2019-01-11 16:52:00 - [MESSAGE][PASSED] - com.ct.qa.keywords.CommonKeywords.findBackButtonImageView is PASSED

2019-01-11 16:52:00 - [TEST_STEP][PASSED] - verifyElementExist(findTestObject("ShopOpen/RemainingMainCategories/Validate_MainCategoryDetailActionScreen", ["package":PACKAGENAME]), 0): Element 'Object Repository/ShopOpen/RemainingMainCategories/Validate_MainCategoryDetailActionScreen' is exist

2019-01-11 16:52:00 - [MESSAGE][WARNING] - Timeout '0' is invalid. Using default page load timeout: '5'

2019-01-11 16:52:01 - [MESSAGE][PASSED] - Element 'Object Repository/ShopOpen/RemainingMainCategories/Validate_MainCategoryDetailActionScreen' is exist

2019-01-11 16:52:01 - [MESSAGE][PASSED] - Call Test Case 'Test Cases/ShopOpen/RemainingMainCategories/PrimaryDisplay/DisplaySpaceAvailable/VisitDSA' successfully

2019-01-11 16:52:01 - [MESSAGE][PASSED] - com.ct.qa.keywords.PrimaryDisplayKeywords.selectPrimaryDisplayRemark_ForDataVerfication is PASSED

2019-01-11 16:52:01 - [MESSAGE][PASSED] - Call Test Case 'Test Cases/ShopOpen/RemainingMainCategories/PrimaryDisplay/VisitPrimaryDisplayWith_DataVerification' successfully

2019-01-11 16:52:01 - [TEST_CASE][PASSED] - Test Cases/ShopOpen/RemainingMainCategories/SecondaryDisplay/SecondaryDisplay_VisitingScenarios/VisitSecondaryDisplayWith_DataVerification: Test Cases/ShopOpen/RemainingMainCategories/SecondaryDisplay/SecondaryDisplay_VisitingScenarios/VisitSecondaryDisplayWith_DataVerification

2019-01-11 16:52:01 - [TEST_STEP][PASSED] - verifyElementExist(findTestObject("ShopOpen/RemainingMainCategories/SecondaryDisplay/Validate_SecondaryDisplayRemarksScreen", ["package":PACKAGENAME]), 0): Element 'Object Repository/ShopOpen/RemainingMainCategories/SecondaryDisplay/Validate_SecondaryDisplayRemarksScreen' is exist

2019-01-11 16:52:01 - [MESSAGE][WARNING] - Timeout '0' is invalid. Using default page load timeout: '5'

2019-01-11 16:52:03 - [MESSAGE][PASSED] - Element 'Object Repository/ShopOpen/RemainingMainCategories/SecondaryDisplay/Validate_SecondaryDisplayRemarksScreen' is exist

2019-01-11 16:52:03 - [TEST_STEP][PASSED] - com.ct.qa.keywords.SecondaryDisplayKeywords.selectSecondaryDisplayRemark_WithDataVerification(): com.ct.qa.keywords.SecondaryDisplayKeywords.selectSecondaryDisplayRemark_WithDataVerification is PASSED

2019-01-11 16:52:04 - [TEST_CASE][PASSED] - Test Cases/ShopOpen/RemainingMainCategories/SecondaryDisplay/Available/VisitSecondaryDisplayAvailable: Test Cases/ShopOpen/RemainingMainCategories/SecondaryDisplay/Available/VisitSecondaryDisplayAvailable

2019-01-11 16:52:04 - [TEST_STEP][PASSED] - verifyElementText(findTestObject("ShopOpen/RemainingMainCategories/SecondaryDisplay/Available/Validate_UnitsScreen"), "Units"): Actual text and expected text of test object 'Object Repository/ShopOpen/RemainingMainCategories/SecondaryDisplay/Available/Validate_UnitsScreen' are matched.

2019-01-11 16:52:05 - [MESSAGE][PASSED] - Actual text and expected text of test object 'Object Repository/ShopOpen/RemainingMainCategories/SecondaryDisplay/Available/Validate_UnitsScreen' are matched.

2019-01-11 16:52:05 - [TEST_STEP][PASSED] - com.ct.qa.keywords.SecondaryDisplayKeywords.enterUnitsForSecondaryDisplay(): com.ct.qa.keywords.SecondaryDisplayKeywords.enterUnitsForSecondaryDisplay is PASSED

2019-01-11 16:52:08 - [MESSAGE][PASSED] - Keyboard is hidden

2019-01-11 16:52:10 - [MESSAGE][PASSED] - Keyboard is hidden

2019-01-11 16:52:10 - [MESSAGE][PASSED] - com.ct.qa.keywords.SecondaryDisplayKeywords.enterUnitsForSecondaryDisplay is PASSED

2019-01-11 16:52:10 - [TEST_STEP][PASSED] - tap(findTestObject("ShopOpen/RemainingMainCategories/SecondaryDisplay/Available/Units_SubmitButton", ["package":PACKAGENAME]), 0): Tapped on element 'Object Repository/ShopOpen/RemainingMainCategories/SecondaryDisplay/Available/Units_SubmitButton'

2019-01-11 16:52:10 - [MESSAGE][WARNING] - Timeout '0' is invalid. Using default page load timeout: '5'

2019-01-11 16:52:11 - [MESSAGE][PASSED] - Tapped on element 'Object Repository/ShopOpen/RemainingMainCategories/SecondaryDisplay/Available/Units_SubmitButton'

2019-01-11 16:52:11 - [TEST_STEP][PASSED] - verifyElementExist(findTestObject("ShopOpen/RemainingMainCategories/SecondaryDisplay/Available/Validate_UnitsListScreen", ["package":PACKAGENAME]), 0): Element 'Object Repository/ShopOpen/RemainingMainCategories/SecondaryDisplay/Available/Validate_UnitsListScreen' is exist

2019-01-11 16:52:11 - [MESSAGE][WARNING] - Timeout '0' is invalid. Using default page load timeout: '5'

2019-01-11 16:52:13 - [MESSAGE][PASSED] - Element 'Object Repository/ShopOpen/RemainingMainCategories/SecondaryDisplay/Available/Validate_UnitsListScreen' is exist

2019-01-11 16:52:13 - [TEST_STEP][PASSED] - com.ct.qa.keywords.SecondaryDisplayKeywords.visitSecondaryDisplayUnitsList(): com.ct.qa.keywords.SecondaryDisplayKeywords.visitSecondaryDisplayUnitsList is PASSED

2019-01-11 16:52:13 - [TEST_CASE][PASSED] - Test Cases/ShopOpen/RemainingMainCategories/SecondaryDisplay/Available/VisitAvailableWith_DisplayUnitNeedMaintenance: Test Cases/ShopOpen/RemainingMainCategories/SecondaryDisplay/Available/VisitAvailableWith_DisplayUnitNeedMaintenance

2019-01-11 16:52:13 - [TEST_STEP][PASSED] - verifyElementExist(findTestObject("CommonScreenElements/Validate_CameraScreen", ["package":PACKAGENAME]), 0): Element 'Object Repository/CommonScreenElements/Validate_CameraScreen' is exist

2019-01-11 16:52:13 - [MESSAGE][WARNING] - Timeout '0' is invalid. Using default page load timeout: '5'

2019-01-11 16:52:15 - [MESSAGE][PASSED] - Element 'Object Repository/CommonScreenElements/Validate_CameraScreen' is exist

2019-01-11 16:52:15 - [TEST_STEP][PASSED] - tap(findTestObject("CommonScreenElements/TakePictureButton", ["package":PACKAGENAME]), 0): Tapped on element 'Object Repository/CommonScreenElements/TakePictureButton'

2019-01-11 16:52:15 - [MESSAGE][WARNING] - Timeout '0' is invalid. Using default page load timeout: '5'

2019-01-11 16:52:19 - [MESSAGE][PASSED] - Tapped on element 'Object Repository/CommonScreenElements/TakePictureButton'

2019-01-11 16:52:19 - [TEST_STEP][PASSED] - delay(5, STOP_ON_FAILURE): Delayed 5 second(s)

2019-01-11 16:52:24 - [MESSAGE][PASSED] - Delayed 5 second(s)

2019-01-11 16:52:24 - [TEST_STEP][PASSED] - tap(findTestObject("CommonScreenElements/DoneButton", ["package":PACKAGENAME]), 0): Tapped on element 'Object Repository/CommonScreenElements/DoneButton'

2019-01-11 16:52:24 - [MESSAGE][WARNING] - Timeout '0' is invalid. Using default page load timeout: '5'

2019-01-11 16:52:25 - [MESSAGE][PASSED] - Tapped on element 'Object Repository/CommonScreenElements/DoneButton'

2019-01-11 16:52:25 - [TEST_STEP][PASSED] - verifyElementExist(findTestObject("ShopOpen/RemainingMainCategories/SecondaryDisplay/Available/Validate_AvailableRemarksScreen", ["package":PACKAGENAME]), 0): Element 'Object Repository/ShopOpen/RemainingMainCategories/SecondaryDisplay/Available/Validate_AvailableRemarksScreen' is exist

2019-01-11 16:52:25 - [MESSAGE][WARNING] - Timeout '0' is invalid. Using default page load timeout: '5'

2019-01-11 16:52:27 - [MESSAGE][PASSED] - Element 'Object Repository/ShopOpen/RemainingMainCategories/SecondaryDisplay/Available/Validate_AvailableRemarksScreen' is exist

2019-01-11 16:52:27 - [TEST_STEP][PASSED] - com.ct.qa.keywords.SecondaryDisplayKeywords.selectSecondaryDisplay_AvailableRemark("Display Unit Need Maintenance", 1): com.ct.qa.keywords.SecondaryDisplayKeywords.selectSecondaryDisplay_AvailableRemark is PASSED

2019-01-11 16:52:28 - [MESSAGE][WARNING] - Timeout '0' is invalid. Using default page load timeout: '5'

2019-01-11 16:52:30 - [MESSAGE][PASSED] - Element 'Object Repository/ShopOpen/RemainingMainCategories/SecondaryDisplay/Available/Validate_SecondaryDisplay_available_remarksScreen' is exist

2019-01-11 16:52:30 - [MESSAGE][PASSED] - com.ct.qa.keywords.SecondaryDisplayKeywords.selectSecondaryDisplay_AvailableRemark is PASSED

2019-01-11 16:52:30 - [TEST_STEP][PASSED] - tap(findTestObject("ShopOpen/RemainingMainCategories/SecondaryDisplay/Available/DUNM_CategoryRemarks_BackButton", ["package":PACKAGENAME]), 0): Tapped on element 'Object Repository/ShopOpen/RemainingMainCategories/SecondaryDisplay/Available/DUNM_CategoryRemarks_BackButton'

2019-01-11 16:52:30 - [MESSAGE][WARNING] - Timeout '0' is invalid. Using default page load timeout: '5'

2019-01-11 16:52:31 - [MESSAGE][PASSED] - Tapped on element 'Object Repository/ShopOpen/RemainingMainCategories/SecondaryDisplay/Available/DUNM_CategoryRemarks_BackButton'

2019-01-11 16:52:31 - [TEST_STEP][PASSED] - verifyElementExist(findTestObject("ShopOpen/RemainingMainCategories/SecondaryDisplay/Available/Validate_AvailableRemarksScreen", ["package":PACKAGENAME]), 0): Element 'Object Repository/ShopOpen/RemainingMainCategories/SecondaryDisplay/Available/Validate_AvailableRemarksScreen' is exist

2019-01-11 16:52:31 - [MESSAGE][WARNING] - Timeout '0' is invalid. Using default page load timeout: '5'

2019-01-11 16:52:32 - [MESSAGE][PASSED] - Element 'Object Repository/ShopOpen/RemainingMainCategories/SecondaryDisplay/Available/Validate_AvailableRemarksScreen' is exist

2019-01-11 16:52:32 - [TEST_STEP][PASSED] - tap(findTestObject("ShopOpen/RemainingMainCategories/SecondaryDisplay/Available/AvailableRemarks_BackButton", ["package":PACKAGENAME]), 0): Tapped on element 'Object Repository/ShopOpen/RemainingMainCategories/SecondaryDisplay/Available/AvailableRemarks_BackButton'

2019-01-11 16:52:32 - [MESSAGE][WARNING] - Timeout '0' is invalid. Using default page load timeout: '5'

2019-01-11 16:52:32 - [MESSAGE][PASSED] - Tapped on element 'Object Repository/ShopOpen/RemainingMainCategories/SecondaryDisplay/Available/AvailableRemarks_BackButton'

2019-01-11 16:52:32 - [TEST_STEP][PASSED] - verifyElementText(findTestObject("ShopOpen/RemainingMainCategories/SecondaryDisplay/Available/Validate_UtilizationPopUpScreen", ["package":PACKAGENAME]), "Utilization"): Actual text and expected text of test object 'Object Repository/ShopOpen/RemainingMainCategories/SecondaryDisplay/Available/Validate_UtilizationPopUpScreen' are matched.

2019-01-11 16:52:34 - [MESSAGE][PASSED] - Actual text and expected text of test object 'Object Repository/ShopOpen/RemainingMainCategories/SecondaryDisplay/Available/Validate_UtilizationPopUpScreen' are matched.

2019-01-11 16:52:34 - [TEST_STEP][PASSED] - com.ct.qa.keywords.SecondaryDisplayKeywords.enterUtilizationForSecondaryDisplay(1): com.ct.qa.keywords.SecondaryDisplayKeywords.enterUtilizationForSecondaryDisplay is PASSED

2019-01-11 16:52:38 - [MESSAGE][PASSED] - com.ct.qa.keywords.SecondaryDisplayKeywords.enterUtilizationForSecondaryDisplay is PASSED

2019-01-11 16:52:38 - [TEST_STEP][PASSED] - hideKeyboard(): Keyboard is hidden

2019-01-11 16:52:39 - [MESSAGE][PASSED] - Keyboard is hidden

2019-01-11 16:52:39 - [TEST_STEP][PASSED] - tap(findTestObject("ShopOpen/RemainingMainCategories/SecondaryDisplay/Available/Utilization_SubmitButton", ["package":PACKAGENAME]), 0, STOP_ON_FAILURE): Tapped on element 'Object Repository/ShopOpen/RemainingMainCategories/SecondaryDisplay/Available/Utilization_SubmitButton'

2019-01-11 16:52:39 - [MESSAGE][WARNING] - Timeout '0' is invalid. Using default page load timeout: '5'

2019-01-11 16:52:40 - [MESSAGE][PASSED] - Tapped on element 'Object Repository/ShopOpen/RemainingMainCategories/SecondaryDisplay/Available/Utilization_SubmitButton'

2019-01-11 16:52:40 - [TEST_STEP][PASSED] - verifyElementExist(findTestObject("ShopOpen/RemainingMainCategories/SecondaryDisplay/Available/Validate_UnitsListScreen", ["package":PACKAGENAME]), 0): Element 'Object Repository/ShopOpen/RemainingMainCategories/SecondaryDisplay/Available/Validate_UnitsListScreen' is exist

2019-01-11 16:52:40 - [MESSAGE][WARNING] - Timeout '0' is invalid. Using default page load timeout: '5'

2019-01-11 16:52:41 - [MESSAGE][PASSED] - Element 'Object Repository/ShopOpen/RemainingMainCategories/SecondaryDisplay/Available/Validate_UnitsListScreen' is exist

2019-01-11 16:52:41 - [MESSAGE][PASSED] - Call Test Case 'Test Cases/ShopOpen/RemainingMainCategories/SecondaryDisplay/Available/VisitAvailableWith_DisplayUnitNeedMaintenance' successfully

2019-01-11 16:52:41 - [TEST_CASE][PASSED] - Test Cases/ShopOpen/RemainingMainCategories/SecondaryDisplay/Available/VisitAvailableWith_SKDNA: Test Cases/ShopOpen/RemainingMainCategories/SecondaryDisplay/Available/VisitAvailableWith_SKDNA

2019-01-11 16:52:41 - [TEST_STEP][PASSED] - verifyElementExist(findTestObject("CommonScreenElements/Validate_CameraScreen", ["package":PACKAGENAME]), 0): Element 'Object Repository/CommonScreenElements/Validate_CameraScreen' is exist

2019-01-11 16:52:41 - [MESSAGE][WARNING] - Timeout '0' is invalid. Using default page load timeout: '5'

2019-01-11 16:52:43 - [MESSAGE][PASSED] - Element 'Object Repository/CommonScreenElements/Validate_CameraScreen' is exist

2019-01-11 16:52:43 - [TEST_STEP][PASSED] - tap(findTestObject("CommonScreenElements/TakePictureButton", ["package":PACKAGENAME]), 0): Tapped on element 'Object Repository/CommonScreenElements/TakePictureButton'

2019-01-11 16:52:43 - [MESSAGE][WARNING] - Timeout '0' is invalid. Using default page load timeout: '5'

2019-01-11 16:52:47 - [MESSAGE][PASSED] - Tapped on element 'Object Repository/CommonScreenElements/TakePictureButton'

2019-01-11 16:52:47 - [TEST_STEP][PASSED] - delay(5, STOP_ON_FAILURE): Delayed 5 second(s)

2019-01-11 16:52:52 - [MESSAGE][PASSED] - Delayed 5 second(s)

2019-01-11 16:52:52 - [TEST_STEP][PASSED] - tap(findTestObject("CommonScreenElements/DoneButton", ["package":PACKAGENAME]), 0): Tapped on element 'Object Repository/CommonScreenElements/DoneButton'

2019-01-11 16:52:52 - [MESSAGE][WARNING] - Timeout '0' is invalid. Using default page load timeout: '5'

2019-01-11 16:52:52 - [MESSAGE][PASSED] - Tapped on element 'Object Repository/CommonScreenElements/DoneButton'

2019-01-11 16:52:52 - [TEST_STEP][PASSED] - verifyElementExist(findTestObject("ShopOpen/RemainingMainCategories/SecondaryDisplay/Available/Validate_AvailableRemarksScreen", ["package":PACKAGENAME]), 0): Element 'Object Repository/ShopOpen/RemainingMainCategories/SecondaryDisplay/Available/Validate_AvailableRemarksScreen' is exist

2019-01-11 16:52:52 - [MESSAGE][WARNING] - Timeout '0' is invalid. Using default page load timeout: '5'

2019-01-11 16:52:55 - [MESSAGE][PASSED] - Element 'Object Repository/ShopOpen/RemainingMainCategories/SecondaryDisplay/Available/Validate_AvailableRemarksScreen' is exist

2019-01-11 16:52:55 - [TEST_STEP][PASSED] - com.ct.qa.keywords.SecondaryDisplayKeywords.selectSecondaryDisplay_AvailableRemark("Shopkeeper did not allow", 1): com.ct.qa.keywords.SecondaryDisplayKeywords.selectSecondaryDisplay_AvailableRemark is PASSED

2019-01-11 16:52:57 - [MESSAGE][WARNING] - Timeout '0' is invalid. Using default page load timeout: '5'

2019-01-11 16:52:59 - [MESSAGE][PASSED] - Element 'Object Repository/ShopOpen/RemainingMainCategories/SecondaryDisplay/Available/Validate_SecondaryDisplay_available_remarksScreen' is exist

2019-01-11 16:52:59 - [MESSAGE][PASSED] - com.ct.qa.keywords.SecondaryDisplayKeywords.selectSecondaryDisplay_AvailableRemark is PASSED

2019-01-11 16:52:59 - [TEST_STEP][PASSED] - tap(findTestObject("ShopOpen/RemainingMainCategories/SecondaryDisplay/Available/SKDNA_CategoryRemark_BackButton", ["package":PACKAGENAME]), 0): Tapped on element 'Object Repository/ShopOpen/RemainingMainCategories/SecondaryDisplay/Available/SKDNA_CategoryRemark_BackButton'

2019-01-11 16:52:59 - [MESSAGE][WARNING] - Timeout '0' is invalid. Using default page load timeout: '5'

2019-01-11 16:53:00 - [MESSAGE][PASSED] - Tapped on element 'Object Repository/ShopOpen/RemainingMainCategories/SecondaryDisplay/Available/SKDNA_CategoryRemark_BackButton'

2019-01-11 16:53:00 - [TEST_STEP][PASSED] - verifyElementExist(findTestObject("ShopOpen/RemainingMainCategories/SecondaryDisplay/Available/Validate_AvailableRemarksScreen", ["package":PACKAGENAME]), 0): Element 'Object Repository/ShopOpen/RemainingMainCategories/SecondaryDisplay/Available/Validate_AvailableRemarksScreen' is exist

2019-01-11 16:53:00 - [MESSAGE][WARNING] - Timeout '0' is invalid. Using default page load timeout: '5'

2019-01-11 16:53:01 - [MESSAGE][PASSED] - Element 'Object Repository/ShopOpen/RemainingMainCategories/SecondaryDisplay/Available/Validate_AvailableRemarksScreen' is exist

2019-01-11 16:53:01 - [TEST_STEP][PASSED] - tap(findTestObject("ShopOpen/RemainingMainCategories/SecondaryDisplay/Available/AvailableRemarks_BackButton", ["package":PACKAGENAME]), 0): Tapped on element 'Object Repository/ShopOpen/RemainingMainCategories/SecondaryDisplay/Available/AvailableRemarks_BackButton'

2019-01-11 16:53:01 - [MESSAGE][WARNING] - Timeout '0' is invalid. Using default page load timeout: '5'

2019-01-11 16:53:02 - [MESSAGE][PASSED] - Tapped on element 'Object Repository/ShopOpen/RemainingMainCategories/SecondaryDisplay/Available/AvailableRemarks_BackButton'

2019-01-11 16:53:02 - [TEST_STEP][PASSED] - verifyElementText(findTestObject("ShopOpen/RemainingMainCategories/SecondaryDisplay/Available/Validate_UtilizationPopUpScreen", ["package":PACKAGENAME]), "Utilization"): Actual text and expected text of test object 'Object Repository/ShopOpen/RemainingMainCategories/SecondaryDisplay/Available/Validate_UtilizationPopUpScreen' are matched.

2019-01-11 16:53:03 - [MESSAGE][PASSED] - Actual text and expected text of test object 'Object Repository/ShopOpen/RemainingMainCategories/SecondaryDisplay/Available/Validate_UtilizationPopUpScreen' are matched.

2019-01-11 16:53:03 - [TEST_STEP][PASSED] - com.ct.qa.keywords.SecondaryDisplayKeywords.enterUtilizationForSecondaryDisplay(1): com.ct.qa.keywords.SecondaryDisplayKeywords.enterUtilizationForSecondaryDisplay is PASSED

2019-01-11 16:53:07 - [MESSAGE][PASSED] - com.ct.qa.keywords.SecondaryDisplayKeywords.enterUtilizationForSecondaryDisplay is PASSED

2019-01-11 16:53:07 - [TEST_STEP][PASSED] - hideKeyboard(): Keyboard is hidden

2019-01-11 16:53:09 - [MESSAGE][PASSED] - Keyboard is hidden

2019-01-11 16:53:09 - [TEST_STEP][PASSED] - tap(findTestObject("ShopOpen/RemainingMainCategories/SecondaryDisplay/Available/Utilization_SubmitButton", ["package":PACKAGENAME]), 0, STOP_ON_FAILURE): Tapped on element 'Object Repository/ShopOpen/RemainingMainCategories/SecondaryDisplay/Available/Utilization_SubmitButton'

2019-01-11 16:53:09 - [MESSAGE][WARNING] - Timeout '0' is invalid. Using default page load timeout: '5'

2019-01-11 16:53:09 - [MESSAGE][PASSED] - Tapped on element 'Object Repository/ShopOpen/RemainingMainCategories/SecondaryDisplay/Available/Utilization_SubmitButton'

2019-01-11 16:53:09 - [TEST_STEP][PASSED] - verifyElementExist(findTestObject("ShopOpen/RemainingMainCategories/SecondaryDisplay/Available/Validate_UnitsListScreen", ["package":PACKAGENAME]), 0): Element 'Object Repository/ShopOpen/RemainingMainCategories/SecondaryDisplay/Available/Validate_UnitsListScreen' is exist

2019-01-11 16:53:09 - [MESSAGE][WARNING] - Timeout '0' is invalid. Using default page load timeout: '5'

2019-01-11 16:53:10 - [MESSAGE][PASSED] - Element 'Object Repository/ShopOpen/RemainingMainCategories/SecondaryDisplay/Available/Validate_UnitsListScreen' is exist

2019-01-11 16:53:10 - [MESSAGE][PASSED] - Call Test Case 'Test Cases/ShopOpen/RemainingMainCategories/SecondaryDisplay/Available/VisitAvailableWith_SKDNA' successfully

2019-01-11 16:53:10 - [TEST_CASE][PASSED] - Test Cases/ShopOpen/RemainingMainCategories/SecondaryDisplay/Available/VisitAvailableWith_SKDNA: Test Cases/ShopOpen/RemainingMainCategories/SecondaryDisplay/Available/VisitAvailableWith_SKDNA

2019-01-11 16:53:10 - [TEST_STEP][PASSED] - verifyElementExist(findTestObject("CommonScreenElements/Validate_CameraScreen", ["package":PACKAGENAME]), 0): Element 'Object Repository/CommonScreenElements/Validate_CameraScreen' is exist

2019-01-11 16:53:10 - [MESSAGE][WARNING] - Timeout '0' is invalid. Using default page load timeout: '5'

2019-01-11 16:53:13 - [MESSAGE][PASSED] - Element 'Object Repository/CommonScreenElements/Validate_CameraScreen' is exist

2019-01-11 16:53:13 - [TEST_STEP][PASSED] - tap(findTestObject("CommonScreenElements/TakePictureButton", ["package":PACKAGENAME]), 0): Tapped on element 'Object Repository/CommonScreenElements/TakePictureButton'

2019-01-11 16:53:13 - [MESSAGE][WARNING] - Timeout '0' is invalid. Using default page load timeout: '5'

2019-01-11 16:53:16 - [MESSAGE][PASSED] - Tapped on element 'Object Repository/CommonScreenElements/TakePictureButton'

2019-01-11 16:53:16 - [TEST_STEP][PASSED] - delay(5, STOP_ON_FAILURE): Delayed 5 second(s)

2019-01-11 16:53:21 - [MESSAGE][PASSED] - Delayed 5 second(s)

2019-01-11 16:53:21 - [TEST_STEP][PASSED] - tap(findTestObject("CommonScreenElements/DoneButton", ["package":PACKAGENAME]), 0): Tapped on element 'Object Repository/CommonScreenElements/DoneButton'

2019-01-11 16:53:21 - [MESSAGE][WARNING] - Timeout '0' is invalid. Using default page load timeout: '5'

2019-01-11 16:53:21 - [MESSAGE][PASSED] - Tapped on element 'Object Repository/CommonScreenElements/DoneButton'

2019-01-11 16:53:21 - [TEST_STEP][PASSED] - verifyElementExist(findTestObject("ShopOpen/RemainingMainCategories/SecondaryDisplay/Available/Validate_AvailableRemarksScreen", ["package":PACKAGENAME]), 0): Element 'Object Repository/ShopOpen/RemainingMainCategories/SecondaryDisplay/Available/Validate_AvailableRemarksScreen' is exist

2019-01-11 16:53:21 - [MESSAGE][WARNING] - Timeout '0' is invalid. Using default page load timeout: '5'

2019-01-11 16:53:24 - [MESSAGE][PASSED] - Element 'Object Repository/ShopOpen/RemainingMainCategories/SecondaryDisplay/Available/Validate_AvailableRemarksScreen' is exist

2019-01-11 16:53:24 - [TEST_STEP][PASSED] - com.ct.qa.keywords.SecondaryDisplayKeywords.selectSecondaryDisplay_AvailableRemark("Shopkeeper did not allow", 1): com.ct.qa.keywords.SecondaryDisplayKeywords.selectSecondaryDisplay_AvailableRemark is PASSED

2019-01-11 16:53:25 - [MESSAGE][WARNING] - Timeout '0' is invalid. Using default page load timeout: '5'

2019-01-11 16:53:27 - [MESSAGE][PASSED] - Element 'Object Repository/ShopOpen/RemainingMainCategories/SecondaryDisplay/Available/Validate_SecondaryDisplay_available_remarksScreen' is exist

2019-01-11 16:53:28 - [MESSAGE][PASSED] - com.ct.qa.keywords.SecondaryDisplayKeywords.selectSecondaryDisplay_AvailableRemark is PASSED

2019-01-11 16:53:28 - [TEST_STEP][PASSED] - tap(findTestObject("ShopOpen/RemainingMainCategories/SecondaryDisplay/Available/SKDNA_CategoryRemark_BackButton", ["package":PACKAGENAME]), 0): Tapped on element 'Object Repository/ShopOpen/RemainingMainCategories/SecondaryDisplay/Available/SKDNA_CategoryRemark_BackButton'

2019-01-11 16:53:28 - [MESSAGE][WARNING] - Timeout '0' is invalid. Using default page load timeout: '5'

2019-01-11 16:53:29 - [MESSAGE][PASSED] - Tapped on element 'Object Repository/ShopOpen/RemainingMainCategories/SecondaryDisplay/Available/SKDNA_CategoryRemark_BackButton'

2019-01-11 16:53:29 - [TEST_STEP][PASSED] - verifyElementExist(findTestObject("ShopOpen/RemainingMainCategories/SecondaryDisplay/Available/Validate_AvailableRemarksScreen", ["package":PACKAGENAME]), 0): Element 'Object Repository/ShopOpen/RemainingMainCategories/SecondaryDisplay/Available/Validate_AvailableRemarksScreen' is exist

2019-01-11 16:53:29 - [MESSAGE][WARNING] - Timeout '0' is invalid. Using default page load timeout: '5'

2019-01-11 16:53:30 - [MESSAGE][PASSED] - Element 'Object Repository/ShopOpen/RemainingMainCategories/SecondaryDisplay/Available/Validate_AvailableRemarksScreen' is exist

2019-01-11 16:53:30 - [TEST_STEP][PASSED] - tap(findTestObject("ShopOpen/RemainingMainCategories/SecondaryDisplay/Available/AvailableRemarks_BackButton", ["package":PACKAGENAME]), 0): Tapped on element 'Object Repository/ShopOpen/RemainingMainCategories/SecondaryDisplay/Available/AvailableRemarks_BackButton'

2019-01-11 16:53:30 - [MESSAGE][WARNING] - Timeout '0' is invalid. Using default page load timeout: '5'

2019-01-11 16:53:30 - [MESSAGE][PASSED] - Tapped on element 'Object Repository/ShopOpen/RemainingMainCategories/SecondaryDisplay/Available/AvailableRemarks_BackButton'

2019-01-11 16:53:30 - [TEST_STEP][PASSED] - verifyElementText(findTestObject("ShopOpen/RemainingMainCategories/SecondaryDisplay/Available/Validate_UtilizationPopUpScreen", ["package":PACKAGENAME]), "Utilization"): Actual text and expected text of test object 'Object Repository/ShopOpen/RemainingMainCategories/SecondaryDisplay/Available/Validate_UtilizationPopUpScreen' are matched.

2019-01-11 16:53:32 - [MESSAGE][PASSED] - Actual text and expected text of test object 'Object Repository/ShopOpen/RemainingMainCategories/SecondaryDisplay/Available/Validate_UtilizationPopUpScreen' are matched.

2019-01-11 16:53:32 - [TEST_STEP][PASSED] - com.ct.qa.keywords.SecondaryDisplayKeywords.enterUtilizationForSecondaryDisplay(1): com.ct.qa.keywords.SecondaryDisplayKeywords.enterUtilizationForSecondaryDisplay is PASSED

2019-01-11 16:53:36 - [MESSAGE][PASSED] - com.ct.qa.keywords.SecondaryDisplayKeywords.enterUtilizationForSecondaryDisplay is PASSED

2019-01-11 16:53:36 - [TEST_STEP][PASSED] - hideKeyboard(): Keyboard is hidden

2019-01-11 16:53:37 - [MESSAGE][PASSED] - Keyboard is hidden

2019-01-11 16:53:37 - [TEST_STEP][PASSED] - tap(findTestObject("ShopOpen/RemainingMainCategories/SecondaryDisplay/Available/Utilization_SubmitButton", ["package":PACKAGENAME]), 0, STOP_ON_FAILURE): Tapped on element 'Object Repository/ShopOpen/RemainingMainCategories/SecondaryDisplay/Available/Utilization_SubmitButton'

2019-01-11 16:53:37 - [MESSAGE][WARNING] - Timeout '0' is invalid. Using default page load timeout: '5'

2019-01-11 16:53:38 - [MESSAGE][PASSED] - Tapped on element 'Object Repository/ShopOpen/RemainingMainCategories/SecondaryDisplay/Available/Utilization_SubmitButton'

2019-01-11 16:53:38 - [TEST_STEP][PASSED] - verifyElementExist(findTestObject("ShopOpen/RemainingMainCategories/SecondaryDisplay/Available/Validate_UnitsListScreen", ["package":PACKAGENAME]), 0): Element 'Object Repository/ShopOpen/RemainingMainCategories/SecondaryDisplay/Available/Validate_UnitsListScreen' is exist

2019-01-11 16:53:38 - [MESSAGE][WARNING] - Timeout '0' is invalid. Using default page load timeout: '5'

2019-01-11 16:53:39 - [MESSAGE][PASSED] - Element 'Object Repository/ShopOpen/RemainingMainCategories/SecondaryDisplay/Available/Validate_UnitsListScreen' is exist

2019-01-11 16:53:39 - [MESSAGE][PASSED] - Call Test Case 'Test Cases/ShopOpen/RemainingMainCategories/SecondaryDisplay/Available/VisitAvailableWith_SKDNA' successfully

2019-01-11 16:53:40 - [TEST_CASE][PASSED] - Test Cases/ShopOpen/RemainingMainCategories/SecondaryDisplay/Available/VisitAvailable_WithDisplayUnitIsInPerfectCondition: Test Cases/ShopOpen/RemainingMainCategories/SecondaryDisplay/Available/VisitAvailable_WithDisplayUnitIsInPerfectCondition

2019-01-11 16:53:40 - [TEST_STEP][PASSED] - verifyElementExist(findTestObject("CommonScreenElements/Validate_CameraScreen", ["package":PACKAGENAME]), 0): Element 'Object Repository/CommonScreenElements/Validate_CameraScreen' is exist

2019-01-11 16:53:40 - [MESSAGE][WARNING] - Timeout '0' is invalid. Using default page load timeout: '5'

2019-01-11 16:53:41 - [MESSAGE][PASSED] - Element 'Object Repository/CommonScreenElements/Validate_CameraScreen' is exist

2019-01-11 16:53:41 - [TEST_STEP][PASSED] - tap(findTestObject("CommonScreenElements/TakePictureButton", ["package":PACKAGENAME]), 0): Tapped on element 'Object Repository/CommonScreenElements/TakePictureButton'

2019-01-11 16:53:41 - [MESSAGE][WARNING] - Timeout '0' is invalid. Using default page load timeout: '5'

2019-01-11 16:53:45 - [MESSAGE][PASSED] - Tapped on element 'Object Repository/CommonScreenElements/TakePictureButton'

2019-01-11 16:53:45 - [TEST_STEP][PASSED] - delay(5, STOP_ON_FAILURE): Delayed 5 second(s)

2019-01-11 16:53:50 - [MESSAGE][PASSED] - Delayed 5 second(s)

2019-01-11 16:53:50 - [TEST_STEP][PASSED] - tap(findTestObject("CommonScreenElements/DoneButton", ["package":PACKAGENAME]), 0): Tapped on element 'Object Repository/CommonScreenElements/DoneButton'

2019-01-11 16:53:50 - [MESSAGE][WARNING] - Timeout '0' is invalid. Using default page load timeout: '5'

2019-01-11 16:53:50 - [MESSAGE][PASSED] - Tapped on element 'Object Repository/CommonScreenElements/DoneButton'

2019-01-11 16:53:50 - [TEST_STEP][PASSED] - verifyElementExist(findTestObject("ShopOpen/RemainingMainCategories/SecondaryDisplay/Available/Validate_AvailableRemarksScreen", ["package":PACKAGENAME]), 0): Element 'Object Repository/ShopOpen/RemainingMainCategories/SecondaryDisplay/Available/Validate_AvailableRemarksScreen' is exist

2019-01-11 16:53:50 - [MESSAGE][WARNING] - Timeout '0' is invalid. Using default page load timeout: '5'

2019-01-11 16:53:52 - [MESSAGE][PASSED] - Element 'Object Repository/ShopOpen/RemainingMainCategories/SecondaryDisplay/Available/Validate_AvailableRemarksScreen' is exist

2019-01-11 16:53:52 - [TEST_STEP][PASSED] - com.ct.qa.keywords.SecondaryDisplayKeywords.selectSecondaryDisplay_AvailableRemark("Display Unit is in perfect condition", 0): com.ct.qa.keywords.SecondaryDisplayKeywords.selectSecondaryDisplay_AvailableRemark is PASSED

2019-01-11 16:53:53 - [MESSAGE][PASSED] - com.ct.qa.keywords.SecondaryDisplayKeywords.selectSecondaryDisplay_AvailableRemark is PASSED

2019-01-11 16:53:53 - [TEST_STEP][PASSED] - verifyElementText(findTestObject("ShopOpen/RemainingMainCategories/SecondaryDisplay/Available/Validate_UtilizationPopUpScreen", ["package":PACKAGENAME]), "Utilization"): Actual text and expected text of test object 'Object Repository/ShopOpen/RemainingMainCategories/SecondaryDisplay/Available/Validate_UtilizationPopUpScreen' are matched.

2019-01-11 16:53:54 - [MESSAGE][PASSED] - Actual text and expected text of test object 'Object Repository/ShopOpen/RemainingMainCategories/SecondaryDisplay/Available/Validate_UtilizationPopUpScreen' are matched.

2019-01-11 16:53:54 - [TEST_STEP][PASSED] - com.ct.qa.keywords.SecondaryDisplayKeywords.enterUtilizationForSecondaryDisplay(1): com.ct.qa.keywords.SecondaryDisplayKeywords.enterUtilizationForSecondaryDisplay is PASSED

2019-01-11 16:53:59 - [MESSAGE][PASSED] - com.ct.qa.keywords.SecondaryDisplayKeywords.enterUtilizationForSecondaryDisplay is PASSED

2019-01-11 16:53:59 - [TEST_STEP][PASSED] - hideKeyboard(): Keyboard is hidden

2019-01-11 16:54:00 - [MESSAGE][PASSED] - Keyboard is hidden

2019-01-11 16:54:00 - [TEST_STEP][PASSED] - tap(findTestObject("ShopOpen/RemainingMainCategories/SecondaryDisplay/Available/Utilization_SubmitButton", ["package":PACKAGENAME]), 0, STOP_ON_FAILURE): Tapped on element 'Object Repository/ShopOpen/RemainingMainCategories/SecondaryDisplay/Available/Utilization_SubmitButton'

2019-01-11 16:54:00 - [MESSAGE][WARNING] - Timeout '0' is invalid. Using default page load timeout: '5'

2019-01-11 16:54:01 - [MESSAGE][PASSED] - Tapped on element 'Object Repository/ShopOpen/RemainingMainCategories/SecondaryDisplay/Available/Utilization_SubmitButton'

2019-01-11 16:54:01 - [TEST_STEP][PASSED] - verifyElementExist(findTestObject("ShopOpen/RemainingMainCategories/SecondaryDisplay/Available/Validate_UnitsListScreen", ["package":PACKAGENAME]), 0): Element 'Object Repository/ShopOpen/RemainingMainCategories/SecondaryDisplay/Available/Validate_UnitsListScreen' is exist

2019-01-11 16:54:01 - [MESSAGE][WARNING] - Timeout '0' is invalid. Using default page load timeout: '5'

2019-01-11 16:54:01 - [MESSAGE][PASSED] - Element 'Object Repository/ShopOpen/RemainingMainCategories/SecondaryDisplay/Available/Validate_UnitsListScreen' is exist

2019-01-11 16:54:01 - [MESSAGE][PASSED] - Call Test Case 'Test Cases/ShopOpen/RemainingMainCategories/SecondaryDisplay/Available/VisitAvailable_WithDisplayUnitIsInPerfectCondition' successfully

2019-01-11 16:54:01 - [MESSAGE][PASSED] - com.ct.qa.keywords.SecondaryDisplayKeywords.visitSecondaryDisplayUnitsList is PASSED

2019-01-11 16:54:01 - [TEST_STEP][PASSED] - tap(findTestObject("ShopOpen/RemainingMainCategories/SecondaryDisplay/Available/UnitsList_BackButton"), 0): Tapped on element 'Object Repository/ShopOpen/RemainingMainCategories/SecondaryDisplay/Available/UnitsList_BackButton'

2019-01-11 16:54:01 - [MESSAGE][WARNING] - Timeout '0' is invalid. Using default page load timeout: '5'

2019-01-11 16:54:02 - [MESSAGE][PASSED] - Tapped on element 'Object Repository/ShopOpen/RemainingMainCategories/SecondaryDisplay/Available/UnitsList_BackButton'

2019-01-11 16:54:02 - [TEST_STEP][PASSED] - verifyElementExist(findTestObject("ShopOpen/RemainingMainCategories/Validate_MainCategoryDetailActionScreen", ["package":PACKAGENAME]), 0): Element 'Object Repository/ShopOpen/RemainingMainCategories/Validate_MainCategoryDetailActionScreen' is exist

2019-01-11 16:54:02 - [MESSAGE][WARNING] - Timeout '0' is invalid. Using default page load timeout: '5'

2019-01-11 16:54:03 - [MESSAGE][PASSED] - Element 'Object Repository/ShopOpen/RemainingMainCategories/Validate_MainCategoryDetailActionScreen' is exist

2019-01-11 16:54:03 - [MESSAGE][PASSED] - Call Test Case 'Test Cases/ShopOpen/RemainingMainCategories/SecondaryDisplay/Available/VisitSecondaryDisplayAvailable' successfully

2019-01-11 16:54:03 - [MESSAGE][PASSED] - com.ct.qa.keywords.SecondaryDisplayKeywords.selectSecondaryDisplayRemark_WithDataVerification is PASSED

2019-01-11 16:54:03 - [MESSAGE][PASSED] - Call Test Case 'Test Cases/ShopOpen/RemainingMainCategories/SecondaryDisplay/SecondaryDisplay_VisitingScenarios/VisitSecondaryDisplayWith_DataVerification' successfully

2019-01-11 16:54:03 - [MESSAGE][PASSED] - com.ct.qa.keywords.RemainingMainCategoryRemarksVisitingScenariosKeywords.visitRemarksWith_DataVerification is PASSED

2019-01-11 16:54:03 - [TEST_STEP][PASSED] - tap(findTestObject("ShopOpen/RemainingMainCategories/BackButton", ["package":PACKAGENAME]), 0): Tapped on element 'Object Repository/ShopOpen/RemainingMainCategories/BackButton'

2019-01-11 16:54:03 - [MESSAGE][WARNING] - Timeout '0' is invalid. Using default page load timeout: '5'

2019-01-11 16:54:03 - [MESSAGE][PASSED] - Tapped on element 'Object Repository/ShopOpen/RemainingMainCategories/BackButton'

2019-01-11 16:54:03 - [TEST_STEP][PASSED] - verifyElementExist(findTestObject("ShopOpen/Validate_ShopCategoriesListScreen", ["package":PACKAGENAME]), 0): Element 'Object Repository/ShopOpen/Validate_ShopCategoriesListScreen' is exist

2019-01-11 16:54:03 - [MESSAGE][WARNING] - Timeout '0' is invalid. Using default page load timeout: '5'

2019-01-11 16:54:06 - [MESSAGE][PASSED] - Element 'Object Repository/ShopOpen/Validate_ShopCategoriesListScreen' is exist

2019-01-11 16:54:06 - [MESSAGE][PASSED] - Call Test Case 'Test Cases/ShopOpen/RemainingMainCategories/MainCategoryRemarksVisitingScenarios/VisitRemarksWith_DataVerification' successfully

2019-01-11 16:54:06 - [TEST_CASE][PASSED] - Test Cases/ShopOpen/RemainingMainCategories/MainCategoryRemarksVisitingScenarios/VisitRemarksWith_DataVerification: Test Cases/ShopOpen/RemainingMainCategories/MainCategoryRemarksVisitingScenarios/VisitRemarksWith_DataVerification

2019-01-11 16:54:06 - [TEST_STEP][PASSED] - verifyElementExist(findTestObject("ShopOpen/RemainingMainCategories/Validate_MainCategoryDetailActionScreen", ["package":PACKAGENAME]), 0): Element 'Object Repository/ShopOpen/RemainingMainCategories/Validate_MainCategoryDetailActionScreen' is exist

2019-01-11 16:54:06 - [MESSAGE][WARNING] - Timeout '0' is invalid. Using default page load timeout: '5'

2019-01-11 16:54:08 - [MESSAGE][PASSED] - Element 'Object Repository/ShopOpen/RemainingMainCategories/Validate_MainCategoryDetailActionScreen' is exist

2019-01-11 16:54:08 - [TEST_STEP][PASSED] - com.ct.qa.keywords.RemainingMainCategoryRemarksVisitingScenariosKeywords.visitRemarksWith_DataVerification(): com.ct.qa.keywords.RemainingMainCategoryRemarksVisitingScenariosKeywords.visitRemarksWith_DataVerification is PASSED

2019-01-11 16:54:10 - [TEST_CASE][PASSED] - Test Cases/ShopOpen/RemainingMainCategories/Availability/VisitAvailability_WithYesRemark: Test Cases/ShopOpen/RemainingMainCategories/Availability/VisitAvailability_WithYesRemark

2019-01-11 16:54:10 - [TEST_STEP][PASSED] - verifyElementExist(findTestObject("ShopOpen/RemainingMainCategories/_Availability/Validate_SubCategoriesScreen", ["package":PACKAGENAME]), 0): Element 'Object Repository/ShopOpen/RemainingMainCategories/_Availability/Validate_SubCategoriesScreen' is exist

2019-01-11 16:54:10 - [MESSAGE][WARNING] - Timeout '0' is invalid. Using default page load timeout: '5'

2019-01-11 16:54:12 - [MESSAGE][PASSED] - Element 'Object Repository/ShopOpen/RemainingMainCategories/_Availability/Validate_SubCategoriesScreen' is exist

2019-01-11 16:54:12 - [TEST_STEP][PASSED] - com.ct.qa.keywords.AvailabilityKeywords.visitAvailabilitySubCategories(1): com.ct.qa.keywords.AvailabilityKeywords.visitAvailabilitySubCategories is PASSED

2019-01-11 16:54:14 - [TEST_CASE][PASSED] - Test Cases/ShopOpen/RemainingMainCategories/Availability/VisitSubCategories_WithYesRemarks: Test Cases/ShopOpen/RemainingMainCategories/Availability/VisitSubCategories_WithYesRemarks

2019-01-11 16:54:14 - [TEST_STEP][PASSED] - verifyElementText(findTestObject("ShopOpen/RemainingMainCategories/_Availability/Validate_SubCategoryDetailScreen", ["package":PACKAGENAME]), "Availability"): Actual text and expected text of test object 'Object Repository/ShopOpen/RemainingMainCategories/_Availability/Validate_SubCategoryDetailScreen' are matched.

2019-01-11 16:54:16 - [MESSAGE][PASSED] - Actual text and expected text of test object 'Object Repository/ShopOpen/RemainingMainCategories/_Availability/Validate_SubCategoryDetailScreen' are matched.

2019-01-11 16:54:16 - [TEST_STEP][PASSED] - tap(findTestObject("ShopOpen/RemainingMainCategories/_Availability/Availability", ["package":PACKAGENAME]), 0): Tapped on element 'Object Repository/ShopOpen/RemainingMainCategories/_Availability/Availability'

2019-01-11 16:54:16 - [MESSAGE][WARNING] - Timeout '0' is invalid. Using default page load timeout: '5'

2019-01-11 16:54:16 - [MESSAGE][PASSED] - Tapped on element 'Object Repository/ShopOpen/RemainingMainCategories/_Availability/Availability'

2019-01-11 16:54:16 - [TEST_STEP][PASSED] - verifyElementText(findTestObject("ShopOpen/RemainingMainCategories/_Availability/Validate_ProductAvailabilityScreen", ["package":PACKAGENAME]), "Availability"): Actual text and expected text of test object 'Object Repository/ShopOpen/RemainingMainCategories/_Availability/Validate_ProductAvailabilityScreen' are matched.

2019-01-11 16:54:18 - [MESSAGE][PASSED] - Actual text and expected text of test object 'Object Repository/ShopOpen/RemainingMainCategories/_Availability/Validate_ProductAvailabilityScreen' are matched.

2019-01-11 16:54:18 - [TEST_STEP][PASSED] - com.ct.qa.keywords.AvailabilityKeywords.visitProductsAvailabilityWithYesRemarks(): com.ct.qa.keywords.AvailabilityKeywords.visitProductsAvailabilityWithYesRemarks is PASSED

2019-01-11 16:54:32 - [MESSAGE][PASSED] - Swiped from 0,275 to 0,200

2019-01-11 16:54:33 - [MESSAGE][PASSED] - com.ct.qa.keywords.AvailabilityKeywords.visitProductsAvailabilityWithYesRemarks is PASSED

2019-01-11 16:54:33 - [TEST_STEP][PASSED] - tap(findTestObject("ShopOpen/RemainingMainCategories/_Availability/ProductAvailability_SubmitButton", ["package":PACKAGENAME]), 0): Tapped on element 'Object Repository/ShopOpen/RemainingMainCategories/_Availability/ProductAvailability_SubmitButton'

2019-01-11 16:54:33 - [MESSAGE][WARNING] - Timeout '0' is invalid. Using default page load timeout: '5'

2019-01-11 16:54:33 - [MESSAGE][PASSED] - Tapped on element 'Object Repository/ShopOpen/RemainingMainCategories/_Availability/ProductAvailability_SubmitButton'

2019-01-11 16:54:33 - [TEST_STEP][PASSED] - verifyElementText(findTestObject("ShopOpen/RemainingMainCategories/_Availability/Validate_SubCategoryDetailScreen", ["package":PACKAGENAME]), "Availability"): Actual text and expected text of test object 'Object Repository/ShopOpen/RemainingMainCategories/_Availability/Validate_SubCategoryDetailScreen' are matched.

2019-01-11 16:54:34 - [MESSAGE][PASSED] - Actual text and expected text of test object 'Object Repository/ShopOpen/RemainingMainCategories/_Availability/Validate_SubCategoryDetailScreen' are matched.

2019-01-11 16:54:34 - [TEST_STEP][PASSED] - pressBack(): Press back button successfully

2019-01-11 16:54:34 - [MESSAGE][PASSED] - Press back button successfully

2019-01-11 16:54:34 - [TEST_STEP][PASSED] - verifyElementExist(findTestObject("ShopOpen/RemainingMainCategories/_Availability/Validate_SubCategoriesScreen", ["package":PACKAGENAME]), 0): Element 'Object Repository/ShopOpen/RemainingMainCategories/_Availability/Validate_SubCategoriesScreen' is exist

2019-01-11 16:54:34 - [MESSAGE][WARNING] - Timeout '0' is invalid. Using default page load timeout: '5'

2019-01-11 16:54:35 - [MESSAGE][PASSED] - Element 'Object Repository/ShopOpen/RemainingMainCategories/_Availability/Validate_SubCategoriesScreen' is exist

2019-01-11 16:54:35 - [MESSAGE][PASSED] - Call Test Case 'Test Cases/ShopOpen/RemainingMainCategories/Availability/VisitSubCategories_WithYesRemarks' successfully

2019-01-11 16:54:35 - [MESSAGE][PASSED] - com.ct.qa.keywords.AvailabilityKeywords.visitAvailabilitySubCategories is PASSED

2019-01-11 16:54:35 - [TEST_STEP][PASSED] - pressBack(): Press back button successfully

2019-01-11 16:54:36 - [MESSAGE][PASSED] - Press back button successfully

2019-01-11 16:54:36 - [TEST_STEP][PASSED] - verifyElementExist(findTestObject("ShopOpen/RemainingMainCategories/Validate_MainCategoryDetailActionScreen", ["package":PACKAGENAME]), 0): Element 'Object Repository/ShopOpen/RemainingMainCategories/Validate_MainCategoryDetailActionScreen' is exist

2019-01-11 16:54:36 - [MESSAGE][WARNING] - Timeout '0' is invalid. Using default page load timeout: '5'

2019-01-11 16:54:37 - [MESSAGE][PASSED] - Element 'Object Repository/ShopOpen/RemainingMainCategories/Validate_MainCategoryDetailActionScreen' is exist

2019-01-11 16:54:37 - [MESSAGE][PASSED] - Call Test Case 'Test Cases/ShopOpen/RemainingMainCategories/Availability/VisitAvailability_WithYesRemark' successfully

2019-01-11 16:54:38 - [TEST_CASE][PASSED] - Test Cases/ShopOpen/RemainingMainCategories/PrimaryDisplay/VisitPrimaryDisplayWith_DataVerification: Test Cases/ShopOpen/RemainingMainCategories/PrimaryDisplay/VisitPrimaryDisplayWith_DataVerification

2019-01-11 16:54:38 - [TEST_STEP][PASSED] - verifyElementExist(findTestObject("ShopOpen/RemainingMainCategories/PrimaryDisplay/Validate_PrimaryDisplayRemarksScreen", ["package":PACKAGENAME]), 0): Element 'Object Repository/ShopOpen/RemainingMainCategories/PrimaryDisplay/Validate_PrimaryDisplayRemarksScreen' is exist

2019-01-11 16:54:38 - [MESSAGE][WARNING] - Timeout '0' is invalid. Using default page load timeout: '5'

2019-01-11 16:54:40 - [MESSAGE][PASSED] - Element 'Object Repository/ShopOpen/RemainingMainCategories/PrimaryDisplay/Validate_PrimaryDisplayRemarksScreen' is exist

2019-01-11 16:54:40 - [TEST_STEP][PASSED] - com.ct.qa.keywords.PrimaryDisplayKeywords.selectPrimaryDisplayRemark_ForDataVerfication(): com.ct.qa.keywords.PrimaryDisplayKeywords.selectPrimaryDisplayRemark_ForDataVerfication is PASSED

2019-01-11 16:54:43 - [MESSAGE][WARNING] - Timeout '0' is invalid. Using default page load timeout: '5'

2019-01-11 16:54:44 - [MESSAGE][PASSED] - Element 'Object Repository/CommonScreenElements/Validate_CameraScreen' is exist

2019-01-11 16:54:44 - [MESSAGE][WARNING] - Timeout '0' is invalid. Using default page load timeout: '5'

2019-01-11 16:54:47 - [MESSAGE][PASSED] - Tapped on element 'Object Repository/CommonScreenElements/TakePictureButton'

2019-01-11 16:54:52 - [MESSAGE][PASSED] - Delayed 5 second(s)

2019-01-11 16:54:52 - [MESSAGE][WARNING] - Timeout '0' is invalid. Using default page load timeout: '5'

2019-01-11 16:54:53 - [MESSAGE][PASSED] - Tapped on element 'Object Repository/CommonScreenElements/DoneButton'

2019-01-11 16:54:53 - [TEST_CASE][PASSED] - Test Cases/ShopOpen/RemainingMainCategories/PrimaryDisplay/DisplaySpaceAvailable/VisitDSA: Test Cases/ShopOpen/RemainingMainCategories/PrimaryDisplay/DisplaySpaceAvailable/VisitDSA

2019-01-11 16:54:53 - [TEST_STEP][PASSED] - verifyElementExist(findTestObject("ShopOpen/RemainingMainCategories/PrimaryDisplay/DisplaySpaceAvailable/Validate_SubCategoriesScreen", ["package":PACKAGENAME]), 0): Element 'Object Repository/ShopOpen/RemainingMainCategories/PrimaryDisplay/DisplaySpaceAvailable/Validate_SubCategoriesScreen' is exist

2019-01-11 16:54:53 - [MESSAGE][WARNING] - Timeout '0' is invalid. Using default page load timeout: '5'

2019-01-11 16:54:55 - [MESSAGE][PASSED] - Element 'Object Repository/ShopOpen/RemainingMainCategories/PrimaryDisplay/DisplaySpaceAvailable/Validate_SubCategoriesScreen' is exist

2019-01-11 16:54:55 - [TEST_STEP][PASSED] - com.ct.qa.keywords.PrimaryDisplayKeywords.visitPrimaryDisplay_WithDSASubCategories(1): com.ct.qa.keywords.PrimaryDisplayKeywords.visitPrimaryDisplay_WithDSASubCategories is PASSED

2019-01-11 16:54:57 - [TEST_CASE][PASSED] - Test Cases/ShopOpen/RemainingMainCategories/PrimaryDisplay/DisplaySpaceAvailable/VisitDSA_SubCategories: Test Cases/ShopOpen/RemainingMainCategories/PrimaryDisplay/DisplaySpaceAvailable/VisitDSA_SubCategories

2019-01-11 16:54:57 - [TEST_STEP][PASSED] - verifyElementText(findTestObject("ShopOpen/RemainingMainCategories/PrimaryDisplay/DisplaySpaceAvailable/Validate_ShareOfShelfScreen", ["package":PACKAGENAME]), "Share of shelf"): Actual text and expected text of test object 'Object Repository/ShopOpen/RemainingMainCategories/PrimaryDisplay/DisplaySpaceAvailable/Validate_ShareOfShelfScreen' are matched.

2019-01-11 16:54:58 - [MESSAGE][PASSED] - Actual text and expected text of test object 'Object Repository/ShopOpen/RemainingMainCategories/PrimaryDisplay/DisplaySpaceAvailable/Validate_ShareOfShelfScreen' are matched.

2019-01-11 16:54:58 - [TEST_STEP][PASSED] - tap(findTestObject("ShopOpen/RemainingMainCategories/PrimaryDisplay/DisplaySpaceAvailable/ShareOfShelf", ["package":PACKAGENAME]), 0): Tapped on element 'Object Repository/ShopOpen/RemainingMainCategories/PrimaryDisplay/DisplaySpaceAvailable/ShareOfShelf'

2019-01-11 16:54:58 - [MESSAGE][WARNING] - Timeout '0' is invalid. Using default page load timeout: '5'

2019-01-11 16:54:58 - [MESSAGE][PASSED] - Tapped on element 'Object Repository/ShopOpen/RemainingMainCategories/PrimaryDisplay/DisplaySpaceAvailable/ShareOfShelf'

2019-01-11 16:54:58 - [TEST_STEP][PASSED] - verifyElementText(findTestObject("ShopOpen/RemainingMainCategories/PrimaryDisplay/DisplaySpaceAvailable/Validate_ShareOfShelfProductsScreen", ["package":PACKAGENAME]), "Share of shelf"): Actual text and expected text of test object 'Object Repository/ShopOpen/RemainingMainCategories/PrimaryDisplay/DisplaySpaceAvailable/Validate_ShareOfShelfProductsScreen' are matched.

2019-01-11 16:55:00 - [MESSAGE][PASSED] - Actual text and expected text of test object 'Object Repository/ShopOpen/RemainingMainCategories/PrimaryDisplay/DisplaySpaceAvailable/Validate_ShareOfShelfProductsScreen' are matched.

2019-01-11 16:55:00 - [TEST_STEP][PASSED] - com.ct.qa.keywords.PrimaryDisplayKeywords.visitDSA_Products(DISPLAYSPACEAVAILABLE): com.ct.qa.keywords.PrimaryDisplayKeywords.visitDSA_Products is PASSED

2019-01-11 16:55:04 - [MESSAGE][PASSED] - Keyboard is hidden

2019-01-11 16:55:07 - [MESSAGE][PASSED] - Keyboard is hidden

2019-01-11 16:55:10 - [MESSAGE][PASSED] - Keyboard is hidden

2019-01-11 16:55:13 - [MESSAGE][PASSED] - Keyboard is hidden

2019-01-11 16:55:16 - [MESSAGE][PASSED] - Keyboard is hidden

2019-01-11 16:55:19 - [MESSAGE][PASSED] - Keyboard is hidden

2019-01-11 16:55:23 - [MESSAGE][PASSED] - Swiped from 117,359 to 117,250

2019-01-11 16:55:26 - [MESSAGE][PASSED] - Keyboard is hidden

2019-01-11 16:55:28 - [MESSAGE][PASSED] - Swiped from 117,359 to 117,250

2019-01-11 16:55:31 - [MESSAGE][PASSED] - Keyboard is hidden

2019-01-11 16:55:33 - [MESSAGE][PASSED] - Swiped from 117,359 to 117,250

2019-01-11 16:55:36 - [MESSAGE][PASSED] - Keyboard is hidden

2019-01-11 16:55:38 - [MESSAGE][PASSED] - Swiped from 117,359 to 117,250

2019-01-11 16:55:39 - [MESSAGE][PASSED] - com.ct.qa.keywords.PrimaryDisplayKeywords.visitDSA_Products is PASSED

2019-01-11 16:55:39 - [TEST_STEP][PASSED] - tap(findTestObject("ShopOpen/RemainingMainCategories/PrimaryDisplay/DisplaySpaceAvailable/SubmitButton", ["package":PACKAGENAME]), 0): Tapped on element 'Object Repository/ShopOpen/RemainingMainCategories/PrimaryDisplay/DisplaySpaceAvailable/SubmitButton'

2019-01-11 16:55:39 - [MESSAGE][WARNING] - Timeout '0' is invalid. Using default page load timeout: '5'

2019-01-11 16:55:40 - [MESSAGE][PASSED] - Tapped on element 'Object Repository/ShopOpen/RemainingMainCategories/PrimaryDisplay/DisplaySpaceAvailable/SubmitButton'

2019-01-11 16:55:40 - [TEST_STEP][PASSED] - verifyElementText(findTestObject("ShopOpen/RemainingMainCategories/PrimaryDisplay/DisplaySpaceAvailable/Validate_AlertScreen", ["package":PACKAGENAME]), "Alert"): Actual text and expected text of test object 'Object Repository/ShopOpen/RemainingMainCategories/PrimaryDisplay/DisplaySpaceAvailable/Validate_AlertScreen' are matched.

2019-01-11 16:55:41 - [MESSAGE][PASSED] - Actual text and expected text of test object 'Object Repository/ShopOpen/RemainingMainCategories/PrimaryDisplay/DisplaySpaceAvailable/Validate_AlertScreen' are matched.

2019-01-11 16:55:41 - [TEST_STEP][PASSED] - tap(findTestObject("ShopOpen/RemainingMainCategories/PrimaryDisplay/DisplaySpaceAvailable/Alert_SaveButton", ["package":PACKAGENAME]), 0): Tapped on element 'Object Repository/ShopOpen/RemainingMainCategories/PrimaryDisplay/DisplaySpaceAvailable/Alert_SaveButton'

2019-01-11 16:55:41 - [MESSAGE][WARNING] - Timeout '0' is invalid. Using default page load timeout: '5'

2019-01-11 16:55:41 - [MESSAGE][PASSED] - Tapped on element 'Object Repository/ShopOpen/RemainingMainCategories/PrimaryDisplay/DisplaySpaceAvailable/Alert_SaveButton'

2019-01-11 16:55:41 - [TEST_STEP][PASSED] - verifyElementText(findTestObject("ShopOpen/RemainingMainCategories/PrimaryDisplay/DisplaySpaceAvailable/Validate_ShareOfShelfScreen", ["package":PACKAGENAME]), "Share of shelf"): Actual text and expected text of test object 'Object Repository/ShopOpen/RemainingMainCategories/PrimaryDisplay/DisplaySpaceAvailable/Validate_ShareOfShelfScreen' are matched.

2019-01-11 16:55:42 - [MESSAGE][PASSED] - Actual text and expected text of test object 'Object Repository/ShopOpen/RemainingMainCategories/PrimaryDisplay/DisplaySpaceAvailable/Validate_ShareOfShelfScreen' are matched.

2019-01-11 16:55:42 - [TEST_STEP][PASSED] - tap(findTestObject("ShopOpen/RemainingMainCategories/PrimaryDisplay/DisplaySpaceAvailable/ShareofShelf_BackButton", ["package":PACKAGENAME]), 0): Tapped on element 'Object Repository/ShopOpen/RemainingMainCategories/PrimaryDisplay/DisplaySpaceAvailable/ShareofShelf_BackButton'

2019-01-11 16:55:42 - [MESSAGE][WARNING] - Timeout '0' is invalid. Using default page load timeout: '5'

2019-01-11 16:55:42 - [MESSAGE][PASSED] - Tapped on element 'Object Repository/ShopOpen/RemainingMainCategories/PrimaryDisplay/DisplaySpaceAvailable/ShareofShelf_BackButton'

2019-01-11 16:55:42 - [TEST_STEP][PASSED] - verifyElementExist(findTestObject("ShopOpen/RemainingMainCategories/PrimaryDisplay/DisplaySpaceAvailable/Validate_SubCategoriesScreen", ["package":PACKAGENAME]), 0): Element 'Object Repository/ShopOpen/RemainingMainCategories/PrimaryDisplay/DisplaySpaceAvailable/Validate_SubCategoriesScreen' is exist

2019-01-11 16:55:42 - [MESSAGE][WARNING] - Timeout '0' is invalid. Using default page load timeout: '5'

2019-01-11 16:55:43 - [MESSAGE][PASSED] - Element 'Object Repository/ShopOpen/RemainingMainCategories/PrimaryDisplay/DisplaySpaceAvailable/Validate_SubCategoriesScreen' is exist

2019-01-11 16:55:43 - [MESSAGE][PASSED] - Call Test Case 'Test Cases/ShopOpen/RemainingMainCategories/PrimaryDisplay/DisplaySpaceAvailable/VisitDSA_SubCategories' successfully

2019-01-11 16:55:43 - [MESSAGE][PASSED] - com.ct.qa.keywords.PrimaryDisplayKeywords.visitPrimaryDisplay_WithDSASubCategories is PASSED

2019-01-11 16:55:43 - [TEST_STEP][PASSED] - com.ct.qa.keywords.CommonKeywords.findPlanogramImageView(): com.ct.qa.keywords.CommonKeywords.findPlanogramImageView is PASSED

2019-01-11 16:55:45 - [MESSAGE][WARNING] - Timeout '0' is invalid. Using default page load timeout: '5'

2019-01-11 16:55:52 - [MESSAGE][WARNING] - Object Object Repository/CommonScreenElements/InfoPopUp_OKButton not found
[[ATTACHMENT|F:\\Git Projects\\PnG_Merchandising\\PnG_Merchandising\\Reports\\PnG Merchandising With Channel Wise Data Verification\\20190111_162651\\1547207750822.png]]

2019-01-11 16:55:52 - [MESSAGE][PASSED] - com.ct.qa.keywords.CommonKeywords.findPlanogramImageView is PASSED

2019-01-11 16:55:52 - [TEST_STEP][PASSED] - verifyElementExist(findTestObject("ShopOpen/RemainingMainCategories/PrimaryDisplay/DisplaySpaceAvailable/Validate_SubCategoriesScreen", ["package":PACKAGENAME]), 0): Element 'Object Repository/ShopOpen/RemainingMainCategories/PrimaryDisplay/DisplaySpaceAvailable/Validate_SubCategoriesScreen' is exist

2019-01-11 16:55:52 - [MESSAGE][WARNING] - Timeout '0' is invalid. Using default page load timeout: '5'

2019-01-11 16:55:53 - [MESSAGE][PASSED] - Element 'Object Repository/ShopOpen/RemainingMainCategories/PrimaryDisplay/DisplaySpaceAvailable/Validate_SubCategoriesScreen' is exist

2019-01-11 16:55:53 - [TEST_STEP][PASSED] - com.ct.qa.keywords.CommonKeywords.findPictureImageView(): com.ct.qa.keywords.CommonKeywords.findPictureImageView is PASSED

2019-01-11 16:55:55 - [MESSAGE][WARNING] - Timeout '0' is invalid. Using default page load timeout: '5'

2019-01-11 16:55:56 - [MESSAGE][PASSED] - Element 'Object Repository/CommonScreenElements/Validate_CameraScreen' is exist

2019-01-11 16:55:56 - [MESSAGE][WARNING] - Timeout '0' is invalid. Using default page load timeout: '5'

2019-01-11 16:55:59 - [MESSAGE][PASSED] - Tapped on element 'Object Repository/CommonScreenElements/TakePictureButton'

2019-01-11 16:56:04 - [MESSAGE][PASSED] - Delayed 5 second(s)

2019-01-11 16:56:04 - [MESSAGE][WARNING] - Timeout '0' is invalid. Using default page load timeout: '5'

2019-01-11 16:56:05 - [MESSAGE][PASSED] - Tapped on element 'Object Repository/CommonScreenElements/DoneButton'

2019-01-11 16:56:05 - [MESSAGE][PASSED] - com.ct.qa.keywords.CommonKeywords.findPictureImageView is PASSED

2019-01-11 16:56:05 - [TEST_STEP][PASSED] - verifyElementExist(findTestObject("ShopOpen/RemainingMainCategories/PrimaryDisplay/DisplaySpaceAvailable/Validate_SubCategoriesScreen", ["package":PACKAGENAME]), 0): Element 'Object Repository/ShopOpen/RemainingMainCategories/PrimaryDisplay/DisplaySpaceAvailable/Validate_SubCategoriesScreen' is exist

2019-01-11 16:56:05 - [MESSAGE][WARNING] - Timeout '0' is invalid. Using default page load timeout: '5'

2019-01-11 16:56:06 - [MESSAGE][PASSED] - Element 'Object Repository/ShopOpen/RemainingMainCategories/PrimaryDisplay/DisplaySpaceAvailable/Validate_SubCategoriesScreen' is exist

2019-01-11 16:56:06 - [TEST_STEP][PASSED] - com.ct.qa.keywords.CommonKeywords.findBackButtonImageView(): com.ct.qa.keywords.CommonKeywords.findBackButtonImageView is PASSED

2019-01-11 16:56:07 - [MESSAGE][PASSED] - com.ct.qa.keywords.CommonKeywords.findBackButtonImageView is PASSED

2019-01-11 16:56:07 - [TEST_STEP][PASSED] - verifyElementExist(findTestObject("ShopOpen/RemainingMainCategories/Validate_MainCategoryDetailActionScreen", ["package":PACKAGENAME]), 0): Element 'Object Repository/ShopOpen/RemainingMainCategories/Validate_MainCategoryDetailActionScreen' is exist

2019-01-11 16:56:07 - [MESSAGE][WARNING] - Timeout '0' is invalid. Using default page load timeout: '5'

2019-01-11 16:56:08 - [MESSAGE][PASSED] - Element 'Object Repository/ShopOpen/RemainingMainCategories/Validate_MainCategoryDetailActionScreen' is exist

2019-01-11 16:56:08 - [MESSAGE][PASSED] - Call Test Case 'Test Cases/ShopOpen/RemainingMainCategories/PrimaryDisplay/DisplaySpaceAvailable/VisitDSA' successfully

2019-01-11 16:56:08 - [MESSAGE][PASSED] - com.ct.qa.keywords.PrimaryDisplayKeywords.selectPrimaryDisplayRemark_ForDataVerfication is PASSED

2019-01-11 16:56:08 - [MESSAGE][PASSED] - Call Test Case 'Test Cases/ShopOpen/RemainingMainCategories/PrimaryDisplay/VisitPrimaryDisplayWith_DataVerification' successfully

2019-01-11 16:56:09 - [TEST_CASE][PASSED] - Test Cases/ShopOpen/RemainingMainCategories/SecondaryDisplay/SecondaryDisplay_VisitingScenarios/VisitSecondaryDisplayWith_DataVerification: Test Cases/ShopOpen/RemainingMainCategories/SecondaryDisplay/SecondaryDisplay_VisitingScenarios/VisitSecondaryDisplayWith_DataVerification

2019-01-11 16:56:09 - [TEST_STEP][PASSED] - verifyElementExist(findTestObject("ShopOpen/RemainingMainCategories/SecondaryDisplay/Validate_SecondaryDisplayRemarksScreen", ["package":PACKAGENAME]), 0): Element 'Object Repository/ShopOpen/RemainingMainCategories/SecondaryDisplay/Validate_SecondaryDisplayRemarksScreen' is exist

2019-01-11 16:56:09 - [MESSAGE][WARNING] - Timeout '0' is invalid. Using default page load timeout: '5'

2019-01-11 16:56:11 - [MESSAGE][PASSED] - Element 'Object Repository/ShopOpen/RemainingMainCategories/SecondaryDisplay/Validate_SecondaryDisplayRemarksScreen' is exist

2019-01-11 16:56:11 - [TEST_STEP][PASSED] - com.ct.qa.keywords.SecondaryDisplayKeywords.selectSecondaryDisplayRemark_WithDataVerification(): com.ct.qa.keywords.SecondaryDisplayKeywords.selectSecondaryDisplayRemark_WithDataVerification is PASSED

2019-01-11 16:56:12 - [TEST_CASE][PASSED] - Test Cases/ShopOpen/RemainingMainCategories/SecondaryDisplay/Available/VisitSecondaryDisplayAvailable: Test Cases/ShopOpen/RemainingMainCategories/SecondaryDisplay/Available/VisitSecondaryDisplayAvailable

2019-01-11 16:56:12 - [TEST_STEP][PASSED] - verifyElementText(findTestObject("ShopOpen/RemainingMainCategories/SecondaryDisplay/Available/Validate_UnitsScreen"), "Units"): Actual text and expected text of test object 'Object Repository/ShopOpen/RemainingMainCategories/SecondaryDisplay/Available/Validate_UnitsScreen' are matched.

2019-01-11 16:56:13 - [MESSAGE][PASSED] - Actual text and expected text of test object 'Object Repository/ShopOpen/RemainingMainCategories/SecondaryDisplay/Available/Validate_UnitsScreen' are matched.

2019-01-11 16:56:13 - [TEST_STEP][PASSED] - com.ct.qa.keywords.SecondaryDisplayKeywords.enterUnitsForSecondaryDisplay(): com.ct.qa.keywords.SecondaryDisplayKeywords.enterUnitsForSecondaryDisplay is PASSED

2019-01-11 16:56:16 - [MESSAGE][PASSED] - Keyboard is hidden

2019-01-11 16:56:18 - [MESSAGE][PASSED] - Keyboard is hidden

2019-01-11 16:56:18 - [MESSAGE][PASSED] - com.ct.qa.keywords.SecondaryDisplayKeywords.enterUnitsForSecondaryDisplay is PASSED

2019-01-11 16:56:18 - [TEST_STEP][PASSED] - tap(findTestObject("ShopOpen/RemainingMainCategories/SecondaryDisplay/Available/Units_SubmitButton", ["package":PACKAGENAME]), 0): Tapped on element 'Object Repository/ShopOpen/RemainingMainCategories/SecondaryDisplay/Available/Units_SubmitButton'

2019-01-11 16:56:18 - [MESSAGE][WARNING] - Timeout '0' is invalid. Using default page load timeout: '5'

2019-01-11 16:56:19 - [MESSAGE][PASSED] - Tapped on element 'Object Repository/ShopOpen/RemainingMainCategories/SecondaryDisplay/Available/Units_SubmitButton'

2019-01-11 16:56:19 - [TEST_STEP][PASSED] - verifyElementExist(findTestObject("ShopOpen/RemainingMainCategories/SecondaryDisplay/Available/Validate_UnitsListScreen", ["package":PACKAGENAME]), 0): Element 'Object Repository/ShopOpen/RemainingMainCategories/SecondaryDisplay/Available/Validate_UnitsListScreen' is exist

2019-01-11 16:56:19 - [MESSAGE][WARNING] - Timeout '0' is invalid. Using default page load timeout: '5'

2019-01-11 16:56:21 - [MESSAGE][PASSED] - Element 'Object Repository/ShopOpen/RemainingMainCategories/SecondaryDisplay/Available/Validate_UnitsListScreen' is exist

2019-01-11 16:56:21 - [TEST_STEP][PASSED] - com.ct.qa.keywords.SecondaryDisplayKeywords.visitSecondaryDisplayUnitsList(): com.ct.qa.keywords.SecondaryDisplayKeywords.visitSecondaryDisplayUnitsList is PASSED

2019-01-11 16:56:21 - [TEST_CASE][PASSED] - Test Cases/ShopOpen/RemainingMainCategories/SecondaryDisplay/Available/VisitAvailableWith_DisplayUnitNeedMaintenance: Test Cases/ShopOpen/RemainingMainCategories/SecondaryDisplay/Available/VisitAvailableWith_DisplayUnitNeedMaintenance

2019-01-11 16:56:21 - [TEST_STEP][PASSED] - verifyElementExist(findTestObject("CommonScreenElements/Validate_CameraScreen", ["package":PACKAGENAME]), 0): Element 'Object Repository/CommonScreenElements/Validate_CameraScreen' is exist

2019-01-11 16:56:21 - [MESSAGE][WARNING] - Timeout '0' is invalid. Using default page load timeout: '5'

2019-01-11 16:56:24 - [MESSAGE][PASSED] - Element 'Object Repository/CommonScreenElements/Validate_CameraScreen' is exist

2019-01-11 16:56:24 - [TEST_STEP][PASSED] - tap(findTestObject("CommonScreenElements/TakePictureButton", ["package":PACKAGENAME]), 0): Tapped on element 'Object Repository/CommonScreenElements/TakePictureButton'

2019-01-11 16:56:24 - [MESSAGE][WARNING] - Timeout '0' is invalid. Using default page load timeout: '5'

2019-01-11 16:56:27 - [MESSAGE][PASSED] - Tapped on element 'Object Repository/CommonScreenElements/TakePictureButton'

2019-01-11 16:56:27 - [TEST_STEP][PASSED] - delay(5, STOP_ON_FAILURE): Delayed 5 second(s)

2019-01-11 16:56:32 - [MESSAGE][PASSED] - Delayed 5 second(s)

2019-01-11 16:56:32 - [TEST_STEP][PASSED] - tap(findTestObject("CommonScreenElements/DoneButton", ["package":PACKAGENAME]), 0): Tapped on element 'Object Repository/CommonScreenElements/DoneButton'

2019-01-11 16:56:32 - [MESSAGE][WARNING] - Timeout '0' is invalid. Using default page load timeout: '5'

2019-01-11 16:56:33 - [MESSAGE][PASSED] - Tapped on element 'Object Repository/CommonScreenElements/DoneButton'

2019-01-11 16:56:33 - [TEST_STEP][PASSED] - verifyElementExist(findTestObject("ShopOpen/RemainingMainCategories/SecondaryDisplay/Available/Validate_AvailableRemarksScreen", ["package":PACKAGENAME]), 0): Element 'Object Repository/ShopOpen/RemainingMainCategories/SecondaryDisplay/Available/Validate_AvailableRemarksScreen' is exist

2019-01-11 16:56:33 - [MESSAGE][WARNING] - Timeout '0' is invalid. Using default page load timeout: '5'

2019-01-11 16:56:35 - [MESSAGE][PASSED] - Element 'Object Repository/ShopOpen/RemainingMainCategories/SecondaryDisplay/Available/Validate_AvailableRemarksScreen' is exist

2019-01-11 16:56:35 - [TEST_STEP][PASSED] - com.ct.qa.keywords.SecondaryDisplayKeywords.selectSecondaryDisplay_AvailableRemark("Display Unit Need Maintenance", 1): com.ct.qa.keywords.SecondaryDisplayKeywords.selectSecondaryDisplay_AvailableRemark is PASSED

2019-01-11 16:56:36 - [MESSAGE][WARNING] - Timeout '0' is invalid. Using default page load timeout: '5'

2019-01-11 16:56:38 - [MESSAGE][PASSED] - Element 'Object Repository/ShopOpen/RemainingMainCategories/SecondaryDisplay/Available/Validate_SecondaryDisplay_available_remarksScreen' is exist

2019-01-11 16:56:38 - [MESSAGE][PASSED] - com.ct.qa.keywords.SecondaryDisplayKeywords.selectSecondaryDisplay_AvailableRemark is PASSED

2019-01-11 16:56:38 - [TEST_STEP][PASSED] - tap(findTestObject("ShopOpen/RemainingMainCategories/SecondaryDisplay/Available/DUNM_CategoryRemarks_BackButton", ["package":PACKAGENAME]), 0): Tapped on element 'Object Repository/ShopOpen/RemainingMainCategories/SecondaryDisplay/Available/DUNM_CategoryRemarks_BackButton'

2019-01-11 16:56:38 - [MESSAGE][WARNING] - Timeout '0' is invalid. Using default page load timeout: '5'

2019-01-11 16:56:39 - [MESSAGE][PASSED] - Tapped on element 'Object Repository/ShopOpen/RemainingMainCategories/SecondaryDisplay/Available/DUNM_CategoryRemarks_BackButton'

2019-01-11 16:56:39 - [TEST_STEP][PASSED] - verifyElementExist(findTestObject("ShopOpen/RemainingMainCategories/SecondaryDisplay/Available/Validate_AvailableRemarksScreen", ["package":PACKAGENAME]), 0): Element 'Object Repository/ShopOpen/RemainingMainCategories/SecondaryDisplay/Available/Validate_AvailableRemarksScreen' is exist

2019-01-11 16:56:39 - [MESSAGE][WARNING] - Timeout '0' is invalid. Using default page load timeout: '5'

2019-01-11 16:56:40 - [MESSAGE][PASSED] - Element 'Object Repository/ShopOpen/RemainingMainCategories/SecondaryDisplay/Available/Validate_AvailableRemarksScreen' is exist

2019-01-11 16:56:40 - [TEST_STEP][PASSED] - tap(findTestObject("ShopOpen/RemainingMainCategories/SecondaryDisplay/Available/AvailableRemarks_BackButton", ["package":PACKAGENAME]), 0): Tapped on element 'Object Repository/ShopOpen/RemainingMainCategories/SecondaryDisplay/Available/AvailableRemarks_BackButton'

2019-01-11 16:56:40 - [MESSAGE][WARNING] - Timeout '0' is invalid. Using default page load timeout: '5'

2019-01-11 16:56:41 - [MESSAGE][PASSED] - Tapped on element 'Object Repository/ShopOpen/RemainingMainCategories/SecondaryDisplay/Available/AvailableRemarks_BackButton'

2019-01-11 16:56:41 - [TEST_STEP][PASSED] - verifyElementText(findTestObject("ShopOpen/RemainingMainCategories/SecondaryDisplay/Available/Validate_UtilizationPopUpScreen", ["package":PACKAGENAME]), "Utilization"): Actual text and expected text of test object 'Object Repository/ShopOpen/RemainingMainCategories/SecondaryDisplay/Available/Validate_UtilizationPopUpScreen' are matched.

2019-01-11 16:56:42 - [MESSAGE][PASSED] - Actual text and expected text of test object 'Object Repository/ShopOpen/RemainingMainCategories/SecondaryDisplay/Available/Validate_UtilizationPopUpScreen' are matched.

2019-01-11 16:56:42 - [TEST_STEP][PASSED] - com.ct.qa.keywords.SecondaryDisplayKeywords.enterUtilizationForSecondaryDisplay(1): com.ct.qa.keywords.SecondaryDisplayKeywords.enterUtilizationForSecondaryDisplay is PASSED

2019-01-11 16:56:47 - [MESSAGE][PASSED] - com.ct.qa.keywords.SecondaryDisplayKeywords.enterUtilizationForSecondaryDisplay is PASSED

2019-01-11 16:56:47 - [TEST_STEP][PASSED] - hideKeyboard(): Keyboard is hidden

2019-01-11 16:56:48 - [MESSAGE][PASSED] - Keyboard is hidden

2019-01-11 16:56:48 - [TEST_STEP][PASSED] - tap(findTestObject("ShopOpen/RemainingMainCategories/SecondaryDisplay/Available/Utilization_SubmitButton", ["package":PACKAGENAME]), 0, STOP_ON_FAILURE): Tapped on element 'Object Repository/ShopOpen/RemainingMainCategories/SecondaryDisplay/Available/Utilization_SubmitButton'

2019-01-11 16:56:48 - [MESSAGE][WARNING] - Timeout '0' is invalid. Using default page load timeout: '5'

2019-01-11 16:56:49 - [MESSAGE][PASSED] - Tapped on element 'Object Repository/ShopOpen/RemainingMainCategories/SecondaryDisplay/Available/Utilization_SubmitButton'

2019-01-11 16:56:49 - [TEST_STEP][PASSED] - verifyElementExist(findTestObject("ShopOpen/RemainingMainCategories/SecondaryDisplay/Available/Validate_UnitsListScreen", ["package":PACKAGENAME]), 0): Element 'Object Repository/ShopOpen/RemainingMainCategories/SecondaryDisplay/Available/Validate_UnitsListScreen' is exist

2019-01-11 16:56:49 - [MESSAGE][WARNING] - Timeout '0' is invalid. Using default page load timeout: '5'

2019-01-11 16:56:49 - [MESSAGE][PASSED] - Element 'Object Repository/ShopOpen/RemainingMainCategories/SecondaryDisplay/Available/Validate_UnitsListScreen' is exist

2019-01-11 16:56:49 - [MESSAGE][PASSED] - Call Test Case 'Test Cases/ShopOpen/RemainingMainCategories/SecondaryDisplay/Available/VisitAvailableWith_DisplayUnitNeedMaintenance' successfully

2019-01-11 16:56:51 - [TEST_CASE][PASSED] - Test Cases/ShopOpen/RemainingMainCategories/SecondaryDisplay/Available/VisitAvailableWith_SKDNA: Test Cases/ShopOpen/RemainingMainCategories/SecondaryDisplay/Available/VisitAvailableWith_SKDNA

2019-01-11 16:56:51 - [TEST_STEP][PASSED] - verifyElementExist(findTestObject("CommonScreenElements/Validate_CameraScreen", ["package":PACKAGENAME]), 0): Element 'Object Repository/CommonScreenElements/Validate_CameraScreen' is exist

2019-01-11 16:56:51 - [MESSAGE][WARNING] - Timeout '0' is invalid. Using default page load timeout: '5'

2019-01-11 16:56:53 - [MESSAGE][PASSED] - Element 'Object Repository/CommonScreenElements/Validate_CameraScreen' is exist

2019-01-11 16:56:53 - [TEST_STEP][PASSED] - tap(findTestObject("CommonScreenElements/TakePictureButton", ["package":PACKAGENAME]), 0): Tapped on element 'Object Repository/CommonScreenElements/TakePictureButton'

2019-01-11 16:56:53 - [MESSAGE][WARNING] - Timeout '0' is invalid. Using default page load timeout: '5'

2019-01-11 16:56:56 - [MESSAGE][PASSED] - Tapped on element 'Object Repository/CommonScreenElements/TakePictureButton'

2019-01-11 16:56:56 - [TEST_STEP][PASSED] - delay(5, STOP_ON_FAILURE): Delayed 5 second(s)

2019-01-11 16:57:01 - [MESSAGE][PASSED] - Delayed 5 second(s)

2019-01-11 16:57:01 - [TEST_STEP][PASSED] - tap(findTestObject("CommonScreenElements/DoneButton", ["package":PACKAGENAME]), 0): Tapped on element 'Object Repository/CommonScreenElements/DoneButton'

2019-01-11 16:57:01 - [MESSAGE][WARNING] - Timeout '0' is invalid. Using default page load timeout: '5'

2019-01-11 16:57:02 - [MESSAGE][PASSED] - Tapped on element 'Object Repository/CommonScreenElements/DoneButton'

2019-01-11 16:57:02 - [TEST_STEP][PASSED] - verifyElementExist(findTestObject("ShopOpen/RemainingMainCategories/SecondaryDisplay/Available/Validate_AvailableRemarksScreen", ["package":PACKAGENAME]), 0): Element 'Object Repository/ShopOpen/RemainingMainCategories/SecondaryDisplay/Available/Validate_AvailableRemarksScreen' is exist

2019-01-11 16:57:02 - [MESSAGE][WARNING] - Timeout '0' is invalid. Using default page load timeout: '5'

2019-01-11 16:57:02 - [MESSAGE][PASSED] - Element 'Object Repository/ShopOpen/RemainingMainCategories/SecondaryDisplay/Available/Validate_AvailableRemarksScreen' is exist

2019-01-11 16:57:02 - [TEST_STEP][PASSED] - com.ct.qa.keywords.SecondaryDisplayKeywords.selectSecondaryDisplay_AvailableRemark("Shopkeeper did not allow", 1): com.ct.qa.keywords.SecondaryDisplayKeywords.selectSecondaryDisplay_AvailableRemark is PASSED

2019-01-11 16:57:04 - [MESSAGE][WARNING] - Timeout '0' is invalid. Using default page load timeout: '5'

2019-01-11 16:57:06 - [MESSAGE][PASSED] - Element 'Object Repository/ShopOpen/RemainingMainCategories/SecondaryDisplay/Available/Validate_SecondaryDisplay_available_remarksScreen' is exist

2019-01-11 16:57:06 - [MESSAGE][PASSED] - com.ct.qa.keywords.SecondaryDisplayKeywords.selectSecondaryDisplay_AvailableRemark is PASSED

2019-01-11 16:57:06 - [TEST_STEP][PASSED] - tap(findTestObject("ShopOpen/RemainingMainCategories/SecondaryDisplay/Available/SKDNA_CategoryRemark_BackButton", ["package":PACKAGENAME]), 0): Tapped on element 'Object Repository/ShopOpen/RemainingMainCategories/SecondaryDisplay/Available/SKDNA_CategoryRemark_BackButton'

2019-01-11 16:57:06 - [MESSAGE][WARNING] - Timeout '0' is invalid. Using default page load timeout: '5'

2019-01-11 16:57:07 - [MESSAGE][PASSED] - Tapped on element 'Object Repository/ShopOpen/RemainingMainCategories/SecondaryDisplay/Available/SKDNA_CategoryRemark_BackButton'

2019-01-11 16:57:07 - [TEST_STEP][PASSED] - verifyElementExist(findTestObject("ShopOpen/RemainingMainCategories/SecondaryDisplay/Available/Validate_AvailableRemarksScreen", ["package":PACKAGENAME]), 0): Element 'Object Repository/ShopOpen/RemainingMainCategories/SecondaryDisplay/Available/Validate_AvailableRemarksScreen' is exist

2019-01-11 16:57:07 - [MESSAGE][WARNING] - Timeout '0' is invalid. Using default page load timeout: '5'

2019-01-11 16:57:08 - [MESSAGE][PASSED] - Element 'Object Repository/ShopOpen/RemainingMainCategories/SecondaryDisplay/Available/Validate_AvailableRemarksScreen' is exist

2019-01-11 16:57:08 - [TEST_STEP][PASSED] - tap(findTestObject("ShopOpen/RemainingMainCategories/SecondaryDisplay/Available/AvailableRemarks_BackButton", ["package":PACKAGENAME]), 0): Tapped on element 'Object Repository/ShopOpen/RemainingMainCategories/SecondaryDisplay/Available/AvailableRemarks_BackButton'

2019-01-11 16:57:08 - [MESSAGE][WARNING] - Timeout '0' is invalid. Using default page load timeout: '5'

2019-01-11 16:57:09 - [MESSAGE][PASSED] - Tapped on element 'Object Repository/ShopOpen/RemainingMainCategories/SecondaryDisplay/Available/AvailableRemarks_BackButton'

2019-01-11 16:57:09 - [TEST_STEP][PASSED] - verifyElementText(findTestObject("ShopOpen/RemainingMainCategories/SecondaryDisplay/Available/Validate_UtilizationPopUpScreen", ["package":PACKAGENAME]), "Utilization"): Actual text and expected text of test object 'Object Repository/ShopOpen/RemainingMainCategories/SecondaryDisplay/Available/Validate_UtilizationPopUpScreen' are matched.

2019-01-11 16:57:10 - [MESSAGE][PASSED] - Actual text and expected text of test object 'Object Repository/ShopOpen/RemainingMainCategories/SecondaryDisplay/Available/Validate_UtilizationPopUpScreen' are matched.

2019-01-11 16:57:10 - [TEST_STEP][PASSED] - com.ct.qa.keywords.SecondaryDisplayKeywords.enterUtilizationForSecondaryDisplay(1): com.ct.qa.keywords.SecondaryDisplayKeywords.enterUtilizationForSecondaryDisplay is PASSED

2019-01-11 16:57:14 - [MESSAGE][PASSED] - com.ct.qa.keywords.SecondaryDisplayKeywords.enterUtilizationForSecondaryDisplay is PASSED

2019-01-11 16:57:14 - [TEST_STEP][PASSED] - hideKeyboard(): Keyboard is hidden

2019-01-11 16:57:16 - [MESSAGE][PASSED] - Keyboard is hidden

2019-01-11 16:57:16 - [TEST_STEP][PASSED] - tap(findTestObject("ShopOpen/RemainingMainCategories/SecondaryDisplay/Available/Utilization_SubmitButton", ["package":PACKAGENAME]), 0, STOP_ON_FAILURE): Tapped on element 'Object Repository/ShopOpen/RemainingMainCategories/SecondaryDisplay/Available/Utilization_SubmitButton'

2019-01-11 16:57:16 - [MESSAGE][WARNING] - Timeout '0' is invalid. Using default page load timeout: '5'

2019-01-11 16:57:17 - [MESSAGE][PASSED] - Tapped on element 'Object Repository/ShopOpen/RemainingMainCategories/SecondaryDisplay/Available/Utilization_SubmitButton'

2019-01-11 16:57:17 - [TEST_STEP][PASSED] - verifyElementExist(findTestObject("ShopOpen/RemainingMainCategories/SecondaryDisplay/Available/Validate_UnitsListScreen", ["package":PACKAGENAME]), 0): Element 'Object Repository/ShopOpen/RemainingMainCategories/SecondaryDisplay/Available/Validate_UnitsListScreen' is exist

2019-01-11 16:57:17 - [MESSAGE][WARNING] - Timeout '0' is invalid. Using default page load timeout: '5'

2019-01-11 16:57:17 - [MESSAGE][PASSED] - Element 'Object Repository/ShopOpen/RemainingMainCategories/SecondaryDisplay/Available/Validate_UnitsListScreen' is exist

2019-01-11 16:57:17 - [MESSAGE][PASSED] - Call Test Case 'Test Cases/ShopOpen/RemainingMainCategories/SecondaryDisplay/Available/VisitAvailableWith_SKDNA' successfully

2019-01-11 16:57:19 - [TEST_CASE][PASSED] - Test Cases/ShopOpen/RemainingMainCategories/SecondaryDisplay/Available/VisitAvailableWith_SKDNA: Test Cases/ShopOpen/RemainingMainCategories/SecondaryDisplay/Available/VisitAvailableWith_SKDNA

2019-01-11 16:57:19 - [TEST_STEP][PASSED] - verifyElementExist(findTestObject("CommonScreenElements/Validate_CameraScreen", ["package":PACKAGENAME]), 0): Element 'Object Repository/CommonScreenElements/Validate_CameraScreen' is exist

2019-01-11 16:57:19 - [MESSAGE][WARNING] - Timeout '0' is invalid. Using default page load timeout: '5'

2019-01-11 16:57:20 - [MESSAGE][PASSED] - Element 'Object Repository/CommonScreenElements/Validate_CameraScreen' is exist

2019-01-11 16:57:20 - [TEST_STEP][PASSED] - tap(findTestObject("CommonScreenElements/TakePictureButton", ["package":PACKAGENAME]), 0): Tapped on element 'Object Repository/CommonScreenElements/TakePictureButton'

2019-01-11 16:57:20 - [MESSAGE][WARNING] - Timeout '0' is invalid. Using default page load timeout: '5'

2019-01-11 16:57:23 - [MESSAGE][PASSED] - Tapped on element 'Object Repository/CommonScreenElements/TakePictureButton'

2019-01-11 16:57:23 - [TEST_STEP][PASSED] - delay(5, STOP_ON_FAILURE): Delayed 5 second(s)

2019-01-11 16:57:28 - [MESSAGE][PASSED] - Delayed 5 second(s)

2019-01-11 16:57:28 - [TEST_STEP][PASSED] - tap(findTestObject("CommonScreenElements/DoneButton", ["package":PACKAGENAME]), 0): Tapped on element 'Object Repository/CommonScreenElements/DoneButton'

2019-01-11 16:57:28 - [MESSAGE][WARNING] - Timeout '0' is invalid. Using default page load timeout: '5'

2019-01-11 16:57:29 - [MESSAGE][PASSED] - Tapped on element 'Object Repository/CommonScreenElements/DoneButton'

2019-01-11 16:57:29 - [TEST_STEP][PASSED] - verifyElementExist(findTestObject("ShopOpen/RemainingMainCategories/SecondaryDisplay/Available/Validate_AvailableRemarksScreen", ["package":PACKAGENAME]), 0): Element 'Object Repository/ShopOpen/RemainingMainCategories/SecondaryDisplay/Available/Validate_AvailableRemarksScreen' is exist

2019-01-11 16:57:29 - [MESSAGE][WARNING] - Timeout '0' is invalid. Using default page load timeout: '5'

2019-01-11 16:57:31 - [MESSAGE][PASSED] - Element 'Object Repository/ShopOpen/RemainingMainCategories/SecondaryDisplay/Available/Validate_AvailableRemarksScreen' is exist

2019-01-11 16:57:31 - [TEST_STEP][PASSED] - com.ct.qa.keywords.SecondaryDisplayKeywords.selectSecondaryDisplay_AvailableRemark("Shopkeeper did not allow", 1): com.ct.qa.keywords.SecondaryDisplayKeywords.selectSecondaryDisplay_AvailableRemark is PASSED

2019-01-11 16:57:33 - [MESSAGE][WARNING] - Timeout '0' is invalid. Using default page load timeout: '5'

2019-01-11 16:57:35 - [MESSAGE][PASSED] - Element 'Object Repository/ShopOpen/RemainingMainCategories/SecondaryDisplay/Available/Validate_SecondaryDisplay_available_remarksScreen' is exist

2019-01-11 16:57:35 - [MESSAGE][PASSED] - com.ct.qa.keywords.SecondaryDisplayKeywords.selectSecondaryDisplay_AvailableRemark is PASSED

2019-01-11 16:57:35 - [TEST_STEP][PASSED] - tap(findTestObject("ShopOpen/RemainingMainCategories/SecondaryDisplay/Available/SKDNA_CategoryRemark_BackButton", ["package":PACKAGENAME]), 0): Tapped on element 'Object Repository/ShopOpen/RemainingMainCategories/SecondaryDisplay/Available/SKDNA_CategoryRemark_BackButton'

2019-01-11 16:57:35 - [MESSAGE][WARNING] - Timeout '0' is invalid. Using default page load timeout: '5'

2019-01-11 16:57:36 - [MESSAGE][PASSED] - Tapped on element 'Object Repository/ShopOpen/RemainingMainCategories/SecondaryDisplay/Available/SKDNA_CategoryRemark_BackButton'

2019-01-11 16:57:36 - [TEST_STEP][PASSED] - verifyElementExist(findTestObject("ShopOpen/RemainingMainCategories/SecondaryDisplay/Available/Validate_AvailableRemarksScreen", ["package":PACKAGENAME]), 0): Element 'Object Repository/ShopOpen/RemainingMainCategories/SecondaryDisplay/Available/Validate_AvailableRemarksScreen' is exist

2019-01-11 16:57:36 - [MESSAGE][WARNING] - Timeout '0' is invalid. Using default page load timeout: '5'

2019-01-11 16:57:37 - [MESSAGE][PASSED] - Element 'Object Repository/ShopOpen/RemainingMainCategories/SecondaryDisplay/Available/Validate_AvailableRemarksScreen' is exist

2019-01-11 16:57:37 - [TEST_STEP][PASSED] - tap(findTestObject("ShopOpen/RemainingMainCategories/SecondaryDisplay/Available/AvailableRemarks_BackButton", ["package":PACKAGENAME]), 0): Tapped on element 'Object Repository/ShopOpen/RemainingMainCategories/SecondaryDisplay/Available/AvailableRemarks_BackButton'

2019-01-11 16:57:37 - [MESSAGE][WARNING] - Timeout '0' is invalid. Using default page load timeout: '5'

2019-01-11 16:57:38 - [MESSAGE][PASSED] - Tapped on element 'Object Repository/ShopOpen/RemainingMainCategories/SecondaryDisplay/Available/AvailableRemarks_BackButton'

2019-01-11 16:57:38 - [TEST_STEP][PASSED] - verifyElementText(findTestObject("ShopOpen/RemainingMainCategories/SecondaryDisplay/Available/Validate_UtilizationPopUpScreen", ["package":PACKAGENAME]), "Utilization"): Actual text and expected text of test object 'Object Repository/ShopOpen/RemainingMainCategories/SecondaryDisplay/Available/Validate_UtilizationPopUpScreen' are matched.

2019-01-11 16:57:39 - [MESSAGE][PASSED] - Actual text and expected text of test object 'Object Repository/ShopOpen/RemainingMainCategories/SecondaryDisplay/Available/Validate_UtilizationPopUpScreen' are matched.

2019-01-11 16:57:39 - [TEST_STEP][PASSED] - com.ct.qa.keywords.SecondaryDisplayKeywords.enterUtilizationForSecondaryDisplay(1): com.ct.qa.keywords.SecondaryDisplayKeywords.enterUtilizationForSecondaryDisplay is PASSED

2019-01-11 16:57:44 - [MESSAGE][PASSED] - com.ct.qa.keywords.SecondaryDisplayKeywords.enterUtilizationForSecondaryDisplay is PASSED

2019-01-11 16:57:44 - [TEST_STEP][PASSED] - hideKeyboard(): Keyboard is hidden

2019-01-11 16:57:45 - [MESSAGE][PASSED] - Keyboard is hidden

2019-01-11 16:57:45 - [TEST_STEP][PASSED] - tap(findTestObject("ShopOpen/RemainingMainCategories/SecondaryDisplay/Available/Utilization_SubmitButton", ["package":PACKAGENAME]), 0, STOP_ON_FAILURE): Tapped on element 'Object Repository/ShopOpen/RemainingMainCategories/SecondaryDisplay/Available/Utilization_SubmitButton'

2019-01-11 16:57:45 - [MESSAGE][WARNING] - Timeout '0' is invalid. Using default page load timeout: '5'

2019-01-11 16:57:46 - [MESSAGE][PASSED] - Tapped on element 'Object Repository/ShopOpen/RemainingMainCategories/SecondaryDisplay/Available/Utilization_SubmitButton'

2019-01-11 16:57:46 - [TEST_STEP][PASSED] - verifyElementExist(findTestObject("ShopOpen/RemainingMainCategories/SecondaryDisplay/Available/Validate_UnitsListScreen", ["package":PACKAGENAME]), 0): Element 'Object Repository/ShopOpen/RemainingMainCategories/SecondaryDisplay/Available/Validate_UnitsListScreen' is exist

2019-01-11 16:57:46 - [MESSAGE][WARNING] - Timeout '0' is invalid. Using default page load timeout: '5'

2019-01-11 16:57:46 - [MESSAGE][PASSED] - Element 'Object Repository/ShopOpen/RemainingMainCategories/SecondaryDisplay/Available/Validate_UnitsListScreen' is exist

2019-01-11 16:57:46 - [MESSAGE][PASSED] - Call Test Case 'Test Cases/ShopOpen/RemainingMainCategories/SecondaryDisplay/Available/VisitAvailableWith_SKDNA' successfully

2019-01-11 16:57:46 - [TEST_CASE][PASSED] - Test Cases/ShopOpen/RemainingMainCategories/SecondaryDisplay/Available/VisitAvailable_WithDisplayUnitIsInPerfectCondition: Test Cases/ShopOpen/RemainingMainCategories/SecondaryDisplay/Available/VisitAvailable_WithDisplayUnitIsInPerfectCondition

2019-01-11 16:57:46 - [TEST_STEP][PASSED] - verifyElementExist(findTestObject("CommonScreenElements/Validate_CameraScreen", ["package":PACKAGENAME]), 0): Element 'Object Repository/CommonScreenElements/Validate_CameraScreen' is exist

2019-01-11 16:57:46 - [MESSAGE][WARNING] - Timeout '0' is invalid. Using default page load timeout: '5'

2019-01-11 16:57:48 - [MESSAGE][PASSED] - Element 'Object Repository/CommonScreenElements/Validate_CameraScreen' is exist

2019-01-11 16:57:48 - [TEST_STEP][PASSED] - tap(findTestObject("CommonScreenElements/TakePictureButton", ["package":PACKAGENAME]), 0): Tapped on element 'Object Repository/CommonScreenElements/TakePictureButton'

2019-01-11 16:57:48 - [MESSAGE][WARNING] - Timeout '0' is invalid. Using default page load timeout: '5'

2019-01-11 16:57:52 - [MESSAGE][PASSED] - Tapped on element 'Object Repository/CommonScreenElements/TakePictureButton'

2019-01-11 16:57:52 - [TEST_STEP][PASSED] - delay(5, STOP_ON_FAILURE): Delayed 5 second(s)

2019-01-11 16:57:57 - [MESSAGE][PASSED] - Delayed 5 second(s)

2019-01-11 16:57:57 - [TEST_STEP][PASSED] - tap(findTestObject("CommonScreenElements/DoneButton", ["package":PACKAGENAME]), 0): Tapped on element 'Object Repository/CommonScreenElements/DoneButton'

2019-01-11 16:57:57 - [MESSAGE][WARNING] - Timeout '0' is invalid. Using default page load timeout: '5'

2019-01-11 16:57:57 - [MESSAGE][PASSED] - Tapped on element 'Object Repository/CommonScreenElements/DoneButton'

2019-01-11 16:57:57 - [TEST_STEP][PASSED] - verifyElementExist(findTestObject("ShopOpen/RemainingMainCategories/SecondaryDisplay/Available/Validate_AvailableRemarksScreen", ["package":PACKAGENAME]), 0): Element 'Object Repository/ShopOpen/RemainingMainCategories/SecondaryDisplay/Available/Validate_AvailableRemarksScreen' is exist

2019-01-11 16:57:57 - [MESSAGE][WARNING] - Timeout '0' is invalid. Using default page load timeout: '5'

2019-01-11 16:58:00 - [MESSAGE][PASSED] - Element 'Object Repository/ShopOpen/RemainingMainCategories/SecondaryDisplay/Available/Validate_AvailableRemarksScreen' is exist

2019-01-11 16:58:00 - [TEST_STEP][PASSED] - com.ct.qa.keywords.SecondaryDisplayKeywords.selectSecondaryDisplay_AvailableRemark("Display Unit is in perfect condition", 0): com.ct.qa.keywords.SecondaryDisplayKeywords.selectSecondaryDisplay_AvailableRemark is PASSED

2019-01-11 16:58:01 - [MESSAGE][PASSED] - com.ct.qa.keywords.SecondaryDisplayKeywords.selectSecondaryDisplay_AvailableRemark is PASSED

2019-01-11 16:58:01 - [TEST_STEP][PASSED] - verifyElementText(findTestObject("ShopOpen/RemainingMainCategories/SecondaryDisplay/Available/Validate_UtilizationPopUpScreen", ["package":PACKAGENAME]), "Utilization"): Actual text and expected text of test object 'Object Repository/ShopOpen/RemainingMainCategories/SecondaryDisplay/Available/Validate_UtilizationPopUpScreen' are matched.

2019-01-11 16:58:02 - [MESSAGE][PASSED] - Actual text and expected text of test object 'Object Repository/ShopOpen/RemainingMainCategories/SecondaryDisplay/Available/Validate_UtilizationPopUpScreen' are matched.

2019-01-11 16:58:02 - [TEST_STEP][PASSED] - com.ct.qa.keywords.SecondaryDisplayKeywords.enterUtilizationForSecondaryDisplay(1): com.ct.qa.keywords.SecondaryDisplayKeywords.enterUtilizationForSecondaryDisplay is PASSED

2019-01-11 16:58:07 - [MESSAGE][PASSED] - com.ct.qa.keywords.SecondaryDisplayKeywords.enterUtilizationForSecondaryDisplay is PASSED

2019-01-11 16:58:07 - [TEST_STEP][PASSED] - hideKeyboard(): Keyboard is hidden

2019-01-11 16:58:08 - [MESSAGE][PASSED] - Keyboard is hidden

2019-01-11 16:58:08 - [TEST_STEP][PASSED] - tap(findTestObject("ShopOpen/RemainingMainCategories/SecondaryDisplay/Available/Utilization_SubmitButton", ["package":PACKAGENAME]), 0, STOP_ON_FAILURE): Tapped on element 'Object Repository/ShopOpen/RemainingMainCategories/SecondaryDisplay/Available/Utilization_SubmitButton'

2019-01-11 16:58:08 - [MESSAGE][WARNING] - Timeout '0' is invalid. Using default page load timeout: '5'

2019-01-11 16:58:09 - [MESSAGE][PASSED] - Tapped on element 'Object Repository/ShopOpen/RemainingMainCategories/SecondaryDisplay/Available/Utilization_SubmitButton'

2019-01-11 16:58:09 - [TEST_STEP][PASSED] - verifyElementExist(findTestObject("ShopOpen/RemainingMainCategories/SecondaryDisplay/Available/Validate_UnitsListScreen", ["package":PACKAGENAME]), 0): Element 'Object Repository/ShopOpen/RemainingMainCategories/SecondaryDisplay/Available/Validate_UnitsListScreen' is exist

2019-01-11 16:58:09 - [MESSAGE][WARNING] - Timeout '0' is invalid. Using default page load timeout: '5'

2019-01-11 16:58:09 - [MESSAGE][PASSED] - Element 'Object Repository/ShopOpen/RemainingMainCategories/SecondaryDisplay/Available/Validate_UnitsListScreen' is exist

2019-01-11 16:58:09 - [MESSAGE][PASSED] - Call Test Case 'Test Cases/ShopOpen/RemainingMainCategories/SecondaryDisplay/Available/VisitAvailable_WithDisplayUnitIsInPerfectCondition' successfully

2019-01-11 16:58:09 - [MESSAGE][PASSED] - com.ct.qa.keywords.SecondaryDisplayKeywords.visitSecondaryDisplayUnitsList is PASSED

2019-01-11 16:58:09 - [TEST_STEP][PASSED] - tap(findTestObject("ShopOpen/RemainingMainCategories/SecondaryDisplay/Available/UnitsList_BackButton"), 0): Tapped on element 'Object Repository/ShopOpen/RemainingMainCategories/SecondaryDisplay/Available/UnitsList_BackButton'

2019-01-11 16:58:09 - [MESSAGE][WARNING] - Timeout '0' is invalid. Using default page load timeout: '5'

2019-01-11 16:58:10 - [MESSAGE][PASSED] - Tapped on element 'Object Repository/ShopOpen/RemainingMainCategories/SecondaryDisplay/Available/UnitsList_BackButton'

2019-01-11 16:58:10 - [TEST_STEP][PASSED] - verifyElementExist(findTestObject("ShopOpen/RemainingMainCategories/Validate_MainCategoryDetailActionScreen", ["package":PACKAGENAME]), 0): Element 'Object Repository/ShopOpen/RemainingMainCategories/Validate_MainCategoryDetailActionScreen' is exist

2019-01-11 16:58:10 - [MESSAGE][WARNING] - Timeout '0' is invalid. Using default page load timeout: '5'

2019-01-11 16:58:11 - [MESSAGE][PASSED] - Element 'Object Repository/ShopOpen/RemainingMainCategories/Validate_MainCategoryDetailActionScreen' is exist

2019-01-11 16:58:11 - [MESSAGE][PASSED] - Call Test Case 'Test Cases/ShopOpen/RemainingMainCategories/SecondaryDisplay/Available/VisitSecondaryDisplayAvailable' successfully

2019-01-11 16:58:11 - [MESSAGE][PASSED] - com.ct.qa.keywords.SecondaryDisplayKeywords.selectSecondaryDisplayRemark_WithDataVerification is PASSED

2019-01-11 16:58:11 - [MESSAGE][PASSED] - Call Test Case 'Test Cases/ShopOpen/RemainingMainCategories/SecondaryDisplay/SecondaryDisplay_VisitingScenarios/VisitSecondaryDisplayWith_DataVerification' successfully

2019-01-11 16:58:11 - [MESSAGE][PASSED] - com.ct.qa.keywords.RemainingMainCategoryRemarksVisitingScenariosKeywords.visitRemarksWith_DataVerification is PASSED

2019-01-11 16:58:11 - [TEST_STEP][PASSED] - tap(findTestObject("ShopOpen/RemainingMainCategories/BackButton", ["package":PACKAGENAME]), 0): Tapped on element 'Object Repository/ShopOpen/RemainingMainCategories/BackButton'

2019-01-11 16:58:11 - [MESSAGE][WARNING] - Timeout '0' is invalid. Using default page load timeout: '5'

2019-01-11 16:58:11 - [MESSAGE][PASSED] - Tapped on element 'Object Repository/ShopOpen/RemainingMainCategories/BackButton'

2019-01-11 16:58:11 - [TEST_STEP][PASSED] - verifyElementExist(findTestObject("ShopOpen/Validate_ShopCategoriesListScreen", ["package":PACKAGENAME]), 0): Element 'Object Repository/ShopOpen/Validate_ShopCategoriesListScreen' is exist

2019-01-11 16:58:11 - [MESSAGE][WARNING] - Timeout '0' is invalid. Using default page load timeout: '5'

2019-01-11 16:58:13 - [MESSAGE][PASSED] - Element 'Object Repository/ShopOpen/Validate_ShopCategoriesListScreen' is exist

2019-01-11 16:58:13 - [MESSAGE][PASSED] - Call Test Case 'Test Cases/ShopOpen/RemainingMainCategories/MainCategoryRemarksVisitingScenarios/VisitRemarksWith_DataVerification' successfully

2019-01-11 16:58:14 - [TEST_CASE][PASSED] - Test Cases/ShopOpen/RemainingMainCategories/MainCategoryRemarksVisitingScenarios/VisitRemarksWith_DataVerification: Test Cases/ShopOpen/RemainingMainCategories/MainCategoryRemarksVisitingScenarios/VisitRemarksWith_DataVerification

2019-01-11 16:58:14 - [TEST_STEP][PASSED] - verifyElementExist(findTestObject("ShopOpen/RemainingMainCategories/Validate_MainCategoryDetailActionScreen", ["package":PACKAGENAME]), 0): Element 'Object Repository/ShopOpen/RemainingMainCategories/Validate_MainCategoryDetailActionScreen' is exist

2019-01-11 16:58:14 - [MESSAGE][WARNING] - Timeout '0' is invalid. Using default page load timeout: '5'

2019-01-11 16:58:15 - [MESSAGE][PASSED] - Element 'Object Repository/ShopOpen/RemainingMainCategories/Validate_MainCategoryDetailActionScreen' is exist

2019-01-11 16:58:15 - [TEST_STEP][PASSED] - com.ct.qa.keywords.RemainingMainCategoryRemarksVisitingScenariosKeywords.visitRemarksWith_DataVerification(): com.ct.qa.keywords.RemainingMainCategoryRemarksVisitingScenariosKeywords.visitRemarksWith_DataVerification is PASSED

2019-01-11 16:58:18 - [TEST_CASE][PASSED] - Test Cases/ShopOpen/RemainingMainCategories/Availability/VisitAvailability_WithYesRemark: Test Cases/ShopOpen/RemainingMainCategories/Availability/VisitAvailability_WithYesRemark

2019-01-11 16:58:18 - [TEST_STEP][PASSED] - verifyElementExist(findTestObject("ShopOpen/RemainingMainCategories/_Availability/Validate_SubCategoriesScreen", ["package":PACKAGENAME]), 0): Element 'Object Repository/ShopOpen/RemainingMainCategories/_Availability/Validate_SubCategoriesScreen' is exist

2019-01-11 16:58:18 - [MESSAGE][WARNING] - Timeout '0' is invalid. Using default page load timeout: '5'

2019-01-11 16:58:20 - [MESSAGE][PASSED] - Element 'Object Repository/ShopOpen/RemainingMainCategories/_Availability/Validate_SubCategoriesScreen' is exist

2019-01-11 16:58:20 - [TEST_STEP][PASSED] - com.ct.qa.keywords.AvailabilityKeywords.visitAvailabilitySubCategories(1): com.ct.qa.keywords.AvailabilityKeywords.visitAvailabilitySubCategories is PASSED

2019-01-11 16:58:21 - [TEST_CASE][PASSED] - Test Cases/ShopOpen/RemainingMainCategories/Availability/VisitSubCategories_WithYesRemarks: Test Cases/ShopOpen/RemainingMainCategories/Availability/VisitSubCategories_WithYesRemarks

2019-01-11 16:58:21 - [TEST_STEP][PASSED] - verifyElementText(findTestObject("ShopOpen/RemainingMainCategories/_Availability/Validate_SubCategoryDetailScreen", ["package":PACKAGENAME]), "Availability"): Actual text and expected text of test object 'Object Repository/ShopOpen/RemainingMainCategories/_Availability/Validate_SubCategoryDetailScreen' are matched.

2019-01-11 16:58:23 - [MESSAGE][PASSED] - Actual text and expected text of test object 'Object Repository/ShopOpen/RemainingMainCategories/_Availability/Validate_SubCategoryDetailScreen' are matched.

2019-01-11 16:58:23 - [TEST_STEP][PASSED] - tap(findTestObject("ShopOpen/RemainingMainCategories/_Availability/Availability", ["package":PACKAGENAME]), 0): Tapped on element 'Object Repository/ShopOpen/RemainingMainCategories/_Availability/Availability'

2019-01-11 16:58:23 - [MESSAGE][WARNING] - Timeout '0' is invalid. Using default page load timeout: '5'

2019-01-11 16:58:23 - [MESSAGE][PASSED] - Tapped on element 'Object Repository/ShopOpen/RemainingMainCategories/_Availability/Availability'

2019-01-11 16:58:23 - [TEST_STEP][PASSED] - verifyElementText(findTestObject("ShopOpen/RemainingMainCategories/_Availability/Validate_ProductAvailabilityScreen", ["package":PACKAGENAME]), "Availability"): Actual text and expected text of test object 'Object Repository/ShopOpen/RemainingMainCategories/_Availability/Validate_ProductAvailabilityScreen' are matched.

2019-01-11 16:58:26 - [MESSAGE][PASSED] - Actual text and expected text of test object 'Object Repository/ShopOpen/RemainingMainCategories/_Availability/Validate_ProductAvailabilityScreen' are matched.

2019-01-11 16:58:26 - [TEST_STEP][PASSED] - com.ct.qa.keywords.AvailabilityKeywords.visitProductsAvailabilityWithYesRemarks(): com.ct.qa.keywords.AvailabilityKeywords.visitProductsAvailabilityWithYesRemarks is PASSED

2019-01-11 16:58:39 - [MESSAGE][PASSED] - Swiped from 0,275 to 0,200

2019-01-11 16:58:42 - [MESSAGE][PASSED] - Swiped from 0,274 to 0,200

2019-01-11 16:58:45 - [MESSAGE][PASSED] - Swiped from 0,275 to 0,200

2019-01-11 16:58:49 - [MESSAGE][PASSED] - Swiped from 0,274 to 0,200

2019-01-11 16:58:52 - [MESSAGE][PASSED] - Swiped from 0,275 to 0,200

2019-01-11 16:58:52 - [MESSAGE][PASSED] - com.ct.qa.keywords.AvailabilityKeywords.visitProductsAvailabilityWithYesRemarks is PASSED

2019-01-11 16:58:52 - [TEST_STEP][PASSED] - tap(findTestObject("ShopOpen/RemainingMainCategories/_Availability/ProductAvailability_SubmitButton", ["package":PACKAGENAME]), 0): Tapped on element 'Object Repository/ShopOpen/RemainingMainCategories/_Availability/ProductAvailability_SubmitButton'

2019-01-11 16:58:52 - [MESSAGE][WARNING] - Timeout '0' is invalid. Using default page load timeout: '5'

2019-01-11 16:58:53 - [MESSAGE][PASSED] - Tapped on element 'Object Repository/ShopOpen/RemainingMainCategories/_Availability/ProductAvailability_SubmitButton'

2019-01-11 16:58:53 - [TEST_STEP][PASSED] - verifyElementText(findTestObject("ShopOpen/RemainingMainCategories/_Availability/Validate_SubCategoryDetailScreen", ["package":PACKAGENAME]), "Availability"): Actual text and expected text of test object 'Object Repository/ShopOpen/RemainingMainCategories/_Availability/Validate_SubCategoryDetailScreen' are matched.

2019-01-11 16:58:54 - [MESSAGE][PASSED] - Actual text and expected text of test object 'Object Repository/ShopOpen/RemainingMainCategories/_Availability/Validate_SubCategoryDetailScreen' are matched.

2019-01-11 16:58:54 - [TEST_STEP][PASSED] - pressBack(): Press back button successfully

2019-01-11 16:58:54 - [MESSAGE][PASSED] - Press back button successfully

2019-01-11 16:58:54 - [TEST_STEP][PASSED] - verifyElementExist(findTestObject("ShopOpen/RemainingMainCategories/_Availability/Validate_SubCategoriesScreen", ["package":PACKAGENAME]), 0): Element 'Object Repository/ShopOpen/RemainingMainCategories/_Availability/Validate_SubCategoriesScreen' is exist

2019-01-11 16:58:54 - [MESSAGE][WARNING] - Timeout '0' is invalid. Using default page load timeout: '5'

2019-01-11 16:58:55 - [MESSAGE][PASSED] - Element 'Object Repository/ShopOpen/RemainingMainCategories/_Availability/Validate_SubCategoriesScreen' is exist

2019-01-11 16:58:55 - [MESSAGE][PASSED] - Call Test Case 'Test Cases/ShopOpen/RemainingMainCategories/Availability/VisitSubCategories_WithYesRemarks' successfully

2019-01-11 16:58:55 - [MESSAGE][PASSED] - com.ct.qa.keywords.AvailabilityKeywords.visitAvailabilitySubCategories is PASSED

2019-01-11 16:58:55 - [TEST_STEP][PASSED] - pressBack(): Press back button successfully

2019-01-11 16:58:56 - [MESSAGE][PASSED] - Press back button successfully

2019-01-11 16:58:56 - [TEST_STEP][PASSED] - verifyElementExist(findTestObject("ShopOpen/RemainingMainCategories/Validate_MainCategoryDetailActionScreen", ["package":PACKAGENAME]), 0): Element 'Object Repository/ShopOpen/RemainingMainCategories/Validate_MainCategoryDetailActionScreen' is exist

2019-01-11 16:58:56 - [MESSAGE][WARNING] - Timeout '0' is invalid. Using default page load timeout: '5'

2019-01-11 16:58:57 - [MESSAGE][PASSED] - Element 'Object Repository/ShopOpen/RemainingMainCategories/Validate_MainCategoryDetailActionScreen' is exist

2019-01-11 16:58:57 - [MESSAGE][PASSED] - Call Test Case 'Test Cases/ShopOpen/RemainingMainCategories/Availability/VisitAvailability_WithYesRemark' successfully

2019-01-11 16:58:57 - [TEST_CASE][PASSED] - Test Cases/ShopOpen/RemainingMainCategories/PrimaryDisplay/VisitPrimaryDisplayWith_DataVerification: Test Cases/ShopOpen/RemainingMainCategories/PrimaryDisplay/VisitPrimaryDisplayWith_DataVerification

2019-01-11 16:58:57 - [TEST_STEP][PASSED] - verifyElementExist(findTestObject("ShopOpen/RemainingMainCategories/PrimaryDisplay/Validate_PrimaryDisplayRemarksScreen", ["package":PACKAGENAME]), 0): Element 'Object Repository/ShopOpen/RemainingMainCategories/PrimaryDisplay/Validate_PrimaryDisplayRemarksScreen' is exist

2019-01-11 16:58:57 - [MESSAGE][WARNING] - Timeout '0' is invalid. Using default page load timeout: '5'

2019-01-11 16:58:59 - [MESSAGE][PASSED] - Element 'Object Repository/ShopOpen/RemainingMainCategories/PrimaryDisplay/Validate_PrimaryDisplayRemarksScreen' is exist

2019-01-11 16:58:59 - [TEST_STEP][PASSED] - com.ct.qa.keywords.PrimaryDisplayKeywords.selectPrimaryDisplayRemark_ForDataVerfication(): com.ct.qa.keywords.PrimaryDisplayKeywords.selectPrimaryDisplayRemark_ForDataVerfication is PASSED

2019-01-11 16:59:00 - [MESSAGE][WARNING] - Timeout '0' is invalid. Using default page load timeout: '5'

2019-01-11 16:59:03 - [MESSAGE][PASSED] - Element 'Object Repository/CommonScreenElements/Validate_CameraScreen' is exist

2019-01-11 16:59:03 - [MESSAGE][WARNING] - Timeout '0' is invalid. Using default page load timeout: '5'

2019-01-11 16:59:06 - [MESSAGE][PASSED] - Tapped on element 'Object Repository/CommonScreenElements/TakePictureButton'

2019-01-11 16:59:11 - [MESSAGE][PASSED] - Delayed 5 second(s)

2019-01-11 16:59:11 - [MESSAGE][WARNING] - Timeout '0' is invalid. Using default page load timeout: '5'

2019-01-11 16:59:11 - [MESSAGE][PASSED] - Tapped on element 'Object Repository/CommonScreenElements/DoneButton'

2019-01-11 16:59:11 - [TEST_CASE][PASSED] - Test Cases/ShopOpen/RemainingMainCategories/PrimaryDisplay/DisplaySpaceAvailable/VisitDSA: Test Cases/ShopOpen/RemainingMainCategories/PrimaryDisplay/DisplaySpaceAvailable/VisitDSA

2019-01-11 16:59:11 - [TEST_STEP][PASSED] - verifyElementExist(findTestObject("ShopOpen/RemainingMainCategories/PrimaryDisplay/DisplaySpaceAvailable/Validate_SubCategoriesScreen", ["package":PACKAGENAME]), 0): Element 'Object Repository/ShopOpen/RemainingMainCategories/PrimaryDisplay/DisplaySpaceAvailable/Validate_SubCategoriesScreen' is exist

2019-01-11 16:59:11 - [MESSAGE][WARNING] - Timeout '0' is invalid. Using default page load timeout: '5'

2019-01-11 16:59:14 - [MESSAGE][PASSED] - Element 'Object Repository/ShopOpen/RemainingMainCategories/PrimaryDisplay/DisplaySpaceAvailable/Validate_SubCategoriesScreen' is exist

2019-01-11 16:59:14 - [TEST_STEP][PASSED] - com.ct.qa.keywords.PrimaryDisplayKeywords.visitPrimaryDisplay_WithDSASubCategories(1): com.ct.qa.keywords.PrimaryDisplayKeywords.visitPrimaryDisplay_WithDSASubCategories is PASSED

2019-01-11 16:59:16 - [TEST_CASE][PASSED] - Test Cases/ShopOpen/RemainingMainCategories/PrimaryDisplay/DisplaySpaceAvailable/VisitDSA_SubCategories: Test Cases/ShopOpen/RemainingMainCategories/PrimaryDisplay/DisplaySpaceAvailable/VisitDSA_SubCategories

2019-01-11 16:59:16 - [TEST_STEP][PASSED] - verifyElementText(findTestObject("ShopOpen/RemainingMainCategories/PrimaryDisplay/DisplaySpaceAvailable/Validate_ShareOfShelfScreen", ["package":PACKAGENAME]), "Share of shelf"): Actual text and expected text of test object 'Object Repository/ShopOpen/RemainingMainCategories/PrimaryDisplay/DisplaySpaceAvailable/Validate_ShareOfShelfScreen' are matched.

2019-01-11 16:59:18 - [MESSAGE][PASSED] - Actual text and expected text of test object 'Object Repository/ShopOpen/RemainingMainCategories/PrimaryDisplay/DisplaySpaceAvailable/Validate_ShareOfShelfScreen' are matched.

2019-01-11 16:59:18 - [TEST_STEP][PASSED] - tap(findTestObject("ShopOpen/RemainingMainCategories/PrimaryDisplay/DisplaySpaceAvailable/ShareOfShelf", ["package":PACKAGENAME]), 0): Tapped on element 'Object Repository/ShopOpen/RemainingMainCategories/PrimaryDisplay/DisplaySpaceAvailable/ShareOfShelf'

2019-01-11 16:59:18 - [MESSAGE][WARNING] - Timeout '0' is invalid. Using default page load timeout: '5'

2019-01-11 16:59:18 - [MESSAGE][PASSED] - Tapped on element 'Object Repository/ShopOpen/RemainingMainCategories/PrimaryDisplay/DisplaySpaceAvailable/ShareOfShelf'

2019-01-11 16:59:18 - [TEST_STEP][PASSED] - verifyElementText(findTestObject("ShopOpen/RemainingMainCategories/PrimaryDisplay/DisplaySpaceAvailable/Validate_ShareOfShelfProductsScreen", ["package":PACKAGENAME]), "Share of shelf"): Actual text and expected text of test object 'Object Repository/ShopOpen/RemainingMainCategories/PrimaryDisplay/DisplaySpaceAvailable/Validate_ShareOfShelfProductsScreen' are matched.

2019-01-11 16:59:20 - [MESSAGE][PASSED] - Actual text and expected text of test object 'Object Repository/ShopOpen/RemainingMainCategories/PrimaryDisplay/DisplaySpaceAvailable/Validate_ShareOfShelfProductsScreen' are matched.

2019-01-11 16:59:20 - [TEST_STEP][PASSED] - com.ct.qa.keywords.PrimaryDisplayKeywords.visitDSA_Products(DISPLAYSPACEAVAILABLE): com.ct.qa.keywords.PrimaryDisplayKeywords.visitDSA_Products is PASSED

2019-01-11 16:59:24 - [MESSAGE][PASSED] - Keyboard is hidden

2019-01-11 16:59:27 - [MESSAGE][PASSED] - Keyboard is hidden

2019-01-11 16:59:30 - [MESSAGE][PASSED] - Keyboard is hidden

2019-01-11 16:59:33 - [MESSAGE][PASSED] - Keyboard is hidden

2019-01-11 16:59:36 - [MESSAGE][PASSED] - Keyboard is hidden

2019-01-11 16:59:39 - [MESSAGE][PASSED] - Keyboard is hidden

2019-01-11 16:59:43 - [MESSAGE][PASSED] - Swiped from 117,359 to 117,250

2019-01-11 16:59:46 - [MESSAGE][PASSED] - Keyboard is hidden

2019-01-11 16:59:48 - [MESSAGE][PASSED] - Swiped from 117,359 to 117,250

2019-01-11 16:59:51 - [MESSAGE][PASSED] - Keyboard is hidden

2019-01-11 16:59:53 - [MESSAGE][PASSED] - Swiped from 117,359 to 117,250

2019-01-11 16:59:56 - [MESSAGE][PASSED] - Keyboard is hidden

2019-01-11 16:59:58 - [MESSAGE][PASSED] - Swiped from 117,359 to 117,250

2019-01-11 17:00:01 - [MESSAGE][PASSED] - Keyboard is hidden

2019-01-11 17:00:03 - [MESSAGE][PASSED] - Swiped from 117,359 to 117,250

2019-01-11 17:00:06 - [MESSAGE][PASSED] - Keyboard is hidden

2019-01-11 17:00:08 - [MESSAGE][PASSED] - Swiped from 117,359 to 117,250

2019-01-11 17:00:11 - [MESSAGE][PASSED] - Keyboard is hidden

2019-01-11 17:00:13 - [MESSAGE][PASSED] - Swiped from 117,359 to 117,250

2019-01-11 17:00:16 - [MESSAGE][PASSED] - Keyboard is hidden

2019-01-11 17:00:18 - [MESSAGE][PASSED] - Swiped from 117,359 to 117,250

2019-01-11 17:00:19 - [MESSAGE][PASSED] - com.ct.qa.keywords.PrimaryDisplayKeywords.visitDSA_Products is PASSED

2019-01-11 17:00:19 - [TEST_STEP][PASSED] - tap(findTestObject("ShopOpen/RemainingMainCategories/PrimaryDisplay/DisplaySpaceAvailable/SubmitButton", ["package":PACKAGENAME]), 0): Tapped on element 'Object Repository/ShopOpen/RemainingMainCategories/PrimaryDisplay/DisplaySpaceAvailable/SubmitButton'

2019-01-11 17:00:19 - [MESSAGE][WARNING] - Timeout '0' is invalid. Using default page load timeout: '5'

2019-01-11 17:00:20 - [MESSAGE][PASSED] - Tapped on element 'Object Repository/ShopOpen/RemainingMainCategories/PrimaryDisplay/DisplaySpaceAvailable/SubmitButton'

2019-01-11 17:00:20 - [TEST_STEP][PASSED] - verifyElementText(findTestObject("ShopOpen/RemainingMainCategories/PrimaryDisplay/DisplaySpaceAvailable/Validate_AlertScreen", ["package":PACKAGENAME]), "Alert"): Actual text and expected text of test object 'Object Repository/ShopOpen/RemainingMainCategories/PrimaryDisplay/DisplaySpaceAvailable/Validate_AlertScreen' are matched.

2019-01-11 17:00:21 - [MESSAGE][PASSED] - Actual text and expected text of test object 'Object Repository/ShopOpen/RemainingMainCategories/PrimaryDisplay/DisplaySpaceAvailable/Validate_AlertScreen' are matched.

2019-01-11 17:00:21 - [TEST_STEP][PASSED] - tap(findTestObject("ShopOpen/RemainingMainCategories/PrimaryDisplay/DisplaySpaceAvailable/Alert_SaveButton", ["package":PACKAGENAME]), 0): Tapped on element 'Object Repository/ShopOpen/RemainingMainCategories/PrimaryDisplay/DisplaySpaceAvailable/Alert_SaveButton'

2019-01-11 17:00:21 - [MESSAGE][WARNING] - Timeout '0' is invalid. Using default page load timeout: '5'

2019-01-11 17:00:21 - [MESSAGE][PASSED] - Tapped on element 'Object Repository/ShopOpen/RemainingMainCategories/PrimaryDisplay/DisplaySpaceAvailable/Alert_SaveButton'

2019-01-11 17:00:21 - [TEST_STEP][PASSED] - verifyElementText(findTestObject("ShopOpen/RemainingMainCategories/PrimaryDisplay/DisplaySpaceAvailable/Validate_ShareOfShelfScreen", ["package":PACKAGENAME]), "Share of shelf"): Actual text and expected text of test object 'Object Repository/ShopOpen/RemainingMainCategories/PrimaryDisplay/DisplaySpaceAvailable/Validate_ShareOfShelfScreen' are matched.

2019-01-11 17:00:22 - [MESSAGE][PASSED] - Actual text and expected text of test object 'Object Repository/ShopOpen/RemainingMainCategories/PrimaryDisplay/DisplaySpaceAvailable/Validate_ShareOfShelfScreen' are matched.

2019-01-11 17:00:22 - [TEST_STEP][PASSED] - tap(findTestObject("ShopOpen/RemainingMainCategories/PrimaryDisplay/DisplaySpaceAvailable/ShareofShelf_BackButton", ["package":PACKAGENAME]), 0): Tapped on element 'Object Repository/ShopOpen/RemainingMainCategories/PrimaryDisplay/DisplaySpaceAvailable/ShareofShelf_BackButton'

2019-01-11 17:00:22 - [MESSAGE][WARNING] - Timeout '0' is invalid. Using default page load timeout: '5'

2019-01-11 17:00:22 - [MESSAGE][PASSED] - Tapped on element 'Object Repository/ShopOpen/RemainingMainCategories/PrimaryDisplay/DisplaySpaceAvailable/ShareofShelf_BackButton'

2019-01-11 17:00:22 - [TEST_STEP][PASSED] - verifyElementExist(findTestObject("ShopOpen/RemainingMainCategories/PrimaryDisplay/DisplaySpaceAvailable/Validate_SubCategoriesScreen", ["package":PACKAGENAME]), 0): Element 'Object Repository/ShopOpen/RemainingMainCategories/PrimaryDisplay/DisplaySpaceAvailable/Validate_SubCategoriesScreen' is exist

2019-01-11 17:00:22 - [MESSAGE][WARNING] - Timeout '0' is invalid. Using default page load timeout: '5'

2019-01-11 17:00:23 - [MESSAGE][PASSED] - Element 'Object Repository/ShopOpen/RemainingMainCategories/PrimaryDisplay/DisplaySpaceAvailable/Validate_SubCategoriesScreen' is exist

2019-01-11 17:00:23 - [MESSAGE][PASSED] - Call Test Case 'Test Cases/ShopOpen/RemainingMainCategories/PrimaryDisplay/DisplaySpaceAvailable/VisitDSA_SubCategories' successfully

2019-01-11 17:00:23 - [MESSAGE][PASSED] - com.ct.qa.keywords.PrimaryDisplayKeywords.visitPrimaryDisplay_WithDSASubCategories is PASSED

2019-01-11 17:00:23 - [TEST_STEP][PASSED] - com.ct.qa.keywords.CommonKeywords.findPlanogramImageView(): com.ct.qa.keywords.CommonKeywords.findPlanogramImageView is PASSED

2019-01-11 17:00:25 - [MESSAGE][WARNING] - Timeout '0' is invalid. Using default page load timeout: '5'

2019-01-11 17:00:32 - [MESSAGE][WARNING] - Object Object Repository/CommonScreenElements/InfoPopUp_OKButton not found
[[ATTACHMENT|F:\\Git Projects\\PnG_Merchandising\\PnG_Merchandising\\Reports\\PnG Merchandising With Channel Wise Data Verification\\20190111_162651\\1547208030657.png]]

2019-01-11 17:00:32 - [MESSAGE][PASSED] - com.ct.qa.keywords.CommonKeywords.findPlanogramImageView is PASSED

2019-01-11 17:00:32 - [TEST_STEP][PASSED] - verifyElementExist(findTestObject("ShopOpen/RemainingMainCategories/PrimaryDisplay/DisplaySpaceAvailable/Validate_SubCategoriesScreen", ["package":PACKAGENAME]), 0): Element 'Object Repository/ShopOpen/RemainingMainCategories/PrimaryDisplay/DisplaySpaceAvailable/Validate_SubCategoriesScreen' is exist

2019-01-11 17:00:32 - [MESSAGE][WARNING] - Timeout '0' is invalid. Using default page load timeout: '5'

2019-01-11 17:00:33 - [MESSAGE][PASSED] - Element 'Object Repository/ShopOpen/RemainingMainCategories/PrimaryDisplay/DisplaySpaceAvailable/Validate_SubCategoriesScreen' is exist

2019-01-11 17:00:33 - [TEST_STEP][PASSED] - com.ct.qa.keywords.CommonKeywords.findPictureImageView(): com.ct.qa.keywords.CommonKeywords.findPictureImageView is PASSED

2019-01-11 17:00:35 - [MESSAGE][WARNING] - Timeout '0' is invalid. Using default page load timeout: '5'

2019-01-11 17:00:37 - [MESSAGE][PASSED] - Element 'Object Repository/CommonScreenElements/Validate_CameraScreen' is exist

2019-01-11 17:00:37 - [MESSAGE][WARNING] - Timeout '0' is invalid. Using default page load timeout: '5'

2019-01-11 17:00:40 - [MESSAGE][PASSED] - Tapped on element 'Object Repository/CommonScreenElements/TakePictureButton'

2019-01-11 17:00:45 - [MESSAGE][PASSED] - Delayed 5 second(s)

2019-01-11 17:00:45 - [MESSAGE][WARNING] - Timeout '0' is invalid. Using default page load timeout: '5'

2019-01-11 17:00:46 - [MESSAGE][PASSED] - Tapped on element 'Object Repository/CommonScreenElements/DoneButton'

2019-01-11 17:00:46 - [MESSAGE][PASSED] - com.ct.qa.keywords.CommonKeywords.findPictureImageView is PASSED

2019-01-11 17:00:46 - [TEST_STEP][PASSED] - verifyElementExist(findTestObject("ShopOpen/RemainingMainCategories/PrimaryDisplay/DisplaySpaceAvailable/Validate_SubCategoriesScreen", ["package":PACKAGENAME]), 0): Element 'Object Repository/ShopOpen/RemainingMainCategories/PrimaryDisplay/DisplaySpaceAvailable/Validate_SubCategoriesScreen' is exist

2019-01-11 17:00:46 - [MESSAGE][WARNING] - Timeout '0' is invalid. Using default page load timeout: '5'

2019-01-11 17:00:47 - [MESSAGE][PASSED] - Element 'Object Repository/ShopOpen/RemainingMainCategories/PrimaryDisplay/DisplaySpaceAvailable/Validate_SubCategoriesScreen' is exist

2019-01-11 17:00:47 - [TEST_STEP][PASSED] - com.ct.qa.keywords.CommonKeywords.findBackButtonImageView(): com.ct.qa.keywords.CommonKeywords.findBackButtonImageView is PASSED

2019-01-11 17:00:49 - [MESSAGE][PASSED] - com.ct.qa.keywords.CommonKeywords.findBackButtonImageView is PASSED

2019-01-11 17:00:49 - [TEST_STEP][PASSED] - verifyElementExist(findTestObject("ShopOpen/RemainingMainCategories/Validate_MainCategoryDetailActionScreen", ["package":PACKAGENAME]), 0): Element 'Object Repository/ShopOpen/RemainingMainCategories/Validate_MainCategoryDetailActionScreen' is exist

2019-01-11 17:00:49 - [MESSAGE][WARNING] - Timeout '0' is invalid. Using default page load timeout: '5'

2019-01-11 17:00:50 - [MESSAGE][PASSED] - Element 'Object Repository/ShopOpen/RemainingMainCategories/Validate_MainCategoryDetailActionScreen' is exist

2019-01-11 17:00:50 - [MESSAGE][PASSED] - Call Test Case 'Test Cases/ShopOpen/RemainingMainCategories/PrimaryDisplay/DisplaySpaceAvailable/VisitDSA' successfully

2019-01-11 17:00:50 - [MESSAGE][PASSED] - com.ct.qa.keywords.PrimaryDisplayKeywords.selectPrimaryDisplayRemark_ForDataVerfication is PASSED

2019-01-11 17:00:50 - [MESSAGE][PASSED] - Call Test Case 'Test Cases/ShopOpen/RemainingMainCategories/PrimaryDisplay/VisitPrimaryDisplayWith_DataVerification' successfully

2019-01-11 17:00:52 - [TEST_CASE][PASSED] - Test Cases/ShopOpen/RemainingMainCategories/SecondaryDisplay/SecondaryDisplay_VisitingScenarios/VisitSecondaryDisplayWith_DataVerification: Test Cases/ShopOpen/RemainingMainCategories/SecondaryDisplay/SecondaryDisplay_VisitingScenarios/VisitSecondaryDisplayWith_DataVerification

2019-01-11 17:00:52 - [TEST_STEP][PASSED] - verifyElementExist(findTestObject("ShopOpen/RemainingMainCategories/SecondaryDisplay/Validate_SecondaryDisplayRemarksScreen", ["package":PACKAGENAME]), 0): Element 'Object Repository/ShopOpen/RemainingMainCategories/SecondaryDisplay/Validate_SecondaryDisplayRemarksScreen' is exist

2019-01-11 17:00:52 - [MESSAGE][WARNING] - Timeout '0' is invalid. Using default page load timeout: '5'

2019-01-11 17:00:53 - [MESSAGE][PASSED] - Element 'Object Repository/ShopOpen/RemainingMainCategories/SecondaryDisplay/Validate_SecondaryDisplayRemarksScreen' is exist

2019-01-11 17:00:53 - [TEST_STEP][PASSED] - com.ct.qa.keywords.SecondaryDisplayKeywords.selectSecondaryDisplayRemark_WithDataVerification(): com.ct.qa.keywords.SecondaryDisplayKeywords.selectSecondaryDisplayRemark_WithDataVerification is PASSED

2019-01-11 17:00:54 - [TEST_CASE][PASSED] - Test Cases/ShopOpen/RemainingMainCategories/SecondaryDisplay/Available/VisitSecondaryDisplayAvailable: Test Cases/ShopOpen/RemainingMainCategories/SecondaryDisplay/Available/VisitSecondaryDisplayAvailable

2019-01-11 17:00:54 - [TEST_STEP][PASSED] - verifyElementText(findTestObject("ShopOpen/RemainingMainCategories/SecondaryDisplay/Available/Validate_UnitsScreen"), "Units"): Actual text and expected text of test object 'Object Repository/ShopOpen/RemainingMainCategories/SecondaryDisplay/Available/Validate_UnitsScreen' are matched.

2019-01-11 17:00:55 - [MESSAGE][PASSED] - Actual text and expected text of test object 'Object Repository/ShopOpen/RemainingMainCategories/SecondaryDisplay/Available/Validate_UnitsScreen' are matched.

2019-01-11 17:00:55 - [TEST_STEP][PASSED] - com.ct.qa.keywords.SecondaryDisplayKeywords.enterUnitsForSecondaryDisplay(): com.ct.qa.keywords.SecondaryDisplayKeywords.enterUnitsForSecondaryDisplay is PASSED

2019-01-11 17:00:57 - [MESSAGE][PASSED] - Keyboard is hidden

2019-01-11 17:00:59 - [MESSAGE][PASSED] - Keyboard is hidden

2019-01-11 17:00:59 - [MESSAGE][PASSED] - com.ct.qa.keywords.SecondaryDisplayKeywords.enterUnitsForSecondaryDisplay is PASSED

2019-01-11 17:00:59 - [TEST_STEP][PASSED] - tap(findTestObject("ShopOpen/RemainingMainCategories/SecondaryDisplay/Available/Units_SubmitButton", ["package":PACKAGENAME]), 0): Tapped on element 'Object Repository/ShopOpen/RemainingMainCategories/SecondaryDisplay/Available/Units_SubmitButton'

2019-01-11 17:00:59 - [MESSAGE][WARNING] - Timeout '0' is invalid. Using default page load timeout: '5'

2019-01-11 17:01:00 - [MESSAGE][PASSED] - Tapped on element 'Object Repository/ShopOpen/RemainingMainCategories/SecondaryDisplay/Available/Units_SubmitButton'

2019-01-11 17:01:00 - [TEST_STEP][PASSED] - verifyElementExist(findTestObject("ShopOpen/RemainingMainCategories/SecondaryDisplay/Available/Validate_UnitsListScreen", ["package":PACKAGENAME]), 0): Element 'Object Repository/ShopOpen/RemainingMainCategories/SecondaryDisplay/Available/Validate_UnitsListScreen' is exist

2019-01-11 17:01:00 - [MESSAGE][WARNING] - Timeout '0' is invalid. Using default page load timeout: '5'

2019-01-11 17:01:02 - [MESSAGE][PASSED] - Element 'Object Repository/ShopOpen/RemainingMainCategories/SecondaryDisplay/Available/Validate_UnitsListScreen' is exist

2019-01-11 17:01:02 - [TEST_STEP][PASSED] - com.ct.qa.keywords.SecondaryDisplayKeywords.visitSecondaryDisplayUnitsList(): com.ct.qa.keywords.SecondaryDisplayKeywords.visitSecondaryDisplayUnitsList is PASSED

2019-01-11 17:01:02 - [TEST_CASE][PASSED] - Test Cases/ShopOpen/RemainingMainCategories/SecondaryDisplay/Available/VisitAvailableWith_DisplayUnitNeedMaintenance: Test Cases/ShopOpen/RemainingMainCategories/SecondaryDisplay/Available/VisitAvailableWith_DisplayUnitNeedMaintenance

2019-01-11 17:01:02 - [TEST_STEP][PASSED] - verifyElementExist(findTestObject("CommonScreenElements/Validate_CameraScreen", ["package":PACKAGENAME]), 0): Element 'Object Repository/CommonScreenElements/Validate_CameraScreen' is exist

2019-01-11 17:01:02 - [MESSAGE][WARNING] - Timeout '0' is invalid. Using default page load timeout: '5'

2019-01-11 17:01:05 - [MESSAGE][PASSED] - Element 'Object Repository/CommonScreenElements/Validate_CameraScreen' is exist

2019-01-11 17:01:05 - [TEST_STEP][PASSED] - tap(findTestObject("CommonScreenElements/TakePictureButton", ["package":PACKAGENAME]), 0): Tapped on element 'Object Repository/CommonScreenElements/TakePictureButton'

2019-01-11 17:01:05 - [MESSAGE][WARNING] - Timeout '0' is invalid. Using default page load timeout: '5'

2019-01-11 17:01:08 - [MESSAGE][PASSED] - Tapped on element 'Object Repository/CommonScreenElements/TakePictureButton'

2019-01-11 17:01:08 - [TEST_STEP][PASSED] - delay(5, STOP_ON_FAILURE): Delayed 5 second(s)

2019-01-11 17:01:13 - [MESSAGE][PASSED] - Delayed 5 second(s)

2019-01-11 17:01:13 - [TEST_STEP][PASSED] - tap(findTestObject("CommonScreenElements/DoneButton", ["package":PACKAGENAME]), 0): Tapped on element 'Object Repository/CommonScreenElements/DoneButton'

2019-01-11 17:01:13 - [MESSAGE][WARNING] - Timeout '0' is invalid. Using default page load timeout: '5'

2019-01-11 17:01:14 - [MESSAGE][PASSED] - Tapped on element 'Object Repository/CommonScreenElements/DoneButton'

2019-01-11 17:01:14 - [TEST_STEP][PASSED] - verifyElementExist(findTestObject("ShopOpen/RemainingMainCategories/SecondaryDisplay/Available/Validate_AvailableRemarksScreen", ["package":PACKAGENAME]), 0): Element 'Object Repository/ShopOpen/RemainingMainCategories/SecondaryDisplay/Available/Validate_AvailableRemarksScreen' is exist

2019-01-11 17:01:14 - [MESSAGE][WARNING] - Timeout '0' is invalid. Using default page load timeout: '5'

2019-01-11 17:01:16 - [MESSAGE][PASSED] - Element 'Object Repository/ShopOpen/RemainingMainCategories/SecondaryDisplay/Available/Validate_AvailableRemarksScreen' is exist

2019-01-11 17:01:16 - [TEST_STEP][PASSED] - com.ct.qa.keywords.SecondaryDisplayKeywords.selectSecondaryDisplay_AvailableRemark("Display Unit Need Maintenance", 1): com.ct.qa.keywords.SecondaryDisplayKeywords.selectSecondaryDisplay_AvailableRemark is PASSED

2019-01-11 17:01:17 - [MESSAGE][WARNING] - Timeout '0' is invalid. Using default page load timeout: '5'

2019-01-11 17:01:19 - [MESSAGE][PASSED] - Element 'Object Repository/ShopOpen/RemainingMainCategories/SecondaryDisplay/Available/Validate_SecondaryDisplay_available_remarksScreen' is exist

2019-01-11 17:01:20 - [MESSAGE][PASSED] - com.ct.qa.keywords.SecondaryDisplayKeywords.selectSecondaryDisplay_AvailableRemark is PASSED

2019-01-11 17:01:20 - [TEST_STEP][PASSED] - tap(findTestObject("ShopOpen/RemainingMainCategories/SecondaryDisplay/Available/DUNM_CategoryRemarks_BackButton", ["package":PACKAGENAME]), 0): Tapped on element 'Object Repository/ShopOpen/RemainingMainCategories/SecondaryDisplay/Available/DUNM_CategoryRemarks_BackButton'

2019-01-11 17:01:20 - [MESSAGE][WARNING] - Timeout '0' is invalid. Using default page load timeout: '5'

2019-01-11 17:01:21 - [MESSAGE][PASSED] - Tapped on element 'Object Repository/ShopOpen/RemainingMainCategories/SecondaryDisplay/Available/DUNM_CategoryRemarks_BackButton'

2019-01-11 17:01:21 - [TEST_STEP][PASSED] - verifyElementExist(findTestObject("ShopOpen/RemainingMainCategories/SecondaryDisplay/Available/Validate_AvailableRemarksScreen", ["package":PACKAGENAME]), 0): Element 'Object Repository/ShopOpen/RemainingMainCategories/SecondaryDisplay/Available/Validate_AvailableRemarksScreen' is exist

2019-01-11 17:01:21 - [MESSAGE][WARNING] - Timeout '0' is invalid. Using default page load timeout: '5'

2019-01-11 17:01:22 - [MESSAGE][PASSED] - Element 'Object Repository/ShopOpen/RemainingMainCategories/SecondaryDisplay/Available/Validate_AvailableRemarksScreen' is exist

2019-01-11 17:01:22 - [TEST_STEP][PASSED] - tap(findTestObject("ShopOpen/RemainingMainCategories/SecondaryDisplay/Available/AvailableRemarks_BackButton", ["package":PACKAGENAME]), 0): Tapped on element 'Object Repository/ShopOpen/RemainingMainCategories/SecondaryDisplay/Available/AvailableRemarks_BackButton'

2019-01-11 17:01:22 - [MESSAGE][WARNING] - Timeout '0' is invalid. Using default page load timeout: '5'

2019-01-11 17:01:22 - [MESSAGE][PASSED] - Tapped on element 'Object Repository/ShopOpen/RemainingMainCategories/SecondaryDisplay/Available/AvailableRemarks_BackButton'

2019-01-11 17:01:22 - [TEST_STEP][PASSED] - verifyElementText(findTestObject("ShopOpen/RemainingMainCategories/SecondaryDisplay/Available/Validate_UtilizationPopUpScreen", ["package":PACKAGENAME]), "Utilization"): Actual text and expected text of test object 'Object Repository/ShopOpen/RemainingMainCategories/SecondaryDisplay/Available/Validate_UtilizationPopUpScreen' are matched.

2019-01-11 17:01:24 - [MESSAGE][PASSED] - Actual text and expected text of test object 'Object Repository/ShopOpen/RemainingMainCategories/SecondaryDisplay/Available/Validate_UtilizationPopUpScreen' are matched.

2019-01-11 17:01:24 - [TEST_STEP][PASSED] - com.ct.qa.keywords.SecondaryDisplayKeywords.enterUtilizationForSecondaryDisplay(1): com.ct.qa.keywords.SecondaryDisplayKeywords.enterUtilizationForSecondaryDisplay is PASSED

2019-01-11 17:01:28 - [MESSAGE][PASSED] - com.ct.qa.keywords.SecondaryDisplayKeywords.enterUtilizationForSecondaryDisplay is PASSED

2019-01-11 17:01:28 - [TEST_STEP][PASSED] - hideKeyboard(): Keyboard is hidden

2019-01-11 17:01:29 - [MESSAGE][PASSED] - Keyboard is hidden

2019-01-11 17:01:29 - [TEST_STEP][PASSED] - tap(findTestObject("ShopOpen/RemainingMainCategories/SecondaryDisplay/Available/Utilization_SubmitButton", ["package":PACKAGENAME]), 0, STOP_ON_FAILURE): Tapped on element 'Object Repository/ShopOpen/RemainingMainCategories/SecondaryDisplay/Available/Utilization_SubmitButton'

2019-01-11 17:01:29 - [MESSAGE][WARNING] - Timeout '0' is invalid. Using default page load timeout: '5'

2019-01-11 17:01:30 - [MESSAGE][PASSED] - Tapped on element 'Object Repository/ShopOpen/RemainingMainCategories/SecondaryDisplay/Available/Utilization_SubmitButton'

2019-01-11 17:01:30 - [TEST_STEP][PASSED] - verifyElementExist(findTestObject("ShopOpen/RemainingMainCategories/SecondaryDisplay/Available/Validate_UnitsListScreen", ["package":PACKAGENAME]), 0): Element 'Object Repository/ShopOpen/RemainingMainCategories/SecondaryDisplay/Available/Validate_UnitsListScreen' is exist

2019-01-11 17:01:30 - [MESSAGE][WARNING] - Timeout '0' is invalid. Using default page load timeout: '5'

2019-01-11 17:01:31 - [MESSAGE][PASSED] - Element 'Object Repository/ShopOpen/RemainingMainCategories/SecondaryDisplay/Available/Validate_UnitsListScreen' is exist

2019-01-11 17:01:31 - [MESSAGE][PASSED] - Call Test Case 'Test Cases/ShopOpen/RemainingMainCategories/SecondaryDisplay/Available/VisitAvailableWith_DisplayUnitNeedMaintenance' successfully

2019-01-11 17:01:32 - [TEST_CASE][PASSED] - Test Cases/ShopOpen/RemainingMainCategories/SecondaryDisplay/Available/VisitAvailableWith_SKDNA: Test Cases/ShopOpen/RemainingMainCategories/SecondaryDisplay/Available/VisitAvailableWith_SKDNA

2019-01-11 17:01:32 - [TEST_STEP][PASSED] - verifyElementExist(findTestObject("CommonScreenElements/Validate_CameraScreen", ["package":PACKAGENAME]), 0): Element 'Object Repository/CommonScreenElements/Validate_CameraScreen' is exist

2019-01-11 17:01:32 - [MESSAGE][WARNING] - Timeout '0' is invalid. Using default page load timeout: '5'

2019-01-11 17:01:34 - [MESSAGE][PASSED] - Element 'Object Repository/CommonScreenElements/Validate_CameraScreen' is exist

2019-01-11 17:01:34 - [TEST_STEP][PASSED] - tap(findTestObject("CommonScreenElements/TakePictureButton", ["package":PACKAGENAME]), 0): Tapped on element 'Object Repository/CommonScreenElements/TakePictureButton'

2019-01-11 17:01:34 - [MESSAGE][WARNING] - Timeout '0' is invalid. Using default page load timeout: '5'

2019-01-11 17:01:37 - [MESSAGE][PASSED] - Tapped on element 'Object Repository/CommonScreenElements/TakePictureButton'

2019-01-11 17:01:37 - [TEST_STEP][PASSED] - delay(5, STOP_ON_FAILURE): Delayed 5 second(s)

2019-01-11 17:01:42 - [MESSAGE][PASSED] - Delayed 5 second(s)

2019-01-11 17:01:42 - [TEST_STEP][PASSED] - tap(findTestObject("CommonScreenElements/DoneButton", ["package":PACKAGENAME]), 0): Tapped on element 'Object Repository/CommonScreenElements/DoneButton'

2019-01-11 17:01:42 - [MESSAGE][WARNING] - Timeout '0' is invalid. Using default page load timeout: '5'

2019-01-11 17:01:43 - [MESSAGE][PASSED] - Tapped on element 'Object Repository/CommonScreenElements/DoneButton'

2019-01-11 17:01:43 - [TEST_STEP][PASSED] - verifyElementExist(findTestObject("ShopOpen/RemainingMainCategories/SecondaryDisplay/Available/Validate_AvailableRemarksScreen", ["package":PACKAGENAME]), 0): Element 'Object Repository/ShopOpen/RemainingMainCategories/SecondaryDisplay/Available/Validate_AvailableRemarksScreen' is exist

2019-01-11 17:01:43 - [MESSAGE][WARNING] - Timeout '0' is invalid. Using default page load timeout: '5'

2019-01-11 17:01:45 - [MESSAGE][PASSED] - Element 'Object Repository/ShopOpen/RemainingMainCategories/SecondaryDisplay/Available/Validate_AvailableRemarksScreen' is exist

2019-01-11 17:01:45 - [TEST_STEP][PASSED] - com.ct.qa.keywords.SecondaryDisplayKeywords.selectSecondaryDisplay_AvailableRemark("Shopkeeper did not allow", 1): com.ct.qa.keywords.SecondaryDisplayKeywords.selectSecondaryDisplay_AvailableRemark is PASSED

2019-01-11 17:01:46 - [MESSAGE][WARNING] - Timeout '0' is invalid. Using default page load timeout: '5'

2019-01-11 17:01:48 - [MESSAGE][PASSED] - Element 'Object Repository/ShopOpen/RemainingMainCategories/SecondaryDisplay/Available/Validate_SecondaryDisplay_available_remarksScreen' is exist

2019-01-11 17:01:49 - [MESSAGE][PASSED] - com.ct.qa.keywords.SecondaryDisplayKeywords.selectSecondaryDisplay_AvailableRemark is PASSED

2019-01-11 17:01:49 - [TEST_STEP][PASSED] - tap(findTestObject("ShopOpen/RemainingMainCategories/SecondaryDisplay/Available/SKDNA_CategoryRemark_BackButton", ["package":PACKAGENAME]), 0): Tapped on element 'Object Repository/ShopOpen/RemainingMainCategories/SecondaryDisplay/Available/SKDNA_CategoryRemark_BackButton'

2019-01-11 17:01:49 - [MESSAGE][WARNING] - Timeout '0' is invalid. Using default page load timeout: '5'

2019-01-11 17:01:50 - [MESSAGE][PASSED] - Tapped on element 'Object Repository/ShopOpen/RemainingMainCategories/SecondaryDisplay/Available/SKDNA_CategoryRemark_BackButton'

2019-01-11 17:01:50 - [TEST_STEP][PASSED] - verifyElementExist(findTestObject("ShopOpen/RemainingMainCategories/SecondaryDisplay/Available/Validate_AvailableRemarksScreen", ["package":PACKAGENAME]), 0): Element 'Object Repository/ShopOpen/RemainingMainCategories/SecondaryDisplay/Available/Validate_AvailableRemarksScreen' is exist

2019-01-11 17:01:50 - [MESSAGE][WARNING] - Timeout '0' is invalid. Using default page load timeout: '5'

2019-01-11 17:01:51 - [MESSAGE][PASSED] - Element 'Object Repository/ShopOpen/RemainingMainCategories/SecondaryDisplay/Available/Validate_AvailableRemarksScreen' is exist

2019-01-11 17:01:51 - [TEST_STEP][PASSED] - tap(findTestObject("ShopOpen/RemainingMainCategories/SecondaryDisplay/Available/AvailableRemarks_BackButton", ["package":PACKAGENAME]), 0): Tapped on element 'Object Repository/ShopOpen/RemainingMainCategories/SecondaryDisplay/Available/AvailableRemarks_BackButton'

2019-01-11 17:01:51 - [MESSAGE][WARNING] - Timeout '0' is invalid. Using default page load timeout: '5'

2019-01-11 17:01:51 - [MESSAGE][PASSED] - Tapped on element 'Object Repository/ShopOpen/RemainingMainCategories/SecondaryDisplay/Available/AvailableRemarks_BackButton'

2019-01-11 17:01:51 - [TEST_STEP][PASSED] - verifyElementText(findTestObject("ShopOpen/RemainingMainCategories/SecondaryDisplay/Available/Validate_UtilizationPopUpScreen", ["package":PACKAGENAME]), "Utilization"): Actual text and expected text of test object 'Object Repository/ShopOpen/RemainingMainCategories/SecondaryDisplay/Available/Validate_UtilizationPopUpScreen' are matched.

2019-01-11 17:01:53 - [MESSAGE][PASSED] - Actual text and expected text of test object 'Object Repository/ShopOpen/RemainingMainCategories/SecondaryDisplay/Available/Validate_UtilizationPopUpScreen' are matched.

2019-01-11 17:01:53 - [TEST_STEP][PASSED] - com.ct.qa.keywords.SecondaryDisplayKeywords.enterUtilizationForSecondaryDisplay(1): com.ct.qa.keywords.SecondaryDisplayKeywords.enterUtilizationForSecondaryDisplay is PASSED

2019-01-11 17:01:57 - [MESSAGE][PASSED] - com.ct.qa.keywords.SecondaryDisplayKeywords.enterUtilizationForSecondaryDisplay is PASSED

2019-01-11 17:01:57 - [TEST_STEP][PASSED] - hideKeyboard(): Keyboard is hidden

2019-01-11 17:01:58 - [MESSAGE][PASSED] - Keyboard is hidden

2019-01-11 17:01:58 - [TEST_STEP][PASSED] - tap(findTestObject("ShopOpen/RemainingMainCategories/SecondaryDisplay/Available/Utilization_SubmitButton", ["package":PACKAGENAME]), 0, STOP_ON_FAILURE): Tapped on element 'Object Repository/ShopOpen/RemainingMainCategories/SecondaryDisplay/Available/Utilization_SubmitButton'

2019-01-11 17:01:58 - [MESSAGE][WARNING] - Timeout '0' is invalid. Using default page load timeout: '5'

2019-01-11 17:01:59 - [MESSAGE][PASSED] - Tapped on element 'Object Repository/ShopOpen/RemainingMainCategories/SecondaryDisplay/Available/Utilization_SubmitButton'

2019-01-11 17:01:59 - [TEST_STEP][PASSED] - verifyElementExist(findTestObject("ShopOpen/RemainingMainCategories/SecondaryDisplay/Available/Validate_UnitsListScreen", ["package":PACKAGENAME]), 0): Element 'Object Repository/ShopOpen/RemainingMainCategories/SecondaryDisplay/Available/Validate_UnitsListScreen' is exist

2019-01-11 17:01:59 - [MESSAGE][WARNING] - Timeout '0' is invalid. Using default page load timeout: '5'

2019-01-11 17:02:00 - [MESSAGE][PASSED] - Element 'Object Repository/ShopOpen/RemainingMainCategories/SecondaryDisplay/Available/Validate_UnitsListScreen' is exist

2019-01-11 17:02:00 - [MESSAGE][PASSED] - Call Test Case 'Test Cases/ShopOpen/RemainingMainCategories/SecondaryDisplay/Available/VisitAvailableWith_SKDNA' successfully

2019-01-11 17:02:01 - [TEST_CASE][PASSED] - Test Cases/ShopOpen/RemainingMainCategories/SecondaryDisplay/Available/VisitAvailableWith_SKDNA: Test Cases/ShopOpen/RemainingMainCategories/SecondaryDisplay/Available/VisitAvailableWith_SKDNA

2019-01-11 17:02:01 - [TEST_STEP][PASSED] - verifyElementExist(findTestObject("CommonScreenElements/Validate_CameraScreen", ["package":PACKAGENAME]), 0): Element 'Object Repository/CommonScreenElements/Validate_CameraScreen' is exist

2019-01-11 17:02:01 - [MESSAGE][WARNING] - Timeout '0' is invalid. Using default page load timeout: '5'

2019-01-11 17:02:03 - [MESSAGE][PASSED] - Element 'Object Repository/CommonScreenElements/Validate_CameraScreen' is exist

2019-01-11 17:02:03 - [TEST_STEP][PASSED] - tap(findTestObject("CommonScreenElements/TakePictureButton", ["package":PACKAGENAME]), 0): Tapped on element 'Object Repository/CommonScreenElements/TakePictureButton'

2019-01-11 17:02:03 - [MESSAGE][WARNING] - Timeout '0' is invalid. Using default page load timeout: '5'

2019-01-11 17:02:06 - [MESSAGE][PASSED] - Tapped on element 'Object Repository/CommonScreenElements/TakePictureButton'

2019-01-11 17:02:06 - [TEST_STEP][PASSED] - delay(5, STOP_ON_FAILURE): Delayed 5 second(s)

2019-01-11 17:02:11 - [MESSAGE][PASSED] - Delayed 5 second(s)

2019-01-11 17:02:11 - [TEST_STEP][PASSED] - tap(findTestObject("CommonScreenElements/DoneButton", ["package":PACKAGENAME]), 0): Tapped on element 'Object Repository/CommonScreenElements/DoneButton'

2019-01-11 17:02:11 - [MESSAGE][WARNING] - Timeout '0' is invalid. Using default page load timeout: '5'

2019-01-11 17:02:12 - [MESSAGE][PASSED] - Tapped on element 'Object Repository/CommonScreenElements/DoneButton'

2019-01-11 17:02:12 - [TEST_STEP][PASSED] - verifyElementExist(findTestObject("ShopOpen/RemainingMainCategories/SecondaryDisplay/Available/Validate_AvailableRemarksScreen", ["package":PACKAGENAME]), 0): Element 'Object Repository/ShopOpen/RemainingMainCategories/SecondaryDisplay/Available/Validate_AvailableRemarksScreen' is exist

2019-01-11 17:02:12 - [MESSAGE][WARNING] - Timeout '0' is invalid. Using default page load timeout: '5'

2019-01-11 17:02:14 - [MESSAGE][PASSED] - Element 'Object Repository/ShopOpen/RemainingMainCategories/SecondaryDisplay/Available/Validate_AvailableRemarksScreen' is exist

2019-01-11 17:02:14 - [TEST_STEP][PASSED] - com.ct.qa.keywords.SecondaryDisplayKeywords.selectSecondaryDisplay_AvailableRemark("Shopkeeper did not allow", 1): com.ct.qa.keywords.SecondaryDisplayKeywords.selectSecondaryDisplay_AvailableRemark is PASSED

2019-01-11 17:02:15 - [MESSAGE][WARNING] - Timeout '0' is invalid. Using default page load timeout: '5'

2019-01-11 17:02:17 - [MESSAGE][PASSED] - Element 'Object Repository/ShopOpen/RemainingMainCategories/SecondaryDisplay/Available/Validate_SecondaryDisplay_available_remarksScreen' is exist

2019-01-11 17:02:18 - [MESSAGE][PASSED] - com.ct.qa.keywords.SecondaryDisplayKeywords.selectSecondaryDisplay_AvailableRemark is PASSED

2019-01-11 17:02:18 - [TEST_STEP][PASSED] - tap(findTestObject("ShopOpen/RemainingMainCategories/SecondaryDisplay/Available/SKDNA_CategoryRemark_BackButton", ["package":PACKAGENAME]), 0): Tapped on element 'Object Repository/ShopOpen/RemainingMainCategories/SecondaryDisplay/Available/SKDNA_CategoryRemark_BackButton'

2019-01-11 17:02:18 - [MESSAGE][WARNING] - Timeout '0' is invalid. Using default page load timeout: '5'

2019-01-11 17:02:19 - [MESSAGE][PASSED] - Tapped on element 'Object Repository/ShopOpen/RemainingMainCategories/SecondaryDisplay/Available/SKDNA_CategoryRemark_BackButton'

2019-01-11 17:02:19 - [TEST_STEP][PASSED] - verifyElementExist(findTestObject("ShopOpen/RemainingMainCategories/SecondaryDisplay/Available/Validate_AvailableRemarksScreen", ["package":PACKAGENAME]), 0): Element 'Object Repository/ShopOpen/RemainingMainCategories/SecondaryDisplay/Available/Validate_AvailableRemarksScreen' is exist

2019-01-11 17:02:19 - [MESSAGE][WARNING] - Timeout '0' is invalid. Using default page load timeout: '5'

2019-01-11 17:02:20 - [MESSAGE][PASSED] - Element 'Object Repository/ShopOpen/RemainingMainCategories/SecondaryDisplay/Available/Validate_AvailableRemarksScreen' is exist

2019-01-11 17:02:20 - [TEST_STEP][PASSED] - tap(findTestObject("ShopOpen/RemainingMainCategories/SecondaryDisplay/Available/AvailableRemarks_BackButton", ["package":PACKAGENAME]), 0): Tapped on element 'Object Repository/ShopOpen/RemainingMainCategories/SecondaryDisplay/Available/AvailableRemarks_BackButton'

2019-01-11 17:02:20 - [MESSAGE][WARNING] - Timeout '0' is invalid. Using default page load timeout: '5'

2019-01-11 17:02:20 - [MESSAGE][PASSED] - Tapped on element 'Object Repository/ShopOpen/RemainingMainCategories/SecondaryDisplay/Available/AvailableRemarks_BackButton'

2019-01-11 17:02:20 - [TEST_STEP][PASSED] - verifyElementText(findTestObject("ShopOpen/RemainingMainCategories/SecondaryDisplay/Available/Validate_UtilizationPopUpScreen", ["package":PACKAGENAME]), "Utilization"): Actual text and expected text of test object 'Object Repository/ShopOpen/RemainingMainCategories/SecondaryDisplay/Available/Validate_UtilizationPopUpScreen' are matched.

2019-01-11 17:02:22 - [MESSAGE][PASSED] - Actual text and expected text of test object 'Object Repository/ShopOpen/RemainingMainCategories/SecondaryDisplay/Available/Validate_UtilizationPopUpScreen' are matched.

2019-01-11 17:02:22 - [TEST_STEP][PASSED] - com.ct.qa.keywords.SecondaryDisplayKeywords.enterUtilizationForSecondaryDisplay(1): com.ct.qa.keywords.SecondaryDisplayKeywords.enterUtilizationForSecondaryDisplay is PASSED

2019-01-11 17:02:26 - [MESSAGE][PASSED] - com.ct.qa.keywords.SecondaryDisplayKeywords.enterUtilizationForSecondaryDisplay is PASSED

2019-01-11 17:02:26 - [TEST_STEP][PASSED] - hideKeyboard(): Keyboard is hidden

2019-01-11 17:02:27 - [MESSAGE][PASSED] - Keyboard is hidden

2019-01-11 17:02:27 - [TEST_STEP][PASSED] - tap(findTestObject("ShopOpen/RemainingMainCategories/SecondaryDisplay/Available/Utilization_SubmitButton", ["package":PACKAGENAME]), 0, STOP_ON_FAILURE): Tapped on element 'Object Repository/ShopOpen/RemainingMainCategories/SecondaryDisplay/Available/Utilization_SubmitButton'

2019-01-11 17:02:27 - [MESSAGE][WARNING] - Timeout '0' is invalid. Using default page load timeout: '5'

2019-01-11 17:02:28 - [MESSAGE][PASSED] - Tapped on element 'Object Repository/ShopOpen/RemainingMainCategories/SecondaryDisplay/Available/Utilization_SubmitButton'

2019-01-11 17:02:28 - [TEST_STEP][PASSED] - verifyElementExist(findTestObject("ShopOpen/RemainingMainCategories/SecondaryDisplay/Available/Validate_UnitsListScreen", ["package":PACKAGENAME]), 0): Element 'Object Repository/ShopOpen/RemainingMainCategories/SecondaryDisplay/Available/Validate_UnitsListScreen' is exist

2019-01-11 17:02:28 - [MESSAGE][WARNING] - Timeout '0' is invalid. Using default page load timeout: '5'

2019-01-11 17:02:29 - [MESSAGE][PASSED] - Element 'Object Repository/ShopOpen/RemainingMainCategories/SecondaryDisplay/Available/Validate_UnitsListScreen' is exist

2019-01-11 17:02:29 - [MESSAGE][PASSED] - Call Test Case 'Test Cases/ShopOpen/RemainingMainCategories/SecondaryDisplay/Available/VisitAvailableWith_SKDNA' successfully

2019-01-11 17:02:29 - [TEST_CASE][PASSED] - Test Cases/ShopOpen/RemainingMainCategories/SecondaryDisplay/Available/VisitAvailable_WithDisplayUnitIsInPerfectCondition: Test Cases/ShopOpen/RemainingMainCategories/SecondaryDisplay/Available/VisitAvailable_WithDisplayUnitIsInPerfectCondition

2019-01-11 17:02:29 - [TEST_STEP][PASSED] - verifyElementExist(findTestObject("CommonScreenElements/Validate_CameraScreen", ["package":PACKAGENAME]), 0): Element 'Object Repository/CommonScreenElements/Validate_CameraScreen' is exist

2019-01-11 17:02:29 - [MESSAGE][WARNING] - Timeout '0' is invalid. Using default page load timeout: '5'

2019-01-11 17:02:31 - [MESSAGE][PASSED] - Element 'Object Repository/CommonScreenElements/Validate_CameraScreen' is exist

2019-01-11 17:02:31 - [TEST_STEP][PASSED] - tap(findTestObject("CommonScreenElements/TakePictureButton", ["package":PACKAGENAME]), 0): Tapped on element 'Object Repository/CommonScreenElements/TakePictureButton'

2019-01-11 17:02:31 - [MESSAGE][WARNING] - Timeout '0' is invalid. Using default page load timeout: '5'

2019-01-11 17:02:35 - [MESSAGE][PASSED] - Tapped on element 'Object Repository/CommonScreenElements/TakePictureButton'

2019-01-11 17:02:35 - [TEST_STEP][PASSED] - delay(5, STOP_ON_FAILURE): Delayed 5 second(s)

2019-01-11 17:02:40 - [MESSAGE][PASSED] - Delayed 5 second(s)

2019-01-11 17:02:40 - [TEST_STEP][PASSED] - tap(findTestObject("CommonScreenElements/DoneButton", ["package":PACKAGENAME]), 0): Tapped on element 'Object Repository/CommonScreenElements/DoneButton'

2019-01-11 17:02:40 - [MESSAGE][WARNING] - Timeout '0' is invalid. Using default page load timeout: '5'

2019-01-11 17:02:40 - [MESSAGE][PASSED] - Tapped on element 'Object Repository/CommonScreenElements/DoneButton'

2019-01-11 17:02:40 - [TEST_STEP][PASSED] - verifyElementExist(findTestObject("ShopOpen/RemainingMainCategories/SecondaryDisplay/Available/Validate_AvailableRemarksScreen", ["package":PACKAGENAME]), 0): Element 'Object Repository/ShopOpen/RemainingMainCategories/SecondaryDisplay/Available/Validate_AvailableRemarksScreen' is exist

2019-01-11 17:02:40 - [MESSAGE][WARNING] - Timeout '0' is invalid. Using default page load timeout: '5'

2019-01-11 17:02:42 - [MESSAGE][PASSED] - Element 'Object Repository/ShopOpen/RemainingMainCategories/SecondaryDisplay/Available/Validate_AvailableRemarksScreen' is exist

2019-01-11 17:02:42 - [TEST_STEP][PASSED] - com.ct.qa.keywords.SecondaryDisplayKeywords.selectSecondaryDisplay_AvailableRemark("Display Unit is in perfect condition", 0): com.ct.qa.keywords.SecondaryDisplayKeywords.selectSecondaryDisplay_AvailableRemark is PASSED

2019-01-11 17:02:43 - [MESSAGE][PASSED] - com.ct.qa.keywords.SecondaryDisplayKeywords.selectSecondaryDisplay_AvailableRemark is PASSED

2019-01-11 17:02:43 - [TEST_STEP][PASSED] - verifyElementText(findTestObject("ShopOpen/RemainingMainCategories/SecondaryDisplay/Available/Validate_UtilizationPopUpScreen", ["package":PACKAGENAME]), "Utilization"): Actual text and expected text of test object 'Object Repository/ShopOpen/RemainingMainCategories/SecondaryDisplay/Available/Validate_UtilizationPopUpScreen' are matched.

2019-01-11 17:02:44 - [MESSAGE][PASSED] - Actual text and expected text of test object 'Object Repository/ShopOpen/RemainingMainCategories/SecondaryDisplay/Available/Validate_UtilizationPopUpScreen' are matched.

2019-01-11 17:02:44 - [TEST_STEP][PASSED] - com.ct.qa.keywords.SecondaryDisplayKeywords.enterUtilizationForSecondaryDisplay(1): com.ct.qa.keywords.SecondaryDisplayKeywords.enterUtilizationForSecondaryDisplay is PASSED

2019-01-11 17:02:49 - [MESSAGE][PASSED] - com.ct.qa.keywords.SecondaryDisplayKeywords.enterUtilizationForSecondaryDisplay is PASSED

2019-01-11 17:02:49 - [TEST_STEP][PASSED] - hideKeyboard(): Keyboard is hidden

2019-01-11 17:02:50 - [MESSAGE][PASSED] - Keyboard is hidden

2019-01-11 17:02:50 - [TEST_STEP][PASSED] - tap(findTestObject("ShopOpen/RemainingMainCategories/SecondaryDisplay/Available/Utilization_SubmitButton", ["package":PACKAGENAME]), 0, STOP_ON_FAILURE): Tapped on element 'Object Repository/ShopOpen/RemainingMainCategories/SecondaryDisplay/Available/Utilization_SubmitButton'

2019-01-11 17:02:50 - [MESSAGE][WARNING] - Timeout '0' is invalid. Using default page load timeout: '5'

2019-01-11 17:02:51 - [MESSAGE][PASSED] - Tapped on element 'Object Repository/ShopOpen/RemainingMainCategories/SecondaryDisplay/Available/Utilization_SubmitButton'

2019-01-11 17:02:51 - [TEST_STEP][PASSED] - verifyElementExist(findTestObject("ShopOpen/RemainingMainCategories/SecondaryDisplay/Available/Validate_UnitsListScreen", ["package":PACKAGENAME]), 0): Element 'Object Repository/ShopOpen/RemainingMainCategories/SecondaryDisplay/Available/Validate_UnitsListScreen' is exist

2019-01-11 17:02:51 - [MESSAGE][WARNING] - Timeout '0' is invalid. Using default page load timeout: '5'

2019-01-11 17:02:51 - [MESSAGE][PASSED] - Element 'Object Repository/ShopOpen/RemainingMainCategories/SecondaryDisplay/Available/Validate_UnitsListScreen' is exist

2019-01-11 17:02:51 - [MESSAGE][PASSED] - Call Test Case 'Test Cases/ShopOpen/RemainingMainCategories/SecondaryDisplay/Available/VisitAvailable_WithDisplayUnitIsInPerfectCondition' successfully

2019-01-11 17:02:51 - [MESSAGE][PASSED] - com.ct.qa.keywords.SecondaryDisplayKeywords.visitSecondaryDisplayUnitsList is PASSED

2019-01-11 17:02:51 - [TEST_STEP][PASSED] - tap(findTestObject("ShopOpen/RemainingMainCategories/SecondaryDisplay/Available/UnitsList_BackButton"), 0): Tapped on element 'Object Repository/ShopOpen/RemainingMainCategories/SecondaryDisplay/Available/UnitsList_BackButton'

2019-01-11 17:02:51 - [MESSAGE][WARNING] - Timeout '0' is invalid. Using default page load timeout: '5'

2019-01-11 17:02:52 - [MESSAGE][PASSED] - Tapped on element 'Object Repository/ShopOpen/RemainingMainCategories/SecondaryDisplay/Available/UnitsList_BackButton'

2019-01-11 17:02:52 - [TEST_STEP][PASSED] - verifyElementExist(findTestObject("ShopOpen/RemainingMainCategories/Validate_MainCategoryDetailActionScreen", ["package":PACKAGENAME]), 0): Element 'Object Repository/ShopOpen/RemainingMainCategories/Validate_MainCategoryDetailActionScreen' is exist

2019-01-11 17:02:52 - [MESSAGE][WARNING] - Timeout '0' is invalid. Using default page load timeout: '5'

2019-01-11 17:02:53 - [MESSAGE][PASSED] - Element 'Object Repository/ShopOpen/RemainingMainCategories/Validate_MainCategoryDetailActionScreen' is exist

2019-01-11 17:02:53 - [MESSAGE][PASSED] - Call Test Case 'Test Cases/ShopOpen/RemainingMainCategories/SecondaryDisplay/Available/VisitSecondaryDisplayAvailable' successfully

2019-01-11 17:02:53 - [MESSAGE][PASSED] - com.ct.qa.keywords.SecondaryDisplayKeywords.selectSecondaryDisplayRemark_WithDataVerification is PASSED

2019-01-11 17:02:53 - [MESSAGE][PASSED] - Call Test Case 'Test Cases/ShopOpen/RemainingMainCategories/SecondaryDisplay/SecondaryDisplay_VisitingScenarios/VisitSecondaryDisplayWith_DataVerification' successfully

2019-01-11 17:02:53 - [MESSAGE][PASSED] - com.ct.qa.keywords.RemainingMainCategoryRemarksVisitingScenariosKeywords.visitRemarksWith_DataVerification is PASSED

2019-01-11 17:02:53 - [TEST_STEP][PASSED] - tap(findTestObject("ShopOpen/RemainingMainCategories/BackButton", ["package":PACKAGENAME]), 0): Tapped on element 'Object Repository/ShopOpen/RemainingMainCategories/BackButton'

2019-01-11 17:02:53 - [MESSAGE][WARNING] - Timeout '0' is invalid. Using default page load timeout: '5'

2019-01-11 17:02:53 - [MESSAGE][PASSED] - Tapped on element 'Object Repository/ShopOpen/RemainingMainCategories/BackButton'

2019-01-11 17:02:53 - [TEST_STEP][PASSED] - verifyElementExist(findTestObject("ShopOpen/Validate_ShopCategoriesListScreen", ["package":PACKAGENAME]), 0): Element 'Object Repository/ShopOpen/Validate_ShopCategoriesListScreen' is exist

2019-01-11 17:02:53 - [MESSAGE][WARNING] - Timeout '0' is invalid. Using default page load timeout: '5'

2019-01-11 17:02:56 - [MESSAGE][PASSED] - Element 'Object Repository/ShopOpen/Validate_ShopCategoriesListScreen' is exist

2019-01-11 17:02:56 - [MESSAGE][PASSED] - Call Test Case 'Test Cases/ShopOpen/RemainingMainCategories/MainCategoryRemarksVisitingScenarios/VisitRemarksWith_DataVerification' successfully

2019-01-11 17:02:58 - [MESSAGE][PASSED] - Swiped from 0,293 to 0,200

2019-01-11 17:03:00 - [TEST_CASE][PASSED] - Test Cases/ShopOpen/RemainingMainCategories/MainCategoryRemarksVisitingScenarios/VisitRemarksWith_DataVerification: Test Cases/ShopOpen/RemainingMainCategories/MainCategoryRemarksVisitingScenarios/VisitRemarksWith_DataVerification

2019-01-11 17:03:00 - [TEST_STEP][PASSED] - verifyElementExist(findTestObject("ShopOpen/RemainingMainCategories/Validate_MainCategoryDetailActionScreen", ["package":PACKAGENAME]), 0): Element 'Object Repository/ShopOpen/RemainingMainCategories/Validate_MainCategoryDetailActionScreen' is exist

2019-01-11 17:03:00 - [MESSAGE][WARNING] - Timeout '0' is invalid. Using default page load timeout: '5'

2019-01-11 17:03:02 - [MESSAGE][PASSED] - Element 'Object Repository/ShopOpen/RemainingMainCategories/Validate_MainCategoryDetailActionScreen' is exist

2019-01-11 17:03:02 - [TEST_STEP][PASSED] - com.ct.qa.keywords.RemainingMainCategoryRemarksVisitingScenariosKeywords.visitRemarksWith_DataVerification(): com.ct.qa.keywords.RemainingMainCategoryRemarksVisitingScenariosKeywords.visitRemarksWith_DataVerification is PASSED

2019-01-11 17:03:05 - [TEST_CASE][PASSED] - Test Cases/ShopOpen/RemainingMainCategories/Availability/VisitAvailability_WithYesRemark: Test Cases/ShopOpen/RemainingMainCategories/Availability/VisitAvailability_WithYesRemark

2019-01-11 17:03:05 - [TEST_STEP][PASSED] - verifyElementExist(findTestObject("ShopOpen/RemainingMainCategories/_Availability/Validate_SubCategoriesScreen", ["package":PACKAGENAME]), 0): Element 'Object Repository/ShopOpen/RemainingMainCategories/_Availability/Validate_SubCategoriesScreen' is exist

2019-01-11 17:03:05 - [MESSAGE][WARNING] - Timeout '0' is invalid. Using default page load timeout: '5'

2019-01-11 17:03:07 - [MESSAGE][PASSED] - Element 'Object Repository/ShopOpen/RemainingMainCategories/_Availability/Validate_SubCategoriesScreen' is exist

2019-01-11 17:03:07 - [TEST_STEP][PASSED] - com.ct.qa.keywords.AvailabilityKeywords.visitAvailabilitySubCategories(1): com.ct.qa.keywords.AvailabilityKeywords.visitAvailabilitySubCategories is PASSED

2019-01-11 17:03:08 - [TEST_CASE][PASSED] - Test Cases/ShopOpen/RemainingMainCategories/Availability/VisitSubCategories_WithYesRemarks: Test Cases/ShopOpen/RemainingMainCategories/Availability/VisitSubCategories_WithYesRemarks

2019-01-11 17:03:08 - [TEST_STEP][PASSED] - verifyElementText(findTestObject("ShopOpen/RemainingMainCategories/_Availability/Validate_SubCategoryDetailScreen", ["package":PACKAGENAME]), "Availability"): Actual text and expected text of test object 'Object Repository/ShopOpen/RemainingMainCategories/_Availability/Validate_SubCategoryDetailScreen' are matched.

2019-01-11 17:03:10 - [MESSAGE][PASSED] - Actual text and expected text of test object 'Object Repository/ShopOpen/RemainingMainCategories/_Availability/Validate_SubCategoryDetailScreen' are matched.

2019-01-11 17:03:10 - [TEST_STEP][PASSED] - tap(findTestObject("ShopOpen/RemainingMainCategories/_Availability/Availability", ["package":PACKAGENAME]), 0): Tapped on element 'Object Repository/ShopOpen/RemainingMainCategories/_Availability/Availability'

2019-01-11 17:03:10 - [MESSAGE][WARNING] - Timeout '0' is invalid. Using default page load timeout: '5'

2019-01-11 17:03:11 - [MESSAGE][PASSED] - Tapped on element 'Object Repository/ShopOpen/RemainingMainCategories/_Availability/Availability'

2019-01-11 17:03:11 - [TEST_STEP][PASSED] - verifyElementText(findTestObject("ShopOpen/RemainingMainCategories/_Availability/Validate_ProductAvailabilityScreen", ["package":PACKAGENAME]), "Availability"): Actual text and expected text of test object 'Object Repository/ShopOpen/RemainingMainCategories/_Availability/Validate_ProductAvailabilityScreen' are matched.

2019-01-11 17:03:12 - [MESSAGE][PASSED] - Actual text and expected text of test object 'Object Repository/ShopOpen/RemainingMainCategories/_Availability/Validate_ProductAvailabilityScreen' are matched.

2019-01-11 17:03:12 - [TEST_STEP][PASSED] - com.ct.qa.keywords.AvailabilityKeywords.visitProductsAvailabilityWithYesRemarks(): com.ct.qa.keywords.AvailabilityKeywords.visitProductsAvailabilityWithYesRemarks is PASSED

2019-01-11 17:03:26 - [MESSAGE][PASSED] - Swiped from 0,275 to 0,200

2019-01-11 17:03:30 - [MESSAGE][PASSED] - Swiped from 0,274 to 0,200

2019-01-11 17:03:34 - [MESSAGE][PASSED] - Swiped from 0,275 to 0,200

2019-01-11 17:03:38 - [MESSAGE][PASSED] - Swiped from 0,274 to 0,200

2019-01-11 17:03:42 - [MESSAGE][PASSED] - Swiped from 0,275 to 0,200

2019-01-11 17:03:46 - [MESSAGE][PASSED] - Swiped from 0,274 to 0,200

2019-01-11 17:03:46 - [MESSAGE][PASSED] - com.ct.qa.keywords.AvailabilityKeywords.visitProductsAvailabilityWithYesRemarks is PASSED

2019-01-11 17:03:46 - [TEST_STEP][PASSED] - tap(findTestObject("ShopOpen/RemainingMainCategories/_Availability/ProductAvailability_SubmitButton", ["package":PACKAGENAME]), 0): Tapped on element 'Object Repository/ShopOpen/RemainingMainCategories/_Availability/ProductAvailability_SubmitButton'

2019-01-11 17:03:46 - [MESSAGE][WARNING] - Timeout '0' is invalid. Using default page load timeout: '5'

2019-01-11 17:03:47 - [MESSAGE][PASSED] - Tapped on element 'Object Repository/ShopOpen/RemainingMainCategories/_Availability/ProductAvailability_SubmitButton'

2019-01-11 17:03:47 - [TEST_STEP][PASSED] - verifyElementText(findTestObject("ShopOpen/RemainingMainCategories/_Availability/Validate_SubCategoryDetailScreen", ["package":PACKAGENAME]), "Availability"): Actual text and expected text of test object 'Object Repository/ShopOpen/RemainingMainCategories/_Availability/Validate_SubCategoryDetailScreen' are matched.

2019-01-11 17:03:48 - [MESSAGE][PASSED] - Actual text and expected text of test object 'Object Repository/ShopOpen/RemainingMainCategories/_Availability/Validate_SubCategoryDetailScreen' are matched.

2019-01-11 17:03:48 - [TEST_STEP][PASSED] - pressBack(): Press back button successfully

2019-01-11 17:03:48 - [MESSAGE][PASSED] - Press back button successfully

2019-01-11 17:03:48 - [TEST_STEP][PASSED] - verifyElementExist(findTestObject("ShopOpen/RemainingMainCategories/_Availability/Validate_SubCategoriesScreen", ["package":PACKAGENAME]), 0): Element 'Object Repository/ShopOpen/RemainingMainCategories/_Availability/Validate_SubCategoriesScreen' is exist

2019-01-11 17:03:48 - [MESSAGE][WARNING] - Timeout '0' is invalid. Using default page load timeout: '5'

2019-01-11 17:03:49 - [MESSAGE][PASSED] - Element 'Object Repository/ShopOpen/RemainingMainCategories/_Availability/Validate_SubCategoriesScreen' is exist

2019-01-11 17:03:49 - [MESSAGE][PASSED] - Call Test Case 'Test Cases/ShopOpen/RemainingMainCategories/Availability/VisitSubCategories_WithYesRemarks' successfully

2019-01-11 17:03:49 - [MESSAGE][PASSED] - com.ct.qa.keywords.AvailabilityKeywords.visitAvailabilitySubCategories is PASSED

2019-01-11 17:03:49 - [TEST_STEP][PASSED] - pressBack(): Press back button successfully

2019-01-11 17:03:51 - [MESSAGE][PASSED] - Press back button successfully

2019-01-11 17:03:51 - [TEST_STEP][PASSED] - verifyElementExist(findTestObject("ShopOpen/RemainingMainCategories/Validate_MainCategoryDetailActionScreen", ["package":PACKAGENAME]), 0): Element 'Object Repository/ShopOpen/RemainingMainCategories/Validate_MainCategoryDetailActionScreen' is exist

2019-01-11 17:03:51 - [MESSAGE][WARNING] - Timeout '0' is invalid. Using default page load timeout: '5'

2019-01-11 17:03:53 - [MESSAGE][PASSED] - Element 'Object Repository/ShopOpen/RemainingMainCategories/Validate_MainCategoryDetailActionScreen' is exist

2019-01-11 17:03:53 - [MESSAGE][PASSED] - Call Test Case 'Test Cases/ShopOpen/RemainingMainCategories/Availability/VisitAvailability_WithYesRemark' successfully

2019-01-11 17:03:53 - [TEST_CASE][PASSED] - Test Cases/ShopOpen/RemainingMainCategories/PrimaryDisplay/VisitPrimaryDisplayWith_DataVerification: Test Cases/ShopOpen/RemainingMainCategories/PrimaryDisplay/VisitPrimaryDisplayWith_DataVerification

2019-01-11 17:03:53 - [TEST_STEP][PASSED] - verifyElementExist(findTestObject("ShopOpen/RemainingMainCategories/PrimaryDisplay/Validate_PrimaryDisplayRemarksScreen", ["package":PACKAGENAME]), 0): Element 'Object Repository/ShopOpen/RemainingMainCategories/PrimaryDisplay/Validate_PrimaryDisplayRemarksScreen' is exist

2019-01-11 17:03:53 - [MESSAGE][WARNING] - Timeout '0' is invalid. Using default page load timeout: '5'

2019-01-11 17:03:56 - [MESSAGE][PASSED] - Element 'Object Repository/ShopOpen/RemainingMainCategories/PrimaryDisplay/Validate_PrimaryDisplayRemarksScreen' is exist

2019-01-11 17:03:56 - [TEST_STEP][PASSED] - com.ct.qa.keywords.PrimaryDisplayKeywords.selectPrimaryDisplayRemark_ForDataVerfication(): com.ct.qa.keywords.PrimaryDisplayKeywords.selectPrimaryDisplayRemark_ForDataVerfication is PASSED

2019-01-11 17:03:59 - [MESSAGE][WARNING] - Timeout '0' is invalid. Using default page load timeout: '5'

2019-01-11 17:04:00 - [MESSAGE][PASSED] - Element 'Object Repository/CommonScreenElements/Validate_CameraScreen' is exist

2019-01-11 17:04:00 - [MESSAGE][WARNING] - Timeout '0' is invalid. Using default page load timeout: '5'

2019-01-11 17:04:03 - [MESSAGE][PASSED] - Tapped on element 'Object Repository/CommonScreenElements/TakePictureButton'

2019-01-11 17:04:08 - [MESSAGE][PASSED] - Delayed 5 second(s)

2019-01-11 17:04:08 - [MESSAGE][WARNING] - Timeout '0' is invalid. Using default page load timeout: '5'

2019-01-11 17:04:10 - [MESSAGE][PASSED] - Tapped on element 'Object Repository/CommonScreenElements/DoneButton'

2019-01-11 17:04:10 - [TEST_CASE][PASSED] - Test Cases/ShopOpen/RemainingMainCategories/PrimaryDisplay/DisplaySpaceAvailable/VisitDSA: Test Cases/ShopOpen/RemainingMainCategories/PrimaryDisplay/DisplaySpaceAvailable/VisitDSA

2019-01-11 17:04:10 - [TEST_STEP][PASSED] - verifyElementExist(findTestObject("ShopOpen/RemainingMainCategories/PrimaryDisplay/DisplaySpaceAvailable/Validate_SubCategoriesScreen", ["package":PACKAGENAME]), 0): Element 'Object Repository/ShopOpen/RemainingMainCategories/PrimaryDisplay/DisplaySpaceAvailable/Validate_SubCategoriesScreen' is exist

2019-01-11 17:04:10 - [MESSAGE][WARNING] - Timeout '0' is invalid. Using default page load timeout: '5'

2019-01-11 17:04:10 - [MESSAGE][PASSED] - Element 'Object Repository/ShopOpen/RemainingMainCategories/PrimaryDisplay/DisplaySpaceAvailable/Validate_SubCategoriesScreen' is exist

2019-01-11 17:04:10 - [TEST_STEP][PASSED] - com.ct.qa.keywords.PrimaryDisplayKeywords.visitPrimaryDisplay_WithDSASubCategories(1): com.ct.qa.keywords.PrimaryDisplayKeywords.visitPrimaryDisplay_WithDSASubCategories is PASSED

2019-01-11 17:04:12 - [TEST_CASE][PASSED] - Test Cases/ShopOpen/RemainingMainCategories/PrimaryDisplay/DisplaySpaceAvailable/VisitDSA_SubCategories: Test Cases/ShopOpen/RemainingMainCategories/PrimaryDisplay/DisplaySpaceAvailable/VisitDSA_SubCategories

2019-01-11 17:04:12 - [TEST_STEP][PASSED] - verifyElementText(findTestObject("ShopOpen/RemainingMainCategories/PrimaryDisplay/DisplaySpaceAvailable/Validate_ShareOfShelfScreen", ["package":PACKAGENAME]), "Share of shelf"): Actual text and expected text of test object 'Object Repository/ShopOpen/RemainingMainCategories/PrimaryDisplay/DisplaySpaceAvailable/Validate_ShareOfShelfScreen' are matched.

2019-01-11 17:04:14 - [MESSAGE][PASSED] - Actual text and expected text of test object 'Object Repository/ShopOpen/RemainingMainCategories/PrimaryDisplay/DisplaySpaceAvailable/Validate_ShareOfShelfScreen' are matched.

2019-01-11 17:04:14 - [TEST_STEP][PASSED] - tap(findTestObject("ShopOpen/RemainingMainCategories/PrimaryDisplay/DisplaySpaceAvailable/ShareOfShelf", ["package":PACKAGENAME]), 0): Tapped on element 'Object Repository/ShopOpen/RemainingMainCategories/PrimaryDisplay/DisplaySpaceAvailable/ShareOfShelf'

2019-01-11 17:04:14 - [MESSAGE][WARNING] - Timeout '0' is invalid. Using default page load timeout: '5'

2019-01-11 17:04:14 - [MESSAGE][PASSED] - Tapped on element 'Object Repository/ShopOpen/RemainingMainCategories/PrimaryDisplay/DisplaySpaceAvailable/ShareOfShelf'

2019-01-11 17:04:14 - [TEST_STEP][PASSED] - verifyElementText(findTestObject("ShopOpen/RemainingMainCategories/PrimaryDisplay/DisplaySpaceAvailable/Validate_ShareOfShelfProductsScreen", ["package":PACKAGENAME]), "Share of shelf"): Actual text and expected text of test object 'Object Repository/ShopOpen/RemainingMainCategories/PrimaryDisplay/DisplaySpaceAvailable/Validate_ShareOfShelfProductsScreen' are matched.

2019-01-11 17:04:16 - [MESSAGE][PASSED] - Actual text and expected text of test object 'Object Repository/ShopOpen/RemainingMainCategories/PrimaryDisplay/DisplaySpaceAvailable/Validate_ShareOfShelfProductsScreen' are matched.

2019-01-11 17:04:16 - [TEST_STEP][PASSED] - com.ct.qa.keywords.PrimaryDisplayKeywords.visitDSA_Products(DISPLAYSPACEAVAILABLE): com.ct.qa.keywords.PrimaryDisplayKeywords.visitDSA_Products is PASSED

2019-01-11 17:04:20 - [MESSAGE][PASSED] - Keyboard is hidden

2019-01-11 17:04:23 - [MESSAGE][PASSED] - Keyboard is hidden

2019-01-11 17:04:26 - [MESSAGE][PASSED] - Keyboard is hidden

2019-01-11 17:04:29 - [MESSAGE][PASSED] - Keyboard is hidden

2019-01-11 17:04:32 - [MESSAGE][PASSED] - Keyboard is hidden

2019-01-11 17:04:35 - [MESSAGE][PASSED] - Keyboard is hidden

2019-01-11 17:04:38 - [MESSAGE][PASSED] - Swiped from 117,359 to 117,250

2019-01-11 17:04:41 - [MESSAGE][PASSED] - Keyboard is hidden

2019-01-11 17:04:43 - [MESSAGE][PASSED] - Swiped from 117,359 to 117,250

2019-01-11 17:04:46 - [MESSAGE][PASSED] - Keyboard is hidden

2019-01-11 17:04:48 - [MESSAGE][PASSED] - Swiped from 117,359 to 117,250

2019-01-11 17:04:51 - [MESSAGE][PASSED] - Keyboard is hidden

2019-01-11 17:04:53 - [MESSAGE][PASSED] - Swiped from 117,359 to 117,250

2019-01-11 17:04:56 - [MESSAGE][PASSED] - Keyboard is hidden

2019-01-11 17:04:58 - [MESSAGE][PASSED] - Swiped from 117,359 to 117,250

2019-01-11 17:05:01 - [MESSAGE][PASSED] - Keyboard is hidden

2019-01-11 17:05:03 - [MESSAGE][PASSED] - Swiped from 117,359 to 117,250

2019-01-11 17:05:06 - [MESSAGE][PASSED] - Keyboard is hidden

2019-01-11 17:05:08 - [MESSAGE][PASSED] - Swiped from 117,359 to 117,250

2019-01-11 17:05:11 - [MESSAGE][PASSED] - Keyboard is hidden

2019-01-11 17:05:13 - [MESSAGE][PASSED] - Swiped from 117,359 to 117,250

2019-01-11 17:05:16 - [MESSAGE][PASSED] - Keyboard is hidden

2019-01-11 17:05:18 - [MESSAGE][PASSED] - Swiped from 117,359 to 117,250

2019-01-11 17:05:19 - [MESSAGE][PASSED] - com.ct.qa.keywords.PrimaryDisplayKeywords.visitDSA_Products is PASSED

2019-01-11 17:05:19 - [TEST_STEP][PASSED] - tap(findTestObject("ShopOpen/RemainingMainCategories/PrimaryDisplay/DisplaySpaceAvailable/SubmitButton", ["package":PACKAGENAME]), 0): Tapped on element 'Object Repository/ShopOpen/RemainingMainCategories/PrimaryDisplay/DisplaySpaceAvailable/SubmitButton'

2019-01-11 17:05:19 - [MESSAGE][WARNING] - Timeout '0' is invalid. Using default page load timeout: '5'

2019-01-11 17:05:19 - [MESSAGE][PASSED] - Tapped on element 'Object Repository/ShopOpen/RemainingMainCategories/PrimaryDisplay/DisplaySpaceAvailable/SubmitButton'

2019-01-11 17:05:19 - [TEST_STEP][PASSED] - verifyElementText(findTestObject("ShopOpen/RemainingMainCategories/PrimaryDisplay/DisplaySpaceAvailable/Validate_AlertScreen", ["package":PACKAGENAME]), "Alert"): Actual text and expected text of test object 'Object Repository/ShopOpen/RemainingMainCategories/PrimaryDisplay/DisplaySpaceAvailable/Validate_AlertScreen' are matched.

2019-01-11 17:05:21 - [MESSAGE][PASSED] - Actual text and expected text of test object 'Object Repository/ShopOpen/RemainingMainCategories/PrimaryDisplay/DisplaySpaceAvailable/Validate_AlertScreen' are matched.

2019-01-11 17:05:21 - [TEST_STEP][PASSED] - tap(findTestObject("ShopOpen/RemainingMainCategories/PrimaryDisplay/DisplaySpaceAvailable/Alert_SaveButton", ["package":PACKAGENAME]), 0): Tapped on element 'Object Repository/ShopOpen/RemainingMainCategories/PrimaryDisplay/DisplaySpaceAvailable/Alert_SaveButton'

2019-01-11 17:05:21 - [MESSAGE][WARNING] - Timeout '0' is invalid. Using default page load timeout: '5'

2019-01-11 17:05:21 - [MESSAGE][PASSED] - Tapped on element 'Object Repository/ShopOpen/RemainingMainCategories/PrimaryDisplay/DisplaySpaceAvailable/Alert_SaveButton'

2019-01-11 17:05:21 - [TEST_STEP][PASSED] - verifyElementText(findTestObject("ShopOpen/RemainingMainCategories/PrimaryDisplay/DisplaySpaceAvailable/Validate_ShareOfShelfScreen", ["package":PACKAGENAME]), "Share of shelf"): Actual text and expected text of test object 'Object Repository/ShopOpen/RemainingMainCategories/PrimaryDisplay/DisplaySpaceAvailable/Validate_ShareOfShelfScreen' are matched.

2019-01-11 17:05:22 - [MESSAGE][PASSED] - Actual text and expected text of test object 'Object Repository/ShopOpen/RemainingMainCategories/PrimaryDisplay/DisplaySpaceAvailable/Validate_ShareOfShelfScreen' are matched.

2019-01-11 17:05:22 - [TEST_STEP][PASSED] - tap(findTestObject("ShopOpen/RemainingMainCategories/PrimaryDisplay/DisplaySpaceAvailable/ShareofShelf_BackButton", ["package":PACKAGENAME]), 0): Tapped on element 'Object Repository/ShopOpen/RemainingMainCategories/PrimaryDisplay/DisplaySpaceAvailable/ShareofShelf_BackButton'

2019-01-11 17:05:22 - [MESSAGE][WARNING] - Timeout '0' is invalid. Using default page load timeout: '5'

2019-01-11 17:05:22 - [MESSAGE][PASSED] - Tapped on element 'Object Repository/ShopOpen/RemainingMainCategories/PrimaryDisplay/DisplaySpaceAvailable/ShareofShelf_BackButton'

2019-01-11 17:05:22 - [TEST_STEP][PASSED] - verifyElementExist(findTestObject("ShopOpen/RemainingMainCategories/PrimaryDisplay/DisplaySpaceAvailable/Validate_SubCategoriesScreen", ["package":PACKAGENAME]), 0): Element 'Object Repository/ShopOpen/RemainingMainCategories/PrimaryDisplay/DisplaySpaceAvailable/Validate_SubCategoriesScreen' is exist

2019-01-11 17:05:22 - [MESSAGE][WARNING] - Timeout '0' is invalid. Using default page load timeout: '5'

2019-01-11 17:05:23 - [MESSAGE][PASSED] - Element 'Object Repository/ShopOpen/RemainingMainCategories/PrimaryDisplay/DisplaySpaceAvailable/Validate_SubCategoriesScreen' is exist

2019-01-11 17:05:23 - [MESSAGE][PASSED] - Call Test Case 'Test Cases/ShopOpen/RemainingMainCategories/PrimaryDisplay/DisplaySpaceAvailable/VisitDSA_SubCategories' successfully

2019-01-11 17:05:23 - [MESSAGE][PASSED] - com.ct.qa.keywords.PrimaryDisplayKeywords.visitPrimaryDisplay_WithDSASubCategories is PASSED

2019-01-11 17:05:23 - [TEST_STEP][PASSED] - com.ct.qa.keywords.CommonKeywords.findPlanogramImageView(): com.ct.qa.keywords.CommonKeywords.findPlanogramImageView is PASSED

2019-01-11 17:05:25 - [MESSAGE][WARNING] - Timeout '0' is invalid. Using default page load timeout: '5'

2019-01-11 17:05:32 - [MESSAGE][WARNING] - Object Object Repository/CommonScreenElements/InfoPopUp_OKButton not found
[[ATTACHMENT|F:\\Git Projects\\PnG_Merchandising\\PnG_Merchandising\\Reports\\PnG Merchandising With Channel Wise Data Verification\\20190111_162651\\1547208330758.png]]

2019-01-11 17:05:32 - [MESSAGE][PASSED] - com.ct.qa.keywords.CommonKeywords.findPlanogramImageView is PASSED

2019-01-11 17:05:32 - [TEST_STEP][PASSED] - verifyElementExist(findTestObject("ShopOpen/RemainingMainCategories/PrimaryDisplay/DisplaySpaceAvailable/Validate_SubCategoriesScreen", ["package":PACKAGENAME]), 0): Element 'Object Repository/ShopOpen/RemainingMainCategories/PrimaryDisplay/DisplaySpaceAvailable/Validate_SubCategoriesScreen' is exist

2019-01-11 17:05:32 - [MESSAGE][WARNING] - Timeout '0' is invalid. Using default page load timeout: '5'

2019-01-11 17:05:33 - [MESSAGE][PASSED] - Element 'Object Repository/ShopOpen/RemainingMainCategories/PrimaryDisplay/DisplaySpaceAvailable/Validate_SubCategoriesScreen' is exist

2019-01-11 17:05:33 - [TEST_STEP][PASSED] - com.ct.qa.keywords.CommonKeywords.findPictureImageView(): com.ct.qa.keywords.CommonKeywords.findPictureImageView is PASSED

2019-01-11 17:05:34 - [MESSAGE][WARNING] - Timeout '0' is invalid. Using default page load timeout: '5'

2019-01-11 17:05:36 - [MESSAGE][PASSED] - Element 'Object Repository/CommonScreenElements/Validate_CameraScreen' is exist

2019-01-11 17:05:36 - [MESSAGE][WARNING] - Timeout '0' is invalid. Using default page load timeout: '5'

2019-01-11 17:05:40 - [MESSAGE][PASSED] - Tapped on element 'Object Repository/CommonScreenElements/TakePictureButton'

2019-01-11 17:05:45 - [MESSAGE][PASSED] - Delayed 5 second(s)

2019-01-11 17:05:45 - [MESSAGE][WARNING] - Timeout '0' is invalid. Using default page load timeout: '5'

2019-01-11 17:05:46 - [MESSAGE][PASSED] - Tapped on element 'Object Repository/CommonScreenElements/DoneButton'

2019-01-11 17:05:46 - [MESSAGE][PASSED] - com.ct.qa.keywords.CommonKeywords.findPictureImageView is PASSED

2019-01-11 17:05:46 - [TEST_STEP][PASSED] - verifyElementExist(findTestObject("ShopOpen/RemainingMainCategories/PrimaryDisplay/DisplaySpaceAvailable/Validate_SubCategoriesScreen", ["package":PACKAGENAME]), 0): Element 'Object Repository/ShopOpen/RemainingMainCategories/PrimaryDisplay/DisplaySpaceAvailable/Validate_SubCategoriesScreen' is exist

2019-01-11 17:05:46 - [MESSAGE][WARNING] - Timeout '0' is invalid. Using default page load timeout: '5'

2019-01-11 17:05:46 - [MESSAGE][PASSED] - Element 'Object Repository/ShopOpen/RemainingMainCategories/PrimaryDisplay/DisplaySpaceAvailable/Validate_SubCategoriesScreen' is exist

2019-01-11 17:05:46 - [TEST_STEP][PASSED] - com.ct.qa.keywords.CommonKeywords.findBackButtonImageView(): com.ct.qa.keywords.CommonKeywords.findBackButtonImageView is PASSED

2019-01-11 17:05:48 - [MESSAGE][PASSED] - com.ct.qa.keywords.CommonKeywords.findBackButtonImageView is PASSED

2019-01-11 17:05:48 - [TEST_STEP][PASSED] - verifyElementExist(findTestObject("ShopOpen/RemainingMainCategories/Validate_MainCategoryDetailActionScreen", ["package":PACKAGENAME]), 0): Element 'Object Repository/ShopOpen/RemainingMainCategories/Validate_MainCategoryDetailActionScreen' is exist

2019-01-11 17:05:48 - [MESSAGE][WARNING] - Timeout '0' is invalid. Using default page load timeout: '5'

2019-01-11 17:05:49 - [MESSAGE][PASSED] - Element 'Object Repository/ShopOpen/RemainingMainCategories/Validate_MainCategoryDetailActionScreen' is exist

2019-01-11 17:05:49 - [MESSAGE][PASSED] - Call Test Case 'Test Cases/ShopOpen/RemainingMainCategories/PrimaryDisplay/DisplaySpaceAvailable/VisitDSA' successfully

2019-01-11 17:05:49 - [MESSAGE][PASSED] - com.ct.qa.keywords.PrimaryDisplayKeywords.selectPrimaryDisplayRemark_ForDataVerfication is PASSED

2019-01-11 17:05:49 - [MESSAGE][PASSED] - Call Test Case 'Test Cases/ShopOpen/RemainingMainCategories/PrimaryDisplay/VisitPrimaryDisplayWith_DataVerification' successfully

2019-01-11 17:05:49 - [TEST_CASE][PASSED] - Test Cases/ShopOpen/RemainingMainCategories/SecondaryDisplay/SecondaryDisplay_VisitingScenarios/VisitSecondaryDisplayWith_DataVerification: Test Cases/ShopOpen/RemainingMainCategories/SecondaryDisplay/SecondaryDisplay_VisitingScenarios/VisitSecondaryDisplayWith_DataVerification

2019-01-11 17:05:49 - [TEST_STEP][PASSED] - verifyElementExist(findTestObject("ShopOpen/RemainingMainCategories/SecondaryDisplay/Validate_SecondaryDisplayRemarksScreen", ["package":PACKAGENAME]), 0): Element 'Object Repository/ShopOpen/RemainingMainCategories/SecondaryDisplay/Validate_SecondaryDisplayRemarksScreen' is exist

2019-01-11 17:05:49 - [MESSAGE][WARNING] - Timeout '0' is invalid. Using default page load timeout: '5'

2019-01-11 17:05:52 - [MESSAGE][PASSED] - Element 'Object Repository/ShopOpen/RemainingMainCategories/SecondaryDisplay/Validate_SecondaryDisplayRemarksScreen' is exist

2019-01-11 17:05:52 - [TEST_STEP][PASSED] - com.ct.qa.keywords.SecondaryDisplayKeywords.selectSecondaryDisplayRemark_WithDataVerification(): com.ct.qa.keywords.SecondaryDisplayKeywords.selectSecondaryDisplayRemark_WithDataVerification is PASSED

2019-01-11 17:05:53 - [TEST_CASE][PASSED] - Test Cases/ShopOpen/RemainingMainCategories/SecondaryDisplay/Available/VisitSecondaryDisplayAvailable: Test Cases/ShopOpen/RemainingMainCategories/SecondaryDisplay/Available/VisitSecondaryDisplayAvailable

2019-01-11 17:05:53 - [TEST_STEP][PASSED] - verifyElementText(findTestObject("ShopOpen/RemainingMainCategories/SecondaryDisplay/Available/Validate_UnitsScreen"), "Units"): Actual text and expected text of test object 'Object Repository/ShopOpen/RemainingMainCategories/SecondaryDisplay/Available/Validate_UnitsScreen' are matched.

2019-01-11 17:05:54 - [MESSAGE][PASSED] - Actual text and expected text of test object 'Object Repository/ShopOpen/RemainingMainCategories/SecondaryDisplay/Available/Validate_UnitsScreen' are matched.

2019-01-11 17:05:54 - [TEST_STEP][PASSED] - com.ct.qa.keywords.SecondaryDisplayKeywords.enterUnitsForSecondaryDisplay(): com.ct.qa.keywords.SecondaryDisplayKeywords.enterUnitsForSecondaryDisplay is PASSED

2019-01-11 17:05:57 - [MESSAGE][PASSED] - Keyboard is hidden

2019-01-11 17:05:59 - [MESSAGE][PASSED] - Keyboard is hidden

2019-01-11 17:05:59 - [MESSAGE][PASSED] - com.ct.qa.keywords.SecondaryDisplayKeywords.enterUnitsForSecondaryDisplay is PASSED

2019-01-11 17:05:59 - [TEST_STEP][PASSED] - tap(findTestObject("ShopOpen/RemainingMainCategories/SecondaryDisplay/Available/Units_SubmitButton", ["package":PACKAGENAME]), 0): Tapped on element 'Object Repository/ShopOpen/RemainingMainCategories/SecondaryDisplay/Available/Units_SubmitButton'

2019-01-11 17:05:59 - [MESSAGE][WARNING] - Timeout '0' is invalid. Using default page load timeout: '5'

2019-01-11 17:06:00 - [MESSAGE][PASSED] - Tapped on element 'Object Repository/ShopOpen/RemainingMainCategories/SecondaryDisplay/Available/Units_SubmitButton'

2019-01-11 17:06:00 - [TEST_STEP][PASSED] - verifyElementExist(findTestObject("ShopOpen/RemainingMainCategories/SecondaryDisplay/Available/Validate_UnitsListScreen", ["package":PACKAGENAME]), 0): Element 'Object Repository/ShopOpen/RemainingMainCategories/SecondaryDisplay/Available/Validate_UnitsListScreen' is exist

2019-01-11 17:06:00 - [MESSAGE][WARNING] - Timeout '0' is invalid. Using default page load timeout: '5'

2019-01-11 17:06:02 - [MESSAGE][PASSED] - Element 'Object Repository/ShopOpen/RemainingMainCategories/SecondaryDisplay/Available/Validate_UnitsListScreen' is exist

2019-01-11 17:06:02 - [TEST_STEP][PASSED] - com.ct.qa.keywords.SecondaryDisplayKeywords.visitSecondaryDisplayUnitsList(): com.ct.qa.keywords.SecondaryDisplayKeywords.visitSecondaryDisplayUnitsList is PASSED

2019-01-11 17:06:05 - [TEST_CASE][PASSED] - Test Cases/ShopOpen/RemainingMainCategories/SecondaryDisplay/Available/VisitAvailableWith_DisplayUnitNeedMaintenance: Test Cases/ShopOpen/RemainingMainCategories/SecondaryDisplay/Available/VisitAvailableWith_DisplayUnitNeedMaintenance

2019-01-11 17:06:05 - [TEST_STEP][PASSED] - verifyElementExist(findTestObject("CommonScreenElements/Validate_CameraScreen", ["package":PACKAGENAME]), 0): Element 'Object Repository/CommonScreenElements/Validate_CameraScreen' is exist

2019-01-11 17:06:05 - [MESSAGE][WARNING] - Timeout '0' is invalid. Using default page load timeout: '5'

2019-01-11 17:06:05 - [MESSAGE][PASSED] - Element 'Object Repository/CommonScreenElements/Validate_CameraScreen' is exist

2019-01-11 17:06:05 - [TEST_STEP][PASSED] - tap(findTestObject("CommonScreenElements/TakePictureButton", ["package":PACKAGENAME]), 0): Tapped on element 'Object Repository/CommonScreenElements/TakePictureButton'

2019-01-11 17:06:05 - [MESSAGE][WARNING] - Timeout '0' is invalid. Using default page load timeout: '5'

2019-01-11 17:06:08 - [MESSAGE][PASSED] - Tapped on element 'Object Repository/CommonScreenElements/TakePictureButton'

2019-01-11 17:06:08 - [TEST_STEP][PASSED] - delay(5, STOP_ON_FAILURE): Delayed 5 second(s)

2019-01-11 17:06:13 - [MESSAGE][PASSED] - Delayed 5 second(s)

2019-01-11 17:06:13 - [TEST_STEP][PASSED] - tap(findTestObject("CommonScreenElements/DoneButton", ["package":PACKAGENAME]), 0): Tapped on element 'Object Repository/CommonScreenElements/DoneButton'

2019-01-11 17:06:13 - [MESSAGE][WARNING] - Timeout '0' is invalid. Using default page load timeout: '5'

2019-01-11 17:06:14 - [MESSAGE][PASSED] - Tapped on element 'Object Repository/CommonScreenElements/DoneButton'

2019-01-11 17:06:14 - [TEST_STEP][PASSED] - verifyElementExist(findTestObject("ShopOpen/RemainingMainCategories/SecondaryDisplay/Available/Validate_AvailableRemarksScreen", ["package":PACKAGENAME]), 0): Element 'Object Repository/ShopOpen/RemainingMainCategories/SecondaryDisplay/Available/Validate_AvailableRemarksScreen' is exist

2019-01-11 17:06:14 - [MESSAGE][WARNING] - Timeout '0' is invalid. Using default page load timeout: '5'

2019-01-11 17:06:16 - [MESSAGE][PASSED] - Element 'Object Repository/ShopOpen/RemainingMainCategories/SecondaryDisplay/Available/Validate_AvailableRemarksScreen' is exist

2019-01-11 17:06:16 - [TEST_STEP][PASSED] - com.ct.qa.keywords.SecondaryDisplayKeywords.selectSecondaryDisplay_AvailableRemark("Display Unit Need Maintenance", 1): com.ct.qa.keywords.SecondaryDisplayKeywords.selectSecondaryDisplay_AvailableRemark is PASSED

2019-01-11 17:06:17 - [MESSAGE][WARNING] - Timeout '0' is invalid. Using default page load timeout: '5'

2019-01-11 17:06:19 - [MESSAGE][PASSED] - Element 'Object Repository/ShopOpen/RemainingMainCategories/SecondaryDisplay/Available/Validate_SecondaryDisplay_available_remarksScreen' is exist

2019-01-11 17:06:19 - [MESSAGE][PASSED] - com.ct.qa.keywords.SecondaryDisplayKeywords.selectSecondaryDisplay_AvailableRemark is PASSED

2019-01-11 17:06:19 - [TEST_STEP][PASSED] - tap(findTestObject("ShopOpen/RemainingMainCategories/SecondaryDisplay/Available/DUNM_CategoryRemarks_BackButton", ["package":PACKAGENAME]), 0): Tapped on element 'Object Repository/ShopOpen/RemainingMainCategories/SecondaryDisplay/Available/DUNM_CategoryRemarks_BackButton'

2019-01-11 17:06:19 - [MESSAGE][WARNING] - Timeout '0' is invalid. Using default page load timeout: '5'

2019-01-11 17:06:20 - [MESSAGE][PASSED] - Tapped on element 'Object Repository/ShopOpen/RemainingMainCategories/SecondaryDisplay/Available/DUNM_CategoryRemarks_BackButton'

2019-01-11 17:06:20 - [TEST_STEP][PASSED] - verifyElementExist(findTestObject("ShopOpen/RemainingMainCategories/SecondaryDisplay/Available/Validate_AvailableRemarksScreen", ["package":PACKAGENAME]), 0): Element 'Object Repository/ShopOpen/RemainingMainCategories/SecondaryDisplay/Available/Validate_AvailableRemarksScreen' is exist

2019-01-11 17:06:20 - [MESSAGE][WARNING] - Timeout '0' is invalid. Using default page load timeout: '5'

2019-01-11 17:06:21 - [MESSAGE][PASSED] - Element 'Object Repository/ShopOpen/RemainingMainCategories/SecondaryDisplay/Available/Validate_AvailableRemarksScreen' is exist

2019-01-11 17:06:21 - [TEST_STEP][PASSED] - tap(findTestObject("ShopOpen/RemainingMainCategories/SecondaryDisplay/Available/AvailableRemarks_BackButton", ["package":PACKAGENAME]), 0): Tapped on element 'Object Repository/ShopOpen/RemainingMainCategories/SecondaryDisplay/Available/AvailableRemarks_BackButton'

2019-01-11 17:06:21 - [MESSAGE][WARNING] - Timeout '0' is invalid. Using default page load timeout: '5'

2019-01-11 17:06:22 - [MESSAGE][PASSED] - Tapped on element 'Object Repository/ShopOpen/RemainingMainCategories/SecondaryDisplay/Available/AvailableRemarks_BackButton'

2019-01-11 17:06:22 - [TEST_STEP][PASSED] - verifyElementText(findTestObject("ShopOpen/RemainingMainCategories/SecondaryDisplay/Available/Validate_UtilizationPopUpScreen", ["package":PACKAGENAME]), "Utilization"): Actual text and expected text of test object 'Object Repository/ShopOpen/RemainingMainCategories/SecondaryDisplay/Available/Validate_UtilizationPopUpScreen' are matched.

2019-01-11 17:06:23 - [MESSAGE][PASSED] - Actual text and expected text of test object 'Object Repository/ShopOpen/RemainingMainCategories/SecondaryDisplay/Available/Validate_UtilizationPopUpScreen' are matched.

2019-01-11 17:06:23 - [TEST_STEP][PASSED] - com.ct.qa.keywords.SecondaryDisplayKeywords.enterUtilizationForSecondaryDisplay(1): com.ct.qa.keywords.SecondaryDisplayKeywords.enterUtilizationForSecondaryDisplay is PASSED

2019-01-11 17:06:28 - [MESSAGE][PASSED] - com.ct.qa.keywords.SecondaryDisplayKeywords.enterUtilizationForSecondaryDisplay is PASSED

2019-01-11 17:06:28 - [TEST_STEP][PASSED] - hideKeyboard(): Keyboard is hidden

2019-01-11 17:06:29 - [MESSAGE][PASSED] - Keyboard is hidden

2019-01-11 17:06:29 - [TEST_STEP][PASSED] - tap(findTestObject("ShopOpen/RemainingMainCategories/SecondaryDisplay/Available/Utilization_SubmitButton", ["package":PACKAGENAME]), 0, STOP_ON_FAILURE): Tapped on element 'Object Repository/ShopOpen/RemainingMainCategories/SecondaryDisplay/Available/Utilization_SubmitButton'

2019-01-11 17:06:29 - [MESSAGE][WARNING] - Timeout '0' is invalid. Using default page load timeout: '5'

2019-01-11 17:06:30 - [MESSAGE][PASSED] - Tapped on element 'Object Repository/ShopOpen/RemainingMainCategories/SecondaryDisplay/Available/Utilization_SubmitButton'

2019-01-11 17:06:30 - [TEST_STEP][PASSED] - verifyElementExist(findTestObject("ShopOpen/RemainingMainCategories/SecondaryDisplay/Available/Validate_UnitsListScreen", ["package":PACKAGENAME]), 0): Element 'Object Repository/ShopOpen/RemainingMainCategories/SecondaryDisplay/Available/Validate_UnitsListScreen' is exist

2019-01-11 17:06:30 - [MESSAGE][WARNING] - Timeout '0' is invalid. Using default page load timeout: '5'

2019-01-11 17:06:30 - [MESSAGE][PASSED] - Element 'Object Repository/ShopOpen/RemainingMainCategories/SecondaryDisplay/Available/Validate_UnitsListScreen' is exist

2019-01-11 17:06:30 - [MESSAGE][PASSED] - Call Test Case 'Test Cases/ShopOpen/RemainingMainCategories/SecondaryDisplay/Available/VisitAvailableWith_DisplayUnitNeedMaintenance' successfully

2019-01-11 17:06:32 - [TEST_CASE][PASSED] - Test Cases/ShopOpen/RemainingMainCategories/SecondaryDisplay/Available/VisitAvailableWith_SKDNA: Test Cases/ShopOpen/RemainingMainCategories/SecondaryDisplay/Available/VisitAvailableWith_SKDNA

2019-01-11 17:06:32 - [TEST_STEP][PASSED] - verifyElementExist(findTestObject("CommonScreenElements/Validate_CameraScreen", ["package":PACKAGENAME]), 0): Element 'Object Repository/CommonScreenElements/Validate_CameraScreen' is exist

2019-01-11 17:06:32 - [MESSAGE][WARNING] - Timeout '0' is invalid. Using default page load timeout: '5'

2019-01-11 17:06:33 - [MESSAGE][PASSED] - Element 'Object Repository/CommonScreenElements/Validate_CameraScreen' is exist

2019-01-11 17:06:33 - [TEST_STEP][PASSED] - tap(findTestObject("CommonScreenElements/TakePictureButton", ["package":PACKAGENAME]), 0): Tapped on element 'Object Repository/CommonScreenElements/TakePictureButton'

2019-01-11 17:06:33 - [MESSAGE][WARNING] - Timeout '0' is invalid. Using default page load timeout: '5'

2019-01-11 17:06:37 - [MESSAGE][PASSED] - Tapped on element 'Object Repository/CommonScreenElements/TakePictureButton'

2019-01-11 17:06:37 - [TEST_STEP][PASSED] - delay(5, STOP_ON_FAILURE): Delayed 5 second(s)

2019-01-11 17:06:42 - [MESSAGE][PASSED] - Delayed 5 second(s)

2019-01-11 17:06:42 - [TEST_STEP][PASSED] - tap(findTestObject("CommonScreenElements/DoneButton", ["package":PACKAGENAME]), 0): Tapped on element 'Object Repository/CommonScreenElements/DoneButton'

2019-01-11 17:06:42 - [MESSAGE][WARNING] - Timeout '0' is invalid. Using default page load timeout: '5'

2019-01-11 17:06:43 - [MESSAGE][PASSED] - Tapped on element 'Object Repository/CommonScreenElements/DoneButton'

2019-01-11 17:06:43 - [TEST_STEP][PASSED] - verifyElementExist(findTestObject("ShopOpen/RemainingMainCategories/SecondaryDisplay/Available/Validate_AvailableRemarksScreen", ["package":PACKAGENAME]), 0): Element 'Object Repository/ShopOpen/RemainingMainCategories/SecondaryDisplay/Available/Validate_AvailableRemarksScreen' is exist

2019-01-11 17:06:43 - [MESSAGE][WARNING] - Timeout '0' is invalid. Using default page load timeout: '5'

2019-01-11 17:06:45 - [MESSAGE][PASSED] - Element 'Object Repository/ShopOpen/RemainingMainCategories/SecondaryDisplay/Available/Validate_AvailableRemarksScreen' is exist

2019-01-11 17:06:45 - [TEST_STEP][PASSED] - com.ct.qa.keywords.SecondaryDisplayKeywords.selectSecondaryDisplay_AvailableRemark("Shopkeeper did not allow", 1): com.ct.qa.keywords.SecondaryDisplayKeywords.selectSecondaryDisplay_AvailableRemark is PASSED

2019-01-11 17:06:46 - [MESSAGE][WARNING] - Timeout '0' is invalid. Using default page load timeout: '5'

2019-01-11 17:06:48 - [MESSAGE][PASSED] - Element 'Object Repository/ShopOpen/RemainingMainCategories/SecondaryDisplay/Available/Validate_SecondaryDisplay_available_remarksScreen' is exist

2019-01-11 17:06:49 - [MESSAGE][PASSED] - com.ct.qa.keywords.SecondaryDisplayKeywords.selectSecondaryDisplay_AvailableRemark is PASSED

2019-01-11 17:06:49 - [TEST_STEP][PASSED] - tap(findTestObject("ShopOpen/RemainingMainCategories/SecondaryDisplay/Available/SKDNA_CategoryRemark_BackButton", ["package":PACKAGENAME]), 0): Tapped on element 'Object Repository/ShopOpen/RemainingMainCategories/SecondaryDisplay/Available/SKDNA_CategoryRemark_BackButton'

2019-01-11 17:06:49 - [MESSAGE][WARNING] - Timeout '0' is invalid. Using default page load timeout: '5'

2019-01-11 17:06:50 - [MESSAGE][PASSED] - Tapped on element 'Object Repository/ShopOpen/RemainingMainCategories/SecondaryDisplay/Available/SKDNA_CategoryRemark_BackButton'

2019-01-11 17:06:50 - [TEST_STEP][PASSED] - verifyElementExist(findTestObject("ShopOpen/RemainingMainCategories/SecondaryDisplay/Available/Validate_AvailableRemarksScreen", ["package":PACKAGENAME]), 0): Element 'Object Repository/ShopOpen/RemainingMainCategories/SecondaryDisplay/Available/Validate_AvailableRemarksScreen' is exist

2019-01-11 17:06:50 - [MESSAGE][WARNING] - Timeout '0' is invalid. Using default page load timeout: '5'

2019-01-11 17:06:51 - [MESSAGE][PASSED] - Element 'Object Repository/ShopOpen/RemainingMainCategories/SecondaryDisplay/Available/Validate_AvailableRemarksScreen' is exist

2019-01-11 17:06:51 - [TEST_STEP][PASSED] - tap(findTestObject("ShopOpen/RemainingMainCategories/SecondaryDisplay/Available/AvailableRemarks_BackButton", ["package":PACKAGENAME]), 0): Tapped on element 'Object Repository/ShopOpen/RemainingMainCategories/SecondaryDisplay/Available/AvailableRemarks_BackButton'

2019-01-11 17:06:51 - [MESSAGE][WARNING] - Timeout '0' is invalid. Using default page load timeout: '5'

2019-01-11 17:06:51 - [MESSAGE][PASSED] - Tapped on element 'Object Repository/ShopOpen/RemainingMainCategories/SecondaryDisplay/Available/AvailableRemarks_BackButton'

2019-01-11 17:06:51 - [TEST_STEP][PASSED] - verifyElementText(findTestObject("ShopOpen/RemainingMainCategories/SecondaryDisplay/Available/Validate_UtilizationPopUpScreen", ["package":PACKAGENAME]), "Utilization"): Actual text and expected text of test object 'Object Repository/ShopOpen/RemainingMainCategories/SecondaryDisplay/Available/Validate_UtilizationPopUpScreen' are matched.

2019-01-11 17:06:53 - [MESSAGE][PASSED] - Actual text and expected text of test object 'Object Repository/ShopOpen/RemainingMainCategories/SecondaryDisplay/Available/Validate_UtilizationPopUpScreen' are matched.

2019-01-11 17:06:53 - [TEST_STEP][PASSED] - com.ct.qa.keywords.SecondaryDisplayKeywords.enterUtilizationForSecondaryDisplay(1): com.ct.qa.keywords.SecondaryDisplayKeywords.enterUtilizationForSecondaryDisplay is PASSED

2019-01-11 17:06:57 - [MESSAGE][PASSED] - com.ct.qa.keywords.SecondaryDisplayKeywords.enterUtilizationForSecondaryDisplay is PASSED

2019-01-11 17:06:57 - [TEST_STEP][PASSED] - hideKeyboard(): Keyboard is hidden

2019-01-11 17:06:58 - [MESSAGE][PASSED] - Keyboard is hidden

2019-01-11 17:06:58 - [TEST_STEP][PASSED] - tap(findTestObject("ShopOpen/RemainingMainCategories/SecondaryDisplay/Available/Utilization_SubmitButton", ["package":PACKAGENAME]), 0, STOP_ON_FAILURE): Tapped on element 'Object Repository/ShopOpen/RemainingMainCategories/SecondaryDisplay/Available/Utilization_SubmitButton'

2019-01-11 17:06:58 - [MESSAGE][WARNING] - Timeout '0' is invalid. Using default page load timeout: '5'

2019-01-11 17:06:59 - [MESSAGE][PASSED] - Tapped on element 'Object Repository/ShopOpen/RemainingMainCategories/SecondaryDisplay/Available/Utilization_SubmitButton'

2019-01-11 17:06:59 - [TEST_STEP][PASSED] - verifyElementExist(findTestObject("ShopOpen/RemainingMainCategories/SecondaryDisplay/Available/Validate_UnitsListScreen", ["package":PACKAGENAME]), 0): Element 'Object Repository/ShopOpen/RemainingMainCategories/SecondaryDisplay/Available/Validate_UnitsListScreen' is exist

2019-01-11 17:06:59 - [MESSAGE][WARNING] - Timeout '0' is invalid. Using default page load timeout: '5'

2019-01-11 17:06:59 - [MESSAGE][PASSED] - Element 'Object Repository/ShopOpen/RemainingMainCategories/SecondaryDisplay/Available/Validate_UnitsListScreen' is exist

2019-01-11 17:06:59 - [MESSAGE][PASSED] - Call Test Case 'Test Cases/ShopOpen/RemainingMainCategories/SecondaryDisplay/Available/VisitAvailableWith_SKDNA' successfully

2019-01-11 17:07:01 - [TEST_CASE][PASSED] - Test Cases/ShopOpen/RemainingMainCategories/SecondaryDisplay/Available/VisitAvailableWith_SKDNA: Test Cases/ShopOpen/RemainingMainCategories/SecondaryDisplay/Available/VisitAvailableWith_SKDNA

2019-01-11 17:07:01 - [TEST_STEP][PASSED] - verifyElementExist(findTestObject("CommonScreenElements/Validate_CameraScreen", ["package":PACKAGENAME]), 0): Element 'Object Repository/CommonScreenElements/Validate_CameraScreen' is exist

2019-01-11 17:07:01 - [MESSAGE][WARNING] - Timeout '0' is invalid. Using default page load timeout: '5'

2019-01-11 17:07:03 - [MESSAGE][PASSED] - Element 'Object Repository/CommonScreenElements/Validate_CameraScreen' is exist

2019-01-11 17:07:03 - [TEST_STEP][PASSED] - tap(findTestObject("CommonScreenElements/TakePictureButton", ["package":PACKAGENAME]), 0): Tapped on element 'Object Repository/CommonScreenElements/TakePictureButton'

2019-01-11 17:07:03 - [MESSAGE][WARNING] - Timeout '0' is invalid. Using default page load timeout: '5'

2019-01-11 17:07:06 - [MESSAGE][PASSED] - Tapped on element 'Object Repository/CommonScreenElements/TakePictureButton'

2019-01-11 17:07:06 - [TEST_STEP][PASSED] - delay(5, STOP_ON_FAILURE): Delayed 5 second(s)

2019-01-11 17:07:11 - [MESSAGE][PASSED] - Delayed 5 second(s)

2019-01-11 17:07:11 - [TEST_STEP][PASSED] - tap(findTestObject("CommonScreenElements/DoneButton", ["package":PACKAGENAME]), 0): Tapped on element 'Object Repository/CommonScreenElements/DoneButton'

2019-01-11 17:07:11 - [MESSAGE][WARNING] - Timeout '0' is invalid. Using default page load timeout: '5'

2019-01-11 17:07:12 - [MESSAGE][PASSED] - Tapped on element 'Object Repository/CommonScreenElements/DoneButton'

2019-01-11 17:07:12 - [TEST_STEP][PASSED] - verifyElementExist(findTestObject("ShopOpen/RemainingMainCategories/SecondaryDisplay/Available/Validate_AvailableRemarksScreen", ["package":PACKAGENAME]), 0): Element 'Object Repository/ShopOpen/RemainingMainCategories/SecondaryDisplay/Available/Validate_AvailableRemarksScreen' is exist

2019-01-11 17:07:12 - [MESSAGE][WARNING] - Timeout '0' is invalid. Using default page load timeout: '5'

2019-01-11 17:07:14 - [MESSAGE][PASSED] - Element 'Object Repository/ShopOpen/RemainingMainCategories/SecondaryDisplay/Available/Validate_AvailableRemarksScreen' is exist

2019-01-11 17:07:14 - [TEST_STEP][PASSED] - com.ct.qa.keywords.SecondaryDisplayKeywords.selectSecondaryDisplay_AvailableRemark("Shopkeeper did not allow", 1): com.ct.qa.keywords.SecondaryDisplayKeywords.selectSecondaryDisplay_AvailableRemark is PASSED

2019-01-11 17:07:15 - [MESSAGE][WARNING] - Timeout '0' is invalid. Using default page load timeout: '5'

2019-01-11 17:07:17 - [MESSAGE][PASSED] - Element 'Object Repository/ShopOpen/RemainingMainCategories/SecondaryDisplay/Available/Validate_SecondaryDisplay_available_remarksScreen' is exist

2019-01-11 17:07:18 - [MESSAGE][PASSED] - com.ct.qa.keywords.SecondaryDisplayKeywords.selectSecondaryDisplay_AvailableRemark is PASSED

2019-01-11 17:07:18 - [TEST_STEP][PASSED] - tap(findTestObject("ShopOpen/RemainingMainCategories/SecondaryDisplay/Available/SKDNA_CategoryRemark_BackButton", ["package":PACKAGENAME]), 0): Tapped on element 'Object Repository/ShopOpen/RemainingMainCategories/SecondaryDisplay/Available/SKDNA_CategoryRemark_BackButton'

2019-01-11 17:07:18 - [MESSAGE][WARNING] - Timeout '0' is invalid. Using default page load timeout: '5'

2019-01-11 17:07:19 - [MESSAGE][PASSED] - Tapped on element 'Object Repository/ShopOpen/RemainingMainCategories/SecondaryDisplay/Available/SKDNA_CategoryRemark_BackButton'

2019-01-11 17:07:19 - [TEST_STEP][PASSED] - verifyElementExist(findTestObject("ShopOpen/RemainingMainCategories/SecondaryDisplay/Available/Validate_AvailableRemarksScreen", ["package":PACKAGENAME]), 0): Element 'Object Repository/ShopOpen/RemainingMainCategories/SecondaryDisplay/Available/Validate_AvailableRemarksScreen' is exist

2019-01-11 17:07:19 - [MESSAGE][WARNING] - Timeout '0' is invalid. Using default page load timeout: '5'

2019-01-11 17:07:20 - [MESSAGE][PASSED] - Element 'Object Repository/ShopOpen/RemainingMainCategories/SecondaryDisplay/Available/Validate_AvailableRemarksScreen' is exist

2019-01-11 17:07:20 - [TEST_STEP][PASSED] - tap(findTestObject("ShopOpen/RemainingMainCategories/SecondaryDisplay/Available/AvailableRemarks_BackButton", ["package":PACKAGENAME]), 0): Tapped on element 'Object Repository/ShopOpen/RemainingMainCategories/SecondaryDisplay/Available/AvailableRemarks_BackButton'

2019-01-11 17:07:20 - [MESSAGE][WARNING] - Timeout '0' is invalid. Using default page load timeout: '5'

2019-01-11 17:07:20 - [MESSAGE][PASSED] - Tapped on element 'Object Repository/ShopOpen/RemainingMainCategories/SecondaryDisplay/Available/AvailableRemarks_BackButton'

2019-01-11 17:07:20 - [TEST_STEP][PASSED] - verifyElementText(findTestObject("ShopOpen/RemainingMainCategories/SecondaryDisplay/Available/Validate_UtilizationPopUpScreen", ["package":PACKAGENAME]), "Utilization"): Actual text and expected text of test object 'Object Repository/ShopOpen/RemainingMainCategories/SecondaryDisplay/Available/Validate_UtilizationPopUpScreen' are matched.

2019-01-11 17:07:22 - [MESSAGE][PASSED] - Actual text and expected text of test object 'Object Repository/ShopOpen/RemainingMainCategories/SecondaryDisplay/Available/Validate_UtilizationPopUpScreen' are matched.

2019-01-11 17:07:22 - [TEST_STEP][PASSED] - com.ct.qa.keywords.SecondaryDisplayKeywords.enterUtilizationForSecondaryDisplay(1): com.ct.qa.keywords.SecondaryDisplayKeywords.enterUtilizationForSecondaryDisplay is PASSED

2019-01-11 17:07:26 - [MESSAGE][PASSED] - com.ct.qa.keywords.SecondaryDisplayKeywords.enterUtilizationForSecondaryDisplay is PASSED

2019-01-11 17:07:26 - [TEST_STEP][PASSED] - hideKeyboard(): Keyboard is hidden

2019-01-11 17:07:27 - [MESSAGE][PASSED] - Keyboard is hidden

2019-01-11 17:07:27 - [TEST_STEP][PASSED] - tap(findTestObject("ShopOpen/RemainingMainCategories/SecondaryDisplay/Available/Utilization_SubmitButton", ["package":PACKAGENAME]), 0, STOP_ON_FAILURE): Tapped on element 'Object Repository/ShopOpen/RemainingMainCategories/SecondaryDisplay/Available/Utilization_SubmitButton'

2019-01-11 17:07:27 - [MESSAGE][WARNING] - Timeout '0' is invalid. Using default page load timeout: '5'

2019-01-11 17:07:28 - [MESSAGE][PASSED] - Tapped on element 'Object Repository/ShopOpen/RemainingMainCategories/SecondaryDisplay/Available/Utilization_SubmitButton'

2019-01-11 17:07:28 - [TEST_STEP][PASSED] - verifyElementExist(findTestObject("ShopOpen/RemainingMainCategories/SecondaryDisplay/Available/Validate_UnitsListScreen", ["package":PACKAGENAME]), 0): Element 'Object Repository/ShopOpen/RemainingMainCategories/SecondaryDisplay/Available/Validate_UnitsListScreen' is exist

2019-01-11 17:07:28 - [MESSAGE][WARNING] - Timeout '0' is invalid. Using default page load timeout: '5'

2019-01-11 17:07:29 - [MESSAGE][PASSED] - Element 'Object Repository/ShopOpen/RemainingMainCategories/SecondaryDisplay/Available/Validate_UnitsListScreen' is exist

2019-01-11 17:07:29 - [MESSAGE][PASSED] - Call Test Case 'Test Cases/ShopOpen/RemainingMainCategories/SecondaryDisplay/Available/VisitAvailableWith_SKDNA' successfully

2019-01-11 17:07:30 - [TEST_CASE][PASSED] - Test Cases/ShopOpen/RemainingMainCategories/SecondaryDisplay/Available/VisitAvailable_WithDisplayUnitIsInPerfectCondition: Test Cases/ShopOpen/RemainingMainCategories/SecondaryDisplay/Available/VisitAvailable_WithDisplayUnitIsInPerfectCondition

2019-01-11 17:07:30 - [TEST_STEP][PASSED] - verifyElementExist(findTestObject("CommonScreenElements/Validate_CameraScreen", ["package":PACKAGENAME]), 0): Element 'Object Repository/CommonScreenElements/Validate_CameraScreen' is exist

2019-01-11 17:07:30 - [MESSAGE][WARNING] - Timeout '0' is invalid. Using default page load timeout: '5'

2019-01-11 17:07:31 - [MESSAGE][PASSED] - Element 'Object Repository/CommonScreenElements/Validate_CameraScreen' is exist

2019-01-11 17:07:31 - [TEST_STEP][PASSED] - tap(findTestObject("CommonScreenElements/TakePictureButton", ["package":PACKAGENAME]), 0): Tapped on element 'Object Repository/CommonScreenElements/TakePictureButton'

2019-01-11 17:07:31 - [MESSAGE][WARNING] - Timeout '0' is invalid. Using default page load timeout: '5'

2019-01-11 17:07:35 - [MESSAGE][PASSED] - Tapped on element 'Object Repository/CommonScreenElements/TakePictureButton'

2019-01-11 17:07:35 - [TEST_STEP][PASSED] - delay(5, STOP_ON_FAILURE): Delayed 5 second(s)

2019-01-11 17:07:40 - [MESSAGE][PASSED] - Delayed 5 second(s)

2019-01-11 17:07:40 - [TEST_STEP][PASSED] - tap(findTestObject("CommonScreenElements/DoneButton", ["package":PACKAGENAME]), 0): Tapped on element 'Object Repository/CommonScreenElements/DoneButton'

2019-01-11 17:07:40 - [MESSAGE][WARNING] - Timeout '0' is invalid. Using default page load timeout: '5'

2019-01-11 17:07:40 - [MESSAGE][PASSED] - Tapped on element 'Object Repository/CommonScreenElements/DoneButton'

2019-01-11 17:07:40 - [TEST_STEP][PASSED] - verifyElementExist(findTestObject("ShopOpen/RemainingMainCategories/SecondaryDisplay/Available/Validate_AvailableRemarksScreen", ["package":PACKAGENAME]), 0): Element 'Object Repository/ShopOpen/RemainingMainCategories/SecondaryDisplay/Available/Validate_AvailableRemarksScreen' is exist

2019-01-11 17:07:40 - [MESSAGE][WARNING] - Timeout '0' is invalid. Using default page load timeout: '5'

2019-01-11 17:07:42 - [MESSAGE][PASSED] - Element 'Object Repository/ShopOpen/RemainingMainCategories/SecondaryDisplay/Available/Validate_AvailableRemarksScreen' is exist

2019-01-11 17:07:42 - [TEST_STEP][PASSED] - com.ct.qa.keywords.SecondaryDisplayKeywords.selectSecondaryDisplay_AvailableRemark("Display Unit is in perfect condition", 0): com.ct.qa.keywords.SecondaryDisplayKeywords.selectSecondaryDisplay_AvailableRemark is PASSED

2019-01-11 17:07:43 - [MESSAGE][PASSED] - com.ct.qa.keywords.SecondaryDisplayKeywords.selectSecondaryDisplay_AvailableRemark is PASSED

2019-01-11 17:07:43 - [TEST_STEP][PASSED] - verifyElementText(findTestObject("ShopOpen/RemainingMainCategories/SecondaryDisplay/Available/Validate_UtilizationPopUpScreen", ["package":PACKAGENAME]), "Utilization"): Actual text and expected text of test object 'Object Repository/ShopOpen/RemainingMainCategories/SecondaryDisplay/Available/Validate_UtilizationPopUpScreen' are matched.

2019-01-11 17:07:45 - [MESSAGE][PASSED] - Actual text and expected text of test object 'Object Repository/ShopOpen/RemainingMainCategories/SecondaryDisplay/Available/Validate_UtilizationPopUpScreen' are matched.

2019-01-11 17:07:45 - [TEST_STEP][PASSED] - com.ct.qa.keywords.SecondaryDisplayKeywords.enterUtilizationForSecondaryDisplay(1): com.ct.qa.keywords.SecondaryDisplayKeywords.enterUtilizationForSecondaryDisplay is PASSED

2019-01-11 17:07:49 - [MESSAGE][PASSED] - com.ct.qa.keywords.SecondaryDisplayKeywords.enterUtilizationForSecondaryDisplay is PASSED

2019-01-11 17:07:49 - [TEST_STEP][PASSED] - hideKeyboard(): Keyboard is hidden

2019-01-11 17:07:50 - [MESSAGE][PASSED] - Keyboard is hidden

2019-01-11 17:07:50 - [TEST_STEP][PASSED] - tap(findTestObject("ShopOpen/RemainingMainCategories/SecondaryDisplay/Available/Utilization_SubmitButton", ["package":PACKAGENAME]), 0, STOP_ON_FAILURE): Tapped on element 'Object Repository/ShopOpen/RemainingMainCategories/SecondaryDisplay/Available/Utilization_SubmitButton'

2019-01-11 17:07:50 - [MESSAGE][WARNING] - Timeout '0' is invalid. Using default page load timeout: '5'

2019-01-11 17:07:51 - [MESSAGE][PASSED] - Tapped on element 'Object Repository/ShopOpen/RemainingMainCategories/SecondaryDisplay/Available/Utilization_SubmitButton'

2019-01-11 17:07:51 - [TEST_STEP][PASSED] - verifyElementExist(findTestObject("ShopOpen/RemainingMainCategories/SecondaryDisplay/Available/Validate_UnitsListScreen", ["package":PACKAGENAME]), 0): Element 'Object Repository/ShopOpen/RemainingMainCategories/SecondaryDisplay/Available/Validate_UnitsListScreen' is exist

2019-01-11 17:07:51 - [MESSAGE][WARNING] - Timeout '0' is invalid. Using default page load timeout: '5'

2019-01-11 17:07:52 - [MESSAGE][PASSED] - Element 'Object Repository/ShopOpen/RemainingMainCategories/SecondaryDisplay/Available/Validate_UnitsListScreen' is exist

2019-01-11 17:07:52 - [MESSAGE][PASSED] - Call Test Case 'Test Cases/ShopOpen/RemainingMainCategories/SecondaryDisplay/Available/VisitAvailable_WithDisplayUnitIsInPerfectCondition' successfully

2019-01-11 17:07:52 - [MESSAGE][PASSED] - com.ct.qa.keywords.SecondaryDisplayKeywords.visitSecondaryDisplayUnitsList is PASSED

2019-01-11 17:07:52 - [TEST_STEP][PASSED] - tap(findTestObject("ShopOpen/RemainingMainCategories/SecondaryDisplay/Available/UnitsList_BackButton"), 0): Tapped on element 'Object Repository/ShopOpen/RemainingMainCategories/SecondaryDisplay/Available/UnitsList_BackButton'

2019-01-11 17:07:52 - [MESSAGE][WARNING] - Timeout '0' is invalid. Using default page load timeout: '5'

2019-01-11 17:07:52 - [MESSAGE][PASSED] - Tapped on element 'Object Repository/ShopOpen/RemainingMainCategories/SecondaryDisplay/Available/UnitsList_BackButton'

2019-01-11 17:07:52 - [TEST_STEP][PASSED] - verifyElementExist(findTestObject("ShopOpen/RemainingMainCategories/Validate_MainCategoryDetailActionScreen", ["package":PACKAGENAME]), 0): Element 'Object Repository/ShopOpen/RemainingMainCategories/Validate_MainCategoryDetailActionScreen' is exist

2019-01-11 17:07:52 - [MESSAGE][WARNING] - Timeout '0' is invalid. Using default page load timeout: '5'

2019-01-11 17:07:53 - [MESSAGE][PASSED] - Element 'Object Repository/ShopOpen/RemainingMainCategories/Validate_MainCategoryDetailActionScreen' is exist

2019-01-11 17:07:53 - [MESSAGE][PASSED] - Call Test Case 'Test Cases/ShopOpen/RemainingMainCategories/SecondaryDisplay/Available/VisitSecondaryDisplayAvailable' successfully

2019-01-11 17:07:53 - [MESSAGE][PASSED] - com.ct.qa.keywords.SecondaryDisplayKeywords.selectSecondaryDisplayRemark_WithDataVerification is PASSED

2019-01-11 17:07:53 - [MESSAGE][PASSED] - Call Test Case 'Test Cases/ShopOpen/RemainingMainCategories/SecondaryDisplay/SecondaryDisplay_VisitingScenarios/VisitSecondaryDisplayWith_DataVerification' successfully

2019-01-11 17:07:53 - [MESSAGE][PASSED] - com.ct.qa.keywords.RemainingMainCategoryRemarksVisitingScenariosKeywords.visitRemarksWith_DataVerification is PASSED

2019-01-11 17:07:53 - [TEST_STEP][PASSED] - tap(findTestObject("ShopOpen/RemainingMainCategories/BackButton", ["package":PACKAGENAME]), 0): Tapped on element 'Object Repository/ShopOpen/RemainingMainCategories/BackButton'

2019-01-11 17:07:53 - [MESSAGE][WARNING] - Timeout '0' is invalid. Using default page load timeout: '5'

2019-01-11 17:07:53 - [MESSAGE][PASSED] - Tapped on element 'Object Repository/ShopOpen/RemainingMainCategories/BackButton'

2019-01-11 17:07:53 - [TEST_STEP][PASSED] - verifyElementExist(findTestObject("ShopOpen/Validate_ShopCategoriesListScreen", ["package":PACKAGENAME]), 0): Element 'Object Repository/ShopOpen/Validate_ShopCategoriesListScreen' is exist

2019-01-11 17:07:53 - [MESSAGE][WARNING] - Timeout '0' is invalid. Using default page load timeout: '5'

2019-01-11 17:07:56 - [MESSAGE][PASSED] - Element 'Object Repository/ShopOpen/Validate_ShopCategoriesListScreen' is exist

2019-01-11 17:07:56 - [MESSAGE][PASSED] - Call Test Case 'Test Cases/ShopOpen/RemainingMainCategories/MainCategoryRemarksVisitingScenarios/VisitRemarksWith_DataVerification' successfully

2019-01-11 17:07:57 - [MESSAGE][PASSED] - Swiped from 0,293 to 0,200

2019-01-11 17:08:01 - [MESSAGE][PASSED] - Swiped from 0,293 to 0,200

2019-01-11 17:08:03 - [TEST_CASE][PASSED] - Test Cases/ShopOpen/RetailerRemarks/VisitRetailerRemarks: Test Cases/ShopOpen/RetailerRemarks/VisitRetailerRemarks

2019-01-11 17:08:03 - [TEST_STEP][PASSED] - verifyElementText(findTestObject("ShopOpen/RetailerRemarks/Validate_RetailerRemarks", ["package":PACKAGENAME]), "KPI: Retailer Remarks"): Actual text and expected text of test object 'Object Repository/ShopOpen/RetailerRemarks/Validate_RetailerRemarks' are matched.

2019-01-11 17:08:05 - [MESSAGE][PASSED] - Actual text and expected text of test object 'Object Repository/ShopOpen/RetailerRemarks/Validate_RetailerRemarks' are matched.

2019-01-11 17:08:05 - [TEST_STEP][PASSED] - com.ct.qa.keywords.RetailerRemarks.visitRetailerRemarks(1): com.ct.qa.keywords.RetailerRemarks.visitRetailerRemarks is PASSED

2019-01-11 17:08:06 - [MESSAGE][WARNING] - Timeout '0' is invalid. Using default page load timeout: '5'

2019-01-11 17:08:08 - [MESSAGE][PASSED] - Element 'Object Repository/ShopOpen/RetailerRemarks/Validate_RetailerRemarks_RemarksScreen' is exist

2019-01-11 17:08:10 - [MESSAGE][PASSED] - Press back button successfully

2019-01-11 17:08:11 - [MESSAGE][PASSED] - Actual text and expected text of test object 'Object Repository/ShopOpen/RetailerRemarks/Validate_RetailerRemarks' are matched.

2019-01-11 17:08:11 - [MESSAGE][PASSED] - com.ct.qa.keywords.RetailerRemarks.visitRetailerRemarks is PASSED

2019-01-11 17:08:11 - [TEST_STEP][PASSED] - tap(findTestObject("ShopOpen/RetailerRemarks/BackButton", ["package":PACKAGENAME]), 0): Tapped on element 'Object Repository/ShopOpen/RetailerRemarks/BackButton'

2019-01-11 17:08:11 - [MESSAGE][WARNING] - Timeout '0' is invalid. Using default page load timeout: '5'

2019-01-11 17:08:11 - [MESSAGE][PASSED] - Tapped on element 'Object Repository/ShopOpen/RetailerRemarks/BackButton'

2019-01-11 17:08:11 - [TEST_STEP][PASSED] - verifyElementExist(findTestObject("ShopOpen/Validate_ShopCategoriesListScreen", ["package":PACKAGENAME]), 0): Element 'Object Repository/ShopOpen/Validate_ShopCategoriesListScreen' is exist

2019-01-11 17:08:11 - [MESSAGE][WARNING] - Timeout '0' is invalid. Using default page load timeout: '5'

2019-01-11 17:08:13 - [MESSAGE][PASSED] - Element 'Object Repository/ShopOpen/Validate_ShopCategoriesListScreen' is exist

2019-01-11 17:08:13 - [MESSAGE][PASSED] - Call Test Case 'Test Cases/ShopOpen/RetailerRemarks/VisitRetailerRemarks' successfully

2019-01-11 17:08:14 - [MESSAGE][PASSED] - Swiped from 0,293 to 0,200

2019-01-11 17:08:17 - [MESSAGE][PASSED] - Swiped from 0,293 to 0,200

2019-01-11 17:08:21 - [MESSAGE][PASSED] - Swiped from 0,293 to 0,200

2019-01-11 17:08:24 - [TEST_CASE][PASSED] - Test Cases/ShopOpen/AdditionalPicture/VisitAdditionalPicture: Test Cases/ShopOpen/AdditionalPicture/VisitAdditionalPicture

2019-01-11 17:08:24 - [TEST_STEP][PASSED] - verifyElementText(findTestObject("ShopOpen/AdditionPicture/Validate_AdditionalPicture", ["package":PACKAGENAME]), "Additional Picture"): Actual text and expected text of test object 'Object Repository/ShopOpen/AdditionPicture/Validate_AdditionalPicture' are matched.

2019-01-11 17:08:25 - [MESSAGE][PASSED] - Actual text and expected text of test object 'Object Repository/ShopOpen/AdditionPicture/Validate_AdditionalPicture' are matched.

2019-01-11 17:08:25 - [TEST_STEP][PASSED] - com.ct.qa.keywords.AdditionalPictureKeywords.takeMendatoryImages(): com.ct.qa.keywords.AdditionalPictureKeywords.takeMendatoryImages is PASSED

2019-01-11 17:08:27 - [MESSAGE][WARNING] - Timeout '0' is invalid. Using default page load timeout: '5'

2019-01-11 17:08:29 - [MESSAGE][PASSED] - Element 'Object Repository/CommonScreenElements/Validate_CameraScreen' is exist

2019-01-11 17:08:29 - [MESSAGE][WARNING] - Timeout '0' is invalid. Using default page load timeout: '5'

2019-01-11 17:08:32 - [MESSAGE][PASSED] - Tapped on element 'Object Repository/CommonScreenElements/TakePictureButton'

2019-01-11 17:08:37 - [MESSAGE][PASSED] - Delayed 5 second(s)

2019-01-11 17:08:37 - [MESSAGE][WARNING] - Timeout '0' is invalid. Using default page load timeout: '5'

2019-01-11 17:08:37 - [MESSAGE][PASSED] - Tapped on element 'Object Repository/CommonScreenElements/DoneButton'

2019-01-11 17:08:40 - [MESSAGE][PASSED] - Actual text and expected text of test object 'Object Repository/ShopOpen/AdditionPicture/Validate_AdditionalPicture' are matched.

2019-01-11 17:08:40 - [MESSAGE][PASSED] - com.ct.qa.keywords.AdditionalPictureKeywords.takeMendatoryImages is PASSED

2019-01-11 17:08:40 - [TEST_STEP][PASSED] - pressBack(): Press back button successfully

2019-01-11 17:08:40 - [MESSAGE][PASSED] - Press back button successfully

2019-01-11 17:08:40 - [TEST_STEP][PASSED] - verifyElementExist(findTestObject("ShopOpen/Validate_ShopCategoriesListScreen", ["package":PACKAGENAME]), 0): Element 'Object Repository/ShopOpen/Validate_ShopCategoriesListScreen' is exist

2019-01-11 17:08:40 - [MESSAGE][WARNING] - Timeout '0' is invalid. Using default page load timeout: '5'

2019-01-11 17:08:41 - [MESSAGE][PASSED] - Element 'Object Repository/ShopOpen/Validate_ShopCategoriesListScreen' is exist

2019-01-11 17:08:41 - [MESSAGE][PASSED] - Call Test Case 'Test Cases/ShopOpen/AdditionalPicture/VisitAdditionalPicture' successfully

2019-01-11 17:08:42 - [MESSAGE][PASSED] - Swiped from 0,293 to 0,200

2019-01-11 17:08:45 - [MESSAGE][PASSED] - Swiped from 0,293 to 0,200

2019-01-11 17:08:47 - [MESSAGE][PASSED] - Swiped from 0,293 to 0,200

2019-01-11 17:08:51 - [MESSAGE][PASSED] - Swiped from 0,293 to 0,200

2019-01-11 17:08:53 - [TEST_CASE][PASSED] - Test Cases/ShopOpen/MarketIntelligence/VisitMarketIntelligence: Test Cases/ShopOpen/MarketIntelligence/VisitMarketIntelligence

2019-01-11 17:08:54 - [TEST_STEP][PASSED] - verifyElementExist(findTestObject("CommonScreenElements/Validate_InfoPopUP", ["package":PACKAGENAME]), 0): Element 'Object Repository/CommonScreenElements/Validate_InfoPopUP' is exist

2019-01-11 17:08:54 - [MESSAGE][WARNING] - Timeout '0' is invalid. Using default page load timeout: '5'

2019-01-11 17:08:54 - [MESSAGE][PASSED] - Element 'Object Repository/CommonScreenElements/Validate_InfoPopUP' is exist

2019-01-11 17:08:54 - [TEST_STEP][PASSED] - tap(findTestObject("CommonScreenElements/InfoPopUp_NoButton", ["package":PACKAGENAME]), 0): Tapped on element 'Object Repository/CommonScreenElements/InfoPopUp_NoButton'

2019-01-11 17:08:54 - [MESSAGE][WARNING] - Timeout '0' is invalid. Using default page load timeout: '5'

2019-01-11 17:08:55 - [MESSAGE][PASSED] - Tapped on element 'Object Repository/CommonScreenElements/InfoPopUp_NoButton'

2019-01-11 17:08:55 - [TEST_STEP][PASSED] - verifyElementExist(findTestObject("Object Repository/ShopOpen/Validate_ShopCategoriesListScreen", ["package":PACKAGENAME]), 0): Element 'Object Repository/ShopOpen/Validate_ShopCategoriesListScreen' is exist

2019-01-11 17:08:55 - [MESSAGE][WARNING] - Timeout '0' is invalid. Using default page load timeout: '5'

2019-01-11 17:08:56 - [MESSAGE][PASSED] - Element 'Object Repository/ShopOpen/Validate_ShopCategoriesListScreen' is exist

2019-01-11 17:08:56 - [MESSAGE][PASSED] - Call Test Case 'Test Cases/ShopOpen/MarketIntelligence/VisitMarketIntelligence' successfully

2019-01-11 17:08:57 - [MESSAGE][PASSED] - Swiped from 0,200 to 0,750

2019-01-11 17:08:58 - [MESSAGE][PASSED] - Swiped from 0,200 to 0,750

2019-01-11 17:08:58 - [MESSAGE][PASSED] - Swiped from 0,293 to 0,200

2019-01-11 17:09:01 - [MESSAGE][PASSED] - Swiped from 0,293 to 0,200

2019-01-11 17:09:04 - [MESSAGE][PASSED] - Swiped from 0,293 to 0,200

2019-01-11 17:09:07 - [MESSAGE][PASSED] - Swiped from 0,293 to 0,200

2019-01-11 17:09:11 - [MESSAGE][PASSED] - Swiped from 0,293 to 0,200

2019-01-11 17:09:13 - [TEST_CASE][PASSED] - Test Cases/ShopOpen/Hanger/HangerVisitingScenarios/VisitHangerWithDataVerification: Test Cases/ShopOpen/Hanger/HangerVisitingScenarios/VisitHangerWithDataVerification

2019-01-11 17:09:14 - [TEST_STEP][PASSED] - verifyElementText(findTestObject("ShopOpen/Hanger/Validate_HangerListScreen", ["package":PACKAGENAME]), "Hanger List"): Actual text and expected text of test object 'Object Repository/ShopOpen/Hanger/Validate_HangerListScreen' are matched.

2019-01-11 17:09:15 - [MESSAGE][PASSED] - Actual text and expected text of test object 'Object Repository/ShopOpen/Hanger/Validate_HangerListScreen' are matched.

2019-01-11 17:09:15 - [TEST_STEP][PASSED] - com.ct.qa.keywords.HangerKeywords.visitHangerListWithDataVerification(): com.ct.qa.keywords.HangerKeywords.visitHangerListWithDataVerification is PASSED

2019-01-11 17:09:18 - [MESSAGE][PASSED] - Actual text and expected text of test object 'Object Repository/ShopOpen/Hanger/Validate_HangerRemarksScreen' are matched.

2019-01-11 17:09:19 - [MESSAGE][WARNING] - Timeout '0' is invalid. Using default page load timeout: '5'

2019-01-11 17:09:21 - [MESSAGE][PASSED] - Element 'Object Repository/CommonScreenElements/Validate_CameraScreen' is exist

2019-01-11 17:09:21 - [MESSAGE][WARNING] - Timeout '0' is invalid. Using default page load timeout: '5'

2019-01-11 17:09:25 - [MESSAGE][PASSED] - Tapped on element 'Object Repository/CommonScreenElements/TakePictureButton'

2019-01-11 17:09:30 - [MESSAGE][PASSED] - Delayed 5 second(s)

2019-01-11 17:09:30 - [MESSAGE][WARNING] - Timeout '0' is invalid. Using default page load timeout: '5'

2019-01-11 17:09:30 - [MESSAGE][PASSED] - Tapped on element 'Object Repository/CommonScreenElements/DoneButton'

2019-01-11 17:09:30 - [TEST_CASE][PASSED] - Test Cases/ShopOpen/Hanger/HangerAvailable/VisitHangerAvailable: Test Cases/ShopOpen/Hanger/HangerAvailable/VisitHangerAvailable

2019-01-11 17:09:31 - [TEST_STEP][PASSED] - verifyElementText(findTestObject("ShopOpen/Hanger/HangerAvailable/Validate_HangerAvailabilityScreen", ["package":PACKAGENAME]), "Category:Hanger"): Actual text and expected text of test object 'Object Repository/ShopOpen/Hanger/HangerAvailable/Validate_HangerAvailabilityScreen' are matched.

2019-01-11 17:09:33 - [MESSAGE][PASSED] - Actual text and expected text of test object 'Object Repository/ShopOpen/Hanger/HangerAvailable/Validate_HangerAvailabilityScreen' are matched.

2019-01-11 17:09:33 - [TEST_STEP][PASSED] - tap(findTestObject("ShopOpen/Hanger/HangerAvailable/Availability", ["package":PACKAGENAME]), 0): Tapped on element 'Object Repository/ShopOpen/Hanger/HangerAvailable/Availability'

2019-01-11 17:09:33 - [MESSAGE][WARNING] - Timeout '0' is invalid. Using default page load timeout: '5'

2019-01-11 17:09:33 - [MESSAGE][PASSED] - Tapped on element 'Object Repository/ShopOpen/Hanger/HangerAvailable/Availability'

2019-01-11 17:09:33 - [TEST_STEP][PASSED] - verifyElementExist(findTestObject("ShopOpen/Hanger/HangerAvailable/Validate_ProductsAvailabilityScreen", ["package":PACKAGENAME]), 0): Element 'Object Repository/ShopOpen/Hanger/HangerAvailable/Validate_ProductsAvailabilityScreen' is exist

2019-01-11 17:09:33 - [MESSAGE][WARNING] - Timeout '0' is invalid. Using default page load timeout: '5'

2019-01-11 17:09:35 - [MESSAGE][PASSED] - Element 'Object Repository/ShopOpen/Hanger/HangerAvailable/Validate_ProductsAvailabilityScreen' is exist

2019-01-11 17:09:35 - [TEST_STEP][PASSED] - com.ct.qa.keywords.HangerKeywords.visitHangerProducts(HANGERAVAILABLE): com.ct.qa.keywords.HangerKeywords.visitHangerProducts is PASSED

2019-01-11 17:09:39 - [MESSAGE][PASSED] - Keyboard is hidden

2019-01-11 17:09:42 - [MESSAGE][PASSED] - Keyboard is hidden

2019-01-11 17:09:45 - [MESSAGE][PASSED] - Keyboard is hidden

2019-01-11 17:09:48 - [MESSAGE][PASSED] - Keyboard is hidden

2019-01-11 17:09:51 - [MESSAGE][PASSED] - Keyboard is hidden

2019-01-11 17:09:53 - [MESSAGE][PASSED] - com.ct.qa.keywords.HangerKeywords.visitHangerProducts is PASSED

2019-01-11 17:09:53 - [TEST_STEP][PASSED] - tap(findTestObject("ShopOpen/Hanger/HangerAvailable/SubmitButton", ["package":PACKAGENAME]), 0): Tapped on element 'Object Repository/ShopOpen/Hanger/HangerAvailable/SubmitButton'

2019-01-11 17:09:53 - [MESSAGE][WARNING] - Timeout '0' is invalid. Using default page load timeout: '5'

2019-01-11 17:09:53 - [MESSAGE][PASSED] - Tapped on element 'Object Repository/ShopOpen/Hanger/HangerAvailable/SubmitButton'

2019-01-11 17:09:53 - [TEST_STEP][PASSED] - verifyElementText(findTestObject("ShopOpen/Hanger/HangerAvailable/Validate_HangerAvailabilityScreen", ["package":PACKAGENAME]), "Category:Hanger"): Actual text and expected text of test object 'Object Repository/ShopOpen/Hanger/HangerAvailable/Validate_HangerAvailabilityScreen' are matched.

2019-01-11 17:09:54 - [MESSAGE][PASSED] - Actual text and expected text of test object 'Object Repository/ShopOpen/Hanger/HangerAvailable/Validate_HangerAvailabilityScreen' are matched.

2019-01-11 17:09:54 - [TEST_STEP][PASSED] - com.ct.qa.keywords.CommonKeywords.findPlanogramImageView(): com.ct.qa.keywords.CommonKeywords.findPlanogramImageView is PASSED

2019-01-11 17:09:56 - [MESSAGE][WARNING] - Timeout '0' is invalid. Using default page load timeout: '5'

2019-01-11 17:10:03 - [MESSAGE][WARNING] - Object Object Repository/CommonScreenElements/InfoPopUp_OKButton not found
[[ATTACHMENT|F:\\Git Projects\\PnG_Merchandising\\PnG_Merchandising\\Reports\\PnG Merchandising With Channel Wise Data Verification\\20190111_162651\\1547208601814.png]]

2019-01-11 17:10:03 - [MESSAGE][PASSED] - com.ct.qa.keywords.CommonKeywords.findPlanogramImageView is PASSED

2019-01-11 17:10:03 - [TEST_STEP][PASSED] - verifyElementText(findTestObject("ShopOpen/Hanger/HangerAvailable/Validate_HangerAvailabilityScreen", ["package":PACKAGENAME]), "Category:Hanger"): Actual text and expected text of test object 'Object Repository/ShopOpen/Hanger/HangerAvailable/Validate_HangerAvailabilityScreen' are matched.

2019-01-11 17:10:05 - [MESSAGE][PASSED] - Actual text and expected text of test object 'Object Repository/ShopOpen/Hanger/HangerAvailable/Validate_HangerAvailabilityScreen' are matched.

2019-01-11 17:10:05 - [TEST_STEP][PASSED] - com.ct.qa.keywords.CommonKeywords.findPictureImageView(): com.ct.qa.keywords.CommonKeywords.findPictureImageView is PASSED

2019-01-11 17:10:07 - [MESSAGE][WARNING] - Timeout '0' is invalid. Using default page load timeout: '5'

2019-01-11 17:10:08 - [MESSAGE][PASSED] - Element 'Object Repository/CommonScreenElements/Validate_CameraScreen' is exist

2019-01-11 17:10:08 - [MESSAGE][WARNING] - Timeout '0' is invalid. Using default page load timeout: '5'

2019-01-11 17:10:12 - [MESSAGE][PASSED] - Tapped on element 'Object Repository/CommonScreenElements/TakePictureButton'

2019-01-11 17:10:17 - [MESSAGE][PASSED] - Delayed 5 second(s)

2019-01-11 17:10:17 - [MESSAGE][WARNING] - Timeout '0' is invalid. Using default page load timeout: '5'

2019-01-11 17:10:18 - [MESSAGE][PASSED] - Tapped on element 'Object Repository/CommonScreenElements/DoneButton'

2019-01-11 17:10:18 - [MESSAGE][PASSED] - com.ct.qa.keywords.CommonKeywords.findPictureImageView is PASSED

2019-01-11 17:10:18 - [TEST_STEP][PASSED] - verifyElementText(findTestObject("ShopOpen/Hanger/HangerAvailable/Validate_HangerAvailabilityScreen", ["package":PACKAGENAME]), "Category:Hanger"): Actual text and expected text of test object 'Object Repository/ShopOpen/Hanger/HangerAvailable/Validate_HangerAvailabilityScreen' are matched.

2019-01-11 17:10:18 - [MESSAGE][PASSED] - Actual text and expected text of test object 'Object Repository/ShopOpen/Hanger/HangerAvailable/Validate_HangerAvailabilityScreen' are matched.

2019-01-11 17:10:18 - [TEST_STEP][PASSED] - com.ct.qa.keywords.CommonKeywords.findBackButtonImageView(): com.ct.qa.keywords.CommonKeywords.findBackButtonImageView is PASSED

2019-01-11 17:10:19 - [MESSAGE][PASSED] - com.ct.qa.keywords.CommonKeywords.findBackButtonImageView is PASSED

2019-01-11 17:10:19 - [TEST_STEP][PASSED] - verifyElementText(findTestObject("ShopOpen/Hanger/Validate_HangerRemarksScreen", ["package":PACKAGENAME]), "KPI: Hanger"): Actual text and expected text of test object 'Object Repository/ShopOpen/Hanger/Validate_HangerRemarksScreen' are matched.

2019-01-11 17:10:21 - [MESSAGE][PASSED] - Actual text and expected text of test object 'Object Repository/ShopOpen/Hanger/Validate_HangerRemarksScreen' are matched.

2019-01-11 17:10:21 - [TEST_STEP][PASSED] - tap(findTestObject("ShopOpen/Hanger/Backbutton", ["package":PACKAGENAME]), 0): Tapped on element 'Object Repository/ShopOpen/Hanger/Backbutton'

2019-01-11 17:10:21 - [MESSAGE][WARNING] - Timeout '0' is invalid. Using default page load timeout: '5'

2019-01-11 17:10:21 - [MESSAGE][PASSED] - Tapped on element 'Object Repository/ShopOpen/Hanger/Backbutton'

2019-01-11 17:10:21 - [TEST_STEP][PASSED] - verifyElementText(findTestObject("ShopOpen/Hanger/Validate_HangerListScreen", ["package":PACKAGENAME]), "Hanger List"): Actual text and expected text of test object 'Object Repository/ShopOpen/Hanger/Validate_HangerListScreen' are matched.

2019-01-11 17:10:22 - [MESSAGE][PASSED] - Actual text and expected text of test object 'Object Repository/ShopOpen/Hanger/Validate_HangerListScreen' are matched.

2019-01-11 17:10:22 - [MESSAGE][PASSED] - Call Test Case 'Test Cases/ShopOpen/Hanger/HangerAvailable/VisitHangerAvailable' successfully

2019-01-11 17:10:22 - [MESSAGE][PASSED] - com.ct.qa.keywords.HangerKeywords.visitHangerListWithDataVerification is PASSED

2019-01-11 17:10:22 - [TEST_STEP][PASSED] - pressBack(): Press back button successfully

2019-01-11 17:10:22 - [MESSAGE][PASSED] - Press back button successfully

2019-01-11 17:10:22 - [TEST_STEP][PASSED] - verifyElementExist(findTestObject("ShopOpen/Validate_ShopCategoriesListScreen", ["package":PACKAGENAME]), 0): Element 'Object Repository/ShopOpen/Validate_ShopCategoriesListScreen' is exist

2019-01-11 17:10:22 - [MESSAGE][WARNING] - Timeout '0' is invalid. Using default page load timeout: '5'

2019-01-11 17:10:23 - [MESSAGE][PASSED] - Element 'Object Repository/ShopOpen/Validate_ShopCategoriesListScreen' is exist

2019-01-11 17:10:23 - [MESSAGE][PASSED] - Call Test Case 'Test Cases/ShopOpen/Hanger/HangerVisitingScenarios/VisitHangerWithDataVerification' successfully

2019-01-11 17:10:24 - [MESSAGE][PASSED] - Swiped from 0,293 to 0,200

2019-01-11 17:10:27 - [MESSAGE][PASSED] - Swiped from 0,293 to 0,200

2019-01-11 17:10:30 - [MESSAGE][PASSED] - Swiped from 0,293 to 0,200

2019-01-11 17:10:33 - [MESSAGE][PASSED] - Swiped from 0,293 to 0,200

2019-01-11 17:10:35 - [MESSAGE][PASSED] - Swiped from 0,293 to 0,200

2019-01-11 17:10:39 - [MESSAGE][PASSED] - Swiped from 0,293 to 0,200

2019-01-11 17:10:40 - [MESSAGE][PASSED] - com.ct.qa.keywords.CategoryVisitingScenariosKeywords.visitShopCategoriesWithDataVerification is PASSED

2019-01-11 17:10:40 - [MESSAGE][PASSED] - Call Test Case 'Test Cases/ShopOpen/CategoryVisitingScenarios/VisitShopCategoriesWithDataVerification' successfully

2019-01-11 17:10:40 - [TEST_CASE][PASSED] - Test Cases/ShopOpen/SaveShop: Test Cases/ShopOpen/SaveShop

2019-01-11 17:10:41 - [TEST_STEP][PASSED] - tap(findTestObject("ShopOpen/SubmitButtonToSaveShop", ["package":PACKAGENAME]), 0): Tapped on element 'Object Repository/ShopOpen/SubmitButtonToSaveShop'

2019-01-11 17:10:41 - [MESSAGE][WARNING] - Timeout '0' is invalid. Using default page load timeout: '5'

2019-01-11 17:10:42 - [MESSAGE][PASSED] - Tapped on element 'Object Repository/ShopOpen/SubmitButtonToSaveShop'

2019-01-11 17:10:42 - [TEST_STEP][PASSED] - verifyElementExist(findTestObject("CommonScreenElements/Validate_InfoPopUP", ["package":PACKAGENAME]), 0): Element 'Object Repository/CommonScreenElements/Validate_InfoPopUP' is exist

2019-01-11 17:10:42 - [MESSAGE][WARNING] - Timeout '0' is invalid. Using default page load timeout: '5'

2019-01-11 17:10:43 - [MESSAGE][PASSED] - Element 'Object Repository/CommonScreenElements/Validate_InfoPopUP' is exist

2019-01-11 17:10:43 - [TEST_STEP][PASSED] - tap(findTestObject("CommonScreenElements/InfoPopUp_YesButton", ["package":PACKAGENAME]), 0): Tapped on element 'Object Repository/CommonScreenElements/InfoPopUp_YesButton'

2019-01-11 17:10:43 - [MESSAGE][WARNING] - Timeout '0' is invalid. Using default page load timeout: '5'

2019-01-11 17:10:43 - [MESSAGE][PASSED] - Tapped on element 'Object Repository/CommonScreenElements/InfoPopUp_YesButton'

2019-01-11 17:10:43 - [TEST_STEP][PASSED] - verifyElementText(findTestObject("Validate_ShopListScreen", ["package":PACKAGENAME]), "Shops on Route"): Actual text and expected text of test object 'Object Repository/Validate_ShopListScreen' are matched.

2019-01-11 17:10:44 - [MESSAGE][PASSED] - Actual text and expected text of test object 'Object Repository/Validate_ShopListScreen' are matched.

2019-01-11 17:10:44 - [MESSAGE][PASSED] - Call Test Case 'Test Cases/ShopOpen/SaveShop' successfully

2019-01-11 17:10:44 - [MESSAGE][WARNING] - Timeout '0' is invalid. Using default page load timeout: '5'

2019-01-11 17:10:45 - [MESSAGE][PASSED] - Element 'Object Repository/Validate_ShopListScreen' is exist

2019-01-11 17:10:47 - [MESSAGE][PASSED] - Actual text and expected text of test object 'Object Repository/Validate_ShopOptionsScreen' are matched.

2019-01-11 17:10:47 - [MESSAGE][WARNING] - Timeout '0' is invalid. Using default page load timeout: '5'

2019-01-11 17:10:47 - [MESSAGE][PASSED] - Tapped on element 'Object Repository/StartWorking'

2019-01-11 17:11:02 - [MESSAGE][PASSED] - Delayed 15 second(s)

2019-01-11 17:11:03 - [MESSAGE][PASSED] - Element 'Object Repository/CommonScreenElements/Validate_MapScreen' is exist

2019-01-11 17:11:03 - [MESSAGE][WARNING] - Timeout '0' is invalid. Using default page load timeout: '5'

2019-01-11 17:11:04 - [MESSAGE][PASSED] - Tapped on element 'Object Repository/CommonScreenElements/Location_CheckIn'

2019-01-11 17:11:04 - [MESSAGE][WARNING] - Timeout '0' is invalid. Using default page load timeout: '5'

2019-01-11 17:11:05 - [MESSAGE][PASSED] - Element 'Object Repository/CommonScreenElements/Validate_InfoPopUP' is exist

2019-01-11 17:11:05 - [MESSAGE][WARNING] - Timeout '0' is invalid. Using default page load timeout: '5'

2019-01-11 17:11:06 - [MESSAGE][PASSED] - Tapped on element 'Object Repository/CommonScreenElements/InfoPopUp_NoButton'

2019-01-11 17:11:06 - [TEST_CASE][PASSED] - Test Cases/ShopOpen/VisitShopOpen: Test Cases/ShopOpen/VisitShopOpen

2019-01-11 17:11:06 - [TEST_STEP][PASSED] - verifyElementExist(findTestObject("ShopActions_List", ["package":PACKAGENAME]), 0): Element 'Object Repository/ShopActions_List' is exist

2019-01-11 17:11:06 - [MESSAGE][WARNING] - Timeout '0' is invalid. Using default page load timeout: '5'

2019-01-11 17:11:07 - [MESSAGE][PASSED] - Element 'Object Repository/ShopActions_List' is exist

2019-01-11 17:11:07 - [TEST_STEP][PASSED] - tap(findTestObject("ShopOpen/ShopOpen", ["package":PACKAGENAME]), 0): Tapped on element 'Object Repository/ShopOpen/ShopOpen'

2019-01-11 17:11:07 - [MESSAGE][WARNING] - Timeout '0' is invalid. Using default page load timeout: '5'

2019-01-11 17:11:09 - [MESSAGE][PASSED] - Tapped on element 'Object Repository/ShopOpen/ShopOpen'

2019-01-11 17:11:09 - [TEST_STEP][PASSED] - verifyElementExist(findTestObject("CommonScreenElements/Validate_CameraScreen", ["package":PACKAGENAME]), 0): Element 'Object Repository/CommonScreenElements/Validate_CameraScreen' is exist

2019-01-11 17:11:09 - [MESSAGE][WARNING] - Timeout '0' is invalid. Using default page load timeout: '5'

2019-01-11 17:11:09 - [MESSAGE][PASSED] - Element 'Object Repository/CommonScreenElements/Validate_CameraScreen' is exist

2019-01-11 17:11:09 - [TEST_STEP][PASSED] - tap(findTestObject("CommonScreenElements/TakePictureButton", ["package":PACKAGENAME]), 0): Tapped on element 'Object Repository/CommonScreenElements/TakePictureButton'

2019-01-11 17:11:09 - [MESSAGE][WARNING] - Timeout '0' is invalid. Using default page load timeout: '5'

2019-01-11 17:11:13 - [MESSAGE][PASSED] - Tapped on element 'Object Repository/CommonScreenElements/TakePictureButton'

2019-01-11 17:11:13 - [TEST_STEP][PASSED] - delay(5): Delayed 5 second(s)

2019-01-11 17:11:18 - [MESSAGE][PASSED] - Delayed 5 second(s)

2019-01-11 17:11:18 - [TEST_STEP][PASSED] - tap(findTestObject("CommonScreenElements/DoneButton", ["package":PACKAGENAME]), 0): Tapped on element 'Object Repository/CommonScreenElements/DoneButton'

2019-01-11 17:11:18 - [MESSAGE][WARNING] - Timeout '0' is invalid. Using default page load timeout: '5'

2019-01-11 17:11:19 - [MESSAGE][PASSED] - Tapped on element 'Object Repository/CommonScreenElements/DoneButton'

2019-01-11 17:11:19 - [MESSAGE][PASSED] - Call Test Case 'Test Cases/ShopOpen/VisitShopOpen' successfully

2019-01-11 17:11:19 - [TEST_CASE][PASSED] - Test Cases/ShopOpen/CategoryVisitingScenarios/VisitShopCategoriesWithDataVerification: Test Cases/ShopOpen/CategoryVisitingScenarios/VisitShopCategoriesWithDataVerification

2019-01-11 17:11:19 - [TEST_STEP][PASSED] - verifyElementExist(findTestObject("ShopOpen/Validate_ShopCategoriesListScreen", ["package":PACKAGENAME]), 0): Element 'Object Repository/ShopOpen/Validate_ShopCategoriesListScreen' is exist

2019-01-11 17:11:19 - [MESSAGE][WARNING] - Timeout '0' is invalid. Using default page load timeout: '5'

2019-01-11 17:11:21 - [MESSAGE][PASSED] - Element 'Object Repository/ShopOpen/Validate_ShopCategoriesListScreen' is exist

2019-01-11 17:11:21 - [TEST_STEP][PASSED] - com.ct.qa.keywords.CategoryVisitingScenariosKeywords.visitShopCategoriesWithDataVerification(): com.ct.qa.keywords.CategoryVisitingScenariosKeywords.visitShopCategoriesWithDataVerification is PASSED

2019-01-11 17:11:26 - [MESSAGE][PASSED] - Swiped from 0,293 to 0,200

2019-01-11 17:11:30 - [MESSAGE][PASSED] - Swiped from 0,293 to 0,200

2019-01-11 17:11:34 - [MESSAGE][PASSED] - Swiped from 0,293 to 0,200

2019-01-11 17:11:38 - [MESSAGE][PASSED] - Swiped from 0,293 to 0,200

2019-01-11 17:11:42 - [MESSAGE][PASSED] - Swiped from 0,293 to 0,200

2019-01-11 17:11:46 - [MESSAGE][PASSED] - Swiped from 0,293 to 0,200

2019-01-11 17:11:48 - [MESSAGE][PASSED] - Swiped from 0,200 to 0,750

2019-01-11 17:11:49 - [MESSAGE][PASSED] - Swiped from 0,200 to 0,750

2019-01-11 17:11:51 - [TEST_CASE][PASSED] - Test Cases/ShopOpen/HotSpot/VisitHotSpotAvailableForDataVerification: Test Cases/ShopOpen/HotSpot/VisitHotSpotAvailableForDataVerification

2019-01-11 17:11:51 - [TEST_STEP][PASSED] - verifyElementExist(findTestObject("ShopOpen/HotSpot/Validate_HotSpotRemarksScreen", ["package":PACKAGENAME]), 0): Element 'Object Repository/ShopOpen/HotSpot/Validate_HotSpotRemarksScreen' is exist

2019-01-11 17:11:51 - [MESSAGE][WARNING] - Timeout '0' is invalid. Using default page load timeout: '5'

2019-01-11 17:11:52 - [MESSAGE][PASSED] - Element 'Object Repository/ShopOpen/HotSpot/Validate_HotSpotRemarksScreen' is exist

2019-01-11 17:11:52 - [TEST_STEP][PASSED] - com.ct.qa.keywords.HotSpotKeywords.selectHotSpotRemark("Hotspot Available"): com.ct.qa.keywords.HotSpotKeywords.selectHotSpotRemark is PASSED

2019-01-11 17:11:54 - [MESSAGE][PASSED] - com.ct.qa.keywords.HotSpotKeywords.selectHotSpotRemark is PASSED

2019-01-11 17:11:54 - [TEST_STEP][PASSED] - verifyElementText(findTestObject("ShopOpen/HotSpot/HotSpotAvailable/Hotspot_SelectType", ["package":PACKAGENAME]), "Select appropriate type"): Actual text and expected text of test object 'Object Repository/ShopOpen/HotSpot/HotSpotAvailable/Hotspot_SelectType' are matched.

2019-01-11 17:11:55 - [MESSAGE][PASSED] - Actual text and expected text of test object 'Object Repository/ShopOpen/HotSpot/HotSpotAvailable/Hotspot_SelectType' are matched.

2019-01-11 17:11:55 - [TEST_STEP][PASSED] - com.ct.qa.keywords.HotSpotKeywords.visitHotSpotTypeForDataVerification(): com.ct.qa.keywords.HotSpotKeywords.visitHotSpotTypeForDataVerification is PASSED

2019-01-11 17:11:58 - [MESSAGE][PASSED] - Swiped from 0,240 to 0,200

2019-01-11 17:12:00 - [MESSAGE][PASSED] - Swiped from 0,293 to 0,200

2019-01-11 17:12:03 - [MESSAGE][PASSED] - Swiped from 0,293 to 0,200

2019-01-11 17:12:05 - [MESSAGE][PASSED] - Swiped from 0,293 to 0,200

2019-01-11 17:12:08 - [MESSAGE][PASSED] - Swiped from 0,293 to 0,200

2019-01-11 17:12:11 - [MESSAGE][PASSED] - Swiped from 0,293 to 0,200

2019-01-11 17:12:13 - [MESSAGE][PASSED] - Swiped from 0,200 to 0,750

2019-01-11 17:12:13 - [MESSAGE][PASSED] - Swiped from 0,200 to 0,750

2019-01-11 17:12:15 - [MESSAGE][WARNING] - Timeout '0' is invalid. Using default page load timeout: '5'

2019-01-11 17:12:16 - [MESSAGE][PASSED] - Element 'Object Repository/CommonScreenElements/Validate_CameraScreen' is exist

2019-01-11 17:12:16 - [MESSAGE][WARNING] - Timeout '0' is invalid. Using default page load timeout: '5'

2019-01-11 17:12:19 - [MESSAGE][PASSED] - Tapped on element 'Object Repository/CommonScreenElements/TakePictureButton'

2019-01-11 17:12:24 - [MESSAGE][PASSED] - Delayed 5 second(s)

2019-01-11 17:12:24 - [MESSAGE][WARNING] - Timeout '0' is invalid. Using default page load timeout: '5'

2019-01-11 17:12:25 - [MESSAGE][PASSED] - Tapped on element 'Object Repository/CommonScreenElements/DoneButton'

2019-01-11 17:12:25 - [MESSAGE][PASSED] - com.ct.qa.keywords.HotSpotKeywords.visitHotSpotTypeForDataVerification is PASSED

2019-01-11 17:12:25 - [TEST_STEP][PASSED] - verifyElementText(findTestObject("ShopOpen/HotSpot/HotSpotAvailable/Validate_AssetsScreen", ["package":PACKAGENAME]), "Facing"): Actual text and expected text of test object 'Object Repository/ShopOpen/HotSpot/HotSpotAvailable/Validate_AssetsScreen' are matched.

2019-01-11 17:12:27 - [MESSAGE][PASSED] - Actual text and expected text of test object 'Object Repository/ShopOpen/HotSpot/HotSpotAvailable/Validate_AssetsScreen' are matched.

2019-01-11 17:12:27 - [TEST_STEP][PASSED] - tap(findTestObject("ShopOpen/HotSpot/HotSpotAvailable/Facing", ["package":PACKAGENAME]), 0): Tapped on element 'Object Repository/ShopOpen/HotSpot/HotSpotAvailable/Facing'

2019-01-11 17:12:27 - [MESSAGE][WARNING] - Timeout '0' is invalid. Using default page load timeout: '5'

2019-01-11 17:12:27 - [MESSAGE][PASSED] - Tapped on element 'Object Repository/ShopOpen/HotSpot/HotSpotAvailable/Facing'

2019-01-11 17:12:27 - [TEST_STEP][PASSED] - verifyElementText(findTestObject("ShopOpen/HotSpot/HotSpotAvailable/Validate_FacingScreen", ["package":PACKAGENAME]), "Facing"): Actual text and expected text of test object 'Object Repository/ShopOpen/HotSpot/HotSpotAvailable/Validate_FacingScreen' are matched.

2019-01-11 17:12:30 - [MESSAGE][PASSED] - Actual text and expected text of test object 'Object Repository/ShopOpen/HotSpot/HotSpotAvailable/Validate_FacingScreen' are matched.

2019-01-11 17:12:30 - [TEST_STEP][PASSED] - com.ct.qa.keywords.HotSpotKeywords.visitHotSpotAvailableFacingProducts(HOTSPOTFACING): com.ct.qa.keywords.HotSpotKeywords.visitHotSpotAvailableFacingProducts is PASSED

2019-01-11 17:12:34 - [MESSAGE][PASSED] - Keyboard is hidden

2019-01-11 17:12:37 - [MESSAGE][PASSED] - Keyboard is hidden

2019-01-11 17:12:40 - [MESSAGE][PASSED] - Keyboard is hidden

2019-01-11 17:12:43 - [MESSAGE][PASSED] - Keyboard is hidden

2019-01-11 17:12:46 - [MESSAGE][PASSED] - Keyboard is hidden

2019-01-11 17:12:49 - [MESSAGE][PASSED] - Keyboard is hidden

2019-01-11 17:12:53 - [MESSAGE][PASSED] - Swiped from 43,359 to 43,250

2019-01-11 17:12:56 - [MESSAGE][PASSED] - Keyboard is hidden

2019-01-11 17:12:58 - [MESSAGE][PASSED] - Swiped from 43,359 to 43,250

2019-01-11 17:13:01 - [MESSAGE][PASSED] - Keyboard is hidden

2019-01-11 17:13:03 - [MESSAGE][PASSED] - Swiped from 43,359 to 43,250

2019-01-11 17:13:07 - [MESSAGE][PASSED] - Keyboard is hidden

2019-01-11 17:13:09 - [MESSAGE][PASSED] - Swiped from 43,359 to 43,250

2019-01-11 17:13:12 - [MESSAGE][PASSED] - Keyboard is hidden

2019-01-11 17:13:14 - [MESSAGE][PASSED] - Swiped from 43,359 to 43,250

2019-01-11 17:13:17 - [MESSAGE][PASSED] - Keyboard is hidden

2019-01-11 17:13:19 - [MESSAGE][PASSED] - Swiped from 43,359 to 43,250

2019-01-11 17:13:22 - [MESSAGE][PASSED] - Keyboard is hidden

2019-01-11 17:13:24 - [MESSAGE][PASSED] - Swiped from 43,359 to 43,250

2019-01-11 17:13:27 - [MESSAGE][PASSED] - Keyboard is hidden

2019-01-11 17:13:29 - [MESSAGE][PASSED] - Swiped from 43,359 to 43,250

2019-01-11 17:13:32 - [MESSAGE][PASSED] - Keyboard is hidden

2019-01-11 17:13:34 - [MESSAGE][PASSED] - Swiped from 43,359 to 43,250

2019-01-11 17:13:37 - [MESSAGE][PASSED] - Keyboard is hidden

2019-01-11 17:13:39 - [MESSAGE][PASSED] - Swiped from 43,359 to 43,250

2019-01-11 17:13:42 - [MESSAGE][PASSED] - Keyboard is hidden

2019-01-11 17:13:44 - [MESSAGE][PASSED] - Swiped from 43,359 to 43,250

2019-01-11 17:13:47 - [MESSAGE][PASSED] - Keyboard is hidden

2019-01-11 17:13:49 - [MESSAGE][PASSED] - Swiped from 43,359 to 43,250

2019-01-11 17:13:52 - [MESSAGE][PASSED] - Keyboard is hidden

2019-01-11 17:13:54 - [MESSAGE][PASSED] - Swiped from 43,359 to 43,250

2019-01-11 17:13:57 - [MESSAGE][PASSED] - Keyboard is hidden

2019-01-11 17:13:59 - [MESSAGE][PASSED] - Swiped from 43,359 to 43,250

2019-01-11 17:14:02 - [MESSAGE][PASSED] - Keyboard is hidden

2019-01-11 17:14:04 - [MESSAGE][PASSED] - Swiped from 43,359 to 43,250

2019-01-11 17:14:07 - [MESSAGE][PASSED] - Keyboard is hidden

2019-01-11 17:14:09 - [MESSAGE][PASSED] - Swiped from 43,359 to 43,250

2019-01-11 17:14:12 - [MESSAGE][PASSED] - Keyboard is hidden

2019-01-11 17:14:14 - [MESSAGE][PASSED] - Swiped from 43,359 to 43,250

2019-01-11 17:14:17 - [MESSAGE][PASSED] - Keyboard is hidden

2019-01-11 17:14:19 - [MESSAGE][PASSED] - Swiped from 43,359 to 43,250

2019-01-11 17:14:22 - [MESSAGE][PASSED] - Keyboard is hidden

2019-01-11 17:14:24 - [MESSAGE][PASSED] - Swiped from 43,359 to 43,250

2019-01-11 17:14:27 - [MESSAGE][PASSED] - Keyboard is hidden

2019-01-11 17:14:29 - [MESSAGE][PASSED] - Swiped from 43,359 to 43,250

2019-01-11 17:14:32 - [MESSAGE][PASSED] - Keyboard is hidden

2019-01-11 17:14:34 - [MESSAGE][PASSED] - Swiped from 43,359 to 43,250

2019-01-11 17:14:37 - [MESSAGE][PASSED] - Keyboard is hidden

2019-01-11 17:14:39 - [MESSAGE][PASSED] - Swiped from 43,359 to 43,250

2019-01-11 17:14:42 - [MESSAGE][PASSED] - Keyboard is hidden

2019-01-11 17:14:44 - [MESSAGE][PASSED] - Swiped from 43,359 to 43,250

2019-01-11 17:14:47 - [MESSAGE][PASSED] - Keyboard is hidden

2019-01-11 17:14:49 - [MESSAGE][PASSED] - Swiped from 43,359 to 43,250

2019-01-11 17:14:52 - [MESSAGE][PASSED] - Keyboard is hidden

2019-01-11 17:14:54 - [MESSAGE][PASSED] - Swiped from 43,359 to 43,250

2019-01-11 17:14:57 - [MESSAGE][PASSED] - Keyboard is hidden

2019-01-11 17:14:59 - [MESSAGE][PASSED] - Swiped from 43,359 to 43,250

2019-01-11 17:15:02 - [MESSAGE][PASSED] - Keyboard is hidden

2019-01-11 17:15:04 - [MESSAGE][PASSED] - Swiped from 43,359 to 43,250

2019-01-11 17:15:07 - [MESSAGE][PASSED] - Keyboard is hidden

2019-01-11 17:15:09 - [MESSAGE][PASSED] - Swiped from 43,359 to 43,250

2019-01-11 17:15:12 - [MESSAGE][PASSED] - Keyboard is hidden

2019-01-11 17:15:14 - [MESSAGE][PASSED] - Swiped from 43,359 to 43,250

2019-01-11 17:15:17 - [MESSAGE][PASSED] - Keyboard is hidden

2019-01-11 17:15:19 - [MESSAGE][PASSED] - Swiped from 43,359 to 43,250

2019-01-11 17:15:22 - [MESSAGE][PASSED] - Keyboard is hidden

2019-01-11 17:15:24 - [MESSAGE][PASSED] - Swiped from 43,359 to 43,250

2019-01-11 17:15:27 - [MESSAGE][PASSED] - Keyboard is hidden

2019-01-11 17:15:29 - [MESSAGE][PASSED] - Swiped from 43,359 to 43,250

2019-01-11 17:15:32 - [MESSAGE][PASSED] - Keyboard is hidden

2019-01-11 17:15:34 - [MESSAGE][PASSED] - Swiped from 43,359 to 43,250

2019-01-11 17:15:37 - [MESSAGE][PASSED] - Keyboard is hidden

2019-01-11 17:15:39 - [MESSAGE][PASSED] - Swiped from 43,359 to 43,250

2019-01-11 17:15:40 - [MESSAGE][PASSED] - com.ct.qa.keywords.HotSpotKeywords.visitHotSpotAvailableFacingProducts is PASSED

2019-01-11 17:15:40 - [TEST_STEP][PASSED] - tap(findTestObject("ShopOpen/HotSpot/HotSpotAvailable/SubmitButton", ["package":PACKAGENAME]), 0): Tapped on element 'Object Repository/ShopOpen/HotSpot/HotSpotAvailable/SubmitButton'

2019-01-11 17:15:40 - [MESSAGE][WARNING] - Timeout '0' is invalid. Using default page load timeout: '5'

2019-01-11 17:15:41 - [MESSAGE][PASSED] - Tapped on element 'Object Repository/ShopOpen/HotSpot/HotSpotAvailable/SubmitButton'

2019-01-11 17:15:41 - [TEST_STEP][PASSED] - verifyElementExist(findTestObject("CommonScreenElements/Validate_InfoPopUP", ["package":PACKAGENAME]), 0): Element 'Object Repository/CommonScreenElements/Validate_InfoPopUP' is exist

2019-01-11 17:15:41 - [MESSAGE][WARNING] - Timeout '0' is invalid. Using default page load timeout: '5'

2019-01-11 17:15:42 - [MESSAGE][PASSED] - Element 'Object Repository/CommonScreenElements/Validate_InfoPopUP' is exist

2019-01-11 17:15:42 - [TEST_STEP][PASSED] - tap(findTestObject("CommonScreenElements/InfoPopUp_OKButton", ["package":PACKAGENAME]), 0): Tapped on element 'Object Repository/CommonScreenElements/InfoPopUp_OKButton'

2019-01-11 17:15:42 - [MESSAGE][WARNING] - Timeout '0' is invalid. Using default page load timeout: '5'

2019-01-11 17:15:42 - [MESSAGE][PASSED] - Tapped on element 'Object Repository/CommonScreenElements/InfoPopUp_OKButton'

2019-01-11 17:15:42 - [TEST_STEP][PASSED] - verifyElementText(findTestObject("ShopOpen/HotSpot/HotSpotAvailable/Validate_AssetsScreen", ["package":PACKAGENAME]), "Facing"): Actual text and expected text of test object 'Object Repository/ShopOpen/HotSpot/HotSpotAvailable/Validate_AssetsScreen' are matched.

2019-01-11 17:15:43 - [MESSAGE][PASSED] - Actual text and expected text of test object 'Object Repository/ShopOpen/HotSpot/HotSpotAvailable/Validate_AssetsScreen' are matched.

2019-01-11 17:15:43 - [TEST_STEP][PASSED] - tap(findTestObject("ShopOpen/HotSpot/HotSpotAvailable/POSM_ImageView", ["package":PACKAGENAME]), 0): Tapped on element 'Object Repository/ShopOpen/HotSpot/HotSpotAvailable/POSM_ImageView'

2019-01-11 17:15:43 - [MESSAGE][WARNING] - Timeout '0' is invalid. Using default page load timeout: '5'

2019-01-11 17:15:43 - [MESSAGE][PASSED] - Tapped on element 'Object Repository/ShopOpen/HotSpot/HotSpotAvailable/POSM_ImageView'

2019-01-11 17:15:43 - [TEST_STEP][PASSED] - verifyElementText(findTestObject("ShopOpen/HotSpot/HotSpotAvailable/Validate_POSMScreen", ["package":PACKAGENAME]), "POSM Deployment"): Actual text and expected text of test object 'Object Repository/ShopOpen/HotSpot/HotSpotAvailable/Validate_POSMScreen' are matched.

2019-01-11 17:15:45 - [MESSAGE][PASSED] - Actual text and expected text of test object 'Object Repository/ShopOpen/HotSpot/HotSpotAvailable/Validate_POSMScreen' are matched.

2019-01-11 17:15:45 - [TEST_STEP][PASSED] - com.ct.qa.keywords.HotSpotKeywords.findPOSMImageView(): com.ct.qa.keywords.HotSpotKeywords.findPOSMImageView is PASSED

2019-01-11 17:15:45 - [MESSAGE][PASSED] - com.ct.qa.keywords.HotSpotKeywords.findPOSMImageView is PASSED

2019-01-11 17:15:45 - [TEST_STEP][PASSED] - pressBack(): Press back button successfully

2019-01-11 17:15:46 - [MESSAGE][PASSED] - Press back button successfully

2019-01-11 17:15:46 - [TEST_STEP][PASSED] - verifyElementText(findTestObject("ShopOpen/HotSpot/HotSpotAvailable/Validate_AssetsScreen", ["package":PACKAGENAME]), "Facing"): Actual text and expected text of test object 'Object Repository/ShopOpen/HotSpot/HotSpotAvailable/Validate_AssetsScreen' are matched.

2019-01-11 17:15:47 - [MESSAGE][PASSED] - Actual text and expected text of test object 'Object Repository/ShopOpen/HotSpot/HotSpotAvailable/Validate_AssetsScreen' are matched.

2019-01-11 17:15:47 - [TEST_STEP][PASSED] - com.ct.qa.keywords.CommonKeywords.findPlanogramImageView(): com.ct.qa.keywords.CommonKeywords.findPlanogramImageView is PASSED

2019-01-11 17:15:49 - [MESSAGE][WARNING] - Timeout '0' is invalid. Using default page load timeout: '5'

2019-01-11 17:15:56 - [MESSAGE][WARNING] - Object Object Repository/CommonScreenElements/InfoPopUp_OKButton not found
[[ATTACHMENT|F:\\Git Projects\\PnG_Merchandising\\PnG_Merchandising\\Reports\\PnG Merchandising With Channel Wise Data Verification\\20190111_162651\\1547208954839.png]]

2019-01-11 17:15:56 - [MESSAGE][PASSED] - com.ct.qa.keywords.CommonKeywords.findPlanogramImageView is PASSED

2019-01-11 17:15:56 - [TEST_STEP][PASSED] - verifyElementText(findTestObject("ShopOpen/HotSpot/HotSpotAvailable/Validate_AssetsScreen", ["package":PACKAGENAME]), "Facing"): Actual text and expected text of test object 'Object Repository/ShopOpen/HotSpot/HotSpotAvailable/Validate_AssetsScreen' are matched.

2019-01-11 17:15:57 - [MESSAGE][PASSED] - Actual text and expected text of test object 'Object Repository/ShopOpen/HotSpot/HotSpotAvailable/Validate_AssetsScreen' are matched.

2019-01-11 17:15:57 - [TEST_STEP][PASSED] - com.ct.qa.keywords.CommonKeywords.findPictureImageView(): com.ct.qa.keywords.CommonKeywords.findPictureImageView is PASSED

2019-01-11 17:15:58 - [MESSAGE][WARNING] - Timeout '0' is invalid. Using default page load timeout: '5'

2019-01-11 17:16:00 - [MESSAGE][PASSED] - Element 'Object Repository/CommonScreenElements/Validate_CameraScreen' is exist

2019-01-11 17:16:00 - [MESSAGE][WARNING] - Timeout '0' is invalid. Using default page load timeout: '5'

2019-01-11 17:16:04 - [MESSAGE][PASSED] - Tapped on element 'Object Repository/CommonScreenElements/TakePictureButton'

2019-01-11 17:16:09 - [MESSAGE][PASSED] - Delayed 5 second(s)

2019-01-11 17:16:09 - [MESSAGE][WARNING] - Timeout '0' is invalid. Using default page load timeout: '5'

2019-01-11 17:16:09 - [MESSAGE][PASSED] - Tapped on element 'Object Repository/CommonScreenElements/DoneButton'

2019-01-11 17:16:09 - [MESSAGE][PASSED] - com.ct.qa.keywords.CommonKeywords.findPictureImageView is PASSED

2019-01-11 17:16:09 - [TEST_STEP][PASSED] - verifyElementText(findTestObject("ShopOpen/HotSpot/HotSpotAvailable/Validate_AssetsScreen", ["package":PACKAGENAME]), "Facing"): Actual text and expected text of test object 'Object Repository/ShopOpen/HotSpot/HotSpotAvailable/Validate_AssetsScreen' are matched.

2019-01-11 17:16:10 - [MESSAGE][PASSED] - Actual text and expected text of test object 'Object Repository/ShopOpen/HotSpot/HotSpotAvailable/Validate_AssetsScreen' are matched.

2019-01-11 17:16:10 - [TEST_STEP][PASSED] - com.ct.qa.keywords.CommonKeywords.findBackButtonImageView(): com.ct.qa.keywords.CommonKeywords.findBackButtonImageView is PASSED

2019-01-11 17:16:13 - [MESSAGE][PASSED] - com.ct.qa.keywords.CommonKeywords.findBackButtonImageView is PASSED

2019-01-11 17:16:13 - [TEST_STEP][PASSED] - verifyElementText(findTestObject("ShopOpen/HotSpot/HotSpotAvailable/ValidateUtilization_Popup", ["package":PACKAGENAME]), "Utilization"): Actual text and expected text of test object 'Object Repository/ShopOpen/HotSpot/HotSpotAvailable/ValidateUtilization_Popup' are matched.

2019-01-11 17:16:14 - [MESSAGE][PASSED] - Actual text and expected text of test object 'Object Repository/ShopOpen/HotSpot/HotSpotAvailable/ValidateUtilization_Popup' are matched.

2019-01-11 17:16:14 - [TEST_STEP][PASSED] - tap(findTestObject("ShopOpen/HotSpot/HotSpotAvailable/HotSpotIsAvailableOnTheRightLocation_Yes", ["package":PACKAGENAME]), 0): Tapped on element 'Object Repository/ShopOpen/HotSpot/HotSpotAvailable/HotSpotIsAvailableOnTheRightLocation_Yes'

2019-01-11 17:16:14 - [MESSAGE][WARNING] - Timeout '0' is invalid. Using default page load timeout: '5'

2019-01-11 17:16:15 - [MESSAGE][PASSED] - Tapped on element 'Object Repository/ShopOpen/HotSpot/HotSpotAvailable/HotSpotIsAvailableOnTheRightLocation_Yes'

2019-01-11 17:16:15 - [TEST_STEP][PASSED] - com.ct.qa.keywords.HotSpotKeywords.enterUtilization(1): com.ct.qa.keywords.HotSpotKeywords.enterUtilization is PASSED

2019-01-11 17:16:19 - [MESSAGE][PASSED] - com.ct.qa.keywords.HotSpotKeywords.enterUtilization is PASSED

2019-01-11 17:16:19 - [TEST_STEP][PASSED] - hideKeyboard(): Keyboard is hidden

2019-01-11 17:16:20 - [MESSAGE][PASSED] - Keyboard is hidden

2019-01-11 17:16:21 - [TEST_STEP][PASSED] - tap(findTestObject("ShopOpen/HotSpot/HotSpotAvailable/Utilization_popupSubmitButton", ["package":PACKAGENAME]), 0): Tapped on element 'Object Repository/ShopOpen/HotSpot/HotSpotAvailable/Utilization_popupSubmitButton'

2019-01-11 17:16:21 - [MESSAGE][WARNING] - Timeout '0' is invalid. Using default page load timeout: '5'

2019-01-11 17:16:21 - [MESSAGE][PASSED] - Tapped on element 'Object Repository/ShopOpen/HotSpot/HotSpotAvailable/Utilization_popupSubmitButton'

2019-01-11 17:16:21 - [TEST_STEP][PASSED] - verifyElementExist(findTestObject("ShopOpen/HotSpot/Validate_HotSpotRemarksScreen", ["package":PACKAGENAME]), 0): Element 'Object Repository/ShopOpen/HotSpot/Validate_HotSpotRemarksScreen' is exist

2019-01-11 17:16:21 - [MESSAGE][WARNING] - Timeout '0' is invalid. Using default page load timeout: '5'

2019-01-11 17:16:22 - [MESSAGE][PASSED] - Element 'Object Repository/ShopOpen/HotSpot/Validate_HotSpotRemarksScreen' is exist

2019-01-11 17:16:22 - [TEST_STEP][PASSED] - tap(findTestObject("ShopOpen/HotSpot/BackButton", ["package":PACKAGENAME]), 0): Tapped on element 'Object Repository/ShopOpen/HotSpot/BackButton'

2019-01-11 17:16:22 - [MESSAGE][WARNING] - Timeout '0' is invalid. Using default page load timeout: '5'

2019-01-11 17:16:22 - [MESSAGE][PASSED] - Tapped on element 'Object Repository/ShopOpen/HotSpot/BackButton'

2019-01-11 17:16:22 - [TEST_STEP][PASSED] - verifyElementExist(findTestObject("ShopOpen/Validate_ShopCategoriesListScreen", ["package":PACKAGENAME]), 0): Element 'Object Repository/ShopOpen/Validate_ShopCategoriesListScreen' is exist

2019-01-11 17:16:22 - [MESSAGE][WARNING] - Timeout '0' is invalid. Using default page load timeout: '5'

2019-01-11 17:16:24 - [MESSAGE][PASSED] - Element 'Object Repository/ShopOpen/Validate_ShopCategoriesListScreen' is exist

2019-01-11 17:16:24 - [MESSAGE][PASSED] - Call Test Case 'Test Cases/ShopOpen/HotSpot/VisitHotSpotAvailableForDataVerification' successfully

2019-01-11 17:16:24 - [TEST_CASE][PASSED] - Test Cases/ShopOpen/RemainingMainCategories/MainCategoryRemarksVisitingScenarios/VisitRemarksWith_DataVerification: Test Cases/ShopOpen/RemainingMainCategories/MainCategoryRemarksVisitingScenarios/VisitRemarksWith_DataVerification

2019-01-11 17:16:24 - [TEST_STEP][PASSED] - verifyElementExist(findTestObject("ShopOpen/RemainingMainCategories/Validate_MainCategoryDetailActionScreen", ["package":PACKAGENAME]), 0): Element 'Object Repository/ShopOpen/RemainingMainCategories/Validate_MainCategoryDetailActionScreen' is exist

2019-01-11 17:16:24 - [MESSAGE][WARNING] - Timeout '0' is invalid. Using default page load timeout: '5'

2019-01-11 17:16:26 - [MESSAGE][PASSED] - Element 'Object Repository/ShopOpen/RemainingMainCategories/Validate_MainCategoryDetailActionScreen' is exist

2019-01-11 17:16:26 - [TEST_STEP][PASSED] - com.ct.qa.keywords.RemainingMainCategoryRemarksVisitingScenariosKeywords.visitRemarksWith_DataVerification(): com.ct.qa.keywords.RemainingMainCategoryRemarksVisitingScenariosKeywords.visitRemarksWith_DataVerification is PASSED

2019-01-11 17:16:28 - [TEST_CASE][PASSED] - Test Cases/ShopOpen/RemainingMainCategories/Availability/VisitAvailability_WithYesRemark: Test Cases/ShopOpen/RemainingMainCategories/Availability/VisitAvailability_WithYesRemark

2019-01-11 17:16:28 - [TEST_STEP][PASSED] - verifyElementExist(findTestObject("ShopOpen/RemainingMainCategories/_Availability/Validate_SubCategoriesScreen", ["package":PACKAGENAME]), 0): Element 'Object Repository/ShopOpen/RemainingMainCategories/_Availability/Validate_SubCategoriesScreen' is exist

2019-01-11 17:16:28 - [MESSAGE][WARNING] - Timeout '0' is invalid. Using default page load timeout: '5'

2019-01-11 17:16:30 - [MESSAGE][PASSED] - Element 'Object Repository/ShopOpen/RemainingMainCategories/_Availability/Validate_SubCategoriesScreen' is exist

2019-01-11 17:16:30 - [TEST_STEP][PASSED] - com.ct.qa.keywords.AvailabilityKeywords.visitAvailabilitySubCategories(1): com.ct.qa.keywords.AvailabilityKeywords.visitAvailabilitySubCategories is PASSED

2019-01-11 17:16:31 - [TEST_CASE][PASSED] - Test Cases/ShopOpen/RemainingMainCategories/Availability/VisitSubCategories_WithYesRemarks: Test Cases/ShopOpen/RemainingMainCategories/Availability/VisitSubCategories_WithYesRemarks

2019-01-11 17:16:31 - [TEST_STEP][PASSED] - verifyElementText(findTestObject("ShopOpen/RemainingMainCategories/_Availability/Validate_SubCategoryDetailScreen", ["package":PACKAGENAME]), "Availability"): Actual text and expected text of test object 'Object Repository/ShopOpen/RemainingMainCategories/_Availability/Validate_SubCategoryDetailScreen' are matched.

2019-01-11 17:16:33 - [MESSAGE][PASSED] - Actual text and expected text of test object 'Object Repository/ShopOpen/RemainingMainCategories/_Availability/Validate_SubCategoryDetailScreen' are matched.

2019-01-11 17:16:33 - [TEST_STEP][PASSED] - tap(findTestObject("ShopOpen/RemainingMainCategories/_Availability/Availability", ["package":PACKAGENAME]), 0): Tapped on element 'Object Repository/ShopOpen/RemainingMainCategories/_Availability/Availability'

2019-01-11 17:16:33 - [MESSAGE][WARNING] - Timeout '0' is invalid. Using default page load timeout: '5'

2019-01-11 17:16:33 - [MESSAGE][PASSED] - Tapped on element 'Object Repository/ShopOpen/RemainingMainCategories/_Availability/Availability'

2019-01-11 17:16:33 - [TEST_STEP][PASSED] - verifyElementText(findTestObject("ShopOpen/RemainingMainCategories/_Availability/Validate_ProductAvailabilityScreen", ["package":PACKAGENAME]), "Availability"): Actual text and expected text of test object 'Object Repository/ShopOpen/RemainingMainCategories/_Availability/Validate_ProductAvailabilityScreen' are matched.

2019-01-11 17:16:36 - [MESSAGE][PASSED] - Actual text and expected text of test object 'Object Repository/ShopOpen/RemainingMainCategories/_Availability/Validate_ProductAvailabilityScreen' are matched.

2019-01-11 17:16:36 - [TEST_STEP][PASSED] - com.ct.qa.keywords.AvailabilityKeywords.visitProductsAvailabilityWithYesRemarks(): com.ct.qa.keywords.AvailabilityKeywords.visitProductsAvailabilityWithYesRemarks is PASSED

2019-01-11 17:16:51 - [MESSAGE][PASSED] - Swiped from 0,275 to 0,200

2019-01-11 17:16:55 - [MESSAGE][PASSED] - Swiped from 0,274 to 0,200

2019-01-11 17:16:59 - [MESSAGE][PASSED] - Swiped from 0,275 to 0,200

2019-01-11 17:17:03 - [MESSAGE][PASSED] - Swiped from 0,274 to 0,200

2019-01-11 17:17:07 - [MESSAGE][PASSED] - Swiped from 0,275 to 0,200

2019-01-11 17:17:10 - [MESSAGE][PASSED] - Swiped from 0,274 to 0,200

2019-01-11 17:17:13 - [MESSAGE][PASSED] - Swiped from 0,275 to 0,200

2019-01-11 17:17:16 - [MESSAGE][PASSED] - Swiped from 0,274 to 0,200

2019-01-11 17:17:19 - [MESSAGE][PASSED] - Swiped from 0,275 to 0,200

2019-01-11 17:17:23 - [MESSAGE][PASSED] - Swiped from 0,274 to 0,200

2019-01-11 17:17:26 - [MESSAGE][PASSED] - Swiped from 0,275 to 0,200

2019-01-11 17:17:29 - [MESSAGE][PASSED] - Swiped from 0,274 to 0,200

2019-01-11 17:17:32 - [MESSAGE][PASSED] - Swiped from 0,275 to 0,200

2019-01-11 17:17:36 - [MESSAGE][PASSED] - Swiped from 0,274 to 0,200

2019-01-11 17:17:39 - [MESSAGE][PASSED] - Swiped from 0,275 to 0,200

2019-01-11 17:17:42 - [MESSAGE][PASSED] - Swiped from 0,274 to 0,200

2019-01-11 17:17:45 - [MESSAGE][PASSED] - Swiped from 0,275 to 0,200

2019-01-11 17:17:48 - [MESSAGE][PASSED] - Swiped from 0,274 to 0,200

2019-01-11 17:17:52 - [MESSAGE][PASSED] - Swiped from 0,275 to 0,200

2019-01-11 17:17:55 - [MESSAGE][PASSED] - Swiped from 0,274 to 0,200

2019-01-11 17:17:59 - [MESSAGE][PASSED] - Swiped from 0,275 to 0,200

2019-01-11 17:18:02 - [MESSAGE][PASSED] - Swiped from 0,274 to 0,200

2019-01-11 17:18:06 - [MESSAGE][PASSED] - Swiped from 0,275 to 0,200

2019-01-11 17:18:09 - [MESSAGE][PASSED] - Swiped from 0,274 to 0,200

2019-01-11 17:18:13 - [MESSAGE][PASSED] - Swiped from 0,275 to 0,200

2019-01-11 17:18:16 - [MESSAGE][PASSED] - Swiped from 0,274 to 0,200

2019-01-11 17:18:19 - [MESSAGE][PASSED] - Swiped from 0,275 to 0,200

2019-01-11 17:18:20 - [MESSAGE][PASSED] - com.ct.qa.keywords.AvailabilityKeywords.visitProductsAvailabilityWithYesRemarks is PASSED

2019-01-11 17:18:20 - [TEST_STEP][PASSED] - tap(findTestObject("ShopOpen/RemainingMainCategories/_Availability/ProductAvailability_SubmitButton", ["package":PACKAGENAME]), 0): Tapped on element 'Object Repository/ShopOpen/RemainingMainCategories/_Availability/ProductAvailability_SubmitButton'

2019-01-11 17:18:20 - [MESSAGE][WARNING] - Timeout '0' is invalid. Using default page load timeout: '5'

2019-01-11 17:18:21 - [MESSAGE][PASSED] - Tapped on element 'Object Repository/ShopOpen/RemainingMainCategories/_Availability/ProductAvailability_SubmitButton'

2019-01-11 17:18:21 - [TEST_STEP][PASSED] - verifyElementText(findTestObject("ShopOpen/RemainingMainCategories/_Availability/Validate_SubCategoryDetailScreen", ["package":PACKAGENAME]), "Availability"): Actual text and expected text of test object 'Object Repository/ShopOpen/RemainingMainCategories/_Availability/Validate_SubCategoryDetailScreen' are matched.

2019-01-11 17:18:22 - [MESSAGE][PASSED] - Actual text and expected text of test object 'Object Repository/ShopOpen/RemainingMainCategories/_Availability/Validate_SubCategoryDetailScreen' are matched.

2019-01-11 17:18:22 - [TEST_STEP][PASSED] - pressBack(): Press back button successfully

2019-01-11 17:18:22 - [MESSAGE][PASSED] - Press back button successfully

2019-01-11 17:18:22 - [TEST_STEP][PASSED] - verifyElementExist(findTestObject("ShopOpen/RemainingMainCategories/_Availability/Validate_SubCategoriesScreen", ["package":PACKAGENAME]), 0): Element 'Object Repository/ShopOpen/RemainingMainCategories/_Availability/Validate_SubCategoriesScreen' is exist

2019-01-11 17:18:22 - [MESSAGE][WARNING] - Timeout '0' is invalid. Using default page load timeout: '5'

2019-01-11 17:18:23 - [MESSAGE][PASSED] - Element 'Object Repository/ShopOpen/RemainingMainCategories/_Availability/Validate_SubCategoriesScreen' is exist

2019-01-11 17:18:23 - [MESSAGE][PASSED] - Call Test Case 'Test Cases/ShopOpen/RemainingMainCategories/Availability/VisitSubCategories_WithYesRemarks' successfully

2019-01-11 17:18:23 - [MESSAGE][PASSED] - com.ct.qa.keywords.AvailabilityKeywords.visitAvailabilitySubCategories is PASSED

2019-01-11 17:18:23 - [TEST_STEP][PASSED] - pressBack(): Press back button successfully

2019-01-11 17:18:25 - [MESSAGE][PASSED] - Press back button successfully

2019-01-11 17:18:25 - [TEST_STEP][PASSED] - verifyElementExist(findTestObject("ShopOpen/RemainingMainCategories/Validate_MainCategoryDetailActionScreen", ["package":PACKAGENAME]), 0): Element 'Object Repository/ShopOpen/RemainingMainCategories/Validate_MainCategoryDetailActionScreen' is exist

2019-01-11 17:18:25 - [MESSAGE][WARNING] - Timeout '0' is invalid. Using default page load timeout: '5'

2019-01-11 17:18:26 - [MESSAGE][PASSED] - Element 'Object Repository/ShopOpen/RemainingMainCategories/Validate_MainCategoryDetailActionScreen' is exist

2019-01-11 17:18:26 - [MESSAGE][PASSED] - Call Test Case 'Test Cases/ShopOpen/RemainingMainCategories/Availability/VisitAvailability_WithYesRemark' successfully

2019-01-11 17:18:27 - [TEST_CASE][PASSED] - Test Cases/ShopOpen/RemainingMainCategories/PrimaryDisplay/VisitPrimaryDisplayWith_DataVerification: Test Cases/ShopOpen/RemainingMainCategories/PrimaryDisplay/VisitPrimaryDisplayWith_DataVerification

2019-01-11 17:18:27 - [TEST_STEP][PASSED] - verifyElementExist(findTestObject("ShopOpen/RemainingMainCategories/PrimaryDisplay/Validate_PrimaryDisplayRemarksScreen", ["package":PACKAGENAME]), 0): Element 'Object Repository/ShopOpen/RemainingMainCategories/PrimaryDisplay/Validate_PrimaryDisplayRemarksScreen' is exist

2019-01-11 17:18:27 - [MESSAGE][WARNING] - Timeout '0' is invalid. Using default page load timeout: '5'

2019-01-11 17:18:29 - [MESSAGE][PASSED] - Element 'Object Repository/ShopOpen/RemainingMainCategories/PrimaryDisplay/Validate_PrimaryDisplayRemarksScreen' is exist

2019-01-11 17:18:29 - [TEST_STEP][PASSED] - com.ct.qa.keywords.PrimaryDisplayKeywords.selectPrimaryDisplayRemark_ForDataVerfication(): com.ct.qa.keywords.PrimaryDisplayKeywords.selectPrimaryDisplayRemark_ForDataVerfication is PASSED

2019-01-11 17:18:32 - [MESSAGE][WARNING] - Timeout '0' is invalid. Using default page load timeout: '5'

2019-01-11 17:18:33 - [MESSAGE][PASSED] - Element 'Object Repository/CommonScreenElements/Validate_CameraScreen' is exist

2019-01-11 17:18:33 - [MESSAGE][WARNING] - Timeout '0' is invalid. Using default page load timeout: '5'

2019-01-11 17:18:36 - [MESSAGE][PASSED] - Tapped on element 'Object Repository/CommonScreenElements/TakePictureButton'

2019-01-11 17:18:41 - [MESSAGE][PASSED] - Delayed 5 second(s)

2019-01-11 17:18:41 - [MESSAGE][WARNING] - Timeout '0' is invalid. Using default page load timeout: '5'

2019-01-11 17:18:42 - [MESSAGE][PASSED] - Tapped on element 'Object Repository/CommonScreenElements/DoneButton'

2019-01-11 17:18:42 - [TEST_CASE][PASSED] - Test Cases/ShopOpen/RemainingMainCategories/PrimaryDisplay/DisplaySpaceAvailable/VisitDSA: Test Cases/ShopOpen/RemainingMainCategories/PrimaryDisplay/DisplaySpaceAvailable/VisitDSA

2019-01-11 17:18:42 - [TEST_STEP][PASSED] - verifyElementExist(findTestObject("ShopOpen/RemainingMainCategories/PrimaryDisplay/DisplaySpaceAvailable/Validate_SubCategoriesScreen", ["package":PACKAGENAME]), 0): Element 'Object Repository/ShopOpen/RemainingMainCategories/PrimaryDisplay/DisplaySpaceAvailable/Validate_SubCategoriesScreen' is exist

2019-01-11 17:18:42 - [MESSAGE][WARNING] - Timeout '0' is invalid. Using default page load timeout: '5'

2019-01-11 17:18:44 - [MESSAGE][PASSED] - Element 'Object Repository/ShopOpen/RemainingMainCategories/PrimaryDisplay/DisplaySpaceAvailable/Validate_SubCategoriesScreen' is exist

2019-01-11 17:18:44 - [TEST_STEP][PASSED] - com.ct.qa.keywords.PrimaryDisplayKeywords.visitPrimaryDisplay_WithDSASubCategories(1): com.ct.qa.keywords.PrimaryDisplayKeywords.visitPrimaryDisplay_WithDSASubCategories is PASSED

2019-01-11 17:18:45 - [TEST_CASE][PASSED] - Test Cases/ShopOpen/RemainingMainCategories/PrimaryDisplay/DisplaySpaceAvailable/VisitDSA_SubCategories: Test Cases/ShopOpen/RemainingMainCategories/PrimaryDisplay/DisplaySpaceAvailable/VisitDSA_SubCategories

2019-01-11 17:18:45 - [TEST_STEP][PASSED] - verifyElementText(findTestObject("ShopOpen/RemainingMainCategories/PrimaryDisplay/DisplaySpaceAvailable/Validate_ShareOfShelfScreen", ["package":PACKAGENAME]), "Share of shelf"): Actual text and expected text of test object 'Object Repository/ShopOpen/RemainingMainCategories/PrimaryDisplay/DisplaySpaceAvailable/Validate_ShareOfShelfScreen' are matched.

2019-01-11 17:18:47 - [MESSAGE][PASSED] - Actual text and expected text of test object 'Object Repository/ShopOpen/RemainingMainCategories/PrimaryDisplay/DisplaySpaceAvailable/Validate_ShareOfShelfScreen' are matched.

2019-01-11 17:18:47 - [TEST_STEP][PASSED] - tap(findTestObject("ShopOpen/RemainingMainCategories/PrimaryDisplay/DisplaySpaceAvailable/ShareOfShelf", ["package":PACKAGENAME]), 0): Tapped on element 'Object Repository/ShopOpen/RemainingMainCategories/PrimaryDisplay/DisplaySpaceAvailable/ShareOfShelf'

2019-01-11 17:18:47 - [MESSAGE][WARNING] - Timeout '0' is invalid. Using default page load timeout: '5'

2019-01-11 17:18:47 - [MESSAGE][PASSED] - Tapped on element 'Object Repository/ShopOpen/RemainingMainCategories/PrimaryDisplay/DisplaySpaceAvailable/ShareOfShelf'

2019-01-11 17:18:47 - [TEST_STEP][PASSED] - verifyElementText(findTestObject("ShopOpen/RemainingMainCategories/PrimaryDisplay/DisplaySpaceAvailable/Validate_ShareOfShelfProductsScreen", ["package":PACKAGENAME]), "Share of shelf"): Actual text and expected text of test object 'Object Repository/ShopOpen/RemainingMainCategories/PrimaryDisplay/DisplaySpaceAvailable/Validate_ShareOfShelfProductsScreen' are matched.

2019-01-11 17:18:49 - [MESSAGE][PASSED] - Actual text and expected text of test object 'Object Repository/ShopOpen/RemainingMainCategories/PrimaryDisplay/DisplaySpaceAvailable/Validate_ShareOfShelfProductsScreen' are matched.

2019-01-11 17:18:49 - [TEST_STEP][PASSED] - com.ct.qa.keywords.PrimaryDisplayKeywords.visitDSA_Products(DISPLAYSPACEAVAILABLE): com.ct.qa.keywords.PrimaryDisplayKeywords.visitDSA_Products is PASSED

2019-01-11 17:18:54 - [MESSAGE][PASSED] - Keyboard is hidden

2019-01-11 17:18:57 - [MESSAGE][PASSED] - Keyboard is hidden

2019-01-11 17:19:00 - [MESSAGE][PASSED] - Keyboard is hidden

2019-01-11 17:19:03 - [MESSAGE][PASSED] - Keyboard is hidden

2019-01-11 17:19:06 - [MESSAGE][PASSED] - Keyboard is hidden

2019-01-11 17:19:09 - [MESSAGE][PASSED] - Keyboard is hidden

2019-01-11 17:19:13 - [MESSAGE][PASSED] - Swiped from 117,359 to 117,250

2019-01-11 17:19:16 - [MESSAGE][PASSED] - Keyboard is hidden

2019-01-11 17:19:18 - [MESSAGE][PASSED] - Swiped from 117,359 to 117,250

2019-01-11 17:19:21 - [MESSAGE][PASSED] - Keyboard is hidden

2019-01-11 17:19:23 - [MESSAGE][PASSED] - Swiped from 117,359 to 117,250

2019-01-11 17:19:26 - [MESSAGE][PASSED] - Keyboard is hidden

2019-01-11 17:19:28 - [MESSAGE][PASSED] - Swiped from 117,359 to 117,250

2019-01-11 17:19:31 - [MESSAGE][PASSED] - Keyboard is hidden

2019-01-11 17:19:33 - [MESSAGE][PASSED] - Swiped from 117,359 to 117,250

2019-01-11 17:19:36 - [MESSAGE][PASSED] - Keyboard is hidden

2019-01-11 17:19:38 - [MESSAGE][PASSED] - Swiped from 117,359 to 117,250

2019-01-11 17:19:41 - [MESSAGE][PASSED] - Keyboard is hidden

2019-01-11 17:19:43 - [MESSAGE][PASSED] - Swiped from 117,359 to 117,250

2019-01-11 17:19:46 - [MESSAGE][PASSED] - Keyboard is hidden

2019-01-11 17:19:48 - [MESSAGE][PASSED] - Swiped from 117,359 to 117,250

2019-01-11 17:19:51 - [MESSAGE][PASSED] - Keyboard is hidden

2019-01-11 17:19:53 - [MESSAGE][PASSED] - Swiped from 117,359 to 117,250

2019-01-11 17:19:56 - [MESSAGE][PASSED] - Keyboard is hidden

2019-01-11 17:19:58 - [MESSAGE][PASSED] - Swiped from 117,359 to 117,250

2019-01-11 17:20:01 - [MESSAGE][PASSED] - Keyboard is hidden

2019-01-11 17:20:03 - [MESSAGE][PASSED] - Swiped from 117,359 to 117,250

2019-01-11 17:20:06 - [MESSAGE][PASSED] - Keyboard is hidden

2019-01-11 17:20:09 - [MESSAGE][PASSED] - Swiped from 117,359 to 117,250

2019-01-11 17:20:12 - [MESSAGE][PASSED] - Keyboard is hidden

2019-01-11 17:20:14 - [MESSAGE][PASSED] - Swiped from 117,359 to 117,250

2019-01-11 17:20:17 - [MESSAGE][PASSED] - Keyboard is hidden

2019-01-11 17:20:19 - [MESSAGE][PASSED] - Swiped from 117,359 to 117,250

2019-01-11 17:20:22 - [MESSAGE][PASSED] - Keyboard is hidden

2019-01-11 17:20:24 - [MESSAGE][PASSED] - Swiped from 117,359 to 117,250

2019-01-11 17:20:27 - [MESSAGE][PASSED] - Keyboard is hidden

2019-01-11 17:20:29 - [MESSAGE][PASSED] - Swiped from 117,359 to 117,250

2019-01-11 17:20:32 - [MESSAGE][PASSED] - Keyboard is hidden

2019-01-11 17:20:34 - [MESSAGE][PASSED] - Swiped from 117,359 to 117,250

2019-01-11 17:20:37 - [MESSAGE][PASSED] - Keyboard is hidden

2019-01-11 17:20:39 - [MESSAGE][PASSED] - Swiped from 117,359 to 117,250

2019-01-11 17:20:42 - [MESSAGE][PASSED] - Keyboard is hidden

2019-01-11 17:20:44 - [MESSAGE][PASSED] - Swiped from 117,359 to 117,250

2019-01-11 17:20:47 - [MESSAGE][PASSED] - Keyboard is hidden

2019-01-11 17:20:49 - [MESSAGE][PASSED] - Swiped from 117,359 to 117,250

2019-01-11 17:20:52 - [MESSAGE][PASSED] - Keyboard is hidden

2019-01-11 17:20:54 - [MESSAGE][PASSED] - Swiped from 117,359 to 117,250

2019-01-11 17:20:57 - [MESSAGE][PASSED] - Keyboard is hidden

2019-01-11 17:20:59 - [MESSAGE][PASSED] - Swiped from 117,359 to 117,250

2019-01-11 17:21:02 - [MESSAGE][PASSED] - Keyboard is hidden

2019-01-11 17:21:04 - [MESSAGE][PASSED] - Swiped from 117,359 to 117,250

2019-01-11 17:21:07 - [MESSAGE][PASSED] - Keyboard is hidden

2019-01-11 17:21:09 - [MESSAGE][PASSED] - Swiped from 117,359 to 117,250

2019-01-11 17:21:12 - [MESSAGE][PASSED] - Keyboard is hidden

2019-01-11 17:21:14 - [MESSAGE][PASSED] - Swiped from 117,359 to 117,250

2019-01-11 17:21:17 - [MESSAGE][PASSED] - Keyboard is hidden

2019-01-11 17:21:19 - [MESSAGE][PASSED] - Swiped from 117,359 to 117,250

2019-01-11 17:21:22 - [MESSAGE][PASSED] - Keyboard is hidden

2019-01-11 17:21:24 - [MESSAGE][PASSED] - Swiped from 117,359 to 117,250

2019-01-11 17:21:27 - [MESSAGE][PASSED] - Keyboard is hidden

2019-01-11 17:21:29 - [MESSAGE][PASSED] - Swiped from 117,359 to 117,250

2019-01-11 17:21:32 - [MESSAGE][PASSED] - Keyboard is hidden

2019-01-11 17:21:34 - [MESSAGE][PASSED] - Swiped from 117,359 to 117,250

2019-01-11 17:21:37 - [MESSAGE][PASSED] - Keyboard is hidden

2019-01-11 17:21:39 - [MESSAGE][PASSED] - Swiped from 117,359 to 117,250

2019-01-11 17:21:40 - [MESSAGE][PASSED] - com.ct.qa.keywords.PrimaryDisplayKeywords.visitDSA_Products is PASSED

2019-01-11 17:21:40 - [TEST_STEP][PASSED] - tap(findTestObject("ShopOpen/RemainingMainCategories/PrimaryDisplay/DisplaySpaceAvailable/SubmitButton", ["package":PACKAGENAME]), 0): Tapped on element 'Object Repository/ShopOpen/RemainingMainCategories/PrimaryDisplay/DisplaySpaceAvailable/SubmitButton'

2019-01-11 17:21:40 - [MESSAGE][WARNING] - Timeout '0' is invalid. Using default page load timeout: '5'

2019-01-11 17:21:40 - [MESSAGE][PASSED] - Tapped on element 'Object Repository/ShopOpen/RemainingMainCategories/PrimaryDisplay/DisplaySpaceAvailable/SubmitButton'

2019-01-11 17:21:40 - [TEST_STEP][PASSED] - verifyElementText(findTestObject("ShopOpen/RemainingMainCategories/PrimaryDisplay/DisplaySpaceAvailable/Validate_AlertScreen", ["package":PACKAGENAME]), "Alert"): Actual text and expected text of test object 'Object Repository/ShopOpen/RemainingMainCategories/PrimaryDisplay/DisplaySpaceAvailable/Validate_AlertScreen' are matched.

2019-01-11 17:21:42 - [MESSAGE][PASSED] - Actual text and expected text of test object 'Object Repository/ShopOpen/RemainingMainCategories/PrimaryDisplay/DisplaySpaceAvailable/Validate_AlertScreen' are matched.

2019-01-11 17:21:42 - [TEST_STEP][PASSED] - tap(findTestObject("ShopOpen/RemainingMainCategories/PrimaryDisplay/DisplaySpaceAvailable/Alert_SaveButton", ["package":PACKAGENAME]), 0): Tapped on element 'Object Repository/ShopOpen/RemainingMainCategories/PrimaryDisplay/DisplaySpaceAvailable/Alert_SaveButton'

2019-01-11 17:21:42 - [MESSAGE][WARNING] - Timeout '0' is invalid. Using default page load timeout: '5'

2019-01-11 17:21:42 - [MESSAGE][PASSED] - Tapped on element 'Object Repository/ShopOpen/RemainingMainCategories/PrimaryDisplay/DisplaySpaceAvailable/Alert_SaveButton'

2019-01-11 17:21:42 - [TEST_STEP][PASSED] - verifyElementText(findTestObject("ShopOpen/RemainingMainCategories/PrimaryDisplay/DisplaySpaceAvailable/Validate_ShareOfShelfScreen", ["package":PACKAGENAME]), "Share of shelf"): Actual text and expected text of test object 'Object Repository/ShopOpen/RemainingMainCategories/PrimaryDisplay/DisplaySpaceAvailable/Validate_ShareOfShelfScreen' are matched.

2019-01-11 17:21:43 - [MESSAGE][PASSED] - Actual text and expected text of test object 'Object Repository/ShopOpen/RemainingMainCategories/PrimaryDisplay/DisplaySpaceAvailable/Validate_ShareOfShelfScreen' are matched.

2019-01-11 17:21:43 - [TEST_STEP][PASSED] - tap(findTestObject("ShopOpen/RemainingMainCategories/PrimaryDisplay/DisplaySpaceAvailable/ShareofShelf_BackButton", ["package":PACKAGENAME]), 0): Tapped on element 'Object Repository/ShopOpen/RemainingMainCategories/PrimaryDisplay/DisplaySpaceAvailable/ShareofShelf_BackButton'

2019-01-11 17:21:43 - [MESSAGE][WARNING] - Timeout '0' is invalid. Using default page load timeout: '5'

2019-01-11 17:21:43 - [MESSAGE][PASSED] - Tapped on element 'Object Repository/ShopOpen/RemainingMainCategories/PrimaryDisplay/DisplaySpaceAvailable/ShareofShelf_BackButton'

2019-01-11 17:21:43 - [TEST_STEP][PASSED] - verifyElementExist(findTestObject("ShopOpen/RemainingMainCategories/PrimaryDisplay/DisplaySpaceAvailable/Validate_SubCategoriesScreen", ["package":PACKAGENAME]), 0): Element 'Object Repository/ShopOpen/RemainingMainCategories/PrimaryDisplay/DisplaySpaceAvailable/Validate_SubCategoriesScreen' is exist

2019-01-11 17:21:43 - [MESSAGE][WARNING] - Timeout '0' is invalid. Using default page load timeout: '5'

2019-01-11 17:21:44 - [MESSAGE][PASSED] - Element 'Object Repository/ShopOpen/RemainingMainCategories/PrimaryDisplay/DisplaySpaceAvailable/Validate_SubCategoriesScreen' is exist

2019-01-11 17:21:44 - [MESSAGE][PASSED] - Call Test Case 'Test Cases/ShopOpen/RemainingMainCategories/PrimaryDisplay/DisplaySpaceAvailable/VisitDSA_SubCategories' successfully

2019-01-11 17:21:44 - [MESSAGE][PASSED] - com.ct.qa.keywords.PrimaryDisplayKeywords.visitPrimaryDisplay_WithDSASubCategories is PASSED

2019-01-11 17:21:44 - [TEST_STEP][PASSED] - com.ct.qa.keywords.CommonKeywords.findPlanogramImageView(): com.ct.qa.keywords.CommonKeywords.findPlanogramImageView is PASSED

2019-01-11 17:21:46 - [MESSAGE][WARNING] - Timeout '0' is invalid. Using default page load timeout: '5'

2019-01-11 17:21:53 - [MESSAGE][WARNING] - Object Object Repository/CommonScreenElements/InfoPopUp_OKButton not found
[[ATTACHMENT|F:\\Git Projects\\PnG_Merchandising\\PnG_Merchandising\\Reports\\PnG Merchandising With Channel Wise Data Verification\\20190111_162651\\1547209311791.png]]

2019-01-11 17:21:53 - [MESSAGE][PASSED] - com.ct.qa.keywords.CommonKeywords.findPlanogramImageView is PASSED

2019-01-11 17:21:53 - [TEST_STEP][PASSED] - verifyElementExist(findTestObject("ShopOpen/RemainingMainCategories/PrimaryDisplay/DisplaySpaceAvailable/Validate_SubCategoriesScreen", ["package":PACKAGENAME]), 0): Element 'Object Repository/ShopOpen/RemainingMainCategories/PrimaryDisplay/DisplaySpaceAvailable/Validate_SubCategoriesScreen' is exist

2019-01-11 17:21:53 - [MESSAGE][WARNING] - Timeout '0' is invalid. Using default page load timeout: '5'

2019-01-11 17:21:54 - [MESSAGE][PASSED] - Element 'Object Repository/ShopOpen/RemainingMainCategories/PrimaryDisplay/DisplaySpaceAvailable/Validate_SubCategoriesScreen' is exist

2019-01-11 17:21:54 - [TEST_STEP][PASSED] - com.ct.qa.keywords.CommonKeywords.findPictureImageView(): com.ct.qa.keywords.CommonKeywords.findPictureImageView is PASSED

2019-01-11 17:21:57 - [MESSAGE][WARNING] - Timeout '0' is invalid. Using default page load timeout: '5'

2019-01-11 17:21:58 - [MESSAGE][PASSED] - Element 'Object Repository/CommonScreenElements/Validate_CameraScreen' is exist

2019-01-11 17:21:58 - [MESSAGE][WARNING] - Timeout '0' is invalid. Using default page load timeout: '5'

2019-01-11 17:22:01 - [MESSAGE][PASSED] - Tapped on element 'Object Repository/CommonScreenElements/TakePictureButton'

2019-01-11 17:22:06 - [MESSAGE][PASSED] - Delayed 5 second(s)

2019-01-11 17:22:06 - [MESSAGE][WARNING] - Timeout '0' is invalid. Using default page load timeout: '5'

2019-01-11 17:22:07 - [MESSAGE][PASSED] - Tapped on element 'Object Repository/CommonScreenElements/DoneButton'

2019-01-11 17:22:07 - [MESSAGE][PASSED] - com.ct.qa.keywords.CommonKeywords.findPictureImageView is PASSED

2019-01-11 17:22:07 - [TEST_STEP][PASSED] - verifyElementExist(findTestObject("ShopOpen/RemainingMainCategories/PrimaryDisplay/DisplaySpaceAvailable/Validate_SubCategoriesScreen", ["package":PACKAGENAME]), 0): Element 'Object Repository/ShopOpen/RemainingMainCategories/PrimaryDisplay/DisplaySpaceAvailable/Validate_SubCategoriesScreen' is exist

2019-01-11 17:22:07 - [MESSAGE][WARNING] - Timeout '0' is invalid. Using default page load timeout: '5'

2019-01-11 17:22:08 - [MESSAGE][PASSED] - Element 'Object Repository/ShopOpen/RemainingMainCategories/PrimaryDisplay/DisplaySpaceAvailable/Validate_SubCategoriesScreen' is exist

2019-01-11 17:22:08 - [TEST_STEP][PASSED] - com.ct.qa.keywords.CommonKeywords.findBackButtonImageView(): com.ct.qa.keywords.CommonKeywords.findBackButtonImageView is PASSED

2019-01-11 17:22:11 - [MESSAGE][PASSED] - com.ct.qa.keywords.CommonKeywords.findBackButtonImageView is PASSED

2019-01-11 17:22:11 - [TEST_STEP][PASSED] - verifyElementExist(findTestObject("ShopOpen/RemainingMainCategories/Validate_MainCategoryDetailActionScreen", ["package":PACKAGENAME]), 0): Element 'Object Repository/ShopOpen/RemainingMainCategories/Validate_MainCategoryDetailActionScreen' is exist

2019-01-11 17:22:11 - [MESSAGE][WARNING] - Timeout '0' is invalid. Using default page load timeout: '5'

2019-01-11 17:22:12 - [MESSAGE][PASSED] - Element 'Object Repository/ShopOpen/RemainingMainCategories/Validate_MainCategoryDetailActionScreen' is exist

2019-01-11 17:22:12 - [MESSAGE][PASSED] - Call Test Case 'Test Cases/ShopOpen/RemainingMainCategories/PrimaryDisplay/DisplaySpaceAvailable/VisitDSA' successfully

2019-01-11 17:22:12 - [MESSAGE][PASSED] - com.ct.qa.keywords.PrimaryDisplayKeywords.selectPrimaryDisplayRemark_ForDataVerfication is PASSED

2019-01-11 17:22:12 - [MESSAGE][PASSED] - Call Test Case 'Test Cases/ShopOpen/RemainingMainCategories/PrimaryDisplay/VisitPrimaryDisplayWith_DataVerification' successfully

2019-01-11 17:22:13 - [TEST_CASE][PASSED] - Test Cases/ShopOpen/RemainingMainCategories/SecondaryDisplay/SecondaryDisplay_VisitingScenarios/VisitSecondaryDisplayWith_DataVerification: Test Cases/ShopOpen/RemainingMainCategories/SecondaryDisplay/SecondaryDisplay_VisitingScenarios/VisitSecondaryDisplayWith_DataVerification

2019-01-11 17:22:13 - [TEST_STEP][PASSED] - verifyElementExist(findTestObject("ShopOpen/RemainingMainCategories/SecondaryDisplay/Validate_SecondaryDisplayRemarksScreen", ["package":PACKAGENAME]), 0): Element 'Object Repository/ShopOpen/RemainingMainCategories/SecondaryDisplay/Validate_SecondaryDisplayRemarksScreen' is exist

2019-01-11 17:22:13 - [MESSAGE][WARNING] - Timeout '0' is invalid. Using default page load timeout: '5'

2019-01-11 17:22:15 - [MESSAGE][PASSED] - Element 'Object Repository/ShopOpen/RemainingMainCategories/SecondaryDisplay/Validate_SecondaryDisplayRemarksScreen' is exist

2019-01-11 17:22:15 - [TEST_STEP][PASSED] - com.ct.qa.keywords.SecondaryDisplayKeywords.selectSecondaryDisplayRemark_WithDataVerification(): com.ct.qa.keywords.SecondaryDisplayKeywords.selectSecondaryDisplayRemark_WithDataVerification is PASSED

2019-01-11 17:22:16 - [TEST_CASE][PASSED] - Test Cases/ShopOpen/RemainingMainCategories/SecondaryDisplay/Available/VisitSecondaryDisplayAvailable: Test Cases/ShopOpen/RemainingMainCategories/SecondaryDisplay/Available/VisitSecondaryDisplayAvailable

2019-01-11 17:22:16 - [TEST_STEP][PASSED] - verifyElementText(findTestObject("ShopOpen/RemainingMainCategories/SecondaryDisplay/Available/Validate_UnitsScreen"), "Units"): Actual text and expected text of test object 'Object Repository/ShopOpen/RemainingMainCategories/SecondaryDisplay/Available/Validate_UnitsScreen' are matched.

2019-01-11 17:22:17 - [MESSAGE][PASSED] - Actual text and expected text of test object 'Object Repository/ShopOpen/RemainingMainCategories/SecondaryDisplay/Available/Validate_UnitsScreen' are matched.

2019-01-11 17:22:17 - [TEST_STEP][PASSED] - com.ct.qa.keywords.SecondaryDisplayKeywords.enterUnitsForSecondaryDisplay(): com.ct.qa.keywords.SecondaryDisplayKeywords.enterUnitsForSecondaryDisplay is PASSED

2019-01-11 17:22:20 - [MESSAGE][PASSED] - Keyboard is hidden

2019-01-11 17:22:22 - [MESSAGE][PASSED] - Keyboard is hidden

2019-01-11 17:22:22 - [MESSAGE][PASSED] - com.ct.qa.keywords.SecondaryDisplayKeywords.enterUnitsForSecondaryDisplay is PASSED

2019-01-11 17:22:22 - [TEST_STEP][PASSED] - tap(findTestObject("ShopOpen/RemainingMainCategories/SecondaryDisplay/Available/Units_SubmitButton", ["package":PACKAGENAME]), 0): Tapped on element 'Object Repository/ShopOpen/RemainingMainCategories/SecondaryDisplay/Available/Units_SubmitButton'

2019-01-11 17:22:22 - [MESSAGE][WARNING] - Timeout '0' is invalid. Using default page load timeout: '5'

2019-01-11 17:22:23 - [MESSAGE][PASSED] - Tapped on element 'Object Repository/ShopOpen/RemainingMainCategories/SecondaryDisplay/Available/Units_SubmitButton'

2019-01-11 17:22:23 - [TEST_STEP][PASSED] - verifyElementExist(findTestObject("ShopOpen/RemainingMainCategories/SecondaryDisplay/Available/Validate_UnitsListScreen", ["package":PACKAGENAME]), 0): Element 'Object Repository/ShopOpen/RemainingMainCategories/SecondaryDisplay/Available/Validate_UnitsListScreen' is exist

2019-01-11 17:22:23 - [MESSAGE][WARNING] - Timeout '0' is invalid. Using default page load timeout: '5'

2019-01-11 17:22:25 - [MESSAGE][PASSED] - Element 'Object Repository/ShopOpen/RemainingMainCategories/SecondaryDisplay/Available/Validate_UnitsListScreen' is exist

2019-01-11 17:22:25 - [TEST_STEP][PASSED] - com.ct.qa.keywords.SecondaryDisplayKeywords.visitSecondaryDisplayUnitsList(): com.ct.qa.keywords.SecondaryDisplayKeywords.visitSecondaryDisplayUnitsList is PASSED

2019-01-11 17:22:27 - [TEST_CASE][PASSED] - Test Cases/ShopOpen/RemainingMainCategories/SecondaryDisplay/Available/VisitAvailableWith_DisplayUnitNeedMaintenance: Test Cases/ShopOpen/RemainingMainCategories/SecondaryDisplay/Available/VisitAvailableWith_DisplayUnitNeedMaintenance

2019-01-11 17:22:27 - [TEST_STEP][PASSED] - verifyElementExist(findTestObject("CommonScreenElements/Validate_CameraScreen", ["package":PACKAGENAME]), 0): Element 'Object Repository/CommonScreenElements/Validate_CameraScreen' is exist

2019-01-11 17:22:27 - [MESSAGE][WARNING] - Timeout '0' is invalid. Using default page load timeout: '5'

2019-01-11 17:22:28 - [MESSAGE][PASSED] - Element 'Object Repository/CommonScreenElements/Validate_CameraScreen' is exist

2019-01-11 17:22:28 - [TEST_STEP][PASSED] - tap(findTestObject("CommonScreenElements/TakePictureButton", ["package":PACKAGENAME]), 0): Tapped on element 'Object Repository/CommonScreenElements/TakePictureButton'

2019-01-11 17:22:28 - [MESSAGE][WARNING] - Timeout '0' is invalid. Using default page load timeout: '5'

2019-01-11 17:22:32 - [MESSAGE][PASSED] - Tapped on element 'Object Repository/CommonScreenElements/TakePictureButton'

2019-01-11 17:22:32 - [TEST_STEP][PASSED] - delay(5, STOP_ON_FAILURE): Delayed 5 second(s)

2019-01-11 17:22:37 - [MESSAGE][PASSED] - Delayed 5 second(s)

2019-01-11 17:22:37 - [TEST_STEP][PASSED] - tap(findTestObject("CommonScreenElements/DoneButton", ["package":PACKAGENAME]), 0): Tapped on element 'Object Repository/CommonScreenElements/DoneButton'

2019-01-11 17:22:37 - [MESSAGE][WARNING] - Timeout '0' is invalid. Using default page load timeout: '5'

2019-01-11 17:22:37 - [MESSAGE][PASSED] - Tapped on element 'Object Repository/CommonScreenElements/DoneButton'

2019-01-11 17:22:37 - [TEST_STEP][PASSED] - verifyElementExist(findTestObject("ShopOpen/RemainingMainCategories/SecondaryDisplay/Available/Validate_AvailableRemarksScreen", ["package":PACKAGENAME]), 0): Element 'Object Repository/ShopOpen/RemainingMainCategories/SecondaryDisplay/Available/Validate_AvailableRemarksScreen' is exist

2019-01-11 17:22:37 - [MESSAGE][WARNING] - Timeout '0' is invalid. Using default page load timeout: '5'

2019-01-11 17:22:40 - [MESSAGE][PASSED] - Element 'Object Repository/ShopOpen/RemainingMainCategories/SecondaryDisplay/Available/Validate_AvailableRemarksScreen' is exist

2019-01-11 17:22:40 - [TEST_STEP][PASSED] - com.ct.qa.keywords.SecondaryDisplayKeywords.selectSecondaryDisplay_AvailableRemark("Display Unit Need Maintenance", 1): com.ct.qa.keywords.SecondaryDisplayKeywords.selectSecondaryDisplay_AvailableRemark is PASSED

2019-01-11 17:22:41 - [MESSAGE][WARNING] - Timeout '0' is invalid. Using default page load timeout: '5'

2019-01-11 17:22:43 - [MESSAGE][PASSED] - Element 'Object Repository/ShopOpen/RemainingMainCategories/SecondaryDisplay/Available/Validate_SecondaryDisplay_available_remarksScreen' is exist

2019-01-11 17:22:44 - [MESSAGE][PASSED] - com.ct.qa.keywords.SecondaryDisplayKeywords.selectSecondaryDisplay_AvailableRemark is PASSED

2019-01-11 17:22:44 - [TEST_STEP][PASSED] - tap(findTestObject("ShopOpen/RemainingMainCategories/SecondaryDisplay/Available/DUNM_CategoryRemarks_BackButton", ["package":PACKAGENAME]), 0): Tapped on element 'Object Repository/ShopOpen/RemainingMainCategories/SecondaryDisplay/Available/DUNM_CategoryRemarks_BackButton'

2019-01-11 17:22:44 - [MESSAGE][WARNING] - Timeout '0' is invalid. Using default page load timeout: '5'

2019-01-11 17:22:45 - [MESSAGE][PASSED] - Tapped on element 'Object Repository/ShopOpen/RemainingMainCategories/SecondaryDisplay/Available/DUNM_CategoryRemarks_BackButton'

2019-01-11 17:22:45 - [TEST_STEP][PASSED] - verifyElementExist(findTestObject("ShopOpen/RemainingMainCategories/SecondaryDisplay/Available/Validate_AvailableRemarksScreen", ["package":PACKAGENAME]), 0): Element 'Object Repository/ShopOpen/RemainingMainCategories/SecondaryDisplay/Available/Validate_AvailableRemarksScreen' is exist

2019-01-11 17:22:45 - [MESSAGE][WARNING] - Timeout '0' is invalid. Using default page load timeout: '5'

2019-01-11 17:22:46 - [MESSAGE][PASSED] - Element 'Object Repository/ShopOpen/RemainingMainCategories/SecondaryDisplay/Available/Validate_AvailableRemarksScreen' is exist

2019-01-11 17:22:46 - [TEST_STEP][PASSED] - tap(findTestObject("ShopOpen/RemainingMainCategories/SecondaryDisplay/Available/AvailableRemarks_BackButton", ["package":PACKAGENAME]), 0): Tapped on element 'Object Repository/ShopOpen/RemainingMainCategories/SecondaryDisplay/Available/AvailableRemarks_BackButton'

2019-01-11 17:22:46 - [MESSAGE][WARNING] - Timeout '0' is invalid. Using default page load timeout: '5'

2019-01-11 17:22:46 - [MESSAGE][PASSED] - Tapped on element 'Object Repository/ShopOpen/RemainingMainCategories/SecondaryDisplay/Available/AvailableRemarks_BackButton'

2019-01-11 17:22:46 - [TEST_STEP][PASSED] - verifyElementText(findTestObject("ShopOpen/RemainingMainCategories/SecondaryDisplay/Available/Validate_UtilizationPopUpScreen", ["package":PACKAGENAME]), "Utilization"): Actual text and expected text of test object 'Object Repository/ShopOpen/RemainingMainCategories/SecondaryDisplay/Available/Validate_UtilizationPopUpScreen' are matched.

2019-01-11 17:22:48 - [MESSAGE][PASSED] - Actual text and expected text of test object 'Object Repository/ShopOpen/RemainingMainCategories/SecondaryDisplay/Available/Validate_UtilizationPopUpScreen' are matched.

2019-01-11 17:22:48 - [TEST_STEP][PASSED] - com.ct.qa.keywords.SecondaryDisplayKeywords.enterUtilizationForSecondaryDisplay(1): com.ct.qa.keywords.SecondaryDisplayKeywords.enterUtilizationForSecondaryDisplay is PASSED

2019-01-11 17:22:52 - [MESSAGE][PASSED] - com.ct.qa.keywords.SecondaryDisplayKeywords.enterUtilizationForSecondaryDisplay is PASSED

2019-01-11 17:22:52 - [TEST_STEP][PASSED] - hideKeyboard(): Keyboard is hidden

2019-01-11 17:22:53 - [MESSAGE][PASSED] - Keyboard is hidden

2019-01-11 17:22:53 - [TEST_STEP][PASSED] - tap(findTestObject("ShopOpen/RemainingMainCategories/SecondaryDisplay/Available/Utilization_SubmitButton", ["package":PACKAGENAME]), 0, STOP_ON_FAILURE): Tapped on element 'Object Repository/ShopOpen/RemainingMainCategories/SecondaryDisplay/Available/Utilization_SubmitButton'

2019-01-11 17:22:53 - [MESSAGE][WARNING] - Timeout '0' is invalid. Using default page load timeout: '5'

2019-01-11 17:22:54 - [MESSAGE][PASSED] - Tapped on element 'Object Repository/ShopOpen/RemainingMainCategories/SecondaryDisplay/Available/Utilization_SubmitButton'

2019-01-11 17:22:54 - [TEST_STEP][PASSED] - verifyElementExist(findTestObject("ShopOpen/RemainingMainCategories/SecondaryDisplay/Available/Validate_UnitsListScreen", ["package":PACKAGENAME]), 0): Element 'Object Repository/ShopOpen/RemainingMainCategories/SecondaryDisplay/Available/Validate_UnitsListScreen' is exist

2019-01-11 17:22:54 - [MESSAGE][WARNING] - Timeout '0' is invalid. Using default page load timeout: '5'

2019-01-11 17:22:55 - [MESSAGE][PASSED] - Element 'Object Repository/ShopOpen/RemainingMainCategories/SecondaryDisplay/Available/Validate_UnitsListScreen' is exist

2019-01-11 17:22:55 - [MESSAGE][PASSED] - Call Test Case 'Test Cases/ShopOpen/RemainingMainCategories/SecondaryDisplay/Available/VisitAvailableWith_DisplayUnitNeedMaintenance' successfully

2019-01-11 17:22:55 - [TEST_CASE][PASSED] - Test Cases/ShopOpen/RemainingMainCategories/SecondaryDisplay/Available/VisitAvailableWith_SKDNA: Test Cases/ShopOpen/RemainingMainCategories/SecondaryDisplay/Available/VisitAvailableWith_SKDNA

2019-01-11 17:22:55 - [TEST_STEP][PASSED] - verifyElementExist(findTestObject("CommonScreenElements/Validate_CameraScreen", ["package":PACKAGENAME]), 0): Element 'Object Repository/CommonScreenElements/Validate_CameraScreen' is exist

2019-01-11 17:22:55 - [MESSAGE][WARNING] - Timeout '0' is invalid. Using default page load timeout: '5'

2019-01-11 17:22:57 - [MESSAGE][PASSED] - Element 'Object Repository/CommonScreenElements/Validate_CameraScreen' is exist

2019-01-11 17:22:57 - [TEST_STEP][PASSED] - tap(findTestObject("CommonScreenElements/TakePictureButton", ["package":PACKAGENAME]), 0): Tapped on element 'Object Repository/CommonScreenElements/TakePictureButton'

2019-01-11 17:22:57 - [MESSAGE][WARNING] - Timeout '0' is invalid. Using default page load timeout: '5'

2019-01-11 17:23:00 - [MESSAGE][PASSED] - Tapped on element 'Object Repository/CommonScreenElements/TakePictureButton'

2019-01-11 17:23:00 - [TEST_STEP][PASSED] - delay(5, STOP_ON_FAILURE): Delayed 5 second(s)

2019-01-11 17:23:05 - [MESSAGE][PASSED] - Delayed 5 second(s)

2019-01-11 17:23:05 - [TEST_STEP][PASSED] - tap(findTestObject("CommonScreenElements/DoneButton", ["package":PACKAGENAME]), 0): Tapped on element 'Object Repository/CommonScreenElements/DoneButton'

2019-01-11 17:23:05 - [MESSAGE][WARNING] - Timeout '0' is invalid. Using default page load timeout: '5'

2019-01-11 17:23:06 - [MESSAGE][PASSED] - Tapped on element 'Object Repository/CommonScreenElements/DoneButton'

2019-01-11 17:23:06 - [TEST_STEP][PASSED] - verifyElementExist(findTestObject("ShopOpen/RemainingMainCategories/SecondaryDisplay/Available/Validate_AvailableRemarksScreen", ["package":PACKAGENAME]), 0): Element 'Object Repository/ShopOpen/RemainingMainCategories/SecondaryDisplay/Available/Validate_AvailableRemarksScreen' is exist

2019-01-11 17:23:06 - [MESSAGE][WARNING] - Timeout '0' is invalid. Using default page load timeout: '5'

2019-01-11 17:23:08 - [MESSAGE][PASSED] - Element 'Object Repository/ShopOpen/RemainingMainCategories/SecondaryDisplay/Available/Validate_AvailableRemarksScreen' is exist

2019-01-11 17:23:08 - [TEST_STEP][PASSED] - com.ct.qa.keywords.SecondaryDisplayKeywords.selectSecondaryDisplay_AvailableRemark("Shopkeeper did not allow", 1): com.ct.qa.keywords.SecondaryDisplayKeywords.selectSecondaryDisplay_AvailableRemark is PASSED

2019-01-11 17:23:10 - [MESSAGE][WARNING] - Timeout '0' is invalid. Using default page load timeout: '5'

2019-01-11 17:23:12 - [MESSAGE][PASSED] - Element 'Object Repository/ShopOpen/RemainingMainCategories/SecondaryDisplay/Available/Validate_SecondaryDisplay_available_remarksScreen' is exist

2019-01-11 17:23:12 - [MESSAGE][PASSED] - com.ct.qa.keywords.SecondaryDisplayKeywords.selectSecondaryDisplay_AvailableRemark is PASSED

2019-01-11 17:23:12 - [TEST_STEP][PASSED] - tap(findTestObject("ShopOpen/RemainingMainCategories/SecondaryDisplay/Available/SKDNA_CategoryRemark_BackButton", ["package":PACKAGENAME]), 0): Tapped on element 'Object Repository/ShopOpen/RemainingMainCategories/SecondaryDisplay/Available/SKDNA_CategoryRemark_BackButton'

2019-01-11 17:23:12 - [MESSAGE][WARNING] - Timeout '0' is invalid. Using default page load timeout: '5'

2019-01-11 17:23:13 - [MESSAGE][PASSED] - Tapped on element 'Object Repository/ShopOpen/RemainingMainCategories/SecondaryDisplay/Available/SKDNA_CategoryRemark_BackButton'

2019-01-11 17:23:13 - [TEST_STEP][PASSED] - verifyElementExist(findTestObject("ShopOpen/RemainingMainCategories/SecondaryDisplay/Available/Validate_AvailableRemarksScreen", ["package":PACKAGENAME]), 0): Element 'Object Repository/ShopOpen/RemainingMainCategories/SecondaryDisplay/Available/Validate_AvailableRemarksScreen' is exist

2019-01-11 17:23:13 - [MESSAGE][WARNING] - Timeout '0' is invalid. Using default page load timeout: '5'

2019-01-11 17:23:14 - [MESSAGE][PASSED] - Element 'Object Repository/ShopOpen/RemainingMainCategories/SecondaryDisplay/Available/Validate_AvailableRemarksScreen' is exist

2019-01-11 17:23:14 - [TEST_STEP][PASSED] - tap(findTestObject("ShopOpen/RemainingMainCategories/SecondaryDisplay/Available/AvailableRemarks_BackButton", ["package":PACKAGENAME]), 0): Tapped on element 'Object Repository/ShopOpen/RemainingMainCategories/SecondaryDisplay/Available/AvailableRemarks_BackButton'

2019-01-11 17:23:14 - [MESSAGE][WARNING] - Timeout '0' is invalid. Using default page load timeout: '5'

2019-01-11 17:23:15 - [MESSAGE][PASSED] - Tapped on element 'Object Repository/ShopOpen/RemainingMainCategories/SecondaryDisplay/Available/AvailableRemarks_BackButton'

2019-01-11 17:23:15 - [TEST_STEP][PASSED] - verifyElementText(findTestObject("ShopOpen/RemainingMainCategories/SecondaryDisplay/Available/Validate_UtilizationPopUpScreen", ["package":PACKAGENAME]), "Utilization"): Actual text and expected text of test object 'Object Repository/ShopOpen/RemainingMainCategories/SecondaryDisplay/Available/Validate_UtilizationPopUpScreen' are matched.

2019-01-11 17:23:16 - [MESSAGE][PASSED] - Actual text and expected text of test object 'Object Repository/ShopOpen/RemainingMainCategories/SecondaryDisplay/Available/Validate_UtilizationPopUpScreen' are matched.

2019-01-11 17:23:16 - [TEST_STEP][PASSED] - com.ct.qa.keywords.SecondaryDisplayKeywords.enterUtilizationForSecondaryDisplay(1): com.ct.qa.keywords.SecondaryDisplayKeywords.enterUtilizationForSecondaryDisplay is PASSED

2019-01-11 17:23:21 - [MESSAGE][PASSED] - com.ct.qa.keywords.SecondaryDisplayKeywords.enterUtilizationForSecondaryDisplay is PASSED

2019-01-11 17:23:21 - [TEST_STEP][PASSED] - hideKeyboard(): Keyboard is hidden

2019-01-11 17:23:22 - [MESSAGE][PASSED] - Keyboard is hidden

2019-01-11 17:23:22 - [TEST_STEP][PASSED] - tap(findTestObject("ShopOpen/RemainingMainCategories/SecondaryDisplay/Available/Utilization_SubmitButton", ["package":PACKAGENAME]), 0, STOP_ON_FAILURE): Tapped on element 'Object Repository/ShopOpen/RemainingMainCategories/SecondaryDisplay/Available/Utilization_SubmitButton'

2019-01-11 17:23:22 - [MESSAGE][WARNING] - Timeout '0' is invalid. Using default page load timeout: '5'

2019-01-11 17:23:23 - [MESSAGE][PASSED] - Tapped on element 'Object Repository/ShopOpen/RemainingMainCategories/SecondaryDisplay/Available/Utilization_SubmitButton'

2019-01-11 17:23:23 - [TEST_STEP][PASSED] - verifyElementExist(findTestObject("ShopOpen/RemainingMainCategories/SecondaryDisplay/Available/Validate_UnitsListScreen", ["package":PACKAGENAME]), 0): Element 'Object Repository/ShopOpen/RemainingMainCategories/SecondaryDisplay/Available/Validate_UnitsListScreen' is exist

2019-01-11 17:23:23 - [MESSAGE][WARNING] - Timeout '0' is invalid. Using default page load timeout: '5'

2019-01-11 17:23:23 - [MESSAGE][PASSED] - Element 'Object Repository/ShopOpen/RemainingMainCategories/SecondaryDisplay/Available/Validate_UnitsListScreen' is exist

2019-01-11 17:23:23 - [MESSAGE][PASSED] - Call Test Case 'Test Cases/ShopOpen/RemainingMainCategories/SecondaryDisplay/Available/VisitAvailableWith_SKDNA' successfully

2019-01-11 17:23:25 - [TEST_CASE][PASSED] - Test Cases/ShopOpen/RemainingMainCategories/SecondaryDisplay/Available/VisitAvailableWith_SKDNA: Test Cases/ShopOpen/RemainingMainCategories/SecondaryDisplay/Available/VisitAvailableWith_SKDNA

2019-01-11 17:23:25 - [TEST_STEP][PASSED] - verifyElementExist(findTestObject("CommonScreenElements/Validate_CameraScreen", ["package":PACKAGENAME]), 0): Element 'Object Repository/CommonScreenElements/Validate_CameraScreen' is exist

2019-01-11 17:23:25 - [MESSAGE][WARNING] - Timeout '0' is invalid. Using default page load timeout: '5'

2019-01-11 17:23:26 - [MESSAGE][PASSED] - Element 'Object Repository/CommonScreenElements/Validate_CameraScreen' is exist

2019-01-11 17:23:26 - [TEST_STEP][PASSED] - tap(findTestObject("CommonScreenElements/TakePictureButton", ["package":PACKAGENAME]), 0): Tapped on element 'Object Repository/CommonScreenElements/TakePictureButton'

2019-01-11 17:23:26 - [MESSAGE][WARNING] - Timeout '0' is invalid. Using default page load timeout: '5'

2019-01-11 17:23:29 - [MESSAGE][PASSED] - Tapped on element 'Object Repository/CommonScreenElements/TakePictureButton'

2019-01-11 17:23:29 - [TEST_STEP][PASSED] - delay(5, STOP_ON_FAILURE): Delayed 5 second(s)

2019-01-11 17:23:34 - [MESSAGE][PASSED] - Delayed 5 second(s)

2019-01-11 17:23:34 - [TEST_STEP][PASSED] - tap(findTestObject("CommonScreenElements/DoneButton", ["package":PACKAGENAME]), 0): Tapped on element 'Object Repository/CommonScreenElements/DoneButton'

2019-01-11 17:23:34 - [MESSAGE][WARNING] - Timeout '0' is invalid. Using default page load timeout: '5'

2019-01-11 17:23:35 - [MESSAGE][PASSED] - Tapped on element 'Object Repository/CommonScreenElements/DoneButton'

2019-01-11 17:23:35 - [TEST_STEP][PASSED] - verifyElementExist(findTestObject("ShopOpen/RemainingMainCategories/SecondaryDisplay/Available/Validate_AvailableRemarksScreen", ["package":PACKAGENAME]), 0): Element 'Object Repository/ShopOpen/RemainingMainCategories/SecondaryDisplay/Available/Validate_AvailableRemarksScreen' is exist

2019-01-11 17:23:35 - [MESSAGE][WARNING] - Timeout '0' is invalid. Using default page load timeout: '5'

2019-01-11 17:23:37 - [MESSAGE][PASSED] - Element 'Object Repository/ShopOpen/RemainingMainCategories/SecondaryDisplay/Available/Validate_AvailableRemarksScreen' is exist

2019-01-11 17:23:37 - [TEST_STEP][PASSED] - com.ct.qa.keywords.SecondaryDisplayKeywords.selectSecondaryDisplay_AvailableRemark("Shopkeeper did not allow", 1): com.ct.qa.keywords.SecondaryDisplayKeywords.selectSecondaryDisplay_AvailableRemark is PASSED

2019-01-11 17:23:38 - [MESSAGE][WARNING] - Timeout '0' is invalid. Using default page load timeout: '5'

2019-01-11 17:23:41 - [MESSAGE][PASSED] - Element 'Object Repository/ShopOpen/RemainingMainCategories/SecondaryDisplay/Available/Validate_SecondaryDisplay_available_remarksScreen' is exist

2019-01-11 17:23:42 - [MESSAGE][PASSED] - com.ct.qa.keywords.SecondaryDisplayKeywords.selectSecondaryDisplay_AvailableRemark is PASSED

2019-01-11 17:23:42 - [TEST_STEP][PASSED] - tap(findTestObject("ShopOpen/RemainingMainCategories/SecondaryDisplay/Available/SKDNA_CategoryRemark_BackButton", ["package":PACKAGENAME]), 0): Tapped on element 'Object Repository/ShopOpen/RemainingMainCategories/SecondaryDisplay/Available/SKDNA_CategoryRemark_BackButton'

2019-01-11 17:23:42 - [MESSAGE][WARNING] - Timeout '0' is invalid. Using default page load timeout: '5'

2019-01-11 17:23:43 - [MESSAGE][PASSED] - Tapped on element 'Object Repository/ShopOpen/RemainingMainCategories/SecondaryDisplay/Available/SKDNA_CategoryRemark_BackButton'

2019-01-11 17:23:43 - [TEST_STEP][PASSED] - verifyElementExist(findTestObject("ShopOpen/RemainingMainCategories/SecondaryDisplay/Available/Validate_AvailableRemarksScreen", ["package":PACKAGENAME]), 0): Element 'Object Repository/ShopOpen/RemainingMainCategories/SecondaryDisplay/Available/Validate_AvailableRemarksScreen' is exist

2019-01-11 17:23:43 - [MESSAGE][WARNING] - Timeout '0' is invalid. Using default page load timeout: '5'

2019-01-11 17:23:44 - [MESSAGE][PASSED] - Element 'Object Repository/ShopOpen/RemainingMainCategories/SecondaryDisplay/Available/Validate_AvailableRemarksScreen' is exist

2019-01-11 17:23:44 - [TEST_STEP][PASSED] - tap(findTestObject("ShopOpen/RemainingMainCategories/SecondaryDisplay/Available/AvailableRemarks_BackButton", ["package":PACKAGENAME]), 0): Tapped on element 'Object Repository/ShopOpen/RemainingMainCategories/SecondaryDisplay/Available/AvailableRemarks_BackButton'

2019-01-11 17:23:44 - [MESSAGE][WARNING] - Timeout '0' is invalid. Using default page load timeout: '5'

2019-01-11 17:23:44 - [MESSAGE][PASSED] - Tapped on element 'Object Repository/ShopOpen/RemainingMainCategories/SecondaryDisplay/Available/AvailableRemarks_BackButton'

2019-01-11 17:23:44 - [TEST_STEP][PASSED] - verifyElementText(findTestObject("ShopOpen/RemainingMainCategories/SecondaryDisplay/Available/Validate_UtilizationPopUpScreen", ["package":PACKAGENAME]), "Utilization"): Actual text and expected text of test object 'Object Repository/ShopOpen/RemainingMainCategories/SecondaryDisplay/Available/Validate_UtilizationPopUpScreen' are matched.

2019-01-11 17:23:45 - [MESSAGE][PASSED] - Actual text and expected text of test object 'Object Repository/ShopOpen/RemainingMainCategories/SecondaryDisplay/Available/Validate_UtilizationPopUpScreen' are matched.

2019-01-11 17:23:45 - [TEST_STEP][PASSED] - com.ct.qa.keywords.SecondaryDisplayKeywords.enterUtilizationForSecondaryDisplay(1): com.ct.qa.keywords.SecondaryDisplayKeywords.enterUtilizationForSecondaryDisplay is PASSED

2019-01-11 17:23:50 - [MESSAGE][PASSED] - com.ct.qa.keywords.SecondaryDisplayKeywords.enterUtilizationForSecondaryDisplay is PASSED

2019-01-11 17:23:50 - [TEST_STEP][PASSED] - hideKeyboard(): Keyboard is hidden

2019-01-11 17:23:51 - [MESSAGE][PASSED] - Keyboard is hidden

2019-01-11 17:23:51 - [TEST_STEP][PASSED] - tap(findTestObject("ShopOpen/RemainingMainCategories/SecondaryDisplay/Available/Utilization_SubmitButton", ["package":PACKAGENAME]), 0, STOP_ON_FAILURE): Tapped on element 'Object Repository/ShopOpen/RemainingMainCategories/SecondaryDisplay/Available/Utilization_SubmitButton'

2019-01-11 17:23:51 - [MESSAGE][WARNING] - Timeout '0' is invalid. Using default page load timeout: '5'

2019-01-11 17:23:52 - [MESSAGE][PASSED] - Tapped on element 'Object Repository/ShopOpen/RemainingMainCategories/SecondaryDisplay/Available/Utilization_SubmitButton'

2019-01-11 17:23:52 - [TEST_STEP][PASSED] - verifyElementExist(findTestObject("ShopOpen/RemainingMainCategories/SecondaryDisplay/Available/Validate_UnitsListScreen", ["package":PACKAGENAME]), 0): Element 'Object Repository/ShopOpen/RemainingMainCategories/SecondaryDisplay/Available/Validate_UnitsListScreen' is exist

2019-01-11 17:23:52 - [MESSAGE][WARNING] - Timeout '0' is invalid. Using default page load timeout: '5'

2019-01-11 17:23:53 - [MESSAGE][PASSED] - Element 'Object Repository/ShopOpen/RemainingMainCategories/SecondaryDisplay/Available/Validate_UnitsListScreen' is exist

2019-01-11 17:23:53 - [MESSAGE][PASSED] - Call Test Case 'Test Cases/ShopOpen/RemainingMainCategories/SecondaryDisplay/Available/VisitAvailableWith_SKDNA' successfully

2019-01-11 17:23:53 - [TEST_CASE][PASSED] - Test Cases/ShopOpen/RemainingMainCategories/SecondaryDisplay/Available/VisitAvailable_WithDisplayUnitIsInPerfectCondition: Test Cases/ShopOpen/RemainingMainCategories/SecondaryDisplay/Available/VisitAvailable_WithDisplayUnitIsInPerfectCondition

2019-01-11 17:23:53 - [TEST_STEP][PASSED] - verifyElementExist(findTestObject("CommonScreenElements/Validate_CameraScreen", ["package":PACKAGENAME]), 0): Element 'Object Repository/CommonScreenElements/Validate_CameraScreen' is exist

2019-01-11 17:23:53 - [MESSAGE][WARNING] - Timeout '0' is invalid. Using default page load timeout: '5'

2019-01-11 17:23:55 - [MESSAGE][PASSED] - Element 'Object Repository/CommonScreenElements/Validate_CameraScreen' is exist

2019-01-11 17:23:55 - [TEST_STEP][PASSED] - tap(findTestObject("CommonScreenElements/TakePictureButton", ["package":PACKAGENAME]), 0): Tapped on element 'Object Repository/CommonScreenElements/TakePictureButton'

2019-01-11 17:23:55 - [MESSAGE][WARNING] - Timeout '0' is invalid. Using default page load timeout: '5'

2019-01-11 17:23:59 - [MESSAGE][PASSED] - Tapped on element 'Object Repository/CommonScreenElements/TakePictureButton'

2019-01-11 17:23:59 - [TEST_STEP][PASSED] - delay(5, STOP_ON_FAILURE): Delayed 5 second(s)

2019-01-11 17:24:04 - [MESSAGE][PASSED] - Delayed 5 second(s)

2019-01-11 17:24:04 - [TEST_STEP][PASSED] - tap(findTestObject("CommonScreenElements/DoneButton", ["package":PACKAGENAME]), 0): Tapped on element 'Object Repository/CommonScreenElements/DoneButton'

2019-01-11 17:24:04 - [MESSAGE][WARNING] - Timeout '0' is invalid. Using default page load timeout: '5'

2019-01-11 17:24:04 - [MESSAGE][PASSED] - Tapped on element 'Object Repository/CommonScreenElements/DoneButton'

2019-01-11 17:24:04 - [TEST_STEP][PASSED] - verifyElementExist(findTestObject("ShopOpen/RemainingMainCategories/SecondaryDisplay/Available/Validate_AvailableRemarksScreen", ["package":PACKAGENAME]), 0): Element 'Object Repository/ShopOpen/RemainingMainCategories/SecondaryDisplay/Available/Validate_AvailableRemarksScreen' is exist

2019-01-11 17:24:04 - [MESSAGE][WARNING] - Timeout '0' is invalid. Using default page load timeout: '5'

2019-01-11 17:24:07 - [MESSAGE][PASSED] - Element 'Object Repository/ShopOpen/RemainingMainCategories/SecondaryDisplay/Available/Validate_AvailableRemarksScreen' is exist

2019-01-11 17:24:07 - [TEST_STEP][PASSED] - com.ct.qa.keywords.SecondaryDisplayKeywords.selectSecondaryDisplay_AvailableRemark("Display Unit is in perfect condition", 0): com.ct.qa.keywords.SecondaryDisplayKeywords.selectSecondaryDisplay_AvailableRemark is PASSED

2019-01-11 17:24:08 - [MESSAGE][PASSED] - com.ct.qa.keywords.SecondaryDisplayKeywords.selectSecondaryDisplay_AvailableRemark is PASSED

2019-01-11 17:24:08 - [TEST_STEP][PASSED] - verifyElementText(findTestObject("ShopOpen/RemainingMainCategories/SecondaryDisplay/Available/Validate_UtilizationPopUpScreen", ["package":PACKAGENAME]), "Utilization"): Actual text and expected text of test object 'Object Repository/ShopOpen/RemainingMainCategories/SecondaryDisplay/Available/Validate_UtilizationPopUpScreen' are matched.

2019-01-11 17:24:09 - [MESSAGE][PASSED] - Actual text and expected text of test object 'Object Repository/ShopOpen/RemainingMainCategories/SecondaryDisplay/Available/Validate_UtilizationPopUpScreen' are matched.

2019-01-11 17:24:09 - [TEST_STEP][PASSED] - com.ct.qa.keywords.SecondaryDisplayKeywords.enterUtilizationForSecondaryDisplay(1): com.ct.qa.keywords.SecondaryDisplayKeywords.enterUtilizationForSecondaryDisplay is PASSED

2019-01-11 17:24:14 - [MESSAGE][PASSED] - com.ct.qa.keywords.SecondaryDisplayKeywords.enterUtilizationForSecondaryDisplay is PASSED

2019-01-11 17:24:14 - [TEST_STEP][PASSED] - hideKeyboard(): Keyboard is hidden

2019-01-11 17:24:15 - [MESSAGE][PASSED] - Keyboard is hidden

2019-01-11 17:24:15 - [TEST_STEP][PASSED] - tap(findTestObject("ShopOpen/RemainingMainCategories/SecondaryDisplay/Available/Utilization_SubmitButton", ["package":PACKAGENAME]), 0, STOP_ON_FAILURE): Tapped on element 'Object Repository/ShopOpen/RemainingMainCategories/SecondaryDisplay/Available/Utilization_SubmitButton'

2019-01-11 17:24:15 - [MESSAGE][WARNING] - Timeout '0' is invalid. Using default page load timeout: '5'

2019-01-11 17:24:16 - [MESSAGE][PASSED] - Tapped on element 'Object Repository/ShopOpen/RemainingMainCategories/SecondaryDisplay/Available/Utilization_SubmitButton'

2019-01-11 17:24:16 - [TEST_STEP][PASSED] - verifyElementExist(findTestObject("ShopOpen/RemainingMainCategories/SecondaryDisplay/Available/Validate_UnitsListScreen", ["package":PACKAGENAME]), 0): Element 'Object Repository/ShopOpen/RemainingMainCategories/SecondaryDisplay/Available/Validate_UnitsListScreen' is exist

2019-01-11 17:24:16 - [MESSAGE][WARNING] - Timeout '0' is invalid. Using default page load timeout: '5'

2019-01-11 17:24:16 - [MESSAGE][PASSED] - Element 'Object Repository/ShopOpen/RemainingMainCategories/SecondaryDisplay/Available/Validate_UnitsListScreen' is exist

2019-01-11 17:24:16 - [MESSAGE][PASSED] - Call Test Case 'Test Cases/ShopOpen/RemainingMainCategories/SecondaryDisplay/Available/VisitAvailable_WithDisplayUnitIsInPerfectCondition' successfully

2019-01-11 17:24:16 - [MESSAGE][PASSED] - com.ct.qa.keywords.SecondaryDisplayKeywords.visitSecondaryDisplayUnitsList is PASSED

2019-01-11 17:24:16 - [TEST_STEP][PASSED] - tap(findTestObject("ShopOpen/RemainingMainCategories/SecondaryDisplay/Available/UnitsList_BackButton"), 0): Tapped on element 'Object Repository/ShopOpen/RemainingMainCategories/SecondaryDisplay/Available/UnitsList_BackButton'

2019-01-11 17:24:16 - [MESSAGE][WARNING] - Timeout '0' is invalid. Using default page load timeout: '5'

2019-01-11 17:24:17 - [MESSAGE][PASSED] - Tapped on element 'Object Repository/ShopOpen/RemainingMainCategories/SecondaryDisplay/Available/UnitsList_BackButton'

2019-01-11 17:24:17 - [TEST_STEP][PASSED] - verifyElementExist(findTestObject("ShopOpen/RemainingMainCategories/Validate_MainCategoryDetailActionScreen", ["package":PACKAGENAME]), 0): Element 'Object Repository/ShopOpen/RemainingMainCategories/Validate_MainCategoryDetailActionScreen' is exist

2019-01-11 17:24:17 - [MESSAGE][WARNING] - Timeout '0' is invalid. Using default page load timeout: '5'

2019-01-11 17:24:18 - [MESSAGE][PASSED] - Element 'Object Repository/ShopOpen/RemainingMainCategories/Validate_MainCategoryDetailActionScreen' is exist

2019-01-11 17:24:18 - [MESSAGE][PASSED] - Call Test Case 'Test Cases/ShopOpen/RemainingMainCategories/SecondaryDisplay/Available/VisitSecondaryDisplayAvailable' successfully

2019-01-11 17:24:18 - [MESSAGE][PASSED] - com.ct.qa.keywords.SecondaryDisplayKeywords.selectSecondaryDisplayRemark_WithDataVerification is PASSED

2019-01-11 17:24:18 - [MESSAGE][PASSED] - Call Test Case 'Test Cases/ShopOpen/RemainingMainCategories/SecondaryDisplay/SecondaryDisplay_VisitingScenarios/VisitSecondaryDisplayWith_DataVerification' successfully

2019-01-11 17:24:18 - [MESSAGE][PASSED] - com.ct.qa.keywords.RemainingMainCategoryRemarksVisitingScenariosKeywords.visitRemarksWith_DataVerification is PASSED

2019-01-11 17:24:18 - [TEST_STEP][PASSED] - tap(findTestObject("ShopOpen/RemainingMainCategories/BackButton", ["package":PACKAGENAME]), 0): Tapped on element 'Object Repository/ShopOpen/RemainingMainCategories/BackButton'

2019-01-11 17:24:18 - [MESSAGE][WARNING] - Timeout '0' is invalid. Using default page load timeout: '5'

2019-01-11 17:24:18 - [MESSAGE][PASSED] - Tapped on element 'Object Repository/ShopOpen/RemainingMainCategories/BackButton'

2019-01-11 17:24:18 - [TEST_STEP][PASSED] - verifyElementExist(findTestObject("ShopOpen/Validate_ShopCategoriesListScreen", ["package":PACKAGENAME]), 0): Element 'Object Repository/ShopOpen/Validate_ShopCategoriesListScreen' is exist

2019-01-11 17:24:18 - [MESSAGE][WARNING] - Timeout '0' is invalid. Using default page load timeout: '5'

2019-01-11 17:24:21 - [MESSAGE][PASSED] - Element 'Object Repository/ShopOpen/Validate_ShopCategoriesListScreen' is exist

2019-01-11 17:24:21 - [MESSAGE][PASSED] - Call Test Case 'Test Cases/ShopOpen/RemainingMainCategories/MainCategoryRemarksVisitingScenarios/VisitRemarksWith_DataVerification' successfully

2019-01-11 17:24:21 - [TEST_CASE][PASSED] - Test Cases/ShopOpen/RemainingMainCategories/MainCategoryRemarksVisitingScenarios/VisitRemarksWith_DataVerification: Test Cases/ShopOpen/RemainingMainCategories/MainCategoryRemarksVisitingScenarios/VisitRemarksWith_DataVerification

2019-01-11 17:24:21 - [TEST_STEP][PASSED] - verifyElementExist(findTestObject("ShopOpen/RemainingMainCategories/Validate_MainCategoryDetailActionScreen", ["package":PACKAGENAME]), 0): Element 'Object Repository/ShopOpen/RemainingMainCategories/Validate_MainCategoryDetailActionScreen' is exist

2019-01-11 17:24:21 - [MESSAGE][WARNING] - Timeout '0' is invalid. Using default page load timeout: '5'

2019-01-11 17:24:23 - [MESSAGE][PASSED] - Element 'Object Repository/ShopOpen/RemainingMainCategories/Validate_MainCategoryDetailActionScreen' is exist

2019-01-11 17:24:23 - [TEST_STEP][PASSED] - com.ct.qa.keywords.RemainingMainCategoryRemarksVisitingScenariosKeywords.visitRemarksWith_DataVerification(): com.ct.qa.keywords.RemainingMainCategoryRemarksVisitingScenariosKeywords.visitRemarksWith_DataVerification is PASSED

2019-01-11 17:24:25 - [TEST_CASE][PASSED] - Test Cases/ShopOpen/RemainingMainCategories/Availability/VisitAvailability_WithYesRemark: Test Cases/ShopOpen/RemainingMainCategories/Availability/VisitAvailability_WithYesRemark

2019-01-11 17:24:25 - [TEST_STEP][PASSED] - verifyElementExist(findTestObject("ShopOpen/RemainingMainCategories/_Availability/Validate_SubCategoriesScreen", ["package":PACKAGENAME]), 0): Element 'Object Repository/ShopOpen/RemainingMainCategories/_Availability/Validate_SubCategoriesScreen' is exist

2019-01-11 17:24:25 - [MESSAGE][WARNING] - Timeout '0' is invalid. Using default page load timeout: '5'

2019-01-11 17:24:27 - [MESSAGE][PASSED] - Element 'Object Repository/ShopOpen/RemainingMainCategories/_Availability/Validate_SubCategoriesScreen' is exist

2019-01-11 17:24:27 - [TEST_STEP][PASSED] - com.ct.qa.keywords.AvailabilityKeywords.visitAvailabilitySubCategories(1): com.ct.qa.keywords.AvailabilityKeywords.visitAvailabilitySubCategories is PASSED

2019-01-11 17:24:28 - [TEST_CASE][PASSED] - Test Cases/ShopOpen/RemainingMainCategories/Availability/VisitSubCategories_WithYesRemarks: Test Cases/ShopOpen/RemainingMainCategories/Availability/VisitSubCategories_WithYesRemarks

2019-01-11 17:24:28 - [TEST_STEP][PASSED] - verifyElementText(findTestObject("ShopOpen/RemainingMainCategories/_Availability/Validate_SubCategoryDetailScreen", ["package":PACKAGENAME]), "Availability"): Actual text and expected text of test object 'Object Repository/ShopOpen/RemainingMainCategories/_Availability/Validate_SubCategoryDetailScreen' are matched.

2019-01-11 17:24:30 - [MESSAGE][PASSED] - Actual text and expected text of test object 'Object Repository/ShopOpen/RemainingMainCategories/_Availability/Validate_SubCategoryDetailScreen' are matched.

2019-01-11 17:24:30 - [TEST_STEP][PASSED] - tap(findTestObject("ShopOpen/RemainingMainCategories/_Availability/Availability", ["package":PACKAGENAME]), 0): Tapped on element 'Object Repository/ShopOpen/RemainingMainCategories/_Availability/Availability'

2019-01-11 17:24:30 - [MESSAGE][WARNING] - Timeout '0' is invalid. Using default page load timeout: '5'

2019-01-11 17:24:30 - [MESSAGE][PASSED] - Tapped on element 'Object Repository/ShopOpen/RemainingMainCategories/_Availability/Availability'

2019-01-11 17:24:30 - [TEST_STEP][PASSED] - verifyElementText(findTestObject("ShopOpen/RemainingMainCategories/_Availability/Validate_ProductAvailabilityScreen", ["package":PACKAGENAME]), "Availability"): Actual text and expected text of test object 'Object Repository/ShopOpen/RemainingMainCategories/_Availability/Validate_ProductAvailabilityScreen' are matched.

2019-01-11 17:24:33 - [MESSAGE][PASSED] - Actual text and expected text of test object 'Object Repository/ShopOpen/RemainingMainCategories/_Availability/Validate_ProductAvailabilityScreen' are matched.

2019-01-11 17:24:33 - [TEST_STEP][PASSED] - com.ct.qa.keywords.AvailabilityKeywords.visitProductsAvailabilityWithYesRemarks(): com.ct.qa.keywords.AvailabilityKeywords.visitProductsAvailabilityWithYesRemarks is PASSED

2019-01-11 17:24:47 - [MESSAGE][PASSED] - Swiped from 0,275 to 0,200

2019-01-11 17:24:51 - [MESSAGE][PASSED] - Swiped from 0,274 to 0,200

2019-01-11 17:24:54 - [MESSAGE][PASSED] - Swiped from 0,275 to 0,200

2019-01-11 17:24:57 - [MESSAGE][PASSED] - Swiped from 0,274 to 0,200

2019-01-11 17:25:00 - [MESSAGE][PASSED] - Swiped from 0,275 to 0,200

2019-01-11 17:25:04 - [MESSAGE][PASSED] - Swiped from 0,274 to 0,200

2019-01-11 17:25:08 - [MESSAGE][PASSED] - Swiped from 0,275 to 0,200

2019-01-11 17:25:08 - [MESSAGE][PASSED] - com.ct.qa.keywords.AvailabilityKeywords.visitProductsAvailabilityWithYesRemarks is PASSED

2019-01-11 17:25:08 - [TEST_STEP][PASSED] - tap(findTestObject("ShopOpen/RemainingMainCategories/_Availability/ProductAvailability_SubmitButton", ["package":PACKAGENAME]), 0): Tapped on element 'Object Repository/ShopOpen/RemainingMainCategories/_Availability/ProductAvailability_SubmitButton'

2019-01-11 17:25:08 - [MESSAGE][WARNING] - Timeout '0' is invalid. Using default page load timeout: '5'

2019-01-11 17:25:09 - [MESSAGE][PASSED] - Tapped on element 'Object Repository/ShopOpen/RemainingMainCategories/_Availability/ProductAvailability_SubmitButton'

2019-01-11 17:25:09 - [TEST_STEP][PASSED] - verifyElementText(findTestObject("ShopOpen/RemainingMainCategories/_Availability/Validate_SubCategoryDetailScreen", ["package":PACKAGENAME]), "Availability"): Actual text and expected text of test object 'Object Repository/ShopOpen/RemainingMainCategories/_Availability/Validate_SubCategoryDetailScreen' are matched.

2019-01-11 17:25:10 - [MESSAGE][PASSED] - Actual text and expected text of test object 'Object Repository/ShopOpen/RemainingMainCategories/_Availability/Validate_SubCategoryDetailScreen' are matched.

2019-01-11 17:25:10 - [TEST_STEP][PASSED] - pressBack(): Press back button successfully

2019-01-11 17:25:10 - [MESSAGE][PASSED] - Press back button successfully

2019-01-11 17:25:10 - [TEST_STEP][PASSED] - verifyElementExist(findTestObject("ShopOpen/RemainingMainCategories/_Availability/Validate_SubCategoriesScreen", ["package":PACKAGENAME]), 0): Element 'Object Repository/ShopOpen/RemainingMainCategories/_Availability/Validate_SubCategoriesScreen' is exist

2019-01-11 17:25:10 - [MESSAGE][WARNING] - Timeout '0' is invalid. Using default page load timeout: '5'

2019-01-11 17:25:11 - [MESSAGE][PASSED] - Element 'Object Repository/ShopOpen/RemainingMainCategories/_Availability/Validate_SubCategoriesScreen' is exist

2019-01-11 17:25:11 - [MESSAGE][PASSED] - Call Test Case 'Test Cases/ShopOpen/RemainingMainCategories/Availability/VisitSubCategories_WithYesRemarks' successfully

2019-01-11 17:25:11 - [MESSAGE][PASSED] - com.ct.qa.keywords.AvailabilityKeywords.visitAvailabilitySubCategories is PASSED

2019-01-11 17:25:11 - [TEST_STEP][PASSED] - pressBack(): Press back button successfully

2019-01-11 17:25:12 - [MESSAGE][PASSED] - Press back button successfully

2019-01-11 17:25:12 - [TEST_STEP][PASSED] - verifyElementExist(findTestObject("ShopOpen/RemainingMainCategories/Validate_MainCategoryDetailActionScreen", ["package":PACKAGENAME]), 0): Element 'Object Repository/ShopOpen/RemainingMainCategories/Validate_MainCategoryDetailActionScreen' is exist

2019-01-11 17:25:12 - [MESSAGE][WARNING] - Timeout '0' is invalid. Using default page load timeout: '5'

2019-01-11 17:25:14 - [MESSAGE][PASSED] - Element 'Object Repository/ShopOpen/RemainingMainCategories/Validate_MainCategoryDetailActionScreen' is exist

2019-01-11 17:25:14 - [MESSAGE][PASSED] - Call Test Case 'Test Cases/ShopOpen/RemainingMainCategories/Availability/VisitAvailability_WithYesRemark' successfully

2019-01-11 17:25:14 - [TEST_CASE][PASSED] - Test Cases/ShopOpen/RemainingMainCategories/PrimaryDisplay/VisitPrimaryDisplayWith_DataVerification: Test Cases/ShopOpen/RemainingMainCategories/PrimaryDisplay/VisitPrimaryDisplayWith_DataVerification

2019-01-11 17:25:14 - [TEST_STEP][PASSED] - verifyElementExist(findTestObject("ShopOpen/RemainingMainCategories/PrimaryDisplay/Validate_PrimaryDisplayRemarksScreen", ["package":PACKAGENAME]), 0): Element 'Object Repository/ShopOpen/RemainingMainCategories/PrimaryDisplay/Validate_PrimaryDisplayRemarksScreen' is exist

2019-01-11 17:25:14 - [MESSAGE][WARNING] - Timeout '0' is invalid. Using default page load timeout: '5'

2019-01-11 17:25:16 - [MESSAGE][PASSED] - Element 'Object Repository/ShopOpen/RemainingMainCategories/PrimaryDisplay/Validate_PrimaryDisplayRemarksScreen' is exist

2019-01-11 17:25:16 - [TEST_STEP][PASSED] - com.ct.qa.keywords.PrimaryDisplayKeywords.selectPrimaryDisplayRemark_ForDataVerfication(): com.ct.qa.keywords.PrimaryDisplayKeywords.selectPrimaryDisplayRemark_ForDataVerfication is PASSED

2019-01-11 17:25:19 - [MESSAGE][WARNING] - Timeout '0' is invalid. Using default page load timeout: '5'

2019-01-11 17:25:20 - [MESSAGE][PASSED] - Element 'Object Repository/CommonScreenElements/Validate_CameraScreen' is exist

2019-01-11 17:25:20 - [MESSAGE][WARNING] - Timeout '0' is invalid. Using default page load timeout: '5'

2019-01-11 17:25:23 - [MESSAGE][PASSED] - Tapped on element 'Object Repository/CommonScreenElements/TakePictureButton'

2019-01-11 17:25:28 - [MESSAGE][PASSED] - Delayed 5 second(s)

2019-01-11 17:25:28 - [MESSAGE][WARNING] - Timeout '0' is invalid. Using default page load timeout: '5'

2019-01-11 17:25:29 - [MESSAGE][PASSED] - Tapped on element 'Object Repository/CommonScreenElements/DoneButton'

2019-01-11 17:25:29 - [TEST_CASE][PASSED] - Test Cases/ShopOpen/RemainingMainCategories/PrimaryDisplay/DisplaySpaceAvailable/VisitDSA: Test Cases/ShopOpen/RemainingMainCategories/PrimaryDisplay/DisplaySpaceAvailable/VisitDSA

2019-01-11 17:25:29 - [TEST_STEP][PASSED] - verifyElementExist(findTestObject("ShopOpen/RemainingMainCategories/PrimaryDisplay/DisplaySpaceAvailable/Validate_SubCategoriesScreen", ["package":PACKAGENAME]), 0): Element 'Object Repository/ShopOpen/RemainingMainCategories/PrimaryDisplay/DisplaySpaceAvailable/Validate_SubCategoriesScreen' is exist

2019-01-11 17:25:29 - [MESSAGE][WARNING] - Timeout '0' is invalid. Using default page load timeout: '5'

2019-01-11 17:25:31 - [MESSAGE][PASSED] - Element 'Object Repository/ShopOpen/RemainingMainCategories/PrimaryDisplay/DisplaySpaceAvailable/Validate_SubCategoriesScreen' is exist

2019-01-11 17:25:31 - [TEST_STEP][PASSED] - com.ct.qa.keywords.PrimaryDisplayKeywords.visitPrimaryDisplay_WithDSASubCategories(1): com.ct.qa.keywords.PrimaryDisplayKeywords.visitPrimaryDisplay_WithDSASubCategories is PASSED

2019-01-11 17:25:32 - [TEST_CASE][PASSED] - Test Cases/ShopOpen/RemainingMainCategories/PrimaryDisplay/DisplaySpaceAvailable/VisitDSA_SubCategories: Test Cases/ShopOpen/RemainingMainCategories/PrimaryDisplay/DisplaySpaceAvailable/VisitDSA_SubCategories

2019-01-11 17:25:32 - [TEST_STEP][PASSED] - verifyElementText(findTestObject("ShopOpen/RemainingMainCategories/PrimaryDisplay/DisplaySpaceAvailable/Validate_ShareOfShelfScreen", ["package":PACKAGENAME]), "Share of shelf"): Actual text and expected text of test object 'Object Repository/ShopOpen/RemainingMainCategories/PrimaryDisplay/DisplaySpaceAvailable/Validate_ShareOfShelfScreen' are matched.

2019-01-11 17:25:34 - [MESSAGE][PASSED] - Actual text and expected text of test object 'Object Repository/ShopOpen/RemainingMainCategories/PrimaryDisplay/DisplaySpaceAvailable/Validate_ShareOfShelfScreen' are matched.

2019-01-11 17:25:34 - [TEST_STEP][PASSED] - tap(findTestObject("ShopOpen/RemainingMainCategories/PrimaryDisplay/DisplaySpaceAvailable/ShareOfShelf", ["package":PACKAGENAME]), 0): Tapped on element 'Object Repository/ShopOpen/RemainingMainCategories/PrimaryDisplay/DisplaySpaceAvailable/ShareOfShelf'

2019-01-11 17:25:34 - [MESSAGE][WARNING] - Timeout '0' is invalid. Using default page load timeout: '5'

2019-01-11 17:25:34 - [MESSAGE][PASSED] - Tapped on element 'Object Repository/ShopOpen/RemainingMainCategories/PrimaryDisplay/DisplaySpaceAvailable/ShareOfShelf'

2019-01-11 17:25:34 - [TEST_STEP][PASSED] - verifyElementText(findTestObject("ShopOpen/RemainingMainCategories/PrimaryDisplay/DisplaySpaceAvailable/Validate_ShareOfShelfProductsScreen", ["package":PACKAGENAME]), "Share of shelf"): Actual text and expected text of test object 'Object Repository/ShopOpen/RemainingMainCategories/PrimaryDisplay/DisplaySpaceAvailable/Validate_ShareOfShelfProductsScreen' are matched.

2019-01-11 17:25:36 - [MESSAGE][PASSED] - Actual text and expected text of test object 'Object Repository/ShopOpen/RemainingMainCategories/PrimaryDisplay/DisplaySpaceAvailable/Validate_ShareOfShelfProductsScreen' are matched.

2019-01-11 17:25:36 - [TEST_STEP][PASSED] - com.ct.qa.keywords.PrimaryDisplayKeywords.visitDSA_Products(DISPLAYSPACEAVAILABLE): com.ct.qa.keywords.PrimaryDisplayKeywords.visitDSA_Products is PASSED

2019-01-11 17:25:40 - [MESSAGE][PASSED] - Keyboard is hidden

2019-01-11 17:25:43 - [MESSAGE][PASSED] - Keyboard is hidden

2019-01-11 17:25:46 - [MESSAGE][PASSED] - Keyboard is hidden

2019-01-11 17:25:49 - [MESSAGE][PASSED] - Keyboard is hidden

2019-01-11 17:25:52 - [MESSAGE][PASSED] - Keyboard is hidden

2019-01-11 17:25:55 - [MESSAGE][PASSED] - Keyboard is hidden

2019-01-11 17:25:58 - [MESSAGE][PASSED] - Swiped from 95,359 to 95,250

2019-01-11 17:26:01 - [MESSAGE][PASSED] - Keyboard is hidden

2019-01-11 17:26:03 - [MESSAGE][PASSED] - Swiped from 95,359 to 95,250

2019-01-11 17:26:06 - [MESSAGE][PASSED] - Keyboard is hidden

2019-01-11 17:26:08 - [MESSAGE][PASSED] - Swiped from 95,359 to 95,250

2019-01-11 17:26:11 - [MESSAGE][PASSED] - Keyboard is hidden

2019-01-11 17:26:13 - [MESSAGE][PASSED] - Swiped from 95,359 to 95,250

2019-01-11 17:26:16 - [MESSAGE][PASSED] - Keyboard is hidden

2019-01-11 17:26:18 - [MESSAGE][PASSED] - Swiped from 95,359 to 95,250

2019-01-11 17:26:21 - [MESSAGE][PASSED] - Keyboard is hidden

2019-01-11 17:26:23 - [MESSAGE][PASSED] - Swiped from 95,359 to 95,250

2019-01-11 17:26:26 - [MESSAGE][PASSED] - Keyboard is hidden

2019-01-11 17:26:28 - [MESSAGE][PASSED] - Swiped from 95,359 to 95,250

2019-01-11 17:26:31 - [MESSAGE][PASSED] - Keyboard is hidden

2019-01-11 17:26:33 - [MESSAGE][PASSED] - Swiped from 95,359 to 95,250

2019-01-11 17:26:36 - [MESSAGE][PASSED] - Keyboard is hidden

2019-01-11 17:26:38 - [MESSAGE][PASSED] - Swiped from 95,359 to 95,250

2019-01-11 17:26:41 - [MESSAGE][PASSED] - Keyboard is hidden

2019-01-11 17:26:43 - [MESSAGE][PASSED] - Swiped from 95,359 to 95,250

2019-01-11 17:26:44 - [MESSAGE][PASSED] - com.ct.qa.keywords.PrimaryDisplayKeywords.visitDSA_Products is PASSED

2019-01-11 17:26:44 - [TEST_STEP][PASSED] - tap(findTestObject("ShopOpen/RemainingMainCategories/PrimaryDisplay/DisplaySpaceAvailable/SubmitButton", ["package":PACKAGENAME]), 0): Tapped on element 'Object Repository/ShopOpen/RemainingMainCategories/PrimaryDisplay/DisplaySpaceAvailable/SubmitButton'

2019-01-11 17:26:44 - [MESSAGE][WARNING] - Timeout '0' is invalid. Using default page load timeout: '5'

2019-01-11 17:26:45 - [MESSAGE][PASSED] - Tapped on element 'Object Repository/ShopOpen/RemainingMainCategories/PrimaryDisplay/DisplaySpaceAvailable/SubmitButton'

2019-01-11 17:26:45 - [TEST_STEP][PASSED] - verifyElementText(findTestObject("ShopOpen/RemainingMainCategories/PrimaryDisplay/DisplaySpaceAvailable/Validate_AlertScreen", ["package":PACKAGENAME]), "Alert"): Actual text and expected text of test object 'Object Repository/ShopOpen/RemainingMainCategories/PrimaryDisplay/DisplaySpaceAvailable/Validate_AlertScreen' are matched.

2019-01-11 17:26:46 - [MESSAGE][PASSED] - Actual text and expected text of test object 'Object Repository/ShopOpen/RemainingMainCategories/PrimaryDisplay/DisplaySpaceAvailable/Validate_AlertScreen' are matched.

2019-01-11 17:26:46 - [TEST_STEP][PASSED] - tap(findTestObject("ShopOpen/RemainingMainCategories/PrimaryDisplay/DisplaySpaceAvailable/Alert_SaveButton", ["package":PACKAGENAME]), 0): Tapped on element 'Object Repository/ShopOpen/RemainingMainCategories/PrimaryDisplay/DisplaySpaceAvailable/Alert_SaveButton'

2019-01-11 17:26:46 - [MESSAGE][WARNING] - Timeout '0' is invalid. Using default page load timeout: '5'

2019-01-11 17:26:46 - [MESSAGE][PASSED] - Tapped on element 'Object Repository/ShopOpen/RemainingMainCategories/PrimaryDisplay/DisplaySpaceAvailable/Alert_SaveButton'

2019-01-11 17:26:46 - [TEST_STEP][PASSED] - verifyElementText(findTestObject("ShopOpen/RemainingMainCategories/PrimaryDisplay/DisplaySpaceAvailable/Validate_ShareOfShelfScreen", ["package":PACKAGENAME]), "Share of shelf"): Actual text and expected text of test object 'Object Repository/ShopOpen/RemainingMainCategories/PrimaryDisplay/DisplaySpaceAvailable/Validate_ShareOfShelfScreen' are matched.

2019-01-11 17:26:47 - [MESSAGE][PASSED] - Actual text and expected text of test object 'Object Repository/ShopOpen/RemainingMainCategories/PrimaryDisplay/DisplaySpaceAvailable/Validate_ShareOfShelfScreen' are matched.

2019-01-11 17:26:47 - [TEST_STEP][PASSED] - tap(findTestObject("ShopOpen/RemainingMainCategories/PrimaryDisplay/DisplaySpaceAvailable/ShareofShelf_BackButton", ["package":PACKAGENAME]), 0): Tapped on element 'Object Repository/ShopOpen/RemainingMainCategories/PrimaryDisplay/DisplaySpaceAvailable/ShareofShelf_BackButton'

2019-01-11 17:26:47 - [MESSAGE][WARNING] - Timeout '0' is invalid. Using default page load timeout: '5'

2019-01-11 17:26:47 - [MESSAGE][PASSED] - Tapped on element 'Object Repository/ShopOpen/RemainingMainCategories/PrimaryDisplay/DisplaySpaceAvailable/ShareofShelf_BackButton'

2019-01-11 17:26:47 - [TEST_STEP][PASSED] - verifyElementExist(findTestObject("ShopOpen/RemainingMainCategories/PrimaryDisplay/DisplaySpaceAvailable/Validate_SubCategoriesScreen", ["package":PACKAGENAME]), 0): Element 'Object Repository/ShopOpen/RemainingMainCategories/PrimaryDisplay/DisplaySpaceAvailable/Validate_SubCategoriesScreen' is exist

2019-01-11 17:26:47 - [MESSAGE][WARNING] - Timeout '0' is invalid. Using default page load timeout: '5'

2019-01-11 17:26:48 - [MESSAGE][PASSED] - Element 'Object Repository/ShopOpen/RemainingMainCategories/PrimaryDisplay/DisplaySpaceAvailable/Validate_SubCategoriesScreen' is exist

2019-01-11 17:26:48 - [MESSAGE][PASSED] - Call Test Case 'Test Cases/ShopOpen/RemainingMainCategories/PrimaryDisplay/DisplaySpaceAvailable/VisitDSA_SubCategories' successfully

2019-01-11 17:26:48 - [MESSAGE][PASSED] - com.ct.qa.keywords.PrimaryDisplayKeywords.visitPrimaryDisplay_WithDSASubCategories is PASSED

2019-01-11 17:26:48 - [TEST_STEP][PASSED] - com.ct.qa.keywords.CommonKeywords.findPlanogramImageView(): com.ct.qa.keywords.CommonKeywords.findPlanogramImageView is PASSED

2019-01-11 17:26:50 - [MESSAGE][WARNING] - Timeout '0' is invalid. Using default page load timeout: '5'

2019-01-11 17:26:57 - [MESSAGE][WARNING] - Object Object Repository/CommonScreenElements/InfoPopUp_OKButton not found
[[ATTACHMENT|F:\\Git Projects\\PnG_Merchandising\\PnG_Merchandising\\Reports\\PnG Merchandising With Channel Wise Data Verification\\20190111_162651\\1547209615849.png]]

2019-01-11 17:26:58 - [MESSAGE][PASSED] - com.ct.qa.keywords.CommonKeywords.findPlanogramImageView is PASSED

2019-01-11 17:26:58 - [TEST_STEP][PASSED] - verifyElementExist(findTestObject("ShopOpen/RemainingMainCategories/PrimaryDisplay/DisplaySpaceAvailable/Validate_SubCategoriesScreen", ["package":PACKAGENAME]), 0): Element 'Object Repository/ShopOpen/RemainingMainCategories/PrimaryDisplay/DisplaySpaceAvailable/Validate_SubCategoriesScreen' is exist

2019-01-11 17:26:58 - [MESSAGE][WARNING] - Timeout '0' is invalid. Using default page load timeout: '5'

2019-01-11 17:26:59 - [MESSAGE][PASSED] - Element 'Object Repository/ShopOpen/RemainingMainCategories/PrimaryDisplay/DisplaySpaceAvailable/Validate_SubCategoriesScreen' is exist

2019-01-11 17:26:59 - [TEST_STEP][PASSED] - com.ct.qa.keywords.CommonKeywords.findPictureImageView(): com.ct.qa.keywords.CommonKeywords.findPictureImageView is PASSED

2019-01-11 17:27:00 - [MESSAGE][WARNING] - Timeout '0' is invalid. Using default page load timeout: '5'

2019-01-11 17:27:02 - [MESSAGE][PASSED] - Element 'Object Repository/CommonScreenElements/Validate_CameraScreen' is exist

2019-01-11 17:27:02 - [MESSAGE][WARNING] - Timeout '0' is invalid. Using default page load timeout: '5'

2019-01-11 17:27:05 - [MESSAGE][PASSED] - Tapped on element 'Object Repository/CommonScreenElements/TakePictureButton'

2019-01-11 17:27:10 - [MESSAGE][PASSED] - Delayed 5 second(s)

2019-01-11 17:27:10 - [MESSAGE][WARNING] - Timeout '0' is invalid. Using default page load timeout: '5'

2019-01-11 17:27:11 - [MESSAGE][PASSED] - Tapped on element 'Object Repository/CommonScreenElements/DoneButton'

2019-01-11 17:27:11 - [MESSAGE][PASSED] - com.ct.qa.keywords.CommonKeywords.findPictureImageView is PASSED

2019-01-11 17:27:11 - [TEST_STEP][PASSED] - verifyElementExist(findTestObject("ShopOpen/RemainingMainCategories/PrimaryDisplay/DisplaySpaceAvailable/Validate_SubCategoriesScreen", ["package":PACKAGENAME]), 0): Element 'Object Repository/ShopOpen/RemainingMainCategories/PrimaryDisplay/DisplaySpaceAvailable/Validate_SubCategoriesScreen' is exist

2019-01-11 17:27:11 - [MESSAGE][WARNING] - Timeout '0' is invalid. Using default page load timeout: '5'

2019-01-11 17:27:12 - [MESSAGE][PASSED] - Element 'Object Repository/ShopOpen/RemainingMainCategories/PrimaryDisplay/DisplaySpaceAvailable/Validate_SubCategoriesScreen' is exist

2019-01-11 17:27:12 - [TEST_STEP][PASSED] - com.ct.qa.keywords.CommonKeywords.findBackButtonImageView(): com.ct.qa.keywords.CommonKeywords.findBackButtonImageView is PASSED

2019-01-11 17:27:14 - [MESSAGE][PASSED] - com.ct.qa.keywords.CommonKeywords.findBackButtonImageView is PASSED

2019-01-11 17:27:14 - [TEST_STEP][PASSED] - verifyElementExist(findTestObject("ShopOpen/RemainingMainCategories/Validate_MainCategoryDetailActionScreen", ["package":PACKAGENAME]), 0): Element 'Object Repository/ShopOpen/RemainingMainCategories/Validate_MainCategoryDetailActionScreen' is exist

2019-01-11 17:27:14 - [MESSAGE][WARNING] - Timeout '0' is invalid. Using default page load timeout: '5'

2019-01-11 17:27:15 - [MESSAGE][PASSED] - Element 'Object Repository/ShopOpen/RemainingMainCategories/Validate_MainCategoryDetailActionScreen' is exist

2019-01-11 17:27:15 - [MESSAGE][PASSED] - Call Test Case 'Test Cases/ShopOpen/RemainingMainCategories/PrimaryDisplay/DisplaySpaceAvailable/VisitDSA' successfully

2019-01-11 17:27:15 - [MESSAGE][PASSED] - com.ct.qa.keywords.PrimaryDisplayKeywords.selectPrimaryDisplayRemark_ForDataVerfication is PASSED

2019-01-11 17:27:15 - [MESSAGE][PASSED] - Call Test Case 'Test Cases/ShopOpen/RemainingMainCategories/PrimaryDisplay/VisitPrimaryDisplayWith_DataVerification' successfully

2019-01-11 17:27:15 - [TEST_CASE][PASSED] - Test Cases/ShopOpen/RemainingMainCategories/SecondaryDisplay/SecondaryDisplay_VisitingScenarios/VisitSecondaryDisplayWith_DataVerification: Test Cases/ShopOpen/RemainingMainCategories/SecondaryDisplay/SecondaryDisplay_VisitingScenarios/VisitSecondaryDisplayWith_DataVerification

2019-01-11 17:27:15 - [TEST_STEP][PASSED] - verifyElementExist(findTestObject("ShopOpen/RemainingMainCategories/SecondaryDisplay/Validate_SecondaryDisplayRemarksScreen", ["package":PACKAGENAME]), 0): Element 'Object Repository/ShopOpen/RemainingMainCategories/SecondaryDisplay/Validate_SecondaryDisplayRemarksScreen' is exist

2019-01-11 17:27:15 - [MESSAGE][WARNING] - Timeout '0' is invalid. Using default page load timeout: '5'

2019-01-11 17:27:18 - [MESSAGE][PASSED] - Element 'Object Repository/ShopOpen/RemainingMainCategories/SecondaryDisplay/Validate_SecondaryDisplayRemarksScreen' is exist

2019-01-11 17:27:18 - [TEST_STEP][PASSED] - com.ct.qa.keywords.SecondaryDisplayKeywords.selectSecondaryDisplayRemark_WithDataVerification(): com.ct.qa.keywords.SecondaryDisplayKeywords.selectSecondaryDisplayRemark_WithDataVerification is PASSED

2019-01-11 17:27:19 - [TEST_CASE][PASSED] - Test Cases/ShopOpen/RemainingMainCategories/SecondaryDisplay/Available/VisitSecondaryDisplayAvailable: Test Cases/ShopOpen/RemainingMainCategories/SecondaryDisplay/Available/VisitSecondaryDisplayAvailable

2019-01-11 17:27:19 - [TEST_STEP][PASSED] - verifyElementText(findTestObject("ShopOpen/RemainingMainCategories/SecondaryDisplay/Available/Validate_UnitsScreen"), "Units"): Actual text and expected text of test object 'Object Repository/ShopOpen/RemainingMainCategories/SecondaryDisplay/Available/Validate_UnitsScreen' are matched.

2019-01-11 17:27:20 - [MESSAGE][PASSED] - Actual text and expected text of test object 'Object Repository/ShopOpen/RemainingMainCategories/SecondaryDisplay/Available/Validate_UnitsScreen' are matched.

2019-01-11 17:27:20 - [TEST_STEP][PASSED] - com.ct.qa.keywords.SecondaryDisplayKeywords.enterUnitsForSecondaryDisplay(): com.ct.qa.keywords.SecondaryDisplayKeywords.enterUnitsForSecondaryDisplay is PASSED

2019-01-11 17:27:23 - [MESSAGE][PASSED] - Keyboard is hidden

2019-01-11 17:27:25 - [MESSAGE][PASSED] - Keyboard is hidden

2019-01-11 17:27:25 - [MESSAGE][PASSED] - com.ct.qa.keywords.SecondaryDisplayKeywords.enterUnitsForSecondaryDisplay is PASSED

2019-01-11 17:27:25 - [TEST_STEP][PASSED] - tap(findTestObject("ShopOpen/RemainingMainCategories/SecondaryDisplay/Available/Units_SubmitButton", ["package":PACKAGENAME]), 0): Tapped on element 'Object Repository/ShopOpen/RemainingMainCategories/SecondaryDisplay/Available/Units_SubmitButton'

2019-01-11 17:27:25 - [MESSAGE][WARNING] - Timeout '0' is invalid. Using default page load timeout: '5'

2019-01-11 17:27:26 - [MESSAGE][PASSED] - Tapped on element 'Object Repository/ShopOpen/RemainingMainCategories/SecondaryDisplay/Available/Units_SubmitButton'

2019-01-11 17:27:26 - [TEST_STEP][PASSED] - verifyElementExist(findTestObject("ShopOpen/RemainingMainCategories/SecondaryDisplay/Available/Validate_UnitsListScreen", ["package":PACKAGENAME]), 0): Element 'Object Repository/ShopOpen/RemainingMainCategories/SecondaryDisplay/Available/Validate_UnitsListScreen' is exist

2019-01-11 17:27:26 - [MESSAGE][WARNING] - Timeout '0' is invalid. Using default page load timeout: '5'

2019-01-11 17:27:28 - [MESSAGE][PASSED] - Element 'Object Repository/ShopOpen/RemainingMainCategories/SecondaryDisplay/Available/Validate_UnitsListScreen' is exist

2019-01-11 17:27:28 - [TEST_STEP][PASSED] - com.ct.qa.keywords.SecondaryDisplayKeywords.visitSecondaryDisplayUnitsList(): com.ct.qa.keywords.SecondaryDisplayKeywords.visitSecondaryDisplayUnitsList is PASSED

2019-01-11 17:27:30 - [TEST_CASE][PASSED] - Test Cases/ShopOpen/RemainingMainCategories/SecondaryDisplay/Available/VisitAvailableWith_DisplayUnitNeedMaintenance: Test Cases/ShopOpen/RemainingMainCategories/SecondaryDisplay/Available/VisitAvailableWith_DisplayUnitNeedMaintenance

2019-01-11 17:27:30 - [TEST_STEP][PASSED] - verifyElementExist(findTestObject("CommonScreenElements/Validate_CameraScreen", ["package":PACKAGENAME]), 0): Element 'Object Repository/CommonScreenElements/Validate_CameraScreen' is exist

2019-01-11 17:27:30 - [MESSAGE][WARNING] - Timeout '0' is invalid. Using default page load timeout: '5'

2019-01-11 17:27:32 - [MESSAGE][PASSED] - Element 'Object Repository/CommonScreenElements/Validate_CameraScreen' is exist

2019-01-11 17:27:32 - [TEST_STEP][PASSED] - tap(findTestObject("CommonScreenElements/TakePictureButton", ["package":PACKAGENAME]), 0): Tapped on element 'Object Repository/CommonScreenElements/TakePictureButton'

2019-01-11 17:27:32 - [MESSAGE][WARNING] - Timeout '0' is invalid. Using default page load timeout: '5'

2019-01-11 17:27:35 - [MESSAGE][PASSED] - Tapped on element 'Object Repository/CommonScreenElements/TakePictureButton'

2019-01-11 17:27:35 - [TEST_STEP][PASSED] - delay(5, STOP_ON_FAILURE): Delayed 5 second(s)

2019-01-11 17:27:40 - [MESSAGE][PASSED] - Delayed 5 second(s)

2019-01-11 17:27:40 - [TEST_STEP][PASSED] - tap(findTestObject("CommonScreenElements/DoneButton", ["package":PACKAGENAME]), 0): Tapped on element 'Object Repository/CommonScreenElements/DoneButton'

2019-01-11 17:27:40 - [MESSAGE][WARNING] - Timeout '0' is invalid. Using default page load timeout: '5'

2019-01-11 17:27:41 - [MESSAGE][PASSED] - Tapped on element 'Object Repository/CommonScreenElements/DoneButton'

2019-01-11 17:27:41 - [TEST_STEP][PASSED] - verifyElementExist(findTestObject("ShopOpen/RemainingMainCategories/SecondaryDisplay/Available/Validate_AvailableRemarksScreen", ["package":PACKAGENAME]), 0): Element 'Object Repository/ShopOpen/RemainingMainCategories/SecondaryDisplay/Available/Validate_AvailableRemarksScreen' is exist

2019-01-11 17:27:41 - [MESSAGE][WARNING] - Timeout '0' is invalid. Using default page load timeout: '5'

2019-01-11 17:27:43 - [MESSAGE][PASSED] - Element 'Object Repository/ShopOpen/RemainingMainCategories/SecondaryDisplay/Available/Validate_AvailableRemarksScreen' is exist

2019-01-11 17:27:43 - [TEST_STEP][PASSED] - com.ct.qa.keywords.SecondaryDisplayKeywords.selectSecondaryDisplay_AvailableRemark("Display Unit Need Maintenance", 1): com.ct.qa.keywords.SecondaryDisplayKeywords.selectSecondaryDisplay_AvailableRemark is PASSED

2019-01-11 17:27:44 - [MESSAGE][WARNING] - Timeout '0' is invalid. Using default page load timeout: '5'

2019-01-11 17:27:47 - [MESSAGE][PASSED] - Element 'Object Repository/ShopOpen/RemainingMainCategories/SecondaryDisplay/Available/Validate_SecondaryDisplay_available_remarksScreen' is exist

2019-01-11 17:27:47 - [MESSAGE][PASSED] - com.ct.qa.keywords.SecondaryDisplayKeywords.selectSecondaryDisplay_AvailableRemark is PASSED

2019-01-11 17:27:47 - [TEST_STEP][PASSED] - tap(findTestObject("ShopOpen/RemainingMainCategories/SecondaryDisplay/Available/DUNM_CategoryRemarks_BackButton", ["package":PACKAGENAME]), 0): Tapped on element 'Object Repository/ShopOpen/RemainingMainCategories/SecondaryDisplay/Available/DUNM_CategoryRemarks_BackButton'

2019-01-11 17:27:47 - [MESSAGE][WARNING] - Timeout '0' is invalid. Using default page load timeout: '5'

2019-01-11 17:27:48 - [MESSAGE][PASSED] - Tapped on element 'Object Repository/ShopOpen/RemainingMainCategories/SecondaryDisplay/Available/DUNM_CategoryRemarks_BackButton'

2019-01-11 17:27:48 - [TEST_STEP][PASSED] - verifyElementExist(findTestObject("ShopOpen/RemainingMainCategories/SecondaryDisplay/Available/Validate_AvailableRemarksScreen", ["package":PACKAGENAME]), 0): Element 'Object Repository/ShopOpen/RemainingMainCategories/SecondaryDisplay/Available/Validate_AvailableRemarksScreen' is exist

2019-01-11 17:27:48 - [MESSAGE][WARNING] - Timeout '0' is invalid. Using default page load timeout: '5'

2019-01-11 17:27:49 - [MESSAGE][PASSED] - Element 'Object Repository/ShopOpen/RemainingMainCategories/SecondaryDisplay/Available/Validate_AvailableRemarksScreen' is exist

2019-01-11 17:27:49 - [TEST_STEP][PASSED] - tap(findTestObject("ShopOpen/RemainingMainCategories/SecondaryDisplay/Available/AvailableRemarks_BackButton", ["package":PACKAGENAME]), 0): Tapped on element 'Object Repository/ShopOpen/RemainingMainCategories/SecondaryDisplay/Available/AvailableRemarks_BackButton'

2019-01-11 17:27:49 - [MESSAGE][WARNING] - Timeout '0' is invalid. Using default page load timeout: '5'

2019-01-11 17:27:50 - [MESSAGE][PASSED] - Tapped on element 'Object Repository/ShopOpen/RemainingMainCategories/SecondaryDisplay/Available/AvailableRemarks_BackButton'

2019-01-11 17:27:50 - [TEST_STEP][PASSED] - verifyElementText(findTestObject("ShopOpen/RemainingMainCategories/SecondaryDisplay/Available/Validate_UtilizationPopUpScreen", ["package":PACKAGENAME]), "Utilization"): Actual text and expected text of test object 'Object Repository/ShopOpen/RemainingMainCategories/SecondaryDisplay/Available/Validate_UtilizationPopUpScreen' are matched.

2019-01-11 17:27:51 - [MESSAGE][PASSED] - Actual text and expected text of test object 'Object Repository/ShopOpen/RemainingMainCategories/SecondaryDisplay/Available/Validate_UtilizationPopUpScreen' are matched.

2019-01-11 17:27:51 - [TEST_STEP][PASSED] - com.ct.qa.keywords.SecondaryDisplayKeywords.enterUtilizationForSecondaryDisplay(1): com.ct.qa.keywords.SecondaryDisplayKeywords.enterUtilizationForSecondaryDisplay is PASSED

2019-01-11 17:27:56 - [MESSAGE][PASSED] - com.ct.qa.keywords.SecondaryDisplayKeywords.enterUtilizationForSecondaryDisplay is PASSED

2019-01-11 17:27:56 - [TEST_STEP][PASSED] - hideKeyboard(): Keyboard is hidden

2019-01-11 17:27:57 - [MESSAGE][PASSED] - Keyboard is hidden

2019-01-11 17:27:57 - [TEST_STEP][PASSED] - tap(findTestObject("ShopOpen/RemainingMainCategories/SecondaryDisplay/Available/Utilization_SubmitButton", ["package":PACKAGENAME]), 0, STOP_ON_FAILURE): Tapped on element 'Object Repository/ShopOpen/RemainingMainCategories/SecondaryDisplay/Available/Utilization_SubmitButton'

2019-01-11 17:27:57 - [MESSAGE][WARNING] - Timeout '0' is invalid. Using default page load timeout: '5'

2019-01-11 17:27:58 - [MESSAGE][PASSED] - Tapped on element 'Object Repository/ShopOpen/RemainingMainCategories/SecondaryDisplay/Available/Utilization_SubmitButton'

2019-01-11 17:27:58 - [TEST_STEP][PASSED] - verifyElementExist(findTestObject("ShopOpen/RemainingMainCategories/SecondaryDisplay/Available/Validate_UnitsListScreen", ["package":PACKAGENAME]), 0): Element 'Object Repository/ShopOpen/RemainingMainCategories/SecondaryDisplay/Available/Validate_UnitsListScreen' is exist

2019-01-11 17:27:58 - [MESSAGE][WARNING] - Timeout '0' is invalid. Using default page load timeout: '5'

2019-01-11 17:27:58 - [MESSAGE][PASSED] - Element 'Object Repository/ShopOpen/RemainingMainCategories/SecondaryDisplay/Available/Validate_UnitsListScreen' is exist

2019-01-11 17:27:58 - [MESSAGE][PASSED] - Call Test Case 'Test Cases/ShopOpen/RemainingMainCategories/SecondaryDisplay/Available/VisitAvailableWith_DisplayUnitNeedMaintenance' successfully

2019-01-11 17:28:00 - [TEST_CASE][PASSED] - Test Cases/ShopOpen/RemainingMainCategories/SecondaryDisplay/Available/VisitAvailableWith_SKDNA: Test Cases/ShopOpen/RemainingMainCategories/SecondaryDisplay/Available/VisitAvailableWith_SKDNA

2019-01-11 17:28:00 - [TEST_STEP][PASSED] - verifyElementExist(findTestObject("CommonScreenElements/Validate_CameraScreen", ["package":PACKAGENAME]), 0): Element 'Object Repository/CommonScreenElements/Validate_CameraScreen' is exist

2019-01-11 17:28:00 - [MESSAGE][WARNING] - Timeout '0' is invalid. Using default page load timeout: '5'

2019-01-11 17:28:01 - [MESSAGE][PASSED] - Element 'Object Repository/CommonScreenElements/Validate_CameraScreen' is exist

2019-01-11 17:28:01 - [TEST_STEP][PASSED] - tap(findTestObject("CommonScreenElements/TakePictureButton", ["package":PACKAGENAME]), 0): Tapped on element 'Object Repository/CommonScreenElements/TakePictureButton'

2019-01-11 17:28:01 - [MESSAGE][WARNING] - Timeout '0' is invalid. Using default page load timeout: '5'

2019-01-11 17:28:04 - [MESSAGE][PASSED] - Tapped on element 'Object Repository/CommonScreenElements/TakePictureButton'

2019-01-11 17:28:04 - [TEST_STEP][PASSED] - delay(5, STOP_ON_FAILURE): Delayed 5 second(s)

2019-01-11 17:28:09 - [MESSAGE][PASSED] - Delayed 5 second(s)

2019-01-11 17:28:09 - [TEST_STEP][PASSED] - tap(findTestObject("CommonScreenElements/DoneButton", ["package":PACKAGENAME]), 0): Tapped on element 'Object Repository/CommonScreenElements/DoneButton'

2019-01-11 17:28:09 - [MESSAGE][WARNING] - Timeout '0' is invalid. Using default page load timeout: '5'

2019-01-11 17:28:10 - [MESSAGE][PASSED] - Tapped on element 'Object Repository/CommonScreenElements/DoneButton'

2019-01-11 17:28:10 - [TEST_STEP][PASSED] - verifyElementExist(findTestObject("ShopOpen/RemainingMainCategories/SecondaryDisplay/Available/Validate_AvailableRemarksScreen", ["package":PACKAGENAME]), 0): Element 'Object Repository/ShopOpen/RemainingMainCategories/SecondaryDisplay/Available/Validate_AvailableRemarksScreen' is exist

2019-01-11 17:28:10 - [MESSAGE][WARNING] - Timeout '0' is invalid. Using default page load timeout: '5'

2019-01-11 17:28:12 - [MESSAGE][PASSED] - Element 'Object Repository/ShopOpen/RemainingMainCategories/SecondaryDisplay/Available/Validate_AvailableRemarksScreen' is exist

2019-01-11 17:28:12 - [TEST_STEP][PASSED] - com.ct.qa.keywords.SecondaryDisplayKeywords.selectSecondaryDisplay_AvailableRemark("Shopkeeper did not allow", 1): com.ct.qa.keywords.SecondaryDisplayKeywords.selectSecondaryDisplay_AvailableRemark is PASSED

2019-01-11 17:28:13 - [MESSAGE][WARNING] - Timeout '0' is invalid. Using default page load timeout: '5'

2019-01-11 17:28:16 - [MESSAGE][PASSED] - Element 'Object Repository/ShopOpen/RemainingMainCategories/SecondaryDisplay/Available/Validate_SecondaryDisplay_available_remarksScreen' is exist

2019-01-11 17:28:16 - [MESSAGE][PASSED] - com.ct.qa.keywords.SecondaryDisplayKeywords.selectSecondaryDisplay_AvailableRemark is PASSED

2019-01-11 17:28:16 - [TEST_STEP][PASSED] - tap(findTestObject("ShopOpen/RemainingMainCategories/SecondaryDisplay/Available/SKDNA_CategoryRemark_BackButton", ["package":PACKAGENAME]), 0): Tapped on element 'Object Repository/ShopOpen/RemainingMainCategories/SecondaryDisplay/Available/SKDNA_CategoryRemark_BackButton'

2019-01-11 17:28:16 - [MESSAGE][WARNING] - Timeout '0' is invalid. Using default page load timeout: '5'

2019-01-11 17:28:17 - [MESSAGE][PASSED] - Tapped on element 'Object Repository/ShopOpen/RemainingMainCategories/SecondaryDisplay/Available/SKDNA_CategoryRemark_BackButton'

2019-01-11 17:28:17 - [TEST_STEP][PASSED] - verifyElementExist(findTestObject("ShopOpen/RemainingMainCategories/SecondaryDisplay/Available/Validate_AvailableRemarksScreen", ["package":PACKAGENAME]), 0): Element 'Object Repository/ShopOpen/RemainingMainCategories/SecondaryDisplay/Available/Validate_AvailableRemarksScreen' is exist

2019-01-11 17:28:17 - [MESSAGE][WARNING] - Timeout '0' is invalid. Using default page load timeout: '5'

2019-01-11 17:28:18 - [MESSAGE][PASSED] - Element 'Object Repository/ShopOpen/RemainingMainCategories/SecondaryDisplay/Available/Validate_AvailableRemarksScreen' is exist

2019-01-11 17:28:18 - [TEST_STEP][PASSED] - tap(findTestObject("ShopOpen/RemainingMainCategories/SecondaryDisplay/Available/AvailableRemarks_BackButton", ["package":PACKAGENAME]), 0): Tapped on element 'Object Repository/ShopOpen/RemainingMainCategories/SecondaryDisplay/Available/AvailableRemarks_BackButton'

2019-01-11 17:28:18 - [MESSAGE][WARNING] - Timeout '0' is invalid. Using default page load timeout: '5'

2019-01-11 17:28:19 - [MESSAGE][PASSED] - Tapped on element 'Object Repository/ShopOpen/RemainingMainCategories/SecondaryDisplay/Available/AvailableRemarks_BackButton'

2019-01-11 17:28:19 - [TEST_STEP][PASSED] - verifyElementText(findTestObject("ShopOpen/RemainingMainCategories/SecondaryDisplay/Available/Validate_UtilizationPopUpScreen", ["package":PACKAGENAME]), "Utilization"): Actual text and expected text of test object 'Object Repository/ShopOpen/RemainingMainCategories/SecondaryDisplay/Available/Validate_UtilizationPopUpScreen' are matched.

2019-01-11 17:28:20 - [MESSAGE][PASSED] - Actual text and expected text of test object 'Object Repository/ShopOpen/RemainingMainCategories/SecondaryDisplay/Available/Validate_UtilizationPopUpScreen' are matched.

2019-01-11 17:28:20 - [TEST_STEP][PASSED] - com.ct.qa.keywords.SecondaryDisplayKeywords.enterUtilizationForSecondaryDisplay(1): com.ct.qa.keywords.SecondaryDisplayKeywords.enterUtilizationForSecondaryDisplay is PASSED

2019-01-11 17:28:25 - [MESSAGE][PASSED] - com.ct.qa.keywords.SecondaryDisplayKeywords.enterUtilizationForSecondaryDisplay is PASSED

2019-01-11 17:28:25 - [TEST_STEP][PASSED] - hideKeyboard(): Keyboard is hidden

2019-01-11 17:28:26 - [MESSAGE][PASSED] - Keyboard is hidden

2019-01-11 17:28:26 - [TEST_STEP][PASSED] - tap(findTestObject("ShopOpen/RemainingMainCategories/SecondaryDisplay/Available/Utilization_SubmitButton", ["package":PACKAGENAME]), 0, STOP_ON_FAILURE): Tapped on element 'Object Repository/ShopOpen/RemainingMainCategories/SecondaryDisplay/Available/Utilization_SubmitButton'

2019-01-11 17:28:26 - [MESSAGE][WARNING] - Timeout '0' is invalid. Using default page load timeout: '5'

2019-01-11 17:28:27 - [MESSAGE][PASSED] - Tapped on element 'Object Repository/ShopOpen/RemainingMainCategories/SecondaryDisplay/Available/Utilization_SubmitButton'

2019-01-11 17:28:27 - [TEST_STEP][PASSED] - verifyElementExist(findTestObject("ShopOpen/RemainingMainCategories/SecondaryDisplay/Available/Validate_UnitsListScreen", ["package":PACKAGENAME]), 0): Element 'Object Repository/ShopOpen/RemainingMainCategories/SecondaryDisplay/Available/Validate_UnitsListScreen' is exist

2019-01-11 17:28:27 - [MESSAGE][WARNING] - Timeout '0' is invalid. Using default page load timeout: '5'

2019-01-11 17:28:28 - [MESSAGE][PASSED] - Element 'Object Repository/ShopOpen/RemainingMainCategories/SecondaryDisplay/Available/Validate_UnitsListScreen' is exist

2019-01-11 17:28:28 - [MESSAGE][PASSED] - Call Test Case 'Test Cases/ShopOpen/RemainingMainCategories/SecondaryDisplay/Available/VisitAvailableWith_SKDNA' successfully

2019-01-11 17:28:29 - [TEST_CASE][PASSED] - Test Cases/ShopOpen/RemainingMainCategories/SecondaryDisplay/Available/VisitAvailableWith_SKDNA: Test Cases/ShopOpen/RemainingMainCategories/SecondaryDisplay/Available/VisitAvailableWith_SKDNA

2019-01-11 17:28:29 - [TEST_STEP][PASSED] - verifyElementExist(findTestObject("CommonScreenElements/Validate_CameraScreen", ["package":PACKAGENAME]), 0): Element 'Object Repository/CommonScreenElements/Validate_CameraScreen' is exist

2019-01-11 17:28:29 - [MESSAGE][WARNING] - Timeout '0' is invalid. Using default page load timeout: '5'

2019-01-11 17:28:30 - [MESSAGE][PASSED] - Element 'Object Repository/CommonScreenElements/Validate_CameraScreen' is exist

2019-01-11 17:28:30 - [TEST_STEP][PASSED] - tap(findTestObject("CommonScreenElements/TakePictureButton", ["package":PACKAGENAME]), 0): Tapped on element 'Object Repository/CommonScreenElements/TakePictureButton'

2019-01-11 17:28:30 - [MESSAGE][WARNING] - Timeout '0' is invalid. Using default page load timeout: '5'

2019-01-11 17:28:33 - [MESSAGE][PASSED] - Tapped on element 'Object Repository/CommonScreenElements/TakePictureButton'

2019-01-11 17:28:33 - [TEST_STEP][PASSED] - delay(5, STOP_ON_FAILURE): Delayed 5 second(s)

2019-01-11 17:28:38 - [MESSAGE][PASSED] - Delayed 5 second(s)

2019-01-11 17:28:38 - [TEST_STEP][PASSED] - tap(findTestObject("CommonScreenElements/DoneButton", ["package":PACKAGENAME]), 0): Tapped on element 'Object Repository/CommonScreenElements/DoneButton'

2019-01-11 17:28:38 - [MESSAGE][WARNING] - Timeout '0' is invalid. Using default page load timeout: '5'

2019-01-11 17:28:39 - [MESSAGE][PASSED] - Tapped on element 'Object Repository/CommonScreenElements/DoneButton'

2019-01-11 17:28:39 - [TEST_STEP][PASSED] - verifyElementExist(findTestObject("ShopOpen/RemainingMainCategories/SecondaryDisplay/Available/Validate_AvailableRemarksScreen", ["package":PACKAGENAME]), 0): Element 'Object Repository/ShopOpen/RemainingMainCategories/SecondaryDisplay/Available/Validate_AvailableRemarksScreen' is exist

2019-01-11 17:28:39 - [MESSAGE][WARNING] - Timeout '0' is invalid. Using default page load timeout: '5'

2019-01-11 17:28:41 - [MESSAGE][PASSED] - Element 'Object Repository/ShopOpen/RemainingMainCategories/SecondaryDisplay/Available/Validate_AvailableRemarksScreen' is exist

2019-01-11 17:28:41 - [TEST_STEP][PASSED] - com.ct.qa.keywords.SecondaryDisplayKeywords.selectSecondaryDisplay_AvailableRemark("Shopkeeper did not allow", 1): com.ct.qa.keywords.SecondaryDisplayKeywords.selectSecondaryDisplay_AvailableRemark is PASSED

2019-01-11 17:28:42 - [MESSAGE][WARNING] - Timeout '0' is invalid. Using default page load timeout: '5'

2019-01-11 17:28:45 - [MESSAGE][PASSED] - Element 'Object Repository/ShopOpen/RemainingMainCategories/SecondaryDisplay/Available/Validate_SecondaryDisplay_available_remarksScreen' is exist

2019-01-11 17:28:45 - [MESSAGE][PASSED] - com.ct.qa.keywords.SecondaryDisplayKeywords.selectSecondaryDisplay_AvailableRemark is PASSED

2019-01-11 17:28:45 - [TEST_STEP][PASSED] - tap(findTestObject("ShopOpen/RemainingMainCategories/SecondaryDisplay/Available/SKDNA_CategoryRemark_BackButton", ["package":PACKAGENAME]), 0): Tapped on element 'Object Repository/ShopOpen/RemainingMainCategories/SecondaryDisplay/Available/SKDNA_CategoryRemark_BackButton'

2019-01-11 17:28:45 - [MESSAGE][WARNING] - Timeout '0' is invalid. Using default page load timeout: '5'

2019-01-11 17:28:46 - [MESSAGE][PASSED] - Tapped on element 'Object Repository/ShopOpen/RemainingMainCategories/SecondaryDisplay/Available/SKDNA_CategoryRemark_BackButton'

2019-01-11 17:28:46 - [TEST_STEP][PASSED] - verifyElementExist(findTestObject("ShopOpen/RemainingMainCategories/SecondaryDisplay/Available/Validate_AvailableRemarksScreen", ["package":PACKAGENAME]), 0): Element 'Object Repository/ShopOpen/RemainingMainCategories/SecondaryDisplay/Available/Validate_AvailableRemarksScreen' is exist

2019-01-11 17:28:46 - [MESSAGE][WARNING] - Timeout '0' is invalid. Using default page load timeout: '5'

2019-01-11 17:28:47 - [MESSAGE][PASSED] - Element 'Object Repository/ShopOpen/RemainingMainCategories/SecondaryDisplay/Available/Validate_AvailableRemarksScreen' is exist

2019-01-11 17:28:47 - [TEST_STEP][PASSED] - tap(findTestObject("ShopOpen/RemainingMainCategories/SecondaryDisplay/Available/AvailableRemarks_BackButton", ["package":PACKAGENAME]), 0): Tapped on element 'Object Repository/ShopOpen/RemainingMainCategories/SecondaryDisplay/Available/AvailableRemarks_BackButton'

2019-01-11 17:28:47 - [MESSAGE][WARNING] - Timeout '0' is invalid. Using default page load timeout: '5'

2019-01-11 17:28:48 - [MESSAGE][PASSED] - Tapped on element 'Object Repository/ShopOpen/RemainingMainCategories/SecondaryDisplay/Available/AvailableRemarks_BackButton'

2019-01-11 17:28:48 - [TEST_STEP][PASSED] - verifyElementText(findTestObject("ShopOpen/RemainingMainCategories/SecondaryDisplay/Available/Validate_UtilizationPopUpScreen", ["package":PACKAGENAME]), "Utilization"): Actual text and expected text of test object 'Object Repository/ShopOpen/RemainingMainCategories/SecondaryDisplay/Available/Validate_UtilizationPopUpScreen' are matched.

2019-01-11 17:28:49 - [MESSAGE][PASSED] - Actual text and expected text of test object 'Object Repository/ShopOpen/RemainingMainCategories/SecondaryDisplay/Available/Validate_UtilizationPopUpScreen' are matched.

2019-01-11 17:28:49 - [TEST_STEP][PASSED] - com.ct.qa.keywords.SecondaryDisplayKeywords.enterUtilizationForSecondaryDisplay(1): com.ct.qa.keywords.SecondaryDisplayKeywords.enterUtilizationForSecondaryDisplay is PASSED

2019-01-11 17:28:54 - [MESSAGE][PASSED] - com.ct.qa.keywords.SecondaryDisplayKeywords.enterUtilizationForSecondaryDisplay is PASSED

2019-01-11 17:28:54 - [TEST_STEP][PASSED] - hideKeyboard(): Keyboard is hidden

2019-01-11 17:28:55 - [MESSAGE][PASSED] - Keyboard is hidden

2019-01-11 17:28:55 - [TEST_STEP][PASSED] - tap(findTestObject("ShopOpen/RemainingMainCategories/SecondaryDisplay/Available/Utilization_SubmitButton", ["package":PACKAGENAME]), 0, STOP_ON_FAILURE): Tapped on element 'Object Repository/ShopOpen/RemainingMainCategories/SecondaryDisplay/Available/Utilization_SubmitButton'

2019-01-11 17:28:55 - [MESSAGE][WARNING] - Timeout '0' is invalid. Using default page load timeout: '5'

2019-01-11 17:28:56 - [MESSAGE][PASSED] - Tapped on element 'Object Repository/ShopOpen/RemainingMainCategories/SecondaryDisplay/Available/Utilization_SubmitButton'

2019-01-11 17:28:56 - [TEST_STEP][PASSED] - verifyElementExist(findTestObject("ShopOpen/RemainingMainCategories/SecondaryDisplay/Available/Validate_UnitsListScreen", ["package":PACKAGENAME]), 0): Element 'Object Repository/ShopOpen/RemainingMainCategories/SecondaryDisplay/Available/Validate_UnitsListScreen' is exist

2019-01-11 17:28:56 - [MESSAGE][WARNING] - Timeout '0' is invalid. Using default page load timeout: '5'

2019-01-11 17:28:56 - [MESSAGE][PASSED] - Element 'Object Repository/ShopOpen/RemainingMainCategories/SecondaryDisplay/Available/Validate_UnitsListScreen' is exist

2019-01-11 17:28:56 - [MESSAGE][PASSED] - Call Test Case 'Test Cases/ShopOpen/RemainingMainCategories/SecondaryDisplay/Available/VisitAvailableWith_SKDNA' successfully

2019-01-11 17:28:59 - [TEST_CASE][PASSED] - Test Cases/ShopOpen/RemainingMainCategories/SecondaryDisplay/Available/VisitAvailable_WithDisplayUnitIsInPerfectCondition: Test Cases/ShopOpen/RemainingMainCategories/SecondaryDisplay/Available/VisitAvailable_WithDisplayUnitIsInPerfectCondition

2019-01-11 17:28:59 - [TEST_STEP][PASSED] - verifyElementExist(findTestObject("CommonScreenElements/Validate_CameraScreen", ["package":PACKAGENAME]), 0): Element 'Object Repository/CommonScreenElements/Validate_CameraScreen' is exist

2019-01-11 17:28:59 - [MESSAGE][WARNING] - Timeout '0' is invalid. Using default page load timeout: '5'

2019-01-11 17:29:00 - [MESSAGE][PASSED] - Element 'Object Repository/CommonScreenElements/Validate_CameraScreen' is exist

2019-01-11 17:29:00 - [TEST_STEP][PASSED] - tap(findTestObject("CommonScreenElements/TakePictureButton", ["package":PACKAGENAME]), 0): Tapped on element 'Object Repository/CommonScreenElements/TakePictureButton'

2019-01-11 17:29:00 - [MESSAGE][WARNING] - Timeout '0' is invalid. Using default page load timeout: '5'

2019-01-11 17:29:03 - [MESSAGE][PASSED] - Tapped on element 'Object Repository/CommonScreenElements/TakePictureButton'

2019-01-11 17:29:03 - [TEST_STEP][PASSED] - delay(5, STOP_ON_FAILURE): Delayed 5 second(s)

2019-01-11 17:29:08 - [MESSAGE][PASSED] - Delayed 5 second(s)

2019-01-11 17:29:08 - [TEST_STEP][PASSED] - tap(findTestObject("CommonScreenElements/DoneButton", ["package":PACKAGENAME]), 0): Tapped on element 'Object Repository/CommonScreenElements/DoneButton'

2019-01-11 17:29:08 - [MESSAGE][WARNING] - Timeout '0' is invalid. Using default page load timeout: '5'

2019-01-11 17:29:09 - [MESSAGE][PASSED] - Tapped on element 'Object Repository/CommonScreenElements/DoneButton'

2019-01-11 17:29:09 - [TEST_STEP][PASSED] - verifyElementExist(findTestObject("ShopOpen/RemainingMainCategories/SecondaryDisplay/Available/Validate_AvailableRemarksScreen", ["package":PACKAGENAME]), 0): Element 'Object Repository/ShopOpen/RemainingMainCategories/SecondaryDisplay/Available/Validate_AvailableRemarksScreen' is exist

2019-01-11 17:29:09 - [MESSAGE][WARNING] - Timeout '0' is invalid. Using default page load timeout: '5'

2019-01-11 17:29:11 - [MESSAGE][PASSED] - Element 'Object Repository/ShopOpen/RemainingMainCategories/SecondaryDisplay/Available/Validate_AvailableRemarksScreen' is exist

2019-01-11 17:29:11 - [TEST_STEP][PASSED] - com.ct.qa.keywords.SecondaryDisplayKeywords.selectSecondaryDisplay_AvailableRemark("Display Unit is in perfect condition", 0): com.ct.qa.keywords.SecondaryDisplayKeywords.selectSecondaryDisplay_AvailableRemark is PASSED

2019-01-11 17:29:12 - [MESSAGE][PASSED] - com.ct.qa.keywords.SecondaryDisplayKeywords.selectSecondaryDisplay_AvailableRemark is PASSED

2019-01-11 17:29:12 - [TEST_STEP][PASSED] - verifyElementText(findTestObject("ShopOpen/RemainingMainCategories/SecondaryDisplay/Available/Validate_UtilizationPopUpScreen", ["package":PACKAGENAME]), "Utilization"): Actual text and expected text of test object 'Object Repository/ShopOpen/RemainingMainCategories/SecondaryDisplay/Available/Validate_UtilizationPopUpScreen' are matched.

2019-01-11 17:29:13 - [MESSAGE][PASSED] - Actual text and expected text of test object 'Object Repository/ShopOpen/RemainingMainCategories/SecondaryDisplay/Available/Validate_UtilizationPopUpScreen' are matched.

2019-01-11 17:29:13 - [TEST_STEP][PASSED] - com.ct.qa.keywords.SecondaryDisplayKeywords.enterUtilizationForSecondaryDisplay(1): com.ct.qa.keywords.SecondaryDisplayKeywords.enterUtilizationForSecondaryDisplay is PASSED

2019-01-11 17:29:18 - [MESSAGE][PASSED] - com.ct.qa.keywords.SecondaryDisplayKeywords.enterUtilizationForSecondaryDisplay is PASSED

2019-01-11 17:29:18 - [TEST_STEP][PASSED] - hideKeyboard(): Keyboard is hidden

2019-01-11 17:29:19 - [MESSAGE][PASSED] - Keyboard is hidden

2019-01-11 17:29:19 - [TEST_STEP][PASSED] - tap(findTestObject("ShopOpen/RemainingMainCategories/SecondaryDisplay/Available/Utilization_SubmitButton", ["package":PACKAGENAME]), 0, STOP_ON_FAILURE): Tapped on element 'Object Repository/ShopOpen/RemainingMainCategories/SecondaryDisplay/Available/Utilization_SubmitButton'

2019-01-11 17:29:19 - [MESSAGE][WARNING] - Timeout '0' is invalid. Using default page load timeout: '5'

2019-01-11 17:29:20 - [MESSAGE][PASSED] - Tapped on element 'Object Repository/ShopOpen/RemainingMainCategories/SecondaryDisplay/Available/Utilization_SubmitButton'

2019-01-11 17:29:20 - [TEST_STEP][PASSED] - verifyElementExist(findTestObject("ShopOpen/RemainingMainCategories/SecondaryDisplay/Available/Validate_UnitsListScreen", ["package":PACKAGENAME]), 0): Element 'Object Repository/ShopOpen/RemainingMainCategories/SecondaryDisplay/Available/Validate_UnitsListScreen' is exist

2019-01-11 17:29:20 - [MESSAGE][WARNING] - Timeout '0' is invalid. Using default page load timeout: '5'

2019-01-11 17:29:20 - [MESSAGE][PASSED] - Element 'Object Repository/ShopOpen/RemainingMainCategories/SecondaryDisplay/Available/Validate_UnitsListScreen' is exist

2019-01-11 17:29:20 - [MESSAGE][PASSED] - Call Test Case 'Test Cases/ShopOpen/RemainingMainCategories/SecondaryDisplay/Available/VisitAvailable_WithDisplayUnitIsInPerfectCondition' successfully

2019-01-11 17:29:20 - [MESSAGE][PASSED] - com.ct.qa.keywords.SecondaryDisplayKeywords.visitSecondaryDisplayUnitsList is PASSED

2019-01-11 17:29:20 - [TEST_STEP][PASSED] - tap(findTestObject("ShopOpen/RemainingMainCategories/SecondaryDisplay/Available/UnitsList_BackButton"), 0): Tapped on element 'Object Repository/ShopOpen/RemainingMainCategories/SecondaryDisplay/Available/UnitsList_BackButton'

2019-01-11 17:29:20 - [MESSAGE][WARNING] - Timeout '0' is invalid. Using default page load timeout: '5'

2019-01-11 17:29:21 - [MESSAGE][PASSED] - Tapped on element 'Object Repository/ShopOpen/RemainingMainCategories/SecondaryDisplay/Available/UnitsList_BackButton'

2019-01-11 17:29:21 - [TEST_STEP][PASSED] - verifyElementExist(findTestObject("ShopOpen/RemainingMainCategories/Validate_MainCategoryDetailActionScreen", ["package":PACKAGENAME]), 0): Element 'Object Repository/ShopOpen/RemainingMainCategories/Validate_MainCategoryDetailActionScreen' is exist

2019-01-11 17:29:21 - [MESSAGE][WARNING] - Timeout '0' is invalid. Using default page load timeout: '5'

2019-01-11 17:29:22 - [MESSAGE][PASSED] - Element 'Object Repository/ShopOpen/RemainingMainCategories/Validate_MainCategoryDetailActionScreen' is exist

2019-01-11 17:29:22 - [MESSAGE][PASSED] - Call Test Case 'Test Cases/ShopOpen/RemainingMainCategories/SecondaryDisplay/Available/VisitSecondaryDisplayAvailable' successfully

2019-01-11 17:29:22 - [MESSAGE][PASSED] - com.ct.qa.keywords.SecondaryDisplayKeywords.selectSecondaryDisplayRemark_WithDataVerification is PASSED

2019-01-11 17:29:22 - [MESSAGE][PASSED] - Call Test Case 'Test Cases/ShopOpen/RemainingMainCategories/SecondaryDisplay/SecondaryDisplay_VisitingScenarios/VisitSecondaryDisplayWith_DataVerification' successfully

2019-01-11 17:29:22 - [MESSAGE][PASSED] - com.ct.qa.keywords.RemainingMainCategoryRemarksVisitingScenariosKeywords.visitRemarksWith_DataVerification is PASSED

2019-01-11 17:29:22 - [TEST_STEP][PASSED] - tap(findTestObject("ShopOpen/RemainingMainCategories/BackButton", ["package":PACKAGENAME]), 0): Tapped on element 'Object Repository/ShopOpen/RemainingMainCategories/BackButton'

2019-01-11 17:29:22 - [MESSAGE][WARNING] - Timeout '0' is invalid. Using default page load timeout: '5'

2019-01-11 17:29:23 - [MESSAGE][PASSED] - Tapped on element 'Object Repository/ShopOpen/RemainingMainCategories/BackButton'

2019-01-11 17:29:23 - [TEST_STEP][PASSED] - verifyElementExist(findTestObject("ShopOpen/Validate_ShopCategoriesListScreen", ["package":PACKAGENAME]), 0): Element 'Object Repository/ShopOpen/Validate_ShopCategoriesListScreen' is exist

2019-01-11 17:29:23 - [MESSAGE][WARNING] - Timeout '0' is invalid. Using default page load timeout: '5'

2019-01-11 17:29:25 - [MESSAGE][PASSED] - Element 'Object Repository/ShopOpen/Validate_ShopCategoriesListScreen' is exist

2019-01-11 17:29:25 - [MESSAGE][PASSED] - Call Test Case 'Test Cases/ShopOpen/RemainingMainCategories/MainCategoryRemarksVisitingScenarios/VisitRemarksWith_DataVerification' successfully

2019-01-11 17:29:25 - [TEST_CASE][PASSED] - Test Cases/ShopOpen/RemainingMainCategories/MainCategoryRemarksVisitingScenarios/VisitRemarksWith_DataVerification: Test Cases/ShopOpen/RemainingMainCategories/MainCategoryRemarksVisitingScenarios/VisitRemarksWith_DataVerification

2019-01-11 17:29:25 - [TEST_STEP][PASSED] - verifyElementExist(findTestObject("ShopOpen/RemainingMainCategories/Validate_MainCategoryDetailActionScreen", ["package":PACKAGENAME]), 0): Element 'Object Repository/ShopOpen/RemainingMainCategories/Validate_MainCategoryDetailActionScreen' is exist

2019-01-11 17:29:25 - [MESSAGE][WARNING] - Timeout '0' is invalid. Using default page load timeout: '5'

2019-01-11 17:29:27 - [MESSAGE][PASSED] - Element 'Object Repository/ShopOpen/RemainingMainCategories/Validate_MainCategoryDetailActionScreen' is exist

2019-01-11 17:29:27 - [TEST_STEP][PASSED] - com.ct.qa.keywords.RemainingMainCategoryRemarksVisitingScenariosKeywords.visitRemarksWith_DataVerification(): com.ct.qa.keywords.RemainingMainCategoryRemarksVisitingScenariosKeywords.visitRemarksWith_DataVerification is PASSED

2019-01-11 17:29:29 - [TEST_CASE][PASSED] - Test Cases/ShopOpen/RemainingMainCategories/Availability/VisitAvailability_WithYesRemark: Test Cases/ShopOpen/RemainingMainCategories/Availability/VisitAvailability_WithYesRemark

2019-01-11 17:29:29 - [TEST_STEP][PASSED] - verifyElementExist(findTestObject("ShopOpen/RemainingMainCategories/_Availability/Validate_SubCategoriesScreen", ["package":PACKAGENAME]), 0): Element 'Object Repository/ShopOpen/RemainingMainCategories/_Availability/Validate_SubCategoriesScreen' is exist

2019-01-11 17:29:29 - [MESSAGE][WARNING] - Timeout '0' is invalid. Using default page load timeout: '5'

2019-01-11 17:29:31 - [MESSAGE][PASSED] - Element 'Object Repository/ShopOpen/RemainingMainCategories/_Availability/Validate_SubCategoriesScreen' is exist

2019-01-11 17:29:31 - [TEST_STEP][PASSED] - com.ct.qa.keywords.AvailabilityKeywords.visitAvailabilitySubCategories(1): com.ct.qa.keywords.AvailabilityKeywords.visitAvailabilitySubCategories is PASSED

2019-01-11 17:29:32 - [TEST_CASE][PASSED] - Test Cases/ShopOpen/RemainingMainCategories/Availability/VisitSubCategories_WithYesRemarks: Test Cases/ShopOpen/RemainingMainCategories/Availability/VisitSubCategories_WithYesRemarks

2019-01-11 17:29:32 - [TEST_STEP][PASSED] - verifyElementText(findTestObject("ShopOpen/RemainingMainCategories/_Availability/Validate_SubCategoryDetailScreen", ["package":PACKAGENAME]), "Availability"): Actual text and expected text of test object 'Object Repository/ShopOpen/RemainingMainCategories/_Availability/Validate_SubCategoryDetailScreen' are matched.

2019-01-11 17:29:34 - [MESSAGE][PASSED] - Actual text and expected text of test object 'Object Repository/ShopOpen/RemainingMainCategories/_Availability/Validate_SubCategoryDetailScreen' are matched.

2019-01-11 17:29:34 - [TEST_STEP][PASSED] - tap(findTestObject("ShopOpen/RemainingMainCategories/_Availability/Availability", ["package":PACKAGENAME]), 0): Tapped on element 'Object Repository/ShopOpen/RemainingMainCategories/_Availability/Availability'

2019-01-11 17:29:34 - [MESSAGE][WARNING] - Timeout '0' is invalid. Using default page load timeout: '5'

2019-01-11 17:29:35 - [MESSAGE][PASSED] - Tapped on element 'Object Repository/ShopOpen/RemainingMainCategories/_Availability/Availability'

2019-01-11 17:29:35 - [TEST_STEP][PASSED] - verifyElementText(findTestObject("ShopOpen/RemainingMainCategories/_Availability/Validate_ProductAvailabilityScreen", ["package":PACKAGENAME]), "Availability"): Actual text and expected text of test object 'Object Repository/ShopOpen/RemainingMainCategories/_Availability/Validate_ProductAvailabilityScreen' are matched.

2019-01-11 17:29:37 - [MESSAGE][PASSED] - Actual text and expected text of test object 'Object Repository/ShopOpen/RemainingMainCategories/_Availability/Validate_ProductAvailabilityScreen' are matched.

2019-01-11 17:29:37 - [TEST_STEP][PASSED] - com.ct.qa.keywords.AvailabilityKeywords.visitProductsAvailabilityWithYesRemarks(): com.ct.qa.keywords.AvailabilityKeywords.visitProductsAvailabilityWithYesRemarks is PASSED

2019-01-11 17:29:52 - [MESSAGE][PASSED] - Swiped from 0,275 to 0,200

2019-01-11 17:29:56 - [MESSAGE][PASSED] - Swiped from 0,274 to 0,200

2019-01-11 17:30:00 - [MESSAGE][PASSED] - Swiped from 0,275 to 0,200

2019-01-11 17:30:04 - [MESSAGE][PASSED] - Swiped from 0,274 to 0,200

2019-01-11 17:30:08 - [MESSAGE][PASSED] - Swiped from 0,275 to 0,200

2019-01-11 17:30:12 - [MESSAGE][PASSED] - Swiped from 0,274 to 0,200

2019-01-11 17:30:15 - [MESSAGE][PASSED] - Swiped from 0,275 to 0,200

2019-01-11 17:30:18 - [MESSAGE][PASSED] - Swiped from 0,274 to 0,200

2019-01-11 17:30:21 - [MESSAGE][PASSED] - Swiped from 0,275 to 0,200

2019-01-11 17:30:22 - [MESSAGE][PASSED] - com.ct.qa.keywords.AvailabilityKeywords.visitProductsAvailabilityWithYesRemarks is PASSED

2019-01-11 17:30:22 - [TEST_STEP][PASSED] - tap(findTestObject("ShopOpen/RemainingMainCategories/_Availability/ProductAvailability_SubmitButton", ["package":PACKAGENAME]), 0): Tapped on element 'Object Repository/ShopOpen/RemainingMainCategories/_Availability/ProductAvailability_SubmitButton'

2019-01-11 17:30:22 - [MESSAGE][WARNING] - Timeout '0' is invalid. Using default page load timeout: '5'

2019-01-11 17:30:22 - [MESSAGE][PASSED] - Tapped on element 'Object Repository/ShopOpen/RemainingMainCategories/_Availability/ProductAvailability_SubmitButton'

2019-01-11 17:30:22 - [TEST_STEP][PASSED] - verifyElementText(findTestObject("ShopOpen/RemainingMainCategories/_Availability/Validate_SubCategoryDetailScreen", ["package":PACKAGENAME]), "Availability"): Actual text and expected text of test object 'Object Repository/ShopOpen/RemainingMainCategories/_Availability/Validate_SubCategoryDetailScreen' are matched.

2019-01-11 17:30:23 - [MESSAGE][PASSED] - Actual text and expected text of test object 'Object Repository/ShopOpen/RemainingMainCategories/_Availability/Validate_SubCategoryDetailScreen' are matched.

2019-01-11 17:30:23 - [TEST_STEP][PASSED] - pressBack(): Press back button successfully

2019-01-11 17:30:23 - [MESSAGE][PASSED] - Press back button successfully

2019-01-11 17:30:23 - [TEST_STEP][PASSED] - verifyElementExist(findTestObject("ShopOpen/RemainingMainCategories/_Availability/Validate_SubCategoriesScreen", ["package":PACKAGENAME]), 0): Element 'Object Repository/ShopOpen/RemainingMainCategories/_Availability/Validate_SubCategoriesScreen' is exist

2019-01-11 17:30:23 - [MESSAGE][WARNING] - Timeout '0' is invalid. Using default page load timeout: '5'

2019-01-11 17:30:24 - [MESSAGE][PASSED] - Element 'Object Repository/ShopOpen/RemainingMainCategories/_Availability/Validate_SubCategoriesScreen' is exist

2019-01-11 17:30:24 - [MESSAGE][PASSED] - Call Test Case 'Test Cases/ShopOpen/RemainingMainCategories/Availability/VisitSubCategories_WithYesRemarks' successfully

2019-01-11 17:30:24 - [MESSAGE][PASSED] - com.ct.qa.keywords.AvailabilityKeywords.visitAvailabilitySubCategories is PASSED

2019-01-11 17:30:24 - [TEST_STEP][PASSED] - pressBack(): Press back button successfully

2019-01-11 17:30:25 - [MESSAGE][PASSED] - Press back button successfully

2019-01-11 17:30:25 - [TEST_STEP][PASSED] - verifyElementExist(findTestObject("ShopOpen/RemainingMainCategories/Validate_MainCategoryDetailActionScreen", ["package":PACKAGENAME]), 0): Element 'Object Repository/ShopOpen/RemainingMainCategories/Validate_MainCategoryDetailActionScreen' is exist

2019-01-11 17:30:25 - [MESSAGE][WARNING] - Timeout '0' is invalid. Using default page load timeout: '5'

2019-01-11 17:30:26 - [MESSAGE][PASSED] - Element 'Object Repository/ShopOpen/RemainingMainCategories/Validate_MainCategoryDetailActionScreen' is exist

2019-01-11 17:30:26 - [MESSAGE][PASSED] - Call Test Case 'Test Cases/ShopOpen/RemainingMainCategories/Availability/VisitAvailability_WithYesRemark' successfully

2019-01-11 17:30:26 - [TEST_CASE][PASSED] - Test Cases/ShopOpen/RemainingMainCategories/PrimaryDisplay/VisitPrimaryDisplayWith_DataVerification: Test Cases/ShopOpen/RemainingMainCategories/PrimaryDisplay/VisitPrimaryDisplayWith_DataVerification

2019-01-11 17:30:26 - [TEST_STEP][PASSED] - verifyElementExist(findTestObject("ShopOpen/RemainingMainCategories/PrimaryDisplay/Validate_PrimaryDisplayRemarksScreen", ["package":PACKAGENAME]), 0): Element 'Object Repository/ShopOpen/RemainingMainCategories/PrimaryDisplay/Validate_PrimaryDisplayRemarksScreen' is exist

2019-01-11 17:30:26 - [MESSAGE][WARNING] - Timeout '0' is invalid. Using default page load timeout: '5'

2019-01-11 17:30:28 - [MESSAGE][PASSED] - Element 'Object Repository/ShopOpen/RemainingMainCategories/PrimaryDisplay/Validate_PrimaryDisplayRemarksScreen' is exist

2019-01-11 17:30:28 - [TEST_STEP][PASSED] - com.ct.qa.keywords.PrimaryDisplayKeywords.selectPrimaryDisplayRemark_ForDataVerfication(): com.ct.qa.keywords.PrimaryDisplayKeywords.selectPrimaryDisplayRemark_ForDataVerfication is PASSED

2019-01-11 17:30:29 - [MESSAGE][WARNING] - Timeout '0' is invalid. Using default page load timeout: '5'

2019-01-11 17:30:31 - [MESSAGE][PASSED] - Element 'Object Repository/CommonScreenElements/Validate_CameraScreen' is exist

2019-01-11 17:30:31 - [MESSAGE][WARNING] - Timeout '0' is invalid. Using default page load timeout: '5'

2019-01-11 17:30:35 - [MESSAGE][PASSED] - Tapped on element 'Object Repository/CommonScreenElements/TakePictureButton'

2019-01-11 17:30:40 - [MESSAGE][PASSED] - Delayed 5 second(s)

2019-01-11 17:30:40 - [MESSAGE][WARNING] - Timeout '0' is invalid. Using default page load timeout: '5'

2019-01-11 17:30:41 - [MESSAGE][PASSED] - Tapped on element 'Object Repository/CommonScreenElements/DoneButton'

2019-01-11 17:30:41 - [TEST_CASE][PASSED] - Test Cases/ShopOpen/RemainingMainCategories/PrimaryDisplay/DisplaySpaceAvailable/VisitDSA: Test Cases/ShopOpen/RemainingMainCategories/PrimaryDisplay/DisplaySpaceAvailable/VisitDSA

2019-01-11 17:30:41 - [TEST_STEP][PASSED] - verifyElementExist(findTestObject("ShopOpen/RemainingMainCategories/PrimaryDisplay/DisplaySpaceAvailable/Validate_SubCategoriesScreen", ["package":PACKAGENAME]), 0): Element 'Object Repository/ShopOpen/RemainingMainCategories/PrimaryDisplay/DisplaySpaceAvailable/Validate_SubCategoriesScreen' is exist

2019-01-11 17:30:41 - [MESSAGE][WARNING] - Timeout '0' is invalid. Using default page load timeout: '5'

2019-01-11 17:30:42 - [MESSAGE][PASSED] - Element 'Object Repository/ShopOpen/RemainingMainCategories/PrimaryDisplay/DisplaySpaceAvailable/Validate_SubCategoriesScreen' is exist

2019-01-11 17:30:42 - [TEST_STEP][PASSED] - com.ct.qa.keywords.PrimaryDisplayKeywords.visitPrimaryDisplay_WithDSASubCategories(1): com.ct.qa.keywords.PrimaryDisplayKeywords.visitPrimaryDisplay_WithDSASubCategories is PASSED

2019-01-11 17:30:43 - [TEST_CASE][PASSED] - Test Cases/ShopOpen/RemainingMainCategories/PrimaryDisplay/DisplaySpaceAvailable/VisitDSA_SubCategories: Test Cases/ShopOpen/RemainingMainCategories/PrimaryDisplay/DisplaySpaceAvailable/VisitDSA_SubCategories

2019-01-11 17:30:43 - [TEST_STEP][PASSED] - verifyElementText(findTestObject("ShopOpen/RemainingMainCategories/PrimaryDisplay/DisplaySpaceAvailable/Validate_ShareOfShelfScreen", ["package":PACKAGENAME]), "Share of shelf"): Actual text and expected text of test object 'Object Repository/ShopOpen/RemainingMainCategories/PrimaryDisplay/DisplaySpaceAvailable/Validate_ShareOfShelfScreen' are matched.

2019-01-11 17:30:45 - [MESSAGE][PASSED] - Actual text and expected text of test object 'Object Repository/ShopOpen/RemainingMainCategories/PrimaryDisplay/DisplaySpaceAvailable/Validate_ShareOfShelfScreen' are matched.

2019-01-11 17:30:45 - [TEST_STEP][PASSED] - tap(findTestObject("ShopOpen/RemainingMainCategories/PrimaryDisplay/DisplaySpaceAvailable/ShareOfShelf", ["package":PACKAGENAME]), 0): Tapped on element 'Object Repository/ShopOpen/RemainingMainCategories/PrimaryDisplay/DisplaySpaceAvailable/ShareOfShelf'

2019-01-11 17:30:45 - [MESSAGE][WARNING] - Timeout '0' is invalid. Using default page load timeout: '5'

2019-01-11 17:30:45 - [MESSAGE][PASSED] - Tapped on element 'Object Repository/ShopOpen/RemainingMainCategories/PrimaryDisplay/DisplaySpaceAvailable/ShareOfShelf'

2019-01-11 17:30:45 - [TEST_STEP][PASSED] - verifyElementText(findTestObject("ShopOpen/RemainingMainCategories/PrimaryDisplay/DisplaySpaceAvailable/Validate_ShareOfShelfProductsScreen", ["package":PACKAGENAME]), "Share of shelf"): Actual text and expected text of test object 'Object Repository/ShopOpen/RemainingMainCategories/PrimaryDisplay/DisplaySpaceAvailable/Validate_ShareOfShelfProductsScreen' are matched.

2019-01-11 17:30:47 - [MESSAGE][PASSED] - Actual text and expected text of test object 'Object Repository/ShopOpen/RemainingMainCategories/PrimaryDisplay/DisplaySpaceAvailable/Validate_ShareOfShelfProductsScreen' are matched.

2019-01-11 17:30:47 - [TEST_STEP][PASSED] - com.ct.qa.keywords.PrimaryDisplayKeywords.visitDSA_Products(DISPLAYSPACEAVAILABLE): com.ct.qa.keywords.PrimaryDisplayKeywords.visitDSA_Products is PASSED

2019-01-11 17:30:52 - [MESSAGE][PASSED] - Keyboard is hidden

2019-01-11 17:30:55 - [MESSAGE][PASSED] - Keyboard is hidden

2019-01-11 17:30:58 - [MESSAGE][PASSED] - Keyboard is hidden

2019-01-11 17:31:01 - [MESSAGE][PASSED] - Keyboard is hidden

2019-01-11 17:31:04 - [MESSAGE][PASSED] - Keyboard is hidden

2019-01-11 17:31:07 - [MESSAGE][PASSED] - Keyboard is hidden

2019-01-11 17:31:10 - [MESSAGE][PASSED] - Swiped from 57,359 to 57,250

2019-01-11 17:31:13 - [MESSAGE][PASSED] - Keyboard is hidden

2019-01-11 17:31:15 - [MESSAGE][PASSED] - Swiped from 57,359 to 57,250

2019-01-11 17:31:18 - [MESSAGE][PASSED] - Keyboard is hidden

2019-01-11 17:31:20 - [MESSAGE][PASSED] - Swiped from 57,359 to 57,250

2019-01-11 17:31:23 - [MESSAGE][PASSED] - Keyboard is hidden

2019-01-11 17:31:25 - [MESSAGE][PASSED] - Swiped from 57,359 to 57,250

2019-01-11 17:31:28 - [MESSAGE][PASSED] - Keyboard is hidden

2019-01-11 17:31:30 - [MESSAGE][PASSED] - Swiped from 57,359 to 57,250

2019-01-11 17:31:33 - [MESSAGE][PASSED] - Keyboard is hidden

2019-01-11 17:31:35 - [MESSAGE][PASSED] - Swiped from 57,359 to 57,250

2019-01-11 17:31:38 - [MESSAGE][PASSED] - Keyboard is hidden

2019-01-11 17:31:40 - [MESSAGE][PASSED] - Swiped from 57,359 to 57,250

2019-01-11 17:31:43 - [MESSAGE][PASSED] - Keyboard is hidden

2019-01-11 17:31:45 - [MESSAGE][PASSED] - Swiped from 57,359 to 57,250

2019-01-11 17:31:48 - [MESSAGE][PASSED] - Keyboard is hidden

2019-01-11 17:31:50 - [MESSAGE][PASSED] - Swiped from 57,359 to 57,250

2019-01-11 17:31:53 - [MESSAGE][PASSED] - Keyboard is hidden

2019-01-11 17:31:55 - [MESSAGE][PASSED] - Swiped from 57,359 to 57,250

2019-01-11 17:31:58 - [MESSAGE][PASSED] - Keyboard is hidden

2019-01-11 17:32:00 - [MESSAGE][PASSED] - Swiped from 57,359 to 57,250

2019-01-11 17:32:03 - [MESSAGE][PASSED] - Keyboard is hidden

2019-01-11 17:32:06 - [MESSAGE][PASSED] - Swiped from 57,359 to 57,250

2019-01-11 17:32:06 - [MESSAGE][PASSED] - com.ct.qa.keywords.PrimaryDisplayKeywords.visitDSA_Products is PASSED

2019-01-11 17:32:06 - [TEST_STEP][PASSED] - tap(findTestObject("ShopOpen/RemainingMainCategories/PrimaryDisplay/DisplaySpaceAvailable/SubmitButton", ["package":PACKAGENAME]), 0): Tapped on element 'Object Repository/ShopOpen/RemainingMainCategories/PrimaryDisplay/DisplaySpaceAvailable/SubmitButton'

2019-01-11 17:32:06 - [MESSAGE][WARNING] - Timeout '0' is invalid. Using default page load timeout: '5'

2019-01-11 17:32:07 - [MESSAGE][PASSED] - Tapped on element 'Object Repository/ShopOpen/RemainingMainCategories/PrimaryDisplay/DisplaySpaceAvailable/SubmitButton'

2019-01-11 17:32:07 - [TEST_STEP][PASSED] - verifyElementText(findTestObject("ShopOpen/RemainingMainCategories/PrimaryDisplay/DisplaySpaceAvailable/Validate_AlertScreen", ["package":PACKAGENAME]), "Alert"): Actual text and expected text of test object 'Object Repository/ShopOpen/RemainingMainCategories/PrimaryDisplay/DisplaySpaceAvailable/Validate_AlertScreen' are matched.

2019-01-11 17:32:09 - [MESSAGE][PASSED] - Actual text and expected text of test object 'Object Repository/ShopOpen/RemainingMainCategories/PrimaryDisplay/DisplaySpaceAvailable/Validate_AlertScreen' are matched.

2019-01-11 17:32:09 - [TEST_STEP][PASSED] - tap(findTestObject("ShopOpen/RemainingMainCategories/PrimaryDisplay/DisplaySpaceAvailable/Alert_SaveButton", ["package":PACKAGENAME]), 0): Tapped on element 'Object Repository/ShopOpen/RemainingMainCategories/PrimaryDisplay/DisplaySpaceAvailable/Alert_SaveButton'

2019-01-11 17:32:09 - [MESSAGE][WARNING] - Timeout '0' is invalid. Using default page load timeout: '5'

2019-01-11 17:32:09 - [MESSAGE][PASSED] - Tapped on element 'Object Repository/ShopOpen/RemainingMainCategories/PrimaryDisplay/DisplaySpaceAvailable/Alert_SaveButton'

2019-01-11 17:32:09 - [TEST_STEP][PASSED] - verifyElementText(findTestObject("ShopOpen/RemainingMainCategories/PrimaryDisplay/DisplaySpaceAvailable/Validate_ShareOfShelfScreen", ["package":PACKAGENAME]), "Share of shelf"): Actual text and expected text of test object 'Object Repository/ShopOpen/RemainingMainCategories/PrimaryDisplay/DisplaySpaceAvailable/Validate_ShareOfShelfScreen' are matched.

2019-01-11 17:32:10 - [MESSAGE][PASSED] - Actual text and expected text of test object 'Object Repository/ShopOpen/RemainingMainCategories/PrimaryDisplay/DisplaySpaceAvailable/Validate_ShareOfShelfScreen' are matched.

2019-01-11 17:32:10 - [TEST_STEP][PASSED] - tap(findTestObject("ShopOpen/RemainingMainCategories/PrimaryDisplay/DisplaySpaceAvailable/ShareofShelf_BackButton", ["package":PACKAGENAME]), 0): Tapped on element 'Object Repository/ShopOpen/RemainingMainCategories/PrimaryDisplay/DisplaySpaceAvailable/ShareofShelf_BackButton'

2019-01-11 17:32:10 - [MESSAGE][WARNING] - Timeout '0' is invalid. Using default page load timeout: '5'

2019-01-11 17:32:10 - [MESSAGE][PASSED] - Tapped on element 'Object Repository/ShopOpen/RemainingMainCategories/PrimaryDisplay/DisplaySpaceAvailable/ShareofShelf_BackButton'

2019-01-11 17:32:10 - [TEST_STEP][PASSED] - verifyElementExist(findTestObject("ShopOpen/RemainingMainCategories/PrimaryDisplay/DisplaySpaceAvailable/Validate_SubCategoriesScreen", ["package":PACKAGENAME]), 0): Element 'Object Repository/ShopOpen/RemainingMainCategories/PrimaryDisplay/DisplaySpaceAvailable/Validate_SubCategoriesScreen' is exist

2019-01-11 17:32:10 - [MESSAGE][WARNING] - Timeout '0' is invalid. Using default page load timeout: '5'

2019-01-11 17:32:11 - [MESSAGE][PASSED] - Element 'Object Repository/ShopOpen/RemainingMainCategories/PrimaryDisplay/DisplaySpaceAvailable/Validate_SubCategoriesScreen' is exist

2019-01-11 17:32:11 - [MESSAGE][PASSED] - Call Test Case 'Test Cases/ShopOpen/RemainingMainCategories/PrimaryDisplay/DisplaySpaceAvailable/VisitDSA_SubCategories' successfully

2019-01-11 17:32:11 - [MESSAGE][PASSED] - com.ct.qa.keywords.PrimaryDisplayKeywords.visitPrimaryDisplay_WithDSASubCategories is PASSED

2019-01-11 17:32:11 - [TEST_STEP][PASSED] - com.ct.qa.keywords.CommonKeywords.findPlanogramImageView(): com.ct.qa.keywords.CommonKeywords.findPlanogramImageView is PASSED

2019-01-11 17:32:13 - [MESSAGE][WARNING] - Timeout '0' is invalid. Using default page load timeout: '5'

2019-01-11 17:32:20 - [MESSAGE][WARNING] - Object Object Repository/CommonScreenElements/InfoPopUp_OKButton not found
[[ATTACHMENT|F:\\Git Projects\\PnG_Merchandising\\PnG_Merchandising\\Reports\\PnG Merchandising With Channel Wise Data Verification\\20190111_162651\\1547209938905.png]]

2019-01-11 17:32:21 - [MESSAGE][PASSED] - com.ct.qa.keywords.CommonKeywords.findPlanogramImageView is PASSED

2019-01-11 17:32:21 - [TEST_STEP][PASSED] - verifyElementExist(findTestObject("ShopOpen/RemainingMainCategories/PrimaryDisplay/DisplaySpaceAvailable/Validate_SubCategoriesScreen", ["package":PACKAGENAME]), 0): Element 'Object Repository/ShopOpen/RemainingMainCategories/PrimaryDisplay/DisplaySpaceAvailable/Validate_SubCategoriesScreen' is exist

2019-01-11 17:32:21 - [MESSAGE][WARNING] - Timeout '0' is invalid. Using default page load timeout: '5'

2019-01-11 17:32:22 - [MESSAGE][PASSED] - Element 'Object Repository/ShopOpen/RemainingMainCategories/PrimaryDisplay/DisplaySpaceAvailable/Validate_SubCategoriesScreen' is exist

2019-01-11 17:32:22 - [TEST_STEP][PASSED] - com.ct.qa.keywords.CommonKeywords.findPictureImageView(): com.ct.qa.keywords.CommonKeywords.findPictureImageView is PASSED

2019-01-11 17:32:25 - [MESSAGE][WARNING] - Timeout '0' is invalid. Using default page load timeout: '5'

2019-01-11 17:32:26 - [MESSAGE][PASSED] - Element 'Object Repository/CommonScreenElements/Validate_CameraScreen' is exist

2019-01-11 17:32:26 - [MESSAGE][WARNING] - Timeout '0' is invalid. Using default page load timeout: '5'

2019-01-11 17:32:30 - [MESSAGE][PASSED] - Tapped on element 'Object Repository/CommonScreenElements/TakePictureButton'

2019-01-11 17:32:35 - [MESSAGE][PASSED] - Delayed 5 second(s)

2019-01-11 17:32:35 - [MESSAGE][WARNING] - Timeout '0' is invalid. Using default page load timeout: '5'

2019-01-11 17:32:35 - [MESSAGE][PASSED] - Tapped on element 'Object Repository/CommonScreenElements/DoneButton'

2019-01-11 17:32:35 - [MESSAGE][PASSED] - com.ct.qa.keywords.CommonKeywords.findPictureImageView is PASSED

2019-01-11 17:32:35 - [TEST_STEP][PASSED] - verifyElementExist(findTestObject("ShopOpen/RemainingMainCategories/PrimaryDisplay/DisplaySpaceAvailable/Validate_SubCategoriesScreen", ["package":PACKAGENAME]), 0): Element 'Object Repository/ShopOpen/RemainingMainCategories/PrimaryDisplay/DisplaySpaceAvailable/Validate_SubCategoriesScreen' is exist

2019-01-11 17:32:35 - [MESSAGE][WARNING] - Timeout '0' is invalid. Using default page load timeout: '5'

2019-01-11 17:32:36 - [MESSAGE][PASSED] - Element 'Object Repository/ShopOpen/RemainingMainCategories/PrimaryDisplay/DisplaySpaceAvailable/Validate_SubCategoriesScreen' is exist

2019-01-11 17:32:36 - [TEST_STEP][PASSED] - com.ct.qa.keywords.CommonKeywords.findBackButtonImageView(): com.ct.qa.keywords.CommonKeywords.findBackButtonImageView is PASSED

2019-01-11 17:32:38 - [MESSAGE][PASSED] - com.ct.qa.keywords.CommonKeywords.findBackButtonImageView is PASSED

2019-01-11 17:32:38 - [TEST_STEP][PASSED] - verifyElementExist(findTestObject("ShopOpen/RemainingMainCategories/Validate_MainCategoryDetailActionScreen", ["package":PACKAGENAME]), 0): Element 'Object Repository/ShopOpen/RemainingMainCategories/Validate_MainCategoryDetailActionScreen' is exist

2019-01-11 17:32:38 - [MESSAGE][WARNING] - Timeout '0' is invalid. Using default page load timeout: '5'

2019-01-11 17:32:39 - [MESSAGE][PASSED] - Element 'Object Repository/ShopOpen/RemainingMainCategories/Validate_MainCategoryDetailActionScreen' is exist

2019-01-11 17:32:39 - [MESSAGE][PASSED] - Call Test Case 'Test Cases/ShopOpen/RemainingMainCategories/PrimaryDisplay/DisplaySpaceAvailable/VisitDSA' successfully

2019-01-11 17:32:39 - [MESSAGE][PASSED] - com.ct.qa.keywords.PrimaryDisplayKeywords.selectPrimaryDisplayRemark_ForDataVerfication is PASSED

2019-01-11 17:32:39 - [MESSAGE][PASSED] - Call Test Case 'Test Cases/ShopOpen/RemainingMainCategories/PrimaryDisplay/VisitPrimaryDisplayWith_DataVerification' successfully

2019-01-11 17:32:39 - [TEST_CASE][PASSED] - Test Cases/ShopOpen/RemainingMainCategories/SecondaryDisplay/SecondaryDisplay_VisitingScenarios/VisitSecondaryDisplayWith_DataVerification: Test Cases/ShopOpen/RemainingMainCategories/SecondaryDisplay/SecondaryDisplay_VisitingScenarios/VisitSecondaryDisplayWith_DataVerification

2019-01-11 17:32:39 - [TEST_STEP][PASSED] - verifyElementExist(findTestObject("ShopOpen/RemainingMainCategories/SecondaryDisplay/Validate_SecondaryDisplayRemarksScreen", ["package":PACKAGENAME]), 0): Element 'Object Repository/ShopOpen/RemainingMainCategories/SecondaryDisplay/Validate_SecondaryDisplayRemarksScreen' is exist

2019-01-11 17:32:39 - [MESSAGE][WARNING] - Timeout '0' is invalid. Using default page load timeout: '5'

2019-01-11 17:32:42 - [MESSAGE][PASSED] - Element 'Object Repository/ShopOpen/RemainingMainCategories/SecondaryDisplay/Validate_SecondaryDisplayRemarksScreen' is exist

2019-01-11 17:32:42 - [TEST_STEP][PASSED] - com.ct.qa.keywords.SecondaryDisplayKeywords.selectSecondaryDisplayRemark_WithDataVerification(): com.ct.qa.keywords.SecondaryDisplayKeywords.selectSecondaryDisplayRemark_WithDataVerification is PASSED

2019-01-11 17:32:43 - [TEST_CASE][PASSED] - Test Cases/ShopOpen/RemainingMainCategories/SecondaryDisplay/Available/VisitSecondaryDisplayAvailable: Test Cases/ShopOpen/RemainingMainCategories/SecondaryDisplay/Available/VisitSecondaryDisplayAvailable

2019-01-11 17:32:43 - [TEST_STEP][PASSED] - verifyElementText(findTestObject("ShopOpen/RemainingMainCategories/SecondaryDisplay/Available/Validate_UnitsScreen"), "Units"): Actual text and expected text of test object 'Object Repository/ShopOpen/RemainingMainCategories/SecondaryDisplay/Available/Validate_UnitsScreen' are matched.

2019-01-11 17:32:44 - [MESSAGE][PASSED] - Actual text and expected text of test object 'Object Repository/ShopOpen/RemainingMainCategories/SecondaryDisplay/Available/Validate_UnitsScreen' are matched.

2019-01-11 17:32:44 - [TEST_STEP][PASSED] - com.ct.qa.keywords.SecondaryDisplayKeywords.enterUnitsForSecondaryDisplay(): com.ct.qa.keywords.SecondaryDisplayKeywords.enterUnitsForSecondaryDisplay is PASSED

2019-01-11 17:32:47 - [MESSAGE][PASSED] - Keyboard is hidden

2019-01-11 17:32:49 - [MESSAGE][PASSED] - Keyboard is hidden

2019-01-11 17:32:49 - [MESSAGE][PASSED] - com.ct.qa.keywords.SecondaryDisplayKeywords.enterUnitsForSecondaryDisplay is PASSED

2019-01-11 17:32:49 - [TEST_STEP][PASSED] - tap(findTestObject("ShopOpen/RemainingMainCategories/SecondaryDisplay/Available/Units_SubmitButton", ["package":PACKAGENAME]), 0): Tapped on element 'Object Repository/ShopOpen/RemainingMainCategories/SecondaryDisplay/Available/Units_SubmitButton'

2019-01-11 17:32:49 - [MESSAGE][WARNING] - Timeout '0' is invalid. Using default page load timeout: '5'

2019-01-11 17:32:50 - [MESSAGE][PASSED] - Tapped on element 'Object Repository/ShopOpen/RemainingMainCategories/SecondaryDisplay/Available/Units_SubmitButton'

2019-01-11 17:32:50 - [TEST_STEP][PASSED] - verifyElementExist(findTestObject("ShopOpen/RemainingMainCategories/SecondaryDisplay/Available/Validate_UnitsListScreen", ["package":PACKAGENAME]), 0): Element 'Object Repository/ShopOpen/RemainingMainCategories/SecondaryDisplay/Available/Validate_UnitsListScreen' is exist

2019-01-11 17:32:50 - [MESSAGE][WARNING] - Timeout '0' is invalid. Using default page load timeout: '5'

2019-01-11 17:32:52 - [MESSAGE][PASSED] - Element 'Object Repository/ShopOpen/RemainingMainCategories/SecondaryDisplay/Available/Validate_UnitsListScreen' is exist

2019-01-11 17:32:52 - [TEST_STEP][PASSED] - com.ct.qa.keywords.SecondaryDisplayKeywords.visitSecondaryDisplayUnitsList(): com.ct.qa.keywords.SecondaryDisplayKeywords.visitSecondaryDisplayUnitsList is PASSED

2019-01-11 17:32:54 - [TEST_CASE][PASSED] - Test Cases/ShopOpen/RemainingMainCategories/SecondaryDisplay/Available/VisitAvailableWith_DisplayUnitNeedMaintenance: Test Cases/ShopOpen/RemainingMainCategories/SecondaryDisplay/Available/VisitAvailableWith_DisplayUnitNeedMaintenance

2019-01-11 17:32:54 - [TEST_STEP][PASSED] - verifyElementExist(findTestObject("CommonScreenElements/Validate_CameraScreen", ["package":PACKAGENAME]), 0): Element 'Object Repository/CommonScreenElements/Validate_CameraScreen' is exist

2019-01-11 17:32:54 - [MESSAGE][WARNING] - Timeout '0' is invalid. Using default page load timeout: '5'

2019-01-11 17:32:55 - [MESSAGE][PASSED] - Element 'Object Repository/CommonScreenElements/Validate_CameraScreen' is exist

2019-01-11 17:32:55 - [TEST_STEP][PASSED] - tap(findTestObject("CommonScreenElements/TakePictureButton", ["package":PACKAGENAME]), 0): Tapped on element 'Object Repository/CommonScreenElements/TakePictureButton'

2019-01-11 17:32:55 - [MESSAGE][WARNING] - Timeout '0' is invalid. Using default page load timeout: '5'

2019-01-11 17:32:58 - [MESSAGE][PASSED] - Tapped on element 'Object Repository/CommonScreenElements/TakePictureButton'

2019-01-11 17:32:58 - [TEST_STEP][PASSED] - delay(5, STOP_ON_FAILURE): Delayed 5 second(s)

2019-01-11 17:33:03 - [MESSAGE][PASSED] - Delayed 5 second(s)

2019-01-11 17:33:03 - [TEST_STEP][PASSED] - tap(findTestObject("CommonScreenElements/DoneButton", ["package":PACKAGENAME]), 0): Tapped on element 'Object Repository/CommonScreenElements/DoneButton'

2019-01-11 17:33:03 - [MESSAGE][WARNING] - Timeout '0' is invalid. Using default page load timeout: '5'

2019-01-11 17:33:04 - [MESSAGE][PASSED] - Tapped on element 'Object Repository/CommonScreenElements/DoneButton'

2019-01-11 17:33:04 - [TEST_STEP][PASSED] - verifyElementExist(findTestObject("ShopOpen/RemainingMainCategories/SecondaryDisplay/Available/Validate_AvailableRemarksScreen", ["package":PACKAGENAME]), 0): Element 'Object Repository/ShopOpen/RemainingMainCategories/SecondaryDisplay/Available/Validate_AvailableRemarksScreen' is exist

2019-01-11 17:33:04 - [MESSAGE][WARNING] - Timeout '0' is invalid. Using default page load timeout: '5'

2019-01-11 17:33:06 - [MESSAGE][PASSED] - Element 'Object Repository/ShopOpen/RemainingMainCategories/SecondaryDisplay/Available/Validate_AvailableRemarksScreen' is exist

2019-01-11 17:33:06 - [TEST_STEP][PASSED] - com.ct.qa.keywords.SecondaryDisplayKeywords.selectSecondaryDisplay_AvailableRemark("Display Unit Need Maintenance", 1): com.ct.qa.keywords.SecondaryDisplayKeywords.selectSecondaryDisplay_AvailableRemark is PASSED

2019-01-11 17:33:07 - [MESSAGE][WARNING] - Timeout '0' is invalid. Using default page load timeout: '5'

2019-01-11 17:33:09 - [MESSAGE][PASSED] - Element 'Object Repository/ShopOpen/RemainingMainCategories/SecondaryDisplay/Available/Validate_SecondaryDisplay_available_remarksScreen' is exist

2019-01-11 17:33:10 - [MESSAGE][PASSED] - com.ct.qa.keywords.SecondaryDisplayKeywords.selectSecondaryDisplay_AvailableRemark is PASSED

2019-01-11 17:33:10 - [TEST_STEP][PASSED] - tap(findTestObject("ShopOpen/RemainingMainCategories/SecondaryDisplay/Available/DUNM_CategoryRemarks_BackButton", ["package":PACKAGENAME]), 0): Tapped on element 'Object Repository/ShopOpen/RemainingMainCategories/SecondaryDisplay/Available/DUNM_CategoryRemarks_BackButton'

2019-01-11 17:33:10 - [MESSAGE][WARNING] - Timeout '0' is invalid. Using default page load timeout: '5'

2019-01-11 17:33:11 - [MESSAGE][PASSED] - Tapped on element 'Object Repository/ShopOpen/RemainingMainCategories/SecondaryDisplay/Available/DUNM_CategoryRemarks_BackButton'

2019-01-11 17:33:11 - [TEST_STEP][PASSED] - verifyElementExist(findTestObject("ShopOpen/RemainingMainCategories/SecondaryDisplay/Available/Validate_AvailableRemarksScreen", ["package":PACKAGENAME]), 0): Element 'Object Repository/ShopOpen/RemainingMainCategories/SecondaryDisplay/Available/Validate_AvailableRemarksScreen' is exist

2019-01-11 17:33:11 - [MESSAGE][WARNING] - Timeout '0' is invalid. Using default page load timeout: '5'

2019-01-11 17:33:12 - [MESSAGE][PASSED] - Element 'Object Repository/ShopOpen/RemainingMainCategories/SecondaryDisplay/Available/Validate_AvailableRemarksScreen' is exist

2019-01-11 17:33:12 - [TEST_STEP][PASSED] - tap(findTestObject("ShopOpen/RemainingMainCategories/SecondaryDisplay/Available/AvailableRemarks_BackButton", ["package":PACKAGENAME]), 0): Tapped on element 'Object Repository/ShopOpen/RemainingMainCategories/SecondaryDisplay/Available/AvailableRemarks_BackButton'

2019-01-11 17:33:12 - [MESSAGE][WARNING] - Timeout '0' is invalid. Using default page load timeout: '5'

2019-01-11 17:33:12 - [MESSAGE][PASSED] - Tapped on element 'Object Repository/ShopOpen/RemainingMainCategories/SecondaryDisplay/Available/AvailableRemarks_BackButton'

2019-01-11 17:33:12 - [TEST_STEP][PASSED] - verifyElementText(findTestObject("ShopOpen/RemainingMainCategories/SecondaryDisplay/Available/Validate_UtilizationPopUpScreen", ["package":PACKAGENAME]), "Utilization"): Actual text and expected text of test object 'Object Repository/ShopOpen/RemainingMainCategories/SecondaryDisplay/Available/Validate_UtilizationPopUpScreen' are matched.

2019-01-11 17:33:14 - [MESSAGE][PASSED] - Actual text and expected text of test object 'Object Repository/ShopOpen/RemainingMainCategories/SecondaryDisplay/Available/Validate_UtilizationPopUpScreen' are matched.

2019-01-11 17:33:14 - [TEST_STEP][PASSED] - com.ct.qa.keywords.SecondaryDisplayKeywords.enterUtilizationForSecondaryDisplay(1): com.ct.qa.keywords.SecondaryDisplayKeywords.enterUtilizationForSecondaryDisplay is PASSED

2019-01-11 17:33:18 - [MESSAGE][PASSED] - com.ct.qa.keywords.SecondaryDisplayKeywords.enterUtilizationForSecondaryDisplay is PASSED

2019-01-11 17:33:18 - [TEST_STEP][PASSED] - hideKeyboard(): Keyboard is hidden

2019-01-11 17:33:19 - [MESSAGE][PASSED] - Keyboard is hidden

2019-01-11 17:33:19 - [TEST_STEP][PASSED] - tap(findTestObject("ShopOpen/RemainingMainCategories/SecondaryDisplay/Available/Utilization_SubmitButton", ["package":PACKAGENAME]), 0, STOP_ON_FAILURE): Tapped on element 'Object Repository/ShopOpen/RemainingMainCategories/SecondaryDisplay/Available/Utilization_SubmitButton'

2019-01-11 17:33:19 - [MESSAGE][WARNING] - Timeout '0' is invalid. Using default page load timeout: '5'

2019-01-11 17:33:20 - [MESSAGE][PASSED] - Tapped on element 'Object Repository/ShopOpen/RemainingMainCategories/SecondaryDisplay/Available/Utilization_SubmitButton'

2019-01-11 17:33:20 - [TEST_STEP][PASSED] - verifyElementExist(findTestObject("ShopOpen/RemainingMainCategories/SecondaryDisplay/Available/Validate_UnitsListScreen", ["package":PACKAGENAME]), 0): Element 'Object Repository/ShopOpen/RemainingMainCategories/SecondaryDisplay/Available/Validate_UnitsListScreen' is exist

2019-01-11 17:33:20 - [MESSAGE][WARNING] - Timeout '0' is invalid. Using default page load timeout: '5'

2019-01-11 17:33:21 - [MESSAGE][PASSED] - Element 'Object Repository/ShopOpen/RemainingMainCategories/SecondaryDisplay/Available/Validate_UnitsListScreen' is exist

2019-01-11 17:33:21 - [MESSAGE][PASSED] - Call Test Case 'Test Cases/ShopOpen/RemainingMainCategories/SecondaryDisplay/Available/VisitAvailableWith_DisplayUnitNeedMaintenance' successfully

2019-01-11 17:33:21 - [TEST_CASE][PASSED] - Test Cases/ShopOpen/RemainingMainCategories/SecondaryDisplay/Available/VisitAvailableWith_SKDNA: Test Cases/ShopOpen/RemainingMainCategories/SecondaryDisplay/Available/VisitAvailableWith_SKDNA

2019-01-11 17:33:21 - [TEST_STEP][PASSED] - verifyElementExist(findTestObject("CommonScreenElements/Validate_CameraScreen", ["package":PACKAGENAME]), 0): Element 'Object Repository/CommonScreenElements/Validate_CameraScreen' is exist

2019-01-11 17:33:21 - [MESSAGE][WARNING] - Timeout '0' is invalid. Using default page load timeout: '5'

2019-01-11 17:33:23 - [MESSAGE][PASSED] - Element 'Object Repository/CommonScreenElements/Validate_CameraScreen' is exist

2019-01-11 17:33:23 - [TEST_STEP][PASSED] - tap(findTestObject("CommonScreenElements/TakePictureButton", ["package":PACKAGENAME]), 0): Tapped on element 'Object Repository/CommonScreenElements/TakePictureButton'

2019-01-11 17:33:23 - [MESSAGE][WARNING] - Timeout '0' is invalid. Using default page load timeout: '5'

2019-01-11 17:33:27 - [MESSAGE][PASSED] - Tapped on element 'Object Repository/CommonScreenElements/TakePictureButton'

2019-01-11 17:33:27 - [TEST_STEP][PASSED] - delay(5, STOP_ON_FAILURE): Delayed 5 second(s)

2019-01-11 17:33:32 - [MESSAGE][PASSED] - Delayed 5 second(s)

2019-01-11 17:33:32 - [TEST_STEP][PASSED] - tap(findTestObject("CommonScreenElements/DoneButton", ["package":PACKAGENAME]), 0): Tapped on element 'Object Repository/CommonScreenElements/DoneButton'

2019-01-11 17:33:32 - [MESSAGE][WARNING] - Timeout '0' is invalid. Using default page load timeout: '5'

2019-01-11 17:33:32 - [MESSAGE][PASSED] - Tapped on element 'Object Repository/CommonScreenElements/DoneButton'

2019-01-11 17:33:32 - [TEST_STEP][PASSED] - verifyElementExist(findTestObject("ShopOpen/RemainingMainCategories/SecondaryDisplay/Available/Validate_AvailableRemarksScreen", ["package":PACKAGENAME]), 0): Element 'Object Repository/ShopOpen/RemainingMainCategories/SecondaryDisplay/Available/Validate_AvailableRemarksScreen' is exist

2019-01-11 17:33:32 - [MESSAGE][WARNING] - Timeout '0' is invalid. Using default page load timeout: '5'

2019-01-11 17:33:35 - [MESSAGE][PASSED] - Element 'Object Repository/ShopOpen/RemainingMainCategories/SecondaryDisplay/Available/Validate_AvailableRemarksScreen' is exist

2019-01-11 17:33:35 - [TEST_STEP][PASSED] - com.ct.qa.keywords.SecondaryDisplayKeywords.selectSecondaryDisplay_AvailableRemark("Shopkeeper did not allow", 1): com.ct.qa.keywords.SecondaryDisplayKeywords.selectSecondaryDisplay_AvailableRemark is PASSED

2019-01-11 17:33:37 - [MESSAGE][WARNING] - Timeout '0' is invalid. Using default page load timeout: '5'

2019-01-11 17:33:39 - [MESSAGE][PASSED] - Element 'Object Repository/ShopOpen/RemainingMainCategories/SecondaryDisplay/Available/Validate_SecondaryDisplay_available_remarksScreen' is exist

2019-01-11 17:33:39 - [MESSAGE][PASSED] - com.ct.qa.keywords.SecondaryDisplayKeywords.selectSecondaryDisplay_AvailableRemark is PASSED

2019-01-11 17:33:39 - [TEST_STEP][PASSED] - tap(findTestObject("ShopOpen/RemainingMainCategories/SecondaryDisplay/Available/SKDNA_CategoryRemark_BackButton", ["package":PACKAGENAME]), 0): Tapped on element 'Object Repository/ShopOpen/RemainingMainCategories/SecondaryDisplay/Available/SKDNA_CategoryRemark_BackButton'

2019-01-11 17:33:39 - [MESSAGE][WARNING] - Timeout '0' is invalid. Using default page load timeout: '5'

2019-01-11 17:33:40 - [MESSAGE][PASSED] - Tapped on element 'Object Repository/ShopOpen/RemainingMainCategories/SecondaryDisplay/Available/SKDNA_CategoryRemark_BackButton'

2019-01-11 17:33:40 - [TEST_STEP][PASSED] - verifyElementExist(findTestObject("ShopOpen/RemainingMainCategories/SecondaryDisplay/Available/Validate_AvailableRemarksScreen", ["package":PACKAGENAME]), 0): Element 'Object Repository/ShopOpen/RemainingMainCategories/SecondaryDisplay/Available/Validate_AvailableRemarksScreen' is exist

2019-01-11 17:33:40 - [MESSAGE][WARNING] - Timeout '0' is invalid. Using default page load timeout: '5'

2019-01-11 17:33:41 - [MESSAGE][PASSED] - Element 'Object Repository/ShopOpen/RemainingMainCategories/SecondaryDisplay/Available/Validate_AvailableRemarksScreen' is exist

2019-01-11 17:33:41 - [TEST_STEP][PASSED] - tap(findTestObject("ShopOpen/RemainingMainCategories/SecondaryDisplay/Available/AvailableRemarks_BackButton", ["package":PACKAGENAME]), 0): Tapped on element 'Object Repository/ShopOpen/RemainingMainCategories/SecondaryDisplay/Available/AvailableRemarks_BackButton'

2019-01-11 17:33:41 - [MESSAGE][WARNING] - Timeout '0' is invalid. Using default page load timeout: '5'

2019-01-11 17:33:42 - [MESSAGE][PASSED] - Tapped on element 'Object Repository/ShopOpen/RemainingMainCategories/SecondaryDisplay/Available/AvailableRemarks_BackButton'

2019-01-11 17:33:42 - [TEST_STEP][PASSED] - verifyElementText(findTestObject("ShopOpen/RemainingMainCategories/SecondaryDisplay/Available/Validate_UtilizationPopUpScreen", ["package":PACKAGENAME]), "Utilization"): Actual text and expected text of test object 'Object Repository/ShopOpen/RemainingMainCategories/SecondaryDisplay/Available/Validate_UtilizationPopUpScreen' are matched.

2019-01-11 17:33:43 - [MESSAGE][PASSED] - Actual text and expected text of test object 'Object Repository/ShopOpen/RemainingMainCategories/SecondaryDisplay/Available/Validate_UtilizationPopUpScreen' are matched.

2019-01-11 17:33:43 - [TEST_STEP][PASSED] - com.ct.qa.keywords.SecondaryDisplayKeywords.enterUtilizationForSecondaryDisplay(1): com.ct.qa.keywords.SecondaryDisplayKeywords.enterUtilizationForSecondaryDisplay is PASSED

2019-01-11 17:33:48 - [MESSAGE][PASSED] - com.ct.qa.keywords.SecondaryDisplayKeywords.enterUtilizationForSecondaryDisplay is PASSED

2019-01-11 17:33:48 - [TEST_STEP][PASSED] - hideKeyboard(): Keyboard is hidden

2019-01-11 17:33:49 - [MESSAGE][PASSED] - Keyboard is hidden

2019-01-11 17:33:49 - [TEST_STEP][PASSED] - tap(findTestObject("ShopOpen/RemainingMainCategories/SecondaryDisplay/Available/Utilization_SubmitButton", ["package":PACKAGENAME]), 0, STOP_ON_FAILURE): Tapped on element 'Object Repository/ShopOpen/RemainingMainCategories/SecondaryDisplay/Available/Utilization_SubmitButton'

2019-01-11 17:33:49 - [MESSAGE][WARNING] - Timeout '0' is invalid. Using default page load timeout: '5'

2019-01-11 17:33:50 - [MESSAGE][PASSED] - Tapped on element 'Object Repository/ShopOpen/RemainingMainCategories/SecondaryDisplay/Available/Utilization_SubmitButton'

2019-01-11 17:33:50 - [TEST_STEP][PASSED] - verifyElementExist(findTestObject("ShopOpen/RemainingMainCategories/SecondaryDisplay/Available/Validate_UnitsListScreen", ["package":PACKAGENAME]), 0): Element 'Object Repository/ShopOpen/RemainingMainCategories/SecondaryDisplay/Available/Validate_UnitsListScreen' is exist

2019-01-11 17:33:50 - [MESSAGE][WARNING] - Timeout '0' is invalid. Using default page load timeout: '5'

2019-01-11 17:33:50 - [MESSAGE][PASSED] - Element 'Object Repository/ShopOpen/RemainingMainCategories/SecondaryDisplay/Available/Validate_UnitsListScreen' is exist

2019-01-11 17:33:50 - [MESSAGE][PASSED] - Call Test Case 'Test Cases/ShopOpen/RemainingMainCategories/SecondaryDisplay/Available/VisitAvailableWith_SKDNA' successfully

2019-01-11 17:33:52 - [TEST_CASE][PASSED] - Test Cases/ShopOpen/RemainingMainCategories/SecondaryDisplay/Available/VisitAvailableWith_SKDNA: Test Cases/ShopOpen/RemainingMainCategories/SecondaryDisplay/Available/VisitAvailableWith_SKDNA

2019-01-11 17:33:52 - [TEST_STEP][PASSED] - verifyElementExist(findTestObject("CommonScreenElements/Validate_CameraScreen", ["package":PACKAGENAME]), 0): Element 'Object Repository/CommonScreenElements/Validate_CameraScreen' is exist

2019-01-11 17:33:52 - [MESSAGE][WARNING] - Timeout '0' is invalid. Using default page load timeout: '5'

2019-01-11 17:33:53 - [MESSAGE][PASSED] - Element 'Object Repository/CommonScreenElements/Validate_CameraScreen' is exist

2019-01-11 17:33:53 - [TEST_STEP][PASSED] - tap(findTestObject("CommonScreenElements/TakePictureButton", ["package":PACKAGENAME]), 0): Tapped on element 'Object Repository/CommonScreenElements/TakePictureButton'

2019-01-11 17:33:53 - [MESSAGE][WARNING] - Timeout '0' is invalid. Using default page load timeout: '5'

2019-01-11 17:33:57 - [MESSAGE][PASSED] - Tapped on element 'Object Repository/CommonScreenElements/TakePictureButton'

2019-01-11 17:33:57 - [TEST_STEP][PASSED] - delay(5, STOP_ON_FAILURE): Delayed 5 second(s)

2019-01-11 17:34:02 - [MESSAGE][PASSED] - Delayed 5 second(s)

2019-01-11 17:34:02 - [TEST_STEP][PASSED] - tap(findTestObject("CommonScreenElements/DoneButton", ["package":PACKAGENAME]), 0): Tapped on element 'Object Repository/CommonScreenElements/DoneButton'

2019-01-11 17:34:02 - [MESSAGE][WARNING] - Timeout '0' is invalid. Using default page load timeout: '5'

2019-01-11 17:34:02 - [MESSAGE][PASSED] - Tapped on element 'Object Repository/CommonScreenElements/DoneButton'

2019-01-11 17:34:02 - [TEST_STEP][PASSED] - verifyElementExist(findTestObject("ShopOpen/RemainingMainCategories/SecondaryDisplay/Available/Validate_AvailableRemarksScreen", ["package":PACKAGENAME]), 0): Element 'Object Repository/ShopOpen/RemainingMainCategories/SecondaryDisplay/Available/Validate_AvailableRemarksScreen' is exist

2019-01-11 17:34:02 - [MESSAGE][WARNING] - Timeout '0' is invalid. Using default page load timeout: '5'

2019-01-11 17:34:05 - [MESSAGE][PASSED] - Element 'Object Repository/ShopOpen/RemainingMainCategories/SecondaryDisplay/Available/Validate_AvailableRemarksScreen' is exist

2019-01-11 17:34:05 - [TEST_STEP][PASSED] - com.ct.qa.keywords.SecondaryDisplayKeywords.selectSecondaryDisplay_AvailableRemark("Shopkeeper did not allow", 1): com.ct.qa.keywords.SecondaryDisplayKeywords.selectSecondaryDisplay_AvailableRemark is PASSED

2019-01-11 17:34:07 - [MESSAGE][WARNING] - Timeout '0' is invalid. Using default page load timeout: '5'

2019-01-11 17:34:09 - [MESSAGE][PASSED] - Element 'Object Repository/ShopOpen/RemainingMainCategories/SecondaryDisplay/Available/Validate_SecondaryDisplay_available_remarksScreen' is exist

2019-01-11 17:34:10 - [MESSAGE][PASSED] - com.ct.qa.keywords.SecondaryDisplayKeywords.selectSecondaryDisplay_AvailableRemark is PASSED

2019-01-11 17:34:10 - [TEST_STEP][PASSED] - tap(findTestObject("ShopOpen/RemainingMainCategories/SecondaryDisplay/Available/SKDNA_CategoryRemark_BackButton", ["package":PACKAGENAME]), 0): Tapped on element 'Object Repository/ShopOpen/RemainingMainCategories/SecondaryDisplay/Available/SKDNA_CategoryRemark_BackButton'

2019-01-11 17:34:10 - [MESSAGE][WARNING] - Timeout '0' is invalid. Using default page load timeout: '5'

2019-01-11 17:34:11 - [MESSAGE][PASSED] - Tapped on element 'Object Repository/ShopOpen/RemainingMainCategories/SecondaryDisplay/Available/SKDNA_CategoryRemark_BackButton'

2019-01-11 17:34:11 - [TEST_STEP][PASSED] - verifyElementExist(findTestObject("ShopOpen/RemainingMainCategories/SecondaryDisplay/Available/Validate_AvailableRemarksScreen", ["package":PACKAGENAME]), 0): Element 'Object Repository/ShopOpen/RemainingMainCategories/SecondaryDisplay/Available/Validate_AvailableRemarksScreen' is exist

2019-01-11 17:34:11 - [MESSAGE][WARNING] - Timeout '0' is invalid. Using default page load timeout: '5'

2019-01-11 17:34:12 - [MESSAGE][PASSED] - Element 'Object Repository/ShopOpen/RemainingMainCategories/SecondaryDisplay/Available/Validate_AvailableRemarksScreen' is exist

2019-01-11 17:34:12 - [TEST_STEP][PASSED] - tap(findTestObject("ShopOpen/RemainingMainCategories/SecondaryDisplay/Available/AvailableRemarks_BackButton", ["package":PACKAGENAME]), 0): Tapped on element 'Object Repository/ShopOpen/RemainingMainCategories/SecondaryDisplay/Available/AvailableRemarks_BackButton'

2019-01-11 17:34:12 - [MESSAGE][WARNING] - Timeout '0' is invalid. Using default page load timeout: '5'

2019-01-11 17:34:12 - [MESSAGE][PASSED] - Tapped on element 'Object Repository/ShopOpen/RemainingMainCategories/SecondaryDisplay/Available/AvailableRemarks_BackButton'

2019-01-11 17:34:12 - [TEST_STEP][PASSED] - verifyElementText(findTestObject("ShopOpen/RemainingMainCategories/SecondaryDisplay/Available/Validate_UtilizationPopUpScreen", ["package":PACKAGENAME]), "Utilization"): Actual text and expected text of test object 'Object Repository/ShopOpen/RemainingMainCategories/SecondaryDisplay/Available/Validate_UtilizationPopUpScreen' are matched.

2019-01-11 17:34:13 - [MESSAGE][PASSED] - Actual text and expected text of test object 'Object Repository/ShopOpen/RemainingMainCategories/SecondaryDisplay/Available/Validate_UtilizationPopUpScreen' are matched.

2019-01-11 17:34:13 - [TEST_STEP][PASSED] - com.ct.qa.keywords.SecondaryDisplayKeywords.enterUtilizationForSecondaryDisplay(1): com.ct.qa.keywords.SecondaryDisplayKeywords.enterUtilizationForSecondaryDisplay is PASSED

2019-01-11 17:34:18 - [MESSAGE][PASSED] - com.ct.qa.keywords.SecondaryDisplayKeywords.enterUtilizationForSecondaryDisplay is PASSED

2019-01-11 17:34:18 - [TEST_STEP][PASSED] - hideKeyboard(): Keyboard is hidden

2019-01-11 17:34:19 - [MESSAGE][PASSED] - Keyboard is hidden

2019-01-11 17:34:19 - [TEST_STEP][PASSED] - tap(findTestObject("ShopOpen/RemainingMainCategories/SecondaryDisplay/Available/Utilization_SubmitButton", ["package":PACKAGENAME]), 0, STOP_ON_FAILURE): Tapped on element 'Object Repository/ShopOpen/RemainingMainCategories/SecondaryDisplay/Available/Utilization_SubmitButton'

2019-01-11 17:34:19 - [MESSAGE][WARNING] - Timeout '0' is invalid. Using default page load timeout: '5'

2019-01-11 17:34:20 - [MESSAGE][PASSED] - Tapped on element 'Object Repository/ShopOpen/RemainingMainCategories/SecondaryDisplay/Available/Utilization_SubmitButton'

2019-01-11 17:34:20 - [TEST_STEP][PASSED] - verifyElementExist(findTestObject("ShopOpen/RemainingMainCategories/SecondaryDisplay/Available/Validate_UnitsListScreen", ["package":PACKAGENAME]), 0): Element 'Object Repository/ShopOpen/RemainingMainCategories/SecondaryDisplay/Available/Validate_UnitsListScreen' is exist

2019-01-11 17:34:20 - [MESSAGE][WARNING] - Timeout '0' is invalid. Using default page load timeout: '5'

2019-01-11 17:34:20 - [MESSAGE][PASSED] - Element 'Object Repository/ShopOpen/RemainingMainCategories/SecondaryDisplay/Available/Validate_UnitsListScreen' is exist

2019-01-11 17:34:20 - [MESSAGE][PASSED] - Call Test Case 'Test Cases/ShopOpen/RemainingMainCategories/SecondaryDisplay/Available/VisitAvailableWith_SKDNA' successfully

2019-01-11 17:34:22 - [TEST_CASE][PASSED] - Test Cases/ShopOpen/RemainingMainCategories/SecondaryDisplay/Available/VisitAvailable_WithDisplayUnitIsInPerfectCondition: Test Cases/ShopOpen/RemainingMainCategories/SecondaryDisplay/Available/VisitAvailable_WithDisplayUnitIsInPerfectCondition

2019-01-11 17:34:22 - [TEST_STEP][PASSED] - verifyElementExist(findTestObject("CommonScreenElements/Validate_CameraScreen", ["package":PACKAGENAME]), 0): Element 'Object Repository/CommonScreenElements/Validate_CameraScreen' is exist

2019-01-11 17:34:22 - [MESSAGE][WARNING] - Timeout '0' is invalid. Using default page load timeout: '5'

2019-01-11 17:34:23 - [MESSAGE][PASSED] - Element 'Object Repository/CommonScreenElements/Validate_CameraScreen' is exist

2019-01-11 17:34:23 - [TEST_STEP][PASSED] - tap(findTestObject("CommonScreenElements/TakePictureButton", ["package":PACKAGENAME]), 0): Tapped on element 'Object Repository/CommonScreenElements/TakePictureButton'

2019-01-11 17:34:23 - [MESSAGE][WARNING] - Timeout '0' is invalid. Using default page load timeout: '5'

2019-01-11 17:34:27 - [MESSAGE][PASSED] - Tapped on element 'Object Repository/CommonScreenElements/TakePictureButton'

2019-01-11 17:34:27 - [TEST_STEP][PASSED] - delay(5, STOP_ON_FAILURE): Delayed 5 second(s)

2019-01-11 17:34:32 - [MESSAGE][PASSED] - Delayed 5 second(s)

2019-01-11 17:34:32 - [TEST_STEP][PASSED] - tap(findTestObject("CommonScreenElements/DoneButton", ["package":PACKAGENAME]), 0): Tapped on element 'Object Repository/CommonScreenElements/DoneButton'

2019-01-11 17:34:32 - [MESSAGE][WARNING] - Timeout '0' is invalid. Using default page load timeout: '5'

2019-01-11 17:34:32 - [MESSAGE][PASSED] - Tapped on element 'Object Repository/CommonScreenElements/DoneButton'

2019-01-11 17:34:32 - [TEST_STEP][PASSED] - verifyElementExist(findTestObject("ShopOpen/RemainingMainCategories/SecondaryDisplay/Available/Validate_AvailableRemarksScreen", ["package":PACKAGENAME]), 0): Element 'Object Repository/ShopOpen/RemainingMainCategories/SecondaryDisplay/Available/Validate_AvailableRemarksScreen' is exist

2019-01-11 17:34:32 - [MESSAGE][WARNING] - Timeout '0' is invalid. Using default page load timeout: '5'

2019-01-11 17:34:35 - [MESSAGE][PASSED] - Element 'Object Repository/ShopOpen/RemainingMainCategories/SecondaryDisplay/Available/Validate_AvailableRemarksScreen' is exist

2019-01-11 17:34:35 - [TEST_STEP][PASSED] - com.ct.qa.keywords.SecondaryDisplayKeywords.selectSecondaryDisplay_AvailableRemark("Display Unit is in perfect condition", 0): com.ct.qa.keywords.SecondaryDisplayKeywords.selectSecondaryDisplay_AvailableRemark is PASSED

2019-01-11 17:34:36 - [MESSAGE][PASSED] - com.ct.qa.keywords.SecondaryDisplayKeywords.selectSecondaryDisplay_AvailableRemark is PASSED

2019-01-11 17:34:36 - [TEST_STEP][PASSED] - verifyElementText(findTestObject("ShopOpen/RemainingMainCategories/SecondaryDisplay/Available/Validate_UtilizationPopUpScreen", ["package":PACKAGENAME]), "Utilization"): Actual text and expected text of test object 'Object Repository/ShopOpen/RemainingMainCategories/SecondaryDisplay/Available/Validate_UtilizationPopUpScreen' are matched.

2019-01-11 17:34:37 - [MESSAGE][PASSED] - Actual text and expected text of test object 'Object Repository/ShopOpen/RemainingMainCategories/SecondaryDisplay/Available/Validate_UtilizationPopUpScreen' are matched.

2019-01-11 17:34:37 - [TEST_STEP][PASSED] - com.ct.qa.keywords.SecondaryDisplayKeywords.enterUtilizationForSecondaryDisplay(1): com.ct.qa.keywords.SecondaryDisplayKeywords.enterUtilizationForSecondaryDisplay is PASSED

2019-01-11 17:34:42 - [MESSAGE][PASSED] - com.ct.qa.keywords.SecondaryDisplayKeywords.enterUtilizationForSecondaryDisplay is PASSED

2019-01-11 17:34:42 - [TEST_STEP][PASSED] - hideKeyboard(): Keyboard is hidden

2019-01-11 17:34:43 - [MESSAGE][PASSED] - Keyboard is hidden

2019-01-11 17:34:43 - [TEST_STEP][PASSED] - tap(findTestObject("ShopOpen/RemainingMainCategories/SecondaryDisplay/Available/Utilization_SubmitButton", ["package":PACKAGENAME]), 0, STOP_ON_FAILURE): Tapped on element 'Object Repository/ShopOpen/RemainingMainCategories/SecondaryDisplay/Available/Utilization_SubmitButton'

2019-01-11 17:34:43 - [MESSAGE][WARNING] - Timeout '0' is invalid. Using default page load timeout: '5'

2019-01-11 17:34:44 - [MESSAGE][PASSED] - Tapped on element 'Object Repository/ShopOpen/RemainingMainCategories/SecondaryDisplay/Available/Utilization_SubmitButton'

2019-01-11 17:34:44 - [TEST_STEP][PASSED] - verifyElementExist(findTestObject("ShopOpen/RemainingMainCategories/SecondaryDisplay/Available/Validate_UnitsListScreen", ["package":PACKAGENAME]), 0): Element 'Object Repository/ShopOpen/RemainingMainCategories/SecondaryDisplay/Available/Validate_UnitsListScreen' is exist

2019-01-11 17:34:44 - [MESSAGE][WARNING] - Timeout '0' is invalid. Using default page load timeout: '5'

2019-01-11 17:34:44 - [MESSAGE][PASSED] - Element 'Object Repository/ShopOpen/RemainingMainCategories/SecondaryDisplay/Available/Validate_UnitsListScreen' is exist

2019-01-11 17:34:44 - [MESSAGE][PASSED] - Call Test Case 'Test Cases/ShopOpen/RemainingMainCategories/SecondaryDisplay/Available/VisitAvailable_WithDisplayUnitIsInPerfectCondition' successfully

2019-01-11 17:34:44 - [MESSAGE][PASSED] - com.ct.qa.keywords.SecondaryDisplayKeywords.visitSecondaryDisplayUnitsList is PASSED

2019-01-11 17:34:44 - [TEST_STEP][PASSED] - tap(findTestObject("ShopOpen/RemainingMainCategories/SecondaryDisplay/Available/UnitsList_BackButton"), 0): Tapped on element 'Object Repository/ShopOpen/RemainingMainCategories/SecondaryDisplay/Available/UnitsList_BackButton'

2019-01-11 17:34:44 - [MESSAGE][WARNING] - Timeout '0' is invalid. Using default page load timeout: '5'

2019-01-11 17:34:45 - [MESSAGE][PASSED] - Tapped on element 'Object Repository/ShopOpen/RemainingMainCategories/SecondaryDisplay/Available/UnitsList_BackButton'

2019-01-11 17:34:45 - [TEST_STEP][PASSED] - verifyElementExist(findTestObject("ShopOpen/RemainingMainCategories/Validate_MainCategoryDetailActionScreen", ["package":PACKAGENAME]), 0): Element 'Object Repository/ShopOpen/RemainingMainCategories/Validate_MainCategoryDetailActionScreen' is exist

2019-01-11 17:34:45 - [MESSAGE][WARNING] - Timeout '0' is invalid. Using default page load timeout: '5'

2019-01-11 17:34:46 - [MESSAGE][PASSED] - Element 'Object Repository/ShopOpen/RemainingMainCategories/Validate_MainCategoryDetailActionScreen' is exist

2019-01-11 17:34:46 - [MESSAGE][PASSED] - Call Test Case 'Test Cases/ShopOpen/RemainingMainCategories/SecondaryDisplay/Available/VisitSecondaryDisplayAvailable' successfully

2019-01-11 17:34:46 - [MESSAGE][PASSED] - com.ct.qa.keywords.SecondaryDisplayKeywords.selectSecondaryDisplayRemark_WithDataVerification is PASSED

2019-01-11 17:34:46 - [MESSAGE][PASSED] - Call Test Case 'Test Cases/ShopOpen/RemainingMainCategories/SecondaryDisplay/SecondaryDisplay_VisitingScenarios/VisitSecondaryDisplayWith_DataVerification' successfully

2019-01-11 17:34:46 - [MESSAGE][PASSED] - com.ct.qa.keywords.RemainingMainCategoryRemarksVisitingScenariosKeywords.visitRemarksWith_DataVerification is PASSED

2019-01-11 17:34:46 - [TEST_STEP][PASSED] - tap(findTestObject("ShopOpen/RemainingMainCategories/BackButton", ["package":PACKAGENAME]), 0): Tapped on element 'Object Repository/ShopOpen/RemainingMainCategories/BackButton'

2019-01-11 17:34:46 - [MESSAGE][WARNING] - Timeout '0' is invalid. Using default page load timeout: '5'

2019-01-11 17:34:46 - [MESSAGE][PASSED] - Tapped on element 'Object Repository/ShopOpen/RemainingMainCategories/BackButton'

2019-01-11 17:34:46 - [TEST_STEP][PASSED] - verifyElementExist(findTestObject("ShopOpen/Validate_ShopCategoriesListScreen", ["package":PACKAGENAME]), 0): Element 'Object Repository/ShopOpen/Validate_ShopCategoriesListScreen' is exist

2019-01-11 17:34:46 - [MESSAGE][WARNING] - Timeout '0' is invalid. Using default page load timeout: '5'

2019-01-11 17:34:49 - [MESSAGE][PASSED] - Element 'Object Repository/ShopOpen/Validate_ShopCategoriesListScreen' is exist

2019-01-11 17:34:49 - [MESSAGE][PASSED] - Call Test Case 'Test Cases/ShopOpen/RemainingMainCategories/MainCategoryRemarksVisitingScenarios/VisitRemarksWith_DataVerification' successfully

2019-01-11 17:34:49 - [TEST_CASE][PASSED] - Test Cases/ShopOpen/RemainingMainCategories/MainCategoryRemarksVisitingScenarios/VisitRemarksWith_DataVerification: Test Cases/ShopOpen/RemainingMainCategories/MainCategoryRemarksVisitingScenarios/VisitRemarksWith_DataVerification

2019-01-11 17:34:49 - [TEST_STEP][PASSED] - verifyElementExist(findTestObject("ShopOpen/RemainingMainCategories/Validate_MainCategoryDetailActionScreen", ["package":PACKAGENAME]), 0): Element 'Object Repository/ShopOpen/RemainingMainCategories/Validate_MainCategoryDetailActionScreen' is exist

2019-01-11 17:34:49 - [MESSAGE][WARNING] - Timeout '0' is invalid. Using default page load timeout: '5'

2019-01-11 17:34:51 - [MESSAGE][PASSED] - Element 'Object Repository/ShopOpen/RemainingMainCategories/Validate_MainCategoryDetailActionScreen' is exist

2019-01-11 17:34:51 - [TEST_STEP][PASSED] - com.ct.qa.keywords.RemainingMainCategoryRemarksVisitingScenariosKeywords.visitRemarksWith_DataVerification(): com.ct.qa.keywords.RemainingMainCategoryRemarksVisitingScenariosKeywords.visitRemarksWith_DataVerification is PASSED

2019-01-11 17:34:53 - [TEST_CASE][PASSED] - Test Cases/ShopOpen/RemainingMainCategories/Availability/VisitAvailability_WithYesRemark: Test Cases/ShopOpen/RemainingMainCategories/Availability/VisitAvailability_WithYesRemark

2019-01-11 17:34:53 - [TEST_STEP][PASSED] - verifyElementExist(findTestObject("ShopOpen/RemainingMainCategories/_Availability/Validate_SubCategoriesScreen", ["package":PACKAGENAME]), 0): Element 'Object Repository/ShopOpen/RemainingMainCategories/_Availability/Validate_SubCategoriesScreen' is exist

2019-01-11 17:34:53 - [MESSAGE][WARNING] - Timeout '0' is invalid. Using default page load timeout: '5'

2019-01-11 17:34:55 - [MESSAGE][PASSED] - Element 'Object Repository/ShopOpen/RemainingMainCategories/_Availability/Validate_SubCategoriesScreen' is exist

2019-01-11 17:34:55 - [TEST_STEP][PASSED] - com.ct.qa.keywords.AvailabilityKeywords.visitAvailabilitySubCategories(1): com.ct.qa.keywords.AvailabilityKeywords.visitAvailabilitySubCategories is PASSED

2019-01-11 17:34:56 - [TEST_CASE][PASSED] - Test Cases/ShopOpen/RemainingMainCategories/Availability/VisitSubCategories_WithYesRemarks: Test Cases/ShopOpen/RemainingMainCategories/Availability/VisitSubCategories_WithYesRemarks

2019-01-11 17:34:56 - [TEST_STEP][PASSED] - verifyElementText(findTestObject("ShopOpen/RemainingMainCategories/_Availability/Validate_SubCategoryDetailScreen", ["package":PACKAGENAME]), "Availability"): Actual text and expected text of test object 'Object Repository/ShopOpen/RemainingMainCategories/_Availability/Validate_SubCategoryDetailScreen' are matched.

2019-01-11 17:34:58 - [MESSAGE][PASSED] - Actual text and expected text of test object 'Object Repository/ShopOpen/RemainingMainCategories/_Availability/Validate_SubCategoryDetailScreen' are matched.

2019-01-11 17:34:58 - [TEST_STEP][PASSED] - tap(findTestObject("ShopOpen/RemainingMainCategories/_Availability/Availability", ["package":PACKAGENAME]), 0): Tapped on element 'Object Repository/ShopOpen/RemainingMainCategories/_Availability/Availability'

2019-01-11 17:34:58 - [MESSAGE][WARNING] - Timeout '0' is invalid. Using default page load timeout: '5'

2019-01-11 17:34:58 - [MESSAGE][PASSED] - Tapped on element 'Object Repository/ShopOpen/RemainingMainCategories/_Availability/Availability'

2019-01-11 17:34:58 - [TEST_STEP][PASSED] - verifyElementText(findTestObject("ShopOpen/RemainingMainCategories/_Availability/Validate_ProductAvailabilityScreen", ["package":PACKAGENAME]), "Availability"): Actual text and expected text of test object 'Object Repository/ShopOpen/RemainingMainCategories/_Availability/Validate_ProductAvailabilityScreen' are matched.

2019-01-11 17:35:00 - [MESSAGE][PASSED] - Actual text and expected text of test object 'Object Repository/ShopOpen/RemainingMainCategories/_Availability/Validate_ProductAvailabilityScreen' are matched.

2019-01-11 17:35:00 - [TEST_STEP][PASSED] - com.ct.qa.keywords.AvailabilityKeywords.visitProductsAvailabilityWithYesRemarks(): com.ct.qa.keywords.AvailabilityKeywords.visitProductsAvailabilityWithYesRemarks is PASSED

2019-01-11 17:35:16 - [MESSAGE][PASSED] - Swiped from 0,275 to 0,200

2019-01-11 17:35:20 - [MESSAGE][PASSED] - Swiped from 0,274 to 0,200

2019-01-11 17:35:20 - [MESSAGE][PASSED] - com.ct.qa.keywords.AvailabilityKeywords.visitProductsAvailabilityWithYesRemarks is PASSED

2019-01-11 17:35:20 - [TEST_STEP][PASSED] - tap(findTestObject("ShopOpen/RemainingMainCategories/_Availability/ProductAvailability_SubmitButton", ["package":PACKAGENAME]), 0): Tapped on element 'Object Repository/ShopOpen/RemainingMainCategories/_Availability/ProductAvailability_SubmitButton'

2019-01-11 17:35:20 - [MESSAGE][WARNING] - Timeout '0' is invalid. Using default page load timeout: '5'

2019-01-11 17:35:21 - [MESSAGE][PASSED] - Tapped on element 'Object Repository/ShopOpen/RemainingMainCategories/_Availability/ProductAvailability_SubmitButton'

2019-01-11 17:35:21 - [TEST_STEP][PASSED] - verifyElementText(findTestObject("ShopOpen/RemainingMainCategories/_Availability/Validate_SubCategoryDetailScreen", ["package":PACKAGENAME]), "Availability"): Actual text and expected text of test object 'Object Repository/ShopOpen/RemainingMainCategories/_Availability/Validate_SubCategoryDetailScreen' are matched.

2019-01-11 17:35:22 - [MESSAGE][PASSED] - Actual text and expected text of test object 'Object Repository/ShopOpen/RemainingMainCategories/_Availability/Validate_SubCategoryDetailScreen' are matched.

2019-01-11 17:35:22 - [TEST_STEP][PASSED] - pressBack(): Press back button successfully

2019-01-11 17:35:22 - [MESSAGE][PASSED] - Press back button successfully

2019-01-11 17:35:22 - [TEST_STEP][PASSED] - verifyElementExist(findTestObject("ShopOpen/RemainingMainCategories/_Availability/Validate_SubCategoriesScreen", ["package":PACKAGENAME]), 0): Element 'Object Repository/ShopOpen/RemainingMainCategories/_Availability/Validate_SubCategoriesScreen' is exist

2019-01-11 17:35:22 - [MESSAGE][WARNING] - Timeout '0' is invalid. Using default page load timeout: '5'

2019-01-11 17:35:23 - [MESSAGE][PASSED] - Element 'Object Repository/ShopOpen/RemainingMainCategories/_Availability/Validate_SubCategoriesScreen' is exist

2019-01-11 17:35:23 - [MESSAGE][PASSED] - Call Test Case 'Test Cases/ShopOpen/RemainingMainCategories/Availability/VisitSubCategories_WithYesRemarks' successfully

2019-01-11 17:35:23 - [MESSAGE][PASSED] - com.ct.qa.keywords.AvailabilityKeywords.visitAvailabilitySubCategories is PASSED

2019-01-11 17:35:23 - [TEST_STEP][PASSED] - pressBack(): Press back button successfully

2019-01-11 17:35:24 - [MESSAGE][PASSED] - Press back button successfully

2019-01-11 17:35:24 - [TEST_STEP][PASSED] - verifyElementExist(findTestObject("ShopOpen/RemainingMainCategories/Validate_MainCategoryDetailActionScreen", ["package":PACKAGENAME]), 0): Element 'Object Repository/ShopOpen/RemainingMainCategories/Validate_MainCategoryDetailActionScreen' is exist

2019-01-11 17:35:24 - [MESSAGE][WARNING] - Timeout '0' is invalid. Using default page load timeout: '5'

2019-01-11 17:35:25 - [MESSAGE][PASSED] - Element 'Object Repository/ShopOpen/RemainingMainCategories/Validate_MainCategoryDetailActionScreen' is exist

2019-01-11 17:35:25 - [MESSAGE][PASSED] - Call Test Case 'Test Cases/ShopOpen/RemainingMainCategories/Availability/VisitAvailability_WithYesRemark' successfully

2019-01-11 17:35:26 - [TEST_CASE][PASSED] - Test Cases/ShopOpen/RemainingMainCategories/PrimaryDisplay/VisitPrimaryDisplayWith_DataVerification: Test Cases/ShopOpen/RemainingMainCategories/PrimaryDisplay/VisitPrimaryDisplayWith_DataVerification

2019-01-11 17:35:26 - [TEST_STEP][PASSED] - verifyElementExist(findTestObject("ShopOpen/RemainingMainCategories/PrimaryDisplay/Validate_PrimaryDisplayRemarksScreen", ["package":PACKAGENAME]), 0): Element 'Object Repository/ShopOpen/RemainingMainCategories/PrimaryDisplay/Validate_PrimaryDisplayRemarksScreen' is exist

2019-01-11 17:35:26 - [MESSAGE][WARNING] - Timeout '0' is invalid. Using default page load timeout: '5'

2019-01-11 17:35:28 - [MESSAGE][PASSED] - Element 'Object Repository/ShopOpen/RemainingMainCategories/PrimaryDisplay/Validate_PrimaryDisplayRemarksScreen' is exist

2019-01-11 17:35:28 - [TEST_STEP][PASSED] - com.ct.qa.keywords.PrimaryDisplayKeywords.selectPrimaryDisplayRemark_ForDataVerfication(): com.ct.qa.keywords.PrimaryDisplayKeywords.selectPrimaryDisplayRemark_ForDataVerfication is PASSED

2019-01-11 17:35:30 - [MESSAGE][WARNING] - Timeout '0' is invalid. Using default page load timeout: '5'

2019-01-11 17:35:31 - [MESSAGE][PASSED] - Element 'Object Repository/CommonScreenElements/Validate_CameraScreen' is exist

2019-01-11 17:35:31 - [MESSAGE][WARNING] - Timeout '0' is invalid. Using default page load timeout: '5'

2019-01-11 17:35:35 - [MESSAGE][PASSED] - Tapped on element 'Object Repository/CommonScreenElements/TakePictureButton'

2019-01-11 17:35:40 - [MESSAGE][PASSED] - Delayed 5 second(s)

2019-01-11 17:35:40 - [MESSAGE][WARNING] - Timeout '0' is invalid. Using default page load timeout: '5'

2019-01-11 17:35:41 - [MESSAGE][PASSED] - Tapped on element 'Object Repository/CommonScreenElements/DoneButton'

2019-01-11 17:35:41 - [TEST_CASE][PASSED] - Test Cases/ShopOpen/RemainingMainCategories/PrimaryDisplay/DisplaySpaceAvailable/VisitDSA: Test Cases/ShopOpen/RemainingMainCategories/PrimaryDisplay/DisplaySpaceAvailable/VisitDSA

2019-01-11 17:35:41 - [TEST_STEP][PASSED] - verifyElementExist(findTestObject("ShopOpen/RemainingMainCategories/PrimaryDisplay/DisplaySpaceAvailable/Validate_SubCategoriesScreen", ["package":PACKAGENAME]), 0): Element 'Object Repository/ShopOpen/RemainingMainCategories/PrimaryDisplay/DisplaySpaceAvailable/Validate_SubCategoriesScreen' is exist

2019-01-11 17:35:41 - [MESSAGE][WARNING] - Timeout '0' is invalid. Using default page load timeout: '5'

2019-01-11 17:35:43 - [MESSAGE][PASSED] - Element 'Object Repository/ShopOpen/RemainingMainCategories/PrimaryDisplay/DisplaySpaceAvailable/Validate_SubCategoriesScreen' is exist

2019-01-11 17:35:43 - [TEST_STEP][PASSED] - com.ct.qa.keywords.PrimaryDisplayKeywords.visitPrimaryDisplay_WithDSASubCategories(1): com.ct.qa.keywords.PrimaryDisplayKeywords.visitPrimaryDisplay_WithDSASubCategories is PASSED

2019-01-11 17:35:45 - [TEST_CASE][PASSED] - Test Cases/ShopOpen/RemainingMainCategories/PrimaryDisplay/DisplaySpaceAvailable/VisitDSA_SubCategories: Test Cases/ShopOpen/RemainingMainCategories/PrimaryDisplay/DisplaySpaceAvailable/VisitDSA_SubCategories

2019-01-11 17:35:45 - [TEST_STEP][PASSED] - verifyElementText(findTestObject("ShopOpen/RemainingMainCategories/PrimaryDisplay/DisplaySpaceAvailable/Validate_ShareOfShelfScreen", ["package":PACKAGENAME]), "Share of shelf"): Actual text and expected text of test object 'Object Repository/ShopOpen/RemainingMainCategories/PrimaryDisplay/DisplaySpaceAvailable/Validate_ShareOfShelfScreen' are matched.

2019-01-11 17:35:47 - [MESSAGE][PASSED] - Actual text and expected text of test object 'Object Repository/ShopOpen/RemainingMainCategories/PrimaryDisplay/DisplaySpaceAvailable/Validate_ShareOfShelfScreen' are matched.

2019-01-11 17:35:47 - [TEST_STEP][PASSED] - tap(findTestObject("ShopOpen/RemainingMainCategories/PrimaryDisplay/DisplaySpaceAvailable/ShareOfShelf", ["package":PACKAGENAME]), 0): Tapped on element 'Object Repository/ShopOpen/RemainingMainCategories/PrimaryDisplay/DisplaySpaceAvailable/ShareOfShelf'

2019-01-11 17:35:47 - [MESSAGE][WARNING] - Timeout '0' is invalid. Using default page load timeout: '5'

2019-01-11 17:35:47 - [MESSAGE][PASSED] - Tapped on element 'Object Repository/ShopOpen/RemainingMainCategories/PrimaryDisplay/DisplaySpaceAvailable/ShareOfShelf'

2019-01-11 17:35:47 - [TEST_STEP][PASSED] - verifyElementText(findTestObject("ShopOpen/RemainingMainCategories/PrimaryDisplay/DisplaySpaceAvailable/Validate_ShareOfShelfProductsScreen", ["package":PACKAGENAME]), "Share of shelf"): Actual text and expected text of test object 'Object Repository/ShopOpen/RemainingMainCategories/PrimaryDisplay/DisplaySpaceAvailable/Validate_ShareOfShelfProductsScreen' are matched.

2019-01-11 17:35:49 - [MESSAGE][PASSED] - Actual text and expected text of test object 'Object Repository/ShopOpen/RemainingMainCategories/PrimaryDisplay/DisplaySpaceAvailable/Validate_ShareOfShelfProductsScreen' are matched.

2019-01-11 17:35:49 - [TEST_STEP][PASSED] - com.ct.qa.keywords.PrimaryDisplayKeywords.visitDSA_Products(DISPLAYSPACEAVAILABLE): com.ct.qa.keywords.PrimaryDisplayKeywords.visitDSA_Products is PASSED

2019-01-11 17:35:53 - [MESSAGE][PASSED] - Keyboard is hidden

2019-01-11 17:35:56 - [MESSAGE][PASSED] - Keyboard is hidden

2019-01-11 17:35:59 - [MESSAGE][PASSED] - Keyboard is hidden

2019-01-11 17:36:02 - [MESSAGE][PASSED] - Keyboard is hidden

2019-01-11 17:36:05 - [MESSAGE][PASSED] - Keyboard is hidden

2019-01-11 17:36:08 - [MESSAGE][PASSED] - Keyboard is hidden

2019-01-11 17:36:11 - [MESSAGE][PASSED] - Swiped from 104,359 to 104,250

2019-01-11 17:36:14 - [MESSAGE][PASSED] - Keyboard is hidden

2019-01-11 17:36:16 - [MESSAGE][PASSED] - Swiped from 104,359 to 104,250

2019-01-11 17:36:19 - [MESSAGE][PASSED] - Keyboard is hidden

2019-01-11 17:36:21 - [MESSAGE][PASSED] - Swiped from 104,359 to 104,250

2019-01-11 17:36:24 - [MESSAGE][PASSED] - Keyboard is hidden

2019-01-11 17:36:26 - [MESSAGE][PASSED] - Swiped from 104,359 to 104,250

2019-01-11 17:36:29 - [MESSAGE][PASSED] - Keyboard is hidden

2019-01-11 17:36:31 - [MESSAGE][PASSED] - Swiped from 104,359 to 104,250

2019-01-11 17:36:32 - [MESSAGE][PASSED] - com.ct.qa.keywords.PrimaryDisplayKeywords.visitDSA_Products is PASSED

2019-01-11 17:36:32 - [TEST_STEP][PASSED] - tap(findTestObject("ShopOpen/RemainingMainCategories/PrimaryDisplay/DisplaySpaceAvailable/SubmitButton", ["package":PACKAGENAME]), 0): Tapped on element 'Object Repository/ShopOpen/RemainingMainCategories/PrimaryDisplay/DisplaySpaceAvailable/SubmitButton'

2019-01-11 17:36:32 - [MESSAGE][WARNING] - Timeout '0' is invalid. Using default page load timeout: '5'

2019-01-11 17:36:33 - [MESSAGE][PASSED] - Tapped on element 'Object Repository/ShopOpen/RemainingMainCategories/PrimaryDisplay/DisplaySpaceAvailable/SubmitButton'

2019-01-11 17:36:33 - [TEST_STEP][PASSED] - verifyElementText(findTestObject("ShopOpen/RemainingMainCategories/PrimaryDisplay/DisplaySpaceAvailable/Validate_AlertScreen", ["package":PACKAGENAME]), "Alert"): Actual text and expected text of test object 'Object Repository/ShopOpen/RemainingMainCategories/PrimaryDisplay/DisplaySpaceAvailable/Validate_AlertScreen' are matched.

2019-01-11 17:36:34 - [MESSAGE][PASSED] - Actual text and expected text of test object 'Object Repository/ShopOpen/RemainingMainCategories/PrimaryDisplay/DisplaySpaceAvailable/Validate_AlertScreen' are matched.

2019-01-11 17:36:34 - [TEST_STEP][PASSED] - tap(findTestObject("ShopOpen/RemainingMainCategories/PrimaryDisplay/DisplaySpaceAvailable/Alert_SaveButton", ["package":PACKAGENAME]), 0): Tapped on element 'Object Repository/ShopOpen/RemainingMainCategories/PrimaryDisplay/DisplaySpaceAvailable/Alert_SaveButton'

2019-01-11 17:36:34 - [MESSAGE][WARNING] - Timeout '0' is invalid. Using default page load timeout: '5'

2019-01-11 17:36:35 - [MESSAGE][PASSED] - Tapped on element 'Object Repository/ShopOpen/RemainingMainCategories/PrimaryDisplay/DisplaySpaceAvailable/Alert_SaveButton'

2019-01-11 17:36:35 - [TEST_STEP][PASSED] - verifyElementText(findTestObject("ShopOpen/RemainingMainCategories/PrimaryDisplay/DisplaySpaceAvailable/Validate_ShareOfShelfScreen", ["package":PACKAGENAME]), "Share of shelf"): Actual text and expected text of test object 'Object Repository/ShopOpen/RemainingMainCategories/PrimaryDisplay/DisplaySpaceAvailable/Validate_ShareOfShelfScreen' are matched.

2019-01-11 17:36:36 - [MESSAGE][PASSED] - Actual text and expected text of test object 'Object Repository/ShopOpen/RemainingMainCategories/PrimaryDisplay/DisplaySpaceAvailable/Validate_ShareOfShelfScreen' are matched.

2019-01-11 17:36:36 - [TEST_STEP][PASSED] - tap(findTestObject("ShopOpen/RemainingMainCategories/PrimaryDisplay/DisplaySpaceAvailable/ShareofShelf_BackButton", ["package":PACKAGENAME]), 0): Tapped on element 'Object Repository/ShopOpen/RemainingMainCategories/PrimaryDisplay/DisplaySpaceAvailable/ShareofShelf_BackButton'

2019-01-11 17:36:36 - [MESSAGE][WARNING] - Timeout '0' is invalid. Using default page load timeout: '5'

2019-01-11 17:36:36 - [MESSAGE][PASSED] - Tapped on element 'Object Repository/ShopOpen/RemainingMainCategories/PrimaryDisplay/DisplaySpaceAvailable/ShareofShelf_BackButton'

2019-01-11 17:36:36 - [TEST_STEP][PASSED] - verifyElementExist(findTestObject("ShopOpen/RemainingMainCategories/PrimaryDisplay/DisplaySpaceAvailable/Validate_SubCategoriesScreen", ["package":PACKAGENAME]), 0): Element 'Object Repository/ShopOpen/RemainingMainCategories/PrimaryDisplay/DisplaySpaceAvailable/Validate_SubCategoriesScreen' is exist

2019-01-11 17:36:36 - [MESSAGE][WARNING] - Timeout '0' is invalid. Using default page load timeout: '5'

2019-01-11 17:36:37 - [MESSAGE][PASSED] - Element 'Object Repository/ShopOpen/RemainingMainCategories/PrimaryDisplay/DisplaySpaceAvailable/Validate_SubCategoriesScreen' is exist

2019-01-11 17:36:37 - [MESSAGE][PASSED] - Call Test Case 'Test Cases/ShopOpen/RemainingMainCategories/PrimaryDisplay/DisplaySpaceAvailable/VisitDSA_SubCategories' successfully

2019-01-11 17:36:37 - [MESSAGE][PASSED] - com.ct.qa.keywords.PrimaryDisplayKeywords.visitPrimaryDisplay_WithDSASubCategories is PASSED

2019-01-11 17:36:37 - [TEST_STEP][PASSED] - com.ct.qa.keywords.CommonKeywords.findPlanogramImageView(): com.ct.qa.keywords.CommonKeywords.findPlanogramImageView is PASSED

2019-01-11 17:36:39 - [MESSAGE][WARNING] - Timeout '0' is invalid. Using default page load timeout: '5'

2019-01-11 17:36:46 - [MESSAGE][WARNING] - Object Object Repository/CommonScreenElements/InfoPopUp_OKButton not found
[[ATTACHMENT|F:\\Git Projects\\PnG_Merchandising\\PnG_Merchandising\\Reports\\PnG Merchandising With Channel Wise Data Verification\\20190111_162651\\1547210204832.png]]

2019-01-11 17:36:46 - [MESSAGE][PASSED] - com.ct.qa.keywords.CommonKeywords.findPlanogramImageView is PASSED

2019-01-11 17:36:46 - [TEST_STEP][PASSED] - verifyElementExist(findTestObject("ShopOpen/RemainingMainCategories/PrimaryDisplay/DisplaySpaceAvailable/Validate_SubCategoriesScreen", ["package":PACKAGENAME]), 0): Element 'Object Repository/ShopOpen/RemainingMainCategories/PrimaryDisplay/DisplaySpaceAvailable/Validate_SubCategoriesScreen' is exist

2019-01-11 17:36:46 - [MESSAGE][WARNING] - Timeout '0' is invalid. Using default page load timeout: '5'

2019-01-11 17:36:47 - [MESSAGE][PASSED] - Element 'Object Repository/ShopOpen/RemainingMainCategories/PrimaryDisplay/DisplaySpaceAvailable/Validate_SubCategoriesScreen' is exist

2019-01-11 17:36:47 - [TEST_STEP][PASSED] - com.ct.qa.keywords.CommonKeywords.findPictureImageView(): com.ct.qa.keywords.CommonKeywords.findPictureImageView is PASSED

2019-01-11 17:36:48 - [MESSAGE][WARNING] - Timeout '0' is invalid. Using default page load timeout: '5'

2019-01-11 17:36:50 - [MESSAGE][PASSED] - Element 'Object Repository/CommonScreenElements/Validate_CameraScreen' is exist

2019-01-11 17:36:50 - [MESSAGE][WARNING] - Timeout '0' is invalid. Using default page load timeout: '5'

2019-01-11 17:36:53 - [MESSAGE][PASSED] - Tapped on element 'Object Repository/CommonScreenElements/TakePictureButton'

2019-01-11 17:36:58 - [MESSAGE][PASSED] - Delayed 5 second(s)

2019-01-11 17:36:58 - [MESSAGE][WARNING] - Timeout '0' is invalid. Using default page load timeout: '5'

2019-01-11 17:36:59 - [MESSAGE][PASSED] - Tapped on element 'Object Repository/CommonScreenElements/DoneButton'

2019-01-11 17:36:59 - [MESSAGE][PASSED] - com.ct.qa.keywords.CommonKeywords.findPictureImageView is PASSED

2019-01-11 17:36:59 - [TEST_STEP][PASSED] - verifyElementExist(findTestObject("ShopOpen/RemainingMainCategories/PrimaryDisplay/DisplaySpaceAvailable/Validate_SubCategoriesScreen", ["package":PACKAGENAME]), 0): Element 'Object Repository/ShopOpen/RemainingMainCategories/PrimaryDisplay/DisplaySpaceAvailable/Validate_SubCategoriesScreen' is exist

2019-01-11 17:36:59 - [MESSAGE][WARNING] - Timeout '0' is invalid. Using default page load timeout: '5'

2019-01-11 17:37:00 - [MESSAGE][PASSED] - Element 'Object Repository/ShopOpen/RemainingMainCategories/PrimaryDisplay/DisplaySpaceAvailable/Validate_SubCategoriesScreen' is exist

2019-01-11 17:37:00 - [TEST_STEP][PASSED] - com.ct.qa.keywords.CommonKeywords.findBackButtonImageView(): com.ct.qa.keywords.CommonKeywords.findBackButtonImageView is PASSED

2019-01-11 17:37:02 - [MESSAGE][PASSED] - com.ct.qa.keywords.CommonKeywords.findBackButtonImageView is PASSED

2019-01-11 17:37:02 - [TEST_STEP][PASSED] - verifyElementExist(findTestObject("ShopOpen/RemainingMainCategories/Validate_MainCategoryDetailActionScreen", ["package":PACKAGENAME]), 0): Element 'Object Repository/ShopOpen/RemainingMainCategories/Validate_MainCategoryDetailActionScreen' is exist

2019-01-11 17:37:02 - [MESSAGE][WARNING] - Timeout '0' is invalid. Using default page load timeout: '5'

2019-01-11 17:37:03 - [MESSAGE][PASSED] - Element 'Object Repository/ShopOpen/RemainingMainCategories/Validate_MainCategoryDetailActionScreen' is exist

2019-01-11 17:37:03 - [MESSAGE][PASSED] - Call Test Case 'Test Cases/ShopOpen/RemainingMainCategories/PrimaryDisplay/DisplaySpaceAvailable/VisitDSA' successfully

2019-01-11 17:37:03 - [MESSAGE][PASSED] - com.ct.qa.keywords.PrimaryDisplayKeywords.selectPrimaryDisplayRemark_ForDataVerfication is PASSED

2019-01-11 17:37:03 - [MESSAGE][PASSED] - Call Test Case 'Test Cases/ShopOpen/RemainingMainCategories/PrimaryDisplay/VisitPrimaryDisplayWith_DataVerification' successfully

2019-01-11 17:37:03 - [TEST_CASE][PASSED] - Test Cases/ShopOpen/RemainingMainCategories/SecondaryDisplay/SecondaryDisplay_VisitingScenarios/VisitSecondaryDisplayWith_DataVerification: Test Cases/ShopOpen/RemainingMainCategories/SecondaryDisplay/SecondaryDisplay_VisitingScenarios/VisitSecondaryDisplayWith_DataVerification

2019-01-11 17:37:03 - [TEST_STEP][PASSED] - verifyElementExist(findTestObject("ShopOpen/RemainingMainCategories/SecondaryDisplay/Validate_SecondaryDisplayRemarksScreen", ["package":PACKAGENAME]), 0): Element 'Object Repository/ShopOpen/RemainingMainCategories/SecondaryDisplay/Validate_SecondaryDisplayRemarksScreen' is exist

2019-01-11 17:37:03 - [MESSAGE][WARNING] - Timeout '0' is invalid. Using default page load timeout: '5'

2019-01-11 17:37:06 - [MESSAGE][PASSED] - Element 'Object Repository/ShopOpen/RemainingMainCategories/SecondaryDisplay/Validate_SecondaryDisplayRemarksScreen' is exist

2019-01-11 17:37:06 - [TEST_STEP][PASSED] - com.ct.qa.keywords.SecondaryDisplayKeywords.selectSecondaryDisplayRemark_WithDataVerification(): com.ct.qa.keywords.SecondaryDisplayKeywords.selectSecondaryDisplayRemark_WithDataVerification is PASSED

2019-01-11 17:37:07 - [TEST_CASE][PASSED] - Test Cases/ShopOpen/RemainingMainCategories/SecondaryDisplay/Available/VisitSecondaryDisplayAvailable: Test Cases/ShopOpen/RemainingMainCategories/SecondaryDisplay/Available/VisitSecondaryDisplayAvailable

2019-01-11 17:37:07 - [TEST_STEP][PASSED] - verifyElementText(findTestObject("ShopOpen/RemainingMainCategories/SecondaryDisplay/Available/Validate_UnitsScreen"), "Units"): Actual text and expected text of test object 'Object Repository/ShopOpen/RemainingMainCategories/SecondaryDisplay/Available/Validate_UnitsScreen' are matched.

2019-01-11 17:37:08 - [MESSAGE][PASSED] - Actual text and expected text of test object 'Object Repository/ShopOpen/RemainingMainCategories/SecondaryDisplay/Available/Validate_UnitsScreen' are matched.

2019-01-11 17:37:08 - [TEST_STEP][PASSED] - com.ct.qa.keywords.SecondaryDisplayKeywords.enterUnitsForSecondaryDisplay(): com.ct.qa.keywords.SecondaryDisplayKeywords.enterUnitsForSecondaryDisplay is PASSED

2019-01-11 17:37:11 - [MESSAGE][PASSED] - Keyboard is hidden

2019-01-11 17:37:13 - [MESSAGE][PASSED] - Keyboard is hidden

2019-01-11 17:37:13 - [MESSAGE][PASSED] - com.ct.qa.keywords.SecondaryDisplayKeywords.enterUnitsForSecondaryDisplay is PASSED

2019-01-11 17:37:13 - [TEST_STEP][PASSED] - tap(findTestObject("ShopOpen/RemainingMainCategories/SecondaryDisplay/Available/Units_SubmitButton", ["package":PACKAGENAME]), 0): Tapped on element 'Object Repository/ShopOpen/RemainingMainCategories/SecondaryDisplay/Available/Units_SubmitButton'

2019-01-11 17:37:13 - [MESSAGE][WARNING] - Timeout '0' is invalid. Using default page load timeout: '5'

2019-01-11 17:37:14 - [MESSAGE][PASSED] - Tapped on element 'Object Repository/ShopOpen/RemainingMainCategories/SecondaryDisplay/Available/Units_SubmitButton'

2019-01-11 17:37:14 - [TEST_STEP][PASSED] - verifyElementExist(findTestObject("ShopOpen/RemainingMainCategories/SecondaryDisplay/Available/Validate_UnitsListScreen", ["package":PACKAGENAME]), 0): Element 'Object Repository/ShopOpen/RemainingMainCategories/SecondaryDisplay/Available/Validate_UnitsListScreen' is exist

2019-01-11 17:37:14 - [MESSAGE][WARNING] - Timeout '0' is invalid. Using default page load timeout: '5'

2019-01-11 17:37:16 - [MESSAGE][PASSED] - Element 'Object Repository/ShopOpen/RemainingMainCategories/SecondaryDisplay/Available/Validate_UnitsListScreen' is exist

2019-01-11 17:37:16 - [TEST_STEP][PASSED] - com.ct.qa.keywords.SecondaryDisplayKeywords.visitSecondaryDisplayUnitsList(): com.ct.qa.keywords.SecondaryDisplayKeywords.visitSecondaryDisplayUnitsList is PASSED

2019-01-11 17:37:18 - [TEST_CASE][PASSED] - Test Cases/ShopOpen/RemainingMainCategories/SecondaryDisplay/Available/VisitAvailableWith_DisplayUnitNeedMaintenance: Test Cases/ShopOpen/RemainingMainCategories/SecondaryDisplay/Available/VisitAvailableWith_DisplayUnitNeedMaintenance

2019-01-11 17:37:18 - [TEST_STEP][PASSED] - verifyElementExist(findTestObject("CommonScreenElements/Validate_CameraScreen", ["package":PACKAGENAME]), 0): Element 'Object Repository/CommonScreenElements/Validate_CameraScreen' is exist

2019-01-11 17:37:18 - [MESSAGE][WARNING] - Timeout '0' is invalid. Using default page load timeout: '5'

2019-01-11 17:37:19 - [MESSAGE][PASSED] - Element 'Object Repository/CommonScreenElements/Validate_CameraScreen' is exist

2019-01-11 17:37:19 - [TEST_STEP][PASSED] - tap(findTestObject("CommonScreenElements/TakePictureButton", ["package":PACKAGENAME]), 0): Tapped on element 'Object Repository/CommonScreenElements/TakePictureButton'

2019-01-11 17:37:19 - [MESSAGE][WARNING] - Timeout '0' is invalid. Using default page load timeout: '5'

2019-01-11 17:37:22 - [MESSAGE][PASSED] - Tapped on element 'Object Repository/CommonScreenElements/TakePictureButton'

2019-01-11 17:37:22 - [TEST_STEP][PASSED] - delay(5, STOP_ON_FAILURE): Delayed 5 second(s)

2019-01-11 17:37:27 - [MESSAGE][PASSED] - Delayed 5 second(s)

2019-01-11 17:37:27 - [TEST_STEP][PASSED] - tap(findTestObject("CommonScreenElements/DoneButton", ["package":PACKAGENAME]), 0): Tapped on element 'Object Repository/CommonScreenElements/DoneButton'

2019-01-11 17:37:27 - [MESSAGE][WARNING] - Timeout '0' is invalid. Using default page load timeout: '5'

2019-01-11 17:37:28 - [MESSAGE][PASSED] - Tapped on element 'Object Repository/CommonScreenElements/DoneButton'

2019-01-11 17:37:28 - [TEST_STEP][PASSED] - verifyElementExist(findTestObject("ShopOpen/RemainingMainCategories/SecondaryDisplay/Available/Validate_AvailableRemarksScreen", ["package":PACKAGENAME]), 0): Element 'Object Repository/ShopOpen/RemainingMainCategories/SecondaryDisplay/Available/Validate_AvailableRemarksScreen' is exist

2019-01-11 17:37:28 - [MESSAGE][WARNING] - Timeout '0' is invalid. Using default page load timeout: '5'

2019-01-11 17:37:30 - [MESSAGE][PASSED] - Element 'Object Repository/ShopOpen/RemainingMainCategories/SecondaryDisplay/Available/Validate_AvailableRemarksScreen' is exist

2019-01-11 17:37:30 - [TEST_STEP][PASSED] - com.ct.qa.keywords.SecondaryDisplayKeywords.selectSecondaryDisplay_AvailableRemark("Display Unit Need Maintenance", 1): com.ct.qa.keywords.SecondaryDisplayKeywords.selectSecondaryDisplay_AvailableRemark is PASSED

2019-01-11 17:37:31 - [MESSAGE][WARNING] - Timeout '0' is invalid. Using default page load timeout: '5'

2019-01-11 17:37:34 - [MESSAGE][PASSED] - Element 'Object Repository/ShopOpen/RemainingMainCategories/SecondaryDisplay/Available/Validate_SecondaryDisplay_available_remarksScreen' is exist

2019-01-11 17:37:34 - [MESSAGE][PASSED] - com.ct.qa.keywords.SecondaryDisplayKeywords.selectSecondaryDisplay_AvailableRemark is PASSED

2019-01-11 17:37:34 - [TEST_STEP][PASSED] - tap(findTestObject("ShopOpen/RemainingMainCategories/SecondaryDisplay/Available/DUNM_CategoryRemarks_BackButton", ["package":PACKAGENAME]), 0): Tapped on element 'Object Repository/ShopOpen/RemainingMainCategories/SecondaryDisplay/Available/DUNM_CategoryRemarks_BackButton'

2019-01-11 17:37:34 - [MESSAGE][WARNING] - Timeout '0' is invalid. Using default page load timeout: '5'

2019-01-11 17:37:35 - [MESSAGE][PASSED] - Tapped on element 'Object Repository/ShopOpen/RemainingMainCategories/SecondaryDisplay/Available/DUNM_CategoryRemarks_BackButton'

2019-01-11 17:37:35 - [TEST_STEP][PASSED] - verifyElementExist(findTestObject("ShopOpen/RemainingMainCategories/SecondaryDisplay/Available/Validate_AvailableRemarksScreen", ["package":PACKAGENAME]), 0): Element 'Object Repository/ShopOpen/RemainingMainCategories/SecondaryDisplay/Available/Validate_AvailableRemarksScreen' is exist

2019-01-11 17:37:35 - [MESSAGE][WARNING] - Timeout '0' is invalid. Using default page load timeout: '5'

2019-01-11 17:37:36 - [MESSAGE][PASSED] - Element 'Object Repository/ShopOpen/RemainingMainCategories/SecondaryDisplay/Available/Validate_AvailableRemarksScreen' is exist

2019-01-11 17:37:36 - [TEST_STEP][PASSED] - tap(findTestObject("ShopOpen/RemainingMainCategories/SecondaryDisplay/Available/AvailableRemarks_BackButton", ["package":PACKAGENAME]), 0): Tapped on element 'Object Repository/ShopOpen/RemainingMainCategories/SecondaryDisplay/Available/AvailableRemarks_BackButton'

2019-01-11 17:37:36 - [MESSAGE][WARNING] - Timeout '0' is invalid. Using default page load timeout: '5'

2019-01-11 17:37:37 - [MESSAGE][PASSED] - Tapped on element 'Object Repository/ShopOpen/RemainingMainCategories/SecondaryDisplay/Available/AvailableRemarks_BackButton'

2019-01-11 17:37:37 - [TEST_STEP][PASSED] - verifyElementText(findTestObject("ShopOpen/RemainingMainCategories/SecondaryDisplay/Available/Validate_UtilizationPopUpScreen", ["package":PACKAGENAME]), "Utilization"): Actual text and expected text of test object 'Object Repository/ShopOpen/RemainingMainCategories/SecondaryDisplay/Available/Validate_UtilizationPopUpScreen' are matched.

2019-01-11 17:37:38 - [MESSAGE][PASSED] - Actual text and expected text of test object 'Object Repository/ShopOpen/RemainingMainCategories/SecondaryDisplay/Available/Validate_UtilizationPopUpScreen' are matched.

2019-01-11 17:37:38 - [TEST_STEP][PASSED] - com.ct.qa.keywords.SecondaryDisplayKeywords.enterUtilizationForSecondaryDisplay(1): com.ct.qa.keywords.SecondaryDisplayKeywords.enterUtilizationForSecondaryDisplay is PASSED

2019-01-11 17:37:43 - [MESSAGE][PASSED] - com.ct.qa.keywords.SecondaryDisplayKeywords.enterUtilizationForSecondaryDisplay is PASSED

2019-01-11 17:37:43 - [TEST_STEP][PASSED] - hideKeyboard(): Keyboard is hidden

2019-01-11 17:37:44 - [MESSAGE][PASSED] - Keyboard is hidden

2019-01-11 17:37:44 - [TEST_STEP][PASSED] - tap(findTestObject("ShopOpen/RemainingMainCategories/SecondaryDisplay/Available/Utilization_SubmitButton", ["package":PACKAGENAME]), 0, STOP_ON_FAILURE): Tapped on element 'Object Repository/ShopOpen/RemainingMainCategories/SecondaryDisplay/Available/Utilization_SubmitButton'

2019-01-11 17:37:44 - [MESSAGE][WARNING] - Timeout '0' is invalid. Using default page load timeout: '5'

2019-01-11 17:37:45 - [MESSAGE][PASSED] - Tapped on element 'Object Repository/ShopOpen/RemainingMainCategories/SecondaryDisplay/Available/Utilization_SubmitButton'

2019-01-11 17:37:45 - [TEST_STEP][PASSED] - verifyElementExist(findTestObject("ShopOpen/RemainingMainCategories/SecondaryDisplay/Available/Validate_UnitsListScreen", ["package":PACKAGENAME]), 0): Element 'Object Repository/ShopOpen/RemainingMainCategories/SecondaryDisplay/Available/Validate_UnitsListScreen' is exist

2019-01-11 17:37:45 - [MESSAGE][WARNING] - Timeout '0' is invalid. Using default page load timeout: '5'

2019-01-11 17:37:45 - [MESSAGE][PASSED] - Element 'Object Repository/ShopOpen/RemainingMainCategories/SecondaryDisplay/Available/Validate_UnitsListScreen' is exist

2019-01-11 17:37:45 - [MESSAGE][PASSED] - Call Test Case 'Test Cases/ShopOpen/RemainingMainCategories/SecondaryDisplay/Available/VisitAvailableWith_DisplayUnitNeedMaintenance' successfully

2019-01-11 17:37:48 - [TEST_CASE][PASSED] - Test Cases/ShopOpen/RemainingMainCategories/SecondaryDisplay/Available/VisitAvailableWith_SKDNA: Test Cases/ShopOpen/RemainingMainCategories/SecondaryDisplay/Available/VisitAvailableWith_SKDNA

2019-01-11 17:37:48 - [TEST_STEP][PASSED] - verifyElementExist(findTestObject("CommonScreenElements/Validate_CameraScreen", ["package":PACKAGENAME]), 0): Element 'Object Repository/CommonScreenElements/Validate_CameraScreen' is exist

2019-01-11 17:37:48 - [MESSAGE][WARNING] - Timeout '0' is invalid. Using default page load timeout: '5'

2019-01-11 17:37:49 - [MESSAGE][PASSED] - Element 'Object Repository/CommonScreenElements/Validate_CameraScreen' is exist

2019-01-11 17:37:49 - [TEST_STEP][PASSED] - tap(findTestObject("CommonScreenElements/TakePictureButton", ["package":PACKAGENAME]), 0): Tapped on element 'Object Repository/CommonScreenElements/TakePictureButton'

2019-01-11 17:37:49 - [MESSAGE][WARNING] - Timeout '0' is invalid. Using default page load timeout: '5'

2019-01-11 17:37:52 - [MESSAGE][PASSED] - Tapped on element 'Object Repository/CommonScreenElements/TakePictureButton'

2019-01-11 17:37:52 - [TEST_STEP][PASSED] - delay(5, STOP_ON_FAILURE): Delayed 5 second(s)

2019-01-11 17:37:57 - [MESSAGE][PASSED] - Delayed 5 second(s)

2019-01-11 17:37:57 - [TEST_STEP][PASSED] - tap(findTestObject("CommonScreenElements/DoneButton", ["package":PACKAGENAME]), 0): Tapped on element 'Object Repository/CommonScreenElements/DoneButton'

2019-01-11 17:37:57 - [MESSAGE][WARNING] - Timeout '0' is invalid. Using default page load timeout: '5'

2019-01-11 17:37:58 - [MESSAGE][PASSED] - Tapped on element 'Object Repository/CommonScreenElements/DoneButton'

2019-01-11 17:37:58 - [TEST_STEP][PASSED] - verifyElementExist(findTestObject("ShopOpen/RemainingMainCategories/SecondaryDisplay/Available/Validate_AvailableRemarksScreen", ["package":PACKAGENAME]), 0): Element 'Object Repository/ShopOpen/RemainingMainCategories/SecondaryDisplay/Available/Validate_AvailableRemarksScreen' is exist

2019-01-11 17:37:58 - [MESSAGE][WARNING] - Timeout '0' is invalid. Using default page load timeout: '5'

2019-01-11 17:38:00 - [MESSAGE][PASSED] - Element 'Object Repository/ShopOpen/RemainingMainCategories/SecondaryDisplay/Available/Validate_AvailableRemarksScreen' is exist

2019-01-11 17:38:00 - [TEST_STEP][PASSED] - com.ct.qa.keywords.SecondaryDisplayKeywords.selectSecondaryDisplay_AvailableRemark("Shopkeeper did not allow", 1): com.ct.qa.keywords.SecondaryDisplayKeywords.selectSecondaryDisplay_AvailableRemark is PASSED

2019-01-11 17:38:02 - [MESSAGE][WARNING] - Timeout '0' is invalid. Using default page load timeout: '5'

2019-01-11 17:38:04 - [MESSAGE][PASSED] - Element 'Object Repository/ShopOpen/RemainingMainCategories/SecondaryDisplay/Available/Validate_SecondaryDisplay_available_remarksScreen' is exist

2019-01-11 17:38:05 - [MESSAGE][PASSED] - com.ct.qa.keywords.SecondaryDisplayKeywords.selectSecondaryDisplay_AvailableRemark is PASSED

2019-01-11 17:38:05 - [TEST_STEP][PASSED] - tap(findTestObject("ShopOpen/RemainingMainCategories/SecondaryDisplay/Available/SKDNA_CategoryRemark_BackButton", ["package":PACKAGENAME]), 0): Tapped on element 'Object Repository/ShopOpen/RemainingMainCategories/SecondaryDisplay/Available/SKDNA_CategoryRemark_BackButton'

2019-01-11 17:38:05 - [MESSAGE][WARNING] - Timeout '0' is invalid. Using default page load timeout: '5'

2019-01-11 17:38:06 - [MESSAGE][PASSED] - Tapped on element 'Object Repository/ShopOpen/RemainingMainCategories/SecondaryDisplay/Available/SKDNA_CategoryRemark_BackButton'

2019-01-11 17:38:06 - [TEST_STEP][PASSED] - verifyElementExist(findTestObject("ShopOpen/RemainingMainCategories/SecondaryDisplay/Available/Validate_AvailableRemarksScreen", ["package":PACKAGENAME]), 0): Element 'Object Repository/ShopOpen/RemainingMainCategories/SecondaryDisplay/Available/Validate_AvailableRemarksScreen' is exist

2019-01-11 17:38:06 - [MESSAGE][WARNING] - Timeout '0' is invalid. Using default page load timeout: '5'

2019-01-11 17:38:07 - [MESSAGE][PASSED] - Element 'Object Repository/ShopOpen/RemainingMainCategories/SecondaryDisplay/Available/Validate_AvailableRemarksScreen' is exist

2019-01-11 17:38:07 - [TEST_STEP][PASSED] - tap(findTestObject("ShopOpen/RemainingMainCategories/SecondaryDisplay/Available/AvailableRemarks_BackButton", ["package":PACKAGENAME]), 0): Tapped on element 'Object Repository/ShopOpen/RemainingMainCategories/SecondaryDisplay/Available/AvailableRemarks_BackButton'

2019-01-11 17:38:07 - [MESSAGE][WARNING] - Timeout '0' is invalid. Using default page load timeout: '5'

2019-01-11 17:38:07 - [MESSAGE][PASSED] - Tapped on element 'Object Repository/ShopOpen/RemainingMainCategories/SecondaryDisplay/Available/AvailableRemarks_BackButton'

2019-01-11 17:38:07 - [TEST_STEP][PASSED] - verifyElementText(findTestObject("ShopOpen/RemainingMainCategories/SecondaryDisplay/Available/Validate_UtilizationPopUpScreen", ["package":PACKAGENAME]), "Utilization"): Actual text and expected text of test object 'Object Repository/ShopOpen/RemainingMainCategories/SecondaryDisplay/Available/Validate_UtilizationPopUpScreen' are matched.

2019-01-11 17:38:09 - [MESSAGE][PASSED] - Actual text and expected text of test object 'Object Repository/ShopOpen/RemainingMainCategories/SecondaryDisplay/Available/Validate_UtilizationPopUpScreen' are matched.

2019-01-11 17:38:09 - [TEST_STEP][PASSED] - com.ct.qa.keywords.SecondaryDisplayKeywords.enterUtilizationForSecondaryDisplay(1): com.ct.qa.keywords.SecondaryDisplayKeywords.enterUtilizationForSecondaryDisplay is PASSED

2019-01-11 17:38:13 - [MESSAGE][PASSED] - com.ct.qa.keywords.SecondaryDisplayKeywords.enterUtilizationForSecondaryDisplay is PASSED

2019-01-11 17:38:13 - [TEST_STEP][PASSED] - hideKeyboard(): Keyboard is hidden

2019-01-11 17:38:14 - [MESSAGE][PASSED] - Keyboard is hidden

2019-01-11 17:38:14 - [TEST_STEP][PASSED] - tap(findTestObject("ShopOpen/RemainingMainCategories/SecondaryDisplay/Available/Utilization_SubmitButton", ["package":PACKAGENAME]), 0, STOP_ON_FAILURE): Tapped on element 'Object Repository/ShopOpen/RemainingMainCategories/SecondaryDisplay/Available/Utilization_SubmitButton'

2019-01-11 17:38:14 - [MESSAGE][WARNING] - Timeout '0' is invalid. Using default page load timeout: '5'

2019-01-11 17:38:15 - [MESSAGE][PASSED] - Tapped on element 'Object Repository/ShopOpen/RemainingMainCategories/SecondaryDisplay/Available/Utilization_SubmitButton'

2019-01-11 17:38:15 - [TEST_STEP][PASSED] - verifyElementExist(findTestObject("ShopOpen/RemainingMainCategories/SecondaryDisplay/Available/Validate_UnitsListScreen", ["package":PACKAGENAME]), 0): Element 'Object Repository/ShopOpen/RemainingMainCategories/SecondaryDisplay/Available/Validate_UnitsListScreen' is exist

2019-01-11 17:38:15 - [MESSAGE][WARNING] - Timeout '0' is invalid. Using default page load timeout: '5'

2019-01-11 17:38:16 - [MESSAGE][PASSED] - Element 'Object Repository/ShopOpen/RemainingMainCategories/SecondaryDisplay/Available/Validate_UnitsListScreen' is exist

2019-01-11 17:38:16 - [MESSAGE][PASSED] - Call Test Case 'Test Cases/ShopOpen/RemainingMainCategories/SecondaryDisplay/Available/VisitAvailableWith_SKDNA' successfully

2019-01-11 17:38:16 - [TEST_CASE][PASSED] - Test Cases/ShopOpen/RemainingMainCategories/SecondaryDisplay/Available/VisitAvailableWith_SKDNA: Test Cases/ShopOpen/RemainingMainCategories/SecondaryDisplay/Available/VisitAvailableWith_SKDNA

2019-01-11 17:38:16 - [TEST_STEP][PASSED] - verifyElementExist(findTestObject("CommonScreenElements/Validate_CameraScreen", ["package":PACKAGENAME]), 0): Element 'Object Repository/CommonScreenElements/Validate_CameraScreen' is exist

2019-01-11 17:38:16 - [MESSAGE][WARNING] - Timeout '0' is invalid. Using default page load timeout: '5'

2019-01-11 17:38:18 - [MESSAGE][PASSED] - Element 'Object Repository/CommonScreenElements/Validate_CameraScreen' is exist

2019-01-11 17:38:18 - [TEST_STEP][PASSED] - tap(findTestObject("CommonScreenElements/TakePictureButton", ["package":PACKAGENAME]), 0): Tapped on element 'Object Repository/CommonScreenElements/TakePictureButton'

2019-01-11 17:38:18 - [MESSAGE][WARNING] - Timeout '0' is invalid. Using default page load timeout: '5'

2019-01-11 17:38:21 - [MESSAGE][PASSED] - Tapped on element 'Object Repository/CommonScreenElements/TakePictureButton'

2019-01-11 17:38:21 - [TEST_STEP][PASSED] - delay(5, STOP_ON_FAILURE): Delayed 5 second(s)

2019-01-11 17:38:26 - [MESSAGE][PASSED] - Delayed 5 second(s)

2019-01-11 17:38:26 - [TEST_STEP][PASSED] - tap(findTestObject("CommonScreenElements/DoneButton", ["package":PACKAGENAME]), 0): Tapped on element 'Object Repository/CommonScreenElements/DoneButton'

2019-01-11 17:38:26 - [MESSAGE][WARNING] - Timeout '0' is invalid. Using default page load timeout: '5'

2019-01-11 17:38:27 - [MESSAGE][PASSED] - Tapped on element 'Object Repository/CommonScreenElements/DoneButton'

2019-01-11 17:38:27 - [TEST_STEP][PASSED] - verifyElementExist(findTestObject("ShopOpen/RemainingMainCategories/SecondaryDisplay/Available/Validate_AvailableRemarksScreen", ["package":PACKAGENAME]), 0): Element 'Object Repository/ShopOpen/RemainingMainCategories/SecondaryDisplay/Available/Validate_AvailableRemarksScreen' is exist

2019-01-11 17:38:27 - [MESSAGE][WARNING] - Timeout '0' is invalid. Using default page load timeout: '5'

2019-01-11 17:38:29 - [MESSAGE][PASSED] - Element 'Object Repository/ShopOpen/RemainingMainCategories/SecondaryDisplay/Available/Validate_AvailableRemarksScreen' is exist

2019-01-11 17:38:29 - [TEST_STEP][PASSED] - com.ct.qa.keywords.SecondaryDisplayKeywords.selectSecondaryDisplay_AvailableRemark("Shopkeeper did not allow", 1): com.ct.qa.keywords.SecondaryDisplayKeywords.selectSecondaryDisplay_AvailableRemark is PASSED

2019-01-11 17:38:31 - [MESSAGE][WARNING] - Timeout '0' is invalid. Using default page load timeout: '5'

2019-01-11 17:38:33 - [MESSAGE][PASSED] - Element 'Object Repository/ShopOpen/RemainingMainCategories/SecondaryDisplay/Available/Validate_SecondaryDisplay_available_remarksScreen' is exist

2019-01-11 17:38:34 - [MESSAGE][PASSED] - com.ct.qa.keywords.SecondaryDisplayKeywords.selectSecondaryDisplay_AvailableRemark is PASSED

2019-01-11 17:38:34 - [TEST_STEP][PASSED] - tap(findTestObject("ShopOpen/RemainingMainCategories/SecondaryDisplay/Available/SKDNA_CategoryRemark_BackButton", ["package":PACKAGENAME]), 0): Tapped on element 'Object Repository/ShopOpen/RemainingMainCategories/SecondaryDisplay/Available/SKDNA_CategoryRemark_BackButton'

2019-01-11 17:38:34 - [MESSAGE][WARNING] - Timeout '0' is invalid. Using default page load timeout: '5'

2019-01-11 17:38:35 - [MESSAGE][PASSED] - Tapped on element 'Object Repository/ShopOpen/RemainingMainCategories/SecondaryDisplay/Available/SKDNA_CategoryRemark_BackButton'

2019-01-11 17:38:35 - [TEST_STEP][PASSED] - verifyElementExist(findTestObject("ShopOpen/RemainingMainCategories/SecondaryDisplay/Available/Validate_AvailableRemarksScreen", ["package":PACKAGENAME]), 0): Element 'Object Repository/ShopOpen/RemainingMainCategories/SecondaryDisplay/Available/Validate_AvailableRemarksScreen' is exist

2019-01-11 17:38:35 - [MESSAGE][WARNING] - Timeout '0' is invalid. Using default page load timeout: '5'

2019-01-11 17:38:36 - [MESSAGE][PASSED] - Element 'Object Repository/ShopOpen/RemainingMainCategories/SecondaryDisplay/Available/Validate_AvailableRemarksScreen' is exist

2019-01-11 17:38:36 - [TEST_STEP][PASSED] - tap(findTestObject("ShopOpen/RemainingMainCategories/SecondaryDisplay/Available/AvailableRemarks_BackButton", ["package":PACKAGENAME]), 0): Tapped on element 'Object Repository/ShopOpen/RemainingMainCategories/SecondaryDisplay/Available/AvailableRemarks_BackButton'

2019-01-11 17:38:36 - [MESSAGE][WARNING] - Timeout '0' is invalid. Using default page load timeout: '5'

2019-01-11 17:38:36 - [MESSAGE][PASSED] - Tapped on element 'Object Repository/ShopOpen/RemainingMainCategories/SecondaryDisplay/Available/AvailableRemarks_BackButton'

2019-01-11 17:38:36 - [TEST_STEP][PASSED] - verifyElementText(findTestObject("ShopOpen/RemainingMainCategories/SecondaryDisplay/Available/Validate_UtilizationPopUpScreen", ["package":PACKAGENAME]), "Utilization"): Actual text and expected text of test object 'Object Repository/ShopOpen/RemainingMainCategories/SecondaryDisplay/Available/Validate_UtilizationPopUpScreen' are matched.

2019-01-11 17:38:37 - [MESSAGE][PASSED] - Actual text and expected text of test object 'Object Repository/ShopOpen/RemainingMainCategories/SecondaryDisplay/Available/Validate_UtilizationPopUpScreen' are matched.

2019-01-11 17:38:37 - [TEST_STEP][PASSED] - com.ct.qa.keywords.SecondaryDisplayKeywords.enterUtilizationForSecondaryDisplay(1): com.ct.qa.keywords.SecondaryDisplayKeywords.enterUtilizationForSecondaryDisplay is PASSED

2019-01-11 17:38:42 - [MESSAGE][PASSED] - com.ct.qa.keywords.SecondaryDisplayKeywords.enterUtilizationForSecondaryDisplay is PASSED

2019-01-11 17:38:42 - [TEST_STEP][PASSED] - hideKeyboard(): Keyboard is hidden

2019-01-11 17:38:43 - [MESSAGE][PASSED] - Keyboard is hidden

2019-01-11 17:38:43 - [TEST_STEP][PASSED] - tap(findTestObject("ShopOpen/RemainingMainCategories/SecondaryDisplay/Available/Utilization_SubmitButton", ["package":PACKAGENAME]), 0, STOP_ON_FAILURE): Tapped on element 'Object Repository/ShopOpen/RemainingMainCategories/SecondaryDisplay/Available/Utilization_SubmitButton'

2019-01-11 17:38:43 - [MESSAGE][WARNING] - Timeout '0' is invalid. Using default page load timeout: '5'

2019-01-11 17:38:44 - [MESSAGE][PASSED] - Tapped on element 'Object Repository/ShopOpen/RemainingMainCategories/SecondaryDisplay/Available/Utilization_SubmitButton'

2019-01-11 17:38:44 - [TEST_STEP][PASSED] - verifyElementExist(findTestObject("ShopOpen/RemainingMainCategories/SecondaryDisplay/Available/Validate_UnitsListScreen", ["package":PACKAGENAME]), 0): Element 'Object Repository/ShopOpen/RemainingMainCategories/SecondaryDisplay/Available/Validate_UnitsListScreen' is exist

2019-01-11 17:38:44 - [MESSAGE][WARNING] - Timeout '0' is invalid. Using default page load timeout: '5'

2019-01-11 17:38:45 - [MESSAGE][PASSED] - Element 'Object Repository/ShopOpen/RemainingMainCategories/SecondaryDisplay/Available/Validate_UnitsListScreen' is exist

2019-01-11 17:38:45 - [MESSAGE][PASSED] - Call Test Case 'Test Cases/ShopOpen/RemainingMainCategories/SecondaryDisplay/Available/VisitAvailableWith_SKDNA' successfully

2019-01-11 17:38:45 - [TEST_CASE][PASSED] - Test Cases/ShopOpen/RemainingMainCategories/SecondaryDisplay/Available/VisitAvailable_WithDisplayUnitIsInPerfectCondition: Test Cases/ShopOpen/RemainingMainCategories/SecondaryDisplay/Available/VisitAvailable_WithDisplayUnitIsInPerfectCondition

2019-01-11 17:38:45 - [TEST_STEP][PASSED] - verifyElementExist(findTestObject("CommonScreenElements/Validate_CameraScreen", ["package":PACKAGENAME]), 0): Element 'Object Repository/CommonScreenElements/Validate_CameraScreen' is exist

2019-01-11 17:38:45 - [MESSAGE][WARNING] - Timeout '0' is invalid. Using default page load timeout: '5'

2019-01-11 17:38:47 - [MESSAGE][PASSED] - Element 'Object Repository/CommonScreenElements/Validate_CameraScreen' is exist

2019-01-11 17:38:47 - [TEST_STEP][PASSED] - tap(findTestObject("CommonScreenElements/TakePictureButton", ["package":PACKAGENAME]), 0): Tapped on element 'Object Repository/CommonScreenElements/TakePictureButton'

2019-01-11 17:38:47 - [MESSAGE][WARNING] - Timeout '0' is invalid. Using default page load timeout: '5'

2019-01-11 17:38:51 - [MESSAGE][PASSED] - Tapped on element 'Object Repository/CommonScreenElements/TakePictureButton'

2019-01-11 17:38:51 - [TEST_STEP][PASSED] - delay(5, STOP_ON_FAILURE): Delayed 5 second(s)

2019-01-11 17:38:56 - [MESSAGE][PASSED] - Delayed 5 second(s)

2019-01-11 17:38:56 - [TEST_STEP][PASSED] - tap(findTestObject("CommonScreenElements/DoneButton", ["package":PACKAGENAME]), 0): Tapped on element 'Object Repository/CommonScreenElements/DoneButton'

2019-01-11 17:38:56 - [MESSAGE][WARNING] - Timeout '0' is invalid. Using default page load timeout: '5'

2019-01-11 17:38:56 - [MESSAGE][PASSED] - Tapped on element 'Object Repository/CommonScreenElements/DoneButton'

2019-01-11 17:38:56 - [TEST_STEP][PASSED] - verifyElementExist(findTestObject("ShopOpen/RemainingMainCategories/SecondaryDisplay/Available/Validate_AvailableRemarksScreen", ["package":PACKAGENAME]), 0): Element 'Object Repository/ShopOpen/RemainingMainCategories/SecondaryDisplay/Available/Validate_AvailableRemarksScreen' is exist

2019-01-11 17:38:56 - [MESSAGE][WARNING] - Timeout '0' is invalid. Using default page load timeout: '5'

2019-01-11 17:38:59 - [MESSAGE][PASSED] - Element 'Object Repository/ShopOpen/RemainingMainCategories/SecondaryDisplay/Available/Validate_AvailableRemarksScreen' is exist

2019-01-11 17:38:59 - [TEST_STEP][PASSED] - com.ct.qa.keywords.SecondaryDisplayKeywords.selectSecondaryDisplay_AvailableRemark("Display Unit is in perfect condition", 0): com.ct.qa.keywords.SecondaryDisplayKeywords.selectSecondaryDisplay_AvailableRemark is PASSED

2019-01-11 17:39:00 - [MESSAGE][PASSED] - com.ct.qa.keywords.SecondaryDisplayKeywords.selectSecondaryDisplay_AvailableRemark is PASSED

2019-01-11 17:39:00 - [TEST_STEP][PASSED] - verifyElementText(findTestObject("ShopOpen/RemainingMainCategories/SecondaryDisplay/Available/Validate_UtilizationPopUpScreen", ["package":PACKAGENAME]), "Utilization"): Actual text and expected text of test object 'Object Repository/ShopOpen/RemainingMainCategories/SecondaryDisplay/Available/Validate_UtilizationPopUpScreen' are matched.

2019-01-11 17:39:01 - [MESSAGE][PASSED] - Actual text and expected text of test object 'Object Repository/ShopOpen/RemainingMainCategories/SecondaryDisplay/Available/Validate_UtilizationPopUpScreen' are matched.

2019-01-11 17:39:01 - [TEST_STEP][PASSED] - com.ct.qa.keywords.SecondaryDisplayKeywords.enterUtilizationForSecondaryDisplay(1): com.ct.qa.keywords.SecondaryDisplayKeywords.enterUtilizationForSecondaryDisplay is PASSED

2019-01-11 17:39:06 - [MESSAGE][PASSED] - com.ct.qa.keywords.SecondaryDisplayKeywords.enterUtilizationForSecondaryDisplay is PASSED

2019-01-11 17:39:06 - [TEST_STEP][PASSED] - hideKeyboard(): Keyboard is hidden

2019-01-11 17:39:07 - [MESSAGE][PASSED] - Keyboard is hidden

2019-01-11 17:39:07 - [TEST_STEP][PASSED] - tap(findTestObject("ShopOpen/RemainingMainCategories/SecondaryDisplay/Available/Utilization_SubmitButton", ["package":PACKAGENAME]), 0, STOP_ON_FAILURE): Tapped on element 'Object Repository/ShopOpen/RemainingMainCategories/SecondaryDisplay/Available/Utilization_SubmitButton'

2019-01-11 17:39:07 - [MESSAGE][WARNING] - Timeout '0' is invalid. Using default page load timeout: '5'

2019-01-11 17:39:08 - [MESSAGE][PASSED] - Tapped on element 'Object Repository/ShopOpen/RemainingMainCategories/SecondaryDisplay/Available/Utilization_SubmitButton'

2019-01-11 17:39:08 - [TEST_STEP][PASSED] - verifyElementExist(findTestObject("ShopOpen/RemainingMainCategories/SecondaryDisplay/Available/Validate_UnitsListScreen", ["package":PACKAGENAME]), 0): Element 'Object Repository/ShopOpen/RemainingMainCategories/SecondaryDisplay/Available/Validate_UnitsListScreen' is exist

2019-01-11 17:39:08 - [MESSAGE][WARNING] - Timeout '0' is invalid. Using default page load timeout: '5'

2019-01-11 17:39:08 - [MESSAGE][PASSED] - Element 'Object Repository/ShopOpen/RemainingMainCategories/SecondaryDisplay/Available/Validate_UnitsListScreen' is exist

2019-01-11 17:39:08 - [MESSAGE][PASSED] - Call Test Case 'Test Cases/ShopOpen/RemainingMainCategories/SecondaryDisplay/Available/VisitAvailable_WithDisplayUnitIsInPerfectCondition' successfully

2019-01-11 17:39:08 - [MESSAGE][PASSED] - com.ct.qa.keywords.SecondaryDisplayKeywords.visitSecondaryDisplayUnitsList is PASSED

2019-01-11 17:39:08 - [TEST_STEP][PASSED] - tap(findTestObject("ShopOpen/RemainingMainCategories/SecondaryDisplay/Available/UnitsList_BackButton"), 0): Tapped on element 'Object Repository/ShopOpen/RemainingMainCategories/SecondaryDisplay/Available/UnitsList_BackButton'

2019-01-11 17:39:08 - [MESSAGE][WARNING] - Timeout '0' is invalid. Using default page load timeout: '5'

2019-01-11 17:39:09 - [MESSAGE][PASSED] - Tapped on element 'Object Repository/ShopOpen/RemainingMainCategories/SecondaryDisplay/Available/UnitsList_BackButton'

2019-01-11 17:39:09 - [TEST_STEP][PASSED] - verifyElementExist(findTestObject("ShopOpen/RemainingMainCategories/Validate_MainCategoryDetailActionScreen", ["package":PACKAGENAME]), 0): Element 'Object Repository/ShopOpen/RemainingMainCategories/Validate_MainCategoryDetailActionScreen' is exist

2019-01-11 17:39:09 - [MESSAGE][WARNING] - Timeout '0' is invalid. Using default page load timeout: '5'

2019-01-11 17:39:10 - [MESSAGE][PASSED] - Element 'Object Repository/ShopOpen/RemainingMainCategories/Validate_MainCategoryDetailActionScreen' is exist

2019-01-11 17:39:10 - [MESSAGE][PASSED] - Call Test Case 'Test Cases/ShopOpen/RemainingMainCategories/SecondaryDisplay/Available/VisitSecondaryDisplayAvailable' successfully

2019-01-11 17:39:10 - [MESSAGE][PASSED] - com.ct.qa.keywords.SecondaryDisplayKeywords.selectSecondaryDisplayRemark_WithDataVerification is PASSED

2019-01-11 17:39:10 - [MESSAGE][PASSED] - Call Test Case 'Test Cases/ShopOpen/RemainingMainCategories/SecondaryDisplay/SecondaryDisplay_VisitingScenarios/VisitSecondaryDisplayWith_DataVerification' successfully

2019-01-11 17:39:10 - [MESSAGE][PASSED] - com.ct.qa.keywords.RemainingMainCategoryRemarksVisitingScenariosKeywords.visitRemarksWith_DataVerification is PASSED

2019-01-11 17:39:10 - [TEST_STEP][PASSED] - tap(findTestObject("ShopOpen/RemainingMainCategories/BackButton", ["package":PACKAGENAME]), 0): Tapped on element 'Object Repository/ShopOpen/RemainingMainCategories/BackButton'

2019-01-11 17:39:10 - [MESSAGE][WARNING] - Timeout '0' is invalid. Using default page load timeout: '5'

2019-01-11 17:39:10 - [MESSAGE][PASSED] - Tapped on element 'Object Repository/ShopOpen/RemainingMainCategories/BackButton'

2019-01-11 17:39:10 - [TEST_STEP][PASSED] - verifyElementExist(findTestObject("ShopOpen/Validate_ShopCategoriesListScreen", ["package":PACKAGENAME]), 0): Element 'Object Repository/ShopOpen/Validate_ShopCategoriesListScreen' is exist

2019-01-11 17:39:10 - [MESSAGE][WARNING] - Timeout '0' is invalid. Using default page load timeout: '5'

2019-01-11 17:39:13 - [MESSAGE][PASSED] - Element 'Object Repository/ShopOpen/Validate_ShopCategoriesListScreen' is exist

2019-01-11 17:39:13 - [MESSAGE][PASSED] - Call Test Case 'Test Cases/ShopOpen/RemainingMainCategories/MainCategoryRemarksVisitingScenarios/VisitRemarksWith_DataVerification' successfully

2019-01-11 17:39:13 - [TEST_CASE][PASSED] - Test Cases/ShopOpen/RemainingMainCategories/MainCategoryRemarksVisitingScenarios/VisitRemarksWith_DataVerification: Test Cases/ShopOpen/RemainingMainCategories/MainCategoryRemarksVisitingScenarios/VisitRemarksWith_DataVerification

2019-01-11 17:39:13 - [TEST_STEP][PASSED] - verifyElementExist(findTestObject("ShopOpen/RemainingMainCategories/Validate_MainCategoryDetailActionScreen", ["package":PACKAGENAME]), 0): Element 'Object Repository/ShopOpen/RemainingMainCategories/Validate_MainCategoryDetailActionScreen' is exist

2019-01-11 17:39:13 - [MESSAGE][WARNING] - Timeout '0' is invalid. Using default page load timeout: '5'

2019-01-11 17:39:16 - [MESSAGE][PASSED] - Element 'Object Repository/ShopOpen/RemainingMainCategories/Validate_MainCategoryDetailActionScreen' is exist

2019-01-11 17:39:16 - [TEST_STEP][PASSED] - com.ct.qa.keywords.RemainingMainCategoryRemarksVisitingScenariosKeywords.visitRemarksWith_DataVerification(): com.ct.qa.keywords.RemainingMainCategoryRemarksVisitingScenariosKeywords.visitRemarksWith_DataVerification is PASSED

2019-01-11 17:39:18 - [TEST_CASE][PASSED] - Test Cases/ShopOpen/RemainingMainCategories/Availability/VisitAvailability_WithYesRemark: Test Cases/ShopOpen/RemainingMainCategories/Availability/VisitAvailability_WithYesRemark

2019-01-11 17:39:18 - [TEST_STEP][PASSED] - verifyElementExist(findTestObject("ShopOpen/RemainingMainCategories/_Availability/Validate_SubCategoriesScreen", ["package":PACKAGENAME]), 0): Element 'Object Repository/ShopOpen/RemainingMainCategories/_Availability/Validate_SubCategoriesScreen' is exist

2019-01-11 17:39:18 - [MESSAGE][WARNING] - Timeout '0' is invalid. Using default page load timeout: '5'

2019-01-11 17:39:20 - [MESSAGE][PASSED] - Element 'Object Repository/ShopOpen/RemainingMainCategories/_Availability/Validate_SubCategoriesScreen' is exist

2019-01-11 17:39:20 - [TEST_STEP][PASSED] - com.ct.qa.keywords.AvailabilityKeywords.visitAvailabilitySubCategories(1): com.ct.qa.keywords.AvailabilityKeywords.visitAvailabilitySubCategories is PASSED

2019-01-11 17:39:22 - [TEST_CASE][PASSED] - Test Cases/ShopOpen/RemainingMainCategories/Availability/VisitSubCategories_WithYesRemarks: Test Cases/ShopOpen/RemainingMainCategories/Availability/VisitSubCategories_WithYesRemarks

2019-01-11 17:39:22 - [TEST_STEP][PASSED] - verifyElementText(findTestObject("ShopOpen/RemainingMainCategories/_Availability/Validate_SubCategoryDetailScreen", ["package":PACKAGENAME]), "Availability"): Actual text and expected text of test object 'Object Repository/ShopOpen/RemainingMainCategories/_Availability/Validate_SubCategoryDetailScreen' are matched.

2019-01-11 17:39:24 - [MESSAGE][PASSED] - Actual text and expected text of test object 'Object Repository/ShopOpen/RemainingMainCategories/_Availability/Validate_SubCategoryDetailScreen' are matched.

2019-01-11 17:39:24 - [TEST_STEP][PASSED] - tap(findTestObject("ShopOpen/RemainingMainCategories/_Availability/Availability", ["package":PACKAGENAME]), 0): Tapped on element 'Object Repository/ShopOpen/RemainingMainCategories/_Availability/Availability'

2019-01-11 17:39:24 - [MESSAGE][WARNING] - Timeout '0' is invalid. Using default page load timeout: '5'

2019-01-11 17:39:24 - [MESSAGE][PASSED] - Tapped on element 'Object Repository/ShopOpen/RemainingMainCategories/_Availability/Availability'

2019-01-11 17:39:24 - [TEST_STEP][PASSED] - verifyElementText(findTestObject("ShopOpen/RemainingMainCategories/_Availability/Validate_ProductAvailabilityScreen", ["package":PACKAGENAME]), "Availability"): Actual text and expected text of test object 'Object Repository/ShopOpen/RemainingMainCategories/_Availability/Validate_ProductAvailabilityScreen' are matched.

2019-01-11 17:39:26 - [MESSAGE][PASSED] - Actual text and expected text of test object 'Object Repository/ShopOpen/RemainingMainCategories/_Availability/Validate_ProductAvailabilityScreen' are matched.

2019-01-11 17:39:26 - [TEST_STEP][PASSED] - com.ct.qa.keywords.AvailabilityKeywords.visitProductsAvailabilityWithYesRemarks(): com.ct.qa.keywords.AvailabilityKeywords.visitProductsAvailabilityWithYesRemarks is PASSED

2019-01-11 17:39:41 - [MESSAGE][PASSED] - Swiped from 0,275 to 0,200

2019-01-11 17:39:42 - [MESSAGE][PASSED] - com.ct.qa.keywords.AvailabilityKeywords.visitProductsAvailabilityWithYesRemarks is PASSED

2019-01-11 17:39:42 - [TEST_STEP][PASSED] - tap(findTestObject("ShopOpen/RemainingMainCategories/_Availability/ProductAvailability_SubmitButton", ["package":PACKAGENAME]), 0): Tapped on element 'Object Repository/ShopOpen/RemainingMainCategories/_Availability/ProductAvailability_SubmitButton'

2019-01-11 17:39:42 - [MESSAGE][WARNING] - Timeout '0' is invalid. Using default page load timeout: '5'

2019-01-11 17:39:42 - [MESSAGE][PASSED] - Tapped on element 'Object Repository/ShopOpen/RemainingMainCategories/_Availability/ProductAvailability_SubmitButton'

2019-01-11 17:39:42 - [TEST_STEP][PASSED] - verifyElementText(findTestObject("ShopOpen/RemainingMainCategories/_Availability/Validate_SubCategoryDetailScreen", ["package":PACKAGENAME]), "Availability"): Actual text and expected text of test object 'Object Repository/ShopOpen/RemainingMainCategories/_Availability/Validate_SubCategoryDetailScreen' are matched.

2019-01-11 17:39:43 - [MESSAGE][PASSED] - Actual text and expected text of test object 'Object Repository/ShopOpen/RemainingMainCategories/_Availability/Validate_SubCategoryDetailScreen' are matched.

2019-01-11 17:39:43 - [TEST_STEP][PASSED] - pressBack(): Press back button successfully

2019-01-11 17:39:43 - [MESSAGE][PASSED] - Press back button successfully

2019-01-11 17:39:43 - [TEST_STEP][PASSED] - verifyElementExist(findTestObject("ShopOpen/RemainingMainCategories/_Availability/Validate_SubCategoriesScreen", ["package":PACKAGENAME]), 0): Element 'Object Repository/ShopOpen/RemainingMainCategories/_Availability/Validate_SubCategoriesScreen' is exist

2019-01-11 17:39:43 - [MESSAGE][WARNING] - Timeout '0' is invalid. Using default page load timeout: '5'

2019-01-11 17:39:44 - [MESSAGE][PASSED] - Element 'Object Repository/ShopOpen/RemainingMainCategories/_Availability/Validate_SubCategoriesScreen' is exist

2019-01-11 17:39:44 - [MESSAGE][PASSED] - Call Test Case 'Test Cases/ShopOpen/RemainingMainCategories/Availability/VisitSubCategories_WithYesRemarks' successfully

2019-01-11 17:39:44 - [MESSAGE][PASSED] - com.ct.qa.keywords.AvailabilityKeywords.visitAvailabilitySubCategories is PASSED

2019-01-11 17:39:44 - [TEST_STEP][PASSED] - pressBack(): Press back button successfully

2019-01-11 17:39:45 - [MESSAGE][PASSED] - Press back button successfully

2019-01-11 17:39:45 - [TEST_STEP][PASSED] - verifyElementExist(findTestObject("ShopOpen/RemainingMainCategories/Validate_MainCategoryDetailActionScreen", ["package":PACKAGENAME]), 0): Element 'Object Repository/ShopOpen/RemainingMainCategories/Validate_MainCategoryDetailActionScreen' is exist

2019-01-11 17:39:45 - [MESSAGE][WARNING] - Timeout '0' is invalid. Using default page load timeout: '5'

2019-01-11 17:39:46 - [MESSAGE][PASSED] - Element 'Object Repository/ShopOpen/RemainingMainCategories/Validate_MainCategoryDetailActionScreen' is exist

2019-01-11 17:39:46 - [MESSAGE][PASSED] - Call Test Case 'Test Cases/ShopOpen/RemainingMainCategories/Availability/VisitAvailability_WithYesRemark' successfully

2019-01-11 17:39:46 - [TEST_CASE][PASSED] - Test Cases/ShopOpen/RemainingMainCategories/PrimaryDisplay/VisitPrimaryDisplayWith_DataVerification: Test Cases/ShopOpen/RemainingMainCategories/PrimaryDisplay/VisitPrimaryDisplayWith_DataVerification

2019-01-11 17:39:46 - [TEST_STEP][PASSED] - verifyElementExist(findTestObject("ShopOpen/RemainingMainCategories/PrimaryDisplay/Validate_PrimaryDisplayRemarksScreen", ["package":PACKAGENAME]), 0): Element 'Object Repository/ShopOpen/RemainingMainCategories/PrimaryDisplay/Validate_PrimaryDisplayRemarksScreen' is exist

2019-01-11 17:39:46 - [MESSAGE][WARNING] - Timeout '0' is invalid. Using default page load timeout: '5'

2019-01-11 17:39:49 - [MESSAGE][PASSED] - Element 'Object Repository/ShopOpen/RemainingMainCategories/PrimaryDisplay/Validate_PrimaryDisplayRemarksScreen' is exist

2019-01-11 17:39:49 - [TEST_STEP][PASSED] - com.ct.qa.keywords.PrimaryDisplayKeywords.selectPrimaryDisplayRemark_ForDataVerfication(): com.ct.qa.keywords.PrimaryDisplayKeywords.selectPrimaryDisplayRemark_ForDataVerfication is PASSED

2019-01-11 17:39:51 - [MESSAGE][WARNING] - Timeout '0' is invalid. Using default page load timeout: '5'

2019-01-11 17:39:52 - [MESSAGE][PASSED] - Element 'Object Repository/CommonScreenElements/Validate_CameraScreen' is exist

2019-01-11 17:39:52 - [MESSAGE][WARNING] - Timeout '0' is invalid. Using default page load timeout: '5'

2019-01-11 17:39:55 - [MESSAGE][PASSED] - Tapped on element 'Object Repository/CommonScreenElements/TakePictureButton'

2019-01-11 17:40:00 - [MESSAGE][PASSED] - Delayed 5 second(s)

2019-01-11 17:40:00 - [MESSAGE][WARNING] - Timeout '0' is invalid. Using default page load timeout: '5'

2019-01-11 17:40:01 - [MESSAGE][PASSED] - Tapped on element 'Object Repository/CommonScreenElements/DoneButton'

2019-01-11 17:40:01 - [TEST_CASE][PASSED] - Test Cases/ShopOpen/RemainingMainCategories/PrimaryDisplay/DisplaySpaceAvailable/VisitDSA: Test Cases/ShopOpen/RemainingMainCategories/PrimaryDisplay/DisplaySpaceAvailable/VisitDSA

2019-01-11 17:40:01 - [TEST_STEP][PASSED] - verifyElementExist(findTestObject("ShopOpen/RemainingMainCategories/PrimaryDisplay/DisplaySpaceAvailable/Validate_SubCategoriesScreen", ["package":PACKAGENAME]), 0): Element 'Object Repository/ShopOpen/RemainingMainCategories/PrimaryDisplay/DisplaySpaceAvailable/Validate_SubCategoriesScreen' is exist

2019-01-11 17:40:01 - [MESSAGE][WARNING] - Timeout '0' is invalid. Using default page load timeout: '5'

2019-01-11 17:40:02 - [MESSAGE][PASSED] - Element 'Object Repository/ShopOpen/RemainingMainCategories/PrimaryDisplay/DisplaySpaceAvailable/Validate_SubCategoriesScreen' is exist

2019-01-11 17:40:02 - [TEST_STEP][PASSED] - com.ct.qa.keywords.PrimaryDisplayKeywords.visitPrimaryDisplay_WithDSASubCategories(1): com.ct.qa.keywords.PrimaryDisplayKeywords.visitPrimaryDisplay_WithDSASubCategories is PASSED

2019-01-11 17:40:05 - [TEST_CASE][PASSED] - Test Cases/ShopOpen/RemainingMainCategories/PrimaryDisplay/DisplaySpaceAvailable/VisitDSA_SubCategories: Test Cases/ShopOpen/RemainingMainCategories/PrimaryDisplay/DisplaySpaceAvailable/VisitDSA_SubCategories

2019-01-11 17:40:05 - [TEST_STEP][PASSED] - verifyElementText(findTestObject("ShopOpen/RemainingMainCategories/PrimaryDisplay/DisplaySpaceAvailable/Validate_ShareOfShelfScreen", ["package":PACKAGENAME]), "Share of shelf"): Actual text and expected text of test object 'Object Repository/ShopOpen/RemainingMainCategories/PrimaryDisplay/DisplaySpaceAvailable/Validate_ShareOfShelfScreen' are matched.

2019-01-11 17:40:07 - [MESSAGE][PASSED] - Actual text and expected text of test object 'Object Repository/ShopOpen/RemainingMainCategories/PrimaryDisplay/DisplaySpaceAvailable/Validate_ShareOfShelfScreen' are matched.

2019-01-11 17:40:07 - [TEST_STEP][PASSED] - tap(findTestObject("ShopOpen/RemainingMainCategories/PrimaryDisplay/DisplaySpaceAvailable/ShareOfShelf", ["package":PACKAGENAME]), 0): Tapped on element 'Object Repository/ShopOpen/RemainingMainCategories/PrimaryDisplay/DisplaySpaceAvailable/ShareOfShelf'

2019-01-11 17:40:07 - [MESSAGE][WARNING] - Timeout '0' is invalid. Using default page load timeout: '5'

2019-01-11 17:40:07 - [MESSAGE][PASSED] - Tapped on element 'Object Repository/ShopOpen/RemainingMainCategories/PrimaryDisplay/DisplaySpaceAvailable/ShareOfShelf'

2019-01-11 17:40:07 - [TEST_STEP][PASSED] - verifyElementText(findTestObject("ShopOpen/RemainingMainCategories/PrimaryDisplay/DisplaySpaceAvailable/Validate_ShareOfShelfProductsScreen", ["package":PACKAGENAME]), "Share of shelf"): Actual text and expected text of test object 'Object Repository/ShopOpen/RemainingMainCategories/PrimaryDisplay/DisplaySpaceAvailable/Validate_ShareOfShelfProductsScreen' are matched.

2019-01-11 17:40:09 - [MESSAGE][PASSED] - Actual text and expected text of test object 'Object Repository/ShopOpen/RemainingMainCategories/PrimaryDisplay/DisplaySpaceAvailable/Validate_ShareOfShelfProductsScreen' are matched.

2019-01-11 17:40:09 - [TEST_STEP][PASSED] - com.ct.qa.keywords.PrimaryDisplayKeywords.visitDSA_Products(DISPLAYSPACEAVAILABLE): com.ct.qa.keywords.PrimaryDisplayKeywords.visitDSA_Products is PASSED

2019-01-11 17:40:13 - [MESSAGE][PASSED] - Keyboard is hidden

2019-01-11 17:40:16 - [MESSAGE][PASSED] - Keyboard is hidden

2019-01-11 17:40:19 - [MESSAGE][PASSED] - Keyboard is hidden

2019-01-11 17:40:22 - [MESSAGE][PASSED] - Keyboard is hidden

2019-01-11 17:40:25 - [MESSAGE][PASSED] - Keyboard is hidden

2019-01-11 17:40:28 - [MESSAGE][PASSED] - Keyboard is hidden

2019-01-11 17:40:32 - [MESSAGE][PASSED] - Swiped from 117,359 to 117,250

2019-01-11 17:40:34 - [MESSAGE][PASSED] - Keyboard is hidden

2019-01-11 17:40:36 - [MESSAGE][PASSED] - Swiped from 117,359 to 117,250

2019-01-11 17:40:39 - [MESSAGE][PASSED] - Keyboard is hidden

2019-01-11 17:40:41 - [MESSAGE][PASSED] - Swiped from 117,359 to 117,250

2019-01-11 17:40:44 - [MESSAGE][PASSED] - Keyboard is hidden

2019-01-11 17:40:46 - [MESSAGE][PASSED] - Swiped from 117,359 to 117,250

2019-01-11 17:40:47 - [MESSAGE][PASSED] - com.ct.qa.keywords.PrimaryDisplayKeywords.visitDSA_Products is PASSED

2019-01-11 17:40:47 - [TEST_STEP][PASSED] - tap(findTestObject("ShopOpen/RemainingMainCategories/PrimaryDisplay/DisplaySpaceAvailable/SubmitButton", ["package":PACKAGENAME]), 0): Tapped on element 'Object Repository/ShopOpen/RemainingMainCategories/PrimaryDisplay/DisplaySpaceAvailable/SubmitButton'

2019-01-11 17:40:47 - [MESSAGE][WARNING] - Timeout '0' is invalid. Using default page load timeout: '5'

2019-01-11 17:40:47 - [MESSAGE][PASSED] - Tapped on element 'Object Repository/ShopOpen/RemainingMainCategories/PrimaryDisplay/DisplaySpaceAvailable/SubmitButton'

2019-01-11 17:40:47 - [TEST_STEP][PASSED] - verifyElementText(findTestObject("ShopOpen/RemainingMainCategories/PrimaryDisplay/DisplaySpaceAvailable/Validate_AlertScreen", ["package":PACKAGENAME]), "Alert"): Actual text and expected text of test object 'Object Repository/ShopOpen/RemainingMainCategories/PrimaryDisplay/DisplaySpaceAvailable/Validate_AlertScreen' are matched.

2019-01-11 17:40:49 - [MESSAGE][PASSED] - Actual text and expected text of test object 'Object Repository/ShopOpen/RemainingMainCategories/PrimaryDisplay/DisplaySpaceAvailable/Validate_AlertScreen' are matched.

2019-01-11 17:40:49 - [TEST_STEP][PASSED] - tap(findTestObject("ShopOpen/RemainingMainCategories/PrimaryDisplay/DisplaySpaceAvailable/Alert_SaveButton", ["package":PACKAGENAME]), 0): Tapped on element 'Object Repository/ShopOpen/RemainingMainCategories/PrimaryDisplay/DisplaySpaceAvailable/Alert_SaveButton'

2019-01-11 17:40:49 - [MESSAGE][WARNING] - Timeout '0' is invalid. Using default page load timeout: '5'

2019-01-11 17:40:49 - [MESSAGE][PASSED] - Tapped on element 'Object Repository/ShopOpen/RemainingMainCategories/PrimaryDisplay/DisplaySpaceAvailable/Alert_SaveButton'

2019-01-11 17:40:49 - [TEST_STEP][PASSED] - verifyElementText(findTestObject("ShopOpen/RemainingMainCategories/PrimaryDisplay/DisplaySpaceAvailable/Validate_ShareOfShelfScreen", ["package":PACKAGENAME]), "Share of shelf"): Actual text and expected text of test object 'Object Repository/ShopOpen/RemainingMainCategories/PrimaryDisplay/DisplaySpaceAvailable/Validate_ShareOfShelfScreen' are matched.

2019-01-11 17:40:50 - [MESSAGE][PASSED] - Actual text and expected text of test object 'Object Repository/ShopOpen/RemainingMainCategories/PrimaryDisplay/DisplaySpaceAvailable/Validate_ShareOfShelfScreen' are matched.

2019-01-11 17:40:50 - [TEST_STEP][PASSED] - tap(findTestObject("ShopOpen/RemainingMainCategories/PrimaryDisplay/DisplaySpaceAvailable/ShareofShelf_BackButton", ["package":PACKAGENAME]), 0): Tapped on element 'Object Repository/ShopOpen/RemainingMainCategories/PrimaryDisplay/DisplaySpaceAvailable/ShareofShelf_BackButton'

2019-01-11 17:40:50 - [MESSAGE][WARNING] - Timeout '0' is invalid. Using default page load timeout: '5'

2019-01-11 17:40:52 - [MESSAGE][PASSED] - Tapped on element 'Object Repository/ShopOpen/RemainingMainCategories/PrimaryDisplay/DisplaySpaceAvailable/ShareofShelf_BackButton'

2019-01-11 17:40:52 - [TEST_STEP][PASSED] - verifyElementExist(findTestObject("ShopOpen/RemainingMainCategories/PrimaryDisplay/DisplaySpaceAvailable/Validate_SubCategoriesScreen", ["package":PACKAGENAME]), 0): Element 'Object Repository/ShopOpen/RemainingMainCategories/PrimaryDisplay/DisplaySpaceAvailable/Validate_SubCategoriesScreen' is exist

2019-01-11 17:40:52 - [MESSAGE][WARNING] - Timeout '0' is invalid. Using default page load timeout: '5'

2019-01-11 17:40:52 - [MESSAGE][PASSED] - Element 'Object Repository/ShopOpen/RemainingMainCategories/PrimaryDisplay/DisplaySpaceAvailable/Validate_SubCategoriesScreen' is exist

2019-01-11 17:40:52 - [MESSAGE][PASSED] - Call Test Case 'Test Cases/ShopOpen/RemainingMainCategories/PrimaryDisplay/DisplaySpaceAvailable/VisitDSA_SubCategories' successfully

2019-01-11 17:40:52 - [MESSAGE][PASSED] - com.ct.qa.keywords.PrimaryDisplayKeywords.visitPrimaryDisplay_WithDSASubCategories is PASSED

2019-01-11 17:40:52 - [TEST_STEP][PASSED] - com.ct.qa.keywords.CommonKeywords.findPlanogramImageView(): com.ct.qa.keywords.CommonKeywords.findPlanogramImageView is PASSED

2019-01-11 17:40:54 - [MESSAGE][WARNING] - Timeout '0' is invalid. Using default page load timeout: '5'

2019-01-11 17:41:01 - [MESSAGE][WARNING] - Object Object Repository/CommonScreenElements/InfoPopUp_OKButton not found
[[ATTACHMENT|F:\\Git Projects\\PnG_Merchandising\\PnG_Merchandising\\Reports\\PnG Merchandising With Channel Wise Data Verification\\20190111_162651\\1547210459855.png]]

2019-01-11 17:41:02 - [MESSAGE][PASSED] - com.ct.qa.keywords.CommonKeywords.findPlanogramImageView is PASSED

2019-01-11 17:41:02 - [TEST_STEP][PASSED] - verifyElementExist(findTestObject("ShopOpen/RemainingMainCategories/PrimaryDisplay/DisplaySpaceAvailable/Validate_SubCategoriesScreen", ["package":PACKAGENAME]), 0): Element 'Object Repository/ShopOpen/RemainingMainCategories/PrimaryDisplay/DisplaySpaceAvailable/Validate_SubCategoriesScreen' is exist

2019-01-11 17:41:02 - [MESSAGE][WARNING] - Timeout '0' is invalid. Using default page load timeout: '5'

2019-01-11 17:41:03 - [MESSAGE][PASSED] - Element 'Object Repository/ShopOpen/RemainingMainCategories/PrimaryDisplay/DisplaySpaceAvailable/Validate_SubCategoriesScreen' is exist

2019-01-11 17:41:03 - [TEST_STEP][PASSED] - com.ct.qa.keywords.CommonKeywords.findPictureImageView(): com.ct.qa.keywords.CommonKeywords.findPictureImageView is PASSED

2019-01-11 17:41:06 - [MESSAGE][WARNING] - Timeout '0' is invalid. Using default page load timeout: '5'

2019-01-11 17:41:08 - [MESSAGE][PASSED] - Element 'Object Repository/CommonScreenElements/Validate_CameraScreen' is exist

2019-01-11 17:41:08 - [MESSAGE][WARNING] - Timeout '0' is invalid. Using default page load timeout: '5'

2019-01-11 17:41:11 - [MESSAGE][PASSED] - Tapped on element 'Object Repository/CommonScreenElements/TakePictureButton'

2019-01-11 17:41:16 - [MESSAGE][PASSED] - Delayed 5 second(s)

2019-01-11 17:41:16 - [MESSAGE][WARNING] - Timeout '0' is invalid. Using default page load timeout: '5'

2019-01-11 17:41:17 - [MESSAGE][PASSED] - Tapped on element 'Object Repository/CommonScreenElements/DoneButton'

2019-01-11 17:41:17 - [MESSAGE][PASSED] - com.ct.qa.keywords.CommonKeywords.findPictureImageView is PASSED

2019-01-11 17:41:17 - [TEST_STEP][PASSED] - verifyElementExist(findTestObject("ShopOpen/RemainingMainCategories/PrimaryDisplay/DisplaySpaceAvailable/Validate_SubCategoriesScreen", ["package":PACKAGENAME]), 0): Element 'Object Repository/ShopOpen/RemainingMainCategories/PrimaryDisplay/DisplaySpaceAvailable/Validate_SubCategoriesScreen' is exist

2019-01-11 17:41:17 - [MESSAGE][WARNING] - Timeout '0' is invalid. Using default page load timeout: '5'

2019-01-11 17:41:18 - [MESSAGE][PASSED] - Element 'Object Repository/ShopOpen/RemainingMainCategories/PrimaryDisplay/DisplaySpaceAvailable/Validate_SubCategoriesScreen' is exist

2019-01-11 17:41:18 - [TEST_STEP][PASSED] - com.ct.qa.keywords.CommonKeywords.findBackButtonImageView(): com.ct.qa.keywords.CommonKeywords.findBackButtonImageView is PASSED

2019-01-11 17:41:20 - [MESSAGE][PASSED] - com.ct.qa.keywords.CommonKeywords.findBackButtonImageView is PASSED

2019-01-11 17:41:20 - [TEST_STEP][PASSED] - verifyElementExist(findTestObject("ShopOpen/RemainingMainCategories/Validate_MainCategoryDetailActionScreen", ["package":PACKAGENAME]), 0): Element 'Object Repository/ShopOpen/RemainingMainCategories/Validate_MainCategoryDetailActionScreen' is exist

2019-01-11 17:41:20 - [MESSAGE][WARNING] - Timeout '0' is invalid. Using default page load timeout: '5'

2019-01-11 17:41:21 - [MESSAGE][PASSED] - Element 'Object Repository/ShopOpen/RemainingMainCategories/Validate_MainCategoryDetailActionScreen' is exist

2019-01-11 17:41:21 - [MESSAGE][PASSED] - Call Test Case 'Test Cases/ShopOpen/RemainingMainCategories/PrimaryDisplay/DisplaySpaceAvailable/VisitDSA' successfully

2019-01-11 17:41:21 - [MESSAGE][PASSED] - com.ct.qa.keywords.PrimaryDisplayKeywords.selectPrimaryDisplayRemark_ForDataVerfication is PASSED

2019-01-11 17:41:21 - [MESSAGE][PASSED] - Call Test Case 'Test Cases/ShopOpen/RemainingMainCategories/PrimaryDisplay/VisitPrimaryDisplayWith_DataVerification' successfully

2019-01-11 17:41:21 - [TEST_CASE][PASSED] - Test Cases/ShopOpen/RemainingMainCategories/SecondaryDisplay/SecondaryDisplay_VisitingScenarios/VisitSecondaryDisplayWith_DataVerification: Test Cases/ShopOpen/RemainingMainCategories/SecondaryDisplay/SecondaryDisplay_VisitingScenarios/VisitSecondaryDisplayWith_DataVerification

2019-01-11 17:41:21 - [TEST_STEP][PASSED] - verifyElementExist(findTestObject("ShopOpen/RemainingMainCategories/SecondaryDisplay/Validate_SecondaryDisplayRemarksScreen", ["package":PACKAGENAME]), 0): Element 'Object Repository/ShopOpen/RemainingMainCategories/SecondaryDisplay/Validate_SecondaryDisplayRemarksScreen' is exist

2019-01-11 17:41:21 - [MESSAGE][WARNING] - Timeout '0' is invalid. Using default page load timeout: '5'

2019-01-11 17:41:24 - [MESSAGE][PASSED] - Element 'Object Repository/ShopOpen/RemainingMainCategories/SecondaryDisplay/Validate_SecondaryDisplayRemarksScreen' is exist

2019-01-11 17:41:24 - [TEST_STEP][PASSED] - com.ct.qa.keywords.SecondaryDisplayKeywords.selectSecondaryDisplayRemark_WithDataVerification(): com.ct.qa.keywords.SecondaryDisplayKeywords.selectSecondaryDisplayRemark_WithDataVerification is PASSED

2019-01-11 17:41:25 - [TEST_CASE][PASSED] - Test Cases/ShopOpen/RemainingMainCategories/SecondaryDisplay/Available/VisitSecondaryDisplayAvailable: Test Cases/ShopOpen/RemainingMainCategories/SecondaryDisplay/Available/VisitSecondaryDisplayAvailable

2019-01-11 17:41:25 - [TEST_STEP][PASSED] - verifyElementText(findTestObject("ShopOpen/RemainingMainCategories/SecondaryDisplay/Available/Validate_UnitsScreen"), "Units"): Actual text and expected text of test object 'Object Repository/ShopOpen/RemainingMainCategories/SecondaryDisplay/Available/Validate_UnitsScreen' are matched.

2019-01-11 17:41:26 - [MESSAGE][PASSED] - Actual text and expected text of test object 'Object Repository/ShopOpen/RemainingMainCategories/SecondaryDisplay/Available/Validate_UnitsScreen' are matched.

2019-01-11 17:41:26 - [TEST_STEP][PASSED] - com.ct.qa.keywords.SecondaryDisplayKeywords.enterUnitsForSecondaryDisplay(): com.ct.qa.keywords.SecondaryDisplayKeywords.enterUnitsForSecondaryDisplay is PASSED

2019-01-11 17:41:29 - [MESSAGE][PASSED] - Keyboard is hidden

2019-01-11 17:41:31 - [MESSAGE][PASSED] - Keyboard is hidden

2019-01-11 17:41:31 - [MESSAGE][PASSED] - com.ct.qa.keywords.SecondaryDisplayKeywords.enterUnitsForSecondaryDisplay is PASSED

2019-01-11 17:41:31 - [TEST_STEP][PASSED] - tap(findTestObject("ShopOpen/RemainingMainCategories/SecondaryDisplay/Available/Units_SubmitButton", ["package":PACKAGENAME]), 0): Tapped on element 'Object Repository/ShopOpen/RemainingMainCategories/SecondaryDisplay/Available/Units_SubmitButton'

2019-01-11 17:41:31 - [MESSAGE][WARNING] - Timeout '0' is invalid. Using default page load timeout: '5'

2019-01-11 17:41:32 - [MESSAGE][PASSED] - Tapped on element 'Object Repository/ShopOpen/RemainingMainCategories/SecondaryDisplay/Available/Units_SubmitButton'

2019-01-11 17:41:32 - [TEST_STEP][PASSED] - verifyElementExist(findTestObject("ShopOpen/RemainingMainCategories/SecondaryDisplay/Available/Validate_UnitsListScreen", ["package":PACKAGENAME]), 0): Element 'Object Repository/ShopOpen/RemainingMainCategories/SecondaryDisplay/Available/Validate_UnitsListScreen' is exist

2019-01-11 17:41:32 - [MESSAGE][WARNING] - Timeout '0' is invalid. Using default page load timeout: '5'

2019-01-11 17:41:34 - [MESSAGE][PASSED] - Element 'Object Repository/ShopOpen/RemainingMainCategories/SecondaryDisplay/Available/Validate_UnitsListScreen' is exist

2019-01-11 17:41:34 - [TEST_STEP][PASSED] - com.ct.qa.keywords.SecondaryDisplayKeywords.visitSecondaryDisplayUnitsList(): com.ct.qa.keywords.SecondaryDisplayKeywords.visitSecondaryDisplayUnitsList is PASSED

2019-01-11 17:41:36 - [TEST_CASE][PASSED] - Test Cases/ShopOpen/RemainingMainCategories/SecondaryDisplay/Available/VisitAvailableWith_DisplayUnitNeedMaintenance: Test Cases/ShopOpen/RemainingMainCategories/SecondaryDisplay/Available/VisitAvailableWith_DisplayUnitNeedMaintenance

2019-01-11 17:41:36 - [TEST_STEP][PASSED] - verifyElementExist(findTestObject("CommonScreenElements/Validate_CameraScreen", ["package":PACKAGENAME]), 0): Element 'Object Repository/CommonScreenElements/Validate_CameraScreen' is exist

2019-01-11 17:41:36 - [MESSAGE][WARNING] - Timeout '0' is invalid. Using default page load timeout: '5'

2019-01-11 17:41:37 - [MESSAGE][PASSED] - Element 'Object Repository/CommonScreenElements/Validate_CameraScreen' is exist

2019-01-11 17:41:37 - [TEST_STEP][PASSED] - tap(findTestObject("CommonScreenElements/TakePictureButton", ["package":PACKAGENAME]), 0): Tapped on element 'Object Repository/CommonScreenElements/TakePictureButton'

2019-01-11 17:41:37 - [MESSAGE][WARNING] - Timeout '0' is invalid. Using default page load timeout: '5'

2019-01-11 17:41:41 - [MESSAGE][PASSED] - Tapped on element 'Object Repository/CommonScreenElements/TakePictureButton'

2019-01-11 17:41:41 - [TEST_STEP][PASSED] - delay(5, STOP_ON_FAILURE): Delayed 5 second(s)

2019-01-11 17:41:46 - [MESSAGE][PASSED] - Delayed 5 second(s)

2019-01-11 17:41:46 - [TEST_STEP][PASSED] - tap(findTestObject("CommonScreenElements/DoneButton", ["package":PACKAGENAME]), 0): Tapped on element 'Object Repository/CommonScreenElements/DoneButton'

2019-01-11 17:41:46 - [MESSAGE][WARNING] - Timeout '0' is invalid. Using default page load timeout: '5'

2019-01-11 17:41:47 - [MESSAGE][PASSED] - Tapped on element 'Object Repository/CommonScreenElements/DoneButton'

2019-01-11 17:41:47 - [TEST_STEP][PASSED] - verifyElementExist(findTestObject("ShopOpen/RemainingMainCategories/SecondaryDisplay/Available/Validate_AvailableRemarksScreen", ["package":PACKAGENAME]), 0): Element 'Object Repository/ShopOpen/RemainingMainCategories/SecondaryDisplay/Available/Validate_AvailableRemarksScreen' is exist

2019-01-11 17:41:47 - [MESSAGE][WARNING] - Timeout '0' is invalid. Using default page load timeout: '5'

2019-01-11 17:41:49 - [MESSAGE][PASSED] - Element 'Object Repository/ShopOpen/RemainingMainCategories/SecondaryDisplay/Available/Validate_AvailableRemarksScreen' is exist

2019-01-11 17:41:49 - [TEST_STEP][PASSED] - com.ct.qa.keywords.SecondaryDisplayKeywords.selectSecondaryDisplay_AvailableRemark("Display Unit Need Maintenance", 1): com.ct.qa.keywords.SecondaryDisplayKeywords.selectSecondaryDisplay_AvailableRemark is PASSED

2019-01-11 17:41:50 - [MESSAGE][WARNING] - Timeout '0' is invalid. Using default page load timeout: '5'

2019-01-11 17:41:53 - [MESSAGE][PASSED] - Element 'Object Repository/ShopOpen/RemainingMainCategories/SecondaryDisplay/Available/Validate_SecondaryDisplay_available_remarksScreen' is exist

2019-01-11 17:41:53 - [MESSAGE][PASSED] - com.ct.qa.keywords.SecondaryDisplayKeywords.selectSecondaryDisplay_AvailableRemark is PASSED

2019-01-11 17:41:53 - [TEST_STEP][PASSED] - tap(findTestObject("ShopOpen/RemainingMainCategories/SecondaryDisplay/Available/DUNM_CategoryRemarks_BackButton", ["package":PACKAGENAME]), 0): Tapped on element 'Object Repository/ShopOpen/RemainingMainCategories/SecondaryDisplay/Available/DUNM_CategoryRemarks_BackButton'

2019-01-11 17:41:53 - [MESSAGE][WARNING] - Timeout '0' is invalid. Using default page load timeout: '5'

2019-01-11 17:41:54 - [MESSAGE][PASSED] - Tapped on element 'Object Repository/ShopOpen/RemainingMainCategories/SecondaryDisplay/Available/DUNM_CategoryRemarks_BackButton'

2019-01-11 17:41:54 - [TEST_STEP][PASSED] - verifyElementExist(findTestObject("ShopOpen/RemainingMainCategories/SecondaryDisplay/Available/Validate_AvailableRemarksScreen", ["package":PACKAGENAME]), 0): Element 'Object Repository/ShopOpen/RemainingMainCategories/SecondaryDisplay/Available/Validate_AvailableRemarksScreen' is exist

2019-01-11 17:41:54 - [MESSAGE][WARNING] - Timeout '0' is invalid. Using default page load timeout: '5'

2019-01-11 17:41:56 - [MESSAGE][PASSED] - Element 'Object Repository/ShopOpen/RemainingMainCategories/SecondaryDisplay/Available/Validate_AvailableRemarksScreen' is exist

2019-01-11 17:41:56 - [TEST_STEP][PASSED] - tap(findTestObject("ShopOpen/RemainingMainCategories/SecondaryDisplay/Available/AvailableRemarks_BackButton", ["package":PACKAGENAME]), 0): Tapped on element 'Object Repository/ShopOpen/RemainingMainCategories/SecondaryDisplay/Available/AvailableRemarks_BackButton'

2019-01-11 17:41:56 - [MESSAGE][WARNING] - Timeout '0' is invalid. Using default page load timeout: '5'

2019-01-11 17:41:56 - [MESSAGE][PASSED] - Tapped on element 'Object Repository/ShopOpen/RemainingMainCategories/SecondaryDisplay/Available/AvailableRemarks_BackButton'

2019-01-11 17:41:56 - [TEST_STEP][PASSED] - verifyElementText(findTestObject("ShopOpen/RemainingMainCategories/SecondaryDisplay/Available/Validate_UtilizationPopUpScreen", ["package":PACKAGENAME]), "Utilization"): Actual text and expected text of test object 'Object Repository/ShopOpen/RemainingMainCategories/SecondaryDisplay/Available/Validate_UtilizationPopUpScreen' are matched.

2019-01-11 17:41:57 - [MESSAGE][PASSED] - Actual text and expected text of test object 'Object Repository/ShopOpen/RemainingMainCategories/SecondaryDisplay/Available/Validate_UtilizationPopUpScreen' are matched.

2019-01-11 17:41:57 - [TEST_STEP][PASSED] - com.ct.qa.keywords.SecondaryDisplayKeywords.enterUtilizationForSecondaryDisplay(1): com.ct.qa.keywords.SecondaryDisplayKeywords.enterUtilizationForSecondaryDisplay is PASSED

2019-01-11 17:42:02 - [MESSAGE][PASSED] - com.ct.qa.keywords.SecondaryDisplayKeywords.enterUtilizationForSecondaryDisplay is PASSED

2019-01-11 17:42:02 - [TEST_STEP][PASSED] - hideKeyboard(): Keyboard is hidden

2019-01-11 17:42:03 - [MESSAGE][PASSED] - Keyboard is hidden

2019-01-11 17:42:03 - [TEST_STEP][PASSED] - tap(findTestObject("ShopOpen/RemainingMainCategories/SecondaryDisplay/Available/Utilization_SubmitButton", ["package":PACKAGENAME]), 0, STOP_ON_FAILURE): Tapped on element 'Object Repository/ShopOpen/RemainingMainCategories/SecondaryDisplay/Available/Utilization_SubmitButton'

2019-01-11 17:42:03 - [MESSAGE][WARNING] - Timeout '0' is invalid. Using default page load timeout: '5'

2019-01-11 17:42:04 - [MESSAGE][PASSED] - Tapped on element 'Object Repository/ShopOpen/RemainingMainCategories/SecondaryDisplay/Available/Utilization_SubmitButton'

2019-01-11 17:42:04 - [TEST_STEP][PASSED] - verifyElementExist(findTestObject("ShopOpen/RemainingMainCategories/SecondaryDisplay/Available/Validate_UnitsListScreen", ["package":PACKAGENAME]), 0): Element 'Object Repository/ShopOpen/RemainingMainCategories/SecondaryDisplay/Available/Validate_UnitsListScreen' is exist

2019-01-11 17:42:04 - [MESSAGE][WARNING] - Timeout '0' is invalid. Using default page load timeout: '5'

2019-01-11 17:42:05 - [MESSAGE][PASSED] - Element 'Object Repository/ShopOpen/RemainingMainCategories/SecondaryDisplay/Available/Validate_UnitsListScreen' is exist

2019-01-11 17:42:05 - [MESSAGE][PASSED] - Call Test Case 'Test Cases/ShopOpen/RemainingMainCategories/SecondaryDisplay/Available/VisitAvailableWith_DisplayUnitNeedMaintenance' successfully

2019-01-11 17:42:05 - [TEST_CASE][PASSED] - Test Cases/ShopOpen/RemainingMainCategories/SecondaryDisplay/Available/VisitAvailableWith_SKDNA: Test Cases/ShopOpen/RemainingMainCategories/SecondaryDisplay/Available/VisitAvailableWith_SKDNA

2019-01-11 17:42:05 - [TEST_STEP][PASSED] - verifyElementExist(findTestObject("CommonScreenElements/Validate_CameraScreen", ["package":PACKAGENAME]), 0): Element 'Object Repository/CommonScreenElements/Validate_CameraScreen' is exist

2019-01-11 17:42:05 - [MESSAGE][WARNING] - Timeout '0' is invalid. Using default page load timeout: '5'

2019-01-11 17:42:08 - [MESSAGE][PASSED] - Element 'Object Repository/CommonScreenElements/Validate_CameraScreen' is exist

2019-01-11 17:42:08 - [TEST_STEP][PASSED] - tap(findTestObject("CommonScreenElements/TakePictureButton", ["package":PACKAGENAME]), 0): Tapped on element 'Object Repository/CommonScreenElements/TakePictureButton'

2019-01-11 17:42:08 - [MESSAGE][WARNING] - Timeout '0' is invalid. Using default page load timeout: '5'

2019-01-11 17:42:11 - [MESSAGE][PASSED] - Tapped on element 'Object Repository/CommonScreenElements/TakePictureButton'

2019-01-11 17:42:11 - [TEST_STEP][PASSED] - delay(5, STOP_ON_FAILURE): Delayed 5 second(s)

2019-01-11 17:42:16 - [MESSAGE][PASSED] - Delayed 5 second(s)

2019-01-11 17:42:16 - [TEST_STEP][PASSED] - tap(findTestObject("CommonScreenElements/DoneButton", ["package":PACKAGENAME]), 0): Tapped on element 'Object Repository/CommonScreenElements/DoneButton'

2019-01-11 17:42:16 - [MESSAGE][WARNING] - Timeout '0' is invalid. Using default page load timeout: '5'

2019-01-11 17:42:17 - [MESSAGE][PASSED] - Tapped on element 'Object Repository/CommonScreenElements/DoneButton'

2019-01-11 17:42:17 - [TEST_STEP][PASSED] - verifyElementExist(findTestObject("ShopOpen/RemainingMainCategories/SecondaryDisplay/Available/Validate_AvailableRemarksScreen", ["package":PACKAGENAME]), 0): Element 'Object Repository/ShopOpen/RemainingMainCategories/SecondaryDisplay/Available/Validate_AvailableRemarksScreen' is exist

2019-01-11 17:42:17 - [MESSAGE][WARNING] - Timeout '0' is invalid. Using default page load timeout: '5'

2019-01-11 17:42:19 - [MESSAGE][PASSED] - Element 'Object Repository/ShopOpen/RemainingMainCategories/SecondaryDisplay/Available/Validate_AvailableRemarksScreen' is exist

2019-01-11 17:42:19 - [TEST_STEP][PASSED] - com.ct.qa.keywords.SecondaryDisplayKeywords.selectSecondaryDisplay_AvailableRemark("Shopkeeper did not allow", 1): com.ct.qa.keywords.SecondaryDisplayKeywords.selectSecondaryDisplay_AvailableRemark is PASSED

2019-01-11 17:42:21 - [MESSAGE][WARNING] - Timeout '0' is invalid. Using default page load timeout: '5'

2019-01-11 17:42:23 - [MESSAGE][PASSED] - Element 'Object Repository/ShopOpen/RemainingMainCategories/SecondaryDisplay/Available/Validate_SecondaryDisplay_available_remarksScreen' is exist

2019-01-11 17:42:23 - [MESSAGE][PASSED] - com.ct.qa.keywords.SecondaryDisplayKeywords.selectSecondaryDisplay_AvailableRemark is PASSED

2019-01-11 17:42:23 - [TEST_STEP][PASSED] - tap(findTestObject("ShopOpen/RemainingMainCategories/SecondaryDisplay/Available/SKDNA_CategoryRemark_BackButton", ["package":PACKAGENAME]), 0): Tapped on element 'Object Repository/ShopOpen/RemainingMainCategories/SecondaryDisplay/Available/SKDNA_CategoryRemark_BackButton'

2019-01-11 17:42:23 - [MESSAGE][WARNING] - Timeout '0' is invalid. Using default page load timeout: '5'

2019-01-11 17:42:24 - [MESSAGE][PASSED] - Tapped on element 'Object Repository/ShopOpen/RemainingMainCategories/SecondaryDisplay/Available/SKDNA_CategoryRemark_BackButton'

2019-01-11 17:42:24 - [TEST_STEP][PASSED] - verifyElementExist(findTestObject("ShopOpen/RemainingMainCategories/SecondaryDisplay/Available/Validate_AvailableRemarksScreen", ["package":PACKAGENAME]), 0): Element 'Object Repository/ShopOpen/RemainingMainCategories/SecondaryDisplay/Available/Validate_AvailableRemarksScreen' is exist

2019-01-11 17:42:24 - [MESSAGE][WARNING] - Timeout '0' is invalid. Using default page load timeout: '5'

2019-01-11 17:42:25 - [MESSAGE][PASSED] - Element 'Object Repository/ShopOpen/RemainingMainCategories/SecondaryDisplay/Available/Validate_AvailableRemarksScreen' is exist

2019-01-11 17:42:25 - [TEST_STEP][PASSED] - tap(findTestObject("ShopOpen/RemainingMainCategories/SecondaryDisplay/Available/AvailableRemarks_BackButton", ["package":PACKAGENAME]), 0): Tapped on element 'Object Repository/ShopOpen/RemainingMainCategories/SecondaryDisplay/Available/AvailableRemarks_BackButton'

2019-01-11 17:42:25 - [MESSAGE][WARNING] - Timeout '0' is invalid. Using default page load timeout: '5'

2019-01-11 17:42:26 - [MESSAGE][PASSED] - Tapped on element 'Object Repository/ShopOpen/RemainingMainCategories/SecondaryDisplay/Available/AvailableRemarks_BackButton'

2019-01-11 17:42:26 - [TEST_STEP][PASSED] - verifyElementText(findTestObject("ShopOpen/RemainingMainCategories/SecondaryDisplay/Available/Validate_UtilizationPopUpScreen", ["package":PACKAGENAME]), "Utilization"): Actual text and expected text of test object 'Object Repository/ShopOpen/RemainingMainCategories/SecondaryDisplay/Available/Validate_UtilizationPopUpScreen' are matched.

2019-01-11 17:42:27 - [MESSAGE][PASSED] - Actual text and expected text of test object 'Object Repository/ShopOpen/RemainingMainCategories/SecondaryDisplay/Available/Validate_UtilizationPopUpScreen' are matched.

2019-01-11 17:42:27 - [TEST_STEP][PASSED] - com.ct.qa.keywords.SecondaryDisplayKeywords.enterUtilizationForSecondaryDisplay(1): com.ct.qa.keywords.SecondaryDisplayKeywords.enterUtilizationForSecondaryDisplay is PASSED

2019-01-11 17:42:32 - [MESSAGE][PASSED] - com.ct.qa.keywords.SecondaryDisplayKeywords.enterUtilizationForSecondaryDisplay is PASSED

2019-01-11 17:42:32 - [TEST_STEP][PASSED] - hideKeyboard(): Keyboard is hidden

2019-01-11 17:42:33 - [MESSAGE][PASSED] - Keyboard is hidden

2019-01-11 17:42:33 - [TEST_STEP][PASSED] - tap(findTestObject("ShopOpen/RemainingMainCategories/SecondaryDisplay/Available/Utilization_SubmitButton", ["package":PACKAGENAME]), 0, STOP_ON_FAILURE): Tapped on element 'Object Repository/ShopOpen/RemainingMainCategories/SecondaryDisplay/Available/Utilization_SubmitButton'

2019-01-11 17:42:33 - [MESSAGE][WARNING] - Timeout '0' is invalid. Using default page load timeout: '5'

2019-01-11 17:42:34 - [MESSAGE][PASSED] - Tapped on element 'Object Repository/ShopOpen/RemainingMainCategories/SecondaryDisplay/Available/Utilization_SubmitButton'

2019-01-11 17:42:34 - [TEST_STEP][PASSED] - verifyElementExist(findTestObject("ShopOpen/RemainingMainCategories/SecondaryDisplay/Available/Validate_UnitsListScreen", ["package":PACKAGENAME]), 0): Element 'Object Repository/ShopOpen/RemainingMainCategories/SecondaryDisplay/Available/Validate_UnitsListScreen' is exist

2019-01-11 17:42:34 - [MESSAGE][WARNING] - Timeout '0' is invalid. Using default page load timeout: '5'

2019-01-11 17:42:34 - [MESSAGE][PASSED] - Element 'Object Repository/ShopOpen/RemainingMainCategories/SecondaryDisplay/Available/Validate_UnitsListScreen' is exist

2019-01-11 17:42:34 - [MESSAGE][PASSED] - Call Test Case 'Test Cases/ShopOpen/RemainingMainCategories/SecondaryDisplay/Available/VisitAvailableWith_SKDNA' successfully

2019-01-11 17:42:37 - [TEST_CASE][PASSED] - Test Cases/ShopOpen/RemainingMainCategories/SecondaryDisplay/Available/VisitAvailableWith_SKDNA: Test Cases/ShopOpen/RemainingMainCategories/SecondaryDisplay/Available/VisitAvailableWith_SKDNA

2019-01-11 17:42:37 - [TEST_STEP][PASSED] - verifyElementExist(findTestObject("CommonScreenElements/Validate_CameraScreen", ["package":PACKAGENAME]), 0): Element 'Object Repository/CommonScreenElements/Validate_CameraScreen' is exist

2019-01-11 17:42:37 - [MESSAGE][WARNING] - Timeout '0' is invalid. Using default page load timeout: '5'

2019-01-11 17:42:38 - [MESSAGE][PASSED] - Element 'Object Repository/CommonScreenElements/Validate_CameraScreen' is exist

2019-01-11 17:42:38 - [TEST_STEP][PASSED] - tap(findTestObject("CommonScreenElements/TakePictureButton", ["package":PACKAGENAME]), 0): Tapped on element 'Object Repository/CommonScreenElements/TakePictureButton'

2019-01-11 17:42:38 - [MESSAGE][WARNING] - Timeout '0' is invalid. Using default page load timeout: '5'

2019-01-11 17:42:41 - [MESSAGE][PASSED] - Tapped on element 'Object Repository/CommonScreenElements/TakePictureButton'

2019-01-11 17:42:41 - [TEST_STEP][PASSED] - delay(5, STOP_ON_FAILURE): Delayed 5 second(s)

2019-01-11 17:42:46 - [MESSAGE][PASSED] - Delayed 5 second(s)

2019-01-11 17:42:46 - [TEST_STEP][PASSED] - tap(findTestObject("CommonScreenElements/DoneButton", ["package":PACKAGENAME]), 0): Tapped on element 'Object Repository/CommonScreenElements/DoneButton'

2019-01-11 17:42:46 - [MESSAGE][WARNING] - Timeout '0' is invalid. Using default page load timeout: '5'

2019-01-11 17:42:47 - [MESSAGE][PASSED] - Tapped on element 'Object Repository/CommonScreenElements/DoneButton'

2019-01-11 17:42:47 - [TEST_STEP][PASSED] - verifyElementExist(findTestObject("ShopOpen/RemainingMainCategories/SecondaryDisplay/Available/Validate_AvailableRemarksScreen", ["package":PACKAGENAME]), 0): Element 'Object Repository/ShopOpen/RemainingMainCategories/SecondaryDisplay/Available/Validate_AvailableRemarksScreen' is exist

2019-01-11 17:42:47 - [MESSAGE][WARNING] - Timeout '0' is invalid. Using default page load timeout: '5'

2019-01-11 17:42:49 - [MESSAGE][PASSED] - Element 'Object Repository/ShopOpen/RemainingMainCategories/SecondaryDisplay/Available/Validate_AvailableRemarksScreen' is exist

2019-01-11 17:42:49 - [TEST_STEP][PASSED] - com.ct.qa.keywords.SecondaryDisplayKeywords.selectSecondaryDisplay_AvailableRemark("Shopkeeper did not allow", 1): com.ct.qa.keywords.SecondaryDisplayKeywords.selectSecondaryDisplay_AvailableRemark is PASSED

2019-01-11 17:42:51 - [MESSAGE][WARNING] - Timeout '0' is invalid. Using default page load timeout: '5'

2019-01-11 17:42:53 - [MESSAGE][PASSED] - Element 'Object Repository/ShopOpen/RemainingMainCategories/SecondaryDisplay/Available/Validate_SecondaryDisplay_available_remarksScreen' is exist

2019-01-11 17:42:53 - [MESSAGE][PASSED] - com.ct.qa.keywords.SecondaryDisplayKeywords.selectSecondaryDisplay_AvailableRemark is PASSED

2019-01-11 17:42:53 - [TEST_STEP][PASSED] - tap(findTestObject("ShopOpen/RemainingMainCategories/SecondaryDisplay/Available/SKDNA_CategoryRemark_BackButton", ["package":PACKAGENAME]), 0): Tapped on element 'Object Repository/ShopOpen/RemainingMainCategories/SecondaryDisplay/Available/SKDNA_CategoryRemark_BackButton'

2019-01-11 17:42:53 - [MESSAGE][WARNING] - Timeout '0' is invalid. Using default page load timeout: '5'

2019-01-11 17:42:55 - [MESSAGE][PASSED] - Tapped on element 'Object Repository/ShopOpen/RemainingMainCategories/SecondaryDisplay/Available/SKDNA_CategoryRemark_BackButton'

2019-01-11 17:42:55 - [TEST_STEP][PASSED] - verifyElementExist(findTestObject("ShopOpen/RemainingMainCategories/SecondaryDisplay/Available/Validate_AvailableRemarksScreen", ["package":PACKAGENAME]), 0): Element 'Object Repository/ShopOpen/RemainingMainCategories/SecondaryDisplay/Available/Validate_AvailableRemarksScreen' is exist

2019-01-11 17:42:55 - [MESSAGE][WARNING] - Timeout '0' is invalid. Using default page load timeout: '5'

2019-01-11 17:42:55 - [MESSAGE][PASSED] - Element 'Object Repository/ShopOpen/RemainingMainCategories/SecondaryDisplay/Available/Validate_AvailableRemarksScreen' is exist

2019-01-11 17:42:55 - [TEST_STEP][PASSED] - tap(findTestObject("ShopOpen/RemainingMainCategories/SecondaryDisplay/Available/AvailableRemarks_BackButton", ["package":PACKAGENAME]), 0): Tapped on element 'Object Repository/ShopOpen/RemainingMainCategories/SecondaryDisplay/Available/AvailableRemarks_BackButton'

2019-01-11 17:42:55 - [MESSAGE][WARNING] - Timeout '0' is invalid. Using default page load timeout: '5'

2019-01-11 17:42:56 - [MESSAGE][PASSED] - Tapped on element 'Object Repository/ShopOpen/RemainingMainCategories/SecondaryDisplay/Available/AvailableRemarks_BackButton'

2019-01-11 17:42:56 - [TEST_STEP][PASSED] - verifyElementText(findTestObject("ShopOpen/RemainingMainCategories/SecondaryDisplay/Available/Validate_UtilizationPopUpScreen", ["package":PACKAGENAME]), "Utilization"): Actual text and expected text of test object 'Object Repository/ShopOpen/RemainingMainCategories/SecondaryDisplay/Available/Validate_UtilizationPopUpScreen' are matched.

2019-01-11 17:42:57 - [MESSAGE][PASSED] - Actual text and expected text of test object 'Object Repository/ShopOpen/RemainingMainCategories/SecondaryDisplay/Available/Validate_UtilizationPopUpScreen' are matched.

2019-01-11 17:42:57 - [TEST_STEP][PASSED] - com.ct.qa.keywords.SecondaryDisplayKeywords.enterUtilizationForSecondaryDisplay(1): com.ct.qa.keywords.SecondaryDisplayKeywords.enterUtilizationForSecondaryDisplay is PASSED

2019-01-11 17:43:02 - [MESSAGE][PASSED] - com.ct.qa.keywords.SecondaryDisplayKeywords.enterUtilizationForSecondaryDisplay is PASSED

2019-01-11 17:43:02 - [TEST_STEP][PASSED] - hideKeyboard(): Keyboard is hidden

2019-01-11 17:43:03 - [MESSAGE][PASSED] - Keyboard is hidden

2019-01-11 17:43:03 - [TEST_STEP][PASSED] - tap(findTestObject("ShopOpen/RemainingMainCategories/SecondaryDisplay/Available/Utilization_SubmitButton", ["package":PACKAGENAME]), 0, STOP_ON_FAILURE): Tapped on element 'Object Repository/ShopOpen/RemainingMainCategories/SecondaryDisplay/Available/Utilization_SubmitButton'

2019-01-11 17:43:03 - [MESSAGE][WARNING] - Timeout '0' is invalid. Using default page load timeout: '5'

2019-01-11 17:43:04 - [MESSAGE][PASSED] - Tapped on element 'Object Repository/ShopOpen/RemainingMainCategories/SecondaryDisplay/Available/Utilization_SubmitButton'

2019-01-11 17:43:04 - [TEST_STEP][PASSED] - verifyElementExist(findTestObject("ShopOpen/RemainingMainCategories/SecondaryDisplay/Available/Validate_UnitsListScreen", ["package":PACKAGENAME]), 0): Element 'Object Repository/ShopOpen/RemainingMainCategories/SecondaryDisplay/Available/Validate_UnitsListScreen' is exist

2019-01-11 17:43:04 - [MESSAGE][WARNING] - Timeout '0' is invalid. Using default page load timeout: '5'

2019-01-11 17:43:05 - [MESSAGE][PASSED] - Element 'Object Repository/ShopOpen/RemainingMainCategories/SecondaryDisplay/Available/Validate_UnitsListScreen' is exist

2019-01-11 17:43:05 - [MESSAGE][PASSED] - Call Test Case 'Test Cases/ShopOpen/RemainingMainCategories/SecondaryDisplay/Available/VisitAvailableWith_SKDNA' successfully

2019-01-11 17:43:05 - [TEST_CASE][PASSED] - Test Cases/ShopOpen/RemainingMainCategories/SecondaryDisplay/Available/VisitAvailable_WithDisplayUnitIsInPerfectCondition: Test Cases/ShopOpen/RemainingMainCategories/SecondaryDisplay/Available/VisitAvailable_WithDisplayUnitIsInPerfectCondition

2019-01-11 17:43:05 - [TEST_STEP][PASSED] - verifyElementExist(findTestObject("CommonScreenElements/Validate_CameraScreen", ["package":PACKAGENAME]), 0): Element 'Object Repository/CommonScreenElements/Validate_CameraScreen' is exist

2019-01-11 17:43:05 - [MESSAGE][WARNING] - Timeout '0' is invalid. Using default page load timeout: '5'

2019-01-11 17:43:07 - [MESSAGE][PASSED] - Element 'Object Repository/CommonScreenElements/Validate_CameraScreen' is exist

2019-01-11 17:43:07 - [TEST_STEP][PASSED] - tap(findTestObject("CommonScreenElements/TakePictureButton", ["package":PACKAGENAME]), 0): Tapped on element 'Object Repository/CommonScreenElements/TakePictureButton'

2019-01-11 17:43:07 - [MESSAGE][WARNING] - Timeout '0' is invalid. Using default page load timeout: '5'

2019-01-11 17:43:11 - [MESSAGE][PASSED] - Tapped on element 'Object Repository/CommonScreenElements/TakePictureButton'

2019-01-11 17:43:11 - [TEST_STEP][PASSED] - delay(5, STOP_ON_FAILURE): Delayed 5 second(s)

2019-01-11 17:43:16 - [MESSAGE][PASSED] - Delayed 5 second(s)

2019-01-11 17:43:16 - [TEST_STEP][PASSED] - tap(findTestObject("CommonScreenElements/DoneButton", ["package":PACKAGENAME]), 0): Tapped on element 'Object Repository/CommonScreenElements/DoneButton'

2019-01-11 17:43:16 - [MESSAGE][WARNING] - Timeout '0' is invalid. Using default page load timeout: '5'

2019-01-11 17:43:16 - [MESSAGE][PASSED] - Tapped on element 'Object Repository/CommonScreenElements/DoneButton'

2019-01-11 17:43:16 - [TEST_STEP][PASSED] - verifyElementExist(findTestObject("ShopOpen/RemainingMainCategories/SecondaryDisplay/Available/Validate_AvailableRemarksScreen", ["package":PACKAGENAME]), 0): Element 'Object Repository/ShopOpen/RemainingMainCategories/SecondaryDisplay/Available/Validate_AvailableRemarksScreen' is exist

2019-01-11 17:43:16 - [MESSAGE][WARNING] - Timeout '0' is invalid. Using default page load timeout: '5'

2019-01-11 17:43:19 - [MESSAGE][PASSED] - Element 'Object Repository/ShopOpen/RemainingMainCategories/SecondaryDisplay/Available/Validate_AvailableRemarksScreen' is exist

2019-01-11 17:43:19 - [TEST_STEP][PASSED] - com.ct.qa.keywords.SecondaryDisplayKeywords.selectSecondaryDisplay_AvailableRemark("Display Unit is in perfect condition", 0): com.ct.qa.keywords.SecondaryDisplayKeywords.selectSecondaryDisplay_AvailableRemark is PASSED

2019-01-11 17:43:20 - [MESSAGE][PASSED] - com.ct.qa.keywords.SecondaryDisplayKeywords.selectSecondaryDisplay_AvailableRemark is PASSED

2019-01-11 17:43:20 - [TEST_STEP][PASSED] - verifyElementText(findTestObject("ShopOpen/RemainingMainCategories/SecondaryDisplay/Available/Validate_UtilizationPopUpScreen", ["package":PACKAGENAME]), "Utilization"): Actual text and expected text of test object 'Object Repository/ShopOpen/RemainingMainCategories/SecondaryDisplay/Available/Validate_UtilizationPopUpScreen' are matched.

2019-01-11 17:43:22 - [MESSAGE][PASSED] - Actual text and expected text of test object 'Object Repository/ShopOpen/RemainingMainCategories/SecondaryDisplay/Available/Validate_UtilizationPopUpScreen' are matched.

2019-01-11 17:43:22 - [TEST_STEP][PASSED] - com.ct.qa.keywords.SecondaryDisplayKeywords.enterUtilizationForSecondaryDisplay(1): com.ct.qa.keywords.SecondaryDisplayKeywords.enterUtilizationForSecondaryDisplay is PASSED

2019-01-11 17:43:26 - [MESSAGE][PASSED] - com.ct.qa.keywords.SecondaryDisplayKeywords.enterUtilizationForSecondaryDisplay is PASSED

2019-01-11 17:43:26 - [TEST_STEP][PASSED] - hideKeyboard(): Keyboard is hidden

2019-01-11 17:43:27 - [MESSAGE][PASSED] - Keyboard is hidden

2019-01-11 17:43:27 - [TEST_STEP][PASSED] - tap(findTestObject("ShopOpen/RemainingMainCategories/SecondaryDisplay/Available/Utilization_SubmitButton", ["package":PACKAGENAME]), 0, STOP_ON_FAILURE): Tapped on element 'Object Repository/ShopOpen/RemainingMainCategories/SecondaryDisplay/Available/Utilization_SubmitButton'

2019-01-11 17:43:27 - [MESSAGE][WARNING] - Timeout '0' is invalid. Using default page load timeout: '5'

2019-01-11 17:43:28 - [MESSAGE][PASSED] - Tapped on element 'Object Repository/ShopOpen/RemainingMainCategories/SecondaryDisplay/Available/Utilization_SubmitButton'

2019-01-11 17:43:28 - [TEST_STEP][PASSED] - verifyElementExist(findTestObject("ShopOpen/RemainingMainCategories/SecondaryDisplay/Available/Validate_UnitsListScreen", ["package":PACKAGENAME]), 0): Element 'Object Repository/ShopOpen/RemainingMainCategories/SecondaryDisplay/Available/Validate_UnitsListScreen' is exist

2019-01-11 17:43:28 - [MESSAGE][WARNING] - Timeout '0' is invalid. Using default page load timeout: '5'

2019-01-11 17:43:29 - [MESSAGE][PASSED] - Element 'Object Repository/ShopOpen/RemainingMainCategories/SecondaryDisplay/Available/Validate_UnitsListScreen' is exist

2019-01-11 17:43:29 - [MESSAGE][PASSED] - Call Test Case 'Test Cases/ShopOpen/RemainingMainCategories/SecondaryDisplay/Available/VisitAvailable_WithDisplayUnitIsInPerfectCondition' successfully

2019-01-11 17:43:29 - [MESSAGE][PASSED] - com.ct.qa.keywords.SecondaryDisplayKeywords.visitSecondaryDisplayUnitsList is PASSED

2019-01-11 17:43:29 - [TEST_STEP][PASSED] - tap(findTestObject("ShopOpen/RemainingMainCategories/SecondaryDisplay/Available/UnitsList_BackButton"), 0): Tapped on element 'Object Repository/ShopOpen/RemainingMainCategories/SecondaryDisplay/Available/UnitsList_BackButton'

2019-01-11 17:43:29 - [MESSAGE][WARNING] - Timeout '0' is invalid. Using default page load timeout: '5'

2019-01-11 17:43:29 - [MESSAGE][PASSED] - Tapped on element 'Object Repository/ShopOpen/RemainingMainCategories/SecondaryDisplay/Available/UnitsList_BackButton'

2019-01-11 17:43:29 - [TEST_STEP][PASSED] - verifyElementExist(findTestObject("ShopOpen/RemainingMainCategories/Validate_MainCategoryDetailActionScreen", ["package":PACKAGENAME]), 0): Element 'Object Repository/ShopOpen/RemainingMainCategories/Validate_MainCategoryDetailActionScreen' is exist

2019-01-11 17:43:29 - [MESSAGE][WARNING] - Timeout '0' is invalid. Using default page load timeout: '5'

2019-01-11 17:43:30 - [MESSAGE][PASSED] - Element 'Object Repository/ShopOpen/RemainingMainCategories/Validate_MainCategoryDetailActionScreen' is exist

2019-01-11 17:43:30 - [MESSAGE][PASSED] - Call Test Case 'Test Cases/ShopOpen/RemainingMainCategories/SecondaryDisplay/Available/VisitSecondaryDisplayAvailable' successfully

2019-01-11 17:43:30 - [MESSAGE][PASSED] - com.ct.qa.keywords.SecondaryDisplayKeywords.selectSecondaryDisplayRemark_WithDataVerification is PASSED

2019-01-11 17:43:30 - [MESSAGE][PASSED] - Call Test Case 'Test Cases/ShopOpen/RemainingMainCategories/SecondaryDisplay/SecondaryDisplay_VisitingScenarios/VisitSecondaryDisplayWith_DataVerification' successfully

2019-01-11 17:43:30 - [MESSAGE][PASSED] - com.ct.qa.keywords.RemainingMainCategoryRemarksVisitingScenariosKeywords.visitRemarksWith_DataVerification is PASSED

2019-01-11 17:43:30 - [TEST_STEP][PASSED] - tap(findTestObject("ShopOpen/RemainingMainCategories/BackButton", ["package":PACKAGENAME]), 0): Tapped on element 'Object Repository/ShopOpen/RemainingMainCategories/BackButton'

2019-01-11 17:43:30 - [MESSAGE][WARNING] - Timeout '0' is invalid. Using default page load timeout: '5'

2019-01-11 17:43:32 - [MESSAGE][PASSED] - Tapped on element 'Object Repository/ShopOpen/RemainingMainCategories/BackButton'

2019-01-11 17:43:32 - [TEST_STEP][PASSED] - verifyElementExist(findTestObject("ShopOpen/Validate_ShopCategoriesListScreen", ["package":PACKAGENAME]), 0): Element 'Object Repository/ShopOpen/Validate_ShopCategoriesListScreen' is exist

2019-01-11 17:43:32 - [MESSAGE][WARNING] - Timeout '0' is invalid. Using default page load timeout: '5'

2019-01-11 17:43:32 - [MESSAGE][PASSED] - Element 'Object Repository/ShopOpen/Validate_ShopCategoriesListScreen' is exist

2019-01-11 17:43:32 - [MESSAGE][PASSED] - Call Test Case 'Test Cases/ShopOpen/RemainingMainCategories/MainCategoryRemarksVisitingScenarios/VisitRemarksWith_DataVerification' successfully

2019-01-11 17:43:33 - [TEST_CASE][PASSED] - Test Cases/ShopOpen/RemainingMainCategories/MainCategoryRemarksVisitingScenarios/VisitRemarksWith_DataVerification: Test Cases/ShopOpen/RemainingMainCategories/MainCategoryRemarksVisitingScenarios/VisitRemarksWith_DataVerification

2019-01-11 17:43:33 - [TEST_STEP][PASSED] - verifyElementExist(findTestObject("ShopOpen/RemainingMainCategories/Validate_MainCategoryDetailActionScreen", ["package":PACKAGENAME]), 0): Element 'Object Repository/ShopOpen/RemainingMainCategories/Validate_MainCategoryDetailActionScreen' is exist

2019-01-11 17:43:33 - [MESSAGE][WARNING] - Timeout '0' is invalid. Using default page load timeout: '5'

2019-01-11 17:43:35 - [MESSAGE][PASSED] - Element 'Object Repository/ShopOpen/RemainingMainCategories/Validate_MainCategoryDetailActionScreen' is exist

2019-01-11 17:43:35 - [TEST_STEP][PASSED] - com.ct.qa.keywords.RemainingMainCategoryRemarksVisitingScenariosKeywords.visitRemarksWith_DataVerification(): com.ct.qa.keywords.RemainingMainCategoryRemarksVisitingScenariosKeywords.visitRemarksWith_DataVerification is PASSED

2019-01-11 17:43:38 - [TEST_CASE][PASSED] - Test Cases/ShopOpen/RemainingMainCategories/Availability/VisitAvailability_WithYesRemark: Test Cases/ShopOpen/RemainingMainCategories/Availability/VisitAvailability_WithYesRemark

2019-01-11 17:43:38 - [TEST_STEP][PASSED] - verifyElementExist(findTestObject("ShopOpen/RemainingMainCategories/_Availability/Validate_SubCategoriesScreen", ["package":PACKAGENAME]), 0): Element 'Object Repository/ShopOpen/RemainingMainCategories/_Availability/Validate_SubCategoriesScreen' is exist

2019-01-11 17:43:38 - [MESSAGE][WARNING] - Timeout '0' is invalid. Using default page load timeout: '5'

2019-01-11 17:43:39 - [MESSAGE][PASSED] - Element 'Object Repository/ShopOpen/RemainingMainCategories/_Availability/Validate_SubCategoriesScreen' is exist

2019-01-11 17:43:39 - [TEST_STEP][PASSED] - com.ct.qa.keywords.AvailabilityKeywords.visitAvailabilitySubCategories(1): com.ct.qa.keywords.AvailabilityKeywords.visitAvailabilitySubCategories is PASSED

2019-01-11 17:43:41 - [TEST_CASE][PASSED] - Test Cases/ShopOpen/RemainingMainCategories/Availability/VisitSubCategories_WithYesRemarks: Test Cases/ShopOpen/RemainingMainCategories/Availability/VisitSubCategories_WithYesRemarks

2019-01-11 17:43:41 - [TEST_STEP][PASSED] - verifyElementText(findTestObject("ShopOpen/RemainingMainCategories/_Availability/Validate_SubCategoryDetailScreen", ["package":PACKAGENAME]), "Availability"): Actual text and expected text of test object 'Object Repository/ShopOpen/RemainingMainCategories/_Availability/Validate_SubCategoryDetailScreen' are matched.

2019-01-11 17:43:43 - [MESSAGE][PASSED] - Actual text and expected text of test object 'Object Repository/ShopOpen/RemainingMainCategories/_Availability/Validate_SubCategoryDetailScreen' are matched.

2019-01-11 17:43:43 - [TEST_STEP][PASSED] - tap(findTestObject("ShopOpen/RemainingMainCategories/_Availability/Availability", ["package":PACKAGENAME]), 0): Tapped on element 'Object Repository/ShopOpen/RemainingMainCategories/_Availability/Availability'

2019-01-11 17:43:43 - [MESSAGE][WARNING] - Timeout '0' is invalid. Using default page load timeout: '5'

2019-01-11 17:43:43 - [MESSAGE][PASSED] - Tapped on element 'Object Repository/ShopOpen/RemainingMainCategories/_Availability/Availability'

2019-01-11 17:43:43 - [TEST_STEP][PASSED] - verifyElementText(findTestObject("ShopOpen/RemainingMainCategories/_Availability/Validate_ProductAvailabilityScreen", ["package":PACKAGENAME]), "Availability"): Actual text and expected text of test object 'Object Repository/ShopOpen/RemainingMainCategories/_Availability/Validate_ProductAvailabilityScreen' are matched.

2019-01-11 17:43:46 - [MESSAGE][PASSED] - Actual text and expected text of test object 'Object Repository/ShopOpen/RemainingMainCategories/_Availability/Validate_ProductAvailabilityScreen' are matched.

2019-01-11 17:43:46 - [TEST_STEP][PASSED] - com.ct.qa.keywords.AvailabilityKeywords.visitProductsAvailabilityWithYesRemarks(): com.ct.qa.keywords.AvailabilityKeywords.visitProductsAvailabilityWithYesRemarks is PASSED

2019-01-11 17:44:00 - [MESSAGE][PASSED] - Swiped from 0,275 to 0,200

2019-01-11 17:44:04 - [MESSAGE][PASSED] - Swiped from 0,274 to 0,200

2019-01-11 17:44:08 - [MESSAGE][PASSED] - Swiped from 0,275 to 0,200

2019-01-11 17:44:11 - [MESSAGE][PASSED] - Swiped from 0,274 to 0,200

2019-01-11 17:44:14 - [MESSAGE][PASSED] - Swiped from 0,275 to 0,200

2019-01-11 17:44:17 - [MESSAGE][PASSED] - Swiped from 0,274 to 0,200

2019-01-11 17:44:20 - [MESSAGE][PASSED] - Swiped from 0,275 to 0,200

2019-01-11 17:44:23 - [MESSAGE][PASSED] - Swiped from 0,274 to 0,200

2019-01-11 17:44:26 - [MESSAGE][PASSED] - Swiped from 0,275 to 0,200

2019-01-11 17:44:30 - [MESSAGE][PASSED] - Swiped from 0,274 to 0,200

2019-01-11 17:44:33 - [MESSAGE][PASSED] - Swiped from 0,275 to 0,200

2019-01-11 17:44:37 - [MESSAGE][PASSED] - Swiped from 0,274 to 0,200

2019-01-11 17:44:37 - [MESSAGE][PASSED] - com.ct.qa.keywords.AvailabilityKeywords.visitProductsAvailabilityWithYesRemarks is PASSED

2019-01-11 17:44:37 - [TEST_STEP][PASSED] - tap(findTestObject("ShopOpen/RemainingMainCategories/_Availability/ProductAvailability_SubmitButton", ["package":PACKAGENAME]), 0): Tapped on element 'Object Repository/ShopOpen/RemainingMainCategories/_Availability/ProductAvailability_SubmitButton'

2019-01-11 17:44:37 - [MESSAGE][WARNING] - Timeout '0' is invalid. Using default page load timeout: '5'

2019-01-11 17:44:38 - [MESSAGE][PASSED] - Tapped on element 'Object Repository/ShopOpen/RemainingMainCategories/_Availability/ProductAvailability_SubmitButton'

2019-01-11 17:44:38 - [TEST_STEP][PASSED] - verifyElementText(findTestObject("ShopOpen/RemainingMainCategories/_Availability/Validate_SubCategoryDetailScreen", ["package":PACKAGENAME]), "Availability"): Actual text and expected text of test object 'Object Repository/ShopOpen/RemainingMainCategories/_Availability/Validate_SubCategoryDetailScreen' are matched.

2019-01-11 17:44:39 - [MESSAGE][PASSED] - Actual text and expected text of test object 'Object Repository/ShopOpen/RemainingMainCategories/_Availability/Validate_SubCategoryDetailScreen' are matched.

2019-01-11 17:44:39 - [TEST_STEP][PASSED] - pressBack(): Press back button successfully

2019-01-11 17:44:39 - [MESSAGE][PASSED] - Press back button successfully

2019-01-11 17:44:39 - [TEST_STEP][PASSED] - verifyElementExist(findTestObject("ShopOpen/RemainingMainCategories/_Availability/Validate_SubCategoriesScreen", ["package":PACKAGENAME]), 0): Element 'Object Repository/ShopOpen/RemainingMainCategories/_Availability/Validate_SubCategoriesScreen' is exist

2019-01-11 17:44:39 - [MESSAGE][WARNING] - Timeout '0' is invalid. Using default page load timeout: '5'

2019-01-11 17:44:40 - [MESSAGE][PASSED] - Element 'Object Repository/ShopOpen/RemainingMainCategories/_Availability/Validate_SubCategoriesScreen' is exist

2019-01-11 17:44:40 - [MESSAGE][PASSED] - Call Test Case 'Test Cases/ShopOpen/RemainingMainCategories/Availability/VisitSubCategories_WithYesRemarks' successfully

2019-01-11 17:44:40 - [MESSAGE][PASSED] - com.ct.qa.keywords.AvailabilityKeywords.visitAvailabilitySubCategories is PASSED

2019-01-11 17:44:40 - [TEST_STEP][PASSED] - pressBack(): Press back button successfully

2019-01-11 17:44:41 - [MESSAGE][PASSED] - Press back button successfully

2019-01-11 17:44:41 - [TEST_STEP][PASSED] - verifyElementExist(findTestObject("ShopOpen/RemainingMainCategories/Validate_MainCategoryDetailActionScreen", ["package":PACKAGENAME]), 0): Element 'Object Repository/ShopOpen/RemainingMainCategories/Validate_MainCategoryDetailActionScreen' is exist

2019-01-11 17:44:41 - [MESSAGE][WARNING] - Timeout '0' is invalid. Using default page load timeout: '5'

2019-01-11 17:44:42 - [MESSAGE][PASSED] - Element 'Object Repository/ShopOpen/RemainingMainCategories/Validate_MainCategoryDetailActionScreen' is exist

2019-01-11 17:44:42 - [MESSAGE][PASSED] - Call Test Case 'Test Cases/ShopOpen/RemainingMainCategories/Availability/VisitAvailability_WithYesRemark' successfully

2019-01-11 17:44:42 - [TEST_CASE][PASSED] - Test Cases/ShopOpen/RemainingMainCategories/PrimaryDisplay/VisitPrimaryDisplayWith_DataVerification: Test Cases/ShopOpen/RemainingMainCategories/PrimaryDisplay/VisitPrimaryDisplayWith_DataVerification

2019-01-11 17:44:42 - [TEST_STEP][PASSED] - verifyElementExist(findTestObject("ShopOpen/RemainingMainCategories/PrimaryDisplay/Validate_PrimaryDisplayRemarksScreen", ["package":PACKAGENAME]), 0): Element 'Object Repository/ShopOpen/RemainingMainCategories/PrimaryDisplay/Validate_PrimaryDisplayRemarksScreen' is exist

2019-01-11 17:44:42 - [MESSAGE][WARNING] - Timeout '0' is invalid. Using default page load timeout: '5'

2019-01-11 17:44:44 - [MESSAGE][PASSED] - Element 'Object Repository/ShopOpen/RemainingMainCategories/PrimaryDisplay/Validate_PrimaryDisplayRemarksScreen' is exist

2019-01-11 17:44:44 - [TEST_STEP][PASSED] - com.ct.qa.keywords.PrimaryDisplayKeywords.selectPrimaryDisplayRemark_ForDataVerfication(): com.ct.qa.keywords.PrimaryDisplayKeywords.selectPrimaryDisplayRemark_ForDataVerfication is PASSED

2019-01-11 17:44:45 - [MESSAGE][WARNING] - Timeout '0' is invalid. Using default page load timeout: '5'

2019-01-11 17:44:47 - [MESSAGE][PASSED] - Element 'Object Repository/CommonScreenElements/Validate_CameraScreen' is exist

2019-01-11 17:44:47 - [MESSAGE][WARNING] - Timeout '0' is invalid. Using default page load timeout: '5'

2019-01-11 17:44:51 - [MESSAGE][PASSED] - Tapped on element 'Object Repository/CommonScreenElements/TakePictureButton'

2019-01-11 17:44:56 - [MESSAGE][PASSED] - Delayed 5 second(s)

2019-01-11 17:44:56 - [MESSAGE][WARNING] - Timeout '0' is invalid. Using default page load timeout: '5'

2019-01-11 17:44:56 - [MESSAGE][PASSED] - Tapped on element 'Object Repository/CommonScreenElements/DoneButton'

2019-01-11 17:44:56 - [TEST_CASE][PASSED] - Test Cases/ShopOpen/RemainingMainCategories/PrimaryDisplay/DisplaySpaceAvailable/VisitDSA: Test Cases/ShopOpen/RemainingMainCategories/PrimaryDisplay/DisplaySpaceAvailable/VisitDSA

2019-01-11 17:44:56 - [TEST_STEP][PASSED] - verifyElementExist(findTestObject("ShopOpen/RemainingMainCategories/PrimaryDisplay/DisplaySpaceAvailable/Validate_SubCategoriesScreen", ["package":PACKAGENAME]), 0): Element 'Object Repository/ShopOpen/RemainingMainCategories/PrimaryDisplay/DisplaySpaceAvailable/Validate_SubCategoriesScreen' is exist

2019-01-11 17:44:56 - [MESSAGE][WARNING] - Timeout '0' is invalid. Using default page load timeout: '5'

2019-01-11 17:44:58 - [MESSAGE][PASSED] - Element 'Object Repository/ShopOpen/RemainingMainCategories/PrimaryDisplay/DisplaySpaceAvailable/Validate_SubCategoriesScreen' is exist

2019-01-11 17:44:58 - [TEST_STEP][PASSED] - com.ct.qa.keywords.PrimaryDisplayKeywords.visitPrimaryDisplay_WithDSASubCategories(1): com.ct.qa.keywords.PrimaryDisplayKeywords.visitPrimaryDisplay_WithDSASubCategories is PASSED

2019-01-11 17:44:59 - [TEST_CASE][PASSED] - Test Cases/ShopOpen/RemainingMainCategories/PrimaryDisplay/DisplaySpaceAvailable/VisitDSA_SubCategories: Test Cases/ShopOpen/RemainingMainCategories/PrimaryDisplay/DisplaySpaceAvailable/VisitDSA_SubCategories

2019-01-11 17:44:59 - [TEST_STEP][PASSED] - verifyElementText(findTestObject("ShopOpen/RemainingMainCategories/PrimaryDisplay/DisplaySpaceAvailable/Validate_ShareOfShelfScreen", ["package":PACKAGENAME]), "Share of shelf"): Actual text and expected text of test object 'Object Repository/ShopOpen/RemainingMainCategories/PrimaryDisplay/DisplaySpaceAvailable/Validate_ShareOfShelfScreen' are matched.

2019-01-11 17:45:01 - [MESSAGE][PASSED] - Actual text and expected text of test object 'Object Repository/ShopOpen/RemainingMainCategories/PrimaryDisplay/DisplaySpaceAvailable/Validate_ShareOfShelfScreen' are matched.

2019-01-11 17:45:01 - [TEST_STEP][PASSED] - tap(findTestObject("ShopOpen/RemainingMainCategories/PrimaryDisplay/DisplaySpaceAvailable/ShareOfShelf", ["package":PACKAGENAME]), 0): Tapped on element 'Object Repository/ShopOpen/RemainingMainCategories/PrimaryDisplay/DisplaySpaceAvailable/ShareOfShelf'

2019-01-11 17:45:01 - [MESSAGE][WARNING] - Timeout '0' is invalid. Using default page load timeout: '5'

2019-01-11 17:45:01 - [MESSAGE][PASSED] - Tapped on element 'Object Repository/ShopOpen/RemainingMainCategories/PrimaryDisplay/DisplaySpaceAvailable/ShareOfShelf'

2019-01-11 17:45:01 - [TEST_STEP][PASSED] - verifyElementText(findTestObject("ShopOpen/RemainingMainCategories/PrimaryDisplay/DisplaySpaceAvailable/Validate_ShareOfShelfProductsScreen", ["package":PACKAGENAME]), "Share of shelf"): Actual text and expected text of test object 'Object Repository/ShopOpen/RemainingMainCategories/PrimaryDisplay/DisplaySpaceAvailable/Validate_ShareOfShelfProductsScreen' are matched.

2019-01-11 17:45:03 - [MESSAGE][PASSED] - Actual text and expected text of test object 'Object Repository/ShopOpen/RemainingMainCategories/PrimaryDisplay/DisplaySpaceAvailable/Validate_ShareOfShelfProductsScreen' are matched.

2019-01-11 17:45:03 - [TEST_STEP][PASSED] - com.ct.qa.keywords.PrimaryDisplayKeywords.visitDSA_Products(DISPLAYSPACEAVAILABLE): com.ct.qa.keywords.PrimaryDisplayKeywords.visitDSA_Products is PASSED

2019-01-11 17:45:08 - [MESSAGE][PASSED] - Keyboard is hidden

2019-01-11 17:45:11 - [MESSAGE][PASSED] - Keyboard is hidden

2019-01-11 17:45:14 - [MESSAGE][PASSED] - Keyboard is hidden

2019-01-11 17:45:17 - [MESSAGE][PASSED] - Keyboard is hidden

2019-01-11 17:45:20 - [MESSAGE][PASSED] - Keyboard is hidden

2019-01-11 17:45:23 - [MESSAGE][PASSED] - Keyboard is hidden

2019-01-11 17:45:26 - [MESSAGE][PASSED] - Swiped from 83,359 to 83,250

2019-01-11 17:45:29 - [MESSAGE][PASSED] - Keyboard is hidden

2019-01-11 17:45:31 - [MESSAGE][PASSED] - Swiped from 83,359 to 83,250

2019-01-11 17:45:34 - [MESSAGE][PASSED] - Keyboard is hidden

2019-01-11 17:45:36 - [MESSAGE][PASSED] - Swiped from 83,359 to 83,250

2019-01-11 17:45:39 - [MESSAGE][PASSED] - Keyboard is hidden

2019-01-11 17:45:41 - [MESSAGE][PASSED] - Swiped from 83,359 to 83,250

2019-01-11 17:45:44 - [MESSAGE][PASSED] - Keyboard is hidden

2019-01-11 17:45:46 - [MESSAGE][PASSED] - Swiped from 83,359 to 83,250

2019-01-11 17:45:49 - [MESSAGE][PASSED] - Keyboard is hidden

2019-01-11 17:45:51 - [MESSAGE][PASSED] - Swiped from 83,359 to 83,250

2019-01-11 17:45:54 - [MESSAGE][PASSED] - Keyboard is hidden

2019-01-11 17:45:56 - [MESSAGE][PASSED] - Swiped from 83,359 to 83,250

2019-01-11 17:45:59 - [MESSAGE][PASSED] - Keyboard is hidden

2019-01-11 17:46:01 - [MESSAGE][PASSED] - Swiped from 83,359 to 83,250

2019-01-11 17:46:04 - [MESSAGE][PASSED] - Keyboard is hidden

2019-01-11 17:46:06 - [MESSAGE][PASSED] - Swiped from 83,359 to 83,250

2019-01-11 17:46:09 - [MESSAGE][PASSED] - Keyboard is hidden

2019-01-11 17:46:11 - [MESSAGE][PASSED] - Swiped from 83,359 to 83,250

2019-01-11 17:46:14 - [MESSAGE][PASSED] - Keyboard is hidden

2019-01-11 17:46:16 - [MESSAGE][PASSED] - Swiped from 83,359 to 83,250

2019-01-11 17:46:19 - [MESSAGE][PASSED] - Keyboard is hidden

2019-01-11 17:46:21 - [MESSAGE][PASSED] - Swiped from 83,359 to 83,250

2019-01-11 17:46:24 - [MESSAGE][PASSED] - Keyboard is hidden

2019-01-11 17:46:26 - [MESSAGE][PASSED] - Swiped from 83,359 to 83,250

2019-01-11 17:46:30 - [MESSAGE][PASSED] - Keyboard is hidden

2019-01-11 17:46:32 - [MESSAGE][PASSED] - Swiped from 83,359 to 83,250

2019-01-11 17:46:35 - [MESSAGE][PASSED] - Keyboard is hidden

2019-01-11 17:46:37 - [MESSAGE][PASSED] - Swiped from 83,359 to 83,250

2019-01-11 17:46:38 - [MESSAGE][PASSED] - com.ct.qa.keywords.PrimaryDisplayKeywords.visitDSA_Products is PASSED

2019-01-11 17:46:38 - [TEST_STEP][PASSED] - tap(findTestObject("ShopOpen/RemainingMainCategories/PrimaryDisplay/DisplaySpaceAvailable/SubmitButton", ["package":PACKAGENAME]), 0): Tapped on element 'Object Repository/ShopOpen/RemainingMainCategories/PrimaryDisplay/DisplaySpaceAvailable/SubmitButton'

2019-01-11 17:46:38 - [MESSAGE][WARNING] - Timeout '0' is invalid. Using default page load timeout: '5'

2019-01-11 17:46:38 - [MESSAGE][PASSED] - Tapped on element 'Object Repository/ShopOpen/RemainingMainCategories/PrimaryDisplay/DisplaySpaceAvailable/SubmitButton'

2019-01-11 17:46:38 - [TEST_STEP][PASSED] - verifyElementText(findTestObject("ShopOpen/RemainingMainCategories/PrimaryDisplay/DisplaySpaceAvailable/Validate_AlertScreen", ["package":PACKAGENAME]), "Alert"): Actual text and expected text of test object 'Object Repository/ShopOpen/RemainingMainCategories/PrimaryDisplay/DisplaySpaceAvailable/Validate_AlertScreen' are matched.

2019-01-11 17:46:40 - [MESSAGE][PASSED] - Actual text and expected text of test object 'Object Repository/ShopOpen/RemainingMainCategories/PrimaryDisplay/DisplaySpaceAvailable/Validate_AlertScreen' are matched.

2019-01-11 17:46:40 - [TEST_STEP][PASSED] - tap(findTestObject("ShopOpen/RemainingMainCategories/PrimaryDisplay/DisplaySpaceAvailable/Alert_SaveButton", ["package":PACKAGENAME]), 0): Tapped on element 'Object Repository/ShopOpen/RemainingMainCategories/PrimaryDisplay/DisplaySpaceAvailable/Alert_SaveButton'

2019-01-11 17:46:40 - [MESSAGE][WARNING] - Timeout '0' is invalid. Using default page load timeout: '5'

2019-01-11 17:46:41 - [MESSAGE][PASSED] - Tapped on element 'Object Repository/ShopOpen/RemainingMainCategories/PrimaryDisplay/DisplaySpaceAvailable/Alert_SaveButton'

2019-01-11 17:46:41 - [TEST_STEP][PASSED] - verifyElementText(findTestObject("ShopOpen/RemainingMainCategories/PrimaryDisplay/DisplaySpaceAvailable/Validate_ShareOfShelfScreen", ["package":PACKAGENAME]), "Share of shelf"): Actual text and expected text of test object 'Object Repository/ShopOpen/RemainingMainCategories/PrimaryDisplay/DisplaySpaceAvailable/Validate_ShareOfShelfScreen' are matched.

2019-01-11 17:46:42 - [MESSAGE][PASSED] - Actual text and expected text of test object 'Object Repository/ShopOpen/RemainingMainCategories/PrimaryDisplay/DisplaySpaceAvailable/Validate_ShareOfShelfScreen' are matched.

2019-01-11 17:46:42 - [TEST_STEP][PASSED] - tap(findTestObject("ShopOpen/RemainingMainCategories/PrimaryDisplay/DisplaySpaceAvailable/ShareofShelf_BackButton", ["package":PACKAGENAME]), 0): Tapped on element 'Object Repository/ShopOpen/RemainingMainCategories/PrimaryDisplay/DisplaySpaceAvailable/ShareofShelf_BackButton'

2019-01-11 17:46:42 - [MESSAGE][WARNING] - Timeout '0' is invalid. Using default page load timeout: '5'

2019-01-11 17:46:42 - [MESSAGE][PASSED] - Tapped on element 'Object Repository/ShopOpen/RemainingMainCategories/PrimaryDisplay/DisplaySpaceAvailable/ShareofShelf_BackButton'

2019-01-11 17:46:42 - [TEST_STEP][PASSED] - verifyElementExist(findTestObject("ShopOpen/RemainingMainCategories/PrimaryDisplay/DisplaySpaceAvailable/Validate_SubCategoriesScreen", ["package":PACKAGENAME]), 0): Element 'Object Repository/ShopOpen/RemainingMainCategories/PrimaryDisplay/DisplaySpaceAvailable/Validate_SubCategoriesScreen' is exist

2019-01-11 17:46:42 - [MESSAGE][WARNING] - Timeout '0' is invalid. Using default page load timeout: '5'

2019-01-11 17:46:43 - [MESSAGE][PASSED] - Element 'Object Repository/ShopOpen/RemainingMainCategories/PrimaryDisplay/DisplaySpaceAvailable/Validate_SubCategoriesScreen' is exist

2019-01-11 17:46:43 - [MESSAGE][PASSED] - Call Test Case 'Test Cases/ShopOpen/RemainingMainCategories/PrimaryDisplay/DisplaySpaceAvailable/VisitDSA_SubCategories' successfully

2019-01-11 17:46:43 - [MESSAGE][PASSED] - com.ct.qa.keywords.PrimaryDisplayKeywords.visitPrimaryDisplay_WithDSASubCategories is PASSED

2019-01-11 17:46:43 - [TEST_STEP][PASSED] - com.ct.qa.keywords.CommonKeywords.findPlanogramImageView(): com.ct.qa.keywords.CommonKeywords.findPlanogramImageView is PASSED

2019-01-11 17:46:45 - [MESSAGE][WARNING] - Timeout '0' is invalid. Using default page load timeout: '5'

2019-01-11 17:46:52 - [MESSAGE][WARNING] - Object Object Repository/CommonScreenElements/InfoPopUp_OKButton not found
[[ATTACHMENT|F:\\Git Projects\\PnG_Merchandising\\PnG_Merchandising\\Reports\\PnG Merchandising With Channel Wise Data Verification\\20190111_162651\\1547210810740.png]]

2019-01-11 17:46:52 - [MESSAGE][PASSED] - com.ct.qa.keywords.CommonKeywords.findPlanogramImageView is PASSED

2019-01-11 17:46:52 - [TEST_STEP][PASSED] - verifyElementExist(findTestObject("ShopOpen/RemainingMainCategories/PrimaryDisplay/DisplaySpaceAvailable/Validate_SubCategoriesScreen", ["package":PACKAGENAME]), 0): Element 'Object Repository/ShopOpen/RemainingMainCategories/PrimaryDisplay/DisplaySpaceAvailable/Validate_SubCategoriesScreen' is exist

2019-01-11 17:46:52 - [MESSAGE][WARNING] - Timeout '0' is invalid. Using default page load timeout: '5'

2019-01-11 17:46:53 - [MESSAGE][PASSED] - Element 'Object Repository/ShopOpen/RemainingMainCategories/PrimaryDisplay/DisplaySpaceAvailable/Validate_SubCategoriesScreen' is exist

2019-01-11 17:46:53 - [TEST_STEP][PASSED] - com.ct.qa.keywords.CommonKeywords.findPictureImageView(): com.ct.qa.keywords.CommonKeywords.findPictureImageView is PASSED

2019-01-11 17:46:56 - [MESSAGE][WARNING] - Timeout '0' is invalid. Using default page load timeout: '5'

2019-01-11 17:46:57 - [MESSAGE][PASSED] - Element 'Object Repository/CommonScreenElements/Validate_CameraScreen' is exist

2019-01-11 17:46:57 - [MESSAGE][WARNING] - Timeout '0' is invalid. Using default page load timeout: '5'

2019-01-11 17:47:00 - [MESSAGE][PASSED] - Tapped on element 'Object Repository/CommonScreenElements/TakePictureButton'

2019-01-11 17:47:05 - [MESSAGE][PASSED] - Delayed 5 second(s)

2019-01-11 17:47:05 - [MESSAGE][WARNING] - Timeout '0' is invalid. Using default page load timeout: '5'

2019-01-11 17:47:06 - [MESSAGE][PASSED] - Tapped on element 'Object Repository/CommonScreenElements/DoneButton'

2019-01-11 17:47:06 - [MESSAGE][PASSED] - com.ct.qa.keywords.CommonKeywords.findPictureImageView is PASSED

2019-01-11 17:47:06 - [TEST_STEP][PASSED] - verifyElementExist(findTestObject("ShopOpen/RemainingMainCategories/PrimaryDisplay/DisplaySpaceAvailable/Validate_SubCategoriesScreen", ["package":PACKAGENAME]), 0): Element 'Object Repository/ShopOpen/RemainingMainCategories/PrimaryDisplay/DisplaySpaceAvailable/Validate_SubCategoriesScreen' is exist

2019-01-11 17:47:06 - [MESSAGE][WARNING] - Timeout '0' is invalid. Using default page load timeout: '5'

2019-01-11 17:47:07 - [MESSAGE][PASSED] - Element 'Object Repository/ShopOpen/RemainingMainCategories/PrimaryDisplay/DisplaySpaceAvailable/Validate_SubCategoriesScreen' is exist

2019-01-11 17:47:07 - [TEST_STEP][PASSED] - com.ct.qa.keywords.CommonKeywords.findBackButtonImageView(): com.ct.qa.keywords.CommonKeywords.findBackButtonImageView is PASSED

2019-01-11 17:47:09 - [MESSAGE][PASSED] - com.ct.qa.keywords.CommonKeywords.findBackButtonImageView is PASSED

2019-01-11 17:47:09 - [TEST_STEP][PASSED] - verifyElementExist(findTestObject("ShopOpen/RemainingMainCategories/Validate_MainCategoryDetailActionScreen", ["package":PACKAGENAME]), 0): Element 'Object Repository/ShopOpen/RemainingMainCategories/Validate_MainCategoryDetailActionScreen' is exist

2019-01-11 17:47:09 - [MESSAGE][WARNING] - Timeout '0' is invalid. Using default page load timeout: '5'

2019-01-11 17:47:10 - [MESSAGE][PASSED] - Element 'Object Repository/ShopOpen/RemainingMainCategories/Validate_MainCategoryDetailActionScreen' is exist

2019-01-11 17:47:10 - [MESSAGE][PASSED] - Call Test Case 'Test Cases/ShopOpen/RemainingMainCategories/PrimaryDisplay/DisplaySpaceAvailable/VisitDSA' successfully

2019-01-11 17:47:10 - [MESSAGE][PASSED] - com.ct.qa.keywords.PrimaryDisplayKeywords.selectPrimaryDisplayRemark_ForDataVerfication is PASSED

2019-01-11 17:47:10 - [MESSAGE][PASSED] - Call Test Case 'Test Cases/ShopOpen/RemainingMainCategories/PrimaryDisplay/VisitPrimaryDisplayWith_DataVerification' successfully

2019-01-11 17:47:12 - [TEST_CASE][PASSED] - Test Cases/ShopOpen/RemainingMainCategories/SecondaryDisplay/SecondaryDisplay_VisitingScenarios/VisitSecondaryDisplayWith_DataVerification: Test Cases/ShopOpen/RemainingMainCategories/SecondaryDisplay/SecondaryDisplay_VisitingScenarios/VisitSecondaryDisplayWith_DataVerification

2019-01-11 17:47:12 - [TEST_STEP][PASSED] - verifyElementExist(findTestObject("ShopOpen/RemainingMainCategories/SecondaryDisplay/Validate_SecondaryDisplayRemarksScreen", ["package":PACKAGENAME]), 0): Element 'Object Repository/ShopOpen/RemainingMainCategories/SecondaryDisplay/Validate_SecondaryDisplayRemarksScreen' is exist

2019-01-11 17:47:12 - [MESSAGE][WARNING] - Timeout '0' is invalid. Using default page load timeout: '5'

2019-01-11 17:47:14 - [MESSAGE][PASSED] - Element 'Object Repository/ShopOpen/RemainingMainCategories/SecondaryDisplay/Validate_SecondaryDisplayRemarksScreen' is exist

2019-01-11 17:47:14 - [TEST_STEP][PASSED] - com.ct.qa.keywords.SecondaryDisplayKeywords.selectSecondaryDisplayRemark_WithDataVerification(): com.ct.qa.keywords.SecondaryDisplayKeywords.selectSecondaryDisplayRemark_WithDataVerification is PASSED

2019-01-11 17:47:15 - [TEST_CASE][PASSED] - Test Cases/ShopOpen/RemainingMainCategories/SecondaryDisplay/Available/VisitSecondaryDisplayAvailable: Test Cases/ShopOpen/RemainingMainCategories/SecondaryDisplay/Available/VisitSecondaryDisplayAvailable

2019-01-11 17:47:15 - [TEST_STEP][PASSED] - verifyElementText(findTestObject("ShopOpen/RemainingMainCategories/SecondaryDisplay/Available/Validate_UnitsScreen"), "Units"): Actual text and expected text of test object 'Object Repository/ShopOpen/RemainingMainCategories/SecondaryDisplay/Available/Validate_UnitsScreen' are matched.

2019-01-11 17:47:17 - [MESSAGE][PASSED] - Actual text and expected text of test object 'Object Repository/ShopOpen/RemainingMainCategories/SecondaryDisplay/Available/Validate_UnitsScreen' are matched.

2019-01-11 17:47:17 - [TEST_STEP][PASSED] - com.ct.qa.keywords.SecondaryDisplayKeywords.enterUnitsForSecondaryDisplay(): com.ct.qa.keywords.SecondaryDisplayKeywords.enterUnitsForSecondaryDisplay is PASSED

2019-01-11 17:47:19 - [MESSAGE][PASSED] - Keyboard is hidden

2019-01-11 17:47:21 - [MESSAGE][PASSED] - Keyboard is hidden

2019-01-11 17:47:21 - [MESSAGE][PASSED] - com.ct.qa.keywords.SecondaryDisplayKeywords.enterUnitsForSecondaryDisplay is PASSED

2019-01-11 17:47:21 - [TEST_STEP][PASSED] - tap(findTestObject("ShopOpen/RemainingMainCategories/SecondaryDisplay/Available/Units_SubmitButton", ["package":PACKAGENAME]), 0): Tapped on element 'Object Repository/ShopOpen/RemainingMainCategories/SecondaryDisplay/Available/Units_SubmitButton'

2019-01-11 17:47:21 - [MESSAGE][WARNING] - Timeout '0' is invalid. Using default page load timeout: '5'

2019-01-11 17:47:22 - [MESSAGE][PASSED] - Tapped on element 'Object Repository/ShopOpen/RemainingMainCategories/SecondaryDisplay/Available/Units_SubmitButton'

2019-01-11 17:47:22 - [TEST_STEP][PASSED] - verifyElementExist(findTestObject("ShopOpen/RemainingMainCategories/SecondaryDisplay/Available/Validate_UnitsListScreen", ["package":PACKAGENAME]), 0): Element 'Object Repository/ShopOpen/RemainingMainCategories/SecondaryDisplay/Available/Validate_UnitsListScreen' is exist

2019-01-11 17:47:22 - [MESSAGE][WARNING] - Timeout '0' is invalid. Using default page load timeout: '5'

2019-01-11 17:47:24 - [MESSAGE][PASSED] - Element 'Object Repository/ShopOpen/RemainingMainCategories/SecondaryDisplay/Available/Validate_UnitsListScreen' is exist

2019-01-11 17:47:24 - [TEST_STEP][PASSED] - com.ct.qa.keywords.SecondaryDisplayKeywords.visitSecondaryDisplayUnitsList(): com.ct.qa.keywords.SecondaryDisplayKeywords.visitSecondaryDisplayUnitsList is PASSED

2019-01-11 17:47:24 - [TEST_CASE][PASSED] - Test Cases/ShopOpen/RemainingMainCategories/SecondaryDisplay/Available/VisitAvailableWith_DisplayUnitNeedMaintenance: Test Cases/ShopOpen/RemainingMainCategories/SecondaryDisplay/Available/VisitAvailableWith_DisplayUnitNeedMaintenance

2019-01-11 17:47:24 - [TEST_STEP][PASSED] - verifyElementExist(findTestObject("CommonScreenElements/Validate_CameraScreen", ["package":PACKAGENAME]), 0): Element 'Object Repository/CommonScreenElements/Validate_CameraScreen' is exist

2019-01-11 17:47:24 - [MESSAGE][WARNING] - Timeout '0' is invalid. Using default page load timeout: '5'

2019-01-11 17:47:27 - [MESSAGE][PASSED] - Element 'Object Repository/CommonScreenElements/Validate_CameraScreen' is exist

2019-01-11 17:47:27 - [TEST_STEP][PASSED] - tap(findTestObject("CommonScreenElements/TakePictureButton", ["package":PACKAGENAME]), 0): Tapped on element 'Object Repository/CommonScreenElements/TakePictureButton'

2019-01-11 17:47:27 - [MESSAGE][WARNING] - Timeout '0' is invalid. Using default page load timeout: '5'

2019-01-11 17:47:30 - [MESSAGE][PASSED] - Tapped on element 'Object Repository/CommonScreenElements/TakePictureButton'

2019-01-11 17:47:30 - [TEST_STEP][PASSED] - delay(5, STOP_ON_FAILURE): Delayed 5 second(s)

2019-01-11 17:47:35 - [MESSAGE][PASSED] - Delayed 5 second(s)

2019-01-11 17:47:35 - [TEST_STEP][PASSED] - tap(findTestObject("CommonScreenElements/DoneButton", ["package":PACKAGENAME]), 0): Tapped on element 'Object Repository/CommonScreenElements/DoneButton'

2019-01-11 17:47:35 - [MESSAGE][WARNING] - Timeout '0' is invalid. Using default page load timeout: '5'

2019-01-11 17:47:36 - [MESSAGE][PASSED] - Tapped on element 'Object Repository/CommonScreenElements/DoneButton'

2019-01-11 17:47:36 - [TEST_STEP][PASSED] - verifyElementExist(findTestObject("ShopOpen/RemainingMainCategories/SecondaryDisplay/Available/Validate_AvailableRemarksScreen", ["package":PACKAGENAME]), 0): Element 'Object Repository/ShopOpen/RemainingMainCategories/SecondaryDisplay/Available/Validate_AvailableRemarksScreen' is exist

2019-01-11 17:47:36 - [MESSAGE][WARNING] - Timeout '0' is invalid. Using default page load timeout: '5'

2019-01-11 17:47:38 - [MESSAGE][PASSED] - Element 'Object Repository/ShopOpen/RemainingMainCategories/SecondaryDisplay/Available/Validate_AvailableRemarksScreen' is exist

2019-01-11 17:47:38 - [TEST_STEP][PASSED] - com.ct.qa.keywords.SecondaryDisplayKeywords.selectSecondaryDisplay_AvailableRemark("Display Unit Need Maintenance", 1): com.ct.qa.keywords.SecondaryDisplayKeywords.selectSecondaryDisplay_AvailableRemark is PASSED

2019-01-11 17:47:39 - [MESSAGE][WARNING] - Timeout '0' is invalid. Using default page load timeout: '5'

2019-01-11 17:47:41 - [MESSAGE][PASSED] - Element 'Object Repository/ShopOpen/RemainingMainCategories/SecondaryDisplay/Available/Validate_SecondaryDisplay_available_remarksScreen' is exist

2019-01-11 17:47:42 - [MESSAGE][PASSED] - com.ct.qa.keywords.SecondaryDisplayKeywords.selectSecondaryDisplay_AvailableRemark is PASSED

2019-01-11 17:47:42 - [TEST_STEP][PASSED] - tap(findTestObject("ShopOpen/RemainingMainCategories/SecondaryDisplay/Available/DUNM_CategoryRemarks_BackButton", ["package":PACKAGENAME]), 0): Tapped on element 'Object Repository/ShopOpen/RemainingMainCategories/SecondaryDisplay/Available/DUNM_CategoryRemarks_BackButton'

2019-01-11 17:47:42 - [MESSAGE][WARNING] - Timeout '0' is invalid. Using default page load timeout: '5'

2019-01-11 17:47:43 - [MESSAGE][PASSED] - Tapped on element 'Object Repository/ShopOpen/RemainingMainCategories/SecondaryDisplay/Available/DUNM_CategoryRemarks_BackButton'

2019-01-11 17:47:43 - [TEST_STEP][PASSED] - verifyElementExist(findTestObject("ShopOpen/RemainingMainCategories/SecondaryDisplay/Available/Validate_AvailableRemarksScreen", ["package":PACKAGENAME]), 0): Element 'Object Repository/ShopOpen/RemainingMainCategories/SecondaryDisplay/Available/Validate_AvailableRemarksScreen' is exist

2019-01-11 17:47:43 - [MESSAGE][WARNING] - Timeout '0' is invalid. Using default page load timeout: '5'

2019-01-11 17:47:44 - [MESSAGE][PASSED] - Element 'Object Repository/ShopOpen/RemainingMainCategories/SecondaryDisplay/Available/Validate_AvailableRemarksScreen' is exist

2019-01-11 17:47:44 - [TEST_STEP][PASSED] - tap(findTestObject("ShopOpen/RemainingMainCategories/SecondaryDisplay/Available/AvailableRemarks_BackButton", ["package":PACKAGENAME]), 0): Tapped on element 'Object Repository/ShopOpen/RemainingMainCategories/SecondaryDisplay/Available/AvailableRemarks_BackButton'

2019-01-11 17:47:44 - [MESSAGE][WARNING] - Timeout '0' is invalid. Using default page load timeout: '5'

2019-01-11 17:47:44 - [MESSAGE][PASSED] - Tapped on element 'Object Repository/ShopOpen/RemainingMainCategories/SecondaryDisplay/Available/AvailableRemarks_BackButton'

2019-01-11 17:47:44 - [TEST_STEP][PASSED] - verifyElementText(findTestObject("ShopOpen/RemainingMainCategories/SecondaryDisplay/Available/Validate_UtilizationPopUpScreen", ["package":PACKAGENAME]), "Utilization"): Actual text and expected text of test object 'Object Repository/ShopOpen/RemainingMainCategories/SecondaryDisplay/Available/Validate_UtilizationPopUpScreen' are matched.

2019-01-11 17:47:46 - [MESSAGE][PASSED] - Actual text and expected text of test object 'Object Repository/ShopOpen/RemainingMainCategories/SecondaryDisplay/Available/Validate_UtilizationPopUpScreen' are matched.

2019-01-11 17:47:46 - [TEST_STEP][PASSED] - com.ct.qa.keywords.SecondaryDisplayKeywords.enterUtilizationForSecondaryDisplay(1): com.ct.qa.keywords.SecondaryDisplayKeywords.enterUtilizationForSecondaryDisplay is PASSED

2019-01-11 17:47:50 - [MESSAGE][PASSED] - com.ct.qa.keywords.SecondaryDisplayKeywords.enterUtilizationForSecondaryDisplay is PASSED

2019-01-11 17:47:50 - [TEST_STEP][PASSED] - hideKeyboard(): Keyboard is hidden

2019-01-11 17:47:51 - [MESSAGE][PASSED] - Keyboard is hidden

2019-01-11 17:47:51 - [TEST_STEP][PASSED] - tap(findTestObject("ShopOpen/RemainingMainCategories/SecondaryDisplay/Available/Utilization_SubmitButton", ["package":PACKAGENAME]), 0, STOP_ON_FAILURE): Tapped on element 'Object Repository/ShopOpen/RemainingMainCategories/SecondaryDisplay/Available/Utilization_SubmitButton'

2019-01-11 17:47:51 - [MESSAGE][WARNING] - Timeout '0' is invalid. Using default page load timeout: '5'

2019-01-11 17:47:52 - [MESSAGE][PASSED] - Tapped on element 'Object Repository/ShopOpen/RemainingMainCategories/SecondaryDisplay/Available/Utilization_SubmitButton'

2019-01-11 17:47:52 - [TEST_STEP][PASSED] - verifyElementExist(findTestObject("ShopOpen/RemainingMainCategories/SecondaryDisplay/Available/Validate_UnitsListScreen", ["package":PACKAGENAME]), 0): Element 'Object Repository/ShopOpen/RemainingMainCategories/SecondaryDisplay/Available/Validate_UnitsListScreen' is exist

2019-01-11 17:47:52 - [MESSAGE][WARNING] - Timeout '0' is invalid. Using default page load timeout: '5'

2019-01-11 17:47:53 - [MESSAGE][PASSED] - Element 'Object Repository/ShopOpen/RemainingMainCategories/SecondaryDisplay/Available/Validate_UnitsListScreen' is exist

2019-01-11 17:47:53 - [MESSAGE][PASSED] - Call Test Case 'Test Cases/ShopOpen/RemainingMainCategories/SecondaryDisplay/Available/VisitAvailableWith_DisplayUnitNeedMaintenance' successfully

2019-01-11 17:47:55 - [TEST_CASE][PASSED] - Test Cases/ShopOpen/RemainingMainCategories/SecondaryDisplay/Available/VisitAvailableWith_SKDNA: Test Cases/ShopOpen/RemainingMainCategories/SecondaryDisplay/Available/VisitAvailableWith_SKDNA

2019-01-11 17:47:55 - [TEST_STEP][PASSED] - verifyElementExist(findTestObject("CommonScreenElements/Validate_CameraScreen", ["package":PACKAGENAME]), 0): Element 'Object Repository/CommonScreenElements/Validate_CameraScreen' is exist

2019-01-11 17:47:55 - [MESSAGE][WARNING] - Timeout '0' is invalid. Using default page load timeout: '5'

2019-01-11 17:47:56 - [MESSAGE][PASSED] - Element 'Object Repository/CommonScreenElements/Validate_CameraScreen' is exist

2019-01-11 17:47:56 - [TEST_STEP][PASSED] - tap(findTestObject("CommonScreenElements/TakePictureButton", ["package":PACKAGENAME]), 0): Tapped on element 'Object Repository/CommonScreenElements/TakePictureButton'

2019-01-11 17:47:56 - [MESSAGE][WARNING] - Timeout '0' is invalid. Using default page load timeout: '5'

2019-01-11 17:47:59 - [MESSAGE][PASSED] - Tapped on element 'Object Repository/CommonScreenElements/TakePictureButton'

2019-01-11 17:47:59 - [TEST_STEP][PASSED] - delay(5, STOP_ON_FAILURE): Delayed 5 second(s)

2019-01-11 17:48:04 - [MESSAGE][PASSED] - Delayed 5 second(s)

2019-01-11 17:48:04 - [TEST_STEP][PASSED] - tap(findTestObject("CommonScreenElements/DoneButton", ["package":PACKAGENAME]), 0): Tapped on element 'Object Repository/CommonScreenElements/DoneButton'

2019-01-11 17:48:04 - [MESSAGE][WARNING] - Timeout '0' is invalid. Using default page load timeout: '5'

2019-01-11 17:48:05 - [MESSAGE][PASSED] - Tapped on element 'Object Repository/CommonScreenElements/DoneButton'

2019-01-11 17:48:05 - [TEST_STEP][PASSED] - verifyElementExist(findTestObject("ShopOpen/RemainingMainCategories/SecondaryDisplay/Available/Validate_AvailableRemarksScreen", ["package":PACKAGENAME]), 0): Element 'Object Repository/ShopOpen/RemainingMainCategories/SecondaryDisplay/Available/Validate_AvailableRemarksScreen' is exist

2019-01-11 17:48:05 - [MESSAGE][WARNING] - Timeout '0' is invalid. Using default page load timeout: '5'

2019-01-11 17:48:07 - [MESSAGE][PASSED] - Element 'Object Repository/ShopOpen/RemainingMainCategories/SecondaryDisplay/Available/Validate_AvailableRemarksScreen' is exist

2019-01-11 17:48:07 - [TEST_STEP][PASSED] - com.ct.qa.keywords.SecondaryDisplayKeywords.selectSecondaryDisplay_AvailableRemark("Shopkeeper did not allow", 1): com.ct.qa.keywords.SecondaryDisplayKeywords.selectSecondaryDisplay_AvailableRemark is PASSED

2019-01-11 17:48:08 - [MESSAGE][WARNING] - Timeout '0' is invalid. Using default page load timeout: '5'

2019-01-11 17:48:11 - [MESSAGE][PASSED] - Element 'Object Repository/ShopOpen/RemainingMainCategories/SecondaryDisplay/Available/Validate_SecondaryDisplay_available_remarksScreen' is exist

2019-01-11 17:48:11 - [MESSAGE][PASSED] - com.ct.qa.keywords.SecondaryDisplayKeywords.selectSecondaryDisplay_AvailableRemark is PASSED

2019-01-11 17:48:11 - [TEST_STEP][PASSED] - tap(findTestObject("ShopOpen/RemainingMainCategories/SecondaryDisplay/Available/SKDNA_CategoryRemark_BackButton", ["package":PACKAGENAME]), 0): Tapped on element 'Object Repository/ShopOpen/RemainingMainCategories/SecondaryDisplay/Available/SKDNA_CategoryRemark_BackButton'

2019-01-11 17:48:11 - [MESSAGE][WARNING] - Timeout '0' is invalid. Using default page load timeout: '5'

2019-01-11 17:48:13 - [MESSAGE][PASSED] - Tapped on element 'Object Repository/ShopOpen/RemainingMainCategories/SecondaryDisplay/Available/SKDNA_CategoryRemark_BackButton'

2019-01-11 17:48:13 - [TEST_STEP][PASSED] - verifyElementExist(findTestObject("ShopOpen/RemainingMainCategories/SecondaryDisplay/Available/Validate_AvailableRemarksScreen", ["package":PACKAGENAME]), 0): Element 'Object Repository/ShopOpen/RemainingMainCategories/SecondaryDisplay/Available/Validate_AvailableRemarksScreen' is exist

2019-01-11 17:48:13 - [MESSAGE][WARNING] - Timeout '0' is invalid. Using default page load timeout: '5'

2019-01-11 17:48:13 - [MESSAGE][PASSED] - Element 'Object Repository/ShopOpen/RemainingMainCategories/SecondaryDisplay/Available/Validate_AvailableRemarksScreen' is exist

2019-01-11 17:48:13 - [TEST_STEP][PASSED] - tap(findTestObject("ShopOpen/RemainingMainCategories/SecondaryDisplay/Available/AvailableRemarks_BackButton", ["package":PACKAGENAME]), 0): Tapped on element 'Object Repository/ShopOpen/RemainingMainCategories/SecondaryDisplay/Available/AvailableRemarks_BackButton'

2019-01-11 17:48:13 - [MESSAGE][WARNING] - Timeout '0' is invalid. Using default page load timeout: '5'

2019-01-11 17:48:14 - [MESSAGE][PASSED] - Tapped on element 'Object Repository/ShopOpen/RemainingMainCategories/SecondaryDisplay/Available/AvailableRemarks_BackButton'

2019-01-11 17:48:14 - [TEST_STEP][PASSED] - verifyElementText(findTestObject("ShopOpen/RemainingMainCategories/SecondaryDisplay/Available/Validate_UtilizationPopUpScreen", ["package":PACKAGENAME]), "Utilization"): Actual text and expected text of test object 'Object Repository/ShopOpen/RemainingMainCategories/SecondaryDisplay/Available/Validate_UtilizationPopUpScreen' are matched.

2019-01-11 17:48:15 - [MESSAGE][PASSED] - Actual text and expected text of test object 'Object Repository/ShopOpen/RemainingMainCategories/SecondaryDisplay/Available/Validate_UtilizationPopUpScreen' are matched.

2019-01-11 17:48:15 - [TEST_STEP][PASSED] - com.ct.qa.keywords.SecondaryDisplayKeywords.enterUtilizationForSecondaryDisplay(1): com.ct.qa.keywords.SecondaryDisplayKeywords.enterUtilizationForSecondaryDisplay is PASSED

2019-01-11 17:48:20 - [MESSAGE][PASSED] - com.ct.qa.keywords.SecondaryDisplayKeywords.enterUtilizationForSecondaryDisplay is PASSED

2019-01-11 17:48:20 - [TEST_STEP][PASSED] - hideKeyboard(): Keyboard is hidden

2019-01-11 17:48:21 - [MESSAGE][PASSED] - Keyboard is hidden

2019-01-11 17:48:21 - [TEST_STEP][PASSED] - tap(findTestObject("ShopOpen/RemainingMainCategories/SecondaryDisplay/Available/Utilization_SubmitButton", ["package":PACKAGENAME]), 0, STOP_ON_FAILURE): Tapped on element 'Object Repository/ShopOpen/RemainingMainCategories/SecondaryDisplay/Available/Utilization_SubmitButton'

2019-01-11 17:48:21 - [MESSAGE][WARNING] - Timeout '0' is invalid. Using default page load timeout: '5'

2019-01-11 17:48:22 - [MESSAGE][PASSED] - Tapped on element 'Object Repository/ShopOpen/RemainingMainCategories/SecondaryDisplay/Available/Utilization_SubmitButton'

2019-01-11 17:48:22 - [TEST_STEP][PASSED] - verifyElementExist(findTestObject("ShopOpen/RemainingMainCategories/SecondaryDisplay/Available/Validate_UnitsListScreen", ["package":PACKAGENAME]), 0): Element 'Object Repository/ShopOpen/RemainingMainCategories/SecondaryDisplay/Available/Validate_UnitsListScreen' is exist

2019-01-11 17:48:22 - [MESSAGE][WARNING] - Timeout '0' is invalid. Using default page load timeout: '5'

2019-01-11 17:48:23 - [MESSAGE][PASSED] - Element 'Object Repository/ShopOpen/RemainingMainCategories/SecondaryDisplay/Available/Validate_UnitsListScreen' is exist

2019-01-11 17:48:23 - [MESSAGE][PASSED] - Call Test Case 'Test Cases/ShopOpen/RemainingMainCategories/SecondaryDisplay/Available/VisitAvailableWith_SKDNA' successfully

2019-01-11 17:48:23 - [TEST_CASE][PASSED] - Test Cases/ShopOpen/RemainingMainCategories/SecondaryDisplay/Available/VisitAvailableWith_SKDNA: Test Cases/ShopOpen/RemainingMainCategories/SecondaryDisplay/Available/VisitAvailableWith_SKDNA

2019-01-11 17:48:23 - [TEST_STEP][PASSED] - verifyElementExist(findTestObject("CommonScreenElements/Validate_CameraScreen", ["package":PACKAGENAME]), 0): Element 'Object Repository/CommonScreenElements/Validate_CameraScreen' is exist

2019-01-11 17:48:23 - [MESSAGE][WARNING] - Timeout '0' is invalid. Using default page load timeout: '5'

2019-01-11 17:48:25 - [MESSAGE][PASSED] - Element 'Object Repository/CommonScreenElements/Validate_CameraScreen' is exist

2019-01-11 17:48:25 - [TEST_STEP][PASSED] - tap(findTestObject("CommonScreenElements/TakePictureButton", ["package":PACKAGENAME]), 0): Tapped on element 'Object Repository/CommonScreenElements/TakePictureButton'

2019-01-11 17:48:25 - [MESSAGE][WARNING] - Timeout '0' is invalid. Using default page load timeout: '5'

2019-01-11 17:48:28 - [MESSAGE][PASSED] - Tapped on element 'Object Repository/CommonScreenElements/TakePictureButton'

2019-01-11 17:48:28 - [TEST_STEP][PASSED] - delay(5, STOP_ON_FAILURE): Delayed 5 second(s)

2019-01-11 17:48:33 - [MESSAGE][PASSED] - Delayed 5 second(s)

2019-01-11 17:48:33 - [TEST_STEP][PASSED] - tap(findTestObject("CommonScreenElements/DoneButton", ["package":PACKAGENAME]), 0): Tapped on element 'Object Repository/CommonScreenElements/DoneButton'

2019-01-11 17:48:33 - [MESSAGE][WARNING] - Timeout '0' is invalid. Using default page load timeout: '5'

2019-01-11 17:48:34 - [MESSAGE][PASSED] - Tapped on element 'Object Repository/CommonScreenElements/DoneButton'

2019-01-11 17:48:34 - [TEST_STEP][PASSED] - verifyElementExist(findTestObject("ShopOpen/RemainingMainCategories/SecondaryDisplay/Available/Validate_AvailableRemarksScreen", ["package":PACKAGENAME]), 0): Element 'Object Repository/ShopOpen/RemainingMainCategories/SecondaryDisplay/Available/Validate_AvailableRemarksScreen' is exist

2019-01-11 17:48:34 - [MESSAGE][WARNING] - Timeout '0' is invalid. Using default page load timeout: '5'

2019-01-11 17:48:36 - [MESSAGE][PASSED] - Element 'Object Repository/ShopOpen/RemainingMainCategories/SecondaryDisplay/Available/Validate_AvailableRemarksScreen' is exist

2019-01-11 17:48:36 - [TEST_STEP][PASSED] - com.ct.qa.keywords.SecondaryDisplayKeywords.selectSecondaryDisplay_AvailableRemark("Shopkeeper did not allow", 1): com.ct.qa.keywords.SecondaryDisplayKeywords.selectSecondaryDisplay_AvailableRemark is PASSED

2019-01-11 17:48:37 - [MESSAGE][WARNING] - Timeout '0' is invalid. Using default page load timeout: '5'

2019-01-11 17:48:40 - [MESSAGE][PASSED] - Element 'Object Repository/ShopOpen/RemainingMainCategories/SecondaryDisplay/Available/Validate_SecondaryDisplay_available_remarksScreen' is exist

2019-01-11 17:48:40 - [MESSAGE][PASSED] - com.ct.qa.keywords.SecondaryDisplayKeywords.selectSecondaryDisplay_AvailableRemark is PASSED

2019-01-11 17:48:40 - [TEST_STEP][PASSED] - tap(findTestObject("ShopOpen/RemainingMainCategories/SecondaryDisplay/Available/SKDNA_CategoryRemark_BackButton", ["package":PACKAGENAME]), 0): Tapped on element 'Object Repository/ShopOpen/RemainingMainCategories/SecondaryDisplay/Available/SKDNA_CategoryRemark_BackButton'

2019-01-11 17:48:40 - [MESSAGE][WARNING] - Timeout '0' is invalid. Using default page load timeout: '5'

2019-01-11 17:48:41 - [MESSAGE][PASSED] - Tapped on element 'Object Repository/ShopOpen/RemainingMainCategories/SecondaryDisplay/Available/SKDNA_CategoryRemark_BackButton'

2019-01-11 17:48:41 - [TEST_STEP][PASSED] - verifyElementExist(findTestObject("ShopOpen/RemainingMainCategories/SecondaryDisplay/Available/Validate_AvailableRemarksScreen", ["package":PACKAGENAME]), 0): Element 'Object Repository/ShopOpen/RemainingMainCategories/SecondaryDisplay/Available/Validate_AvailableRemarksScreen' is exist

2019-01-11 17:48:41 - [MESSAGE][WARNING] - Timeout '0' is invalid. Using default page load timeout: '5'

2019-01-11 17:48:42 - [MESSAGE][PASSED] - Element 'Object Repository/ShopOpen/RemainingMainCategories/SecondaryDisplay/Available/Validate_AvailableRemarksScreen' is exist

2019-01-11 17:48:42 - [TEST_STEP][PASSED] - tap(findTestObject("ShopOpen/RemainingMainCategories/SecondaryDisplay/Available/AvailableRemarks_BackButton", ["package":PACKAGENAME]), 0): Tapped on element 'Object Repository/ShopOpen/RemainingMainCategories/SecondaryDisplay/Available/AvailableRemarks_BackButton'

2019-01-11 17:48:42 - [MESSAGE][WARNING] - Timeout '0' is invalid. Using default page load timeout: '5'

2019-01-11 17:48:43 - [MESSAGE][PASSED] - Tapped on element 'Object Repository/ShopOpen/RemainingMainCategories/SecondaryDisplay/Available/AvailableRemarks_BackButton'

2019-01-11 17:48:43 - [TEST_STEP][PASSED] - verifyElementText(findTestObject("ShopOpen/RemainingMainCategories/SecondaryDisplay/Available/Validate_UtilizationPopUpScreen", ["package":PACKAGENAME]), "Utilization"): Actual text and expected text of test object 'Object Repository/ShopOpen/RemainingMainCategories/SecondaryDisplay/Available/Validate_UtilizationPopUpScreen' are matched.

2019-01-11 17:48:44 - [MESSAGE][PASSED] - Actual text and expected text of test object 'Object Repository/ShopOpen/RemainingMainCategories/SecondaryDisplay/Available/Validate_UtilizationPopUpScreen' are matched.

2019-01-11 17:48:44 - [TEST_STEP][PASSED] - com.ct.qa.keywords.SecondaryDisplayKeywords.enterUtilizationForSecondaryDisplay(1): com.ct.qa.keywords.SecondaryDisplayKeywords.enterUtilizationForSecondaryDisplay is PASSED

2019-01-11 17:48:49 - [MESSAGE][PASSED] - com.ct.qa.keywords.SecondaryDisplayKeywords.enterUtilizationForSecondaryDisplay is PASSED

2019-01-11 17:48:49 - [TEST_STEP][PASSED] - hideKeyboard(): Keyboard is hidden

2019-01-11 17:48:50 - [MESSAGE][PASSED] - Keyboard is hidden

2019-01-11 17:48:50 - [TEST_STEP][PASSED] - tap(findTestObject("ShopOpen/RemainingMainCategories/SecondaryDisplay/Available/Utilization_SubmitButton", ["package":PACKAGENAME]), 0, STOP_ON_FAILURE): Tapped on element 'Object Repository/ShopOpen/RemainingMainCategories/SecondaryDisplay/Available/Utilization_SubmitButton'

2019-01-11 17:48:50 - [MESSAGE][WARNING] - Timeout '0' is invalid. Using default page load timeout: '5'

2019-01-11 17:48:51 - [MESSAGE][PASSED] - Tapped on element 'Object Repository/ShopOpen/RemainingMainCategories/SecondaryDisplay/Available/Utilization_SubmitButton'

2019-01-11 17:48:51 - [TEST_STEP][PASSED] - verifyElementExist(findTestObject("ShopOpen/RemainingMainCategories/SecondaryDisplay/Available/Validate_UnitsListScreen", ["package":PACKAGENAME]), 0): Element 'Object Repository/ShopOpen/RemainingMainCategories/SecondaryDisplay/Available/Validate_UnitsListScreen' is exist

2019-01-11 17:48:51 - [MESSAGE][WARNING] - Timeout '0' is invalid. Using default page load timeout: '5'

2019-01-11 17:48:52 - [MESSAGE][PASSED] - Element 'Object Repository/ShopOpen/RemainingMainCategories/SecondaryDisplay/Available/Validate_UnitsListScreen' is exist

2019-01-11 17:48:52 - [MESSAGE][PASSED] - Call Test Case 'Test Cases/ShopOpen/RemainingMainCategories/SecondaryDisplay/Available/VisitAvailableWith_SKDNA' successfully

2019-01-11 17:48:52 - [TEST_CASE][PASSED] - Test Cases/ShopOpen/RemainingMainCategories/SecondaryDisplay/Available/VisitAvailable_WithDisplayUnitIsInPerfectCondition: Test Cases/ShopOpen/RemainingMainCategories/SecondaryDisplay/Available/VisitAvailable_WithDisplayUnitIsInPerfectCondition

2019-01-11 17:48:52 - [TEST_STEP][PASSED] - verifyElementExist(findTestObject("CommonScreenElements/Validate_CameraScreen", ["package":PACKAGENAME]), 0): Element 'Object Repository/CommonScreenElements/Validate_CameraScreen' is exist

2019-01-11 17:48:52 - [MESSAGE][WARNING] - Timeout '0' is invalid. Using default page load timeout: '5'

2019-01-11 17:48:54 - [MESSAGE][PASSED] - Element 'Object Repository/CommonScreenElements/Validate_CameraScreen' is exist

2019-01-11 17:48:54 - [TEST_STEP][PASSED] - tap(findTestObject("CommonScreenElements/TakePictureButton", ["package":PACKAGENAME]), 0): Tapped on element 'Object Repository/CommonScreenElements/TakePictureButton'

2019-01-11 17:48:54 - [MESSAGE][WARNING] - Timeout '0' is invalid. Using default page load timeout: '5'

2019-01-11 17:48:57 - [MESSAGE][PASSED] - Tapped on element 'Object Repository/CommonScreenElements/TakePictureButton'

2019-01-11 17:48:57 - [TEST_STEP][PASSED] - delay(5, STOP_ON_FAILURE): Delayed 5 second(s)

2019-01-11 17:49:02 - [MESSAGE][PASSED] - Delayed 5 second(s)

2019-01-11 17:49:02 - [TEST_STEP][PASSED] - tap(findTestObject("CommonScreenElements/DoneButton", ["package":PACKAGENAME]), 0): Tapped on element 'Object Repository/CommonScreenElements/DoneButton'

2019-01-11 17:49:02 - [MESSAGE][WARNING] - Timeout '0' is invalid. Using default page load timeout: '5'

2019-01-11 17:49:03 - [MESSAGE][PASSED] - Tapped on element 'Object Repository/CommonScreenElements/DoneButton'

2019-01-11 17:49:03 - [TEST_STEP][PASSED] - verifyElementExist(findTestObject("ShopOpen/RemainingMainCategories/SecondaryDisplay/Available/Validate_AvailableRemarksScreen", ["package":PACKAGENAME]), 0): Element 'Object Repository/ShopOpen/RemainingMainCategories/SecondaryDisplay/Available/Validate_AvailableRemarksScreen' is exist

2019-01-11 17:49:03 - [MESSAGE][WARNING] - Timeout '0' is invalid. Using default page load timeout: '5'

2019-01-11 17:49:05 - [MESSAGE][PASSED] - Element 'Object Repository/ShopOpen/RemainingMainCategories/SecondaryDisplay/Available/Validate_AvailableRemarksScreen' is exist

2019-01-11 17:49:05 - [TEST_STEP][PASSED] - com.ct.qa.keywords.SecondaryDisplayKeywords.selectSecondaryDisplay_AvailableRemark("Display Unit is in perfect condition", 0): com.ct.qa.keywords.SecondaryDisplayKeywords.selectSecondaryDisplay_AvailableRemark is PASSED

2019-01-11 17:49:06 - [MESSAGE][PASSED] - com.ct.qa.keywords.SecondaryDisplayKeywords.selectSecondaryDisplay_AvailableRemark is PASSED

2019-01-11 17:49:06 - [TEST_STEP][PASSED] - verifyElementText(findTestObject("ShopOpen/RemainingMainCategories/SecondaryDisplay/Available/Validate_UtilizationPopUpScreen", ["package":PACKAGENAME]), "Utilization"): Actual text and expected text of test object 'Object Repository/ShopOpen/RemainingMainCategories/SecondaryDisplay/Available/Validate_UtilizationPopUpScreen' are matched.

2019-01-11 17:49:07 - [MESSAGE][PASSED] - Actual text and expected text of test object 'Object Repository/ShopOpen/RemainingMainCategories/SecondaryDisplay/Available/Validate_UtilizationPopUpScreen' are matched.

2019-01-11 17:49:07 - [TEST_STEP][PASSED] - com.ct.qa.keywords.SecondaryDisplayKeywords.enterUtilizationForSecondaryDisplay(1): com.ct.qa.keywords.SecondaryDisplayKeywords.enterUtilizationForSecondaryDisplay is PASSED

2019-01-11 17:49:12 - [MESSAGE][PASSED] - com.ct.qa.keywords.SecondaryDisplayKeywords.enterUtilizationForSecondaryDisplay is PASSED

2019-01-11 17:49:12 - [TEST_STEP][PASSED] - hideKeyboard(): Keyboard is hidden

2019-01-11 17:49:13 - [MESSAGE][PASSED] - Keyboard is hidden

2019-01-11 17:49:13 - [TEST_STEP][PASSED] - tap(findTestObject("ShopOpen/RemainingMainCategories/SecondaryDisplay/Available/Utilization_SubmitButton", ["package":PACKAGENAME]), 0, STOP_ON_FAILURE): Tapped on element 'Object Repository/ShopOpen/RemainingMainCategories/SecondaryDisplay/Available/Utilization_SubmitButton'

2019-01-11 17:49:13 - [MESSAGE][WARNING] - Timeout '0' is invalid. Using default page load timeout: '5'

2019-01-11 17:49:14 - [MESSAGE][PASSED] - Tapped on element 'Object Repository/ShopOpen/RemainingMainCategories/SecondaryDisplay/Available/Utilization_SubmitButton'

2019-01-11 17:49:14 - [TEST_STEP][PASSED] - verifyElementExist(findTestObject("ShopOpen/RemainingMainCategories/SecondaryDisplay/Available/Validate_UnitsListScreen", ["package":PACKAGENAME]), 0): Element 'Object Repository/ShopOpen/RemainingMainCategories/SecondaryDisplay/Available/Validate_UnitsListScreen' is exist

2019-01-11 17:49:14 - [MESSAGE][WARNING] - Timeout '0' is invalid. Using default page load timeout: '5'

2019-01-11 17:49:15 - [MESSAGE][PASSED] - Element 'Object Repository/ShopOpen/RemainingMainCategories/SecondaryDisplay/Available/Validate_UnitsListScreen' is exist

2019-01-11 17:49:15 - [MESSAGE][PASSED] - Call Test Case 'Test Cases/ShopOpen/RemainingMainCategories/SecondaryDisplay/Available/VisitAvailable_WithDisplayUnitIsInPerfectCondition' successfully

2019-01-11 17:49:15 - [MESSAGE][PASSED] - com.ct.qa.keywords.SecondaryDisplayKeywords.visitSecondaryDisplayUnitsList is PASSED

2019-01-11 17:49:15 - [TEST_STEP][PASSED] - tap(findTestObject("ShopOpen/RemainingMainCategories/SecondaryDisplay/Available/UnitsList_BackButton"), 0): Tapped on element 'Object Repository/ShopOpen/RemainingMainCategories/SecondaryDisplay/Available/UnitsList_BackButton'

2019-01-11 17:49:15 - [MESSAGE][WARNING] - Timeout '0' is invalid. Using default page load timeout: '5'

2019-01-11 17:49:15 - [MESSAGE][PASSED] - Tapped on element 'Object Repository/ShopOpen/RemainingMainCategories/SecondaryDisplay/Available/UnitsList_BackButton'

2019-01-11 17:49:15 - [TEST_STEP][PASSED] - verifyElementExist(findTestObject("ShopOpen/RemainingMainCategories/Validate_MainCategoryDetailActionScreen", ["package":PACKAGENAME]), 0): Element 'Object Repository/ShopOpen/RemainingMainCategories/Validate_MainCategoryDetailActionScreen' is exist

2019-01-11 17:49:15 - [MESSAGE][WARNING] - Timeout '0' is invalid. Using default page load timeout: '5'

2019-01-11 17:49:16 - [MESSAGE][PASSED] - Element 'Object Repository/ShopOpen/RemainingMainCategories/Validate_MainCategoryDetailActionScreen' is exist

2019-01-11 17:49:16 - [MESSAGE][PASSED] - Call Test Case 'Test Cases/ShopOpen/RemainingMainCategories/SecondaryDisplay/Available/VisitSecondaryDisplayAvailable' successfully

2019-01-11 17:49:16 - [MESSAGE][PASSED] - com.ct.qa.keywords.SecondaryDisplayKeywords.selectSecondaryDisplayRemark_WithDataVerification is PASSED

2019-01-11 17:49:16 - [MESSAGE][PASSED] - Call Test Case 'Test Cases/ShopOpen/RemainingMainCategories/SecondaryDisplay/SecondaryDisplay_VisitingScenarios/VisitSecondaryDisplayWith_DataVerification' successfully

2019-01-11 17:49:16 - [MESSAGE][PASSED] - com.ct.qa.keywords.RemainingMainCategoryRemarksVisitingScenariosKeywords.visitRemarksWith_DataVerification is PASSED

2019-01-11 17:49:16 - [TEST_STEP][PASSED] - tap(findTestObject("ShopOpen/RemainingMainCategories/BackButton", ["package":PACKAGENAME]), 0): Tapped on element 'Object Repository/ShopOpen/RemainingMainCategories/BackButton'

2019-01-11 17:49:16 - [MESSAGE][WARNING] - Timeout '0' is invalid. Using default page load timeout: '5'

2019-01-11 17:49:18 - [MESSAGE][PASSED] - Tapped on element 'Object Repository/ShopOpen/RemainingMainCategories/BackButton'

2019-01-11 17:49:18 - [TEST_STEP][PASSED] - verifyElementExist(findTestObject("ShopOpen/Validate_ShopCategoriesListScreen", ["package":PACKAGENAME]), 0): Element 'Object Repository/ShopOpen/Validate_ShopCategoriesListScreen' is exist

2019-01-11 17:49:18 - [MESSAGE][WARNING] - Timeout '0' is invalid. Using default page load timeout: '5'

2019-01-11 17:49:19 - [MESSAGE][PASSED] - Element 'Object Repository/ShopOpen/Validate_ShopCategoriesListScreen' is exist

2019-01-11 17:49:19 - [MESSAGE][PASSED] - Call Test Case 'Test Cases/ShopOpen/RemainingMainCategories/MainCategoryRemarksVisitingScenarios/VisitRemarksWith_DataVerification' successfully

2019-01-11 17:49:21 - [MESSAGE][PASSED] - Swiped from 0,293 to 0,200

2019-01-11 17:49:23 - [TEST_CASE][PASSED] - Test Cases/ShopOpen/RemainingMainCategories/MainCategoryRemarksVisitingScenarios/VisitRemarksWith_DataVerification: Test Cases/ShopOpen/RemainingMainCategories/MainCategoryRemarksVisitingScenarios/VisitRemarksWith_DataVerification

2019-01-11 17:49:23 - [TEST_STEP][PASSED] - verifyElementExist(findTestObject("ShopOpen/RemainingMainCategories/Validate_MainCategoryDetailActionScreen", ["package":PACKAGENAME]), 0): Element 'Object Repository/ShopOpen/RemainingMainCategories/Validate_MainCategoryDetailActionScreen' is exist

2019-01-11 17:49:23 - [MESSAGE][WARNING] - Timeout '0' is invalid. Using default page load timeout: '5'

2019-01-11 17:49:25 - [MESSAGE][PASSED] - Element 'Object Repository/ShopOpen/RemainingMainCategories/Validate_MainCategoryDetailActionScreen' is exist

2019-01-11 17:49:25 - [TEST_STEP][PASSED] - com.ct.qa.keywords.RemainingMainCategoryRemarksVisitingScenariosKeywords.visitRemarksWith_DataVerification(): com.ct.qa.keywords.RemainingMainCategoryRemarksVisitingScenariosKeywords.visitRemarksWith_DataVerification is PASSED

2019-01-11 17:49:27 - [TEST_CASE][PASSED] - Test Cases/ShopOpen/RemainingMainCategories/Availability/VisitAvailability_WithYesRemark: Test Cases/ShopOpen/RemainingMainCategories/Availability/VisitAvailability_WithYesRemark

2019-01-11 17:49:27 - [TEST_STEP][PASSED] - verifyElementExist(findTestObject("ShopOpen/RemainingMainCategories/_Availability/Validate_SubCategoriesScreen", ["package":PACKAGENAME]), 0): Element 'Object Repository/ShopOpen/RemainingMainCategories/_Availability/Validate_SubCategoriesScreen' is exist

2019-01-11 17:49:27 - [MESSAGE][WARNING] - Timeout '0' is invalid. Using default page load timeout: '5'

2019-01-11 17:49:29 - [MESSAGE][PASSED] - Element 'Object Repository/ShopOpen/RemainingMainCategories/_Availability/Validate_SubCategoriesScreen' is exist

2019-01-11 17:49:29 - [TEST_STEP][PASSED] - com.ct.qa.keywords.AvailabilityKeywords.visitAvailabilitySubCategories(1): com.ct.qa.keywords.AvailabilityKeywords.visitAvailabilitySubCategories is PASSED

2019-01-11 17:49:30 - [TEST_CASE][PASSED] - Test Cases/ShopOpen/RemainingMainCategories/Availability/VisitSubCategories_WithYesRemarks: Test Cases/ShopOpen/RemainingMainCategories/Availability/VisitSubCategories_WithYesRemarks

2019-01-11 17:49:30 - [TEST_STEP][PASSED] - verifyElementText(findTestObject("ShopOpen/RemainingMainCategories/_Availability/Validate_SubCategoryDetailScreen", ["package":PACKAGENAME]), "Availability"): Actual text and expected text of test object 'Object Repository/ShopOpen/RemainingMainCategories/_Availability/Validate_SubCategoryDetailScreen' are matched.

2019-01-11 17:49:32 - [MESSAGE][PASSED] - Actual text and expected text of test object 'Object Repository/ShopOpen/RemainingMainCategories/_Availability/Validate_SubCategoryDetailScreen' are matched.

2019-01-11 17:49:32 - [TEST_STEP][PASSED] - tap(findTestObject("ShopOpen/RemainingMainCategories/_Availability/Availability", ["package":PACKAGENAME]), 0): Tapped on element 'Object Repository/ShopOpen/RemainingMainCategories/_Availability/Availability'

2019-01-11 17:49:32 - [MESSAGE][WARNING] - Timeout '0' is invalid. Using default page load timeout: '5'

2019-01-11 17:49:32 - [MESSAGE][PASSED] - Tapped on element 'Object Repository/ShopOpen/RemainingMainCategories/_Availability/Availability'

2019-01-11 17:49:32 - [TEST_STEP][PASSED] - verifyElementText(findTestObject("ShopOpen/RemainingMainCategories/_Availability/Validate_ProductAvailabilityScreen", ["package":PACKAGENAME]), "Availability"): Actual text and expected text of test object 'Object Repository/ShopOpen/RemainingMainCategories/_Availability/Validate_ProductAvailabilityScreen' are matched.

2019-01-11 17:49:35 - [MESSAGE][PASSED] - Actual text and expected text of test object 'Object Repository/ShopOpen/RemainingMainCategories/_Availability/Validate_ProductAvailabilityScreen' are matched.

2019-01-11 17:49:35 - [TEST_STEP][PASSED] - com.ct.qa.keywords.AvailabilityKeywords.visitProductsAvailabilityWithYesRemarks(): com.ct.qa.keywords.AvailabilityKeywords.visitProductsAvailabilityWithYesRemarks is PASSED

2019-01-11 17:49:49 - [MESSAGE][PASSED] - Swiped from 0,275 to 0,200

2019-01-11 17:49:53 - [MESSAGE][PASSED] - Swiped from 0,274 to 0,200

2019-01-11 17:49:56 - [MESSAGE][PASSED] - Swiped from 0,275 to 0,200

2019-01-11 17:49:59 - [MESSAGE][PASSED] - Swiped from 0,274 to 0,200

2019-01-11 17:50:03 - [MESSAGE][PASSED] - Swiped from 0,275 to 0,200

2019-01-11 17:50:07 - [MESSAGE][PASSED] - Swiped from 0,274 to 0,200

2019-01-11 17:50:10 - [MESSAGE][PASSED] - Swiped from 0,275 to 0,200

2019-01-11 17:50:13 - [MESSAGE][PASSED] - Swiped from 0,274 to 0,200

2019-01-11 17:50:17 - [MESSAGE][PASSED] - Swiped from 0,275 to 0,200

2019-01-11 17:50:17 - [MESSAGE][PASSED] - com.ct.qa.keywords.AvailabilityKeywords.visitProductsAvailabilityWithYesRemarks is PASSED

2019-01-11 17:50:17 - [TEST_STEP][PASSED] - tap(findTestObject("ShopOpen/RemainingMainCategories/_Availability/ProductAvailability_SubmitButton", ["package":PACKAGENAME]), 0): Tapped on element 'Object Repository/ShopOpen/RemainingMainCategories/_Availability/ProductAvailability_SubmitButton'

2019-01-11 17:50:17 - [MESSAGE][WARNING] - Timeout '0' is invalid. Using default page load timeout: '5'

2019-01-11 17:50:18 - [MESSAGE][PASSED] - Tapped on element 'Object Repository/ShopOpen/RemainingMainCategories/_Availability/ProductAvailability_SubmitButton'

2019-01-11 17:50:18 - [TEST_STEP][PASSED] - verifyElementText(findTestObject("ShopOpen/RemainingMainCategories/_Availability/Validate_SubCategoryDetailScreen", ["package":PACKAGENAME]), "Availability"): Actual text and expected text of test object 'Object Repository/ShopOpen/RemainingMainCategories/_Availability/Validate_SubCategoryDetailScreen' are matched.

2019-01-11 17:50:19 - [MESSAGE][PASSED] - Actual text and expected text of test object 'Object Repository/ShopOpen/RemainingMainCategories/_Availability/Validate_SubCategoryDetailScreen' are matched.

2019-01-11 17:50:19 - [TEST_STEP][PASSED] - pressBack(): Press back button successfully

2019-01-11 17:50:19 - [MESSAGE][PASSED] - Press back button successfully

2019-01-11 17:50:19 - [TEST_STEP][PASSED] - verifyElementExist(findTestObject("ShopOpen/RemainingMainCategories/_Availability/Validate_SubCategoriesScreen", ["package":PACKAGENAME]), 0): Element 'Object Repository/ShopOpen/RemainingMainCategories/_Availability/Validate_SubCategoriesScreen' is exist

2019-01-11 17:50:19 - [MESSAGE][WARNING] - Timeout '0' is invalid. Using default page load timeout: '5'

2019-01-11 17:50:20 - [MESSAGE][PASSED] - Element 'Object Repository/ShopOpen/RemainingMainCategories/_Availability/Validate_SubCategoriesScreen' is exist

2019-01-11 17:50:20 - [MESSAGE][PASSED] - Call Test Case 'Test Cases/ShopOpen/RemainingMainCategories/Availability/VisitSubCategories_WithYesRemarks' successfully

2019-01-11 17:50:20 - [MESSAGE][PASSED] - com.ct.qa.keywords.AvailabilityKeywords.visitAvailabilitySubCategories is PASSED

2019-01-11 17:50:20 - [TEST_STEP][PASSED] - pressBack(): Press back button successfully

2019-01-11 17:50:21 - [MESSAGE][PASSED] - Press back button successfully

2019-01-11 17:50:21 - [TEST_STEP][PASSED] - verifyElementExist(findTestObject("ShopOpen/RemainingMainCategories/Validate_MainCategoryDetailActionScreen", ["package":PACKAGENAME]), 0): Element 'Object Repository/ShopOpen/RemainingMainCategories/Validate_MainCategoryDetailActionScreen' is exist

2019-01-11 17:50:21 - [MESSAGE][WARNING] - Timeout '0' is invalid. Using default page load timeout: '5'

2019-01-11 17:50:22 - [MESSAGE][PASSED] - Element 'Object Repository/ShopOpen/RemainingMainCategories/Validate_MainCategoryDetailActionScreen' is exist

2019-01-11 17:50:22 - [MESSAGE][PASSED] - Call Test Case 'Test Cases/ShopOpen/RemainingMainCategories/Availability/VisitAvailability_WithYesRemark' successfully

2019-01-11 17:50:23 - [TEST_CASE][PASSED] - Test Cases/ShopOpen/RemainingMainCategories/PrimaryDisplay/VisitPrimaryDisplayWith_DataVerification: Test Cases/ShopOpen/RemainingMainCategories/PrimaryDisplay/VisitPrimaryDisplayWith_DataVerification

2019-01-11 17:50:23 - [TEST_STEP][PASSED] - verifyElementExist(findTestObject("ShopOpen/RemainingMainCategories/PrimaryDisplay/Validate_PrimaryDisplayRemarksScreen", ["package":PACKAGENAME]), 0): Element 'Object Repository/ShopOpen/RemainingMainCategories/PrimaryDisplay/Validate_PrimaryDisplayRemarksScreen' is exist

2019-01-11 17:50:23 - [MESSAGE][WARNING] - Timeout '0' is invalid. Using default page load timeout: '5'

2019-01-11 17:50:25 - [MESSAGE][PASSED] - Element 'Object Repository/ShopOpen/RemainingMainCategories/PrimaryDisplay/Validate_PrimaryDisplayRemarksScreen' is exist

2019-01-11 17:50:25 - [TEST_STEP][PASSED] - com.ct.qa.keywords.PrimaryDisplayKeywords.selectPrimaryDisplayRemark_ForDataVerfication(): com.ct.qa.keywords.PrimaryDisplayKeywords.selectPrimaryDisplayRemark_ForDataVerfication is PASSED

2019-01-11 17:50:27 - [MESSAGE][WARNING] - Timeout '0' is invalid. Using default page load timeout: '5'

2019-01-11 17:50:28 - [MESSAGE][PASSED] - Element 'Object Repository/CommonScreenElements/Validate_CameraScreen' is exist

2019-01-11 17:50:28 - [MESSAGE][WARNING] - Timeout '0' is invalid. Using default page load timeout: '5'

2019-01-11 17:50:31 - [MESSAGE][PASSED] - Tapped on element 'Object Repository/CommonScreenElements/TakePictureButton'

2019-01-11 17:50:36 - [MESSAGE][PASSED] - Delayed 5 second(s)

2019-01-11 17:50:36 - [MESSAGE][WARNING] - Timeout '0' is invalid. Using default page load timeout: '5'

2019-01-11 17:50:37 - [MESSAGE][PASSED] - Tapped on element 'Object Repository/CommonScreenElements/DoneButton'

2019-01-11 17:50:37 - [TEST_CASE][PASSED] - Test Cases/ShopOpen/RemainingMainCategories/PrimaryDisplay/DisplaySpaceAvailable/VisitDSA: Test Cases/ShopOpen/RemainingMainCategories/PrimaryDisplay/DisplaySpaceAvailable/VisitDSA

2019-01-11 17:50:37 - [TEST_STEP][PASSED] - verifyElementExist(findTestObject("ShopOpen/RemainingMainCategories/PrimaryDisplay/DisplaySpaceAvailable/Validate_SubCategoriesScreen", ["package":PACKAGENAME]), 0): Element 'Object Repository/ShopOpen/RemainingMainCategories/PrimaryDisplay/DisplaySpaceAvailable/Validate_SubCategoriesScreen' is exist

2019-01-11 17:50:37 - [MESSAGE][WARNING] - Timeout '0' is invalid. Using default page load timeout: '5'

2019-01-11 17:50:39 - [MESSAGE][PASSED] - Element 'Object Repository/ShopOpen/RemainingMainCategories/PrimaryDisplay/DisplaySpaceAvailable/Validate_SubCategoriesScreen' is exist

2019-01-11 17:50:39 - [TEST_STEP][PASSED] - com.ct.qa.keywords.PrimaryDisplayKeywords.visitPrimaryDisplay_WithDSASubCategories(1): com.ct.qa.keywords.PrimaryDisplayKeywords.visitPrimaryDisplay_WithDSASubCategories is PASSED

2019-01-11 17:50:40 - [TEST_CASE][PASSED] - Test Cases/ShopOpen/RemainingMainCategories/PrimaryDisplay/DisplaySpaceAvailable/VisitDSA_SubCategories: Test Cases/ShopOpen/RemainingMainCategories/PrimaryDisplay/DisplaySpaceAvailable/VisitDSA_SubCategories

2019-01-11 17:50:40 - [TEST_STEP][PASSED] - verifyElementText(findTestObject("ShopOpen/RemainingMainCategories/PrimaryDisplay/DisplaySpaceAvailable/Validate_ShareOfShelfScreen", ["package":PACKAGENAME]), "Share of shelf"): Actual text and expected text of test object 'Object Repository/ShopOpen/RemainingMainCategories/PrimaryDisplay/DisplaySpaceAvailable/Validate_ShareOfShelfScreen' are matched.

2019-01-11 17:50:42 - [MESSAGE][PASSED] - Actual text and expected text of test object 'Object Repository/ShopOpen/RemainingMainCategories/PrimaryDisplay/DisplaySpaceAvailable/Validate_ShareOfShelfScreen' are matched.

2019-01-11 17:50:42 - [TEST_STEP][PASSED] - tap(findTestObject("ShopOpen/RemainingMainCategories/PrimaryDisplay/DisplaySpaceAvailable/ShareOfShelf", ["package":PACKAGENAME]), 0): Tapped on element 'Object Repository/ShopOpen/RemainingMainCategories/PrimaryDisplay/DisplaySpaceAvailable/ShareOfShelf'

2019-01-11 17:50:42 - [MESSAGE][WARNING] - Timeout '0' is invalid. Using default page load timeout: '5'

2019-01-11 17:50:42 - [MESSAGE][PASSED] - Tapped on element 'Object Repository/ShopOpen/RemainingMainCategories/PrimaryDisplay/DisplaySpaceAvailable/ShareOfShelf'

2019-01-11 17:50:42 - [TEST_STEP][PASSED] - verifyElementText(findTestObject("ShopOpen/RemainingMainCategories/PrimaryDisplay/DisplaySpaceAvailable/Validate_ShareOfShelfProductsScreen", ["package":PACKAGENAME]), "Share of shelf"): Actual text and expected text of test object 'Object Repository/ShopOpen/RemainingMainCategories/PrimaryDisplay/DisplaySpaceAvailable/Validate_ShareOfShelfProductsScreen' are matched.

2019-01-11 17:50:44 - [MESSAGE][PASSED] - Actual text and expected text of test object 'Object Repository/ShopOpen/RemainingMainCategories/PrimaryDisplay/DisplaySpaceAvailable/Validate_ShareOfShelfProductsScreen' are matched.

2019-01-11 17:50:44 - [TEST_STEP][PASSED] - com.ct.qa.keywords.PrimaryDisplayKeywords.visitDSA_Products(DISPLAYSPACEAVAILABLE): com.ct.qa.keywords.PrimaryDisplayKeywords.visitDSA_Products is PASSED

2019-01-11 17:50:48 - [MESSAGE][PASSED] - Keyboard is hidden

2019-01-11 17:50:51 - [MESSAGE][PASSED] - Keyboard is hidden

2019-01-11 17:50:54 - [MESSAGE][PASSED] - Keyboard is hidden

2019-01-11 17:50:57 - [MESSAGE][PASSED] - Keyboard is hidden

2019-01-11 17:51:00 - [MESSAGE][PASSED] - Keyboard is hidden

2019-01-11 17:51:03 - [MESSAGE][PASSED] - Keyboard is hidden

2019-01-11 17:51:07 - [MESSAGE][PASSED] - Swiped from 117,359 to 117,250

2019-01-11 17:51:10 - [MESSAGE][PASSED] - Keyboard is hidden

2019-01-11 17:51:12 - [MESSAGE][PASSED] - Swiped from 117,359 to 117,250

2019-01-11 17:51:15 - [MESSAGE][PASSED] - Keyboard is hidden

2019-01-11 17:51:17 - [MESSAGE][PASSED] - Swiped from 117,359 to 117,250

2019-01-11 17:51:20 - [MESSAGE][PASSED] - Keyboard is hidden

2019-01-11 17:51:22 - [MESSAGE][PASSED] - Swiped from 117,359 to 117,250

2019-01-11 17:51:25 - [MESSAGE][PASSED] - Keyboard is hidden

2019-01-11 17:51:27 - [MESSAGE][PASSED] - Swiped from 117,359 to 117,250

2019-01-11 17:51:30 - [MESSAGE][PASSED] - Keyboard is hidden

2019-01-11 17:51:32 - [MESSAGE][PASSED] - Swiped from 117,359 to 117,250

2019-01-11 17:51:35 - [MESSAGE][PASSED] - Keyboard is hidden

2019-01-11 17:51:37 - [MESSAGE][PASSED] - Swiped from 117,359 to 117,250

2019-01-11 17:51:40 - [MESSAGE][PASSED] - Keyboard is hidden

2019-01-11 17:51:42 - [MESSAGE][PASSED] - Swiped from 117,359 to 117,250

2019-01-11 17:51:45 - [MESSAGE][PASSED] - Keyboard is hidden

2019-01-11 17:51:47 - [MESSAGE][PASSED] - Swiped from 117,359 to 117,250

2019-01-11 17:51:50 - [MESSAGE][PASSED] - Keyboard is hidden

2019-01-11 17:51:52 - [MESSAGE][PASSED] - Swiped from 117,359 to 117,250

2019-01-11 17:51:55 - [MESSAGE][PASSED] - Keyboard is hidden

2019-01-11 17:51:57 - [MESSAGE][PASSED] - Swiped from 117,359 to 117,250

2019-01-11 17:52:00 - [MESSAGE][PASSED] - Keyboard is hidden

2019-01-11 17:52:02 - [MESSAGE][PASSED] - Swiped from 117,359 to 117,250

2019-01-11 17:52:03 - [MESSAGE][PASSED] - com.ct.qa.keywords.PrimaryDisplayKeywords.visitDSA_Products is PASSED

2019-01-11 17:52:03 - [TEST_STEP][PASSED] - tap(findTestObject("ShopOpen/RemainingMainCategories/PrimaryDisplay/DisplaySpaceAvailable/SubmitButton", ["package":PACKAGENAME]), 0): Tapped on element 'Object Repository/ShopOpen/RemainingMainCategories/PrimaryDisplay/DisplaySpaceAvailable/SubmitButton'

2019-01-11 17:52:03 - [MESSAGE][WARNING] - Timeout '0' is invalid. Using default page load timeout: '5'

2019-01-11 17:52:03 - [MESSAGE][PASSED] - Tapped on element 'Object Repository/ShopOpen/RemainingMainCategories/PrimaryDisplay/DisplaySpaceAvailable/SubmitButton'

2019-01-11 17:52:03 - [TEST_STEP][PASSED] - verifyElementText(findTestObject("ShopOpen/RemainingMainCategories/PrimaryDisplay/DisplaySpaceAvailable/Validate_AlertScreen", ["package":PACKAGENAME]), "Alert"): Actual text and expected text of test object 'Object Repository/ShopOpen/RemainingMainCategories/PrimaryDisplay/DisplaySpaceAvailable/Validate_AlertScreen' are matched.

2019-01-11 17:52:05 - [MESSAGE][PASSED] - Actual text and expected text of test object 'Object Repository/ShopOpen/RemainingMainCategories/PrimaryDisplay/DisplaySpaceAvailable/Validate_AlertScreen' are matched.

2019-01-11 17:52:05 - [TEST_STEP][PASSED] - tap(findTestObject("ShopOpen/RemainingMainCategories/PrimaryDisplay/DisplaySpaceAvailable/Alert_SaveButton", ["package":PACKAGENAME]), 0): Tapped on element 'Object Repository/ShopOpen/RemainingMainCategories/PrimaryDisplay/DisplaySpaceAvailable/Alert_SaveButton'

2019-01-11 17:52:05 - [MESSAGE][WARNING] - Timeout '0' is invalid. Using default page load timeout: '5'

2019-01-11 17:52:05 - [MESSAGE][PASSED] - Tapped on element 'Object Repository/ShopOpen/RemainingMainCategories/PrimaryDisplay/DisplaySpaceAvailable/Alert_SaveButton'

2019-01-11 17:52:05 - [TEST_STEP][PASSED] - verifyElementText(findTestObject("ShopOpen/RemainingMainCategories/PrimaryDisplay/DisplaySpaceAvailable/Validate_ShareOfShelfScreen", ["package":PACKAGENAME]), "Share of shelf"): Actual text and expected text of test object 'Object Repository/ShopOpen/RemainingMainCategories/PrimaryDisplay/DisplaySpaceAvailable/Validate_ShareOfShelfScreen' are matched.

2019-01-11 17:52:06 - [MESSAGE][PASSED] - Actual text and expected text of test object 'Object Repository/ShopOpen/RemainingMainCategories/PrimaryDisplay/DisplaySpaceAvailable/Validate_ShareOfShelfScreen' are matched.

2019-01-11 17:52:06 - [TEST_STEP][PASSED] - tap(findTestObject("ShopOpen/RemainingMainCategories/PrimaryDisplay/DisplaySpaceAvailable/ShareofShelf_BackButton", ["package":PACKAGENAME]), 0): Tapped on element 'Object Repository/ShopOpen/RemainingMainCategories/PrimaryDisplay/DisplaySpaceAvailable/ShareofShelf_BackButton'

2019-01-11 17:52:06 - [MESSAGE][WARNING] - Timeout '0' is invalid. Using default page load timeout: '5'

2019-01-11 17:52:06 - [MESSAGE][PASSED] - Tapped on element 'Object Repository/ShopOpen/RemainingMainCategories/PrimaryDisplay/DisplaySpaceAvailable/ShareofShelf_BackButton'

2019-01-11 17:52:06 - [TEST_STEP][PASSED] - verifyElementExist(findTestObject("ShopOpen/RemainingMainCategories/PrimaryDisplay/DisplaySpaceAvailable/Validate_SubCategoriesScreen", ["package":PACKAGENAME]), 0): Element 'Object Repository/ShopOpen/RemainingMainCategories/PrimaryDisplay/DisplaySpaceAvailable/Validate_SubCategoriesScreen' is exist

2019-01-11 17:52:06 - [MESSAGE][WARNING] - Timeout '0' is invalid. Using default page load timeout: '5'

2019-01-11 17:52:07 - [MESSAGE][PASSED] - Element 'Object Repository/ShopOpen/RemainingMainCategories/PrimaryDisplay/DisplaySpaceAvailable/Validate_SubCategoriesScreen' is exist

2019-01-11 17:52:07 - [MESSAGE][PASSED] - Call Test Case 'Test Cases/ShopOpen/RemainingMainCategories/PrimaryDisplay/DisplaySpaceAvailable/VisitDSA_SubCategories' successfully

2019-01-11 17:52:07 - [MESSAGE][PASSED] - com.ct.qa.keywords.PrimaryDisplayKeywords.visitPrimaryDisplay_WithDSASubCategories is PASSED

2019-01-11 17:52:07 - [TEST_STEP][PASSED] - com.ct.qa.keywords.CommonKeywords.findPlanogramImageView(): com.ct.qa.keywords.CommonKeywords.findPlanogramImageView is PASSED

2019-01-11 17:52:09 - [MESSAGE][WARNING] - Timeout '0' is invalid. Using default page load timeout: '5'

2019-01-11 17:52:16 - [MESSAGE][WARNING] - Object Object Repository/CommonScreenElements/InfoPopUp_OKButton not found
[[ATTACHMENT|F:\\Git Projects\\PnG_Merchandising\\PnG_Merchandising\\Reports\\PnG Merchandising With Channel Wise Data Verification\\20190111_162651\\1547211134845.png]]

2019-01-11 17:52:17 - [MESSAGE][PASSED] - com.ct.qa.keywords.CommonKeywords.findPlanogramImageView is PASSED

2019-01-11 17:52:17 - [TEST_STEP][PASSED] - verifyElementExist(findTestObject("ShopOpen/RemainingMainCategories/PrimaryDisplay/DisplaySpaceAvailable/Validate_SubCategoriesScreen", ["package":PACKAGENAME]), 0): Element 'Object Repository/ShopOpen/RemainingMainCategories/PrimaryDisplay/DisplaySpaceAvailable/Validate_SubCategoriesScreen' is exist

2019-01-11 17:52:17 - [MESSAGE][WARNING] - Timeout '0' is invalid. Using default page load timeout: '5'

2019-01-11 17:52:18 - [MESSAGE][PASSED] - Element 'Object Repository/ShopOpen/RemainingMainCategories/PrimaryDisplay/DisplaySpaceAvailable/Validate_SubCategoriesScreen' is exist

2019-01-11 17:52:18 - [TEST_STEP][PASSED] - com.ct.qa.keywords.CommonKeywords.findPictureImageView(): com.ct.qa.keywords.CommonKeywords.findPictureImageView is PASSED

2019-01-11 17:52:19 - [MESSAGE][WARNING] - Timeout '0' is invalid. Using default page load timeout: '5'

2019-01-11 17:52:21 - [MESSAGE][PASSED] - Element 'Object Repository/CommonScreenElements/Validate_CameraScreen' is exist

2019-01-11 17:52:21 - [MESSAGE][WARNING] - Timeout '0' is invalid. Using default page load timeout: '5'

2019-01-11 17:52:25 - [MESSAGE][PASSED] - Tapped on element 'Object Repository/CommonScreenElements/TakePictureButton'

2019-01-11 17:52:30 - [MESSAGE][PASSED] - Delayed 5 second(s)

2019-01-11 17:52:30 - [MESSAGE][WARNING] - Timeout '0' is invalid. Using default page load timeout: '5'

2019-01-11 17:52:30 - [MESSAGE][PASSED] - Tapped on element 'Object Repository/CommonScreenElements/DoneButton'

2019-01-11 17:52:30 - [MESSAGE][PASSED] - com.ct.qa.keywords.CommonKeywords.findPictureImageView is PASSED

2019-01-11 17:52:30 - [TEST_STEP][PASSED] - verifyElementExist(findTestObject("ShopOpen/RemainingMainCategories/PrimaryDisplay/DisplaySpaceAvailable/Validate_SubCategoriesScreen", ["package":PACKAGENAME]), 0): Element 'Object Repository/ShopOpen/RemainingMainCategories/PrimaryDisplay/DisplaySpaceAvailable/Validate_SubCategoriesScreen' is exist

2019-01-11 17:52:30 - [MESSAGE][WARNING] - Timeout '0' is invalid. Using default page load timeout: '5'

2019-01-11 17:52:31 - [MESSAGE][PASSED] - Element 'Object Repository/ShopOpen/RemainingMainCategories/PrimaryDisplay/DisplaySpaceAvailable/Validate_SubCategoriesScreen' is exist

2019-01-11 17:52:31 - [TEST_STEP][PASSED] - com.ct.qa.keywords.CommonKeywords.findBackButtonImageView(): com.ct.qa.keywords.CommonKeywords.findBackButtonImageView is PASSED

2019-01-11 17:52:33 - [MESSAGE][PASSED] - com.ct.qa.keywords.CommonKeywords.findBackButtonImageView is PASSED

2019-01-11 17:52:33 - [TEST_STEP][PASSED] - verifyElementExist(findTestObject("ShopOpen/RemainingMainCategories/Validate_MainCategoryDetailActionScreen", ["package":PACKAGENAME]), 0): Element 'Object Repository/ShopOpen/RemainingMainCategories/Validate_MainCategoryDetailActionScreen' is exist

2019-01-11 17:52:33 - [MESSAGE][WARNING] - Timeout '0' is invalid. Using default page load timeout: '5'

2019-01-11 17:52:34 - [MESSAGE][PASSED] - Element 'Object Repository/ShopOpen/RemainingMainCategories/Validate_MainCategoryDetailActionScreen' is exist

2019-01-11 17:52:34 - [MESSAGE][PASSED] - Call Test Case 'Test Cases/ShopOpen/RemainingMainCategories/PrimaryDisplay/DisplaySpaceAvailable/VisitDSA' successfully

2019-01-11 17:52:34 - [MESSAGE][PASSED] - com.ct.qa.keywords.PrimaryDisplayKeywords.selectPrimaryDisplayRemark_ForDataVerfication is PASSED

2019-01-11 17:52:34 - [MESSAGE][PASSED] - Call Test Case 'Test Cases/ShopOpen/RemainingMainCategories/PrimaryDisplay/VisitPrimaryDisplayWith_DataVerification' successfully

2019-01-11 17:52:34 - [TEST_CASE][PASSED] - Test Cases/ShopOpen/RemainingMainCategories/SecondaryDisplay/SecondaryDisplay_VisitingScenarios/VisitSecondaryDisplayWith_DataVerification: Test Cases/ShopOpen/RemainingMainCategories/SecondaryDisplay/SecondaryDisplay_VisitingScenarios/VisitSecondaryDisplayWith_DataVerification

2019-01-11 17:52:34 - [TEST_STEP][PASSED] - verifyElementExist(findTestObject("ShopOpen/RemainingMainCategories/SecondaryDisplay/Validate_SecondaryDisplayRemarksScreen", ["package":PACKAGENAME]), 0): Element 'Object Repository/ShopOpen/RemainingMainCategories/SecondaryDisplay/Validate_SecondaryDisplayRemarksScreen' is exist

2019-01-11 17:52:34 - [MESSAGE][WARNING] - Timeout '0' is invalid. Using default page load timeout: '5'

2019-01-11 17:52:37 - [MESSAGE][PASSED] - Element 'Object Repository/ShopOpen/RemainingMainCategories/SecondaryDisplay/Validate_SecondaryDisplayRemarksScreen' is exist

2019-01-11 17:52:37 - [TEST_STEP][PASSED] - com.ct.qa.keywords.SecondaryDisplayKeywords.selectSecondaryDisplayRemark_WithDataVerification(): com.ct.qa.keywords.SecondaryDisplayKeywords.selectSecondaryDisplayRemark_WithDataVerification is PASSED

2019-01-11 17:52:38 - [TEST_CASE][PASSED] - Test Cases/ShopOpen/RemainingMainCategories/SecondaryDisplay/Available/VisitSecondaryDisplayAvailable: Test Cases/ShopOpen/RemainingMainCategories/SecondaryDisplay/Available/VisitSecondaryDisplayAvailable

2019-01-11 17:52:38 - [TEST_STEP][PASSED] - verifyElementText(findTestObject("ShopOpen/RemainingMainCategories/SecondaryDisplay/Available/Validate_UnitsScreen"), "Units"): Actual text and expected text of test object 'Object Repository/ShopOpen/RemainingMainCategories/SecondaryDisplay/Available/Validate_UnitsScreen' are matched.

2019-01-11 17:52:39 - [MESSAGE][PASSED] - Actual text and expected text of test object 'Object Repository/ShopOpen/RemainingMainCategories/SecondaryDisplay/Available/Validate_UnitsScreen' are matched.

2019-01-11 17:52:39 - [TEST_STEP][PASSED] - com.ct.qa.keywords.SecondaryDisplayKeywords.enterUnitsForSecondaryDisplay(): com.ct.qa.keywords.SecondaryDisplayKeywords.enterUnitsForSecondaryDisplay is PASSED

2019-01-11 17:52:42 - [MESSAGE][PASSED] - Keyboard is hidden

2019-01-11 17:52:44 - [MESSAGE][PASSED] - Keyboard is hidden

2019-01-11 17:52:44 - [MESSAGE][PASSED] - com.ct.qa.keywords.SecondaryDisplayKeywords.enterUnitsForSecondaryDisplay is PASSED

2019-01-11 17:52:44 - [TEST_STEP][PASSED] - tap(findTestObject("ShopOpen/RemainingMainCategories/SecondaryDisplay/Available/Units_SubmitButton", ["package":PACKAGENAME]), 0): Tapped on element 'Object Repository/ShopOpen/RemainingMainCategories/SecondaryDisplay/Available/Units_SubmitButton'

2019-01-11 17:52:44 - [MESSAGE][WARNING] - Timeout '0' is invalid. Using default page load timeout: '5'

2019-01-11 17:52:45 - [MESSAGE][PASSED] - Tapped on element 'Object Repository/ShopOpen/RemainingMainCategories/SecondaryDisplay/Available/Units_SubmitButton'

2019-01-11 17:52:45 - [TEST_STEP][PASSED] - verifyElementExist(findTestObject("ShopOpen/RemainingMainCategories/SecondaryDisplay/Available/Validate_UnitsListScreen", ["package":PACKAGENAME]), 0): Element 'Object Repository/ShopOpen/RemainingMainCategories/SecondaryDisplay/Available/Validate_UnitsListScreen' is exist

2019-01-11 17:52:45 - [MESSAGE][WARNING] - Timeout '0' is invalid. Using default page load timeout: '5'

2019-01-11 17:52:47 - [MESSAGE][PASSED] - Element 'Object Repository/ShopOpen/RemainingMainCategories/SecondaryDisplay/Available/Validate_UnitsListScreen' is exist

2019-01-11 17:52:47 - [TEST_STEP][PASSED] - com.ct.qa.keywords.SecondaryDisplayKeywords.visitSecondaryDisplayUnitsList(): com.ct.qa.keywords.SecondaryDisplayKeywords.visitSecondaryDisplayUnitsList is PASSED

2019-01-11 17:52:49 - [TEST_CASE][PASSED] - Test Cases/ShopOpen/RemainingMainCategories/SecondaryDisplay/Available/VisitAvailableWith_DisplayUnitNeedMaintenance: Test Cases/ShopOpen/RemainingMainCategories/SecondaryDisplay/Available/VisitAvailableWith_DisplayUnitNeedMaintenance

2019-01-11 17:52:49 - [TEST_STEP][PASSED] - verifyElementExist(findTestObject("CommonScreenElements/Validate_CameraScreen", ["package":PACKAGENAME]), 0): Element 'Object Repository/CommonScreenElements/Validate_CameraScreen' is exist

2019-01-11 17:52:49 - [MESSAGE][WARNING] - Timeout '0' is invalid. Using default page load timeout: '5'

2019-01-11 17:52:50 - [MESSAGE][PASSED] - Element 'Object Repository/CommonScreenElements/Validate_CameraScreen' is exist

2019-01-11 17:52:50 - [TEST_STEP][PASSED] - tap(findTestObject("CommonScreenElements/TakePictureButton", ["package":PACKAGENAME]), 0): Tapped on element 'Object Repository/CommonScreenElements/TakePictureButton'

2019-01-11 17:52:50 - [MESSAGE][WARNING] - Timeout '0' is invalid. Using default page load timeout: '5'

2019-01-11 17:52:53 - [MESSAGE][PASSED] - Tapped on element 'Object Repository/CommonScreenElements/TakePictureButton'

2019-01-11 17:52:53 - [TEST_STEP][PASSED] - delay(5, STOP_ON_FAILURE): Delayed 5 second(s)

2019-01-11 17:52:58 - [MESSAGE][PASSED] - Delayed 5 second(s)

2019-01-11 17:52:58 - [TEST_STEP][PASSED] - tap(findTestObject("CommonScreenElements/DoneButton", ["package":PACKAGENAME]), 0): Tapped on element 'Object Repository/CommonScreenElements/DoneButton'

2019-01-11 17:52:58 - [MESSAGE][WARNING] - Timeout '0' is invalid. Using default page load timeout: '5'

2019-01-11 17:52:59 - [MESSAGE][PASSED] - Tapped on element 'Object Repository/CommonScreenElements/DoneButton'

2019-01-11 17:52:59 - [TEST_STEP][PASSED] - verifyElementExist(findTestObject("ShopOpen/RemainingMainCategories/SecondaryDisplay/Available/Validate_AvailableRemarksScreen", ["package":PACKAGENAME]), 0): Element 'Object Repository/ShopOpen/RemainingMainCategories/SecondaryDisplay/Available/Validate_AvailableRemarksScreen' is exist

2019-01-11 17:52:59 - [MESSAGE][WARNING] - Timeout '0' is invalid. Using default page load timeout: '5'

2019-01-11 17:53:01 - [MESSAGE][PASSED] - Element 'Object Repository/ShopOpen/RemainingMainCategories/SecondaryDisplay/Available/Validate_AvailableRemarksScreen' is exist

2019-01-11 17:53:01 - [TEST_STEP][PASSED] - com.ct.qa.keywords.SecondaryDisplayKeywords.selectSecondaryDisplay_AvailableRemark("Display Unit Need Maintenance", 1): com.ct.qa.keywords.SecondaryDisplayKeywords.selectSecondaryDisplay_AvailableRemark is PASSED

2019-01-11 17:53:02 - [MESSAGE][WARNING] - Timeout '0' is invalid. Using default page load timeout: '5'

2019-01-11 17:53:05 - [MESSAGE][PASSED] - Element 'Object Repository/ShopOpen/RemainingMainCategories/SecondaryDisplay/Available/Validate_SecondaryDisplay_available_remarksScreen' is exist

2019-01-11 17:53:05 - [MESSAGE][PASSED] - com.ct.qa.keywords.SecondaryDisplayKeywords.selectSecondaryDisplay_AvailableRemark is PASSED

2019-01-11 17:53:05 - [TEST_STEP][PASSED] - tap(findTestObject("ShopOpen/RemainingMainCategories/SecondaryDisplay/Available/DUNM_CategoryRemarks_BackButton", ["package":PACKAGENAME]), 0): Tapped on element 'Object Repository/ShopOpen/RemainingMainCategories/SecondaryDisplay/Available/DUNM_CategoryRemarks_BackButton'

2019-01-11 17:53:05 - [MESSAGE][WARNING] - Timeout '0' is invalid. Using default page load timeout: '5'

2019-01-11 17:53:06 - [MESSAGE][PASSED] - Tapped on element 'Object Repository/ShopOpen/RemainingMainCategories/SecondaryDisplay/Available/DUNM_CategoryRemarks_BackButton'

2019-01-11 17:53:06 - [TEST_STEP][PASSED] - verifyElementExist(findTestObject("ShopOpen/RemainingMainCategories/SecondaryDisplay/Available/Validate_AvailableRemarksScreen", ["package":PACKAGENAME]), 0): Element 'Object Repository/ShopOpen/RemainingMainCategories/SecondaryDisplay/Available/Validate_AvailableRemarksScreen' is exist

2019-01-11 17:53:06 - [MESSAGE][WARNING] - Timeout '0' is invalid. Using default page load timeout: '5'

2019-01-11 17:53:07 - [MESSAGE][PASSED] - Element 'Object Repository/ShopOpen/RemainingMainCategories/SecondaryDisplay/Available/Validate_AvailableRemarksScreen' is exist

2019-01-11 17:53:07 - [TEST_STEP][PASSED] - tap(findTestObject("ShopOpen/RemainingMainCategories/SecondaryDisplay/Available/AvailableRemarks_BackButton", ["package":PACKAGENAME]), 0): Tapped on element 'Object Repository/ShopOpen/RemainingMainCategories/SecondaryDisplay/Available/AvailableRemarks_BackButton'

2019-01-11 17:53:07 - [MESSAGE][WARNING] - Timeout '0' is invalid. Using default page load timeout: '5'

2019-01-11 17:53:08 - [MESSAGE][PASSED] - Tapped on element 'Object Repository/ShopOpen/RemainingMainCategories/SecondaryDisplay/Available/AvailableRemarks_BackButton'

2019-01-11 17:53:08 - [TEST_STEP][PASSED] - verifyElementText(findTestObject("ShopOpen/RemainingMainCategories/SecondaryDisplay/Available/Validate_UtilizationPopUpScreen", ["package":PACKAGENAME]), "Utilization"): Actual text and expected text of test object 'Object Repository/ShopOpen/RemainingMainCategories/SecondaryDisplay/Available/Validate_UtilizationPopUpScreen' are matched.

2019-01-11 17:53:09 - [MESSAGE][PASSED] - Actual text and expected text of test object 'Object Repository/ShopOpen/RemainingMainCategories/SecondaryDisplay/Available/Validate_UtilizationPopUpScreen' are matched.

2019-01-11 17:53:09 - [TEST_STEP][PASSED] - com.ct.qa.keywords.SecondaryDisplayKeywords.enterUtilizationForSecondaryDisplay(1): com.ct.qa.keywords.SecondaryDisplayKeywords.enterUtilizationForSecondaryDisplay is PASSED

2019-01-11 17:53:13 - [MESSAGE][PASSED] - com.ct.qa.keywords.SecondaryDisplayKeywords.enterUtilizationForSecondaryDisplay is PASSED

2019-01-11 17:53:13 - [TEST_STEP][PASSED] - hideKeyboard(): Keyboard is hidden

2019-01-11 17:53:15 - [MESSAGE][PASSED] - Keyboard is hidden

2019-01-11 17:53:15 - [TEST_STEP][PASSED] - tap(findTestObject("ShopOpen/RemainingMainCategories/SecondaryDisplay/Available/Utilization_SubmitButton", ["package":PACKAGENAME]), 0, STOP_ON_FAILURE): Tapped on element 'Object Repository/ShopOpen/RemainingMainCategories/SecondaryDisplay/Available/Utilization_SubmitButton'

2019-01-11 17:53:15 - [MESSAGE][WARNING] - Timeout '0' is invalid. Using default page load timeout: '5'

2019-01-11 17:53:15 - [MESSAGE][PASSED] - Tapped on element 'Object Repository/ShopOpen/RemainingMainCategories/SecondaryDisplay/Available/Utilization_SubmitButton'

2019-01-11 17:53:15 - [TEST_STEP][PASSED] - verifyElementExist(findTestObject("ShopOpen/RemainingMainCategories/SecondaryDisplay/Available/Validate_UnitsListScreen", ["package":PACKAGENAME]), 0): Element 'Object Repository/ShopOpen/RemainingMainCategories/SecondaryDisplay/Available/Validate_UnitsListScreen' is exist

2019-01-11 17:53:15 - [MESSAGE][WARNING] - Timeout '0' is invalid. Using default page load timeout: '5'

2019-01-11 17:53:16 - [MESSAGE][PASSED] - Element 'Object Repository/ShopOpen/RemainingMainCategories/SecondaryDisplay/Available/Validate_UnitsListScreen' is exist

2019-01-11 17:53:16 - [MESSAGE][PASSED] - Call Test Case 'Test Cases/ShopOpen/RemainingMainCategories/SecondaryDisplay/Available/VisitAvailableWith_DisplayUnitNeedMaintenance' successfully

2019-01-11 17:53:18 - [TEST_CASE][PASSED] - Test Cases/ShopOpen/RemainingMainCategories/SecondaryDisplay/Available/VisitAvailableWith_SKDNA: Test Cases/ShopOpen/RemainingMainCategories/SecondaryDisplay/Available/VisitAvailableWith_SKDNA

2019-01-11 17:53:18 - [TEST_STEP][PASSED] - verifyElementExist(findTestObject("CommonScreenElements/Validate_CameraScreen", ["package":PACKAGENAME]), 0): Element 'Object Repository/CommonScreenElements/Validate_CameraScreen' is exist

2019-01-11 17:53:18 - [MESSAGE][WARNING] - Timeout '0' is invalid. Using default page load timeout: '5'

2019-01-11 17:53:19 - [MESSAGE][PASSED] - Element 'Object Repository/CommonScreenElements/Validate_CameraScreen' is exist

2019-01-11 17:53:19 - [TEST_STEP][PASSED] - tap(findTestObject("CommonScreenElements/TakePictureButton", ["package":PACKAGENAME]), 0): Tapped on element 'Object Repository/CommonScreenElements/TakePictureButton'

2019-01-11 17:53:19 - [MESSAGE][WARNING] - Timeout '0' is invalid. Using default page load timeout: '5'

2019-01-11 17:53:23 - [MESSAGE][PASSED] - Tapped on element 'Object Repository/CommonScreenElements/TakePictureButton'

2019-01-11 17:53:23 - [TEST_STEP][PASSED] - delay(5, STOP_ON_FAILURE): Delayed 5 second(s)

2019-01-11 17:53:28 - [MESSAGE][PASSED] - Delayed 5 second(s)

2019-01-11 17:53:28 - [TEST_STEP][PASSED] - tap(findTestObject("CommonScreenElements/DoneButton", ["package":PACKAGENAME]), 0): Tapped on element 'Object Repository/CommonScreenElements/DoneButton'

2019-01-11 17:53:28 - [MESSAGE][WARNING] - Timeout '0' is invalid. Using default page load timeout: '5'

2019-01-11 17:53:28 - [MESSAGE][PASSED] - Tapped on element 'Object Repository/CommonScreenElements/DoneButton'

2019-01-11 17:53:28 - [TEST_STEP][PASSED] - verifyElementExist(findTestObject("ShopOpen/RemainingMainCategories/SecondaryDisplay/Available/Validate_AvailableRemarksScreen", ["package":PACKAGENAME]), 0): Element 'Object Repository/ShopOpen/RemainingMainCategories/SecondaryDisplay/Available/Validate_AvailableRemarksScreen' is exist

2019-01-11 17:53:28 - [MESSAGE][WARNING] - Timeout '0' is invalid. Using default page load timeout: '5'

2019-01-11 17:53:30 - [MESSAGE][PASSED] - Element 'Object Repository/ShopOpen/RemainingMainCategories/SecondaryDisplay/Available/Validate_AvailableRemarksScreen' is exist

2019-01-11 17:53:30 - [TEST_STEP][PASSED] - com.ct.qa.keywords.SecondaryDisplayKeywords.selectSecondaryDisplay_AvailableRemark("Shopkeeper did not allow", 1): com.ct.qa.keywords.SecondaryDisplayKeywords.selectSecondaryDisplay_AvailableRemark is PASSED

2019-01-11 17:53:32 - [MESSAGE][WARNING] - Timeout '0' is invalid. Using default page load timeout: '5'

2019-01-11 17:53:34 - [MESSAGE][PASSED] - Element 'Object Repository/ShopOpen/RemainingMainCategories/SecondaryDisplay/Available/Validate_SecondaryDisplay_available_remarksScreen' is exist

2019-01-11 17:53:34 - [MESSAGE][PASSED] - com.ct.qa.keywords.SecondaryDisplayKeywords.selectSecondaryDisplay_AvailableRemark is PASSED

2019-01-11 17:53:34 - [TEST_STEP][PASSED] - tap(findTestObject("ShopOpen/RemainingMainCategories/SecondaryDisplay/Available/SKDNA_CategoryRemark_BackButton", ["package":PACKAGENAME]), 0): Tapped on element 'Object Repository/ShopOpen/RemainingMainCategories/SecondaryDisplay/Available/SKDNA_CategoryRemark_BackButton'

2019-01-11 17:53:34 - [MESSAGE][WARNING] - Timeout '0' is invalid. Using default page load timeout: '5'

2019-01-11 17:53:36 - [MESSAGE][PASSED] - Tapped on element 'Object Repository/ShopOpen/RemainingMainCategories/SecondaryDisplay/Available/SKDNA_CategoryRemark_BackButton'

2019-01-11 17:53:36 - [TEST_STEP][PASSED] - verifyElementExist(findTestObject("ShopOpen/RemainingMainCategories/SecondaryDisplay/Available/Validate_AvailableRemarksScreen", ["package":PACKAGENAME]), 0): Element 'Object Repository/ShopOpen/RemainingMainCategories/SecondaryDisplay/Available/Validate_AvailableRemarksScreen' is exist

2019-01-11 17:53:36 - [MESSAGE][WARNING] - Timeout '0' is invalid. Using default page load timeout: '5'

2019-01-11 17:53:37 - [MESSAGE][PASSED] - Element 'Object Repository/ShopOpen/RemainingMainCategories/SecondaryDisplay/Available/Validate_AvailableRemarksScreen' is exist

2019-01-11 17:53:37 - [TEST_STEP][PASSED] - tap(findTestObject("ShopOpen/RemainingMainCategories/SecondaryDisplay/Available/AvailableRemarks_BackButton", ["package":PACKAGENAME]), 0): Tapped on element 'Object Repository/ShopOpen/RemainingMainCategories/SecondaryDisplay/Available/AvailableRemarks_BackButton'

2019-01-11 17:53:37 - [MESSAGE][WARNING] - Timeout '0' is invalid. Using default page load timeout: '5'

2019-01-11 17:53:37 - [MESSAGE][PASSED] - Tapped on element 'Object Repository/ShopOpen/RemainingMainCategories/SecondaryDisplay/Available/AvailableRemarks_BackButton'

2019-01-11 17:53:37 - [TEST_STEP][PASSED] - verifyElementText(findTestObject("ShopOpen/RemainingMainCategories/SecondaryDisplay/Available/Validate_UtilizationPopUpScreen", ["package":PACKAGENAME]), "Utilization"): Actual text and expected text of test object 'Object Repository/ShopOpen/RemainingMainCategories/SecondaryDisplay/Available/Validate_UtilizationPopUpScreen' are matched.

2019-01-11 17:53:39 - [MESSAGE][PASSED] - Actual text and expected text of test object 'Object Repository/ShopOpen/RemainingMainCategories/SecondaryDisplay/Available/Validate_UtilizationPopUpScreen' are matched.

2019-01-11 17:53:39 - [TEST_STEP][PASSED] - com.ct.qa.keywords.SecondaryDisplayKeywords.enterUtilizationForSecondaryDisplay(1): com.ct.qa.keywords.SecondaryDisplayKeywords.enterUtilizationForSecondaryDisplay is PASSED

2019-01-11 17:53:43 - [MESSAGE][PASSED] - com.ct.qa.keywords.SecondaryDisplayKeywords.enterUtilizationForSecondaryDisplay is PASSED

2019-01-11 17:53:43 - [TEST_STEP][PASSED] - hideKeyboard(): Keyboard is hidden

2019-01-11 17:53:44 - [MESSAGE][PASSED] - Keyboard is hidden

2019-01-11 17:53:44 - [TEST_STEP][PASSED] - tap(findTestObject("ShopOpen/RemainingMainCategories/SecondaryDisplay/Available/Utilization_SubmitButton", ["package":PACKAGENAME]), 0, STOP_ON_FAILURE): Tapped on element 'Object Repository/ShopOpen/RemainingMainCategories/SecondaryDisplay/Available/Utilization_SubmitButton'

2019-01-11 17:53:44 - [MESSAGE][WARNING] - Timeout '0' is invalid. Using default page load timeout: '5'

2019-01-11 17:53:45 - [MESSAGE][PASSED] - Tapped on element 'Object Repository/ShopOpen/RemainingMainCategories/SecondaryDisplay/Available/Utilization_SubmitButton'

2019-01-11 17:53:45 - [TEST_STEP][PASSED] - verifyElementExist(findTestObject("ShopOpen/RemainingMainCategories/SecondaryDisplay/Available/Validate_UnitsListScreen", ["package":PACKAGENAME]), 0): Element 'Object Repository/ShopOpen/RemainingMainCategories/SecondaryDisplay/Available/Validate_UnitsListScreen' is exist

2019-01-11 17:53:45 - [MESSAGE][WARNING] - Timeout '0' is invalid. Using default page load timeout: '5'

2019-01-11 17:53:46 - [MESSAGE][PASSED] - Element 'Object Repository/ShopOpen/RemainingMainCategories/SecondaryDisplay/Available/Validate_UnitsListScreen' is exist

2019-01-11 17:53:46 - [MESSAGE][PASSED] - Call Test Case 'Test Cases/ShopOpen/RemainingMainCategories/SecondaryDisplay/Available/VisitAvailableWith_SKDNA' successfully

2019-01-11 17:53:46 - [TEST_CASE][PASSED] - Test Cases/ShopOpen/RemainingMainCategories/SecondaryDisplay/Available/VisitAvailableWith_SKDNA: Test Cases/ShopOpen/RemainingMainCategories/SecondaryDisplay/Available/VisitAvailableWith_SKDNA

2019-01-11 17:53:46 - [TEST_STEP][PASSED] - verifyElementExist(findTestObject("CommonScreenElements/Validate_CameraScreen", ["package":PACKAGENAME]), 0): Element 'Object Repository/CommonScreenElements/Validate_CameraScreen' is exist

2019-01-11 17:53:46 - [MESSAGE][WARNING] - Timeout '0' is invalid. Using default page load timeout: '5'

2019-01-11 17:53:49 - [MESSAGE][PASSED] - Element 'Object Repository/CommonScreenElements/Validate_CameraScreen' is exist

2019-01-11 17:53:49 - [TEST_STEP][PASSED] - tap(findTestObject("CommonScreenElements/TakePictureButton", ["package":PACKAGENAME]), 0): Tapped on element 'Object Repository/CommonScreenElements/TakePictureButton'

2019-01-11 17:53:49 - [MESSAGE][WARNING] - Timeout '0' is invalid. Using default page load timeout: '5'

2019-01-11 17:53:52 - [MESSAGE][PASSED] - Tapped on element 'Object Repository/CommonScreenElements/TakePictureButton'

2019-01-11 17:53:52 - [TEST_STEP][PASSED] - delay(5, STOP_ON_FAILURE): Delayed 5 second(s)

2019-01-11 17:53:57 - [MESSAGE][PASSED] - Delayed 5 second(s)

2019-01-11 17:53:57 - [TEST_STEP][PASSED] - tap(findTestObject("CommonScreenElements/DoneButton", ["package":PACKAGENAME]), 0): Tapped on element 'Object Repository/CommonScreenElements/DoneButton'

2019-01-11 17:53:57 - [MESSAGE][WARNING] - Timeout '0' is invalid. Using default page load timeout: '5'

2019-01-11 17:53:58 - [MESSAGE][PASSED] - Tapped on element 'Object Repository/CommonScreenElements/DoneButton'

2019-01-11 17:53:58 - [TEST_STEP][PASSED] - verifyElementExist(findTestObject("ShopOpen/RemainingMainCategories/SecondaryDisplay/Available/Validate_AvailableRemarksScreen", ["package":PACKAGENAME]), 0): Element 'Object Repository/ShopOpen/RemainingMainCategories/SecondaryDisplay/Available/Validate_AvailableRemarksScreen' is exist

2019-01-11 17:53:58 - [MESSAGE][WARNING] - Timeout '0' is invalid. Using default page load timeout: '5'

2019-01-11 17:54:00 - [MESSAGE][PASSED] - Element 'Object Repository/ShopOpen/RemainingMainCategories/SecondaryDisplay/Available/Validate_AvailableRemarksScreen' is exist

2019-01-11 17:54:00 - [TEST_STEP][PASSED] - com.ct.qa.keywords.SecondaryDisplayKeywords.selectSecondaryDisplay_AvailableRemark("Shopkeeper did not allow", 1): com.ct.qa.keywords.SecondaryDisplayKeywords.selectSecondaryDisplay_AvailableRemark is PASSED

2019-01-11 17:54:01 - [MESSAGE][WARNING] - Timeout '0' is invalid. Using default page load timeout: '5'

2019-01-11 17:54:04 - [MESSAGE][PASSED] - Element 'Object Repository/ShopOpen/RemainingMainCategories/SecondaryDisplay/Available/Validate_SecondaryDisplay_available_remarksScreen' is exist

2019-01-11 17:54:05 - [MESSAGE][PASSED] - com.ct.qa.keywords.SecondaryDisplayKeywords.selectSecondaryDisplay_AvailableRemark is PASSED

2019-01-11 17:54:05 - [TEST_STEP][PASSED] - tap(findTestObject("ShopOpen/RemainingMainCategories/SecondaryDisplay/Available/SKDNA_CategoryRemark_BackButton", ["package":PACKAGENAME]), 0): Tapped on element 'Object Repository/ShopOpen/RemainingMainCategories/SecondaryDisplay/Available/SKDNA_CategoryRemark_BackButton'

2019-01-11 17:54:05 - [MESSAGE][WARNING] - Timeout '0' is invalid. Using default page load timeout: '5'

2019-01-11 17:54:06 - [MESSAGE][PASSED] - Tapped on element 'Object Repository/ShopOpen/RemainingMainCategories/SecondaryDisplay/Available/SKDNA_CategoryRemark_BackButton'

2019-01-11 17:54:06 - [TEST_STEP][PASSED] - verifyElementExist(findTestObject("ShopOpen/RemainingMainCategories/SecondaryDisplay/Available/Validate_AvailableRemarksScreen", ["package":PACKAGENAME]), 0): Element 'Object Repository/ShopOpen/RemainingMainCategories/SecondaryDisplay/Available/Validate_AvailableRemarksScreen' is exist

2019-01-11 17:54:06 - [MESSAGE][WARNING] - Timeout '0' is invalid. Using default page load timeout: '5'

2019-01-11 17:54:07 - [MESSAGE][PASSED] - Element 'Object Repository/ShopOpen/RemainingMainCategories/SecondaryDisplay/Available/Validate_AvailableRemarksScreen' is exist

2019-01-11 17:54:07 - [TEST_STEP][PASSED] - tap(findTestObject("ShopOpen/RemainingMainCategories/SecondaryDisplay/Available/AvailableRemarks_BackButton", ["package":PACKAGENAME]), 0): Tapped on element 'Object Repository/ShopOpen/RemainingMainCategories/SecondaryDisplay/Available/AvailableRemarks_BackButton'

2019-01-11 17:54:07 - [MESSAGE][WARNING] - Timeout '0' is invalid. Using default page load timeout: '5'

2019-01-11 17:54:08 - [MESSAGE][PASSED] - Tapped on element 'Object Repository/ShopOpen/RemainingMainCategories/SecondaryDisplay/Available/AvailableRemarks_BackButton'

2019-01-11 17:54:08 - [TEST_STEP][PASSED] - verifyElementText(findTestObject("ShopOpen/RemainingMainCategories/SecondaryDisplay/Available/Validate_UtilizationPopUpScreen", ["package":PACKAGENAME]), "Utilization"): Actual text and expected text of test object 'Object Repository/ShopOpen/RemainingMainCategories/SecondaryDisplay/Available/Validate_UtilizationPopUpScreen' are matched.

2019-01-11 17:54:09 - [MESSAGE][PASSED] - Actual text and expected text of test object 'Object Repository/ShopOpen/RemainingMainCategories/SecondaryDisplay/Available/Validate_UtilizationPopUpScreen' are matched.

2019-01-11 17:54:09 - [TEST_STEP][PASSED] - com.ct.qa.keywords.SecondaryDisplayKeywords.enterUtilizationForSecondaryDisplay(1): com.ct.qa.keywords.SecondaryDisplayKeywords.enterUtilizationForSecondaryDisplay is PASSED

2019-01-11 17:54:13 - [MESSAGE][PASSED] - com.ct.qa.keywords.SecondaryDisplayKeywords.enterUtilizationForSecondaryDisplay is PASSED

2019-01-11 17:54:13 - [TEST_STEP][PASSED] - hideKeyboard(): Keyboard is hidden

2019-01-11 17:54:15 - [MESSAGE][PASSED] - Keyboard is hidden

2019-01-11 17:54:15 - [TEST_STEP][PASSED] - tap(findTestObject("ShopOpen/RemainingMainCategories/SecondaryDisplay/Available/Utilization_SubmitButton", ["package":PACKAGENAME]), 0, STOP_ON_FAILURE): Tapped on element 'Object Repository/ShopOpen/RemainingMainCategories/SecondaryDisplay/Available/Utilization_SubmitButton'

2019-01-11 17:54:15 - [MESSAGE][WARNING] - Timeout '0' is invalid. Using default page load timeout: '5'

2019-01-11 17:54:16 - [MESSAGE][PASSED] - Tapped on element 'Object Repository/ShopOpen/RemainingMainCategories/SecondaryDisplay/Available/Utilization_SubmitButton'

2019-01-11 17:54:16 - [TEST_STEP][PASSED] - verifyElementExist(findTestObject("ShopOpen/RemainingMainCategories/SecondaryDisplay/Available/Validate_UnitsListScreen", ["package":PACKAGENAME]), 0): Element 'Object Repository/ShopOpen/RemainingMainCategories/SecondaryDisplay/Available/Validate_UnitsListScreen' is exist

2019-01-11 17:54:16 - [MESSAGE][WARNING] - Timeout '0' is invalid. Using default page load timeout: '5'

2019-01-11 17:54:16 - [MESSAGE][PASSED] - Element 'Object Repository/ShopOpen/RemainingMainCategories/SecondaryDisplay/Available/Validate_UnitsListScreen' is exist

2019-01-11 17:54:16 - [MESSAGE][PASSED] - Call Test Case 'Test Cases/ShopOpen/RemainingMainCategories/SecondaryDisplay/Available/VisitAvailableWith_SKDNA' successfully

2019-01-11 17:54:18 - [TEST_CASE][PASSED] - Test Cases/ShopOpen/RemainingMainCategories/SecondaryDisplay/Available/VisitAvailable_WithDisplayUnitIsInPerfectCondition: Test Cases/ShopOpen/RemainingMainCategories/SecondaryDisplay/Available/VisitAvailable_WithDisplayUnitIsInPerfectCondition

2019-01-11 17:54:18 - [TEST_STEP][PASSED] - verifyElementExist(findTestObject("CommonScreenElements/Validate_CameraScreen", ["package":PACKAGENAME]), 0): Element 'Object Repository/CommonScreenElements/Validate_CameraScreen' is exist

2019-01-11 17:54:18 - [MESSAGE][WARNING] - Timeout '0' is invalid. Using default page load timeout: '5'

2019-01-11 17:54:19 - [MESSAGE][PASSED] - Element 'Object Repository/CommonScreenElements/Validate_CameraScreen' is exist

2019-01-11 17:54:19 - [TEST_STEP][PASSED] - tap(findTestObject("CommonScreenElements/TakePictureButton", ["package":PACKAGENAME]), 0): Tapped on element 'Object Repository/CommonScreenElements/TakePictureButton'

2019-01-11 17:54:19 - [MESSAGE][WARNING] - Timeout '0' is invalid. Using default page load timeout: '5'

2019-01-11 17:54:23 - [MESSAGE][PASSED] - Tapped on element 'Object Repository/CommonScreenElements/TakePictureButton'

2019-01-11 17:54:23 - [TEST_STEP][PASSED] - delay(5, STOP_ON_FAILURE): Delayed 5 second(s)

2019-01-11 17:54:28 - [MESSAGE][PASSED] - Delayed 5 second(s)

2019-01-11 17:54:28 - [TEST_STEP][PASSED] - tap(findTestObject("CommonScreenElements/DoneButton", ["package":PACKAGENAME]), 0): Tapped on element 'Object Repository/CommonScreenElements/DoneButton'

2019-01-11 17:54:28 - [MESSAGE][WARNING] - Timeout '0' is invalid. Using default page load timeout: '5'

2019-01-11 17:54:28 - [MESSAGE][PASSED] - Tapped on element 'Object Repository/CommonScreenElements/DoneButton'

2019-01-11 17:54:28 - [TEST_STEP][PASSED] - verifyElementExist(findTestObject("ShopOpen/RemainingMainCategories/SecondaryDisplay/Available/Validate_AvailableRemarksScreen", ["package":PACKAGENAME]), 0): Element 'Object Repository/ShopOpen/RemainingMainCategories/SecondaryDisplay/Available/Validate_AvailableRemarksScreen' is exist

2019-01-11 17:54:28 - [MESSAGE][WARNING] - Timeout '0' is invalid. Using default page load timeout: '5'

2019-01-11 17:54:31 - [MESSAGE][PASSED] - Element 'Object Repository/ShopOpen/RemainingMainCategories/SecondaryDisplay/Available/Validate_AvailableRemarksScreen' is exist

2019-01-11 17:54:31 - [TEST_STEP][PASSED] - com.ct.qa.keywords.SecondaryDisplayKeywords.selectSecondaryDisplay_AvailableRemark("Display Unit is in perfect condition", 0): com.ct.qa.keywords.SecondaryDisplayKeywords.selectSecondaryDisplay_AvailableRemark is PASSED

2019-01-11 17:54:32 - [MESSAGE][PASSED] - com.ct.qa.keywords.SecondaryDisplayKeywords.selectSecondaryDisplay_AvailableRemark is PASSED

2019-01-11 17:54:32 - [TEST_STEP][PASSED] - verifyElementText(findTestObject("ShopOpen/RemainingMainCategories/SecondaryDisplay/Available/Validate_UtilizationPopUpScreen", ["package":PACKAGENAME]), "Utilization"): Actual text and expected text of test object 'Object Repository/ShopOpen/RemainingMainCategories/SecondaryDisplay/Available/Validate_UtilizationPopUpScreen' are matched.

2019-01-11 17:54:34 - [MESSAGE][PASSED] - Actual text and expected text of test object 'Object Repository/ShopOpen/RemainingMainCategories/SecondaryDisplay/Available/Validate_UtilizationPopUpScreen' are matched.

2019-01-11 17:54:34 - [TEST_STEP][PASSED] - com.ct.qa.keywords.SecondaryDisplayKeywords.enterUtilizationForSecondaryDisplay(1): com.ct.qa.keywords.SecondaryDisplayKeywords.enterUtilizationForSecondaryDisplay is PASSED

2019-01-11 17:54:38 - [MESSAGE][PASSED] - com.ct.qa.keywords.SecondaryDisplayKeywords.enterUtilizationForSecondaryDisplay is PASSED

2019-01-11 17:54:38 - [TEST_STEP][PASSED] - hideKeyboard(): Keyboard is hidden

2019-01-11 17:54:39 - [MESSAGE][PASSED] - Keyboard is hidden

2019-01-11 17:54:39 - [TEST_STEP][PASSED] - tap(findTestObject("ShopOpen/RemainingMainCategories/SecondaryDisplay/Available/Utilization_SubmitButton", ["package":PACKAGENAME]), 0, STOP_ON_FAILURE): Tapped on element 'Object Repository/ShopOpen/RemainingMainCategories/SecondaryDisplay/Available/Utilization_SubmitButton'

2019-01-11 17:54:39 - [MESSAGE][WARNING] - Timeout '0' is invalid. Using default page load timeout: '5'

2019-01-11 17:54:40 - [MESSAGE][PASSED] - Tapped on element 'Object Repository/ShopOpen/RemainingMainCategories/SecondaryDisplay/Available/Utilization_SubmitButton'

2019-01-11 17:54:40 - [TEST_STEP][PASSED] - verifyElementExist(findTestObject("ShopOpen/RemainingMainCategories/SecondaryDisplay/Available/Validate_UnitsListScreen", ["package":PACKAGENAME]), 0): Element 'Object Repository/ShopOpen/RemainingMainCategories/SecondaryDisplay/Available/Validate_UnitsListScreen' is exist

2019-01-11 17:54:40 - [MESSAGE][WARNING] - Timeout '0' is invalid. Using default page load timeout: '5'

2019-01-11 17:54:41 - [MESSAGE][PASSED] - Element 'Object Repository/ShopOpen/RemainingMainCategories/SecondaryDisplay/Available/Validate_UnitsListScreen' is exist

2019-01-11 17:54:41 - [MESSAGE][PASSED] - Call Test Case 'Test Cases/ShopOpen/RemainingMainCategories/SecondaryDisplay/Available/VisitAvailable_WithDisplayUnitIsInPerfectCondition' successfully

2019-01-11 17:54:41 - [MESSAGE][PASSED] - com.ct.qa.keywords.SecondaryDisplayKeywords.visitSecondaryDisplayUnitsList is PASSED

2019-01-11 17:54:41 - [TEST_STEP][PASSED] - tap(findTestObject("ShopOpen/RemainingMainCategories/SecondaryDisplay/Available/UnitsList_BackButton"), 0): Tapped on element 'Object Repository/ShopOpen/RemainingMainCategories/SecondaryDisplay/Available/UnitsList_BackButton'

2019-01-11 17:54:41 - [MESSAGE][WARNING] - Timeout '0' is invalid. Using default page load timeout: '5'

2019-01-11 17:54:41 - [MESSAGE][PASSED] - Tapped on element 'Object Repository/ShopOpen/RemainingMainCategories/SecondaryDisplay/Available/UnitsList_BackButton'

2019-01-11 17:54:41 - [TEST_STEP][PASSED] - verifyElementExist(findTestObject("ShopOpen/RemainingMainCategories/Validate_MainCategoryDetailActionScreen", ["package":PACKAGENAME]), 0): Element 'Object Repository/ShopOpen/RemainingMainCategories/Validate_MainCategoryDetailActionScreen' is exist

2019-01-11 17:54:41 - [MESSAGE][WARNING] - Timeout '0' is invalid. Using default page load timeout: '5'

2019-01-11 17:54:42 - [MESSAGE][PASSED] - Element 'Object Repository/ShopOpen/RemainingMainCategories/Validate_MainCategoryDetailActionScreen' is exist

2019-01-11 17:54:42 - [MESSAGE][PASSED] - Call Test Case 'Test Cases/ShopOpen/RemainingMainCategories/SecondaryDisplay/Available/VisitSecondaryDisplayAvailable' successfully

2019-01-11 17:54:42 - [MESSAGE][PASSED] - com.ct.qa.keywords.SecondaryDisplayKeywords.selectSecondaryDisplayRemark_WithDataVerification is PASSED

2019-01-11 17:54:42 - [MESSAGE][PASSED] - Call Test Case 'Test Cases/ShopOpen/RemainingMainCategories/SecondaryDisplay/SecondaryDisplay_VisitingScenarios/VisitSecondaryDisplayWith_DataVerification' successfully

2019-01-11 17:54:42 - [MESSAGE][PASSED] - com.ct.qa.keywords.RemainingMainCategoryRemarksVisitingScenariosKeywords.visitRemarksWith_DataVerification is PASSED

2019-01-11 17:54:42 - [TEST_STEP][PASSED] - tap(findTestObject("ShopOpen/RemainingMainCategories/BackButton", ["package":PACKAGENAME]), 0): Tapped on element 'Object Repository/ShopOpen/RemainingMainCategories/BackButton'

2019-01-11 17:54:42 - [MESSAGE][WARNING] - Timeout '0' is invalid. Using default page load timeout: '5'

2019-01-11 17:54:43 - [MESSAGE][PASSED] - Tapped on element 'Object Repository/ShopOpen/RemainingMainCategories/BackButton'

2019-01-11 17:54:43 - [TEST_STEP][PASSED] - verifyElementExist(findTestObject("ShopOpen/Validate_ShopCategoriesListScreen", ["package":PACKAGENAME]), 0): Element 'Object Repository/ShopOpen/Validate_ShopCategoriesListScreen' is exist

2019-01-11 17:54:43 - [MESSAGE][WARNING] - Timeout '0' is invalid. Using default page load timeout: '5'

2019-01-11 17:54:45 - [MESSAGE][PASSED] - Element 'Object Repository/ShopOpen/Validate_ShopCategoriesListScreen' is exist

2019-01-11 17:54:45 - [MESSAGE][PASSED] - Call Test Case 'Test Cases/ShopOpen/RemainingMainCategories/MainCategoryRemarksVisitingScenarios/VisitRemarksWith_DataVerification' successfully

2019-01-11 17:54:46 - [MESSAGE][PASSED] - Swiped from 0,293 to 0,200

2019-01-11 17:54:50 - [MESSAGE][PASSED] - Swiped from 0,293 to 0,200

2019-01-11 17:54:52 - [TEST_CASE][PASSED] - Test Cases/ShopOpen/RetailerRemarks/VisitRetailerRemarks: Test Cases/ShopOpen/RetailerRemarks/VisitRetailerRemarks

2019-01-11 17:54:52 - [TEST_STEP][PASSED] - verifyElementText(findTestObject("ShopOpen/RetailerRemarks/Validate_RetailerRemarks", ["package":PACKAGENAME]), "KPI: Retailer Remarks"): Actual text and expected text of test object 'Object Repository/ShopOpen/RetailerRemarks/Validate_RetailerRemarks' are matched.

2019-01-11 17:54:54 - [MESSAGE][PASSED] - Actual text and expected text of test object 'Object Repository/ShopOpen/RetailerRemarks/Validate_RetailerRemarks' are matched.

2019-01-11 17:54:54 - [TEST_STEP][PASSED] - com.ct.qa.keywords.RetailerRemarks.visitRetailerRemarks(1): com.ct.qa.keywords.RetailerRemarks.visitRetailerRemarks is PASSED

2019-01-11 17:54:54 - [MESSAGE][WARNING] - Timeout '0' is invalid. Using default page load timeout: '5'

2019-01-11 17:54:56 - [MESSAGE][PASSED] - Element 'Object Repository/ShopOpen/RetailerRemarks/Validate_RetailerRemarks_RemarksScreen' is exist

2019-01-11 17:54:58 - [MESSAGE][PASSED] - Press back button successfully

2019-01-11 17:54:59 - [MESSAGE][PASSED] - Actual text and expected text of test object 'Object Repository/ShopOpen/RetailerRemarks/Validate_RetailerRemarks' are matched.

2019-01-11 17:54:59 - [MESSAGE][PASSED] - com.ct.qa.keywords.RetailerRemarks.visitRetailerRemarks is PASSED

2019-01-11 17:54:59 - [TEST_STEP][PASSED] - tap(findTestObject("ShopOpen/RetailerRemarks/BackButton", ["package":PACKAGENAME]), 0): Tapped on element 'Object Repository/ShopOpen/RetailerRemarks/BackButton'

2019-01-11 17:54:59 - [MESSAGE][WARNING] - Timeout '0' is invalid. Using default page load timeout: '5'

2019-01-11 17:54:59 - [MESSAGE][PASSED] - Tapped on element 'Object Repository/ShopOpen/RetailerRemarks/BackButton'

2019-01-11 17:54:59 - [TEST_STEP][PASSED] - verifyElementExist(findTestObject("ShopOpen/Validate_ShopCategoriesListScreen", ["package":PACKAGENAME]), 0): Element 'Object Repository/ShopOpen/Validate_ShopCategoriesListScreen' is exist

2019-01-11 17:54:59 - [MESSAGE][WARNING] - Timeout '0' is invalid. Using default page load timeout: '5'

2019-01-11 17:55:01 - [MESSAGE][PASSED] - Element 'Object Repository/ShopOpen/Validate_ShopCategoriesListScreen' is exist

2019-01-11 17:55:01 - [MESSAGE][PASSED] - Call Test Case 'Test Cases/ShopOpen/RetailerRemarks/VisitRetailerRemarks' successfully

2019-01-11 17:55:02 - [MESSAGE][PASSED] - Swiped from 0,293 to 0,200

2019-01-11 17:55:05 - [MESSAGE][PASSED] - Swiped from 0,293 to 0,200

2019-01-11 17:55:09 - [MESSAGE][PASSED] - Swiped from 0,293 to 0,200

2019-01-11 17:55:12 - [TEST_CASE][PASSED] - Test Cases/ShopOpen/AdditionalPicture/VisitAdditionalPicture: Test Cases/ShopOpen/AdditionalPicture/VisitAdditionalPicture

2019-01-11 17:55:12 - [TEST_STEP][PASSED] - verifyElementText(findTestObject("ShopOpen/AdditionPicture/Validate_AdditionalPicture", ["package":PACKAGENAME]), "Additional Picture"): Actual text and expected text of test object 'Object Repository/ShopOpen/AdditionPicture/Validate_AdditionalPicture' are matched.

2019-01-11 17:55:13 - [MESSAGE][PASSED] - Actual text and expected text of test object 'Object Repository/ShopOpen/AdditionPicture/Validate_AdditionalPicture' are matched.

2019-01-11 17:55:13 - [TEST_STEP][PASSED] - com.ct.qa.keywords.AdditionalPictureKeywords.takeMendatoryImages(): com.ct.qa.keywords.AdditionalPictureKeywords.takeMendatoryImages is PASSED

2019-01-11 17:55:14 - [MESSAGE][WARNING] - Timeout '0' is invalid. Using default page load timeout: '5'

2019-01-11 17:55:17 - [MESSAGE][PASSED] - Element 'Object Repository/CommonScreenElements/Validate_CameraScreen' is exist

2019-01-11 17:55:17 - [MESSAGE][WARNING] - Timeout '0' is invalid. Using default page load timeout: '5'

2019-01-11 17:55:20 - [MESSAGE][PASSED] - Tapped on element 'Object Repository/CommonScreenElements/TakePictureButton'

2019-01-11 17:55:25 - [MESSAGE][PASSED] - Delayed 5 second(s)

2019-01-11 17:55:25 - [MESSAGE][WARNING] - Timeout '0' is invalid. Using default page load timeout: '5'

2019-01-11 17:55:25 - [MESSAGE][PASSED] - Tapped on element 'Object Repository/CommonScreenElements/DoneButton'

2019-01-11 17:55:28 - [MESSAGE][PASSED] - Actual text and expected text of test object 'Object Repository/ShopOpen/AdditionPicture/Validate_AdditionalPicture' are matched.

2019-01-11 17:55:28 - [MESSAGE][PASSED] - com.ct.qa.keywords.AdditionalPictureKeywords.takeMendatoryImages is PASSED

2019-01-11 17:55:28 - [TEST_STEP][PASSED] - pressBack(): Press back button successfully

2019-01-11 17:55:28 - [MESSAGE][PASSED] - Press back button successfully

2019-01-11 17:55:28 - [TEST_STEP][PASSED] - verifyElementExist(findTestObject("ShopOpen/Validate_ShopCategoriesListScreen", ["package":PACKAGENAME]), 0): Element 'Object Repository/ShopOpen/Validate_ShopCategoriesListScreen' is exist

2019-01-11 17:55:28 - [MESSAGE][WARNING] - Timeout '0' is invalid. Using default page load timeout: '5'

2019-01-11 17:55:29 - [MESSAGE][PASSED] - Element 'Object Repository/ShopOpen/Validate_ShopCategoriesListScreen' is exist

2019-01-11 17:55:29 - [MESSAGE][PASSED] - Call Test Case 'Test Cases/ShopOpen/AdditionalPicture/VisitAdditionalPicture' successfully

2019-01-11 17:55:30 - [MESSAGE][PASSED] - Swiped from 0,293 to 0,200

2019-01-11 17:55:32 - [MESSAGE][PASSED] - Swiped from 0,293 to 0,200

2019-01-11 17:55:35 - [MESSAGE][PASSED] - Swiped from 0,293 to 0,200

2019-01-11 17:55:39 - [MESSAGE][PASSED] - Swiped from 0,293 to 0,200

2019-01-11 17:55:41 - [TEST_CASE][PASSED] - Test Cases/ShopOpen/MarketIntelligence/VisitMarketIntelligence: Test Cases/ShopOpen/MarketIntelligence/VisitMarketIntelligence

2019-01-11 17:55:41 - [TEST_STEP][PASSED] - verifyElementExist(findTestObject("CommonScreenElements/Validate_InfoPopUP", ["package":PACKAGENAME]), 0): Element 'Object Repository/CommonScreenElements/Validate_InfoPopUP' is exist

2019-01-11 17:55:41 - [MESSAGE][WARNING] - Timeout '0' is invalid. Using default page load timeout: '5'

2019-01-11 17:55:42 - [MESSAGE][PASSED] - Element 'Object Repository/CommonScreenElements/Validate_InfoPopUP' is exist

2019-01-11 17:55:42 - [TEST_STEP][PASSED] - tap(findTestObject("CommonScreenElements/InfoPopUp_NoButton", ["package":PACKAGENAME]), 0): Tapped on element 'Object Repository/CommonScreenElements/InfoPopUp_NoButton'

2019-01-11 17:55:42 - [MESSAGE][WARNING] - Timeout '0' is invalid. Using default page load timeout: '5'

2019-01-11 17:55:43 - [MESSAGE][PASSED] - Tapped on element 'Object Repository/CommonScreenElements/InfoPopUp_NoButton'

2019-01-11 17:55:43 - [TEST_STEP][PASSED] - verifyElementExist(findTestObject("Object Repository/ShopOpen/Validate_ShopCategoriesListScreen", ["package":PACKAGENAME]), 0): Element 'Object Repository/ShopOpen/Validate_ShopCategoriesListScreen' is exist

2019-01-11 17:55:43 - [MESSAGE][WARNING] - Timeout '0' is invalid. Using default page load timeout: '5'

2019-01-11 17:55:44 - [MESSAGE][PASSED] - Element 'Object Repository/ShopOpen/Validate_ShopCategoriesListScreen' is exist

2019-01-11 17:55:44 - [MESSAGE][PASSED] - Call Test Case 'Test Cases/ShopOpen/MarketIntelligence/VisitMarketIntelligence' successfully

2019-01-11 17:55:45 - [MESSAGE][PASSED] - Swiped from 0,200 to 0,750

2019-01-11 17:55:46 - [MESSAGE][PASSED] - Swiped from 0,200 to 0,750

2019-01-11 17:55:46 - [MESSAGE][PASSED] - Swiped from 0,293 to 0,200

2019-01-11 17:55:49 - [MESSAGE][PASSED] - Swiped from 0,293 to 0,200

2019-01-11 17:55:51 - [MESSAGE][PASSED] - Swiped from 0,293 to 0,200

2019-01-11 17:55:53 - [MESSAGE][PASSED] - Swiped from 0,293 to 0,200

2019-01-11 17:55:57 - [MESSAGE][PASSED] - Swiped from 0,293 to 0,200

2019-01-11 17:55:59 - [TEST_CASE][PASSED] - Test Cases/ShopOpen/Hanger/HangerVisitingScenarios/VisitHangerWithDataVerification: Test Cases/ShopOpen/Hanger/HangerVisitingScenarios/VisitHangerWithDataVerification

2019-01-11 17:55:59 - [TEST_STEP][PASSED] - verifyElementText(findTestObject("ShopOpen/Hanger/Validate_HangerListScreen", ["package":PACKAGENAME]), "Hanger List"): Actual text and expected text of test object 'Object Repository/ShopOpen/Hanger/Validate_HangerListScreen' are matched.

2019-01-11 17:56:01 - [MESSAGE][PASSED] - Actual text and expected text of test object 'Object Repository/ShopOpen/Hanger/Validate_HangerListScreen' are matched.

2019-01-11 17:56:01 - [TEST_STEP][PASSED] - com.ct.qa.keywords.HangerKeywords.visitHangerListWithDataVerification(): com.ct.qa.keywords.HangerKeywords.visitHangerListWithDataVerification is PASSED

2019-01-11 17:56:04 - [MESSAGE][PASSED] - Actual text and expected text of test object 'Object Repository/ShopOpen/Hanger/Validate_HangerRemarksScreen' are matched.

2019-01-11 17:56:07 - [MESSAGE][WARNING] - Timeout '0' is invalid. Using default page load timeout: '5'

2019-01-11 17:56:08 - [MESSAGE][PASSED] - Element 'Object Repository/CommonScreenElements/Validate_CameraScreen' is exist

2019-01-11 17:56:08 - [MESSAGE][WARNING] - Timeout '0' is invalid. Using default page load timeout: '5'

2019-01-11 17:56:11 - [MESSAGE][PASSED] - Tapped on element 'Object Repository/CommonScreenElements/TakePictureButton'

2019-01-11 17:56:16 - [MESSAGE][PASSED] - Delayed 5 second(s)

2019-01-11 17:56:16 - [MESSAGE][WARNING] - Timeout '0' is invalid. Using default page load timeout: '5'

2019-01-11 17:56:17 - [MESSAGE][PASSED] - Tapped on element 'Object Repository/CommonScreenElements/DoneButton'

2019-01-11 17:56:18 - [TEST_CASE][PASSED] - Test Cases/ShopOpen/Hanger/HangerAvailable/VisitHangerAvailable: Test Cases/ShopOpen/Hanger/HangerAvailable/VisitHangerAvailable

2019-01-11 17:56:18 - [TEST_STEP][PASSED] - verifyElementText(findTestObject("ShopOpen/Hanger/HangerAvailable/Validate_HangerAvailabilityScreen", ["package":PACKAGENAME]), "Category:Hanger"): Actual text and expected text of test object 'Object Repository/ShopOpen/Hanger/HangerAvailable/Validate_HangerAvailabilityScreen' are matched.

2019-01-11 17:56:19 - [MESSAGE][PASSED] - Actual text and expected text of test object 'Object Repository/ShopOpen/Hanger/HangerAvailable/Validate_HangerAvailabilityScreen' are matched.

2019-01-11 17:56:19 - [TEST_STEP][PASSED] - tap(findTestObject("ShopOpen/Hanger/HangerAvailable/Availability", ["package":PACKAGENAME]), 0): Tapped on element 'Object Repository/ShopOpen/Hanger/HangerAvailable/Availability'

2019-01-11 17:56:19 - [MESSAGE][WARNING] - Timeout '0' is invalid. Using default page load timeout: '5'

2019-01-11 17:56:19 - [MESSAGE][PASSED] - Tapped on element 'Object Repository/ShopOpen/Hanger/HangerAvailable/Availability'

2019-01-11 17:56:19 - [TEST_STEP][PASSED] - verifyElementExist(findTestObject("ShopOpen/Hanger/HangerAvailable/Validate_ProductsAvailabilityScreen", ["package":PACKAGENAME]), 0): Element 'Object Repository/ShopOpen/Hanger/HangerAvailable/Validate_ProductsAvailabilityScreen' is exist

2019-01-11 17:56:19 - [MESSAGE][WARNING] - Timeout '0' is invalid. Using default page load timeout: '5'

2019-01-11 17:56:21 - [MESSAGE][PASSED] - Element 'Object Repository/ShopOpen/Hanger/HangerAvailable/Validate_ProductsAvailabilityScreen' is exist

2019-01-11 17:56:21 - [TEST_STEP][PASSED] - com.ct.qa.keywords.HangerKeywords.visitHangerProducts(HANGERAVAILABLE): com.ct.qa.keywords.HangerKeywords.visitHangerProducts is PASSED

2019-01-11 17:56:25 - [MESSAGE][PASSED] - Keyboard is hidden

2019-01-11 17:56:28 - [MESSAGE][PASSED] - Keyboard is hidden

2019-01-11 17:56:31 - [MESSAGE][PASSED] - Keyboard is hidden

2019-01-11 17:56:34 - [MESSAGE][PASSED] - Keyboard is hidden

2019-01-11 17:56:37 - [MESSAGE][PASSED] - Keyboard is hidden

2019-01-11 17:56:39 - [MESSAGE][PASSED] - com.ct.qa.keywords.HangerKeywords.visitHangerProducts is PASSED

2019-01-11 17:56:39 - [TEST_STEP][PASSED] - tap(findTestObject("ShopOpen/Hanger/HangerAvailable/SubmitButton", ["package":PACKAGENAME]), 0): Tapped on element 'Object Repository/ShopOpen/Hanger/HangerAvailable/SubmitButton'

2019-01-11 17:56:39 - [MESSAGE][WARNING] - Timeout '0' is invalid. Using default page load timeout: '5'

2019-01-11 17:56:39 - [MESSAGE][PASSED] - Tapped on element 'Object Repository/ShopOpen/Hanger/HangerAvailable/SubmitButton'

2019-01-11 17:56:39 - [TEST_STEP][PASSED] - verifyElementText(findTestObject("ShopOpen/Hanger/HangerAvailable/Validate_HangerAvailabilityScreen", ["package":PACKAGENAME]), "Category:Hanger"): Actual text and expected text of test object 'Object Repository/ShopOpen/Hanger/HangerAvailable/Validate_HangerAvailabilityScreen' are matched.

2019-01-11 17:56:40 - [MESSAGE][PASSED] - Actual text and expected text of test object 'Object Repository/ShopOpen/Hanger/HangerAvailable/Validate_HangerAvailabilityScreen' are matched.

2019-01-11 17:56:40 - [TEST_STEP][PASSED] - com.ct.qa.keywords.CommonKeywords.findPlanogramImageView(): com.ct.qa.keywords.CommonKeywords.findPlanogramImageView is PASSED

2019-01-11 17:56:42 - [MESSAGE][WARNING] - Timeout '0' is invalid. Using default page load timeout: '5'

2019-01-11 17:56:49 - [MESSAGE][WARNING] - Object Object Repository/CommonScreenElements/InfoPopUp_OKButton not found
[[ATTACHMENT|F:\\Git Projects\\PnG_Merchandising\\PnG_Merchandising\\Reports\\PnG Merchandising With Channel Wise Data Verification\\20190111_162651\\1547211407721.png]]

2019-01-11 17:56:49 - [MESSAGE][PASSED] - com.ct.qa.keywords.CommonKeywords.findPlanogramImageView is PASSED

2019-01-11 17:56:49 - [TEST_STEP][PASSED] - verifyElementText(findTestObject("ShopOpen/Hanger/HangerAvailable/Validate_HangerAvailabilityScreen", ["package":PACKAGENAME]), "Category:Hanger"): Actual text and expected text of test object 'Object Repository/ShopOpen/Hanger/HangerAvailable/Validate_HangerAvailabilityScreen' are matched.

2019-01-11 17:56:50 - [MESSAGE][PASSED] - Actual text and expected text of test object 'Object Repository/ShopOpen/Hanger/HangerAvailable/Validate_HangerAvailabilityScreen' are matched.

2019-01-11 17:56:50 - [TEST_STEP][PASSED] - com.ct.qa.keywords.CommonKeywords.findPictureImageView(): com.ct.qa.keywords.CommonKeywords.findPictureImageView is PASSED

2019-01-11 17:56:53 - [MESSAGE][WARNING] - Timeout '0' is invalid. Using default page load timeout: '5'

2019-01-11 17:56:54 - [MESSAGE][PASSED] - Element 'Object Repository/CommonScreenElements/Validate_CameraScreen' is exist

2019-01-11 17:56:54 - [MESSAGE][WARNING] - Timeout '0' is invalid. Using default page load timeout: '5'

2019-01-11 17:56:58 - [MESSAGE][PASSED] - Tapped on element 'Object Repository/CommonScreenElements/TakePictureButton'

2019-01-11 17:57:03 - [MESSAGE][PASSED] - Delayed 5 second(s)

2019-01-11 17:57:03 - [MESSAGE][WARNING] - Timeout '0' is invalid. Using default page load timeout: '5'

2019-01-11 17:57:03 - [MESSAGE][PASSED] - Tapped on element 'Object Repository/CommonScreenElements/DoneButton'

2019-01-11 17:57:03 - [MESSAGE][PASSED] - com.ct.qa.keywords.CommonKeywords.findPictureImageView is PASSED

2019-01-11 17:57:03 - [TEST_STEP][PASSED] - verifyElementText(findTestObject("ShopOpen/Hanger/HangerAvailable/Validate_HangerAvailabilityScreen", ["package":PACKAGENAME]), "Category:Hanger"): Actual text and expected text of test object 'Object Repository/ShopOpen/Hanger/HangerAvailable/Validate_HangerAvailabilityScreen' are matched.

2019-01-11 17:57:05 - [MESSAGE][PASSED] - Actual text and expected text of test object 'Object Repository/ShopOpen/Hanger/HangerAvailable/Validate_HangerAvailabilityScreen' are matched.

2019-01-11 17:57:05 - [TEST_STEP][PASSED] - com.ct.qa.keywords.CommonKeywords.findBackButtonImageView(): com.ct.qa.keywords.CommonKeywords.findBackButtonImageView is PASSED

2019-01-11 17:57:07 - [MESSAGE][PASSED] - com.ct.qa.keywords.CommonKeywords.findBackButtonImageView is PASSED

2019-01-11 17:57:07 - [TEST_STEP][PASSED] - verifyElementText(findTestObject("ShopOpen/Hanger/Validate_HangerRemarksScreen", ["package":PACKAGENAME]), "KPI: Hanger"): Actual text and expected text of test object 'Object Repository/ShopOpen/Hanger/Validate_HangerRemarksScreen' are matched.

2019-01-11 17:57:07 - [MESSAGE][PASSED] - Actual text and expected text of test object 'Object Repository/ShopOpen/Hanger/Validate_HangerRemarksScreen' are matched.

2019-01-11 17:57:07 - [TEST_STEP][PASSED] - tap(findTestObject("ShopOpen/Hanger/Backbutton", ["package":PACKAGENAME]), 0): Tapped on element 'Object Repository/ShopOpen/Hanger/Backbutton'

2019-01-11 17:57:07 - [MESSAGE][WARNING] - Timeout '0' is invalid. Using default page load timeout: '5'

2019-01-11 17:57:08 - [MESSAGE][PASSED] - Tapped on element 'Object Repository/ShopOpen/Hanger/Backbutton'

2019-01-11 17:57:08 - [TEST_STEP][PASSED] - verifyElementText(findTestObject("ShopOpen/Hanger/Validate_HangerListScreen", ["package":PACKAGENAME]), "Hanger List"): Actual text and expected text of test object 'Object Repository/ShopOpen/Hanger/Validate_HangerListScreen' are matched.

2019-01-11 17:57:09 - [MESSAGE][PASSED] - Actual text and expected text of test object 'Object Repository/ShopOpen/Hanger/Validate_HangerListScreen' are matched.

2019-01-11 17:57:09 - [MESSAGE][PASSED] - Call Test Case 'Test Cases/ShopOpen/Hanger/HangerAvailable/VisitHangerAvailable' successfully

2019-01-11 17:57:09 - [MESSAGE][PASSED] - com.ct.qa.keywords.HangerKeywords.visitHangerListWithDataVerification is PASSED

2019-01-11 17:57:09 - [TEST_STEP][PASSED] - pressBack(): Press back button successfully

2019-01-11 17:57:09 - [MESSAGE][PASSED] - Press back button successfully

2019-01-11 17:57:09 - [TEST_STEP][PASSED] - verifyElementExist(findTestObject("ShopOpen/Validate_ShopCategoriesListScreen", ["package":PACKAGENAME]), 0): Element 'Object Repository/ShopOpen/Validate_ShopCategoriesListScreen' is exist

2019-01-11 17:57:09 - [MESSAGE][WARNING] - Timeout '0' is invalid. Using default page load timeout: '5'

2019-01-11 17:57:10 - [MESSAGE][PASSED] - Element 'Object Repository/ShopOpen/Validate_ShopCategoriesListScreen' is exist

2019-01-11 17:57:10 - [MESSAGE][PASSED] - Call Test Case 'Test Cases/ShopOpen/Hanger/HangerVisitingScenarios/VisitHangerWithDataVerification' successfully

2019-01-11 17:57:11 - [MESSAGE][PASSED] - Swiped from 0,293 to 0,200

2019-01-11 17:57:14 - [MESSAGE][PASSED] - Swiped from 0,293 to 0,200

2019-01-11 17:57:17 - [MESSAGE][PASSED] - Swiped from 0,293 to 0,200

2019-01-11 17:57:20 - [MESSAGE][PASSED] - Swiped from 0,293 to 0,200

2019-01-11 17:57:22 - [MESSAGE][PASSED] - Swiped from 0,293 to 0,200

2019-01-11 17:57:26 - [MESSAGE][PASSED] - Swiped from 0,293 to 0,200

2019-01-11 17:57:27 - [MESSAGE][PASSED] - com.ct.qa.keywords.CategoryVisitingScenariosKeywords.visitShopCategoriesWithDataVerification is PASSED

2019-01-11 17:57:27 - [MESSAGE][PASSED] - Call Test Case 'Test Cases/ShopOpen/CategoryVisitingScenarios/VisitShopCategoriesWithDataVerification' successfully

2019-01-11 17:57:27 - [TEST_CASE][PASSED] - Test Cases/ShopOpen/SaveShop: Test Cases/ShopOpen/SaveShop

2019-01-11 17:57:27 - [TEST_STEP][PASSED] - tap(findTestObject("ShopOpen/SubmitButtonToSaveShop", ["package":PACKAGENAME]), 0): Tapped on element 'Object Repository/ShopOpen/SubmitButtonToSaveShop'

2019-01-11 17:57:27 - [MESSAGE][WARNING] - Timeout '0' is invalid. Using default page load timeout: '5'

2019-01-11 17:57:28 - [MESSAGE][PASSED] - Tapped on element 'Object Repository/ShopOpen/SubmitButtonToSaveShop'

2019-01-11 17:57:28 - [TEST_STEP][PASSED] - verifyElementExist(findTestObject("CommonScreenElements/Validate_InfoPopUP", ["package":PACKAGENAME]), 0): Element 'Object Repository/CommonScreenElements/Validate_InfoPopUP' is exist

2019-01-11 17:57:28 - [MESSAGE][WARNING] - Timeout '0' is invalid. Using default page load timeout: '5'

2019-01-11 17:57:29 - [MESSAGE][PASSED] - Element 'Object Repository/CommonScreenElements/Validate_InfoPopUP' is exist

2019-01-11 17:57:29 - [TEST_STEP][PASSED] - tap(findTestObject("CommonScreenElements/InfoPopUp_YesButton", ["package":PACKAGENAME]), 0): Tapped on element 'Object Repository/CommonScreenElements/InfoPopUp_YesButton'

2019-01-11 17:57:29 - [MESSAGE][WARNING] - Timeout '0' is invalid. Using default page load timeout: '5'

2019-01-11 17:57:30 - [MESSAGE][PASSED] - Tapped on element 'Object Repository/CommonScreenElements/InfoPopUp_YesButton'

2019-01-11 17:57:30 - [TEST_STEP][PASSED] - verifyElementText(findTestObject("Validate_ShopListScreen", ["package":PACKAGENAME]), "Shops on Route"): Actual text and expected text of test object 'Object Repository/Validate_ShopListScreen' are matched.

2019-01-11 17:57:31 - [MESSAGE][PASSED] - Actual text and expected text of test object 'Object Repository/Validate_ShopListScreen' are matched.

2019-01-11 17:57:31 - [MESSAGE][PASSED] - Call Test Case 'Test Cases/ShopOpen/SaveShop' successfully

2019-01-11 17:57:31 - [MESSAGE][WARNING] - Timeout '0' is invalid. Using default page load timeout: '5'

2019-01-11 17:57:31 - [MESSAGE][PASSED] - Element 'Object Repository/Validate_ShopListScreen' is exist

2019-01-11 17:57:31 - [MESSAGE][INFO] - 

---------------------------------------------Missing Shop Data-----------------------------------------------------------------------------------------------------

<-------------------------------------------------------------------------------------------------------------------------------------->

Shop Name: Faislabadi Ghanta Ghar(HFS Medium)                          Channel: HFS Medium                                         

Visiting Scenarios:           Data Verification                                                                                   

Shop Categories:              Survey,   
above products are missing on device...



Products:

Main Category:                Gillette                                                    
Category Remark:              Availability                                                
Sub Category:                 Gillette                                                    
Products:                     Treet,   
above products are display on device not match with expected products...



Products:

Main Category:                Gillette                                                    
Category Remark:              Primary Display                                             
Sub Category:                 Gillette                                                    
Products:                     Treet,   
above products are display on device not match with expected products...



Products:

Main Category:                Hanger                                                      
Sub Category:                 Corporate Hanger                                            
Products:                     Ariel Ariel 40gm,   Ariel Ariel 90gm,   
above products are display on device not match with expected products...



<-------------------------------------------------------------------------------------------------------------------------------------->



2019-01-11 17:57:31 - [MESSAGE][INFO] - 

Shop Name: HAFIZ GEN STORE(HFS Large)                                  Channel: HFS Large                                          

Visiting Scenarios:           Data Verification                                                                                   

Shop Categories:              Survey,   
above products are missing on device...



Products:

Main Category:                Gillette                                                    
Category Remark:              Availability                                                
Sub Category:                 Gillette                                                    
Products:                     Treet,   
above products are display on device not match with expected products...



Products:

Main Category:                Gillette                                                    
Category Remark:              Primary Display                                             
Sub Category:                 Gillette                                                    
Products:                     Treet,   
above products are display on device not match with expected products...



Products:

Main Category:                Hanger                                                      
Sub Category:                 Corporate Hanger                                            
Products:                     Ariel Ariel 40gm,   Ariel Ariel 90gm,   
above products are display on device not match with expected products...



<-------------------------------------------------------------------------------------------------------------------------------------->



2019-01-11 17:57:31 - [MESSAGE][INFO] - 


---------------------------------------------Visited Shop Data-----------------------------------------------------------------------------------------------------

<-------------------------------------------------------------------------------------------------------------------------------------->

Shop Name: Faislabadi Ghanta Ghar(HFS Medium)                          Channel: HFS Medium                                         

Shop Visiting Scenarios:                Shop Open                                                                                           

Other Categories Visiting Scenarios:    'Retailer Remarks' with 'SM not visiting' remark                                                    

Main Category:                HotSpot                                                     
        HotSpot Remark With Type:     Hotspot Available with 5 Shelfs hotspot type                

        Products                                          Facing                        Overwrite Facing              
        Always Thicks Maxi Long VP                        103                           null                          
        Always Ultra Extra Long                           109                           null                          
        Always Maxi Thicks Extra Long                     111                           null                          
        Always Maxi Thicks Long                           112                           null                          
        Always Thicks Maxi Extra Long VP                  113                           null                          
        Always Ultra Long                                 118                           null                          
        Ariel Ariel 2kg                                   95                            null                          
        Ariel Ariel 1kg                                   96                            null                          
        Ariel Ariel 500g                                  114                           null                          
        H&S Classic Clean 80ml                            119                           null                          
        H&S Silky Black 80ml                              120                           null                          
        H&S Classic Clean   400ml                         78                            null                          
        H&S Classic Clean   200ml                         79                            null                          
        H&S Silky Black 200ml                             80                            null                          
        H&S Silky Black 400ml                             81                            null                          
        H&S Anti Hair Fall 400ml                          82                            null                          
        H&S Anti Hair Fall 200ml                          83                            null                          
        H&S Moisturizing Scalp care 200ml                 84                            null                          
        H&S Moisturizing Scalp care 400ml                 85                            null                          
        H&S Refreshing 200ml                              86                            null                          
        H&S Lively & Silky 200ml                          87                            null                          
        Pampers Mini ML JP (2)                            102                           null                          
        Pampers New Born ML JP (1)                        108                           null                          
        Pampers Midi Pants JP (3)                         115                           null                          
        Pampers Maxi Pants JP (4)                         116                           null                          
        Pampers Junior Pants JP (5)                       117                           null                          
        Pantene Anti Dandruff 200ml                       121                           null                          
        Pantene Smooth & Strong 200ml                     88                            null                          
        Pantene Smooth & Strong 400ml                     89                            null                          
        Pantene Milky Extra Treatment 200ml               90                            null                          
        Pantene Milky Extra Treatment 400ml               91                            null                          
        Pantene Anti Hair fall  200ml                     92                            null                          
        Pantene Anti Hairfall 400ml                       93                            null                          
        Pantene Deep Black 200ml                          94                            null                          
        Pantene Smooth & Strong 80ml                      110                           null                          
        Safeguard Pure White 110gm                        97                            null                          
        Safeguard Floral Scent 110gm                      98                            null                          
        Safeguard Lemon Fresh 110gm                       99                            null                          
        Safeguard Pure White 145gm                        100                           null                          
        Safeguard Lemon Fresh 145gm                       101                           null                          
        Safeguard Floral Scent 145gm                      104                           null                          
        Safeguard LHW Pure White 225ml                    105                           null                          
        Safeguard Pure White 145gmx 3                     106                           null                          
        Safeguard Pure White 110gmx 3                     107                           null                          


                                ----------------------------------------------------------------------------------------------------                                


Main Category:                Diapers                                                     

        Category Remark:              Availability                                                
        Sub Category:                 Pampers                                                     
        Remark:                       Yes                                                         


        Category Remark               Primary Display                                             
        Sub Remark                    Display Space Available                                     
        Sub Category:                 Pampers                                                     
        Products                                          Display Space Available                 Overwrite Display Space Available       
        Mini ML JP (2)                                    232                                     null                                    
        Mini ML MP (2)                                    233                                     null                                    
        Midi ML JP (3)                                    236                                     null                                    
        Midi ML MP (3)                                    237                                     null                                    
        Midi Pants JP (3)                                 238                                     null                                    
        Midi Pants MP (3)                                 239                                     null                                    
        Maxi ML JP (4)                                    243                                     null                                    
        Maxi ML MP (4)                                    244                                     null                                    
        Maxi Pants JP (4)                                 245                                     null                                    
        Maxi Pants MP (4)                                 246                                     null                                    
        Junior ML JP (5)                                  250                                     null                                    
        Junior ML MP (5)                                  251                                     null                                    
        P&G Others                                        298                                     null                                    
        Mini ML VP (2)                                    230                                     null                                    
        Mini ML CP (2)                                    231                                     null                                    
        Midi ML VP (3)                                    234                                     null                                    
        Midi ML CP (3)                                    235                                     null                                    
        Medi Pants CP (3)                                 240                                     null                                    
        Maxi ML VP (4)                                    241                                     null                                    
        Maxi ML CP (4)                                    242                                     null                                    
        Maxi Pants CP (4)                                 247                                     null                                    
        Junior ML VP (5)                                  248                                     null                                    
        Junior ML CP (5)                                  249                                     null                                    
        Junior Pants JP (5)                               252                                     null                                    
        Junior Pants MP (5)                               253                                     null                                    
        Junior Pants CP (5)                               254                                     null                                    
        Canbebe                                           273                                     null                                    
        Baby Master                                       274                                     null                                    
        P&G imported                                      288                                     null                                    
        Others                                            293                                     null                                    
        Molfix                                            312                                     null                                    


        Category Remark               Secondary Display                                           
        Sub Remark                    Available                                                   
        Unit1                                                       
        Display Unit Need Maintenance with Broken Header            
        Unit2                                                       
        Shopkeeper did not allow with Return                        
        Unit3                                                       
        Shopkeeper did not allow with Return                        
        Unit4                                                       
        Display Unit is in perfect condition with                   

                                ----------------------------------------------------------------------------------------------------                                


Main Category:                Gillette                                                    

        Category Remark:              Availability                                                
        Sub Category:                 Gillette                                                    
        Remark:                       Yes                                                         


        Category Remark               Primary Display                                             
        Sub Remark                    Display Space Available                                     
        Sub Category:                 Gillette                                                    
        Products                                          Display Space Available                 Overwrite Display Space Available       
        7 O'clock Sharp Edge HRDC                         255                                     null                                    
        Blue II Plus HRDC                                 258                                     null                                    
        Blue 3 HRDC (Regular)                             259                                     null                                    
        P&G Others                                        299                                     null                                    
        Blue II HRDC                                      257                                     null                                    
        Gillette 2 HRDC                                   256                                     null                                    
        Treet                                             0000                                    null                                    
        Shick                                             276                                     null                                    
        Others Razors                                     313                                     null                                    
        Others Foams                                      314                                     null                                    
        P&G imported Razors                               315                                     null                                    
        P&G imported Foams                                316                                     null                                    


        Category Remark               Secondary Display                                           
        Sub Remark                    Available                                                   
        Unit1                                                       
        Display Unit Need Maintenance with Broken Header            
        Unit2                                                       
        Shopkeeper did not allow with Return                        
        Unit3                                                       
        Shopkeeper did not allow with Return                        
        Unit4                                                       
        Display Unit is in perfect condition with                   

                                ----------------------------------------------------------------------------------------------------                                


Main Category:                Pantene                                                     

        Category Remark:              Availability                                                
        Sub Category:                 Pantene                                                     
        Remark:                       Yes                                                         


        Category Remark               Primary Display                                             
        Sub Remark                    Display Space Available                                     
        Sub Category:                 Pantene                                                     
        Products                                          Display Space Available                 Overwrite Display Space Available       
        Smooth & Strong 80ml                              317                                     null                                    
        Smooth & Strong 200ml                             318                                     null                                    
        Milky Extra Treatment 200ml                       319                                     null                                    
        Smooth & Strong 400ml                             322                                     null                                    
        P&G Others                                        329                                     null                                    
        Anti Hair fall  200ml                             320                                     null                                    
        Deep Black 200ml                                  321                                     null                                    
        Dove                                              323                                     null                                    
        Clear                                             324                                     null                                    
        Lifbouy                                           325                                     null                                    
        Sunsilk                                           326                                     null                                    
        P&G imported                                      327                                     null                                    
        Others                                            328                                     null                                    


        Category Remark               Secondary Display                                           
        Sub Remark                    Available                                                   
        Unit1                                                       
        Display Unit Need Maintenance with Broken Header            
        Unit2                                                       
        Shopkeeper did not allow with Return                        
        Unit3                                                       
        Shopkeeper did not allow with Return                        
        Unit4                                                       
        Display Unit is in perfect condition with                   

                                ----------------------------------------------------------------------------------------------------                                


Main Category:                Feminine Care                                               

        Category Remark:              Availability                                                
        Sub Category:                 Always                                                      
        Remark:                       Yes                                                         


        Category Remark               Primary Display                                             
        Sub Remark                    Display Space Available                                     
        Sub Category:                 Always                                                      
        Products                                          Display Space Available                 Overwrite Display Space Available       
        Ultra Extra Long                                  260                                     null                                    
        Maxi Thicks Long                                  261                                     null                                    
        Maxi Thicks Extra Long                            262                                     null                                    
        P&G Others                                        300                                     null                                    
        Trust                                             277                                     null                                    
        P&G imported                                      289                                     null                                    
        Others                                            294                                     null                                    
        Butterfly                                         304                                     null                                    


        Category Remark               Secondary Display                                           
        Sub Remark                    Available                                                   
        Unit1                                                       
        Display Unit Need Maintenance with Broken Header            
        Unit2                                                       
        Shopkeeper did not allow with Return                        
        Unit3                                                       
        Shopkeeper did not allow with Return                        
        Unit4                                                       
        Display Unit is in perfect condition with                   

                                ----------------------------------------------------------------------------------------------------                                


Main Category:                Laundry                                                     

        Category Remark:              Availability                                                
        Sub Category:                 Ariel                                                       
        Remark:                       Yes                                                         


        Category Remark               Primary Display                                             
        Sub Remark                    Display Space Available                                     
        Sub Category:                 Ariel                                                       
        Products                                          Display Space Available                 Overwrite Display Space Available       
        Ariel 500g                                        263                                     null                                    
        Ariel 1kg                                         265                                     null                                    
        P&G Others                                        301                                     null                                    
        Ariel 1kg Downy                                   266                                     null                                    
        Ariel 500g Downy                                  264                                     null                                    
        Surf Excel                                        278                                     null                                    
        Brite                                             279                                     null                                    
        P&G imported                                      290                                     null                                    
        Others                                            295                                     null                                    


        Category Remark               Secondary Display                                           
        Sub Remark                    Available                                                   
        Unit1                                                       
        Display Unit Need Maintenance with Broken Header            
        Unit2                                                       
        Shopkeeper did not allow with Return                        
        Unit3                                                       
        Shopkeeper did not allow with Return                        
        Unit4                                                       
        Display Unit is in perfect condition with                   

                                ----------------------------------------------------------------------------------------------------                                


Main Category:                H&S                                                         

        Category Remark:              Availability                                                
        Sub Category:                 H&S                                                         
        Remark:                       Yes                                                         


        Category Remark               Primary Display                                             
        Sub Remark                    Display Space Available                                     
        Sub Category:                 H&S                                                         
        Products                                          Display Space Available                 Overwrite Display Space Available       
        Classic Clean 80ml                                267                                     null                                    
        Classic Clean   200ml                             269                                     null                                    
        Silky Black 200ml                                 270                                     null                                    
        Anti Hair Fall 200ml                              271                                     null                                    
        Classic Clean   400ml                             272                                     null                                    
        P&G Others                                        302                                     null                                    
        Silky Black 80ml                                  268                                     null                                    
        Lifbouy                                           280                                     null                                    
        Sunsilk                                           281                                     null                                    
        Dove                                              286                                     null                                    
        Clear                                             287                                     null                                    
        P&G imported                                      291                                     null                                    
        Others                                            296                                     null                                    


        Category Remark               Secondary Display                                           
        Sub Remark                    Available                                                   
        Unit1                                                       
        Display Unit Need Maintenance with Broken Header            
        Unit2                                                       
        Shopkeeper did not allow with Return                        
        Unit3                                                       
        Shopkeeper did not allow with Return                        
        Unit4                                                       
        Display Unit is in perfect condition with                   

                                ----------------------------------------------------------------------------------------------------                                


Main Category:                Personal Care & Cleansing                                   

        Category Remark:              Availability                                                
        Sub Category:                 Safeguard                                                   
        Remark:                       Yes                                                         


        Category Remark               Primary Display                                             
        Sub Remark                    Display Space Available                                     
        Sub Category:                 Safeguard                                                   
        Products                                          Display Space Available                 Overwrite Display Space Available       
        P&G Others                                        303                                     null                                    
        Pure White 100gm                                  307                                     null                                    
        Lemon Fresh 100gm                                 308                                     null                                    
        Floral Scent 100gm                                309                                     null                                    
        Pure White 145gm                                  310                                     null                                    
        Pure White 145gmx 3                               311                                     null                                    
        Lifebouy Soap                                     282                                     null                                    
        Dove Soap                                         283                                     null                                    
        Lux                                               284                                     null                                    
        Dettol                                            285                                     null                                    
        P&G imported                                      292                                     null                                    
        Others                                            297                                     null                                    
        Palmolive                                         305                                     null                                    
        Capri                                             306                                     null                                    


        Category Remark               Secondary Display                                           
        Sub Remark                    Available                                                   
        Unit1                                                       
        Display Unit Need Maintenance with Broken Header            
        Unit2                                                       
        Shopkeeper did not allow with Return                        
        Unit3                                                       
        Shopkeeper did not allow with Return                        
        Unit4                                                       
        Display Unit is in perfect condition with                   

                                ----------------------------------------------------------------------------------------------------                                


Main Category:                Hanger                                                      

        Sub Category:                 Corporate Hanger                                            
        Remark:                       Hanger Available                                            
        Products                                          Availability                  Overwrite Availability        
        Ariel Ariel 40gm                                  0000                          null                          
        Ariel Ariel 90gm                                  0000                          null                          
        H&S Classic Clean   5ml                           2820                          null                          
        H&S Silky Black 5ml                               2821                          null                          
        Pantene Smooth & Strong 5ml - Sachet              2824                          null                          


                                ----------------------------------------------------------------------------------------------------                                


<-------------------------------------------------------------------------------------------------------------------------------------->



2019-01-11 17:57:31 - [MESSAGE][INFO] - 

Shop Name: HAFIZ GEN STORE(HFS Large)                                  Channel: HFS Large                                          

Shop Visiting Scenarios:                Shop Open                                                                                           

Other Categories Visiting Scenarios:    'Retailer Remarks' with 'SM not visiting' remark                                                    

Main Category:                HotSpot                                                     
        HotSpot Remark With Type:     Hotspot Available with 4 Shelfs hotspot type                

        Products                                          Facing                        Overwrite Facing              
        Always Thicks Maxi Long VP                        66                            null                          
        Always Ultra Extra Long                           68                            null                          
        Always Maxi Thicks Long                           69                            null                          
        Always Maxi Thicks Extra Long                     70                            null                          
        Always Thicks Maxi Extra Long VP                  71                            null                          
        Always Ultra Long                                 76                            null                          
        Ariel Ariel 2kg                                   54                            null                          
        Ariel Ariel 1kg                                   55                            null                          
        Ariel Ariel 500g                                  73                            null                          
        H&S Classic Clean 80ml                            77                            null                          
        H&S Classic Clean   400ml                         39                            null                          
        H&S Classic Clean   200ml                         40                            null                          
        H&S Silky Black 200ml                             41                            null                          
        H&S Silky Black 400ml                             42                            null                          
        H&S Anti Hair Fall 200ml                          43                            null                          
        H&S Moisturizing Scalp care 200ml                 44                            null                          
        H&S Refreshing 200ml                              45                            null                          
        H&S Lively & Silky 200ml                          46                            null                          
        Pampers Mini ML JP (2)                            65                            null                          
        Pampers New Born ML JP (1)                        67                            null                          
        Pampers Midi Pants JP (3)                         74                            null                          
        Pampers Maxi Pants JP (4)                         75                            null                          
        Pantene Smooth & Strong 200ml                     47                            null                          
        Pantene Smooth & Strong 400ml                     48                            null                          
        Pantene Milky Extra Treatment 200ml               49                            null                          
        Pantene Milky Extra Treatment 400ml               50                            null                          
        Pantene Anti Hair fall  200ml                     51                            null                          
        Pantene Anti Hairfall 400ml                       52                            null                          
        Pantene Deep Black 200ml                          53                            null                          
        Pantene Smooth & Strong 80ml                      72                            null                          
        Safeguard LHW Pure White 225ml                    56                            null                          
        Safeguard Pure White 110gmx 3                     57                            null                          
        Safeguard Pure White 145gmx 3                     58                            null                          
        Safeguard Pure White 145gm                        59                            null                          
        Safeguard Lemon Fresh 145gm                       60                            null                          
        Safeguard Floral Scent 145gm                      61                            null                          
        Safeguard Pure White 110gm                        62                            null                          
        Safeguard Lemon Fresh 110gm                       63                            null                          
        Safeguard Floral Scent 110gm                      64                            null                          


                                ----------------------------------------------------------------------------------------------------                                


Main Category:                Diapers                                                     

        Category Remark:              Availability                                                
        Sub Category:                 Pampers                                                     
        Remark:                       Yes                                                         


        Category Remark               Primary Display                                             
        Sub Remark                    Display Space Available                                     
        Sub Category:                 Pampers                                                     
        Products                                          Display Space Available                 Overwrite Display Space Available       
        New Born ML VP (1)                                107                                     null                                    
        New Born ML JP (1)                                108                                     null                                    
        Mini ML JP (2)                                    111                                     null                                    
        Mini ML MP (2)                                    112                                     null                                    
        Midi ML JP (3)                                    115                                     null                                    
        Midi ML MP (3)                                    116                                     null                                    
        Midi Pants JP (3)                                 117                                     null                                    
        Midi Pants MP (3)                                 118                                     null                                    
        Maxi ML JP (4)                                    122                                     null                                    
        Maxi ML MP (4)                                    123                                     null                                    
        Maxi Pants JP (4)                                 124                                     null                                    
        Maxi Pants MP (4)                                 125                                     null                                    
        Junior ML JP (5)                                  129                                     null                                    
        Junior ML MP (5)                                  130                                     null                                    
        Junior Pants JP (5)                               131                                     null                                    
        Junior Pants MP (5)                               132                                     null                                    
        P&G Others                                        191                                     null                                    
        Mini ML CP (2)                                    110                                     null                                    
        Midi ML VP (3)                                    113                                     null                                    
        Mini ML VP (2)                                    109                                     null                                    
        Midi ML CP (3)                                    114                                     null                                    
        Medi Pants CP (3)                                 119                                     null                                    
        Maxi ML VP (4)                                    120                                     null                                    
        Maxi ML CP (4)                                    121                                     null                                    
        Maxi Pants CP (4)                                 126                                     null                                    
        Junior ML VP (5)                                  127                                     null                                    
        Junior ML CP (5)                                  128                                     null                                    
        Junior Pants CP (5)                               133                                     null                                    
        XXL Pants JP (6)                                  134                                     null                                    
        XXL Pants MP (6)                                  135                                     null                                    
        Canbebe                                           166                                     null                                    
        Baby Master                                       167                                     null                                    
        P&G imported                                      181                                     null                                    
        Others                                            186                                     null                                    
        Molfix                                            208                                     null                                    


        Category Remark               Secondary Display                                           
        Sub Remark                    Available                                                   
        Unit1                                                       
        Display Unit Need Maintenance with Broken Header            
        Unit2                                                       
        Shopkeeper did not allow with Return                        
        Unit3                                                       
        Shopkeeper did not allow with Return                        
        Unit4                                                       
        Display Unit is in perfect condition with                   

                                ----------------------------------------------------------------------------------------------------                                


Main Category:                Gillette                                                    

        Category Remark:              Availability                                                
        Sub Category:                 Gillette                                                    
        Remark:                       Yes                                                         


        Category Remark               Primary Display                                             
        Sub Remark                    Display Space Available                                     
        Sub Category:                 Gillette                                                    
        Products                                          Display Space Available                 Overwrite Display Space Available       
        Blue II HRDC                                      138                                     null                                    
        Blue II Plus HRDC                                 139                                     null                                    
        Blue 3 HRDC (Regular)                             140                                     null                                    
        Mach 3 Razor 1up (Hercules)                       141                                     null                                    
        Mach 3 Carts 2s (Hercules)                        142                                     null                                    
        Mach 3 Carts 4s (Hercules)                        143                                     null                                    
        P&G Others                                        192                                     null                                    
        7 O'clock Sharp Edge HRDC                         136                                     null                                    
        Gillette 2 HRDC                                   137                                     null                                    
        Treet                                             0000                                    null                                    
        Shick                                             169                                     null                                    
        Others Razors                                     209                                     null                                    
        Others Foams                                      210                                     null                                    
        P&G imported Razors                               211                                     null                                    
        P&G imported Foams                                212                                     null                                    


        Category Remark               Secondary Display                                           
        Sub Remark                    Available                                                   
        Unit1                                                       
        Display Unit Need Maintenance with Broken Header            
        Unit2                                                       
        Shopkeeper did not allow with Return                        
        Unit3                                                       
        Shopkeeper did not allow with Return                        
        Unit4                                                       
        Display Unit is in perfect condition with                   

                                ----------------------------------------------------------------------------------------------------                                


Main Category:                Pantene                                                     

        Category Remark:              Availability                                                
        Sub Category:                 Pantene                                                     
        Remark:                       Yes                                                         


        Category Remark               Primary Display                                             
        Sub Remark                    Display Space Available                                     
        Sub Category:                 Pantene                                                     
        Products                                          Display Space Available                 Overwrite Display Space Available       
        Smooth & Strong 80ml                              213                                     null                                    
        Smooth & Strong 200ml                             214                                     null                                    
        Milky Extra Treatment 200ml                       215                                     null                                    
        Anti Hair fall  200ml                             216                                     null                                    
        Deep Black 200ml                                  217                                     null                                    
        Smooth & Strong 400ml                             218                                     null                                    
        Milky Extra Treatment 400ml                       219                                     null                                    
        Anti Hairfall 400ml                               220                                     null                                    
        Smooth &  Strong Cond ROC 200ml                   222                                     null                                    
        P&G Others                                        229                                     null                                    
        Deep Black 400ml                                  221                                     null                                    
        Dove                                              223                                     null                                    
        Clear                                             224                                     null                                    
        Lifbouy                                           225                                     null                                    
        Sunsilk                                           226                                     null                                    
        P&G imported                                      227                                     null                                    
        Others                                            228                                     null                                    


        Category Remark               Secondary Display                                           
        Sub Remark                    Available                                                   
        Unit1                                                       
        Display Unit Need Maintenance with Broken Header            
        Unit2                                                       
        Shopkeeper did not allow with Return                        
        Unit3                                                       
        Shopkeeper did not allow with Return                        
        Unit4                                                       
        Display Unit is in perfect condition with                   

                                ----------------------------------------------------------------------------------------------------                                


Main Category:                Feminine Care                                               

        Category Remark:              Availability                                                
        Sub Category:                 Always                                                      
        Remark:                       Yes                                                         


        Category Remark               Primary Display                                             
        Sub Remark                    Display Space Available                                     
        Sub Category:                 Always                                                      
        Products                                          Display Space Available                 Overwrite Display Space Available       
        Ultra Extra Long                                  144                                     null                                    
        Maxi Thicks Long                                  145                                     null                                    
        Maxi Thicks Extra Long                            146                                     null                                    
        Thicks Maxi Long VP                               147                                     null                                    
        Thicks Maxi Extra Long VP                         148                                     null                                    
        P&G Others                                        193                                     null                                    
        Trust                                             170                                     null                                    
        P&G imported                                      182                                     null                                    
        Others                                            187                                     null                                    
        Butterfly                                         197                                     null                                    


        Category Remark               Secondary Display                                           
        Sub Remark                    Available                                                   
        Unit1                                                       
        Display Unit Need Maintenance with Broken Header            
        Unit2                                                       
        Shopkeeper did not allow with Return                        
        Unit3                                                       
        Shopkeeper did not allow with Return                        
        Unit4                                                       
        Display Unit is in perfect condition with                   

                                ----------------------------------------------------------------------------------------------------                                


Main Category:                Laundry                                                     

        Category Remark:              Availability                                                
        Sub Category:                 Ariel                                                       
        Remark:                       Yes                                                         


        Category Remark               Primary Display                                             
        Sub Remark                    Display Space Available                                     
        Sub Category:                 Ariel                                                       
        Products                                          Display Space Available                 Overwrite Display Space Available       
        Ariel 500g                                        149                                     null                                    
        Ariel 1kg                                         151                                     null                                    
        P&G Others                                        194                                     null                                    
        Ariel 1kg Downy                                   152                                     null                                    
        Ariel 500g Downy                                  150                                     null                                    
        Surf Excel                                        171                                     null                                    
        Brite                                             172                                     null                                    
        P&G imported                                      183                                     null                                    
        Others                                            188                                     null                                    


        Category Remark               Secondary Display                                           
        Sub Remark                    Available                                                   
        Unit1                                                       
        Display Unit Need Maintenance with Broken Header            
        Unit2                                                       
        Shopkeeper did not allow with Return                        
        Unit3                                                       
        Shopkeeper did not allow with Return                        
        Unit4                                                       
        Display Unit is in perfect condition with                   

                                ----------------------------------------------------------------------------------------------------                                


Main Category:                H&S                                                         

        Category Remark:              Availability                                                
        Sub Category:                 H&S                                                         
        Remark:                       Yes                                                         


        Category Remark               Primary Display                                             
        Sub Remark                    Display Space Available                                     
        Sub Category:                 H&S                                                         
        Products                                          Display Space Available                 Overwrite Display Space Available       
        Classic Clean   200ml                             154                                     null                                    
        Silky Black 200ml                                 155                                     null                                    
        Anti Hair Fall 200ml                              156                                     null                                    
        Lively & Silky 200ml                              157                                     null                                    
        Refreshing 200ml                                  158                                     null                                    
        Moisturizing Scalp care 200ml                     159                                     null                                    
        Classic Clean   400ml                             160                                     null                                    
        Silky Black 400ml                                 161                                     null                                    
        Anti Hair Fall 400ml                              162                                     null                                    
        Refreshing 400ml                                  163                                     null                                    
        Moisturizing Scalp care 400ml                     164                                     null                                    
        Classic Clean   700ml                             165                                     null                                    
        P&G Others                                        195                                     null                                    
        Classic Clean 80ml                                153                                     null                                    
        Lifbouy                                           173                                     null                                    
        Sunsilk                                           174                                     null                                    
        Dove                                              179                                     null                                    
        Clear                                             180                                     null                                    
        P&G imported                                      184                                     null                                    
        Others                                            189                                     null                                    


        Category Remark               Secondary Display                                           
        Sub Remark                    Available                                                   
        Unit1                                                       
        Display Unit Need Maintenance with Broken Header            
        Unit2                                                       
        Shopkeeper did not allow with Return                        
        Unit3                                                       
        Shopkeeper did not allow with Return                        
        Unit4                                                       
        Display Unit is in perfect condition with                   

                                ----------------------------------------------------------------------------------------------------                                


Main Category:                Personal Care & Cleansing                                   

        Category Remark:              Availability                                                
        Sub Category:                 Safeguard                                                   
        Remark:                       Yes                                                         


        Category Remark               Primary Display                                             
        Sub Remark                    Display Space Available                                     
        Sub Category:                 Safeguard                                                   
        Products                                          Display Space Available                 Overwrite Display Space Available       
        P&G Others                                        196                                     null                                    
        Pure White 100gm                                  200                                     null                                    
        Lemon Fresh 100gm                                 201                                     null                                    
        Floral Scent 100gm                                202                                     null                                    
        Pure White 100gmx 3                               203                                     null                                    
        Pure White 145gm                                  204                                     null                                    
        Lemon Fresh 145gm                                 205                                     null                                    
        Floral Scent 145gm                                206                                     null                                    
        Pure White 145gmx 3                               207                                     null                                    
        Lifebouy Soap                                     175                                     null                                    
        Dove Soap                                         176                                     null                                    
        Lux                                               177                                     null                                    
        Dettol                                            178                                     null                                    
        P&G imported                                      185                                     null                                    
        Others                                            190                                     null                                    
        Palmolive                                         198                                     null                                    
        Capri                                             199                                     null                                    


        Category Remark               Secondary Display                                           
        Sub Remark                    Available                                                   
        Unit1                                                       
        Display Unit Need Maintenance with Broken Header            
        Unit2                                                       
        Shopkeeper did not allow with Return                        
        Unit3                                                       
        Shopkeeper did not allow with Return                        
        Unit4                                                       
        Display Unit is in perfect condition with                   

                                ----------------------------------------------------------------------------------------------------                                


Main Category:                Hanger                                                      

        Sub Category:                 Corporate Hanger                                            
        Remark:                       Hanger Available                                            
        Products                                          Availability                  Overwrite Availability        
        Ariel Ariel 40gm                                  0000                          null                          
        Ariel Ariel 90gm                                  0000                          null                          
        H&S Classic Clean   5ml                           2815                          null                          
        H&S Silky Black 5ml                               2816                          null                          
        Pantene Smooth & Strong 5ml - Sachet              2819                          null                          


                                ----------------------------------------------------------------------------------------------------                                


<-------------------------------------------------------------------------------------------------------------------------------------->



2019-01-11 17:57:31 - [MESSAGE][PASSED] - com.ct.qa.keywords.ShopVisitingScenariosKeywords.visitShopWithDataVerification is PASSED]]></system-out>
         <system-err><![CDATA[]]></system-err>
      </testcase>
      <system-out><![CDATA[2019-01-11 16:26:54 - [TEST_SUITE][PASSED] - PnG Merchandising With Channel Wise Data Verification: Test Cases/VisitShopScenarios/VisitShopsWithChannelWiseDataVerification]]></system-out>
      <system-err><![CDATA[]]></system-err>
   </testsuite>
</testsuites>
